[2024-07-07T14:04:15.006-0300] {processor.py:161} INFO - Started process (PID=2977) to work on /home/johnny/airflow_env/lib/python3.12/site-packages/airflow/example_dags/subdags/subdag.py
[2024-07-07T14:04:15.008-0300] {processor.py:830} INFO - Processing file /home/johnny/airflow_env/lib/python3.12/site-packages/airflow/example_dags/subdags/subdag.py for tasks to queue
[2024-07-07T14:04:15.010-0300] {logging_mixin.py:188} INFO - [2024-07-07T14:04:15.010-0300] {dagbag.py:545} INFO - Filling up the DagBag from /home/johnny/airflow_env/lib/python3.12/site-packages/airflow/example_dags/subdags/subdag.py
[2024-07-07T14:04:15.014-0300] {processor.py:842} WARNING - No viable dags retrieved from /home/johnny/airflow_env/lib/python3.12/site-packages/airflow/example_dags/subdags/subdag.py
[2024-07-07T14:04:15.034-0300] {processor.py:183} INFO - Processing /home/johnny/airflow_env/lib/python3.12/site-packages/airflow/example_dags/subdags/subdag.py took 0.038 seconds
[2024-07-07T14:05:24.945-0300] {processor.py:161} INFO - Started process (PID=3028) to work on /home/johnny/airflow_env/lib/python3.12/site-packages/airflow/example_dags/subdags/subdag.py
[2024-07-07T14:05:24.947-0300] {processor.py:830} INFO - Processing file /home/johnny/airflow_env/lib/python3.12/site-packages/airflow/example_dags/subdags/subdag.py for tasks to queue
[2024-07-07T14:05:24.951-0300] {logging_mixin.py:188} INFO - [2024-07-07T14:05:24.950-0300] {dagbag.py:545} INFO - Filling up the DagBag from /home/johnny/airflow_env/lib/python3.12/site-packages/airflow/example_dags/subdags/subdag.py
[2024-07-07T14:05:24.955-0300] {processor.py:842} WARNING - No viable dags retrieved from /home/johnny/airflow_env/lib/python3.12/site-packages/airflow/example_dags/subdags/subdag.py
[2024-07-07T14:05:24.976-0300] {processor.py:183} INFO - Processing /home/johnny/airflow_env/lib/python3.12/site-packages/airflow/example_dags/subdags/subdag.py took 0.043 seconds
[2024-07-07T14:05:56.675-0300] {processor.py:161} INFO - Started process (PID=3058) to work on /home/johnny/airflow_env/lib/python3.12/site-packages/airflow/example_dags/subdags/subdag.py
[2024-07-07T14:05:56.677-0300] {processor.py:830} INFO - Processing file /home/johnny/airflow_env/lib/python3.12/site-packages/airflow/example_dags/subdags/subdag.py for tasks to queue
[2024-07-07T14:05:56.680-0300] {logging_mixin.py:188} INFO - [2024-07-07T14:05:56.679-0300] {dagbag.py:545} INFO - Filling up the DagBag from /home/johnny/airflow_env/lib/python3.12/site-packages/airflow/example_dags/subdags/subdag.py
[2024-07-07T14:05:56.684-0300] {processor.py:842} WARNING - No viable dags retrieved from /home/johnny/airflow_env/lib/python3.12/site-packages/airflow/example_dags/subdags/subdag.py
[2024-07-07T14:05:56.705-0300] {processor.py:183} INFO - Processing /home/johnny/airflow_env/lib/python3.12/site-packages/airflow/example_dags/subdags/subdag.py took 0.041 seconds
[2024-07-07T14:06:52.803-0300] {processor.py:161} INFO - Started process (PID=3107) to work on /home/johnny/airflow_env/lib/python3.12/site-packages/airflow/example_dags/subdags/subdag.py
[2024-07-07T14:06:52.806-0300] {processor.py:830} INFO - Processing file /home/johnny/airflow_env/lib/python3.12/site-packages/airflow/example_dags/subdags/subdag.py for tasks to queue
[2024-07-07T14:06:52.811-0300] {logging_mixin.py:188} INFO - [2024-07-07T14:06:52.810-0300] {dagbag.py:545} INFO - Filling up the DagBag from /home/johnny/airflow_env/lib/python3.12/site-packages/airflow/example_dags/subdags/subdag.py
[2024-07-07T14:06:52.817-0300] {processor.py:842} WARNING - No viable dags retrieved from /home/johnny/airflow_env/lib/python3.12/site-packages/airflow/example_dags/subdags/subdag.py
[2024-07-07T14:06:52.845-0300] {processor.py:183} INFO - Processing /home/johnny/airflow_env/lib/python3.12/site-packages/airflow/example_dags/subdags/subdag.py took 0.056 seconds
[2024-07-07T14:07:49.343-0300] {processor.py:161} INFO - Started process (PID=3157) to work on /home/johnny/airflow_env/lib/python3.12/site-packages/airflow/example_dags/subdags/subdag.py
[2024-07-07T14:07:49.346-0300] {processor.py:830} INFO - Processing file /home/johnny/airflow_env/lib/python3.12/site-packages/airflow/example_dags/subdags/subdag.py for tasks to queue
[2024-07-07T14:07:49.350-0300] {logging_mixin.py:188} INFO - [2024-07-07T14:07:49.349-0300] {dagbag.py:545} INFO - Filling up the DagBag from /home/johnny/airflow_env/lib/python3.12/site-packages/airflow/example_dags/subdags/subdag.py
[2024-07-07T14:07:49.355-0300] {processor.py:842} WARNING - No viable dags retrieved from /home/johnny/airflow_env/lib/python3.12/site-packages/airflow/example_dags/subdags/subdag.py
[2024-07-07T14:07:49.384-0300] {processor.py:183} INFO - Processing /home/johnny/airflow_env/lib/python3.12/site-packages/airflow/example_dags/subdags/subdag.py took 0.052 seconds
[2024-07-07T19:44:58.573-0300] {processor.py:161} INFO - Started process (PID=35186) to work on /home/johnny/airflow/lib/python3.12/site-packages/airflow/example_dags/subdags/subdag.py
[2024-07-07T19:44:58.578-0300] {processor.py:830} INFO - Processing file /home/johnny/airflow/lib/python3.12/site-packages/airflow/example_dags/subdags/subdag.py for tasks to queue
[2024-07-07T19:44:58.585-0300] {logging_mixin.py:188} INFO - [2024-07-07T19:44:58.583-0300] {dagbag.py:545} INFO - Filling up the DagBag from /home/johnny/airflow/lib/python3.12/site-packages/airflow/example_dags/subdags/subdag.py
[2024-07-07T19:44:58.590-0300] {processor.py:842} WARNING - No viable dags retrieved from /home/johnny/airflow/lib/python3.12/site-packages/airflow/example_dags/subdags/subdag.py
[2024-07-07T19:44:58.610-0300] {processor.py:183} INFO - Processing /home/johnny/airflow/lib/python3.12/site-packages/airflow/example_dags/subdags/subdag.py took 0.054 seconds
[2024-07-07T19:46:15.233-0300] {processor.py:161} INFO - Started process (PID=35363) to work on /home/johnny/airflow/lib/python3.12/site-packages/airflow/example_dags/subdags/subdag.py
[2024-07-07T19:46:15.239-0300] {processor.py:830} INFO - Processing file /home/johnny/airflow/lib/python3.12/site-packages/airflow/example_dags/subdags/subdag.py for tasks to queue
[2024-07-07T19:46:15.242-0300] {logging_mixin.py:188} INFO - [2024-07-07T19:46:15.242-0300] {dagbag.py:545} INFO - Filling up the DagBag from /home/johnny/airflow/lib/python3.12/site-packages/airflow/example_dags/subdags/subdag.py
[2024-07-07T19:46:15.247-0300] {processor.py:842} WARNING - No viable dags retrieved from /home/johnny/airflow/lib/python3.12/site-packages/airflow/example_dags/subdags/subdag.py
[2024-07-07T19:46:15.267-0300] {processor.py:183} INFO - Processing /home/johnny/airflow/lib/python3.12/site-packages/airflow/example_dags/subdags/subdag.py took 0.045 seconds
[2024-07-07T19:46:55.796-0300] {processor.py:161} INFO - Started process (PID=35475) to work on /home/johnny/airflow/lib/python3.12/site-packages/airflow/example_dags/subdags/subdag.py
[2024-07-07T19:46:55.802-0300] {processor.py:830} INFO - Processing file /home/johnny/airflow/lib/python3.12/site-packages/airflow/example_dags/subdags/subdag.py for tasks to queue
[2024-07-07T19:46:55.807-0300] {logging_mixin.py:188} INFO - [2024-07-07T19:46:55.805-0300] {dagbag.py:545} INFO - Filling up the DagBag from /home/johnny/airflow/lib/python3.12/site-packages/airflow/example_dags/subdags/subdag.py
[2024-07-07T19:46:55.813-0300] {processor.py:842} WARNING - No viable dags retrieved from /home/johnny/airflow/lib/python3.12/site-packages/airflow/example_dags/subdags/subdag.py
[2024-07-07T19:46:55.834-0300] {processor.py:183} INFO - Processing /home/johnny/airflow/lib/python3.12/site-packages/airflow/example_dags/subdags/subdag.py took 0.052 seconds
[2024-07-07T19:47:32.593-0300] {processor.py:161} INFO - Started process (PID=35580) to work on /home/johnny/airflow/lib/python3.12/site-packages/airflow/example_dags/subdags/subdag.py
[2024-07-07T19:47:32.596-0300] {processor.py:830} INFO - Processing file /home/johnny/airflow/lib/python3.12/site-packages/airflow/example_dags/subdags/subdag.py for tasks to queue
[2024-07-07T19:47:32.599-0300] {logging_mixin.py:188} INFO - [2024-07-07T19:47:32.598-0300] {dagbag.py:545} INFO - Filling up the DagBag from /home/johnny/airflow/lib/python3.12/site-packages/airflow/example_dags/subdags/subdag.py
[2024-07-07T19:47:32.602-0300] {processor.py:842} WARNING - No viable dags retrieved from /home/johnny/airflow/lib/python3.12/site-packages/airflow/example_dags/subdags/subdag.py
[2024-07-07T19:47:32.627-0300] {processor.py:183} INFO - Processing /home/johnny/airflow/lib/python3.12/site-packages/airflow/example_dags/subdags/subdag.py took 0.045 seconds
[2024-07-07T19:48:08.637-0300] {processor.py:161} INFO - Started process (PID=35675) to work on /home/johnny/airflow/lib/python3.12/site-packages/airflow/example_dags/subdags/subdag.py
[2024-07-07T19:48:08.641-0300] {processor.py:830} INFO - Processing file /home/johnny/airflow/lib/python3.12/site-packages/airflow/example_dags/subdags/subdag.py for tasks to queue
[2024-07-07T19:48:08.647-0300] {logging_mixin.py:188} INFO - [2024-07-07T19:48:08.646-0300] {dagbag.py:545} INFO - Filling up the DagBag from /home/johnny/airflow/lib/python3.12/site-packages/airflow/example_dags/subdags/subdag.py
[2024-07-07T19:48:08.652-0300] {processor.py:842} WARNING - No viable dags retrieved from /home/johnny/airflow/lib/python3.12/site-packages/airflow/example_dags/subdags/subdag.py
[2024-07-07T19:48:08.675-0300] {processor.py:183} INFO - Processing /home/johnny/airflow/lib/python3.12/site-packages/airflow/example_dags/subdags/subdag.py took 0.051 seconds
[2024-07-07T19:48:42.183-0300] {processor.py:161} INFO - Started process (PID=35771) to work on /home/johnny/airflow/lib/python3.12/site-packages/airflow/example_dags/subdags/subdag.py
[2024-07-07T19:48:42.196-0300] {processor.py:830} INFO - Processing file /home/johnny/airflow/lib/python3.12/site-packages/airflow/example_dags/subdags/subdag.py for tasks to queue
[2024-07-07T19:48:42.200-0300] {logging_mixin.py:188} INFO - [2024-07-07T19:48:42.199-0300] {dagbag.py:545} INFO - Filling up the DagBag from /home/johnny/airflow/lib/python3.12/site-packages/airflow/example_dags/subdags/subdag.py
[2024-07-07T19:48:42.203-0300] {processor.py:842} WARNING - No viable dags retrieved from /home/johnny/airflow/lib/python3.12/site-packages/airflow/example_dags/subdags/subdag.py
[2024-07-07T19:48:42.226-0300] {processor.py:183} INFO - Processing /home/johnny/airflow/lib/python3.12/site-packages/airflow/example_dags/subdags/subdag.py took 0.057 seconds
[2024-07-07T19:49:16.303-0300] {processor.py:161} INFO - Started process (PID=35886) to work on /home/johnny/airflow/lib/python3.12/site-packages/airflow/example_dags/subdags/subdag.py
[2024-07-07T19:49:16.305-0300] {processor.py:830} INFO - Processing file /home/johnny/airflow/lib/python3.12/site-packages/airflow/example_dags/subdags/subdag.py for tasks to queue
[2024-07-07T19:49:16.319-0300] {logging_mixin.py:188} INFO - [2024-07-07T19:49:16.317-0300] {dagbag.py:545} INFO - Filling up the DagBag from /home/johnny/airflow/lib/python3.12/site-packages/airflow/example_dags/subdags/subdag.py
[2024-07-07T19:49:16.326-0300] {processor.py:842} WARNING - No viable dags retrieved from /home/johnny/airflow/lib/python3.12/site-packages/airflow/example_dags/subdags/subdag.py
[2024-07-07T19:49:16.356-0300] {processor.py:183} INFO - Processing /home/johnny/airflow/lib/python3.12/site-packages/airflow/example_dags/subdags/subdag.py took 0.071 seconds
[2024-07-07T19:50:20.796-0300] {processor.py:161} INFO - Started process (PID=36060) to work on /home/johnny/airflow/lib/python3.12/site-packages/airflow/example_dags/subdags/subdag.py
[2024-07-07T19:50:20.802-0300] {processor.py:830} INFO - Processing file /home/johnny/airflow/lib/python3.12/site-packages/airflow/example_dags/subdags/subdag.py for tasks to queue
[2024-07-07T19:50:20.806-0300] {logging_mixin.py:188} INFO - [2024-07-07T19:50:20.805-0300] {dagbag.py:545} INFO - Filling up the DagBag from /home/johnny/airflow/lib/python3.12/site-packages/airflow/example_dags/subdags/subdag.py
[2024-07-07T19:50:20.811-0300] {processor.py:842} WARNING - No viable dags retrieved from /home/johnny/airflow/lib/python3.12/site-packages/airflow/example_dags/subdags/subdag.py
[2024-07-07T19:50:20.834-0300] {processor.py:183} INFO - Processing /home/johnny/airflow/lib/python3.12/site-packages/airflow/example_dags/subdags/subdag.py took 0.052 seconds
[2024-07-07T19:50:56.475-0300] {processor.py:161} INFO - Started process (PID=36160) to work on /home/johnny/airflow/lib/python3.12/site-packages/airflow/example_dags/subdags/subdag.py
[2024-07-07T19:50:56.476-0300] {processor.py:830} INFO - Processing file /home/johnny/airflow/lib/python3.12/site-packages/airflow/example_dags/subdags/subdag.py for tasks to queue
[2024-07-07T19:50:56.480-0300] {logging_mixin.py:188} INFO - [2024-07-07T19:50:56.479-0300] {dagbag.py:545} INFO - Filling up the DagBag from /home/johnny/airflow/lib/python3.12/site-packages/airflow/example_dags/subdags/subdag.py
[2024-07-07T19:50:56.483-0300] {processor.py:842} WARNING - No viable dags retrieved from /home/johnny/airflow/lib/python3.12/site-packages/airflow/example_dags/subdags/subdag.py
[2024-07-07T19:50:56.510-0300] {processor.py:183} INFO - Processing /home/johnny/airflow/lib/python3.12/site-packages/airflow/example_dags/subdags/subdag.py took 0.047 seconds
[2024-07-07T19:51:32.245-0300] {processor.py:161} INFO - Started process (PID=36259) to work on /home/johnny/airflow/lib/python3.12/site-packages/airflow/example_dags/subdags/subdag.py
[2024-07-07T19:51:32.247-0300] {processor.py:830} INFO - Processing file /home/johnny/airflow/lib/python3.12/site-packages/airflow/example_dags/subdags/subdag.py for tasks to queue
[2024-07-07T19:51:32.251-0300] {logging_mixin.py:188} INFO - [2024-07-07T19:51:32.250-0300] {dagbag.py:545} INFO - Filling up the DagBag from /home/johnny/airflow/lib/python3.12/site-packages/airflow/example_dags/subdags/subdag.py
[2024-07-07T19:51:32.255-0300] {processor.py:842} WARNING - No viable dags retrieved from /home/johnny/airflow/lib/python3.12/site-packages/airflow/example_dags/subdags/subdag.py
[2024-07-07T19:51:32.275-0300] {processor.py:183} INFO - Processing /home/johnny/airflow/lib/python3.12/site-packages/airflow/example_dags/subdags/subdag.py took 0.043 seconds
[2024-07-07T19:52:06.950-0300] {processor.py:161} INFO - Started process (PID=36357) to work on /home/johnny/airflow/lib/python3.12/site-packages/airflow/example_dags/subdags/subdag.py
[2024-07-07T19:52:06.953-0300] {processor.py:830} INFO - Processing file /home/johnny/airflow/lib/python3.12/site-packages/airflow/example_dags/subdags/subdag.py for tasks to queue
[2024-07-07T19:52:06.957-0300] {logging_mixin.py:188} INFO - [2024-07-07T19:52:06.956-0300] {dagbag.py:545} INFO - Filling up the DagBag from /home/johnny/airflow/lib/python3.12/site-packages/airflow/example_dags/subdags/subdag.py
[2024-07-07T19:52:06.965-0300] {processor.py:842} WARNING - No viable dags retrieved from /home/johnny/airflow/lib/python3.12/site-packages/airflow/example_dags/subdags/subdag.py
[2024-07-07T19:52:07.006-0300] {processor.py:183} INFO - Processing /home/johnny/airflow/lib/python3.12/site-packages/airflow/example_dags/subdags/subdag.py took 0.070 seconds
[2024-07-07T19:52:44.139-0300] {processor.py:161} INFO - Started process (PID=36447) to work on /home/johnny/airflow/lib/python3.12/site-packages/airflow/example_dags/subdags/subdag.py
[2024-07-07T19:52:44.142-0300] {processor.py:830} INFO - Processing file /home/johnny/airflow/lib/python3.12/site-packages/airflow/example_dags/subdags/subdag.py for tasks to queue
[2024-07-07T19:52:44.146-0300] {logging_mixin.py:188} INFO - [2024-07-07T19:52:44.145-0300] {dagbag.py:545} INFO - Filling up the DagBag from /home/johnny/airflow/lib/python3.12/site-packages/airflow/example_dags/subdags/subdag.py
[2024-07-07T19:52:44.151-0300] {processor.py:842} WARNING - No viable dags retrieved from /home/johnny/airflow/lib/python3.12/site-packages/airflow/example_dags/subdags/subdag.py
[2024-07-07T19:52:44.179-0300] {processor.py:183} INFO - Processing /home/johnny/airflow/lib/python3.12/site-packages/airflow/example_dags/subdags/subdag.py took 0.052 seconds
[2024-07-07T19:53:18.748-0300] {processor.py:161} INFO - Started process (PID=36553) to work on /home/johnny/airflow/lib/python3.12/site-packages/airflow/example_dags/subdags/subdag.py
[2024-07-07T19:53:18.750-0300] {processor.py:830} INFO - Processing file /home/johnny/airflow/lib/python3.12/site-packages/airflow/example_dags/subdags/subdag.py for tasks to queue
[2024-07-07T19:53:18.754-0300] {logging_mixin.py:188} INFO - [2024-07-07T19:53:18.753-0300] {dagbag.py:545} INFO - Filling up the DagBag from /home/johnny/airflow/lib/python3.12/site-packages/airflow/example_dags/subdags/subdag.py
[2024-07-07T19:53:18.758-0300] {processor.py:842} WARNING - No viable dags retrieved from /home/johnny/airflow/lib/python3.12/site-packages/airflow/example_dags/subdags/subdag.py
[2024-07-07T19:53:18.777-0300] {processor.py:183} INFO - Processing /home/johnny/airflow/lib/python3.12/site-packages/airflow/example_dags/subdags/subdag.py took 0.039 seconds
[2024-07-07T19:53:53.252-0300] {processor.py:161} INFO - Started process (PID=36647) to work on /home/johnny/airflow/lib/python3.12/site-packages/airflow/example_dags/subdags/subdag.py
[2024-07-07T19:53:53.255-0300] {processor.py:830} INFO - Processing file /home/johnny/airflow/lib/python3.12/site-packages/airflow/example_dags/subdags/subdag.py for tasks to queue
[2024-07-07T19:53:53.259-0300] {logging_mixin.py:188} INFO - [2024-07-07T19:53:53.258-0300] {dagbag.py:545} INFO - Filling up the DagBag from /home/johnny/airflow/lib/python3.12/site-packages/airflow/example_dags/subdags/subdag.py
[2024-07-07T19:53:53.263-0300] {processor.py:842} WARNING - No viable dags retrieved from /home/johnny/airflow/lib/python3.12/site-packages/airflow/example_dags/subdags/subdag.py
[2024-07-07T19:53:53.283-0300] {processor.py:183} INFO - Processing /home/johnny/airflow/lib/python3.12/site-packages/airflow/example_dags/subdags/subdag.py took 0.042 seconds
[2024-07-07T19:54:27.421-0300] {processor.py:161} INFO - Started process (PID=36735) to work on /home/johnny/airflow/lib/python3.12/site-packages/airflow/example_dags/subdags/subdag.py
[2024-07-07T19:54:27.426-0300] {processor.py:830} INFO - Processing file /home/johnny/airflow/lib/python3.12/site-packages/airflow/example_dags/subdags/subdag.py for tasks to queue
[2024-07-07T19:54:27.429-0300] {logging_mixin.py:188} INFO - [2024-07-07T19:54:27.428-0300] {dagbag.py:545} INFO - Filling up the DagBag from /home/johnny/airflow/lib/python3.12/site-packages/airflow/example_dags/subdags/subdag.py
[2024-07-07T19:54:27.432-0300] {processor.py:842} WARNING - No viable dags retrieved from /home/johnny/airflow/lib/python3.12/site-packages/airflow/example_dags/subdags/subdag.py
[2024-07-07T19:54:27.457-0300] {processor.py:183} INFO - Processing /home/johnny/airflow/lib/python3.12/site-packages/airflow/example_dags/subdags/subdag.py took 0.052 seconds
[2024-07-07T19:55:00.992-0300] {processor.py:161} INFO - Started process (PID=36833) to work on /home/johnny/airflow/lib/python3.12/site-packages/airflow/example_dags/subdags/subdag.py
[2024-07-07T19:55:00.994-0300] {processor.py:830} INFO - Processing file /home/johnny/airflow/lib/python3.12/site-packages/airflow/example_dags/subdags/subdag.py for tasks to queue
[2024-07-07T19:55:00.997-0300] {logging_mixin.py:188} INFO - [2024-07-07T19:55:00.996-0300] {dagbag.py:545} INFO - Filling up the DagBag from /home/johnny/airflow/lib/python3.12/site-packages/airflow/example_dags/subdags/subdag.py
[2024-07-07T19:55:01.001-0300] {processor.py:842} WARNING - No viable dags retrieved from /home/johnny/airflow/lib/python3.12/site-packages/airflow/example_dags/subdags/subdag.py
[2024-07-07T19:55:01.027-0300] {processor.py:183} INFO - Processing /home/johnny/airflow/lib/python3.12/site-packages/airflow/example_dags/subdags/subdag.py took 0.049 seconds
[2024-07-07T19:55:38.012-0300] {processor.py:161} INFO - Started process (PID=36925) to work on /home/johnny/airflow/lib/python3.12/site-packages/airflow/example_dags/subdags/subdag.py
[2024-07-07T19:55:38.017-0300] {processor.py:830} INFO - Processing file /home/johnny/airflow/lib/python3.12/site-packages/airflow/example_dags/subdags/subdag.py for tasks to queue
[2024-07-07T19:55:38.019-0300] {logging_mixin.py:188} INFO - [2024-07-07T19:55:38.018-0300] {dagbag.py:545} INFO - Filling up the DagBag from /home/johnny/airflow/lib/python3.12/site-packages/airflow/example_dags/subdags/subdag.py
[2024-07-07T19:55:38.023-0300] {processor.py:842} WARNING - No viable dags retrieved from /home/johnny/airflow/lib/python3.12/site-packages/airflow/example_dags/subdags/subdag.py
[2024-07-07T19:55:38.039-0300] {processor.py:183} INFO - Processing /home/johnny/airflow/lib/python3.12/site-packages/airflow/example_dags/subdags/subdag.py took 0.043 seconds
[2024-07-07T19:56:13.312-0300] {processor.py:161} INFO - Started process (PID=37019) to work on /home/johnny/airflow/lib/python3.12/site-packages/airflow/example_dags/subdags/subdag.py
[2024-07-07T19:56:13.318-0300] {processor.py:830} INFO - Processing file /home/johnny/airflow/lib/python3.12/site-packages/airflow/example_dags/subdags/subdag.py for tasks to queue
[2024-07-07T19:56:13.321-0300] {logging_mixin.py:188} INFO - [2024-07-07T19:56:13.319-0300] {dagbag.py:545} INFO - Filling up the DagBag from /home/johnny/airflow/lib/python3.12/site-packages/airflow/example_dags/subdags/subdag.py
[2024-07-07T19:56:13.326-0300] {processor.py:842} WARNING - No viable dags retrieved from /home/johnny/airflow/lib/python3.12/site-packages/airflow/example_dags/subdags/subdag.py
[2024-07-07T19:56:13.347-0300] {processor.py:183} INFO - Processing /home/johnny/airflow/lib/python3.12/site-packages/airflow/example_dags/subdags/subdag.py took 0.047 seconds
[2024-07-07T19:57:27.182-0300] {processor.py:161} INFO - Started process (PID=37221) to work on /home/johnny/airflow/lib/python3.12/site-packages/airflow/example_dags/subdags/subdag.py
[2024-07-07T19:57:27.188-0300] {processor.py:830} INFO - Processing file /home/johnny/airflow/lib/python3.12/site-packages/airflow/example_dags/subdags/subdag.py for tasks to queue
[2024-07-07T19:57:27.191-0300] {logging_mixin.py:188} INFO - [2024-07-07T19:57:27.190-0300] {dagbag.py:545} INFO - Filling up the DagBag from /home/johnny/airflow/lib/python3.12/site-packages/airflow/example_dags/subdags/subdag.py
[2024-07-07T19:57:27.195-0300] {processor.py:842} WARNING - No viable dags retrieved from /home/johnny/airflow/lib/python3.12/site-packages/airflow/example_dags/subdags/subdag.py
[2024-07-07T19:57:27.219-0300] {processor.py:183} INFO - Processing /home/johnny/airflow/lib/python3.12/site-packages/airflow/example_dags/subdags/subdag.py took 0.050 seconds
[2024-07-07T19:58:06.034-0300] {processor.py:161} INFO - Started process (PID=37332) to work on /home/johnny/airflow/lib/python3.12/site-packages/airflow/example_dags/subdags/subdag.py
[2024-07-07T19:58:06.037-0300] {processor.py:830} INFO - Processing file /home/johnny/airflow/lib/python3.12/site-packages/airflow/example_dags/subdags/subdag.py for tasks to queue
[2024-07-07T19:58:06.043-0300] {logging_mixin.py:188} INFO - [2024-07-07T19:58:06.042-0300] {dagbag.py:545} INFO - Filling up the DagBag from /home/johnny/airflow/lib/python3.12/site-packages/airflow/example_dags/subdags/subdag.py
[2024-07-07T19:58:06.051-0300] {processor.py:842} WARNING - No viable dags retrieved from /home/johnny/airflow/lib/python3.12/site-packages/airflow/example_dags/subdags/subdag.py
[2024-07-07T19:58:06.083-0300] {processor.py:183} INFO - Processing /home/johnny/airflow/lib/python3.12/site-packages/airflow/example_dags/subdags/subdag.py took 0.063 seconds
[2024-07-07T19:58:39.413-0300] {processor.py:161} INFO - Started process (PID=37427) to work on /home/johnny/airflow/lib/python3.12/site-packages/airflow/example_dags/subdags/subdag.py
[2024-07-07T19:58:39.420-0300] {processor.py:830} INFO - Processing file /home/johnny/airflow/lib/python3.12/site-packages/airflow/example_dags/subdags/subdag.py for tasks to queue
[2024-07-07T19:58:39.423-0300] {logging_mixin.py:188} INFO - [2024-07-07T19:58:39.421-0300] {dagbag.py:545} INFO - Filling up the DagBag from /home/johnny/airflow/lib/python3.12/site-packages/airflow/example_dags/subdags/subdag.py
[2024-07-07T19:58:39.430-0300] {processor.py:842} WARNING - No viable dags retrieved from /home/johnny/airflow/lib/python3.12/site-packages/airflow/example_dags/subdags/subdag.py
[2024-07-07T19:58:39.453-0300] {processor.py:183} INFO - Processing /home/johnny/airflow/lib/python3.12/site-packages/airflow/example_dags/subdags/subdag.py took 0.057 seconds
[2024-07-07T19:59:43.717-0300] {processor.py:161} INFO - Started process (PID=37612) to work on /home/johnny/airflow/lib/python3.12/site-packages/airflow/example_dags/subdags/subdag.py
[2024-07-07T19:59:43.723-0300] {processor.py:830} INFO - Processing file /home/johnny/airflow/lib/python3.12/site-packages/airflow/example_dags/subdags/subdag.py for tasks to queue
[2024-07-07T19:59:43.725-0300] {logging_mixin.py:188} INFO - [2024-07-07T19:59:43.724-0300] {dagbag.py:545} INFO - Filling up the DagBag from /home/johnny/airflow/lib/python3.12/site-packages/airflow/example_dags/subdags/subdag.py
[2024-07-07T19:59:43.734-0300] {processor.py:842} WARNING - No viable dags retrieved from /home/johnny/airflow/lib/python3.12/site-packages/airflow/example_dags/subdags/subdag.py
[2024-07-07T19:59:43.755-0300] {processor.py:183} INFO - Processing /home/johnny/airflow/lib/python3.12/site-packages/airflow/example_dags/subdags/subdag.py took 0.058 seconds
[2024-07-07T20:00:48.382-0300] {processor.py:161} INFO - Started process (PID=37790) to work on /home/johnny/airflow/lib/python3.12/site-packages/airflow/example_dags/subdags/subdag.py
[2024-07-07T20:00:48.388-0300] {processor.py:830} INFO - Processing file /home/johnny/airflow/lib/python3.12/site-packages/airflow/example_dags/subdags/subdag.py for tasks to queue
[2024-07-07T20:00:48.390-0300] {logging_mixin.py:188} INFO - [2024-07-07T20:00:48.389-0300] {dagbag.py:545} INFO - Filling up the DagBag from /home/johnny/airflow/lib/python3.12/site-packages/airflow/example_dags/subdags/subdag.py
[2024-07-07T20:00:48.394-0300] {processor.py:842} WARNING - No viable dags retrieved from /home/johnny/airflow/lib/python3.12/site-packages/airflow/example_dags/subdags/subdag.py
[2024-07-07T20:00:48.414-0300] {processor.py:183} INFO - Processing /home/johnny/airflow/lib/python3.12/site-packages/airflow/example_dags/subdags/subdag.py took 0.043 seconds
[2024-07-07T20:01:22.397-0300] {processor.py:161} INFO - Started process (PID=37890) to work on /home/johnny/airflow/lib/python3.12/site-packages/airflow/example_dags/subdags/subdag.py
[2024-07-07T20:01:22.399-0300] {processor.py:830} INFO - Processing file /home/johnny/airflow/lib/python3.12/site-packages/airflow/example_dags/subdags/subdag.py for tasks to queue
[2024-07-07T20:01:22.401-0300] {logging_mixin.py:188} INFO - [2024-07-07T20:01:22.400-0300] {dagbag.py:545} INFO - Filling up the DagBag from /home/johnny/airflow/lib/python3.12/site-packages/airflow/example_dags/subdags/subdag.py
[2024-07-07T20:01:22.406-0300] {processor.py:842} WARNING - No viable dags retrieved from /home/johnny/airflow/lib/python3.12/site-packages/airflow/example_dags/subdags/subdag.py
[2024-07-07T20:01:22.425-0300] {processor.py:183} INFO - Processing /home/johnny/airflow/lib/python3.12/site-packages/airflow/example_dags/subdags/subdag.py took 0.040 seconds
[2024-07-07T20:02:27.572-0300] {processor.py:161} INFO - Started process (PID=38062) to work on /home/johnny/airflow/lib/python3.12/site-packages/airflow/example_dags/subdags/subdag.py
[2024-07-07T20:02:27.574-0300] {processor.py:830} INFO - Processing file /home/johnny/airflow/lib/python3.12/site-packages/airflow/example_dags/subdags/subdag.py for tasks to queue
[2024-07-07T20:02:27.577-0300] {logging_mixin.py:188} INFO - [2024-07-07T20:02:27.576-0300] {dagbag.py:545} INFO - Filling up the DagBag from /home/johnny/airflow/lib/python3.12/site-packages/airflow/example_dags/subdags/subdag.py
[2024-07-07T20:02:27.587-0300] {processor.py:842} WARNING - No viable dags retrieved from /home/johnny/airflow/lib/python3.12/site-packages/airflow/example_dags/subdags/subdag.py
[2024-07-07T20:02:27.608-0300] {processor.py:183} INFO - Processing /home/johnny/airflow/lib/python3.12/site-packages/airflow/example_dags/subdags/subdag.py took 0.055 seconds
[2024-07-07T20:03:00.724-0300] {processor.py:161} INFO - Started process (PID=38148) to work on /home/johnny/airflow/lib/python3.12/site-packages/airflow/example_dags/subdags/subdag.py
[2024-07-07T20:03:00.727-0300] {processor.py:830} INFO - Processing file /home/johnny/airflow/lib/python3.12/site-packages/airflow/example_dags/subdags/subdag.py for tasks to queue
[2024-07-07T20:03:00.730-0300] {logging_mixin.py:188} INFO - [2024-07-07T20:03:00.729-0300] {dagbag.py:545} INFO - Filling up the DagBag from /home/johnny/airflow/lib/python3.12/site-packages/airflow/example_dags/subdags/subdag.py
[2024-07-07T20:03:00.734-0300] {processor.py:842} WARNING - No viable dags retrieved from /home/johnny/airflow/lib/python3.12/site-packages/airflow/example_dags/subdags/subdag.py
[2024-07-07T20:03:00.762-0300] {processor.py:183} INFO - Processing /home/johnny/airflow/lib/python3.12/site-packages/airflow/example_dags/subdags/subdag.py took 0.056 seconds
[2024-07-07T20:03:38.768-0300] {processor.py:161} INFO - Started process (PID=38250) to work on /home/johnny/airflow/lib/python3.12/site-packages/airflow/example_dags/subdags/subdag.py
[2024-07-07T20:03:38.772-0300] {processor.py:830} INFO - Processing file /home/johnny/airflow/lib/python3.12/site-packages/airflow/example_dags/subdags/subdag.py for tasks to queue
[2024-07-07T20:03:38.776-0300] {logging_mixin.py:188} INFO - [2024-07-07T20:03:38.775-0300] {dagbag.py:545} INFO - Filling up the DagBag from /home/johnny/airflow/lib/python3.12/site-packages/airflow/example_dags/subdags/subdag.py
[2024-07-07T20:03:38.782-0300] {processor.py:842} WARNING - No viable dags retrieved from /home/johnny/airflow/lib/python3.12/site-packages/airflow/example_dags/subdags/subdag.py
[2024-07-07T20:03:38.828-0300] {processor.py:183} INFO - Processing /home/johnny/airflow/lib/python3.12/site-packages/airflow/example_dags/subdags/subdag.py took 0.078 seconds
[2024-07-07T20:04:23.323-0300] {processor.py:161} INFO - Started process (PID=38381) to work on /home/johnny/airflow/lib/python3.12/site-packages/airflow/example_dags/subdags/subdag.py
[2024-07-07T20:04:23.326-0300] {processor.py:830} INFO - Processing file /home/johnny/airflow/lib/python3.12/site-packages/airflow/example_dags/subdags/subdag.py for tasks to queue
[2024-07-07T20:04:23.329-0300] {logging_mixin.py:188} INFO - [2024-07-07T20:04:23.328-0300] {dagbag.py:545} INFO - Filling up the DagBag from /home/johnny/airflow/lib/python3.12/site-packages/airflow/example_dags/subdags/subdag.py
[2024-07-07T20:04:23.334-0300] {processor.py:842} WARNING - No viable dags retrieved from /home/johnny/airflow/lib/python3.12/site-packages/airflow/example_dags/subdags/subdag.py
[2024-07-07T20:04:23.357-0300] {processor.py:183} INFO - Processing /home/johnny/airflow/lib/python3.12/site-packages/airflow/example_dags/subdags/subdag.py took 0.047 seconds
[2024-07-07T20:04:59.146-0300] {processor.py:161} INFO - Started process (PID=38483) to work on /home/johnny/airflow/lib/python3.12/site-packages/airflow/example_dags/subdags/subdag.py
[2024-07-07T20:04:59.148-0300] {processor.py:830} INFO - Processing file /home/johnny/airflow/lib/python3.12/site-packages/airflow/example_dags/subdags/subdag.py for tasks to queue
[2024-07-07T20:04:59.150-0300] {logging_mixin.py:188} INFO - [2024-07-07T20:04:59.149-0300] {dagbag.py:545} INFO - Filling up the DagBag from /home/johnny/airflow/lib/python3.12/site-packages/airflow/example_dags/subdags/subdag.py
[2024-07-07T20:04:59.154-0300] {processor.py:842} WARNING - No viable dags retrieved from /home/johnny/airflow/lib/python3.12/site-packages/airflow/example_dags/subdags/subdag.py
[2024-07-07T20:04:59.173-0300] {processor.py:183} INFO - Processing /home/johnny/airflow/lib/python3.12/site-packages/airflow/example_dags/subdags/subdag.py took 0.038 seconds
[2024-07-07T20:05:57.996-0300] {processor.py:161} INFO - Started process (PID=38649) to work on /home/johnny/airflow/lib/python3.12/site-packages/airflow/example_dags/subdags/subdag.py
[2024-07-07T20:05:57.998-0300] {processor.py:830} INFO - Processing file /home/johnny/airflow/lib/python3.12/site-packages/airflow/example_dags/subdags/subdag.py for tasks to queue
[2024-07-07T20:05:58.000-0300] {logging_mixin.py:188} INFO - [2024-07-07T20:05:58.000-0300] {dagbag.py:545} INFO - Filling up the DagBag from /home/johnny/airflow/lib/python3.12/site-packages/airflow/example_dags/subdags/subdag.py
[2024-07-07T20:05:58.005-0300] {processor.py:842} WARNING - No viable dags retrieved from /home/johnny/airflow/lib/python3.12/site-packages/airflow/example_dags/subdags/subdag.py
[2024-07-07T20:05:58.023-0300] {processor.py:183} INFO - Processing /home/johnny/airflow/lib/python3.12/site-packages/airflow/example_dags/subdags/subdag.py took 0.038 seconds
[2024-07-07T20:06:31.892-0300] {processor.py:161} INFO - Started process (PID=38735) to work on /home/johnny/airflow/lib/python3.12/site-packages/airflow/example_dags/subdags/subdag.py
[2024-07-07T20:06:31.894-0300] {processor.py:830} INFO - Processing file /home/johnny/airflow/lib/python3.12/site-packages/airflow/example_dags/subdags/subdag.py for tasks to queue
[2024-07-07T20:06:31.896-0300] {logging_mixin.py:188} INFO - [2024-07-07T20:06:31.895-0300] {dagbag.py:545} INFO - Filling up the DagBag from /home/johnny/airflow/lib/python3.12/site-packages/airflow/example_dags/subdags/subdag.py
[2024-07-07T20:06:31.900-0300] {processor.py:842} WARNING - No viable dags retrieved from /home/johnny/airflow/lib/python3.12/site-packages/airflow/example_dags/subdags/subdag.py
[2024-07-07T20:06:31.918-0300] {processor.py:183} INFO - Processing /home/johnny/airflow/lib/python3.12/site-packages/airflow/example_dags/subdags/subdag.py took 0.036 seconds
[2024-07-07T20:07:04.850-0300] {processor.py:161} INFO - Started process (PID=38827) to work on /home/johnny/airflow/lib/python3.12/site-packages/airflow/example_dags/subdags/subdag.py
[2024-07-07T20:07:04.853-0300] {processor.py:830} INFO - Processing file /home/johnny/airflow/lib/python3.12/site-packages/airflow/example_dags/subdags/subdag.py for tasks to queue
[2024-07-07T20:07:04.856-0300] {logging_mixin.py:188} INFO - [2024-07-07T20:07:04.855-0300] {dagbag.py:545} INFO - Filling up the DagBag from /home/johnny/airflow/lib/python3.12/site-packages/airflow/example_dags/subdags/subdag.py
[2024-07-07T20:07:04.860-0300] {processor.py:842} WARNING - No viable dags retrieved from /home/johnny/airflow/lib/python3.12/site-packages/airflow/example_dags/subdags/subdag.py
[2024-07-07T20:07:04.879-0300] {processor.py:183} INFO - Processing /home/johnny/airflow/lib/python3.12/site-packages/airflow/example_dags/subdags/subdag.py took 0.040 seconds
[2024-07-07T20:07:38.421-0300] {processor.py:161} INFO - Started process (PID=38916) to work on /home/johnny/airflow/lib/python3.12/site-packages/airflow/example_dags/subdags/subdag.py
[2024-07-07T20:07:38.422-0300] {processor.py:830} INFO - Processing file /home/johnny/airflow/lib/python3.12/site-packages/airflow/example_dags/subdags/subdag.py for tasks to queue
[2024-07-07T20:07:38.424-0300] {logging_mixin.py:188} INFO - [2024-07-07T20:07:38.424-0300] {dagbag.py:545} INFO - Filling up the DagBag from /home/johnny/airflow/lib/python3.12/site-packages/airflow/example_dags/subdags/subdag.py
[2024-07-07T20:07:38.428-0300] {processor.py:842} WARNING - No viable dags retrieved from /home/johnny/airflow/lib/python3.12/site-packages/airflow/example_dags/subdags/subdag.py
[2024-07-07T20:07:38.447-0300] {processor.py:183} INFO - Processing /home/johnny/airflow/lib/python3.12/site-packages/airflow/example_dags/subdags/subdag.py took 0.038 seconds
[2024-07-07T20:08:13.681-0300] {processor.py:161} INFO - Started process (PID=39017) to work on /home/johnny/airflow/lib/python3.12/site-packages/airflow/example_dags/subdags/subdag.py
[2024-07-07T20:08:13.684-0300] {processor.py:830} INFO - Processing file /home/johnny/airflow/lib/python3.12/site-packages/airflow/example_dags/subdags/subdag.py for tasks to queue
[2024-07-07T20:08:13.686-0300] {logging_mixin.py:188} INFO - [2024-07-07T20:08:13.685-0300] {dagbag.py:545} INFO - Filling up the DagBag from /home/johnny/airflow/lib/python3.12/site-packages/airflow/example_dags/subdags/subdag.py
[2024-07-07T20:08:13.691-0300] {processor.py:842} WARNING - No viable dags retrieved from /home/johnny/airflow/lib/python3.12/site-packages/airflow/example_dags/subdags/subdag.py
[2024-07-07T20:08:13.710-0300] {processor.py:183} INFO - Processing /home/johnny/airflow/lib/python3.12/site-packages/airflow/example_dags/subdags/subdag.py took 0.041 seconds
[2024-07-07T20:08:50.491-0300] {processor.py:161} INFO - Started process (PID=39120) to work on /home/johnny/airflow/lib/python3.12/site-packages/airflow/example_dags/subdags/subdag.py
[2024-07-07T20:08:50.498-0300] {processor.py:830} INFO - Processing file /home/johnny/airflow/lib/python3.12/site-packages/airflow/example_dags/subdags/subdag.py for tasks to queue
[2024-07-07T20:08:50.499-0300] {logging_mixin.py:188} INFO - [2024-07-07T20:08:50.499-0300] {dagbag.py:545} INFO - Filling up the DagBag from /home/johnny/airflow/lib/python3.12/site-packages/airflow/example_dags/subdags/subdag.py
[2024-07-07T20:08:50.502-0300] {processor.py:842} WARNING - No viable dags retrieved from /home/johnny/airflow/lib/python3.12/site-packages/airflow/example_dags/subdags/subdag.py
[2024-07-07T20:08:50.514-0300] {processor.py:183} INFO - Processing /home/johnny/airflow/lib/python3.12/site-packages/airflow/example_dags/subdags/subdag.py took 0.036 seconds
[2024-07-07T20:09:26.468-0300] {processor.py:161} INFO - Started process (PID=39215) to work on /home/johnny/airflow/lib/python3.12/site-packages/airflow/example_dags/subdags/subdag.py
[2024-07-07T20:09:26.470-0300] {processor.py:830} INFO - Processing file /home/johnny/airflow/lib/python3.12/site-packages/airflow/example_dags/subdags/subdag.py for tasks to queue
[2024-07-07T20:09:26.472-0300] {logging_mixin.py:188} INFO - [2024-07-07T20:09:26.471-0300] {dagbag.py:545} INFO - Filling up the DagBag from /home/johnny/airflow/lib/python3.12/site-packages/airflow/example_dags/subdags/subdag.py
[2024-07-07T20:09:26.476-0300] {processor.py:842} WARNING - No viable dags retrieved from /home/johnny/airflow/lib/python3.12/site-packages/airflow/example_dags/subdags/subdag.py
[2024-07-07T20:09:26.496-0300] {processor.py:183} INFO - Processing /home/johnny/airflow/lib/python3.12/site-packages/airflow/example_dags/subdags/subdag.py took 0.039 seconds
[2024-07-07T20:10:32.153-0300] {processor.py:161} INFO - Started process (PID=39393) to work on /home/johnny/airflow/lib/python3.12/site-packages/airflow/example_dags/subdags/subdag.py
[2024-07-07T20:10:32.156-0300] {processor.py:830} INFO - Processing file /home/johnny/airflow/lib/python3.12/site-packages/airflow/example_dags/subdags/subdag.py for tasks to queue
[2024-07-07T20:10:32.158-0300] {logging_mixin.py:188} INFO - [2024-07-07T20:10:32.157-0300] {dagbag.py:545} INFO - Filling up the DagBag from /home/johnny/airflow/lib/python3.12/site-packages/airflow/example_dags/subdags/subdag.py
[2024-07-07T20:10:32.163-0300] {processor.py:842} WARNING - No viable dags retrieved from /home/johnny/airflow/lib/python3.12/site-packages/airflow/example_dags/subdags/subdag.py
[2024-07-07T20:10:32.202-0300] {processor.py:183} INFO - Processing /home/johnny/airflow/lib/python3.12/site-packages/airflow/example_dags/subdags/subdag.py took 0.064 seconds
[2024-07-07T20:11:31.498-0300] {processor.py:161} INFO - Started process (PID=39561) to work on /home/johnny/airflow/lib/python3.12/site-packages/airflow/example_dags/subdags/subdag.py
[2024-07-07T20:11:31.500-0300] {processor.py:830} INFO - Processing file /home/johnny/airflow/lib/python3.12/site-packages/airflow/example_dags/subdags/subdag.py for tasks to queue
[2024-07-07T20:11:31.503-0300] {logging_mixin.py:188} INFO - [2024-07-07T20:11:31.502-0300] {dagbag.py:545} INFO - Filling up the DagBag from /home/johnny/airflow/lib/python3.12/site-packages/airflow/example_dags/subdags/subdag.py
[2024-07-07T20:11:31.507-0300] {processor.py:842} WARNING - No viable dags retrieved from /home/johnny/airflow/lib/python3.12/site-packages/airflow/example_dags/subdags/subdag.py
[2024-07-07T20:11:31.528-0300] {processor.py:183} INFO - Processing /home/johnny/airflow/lib/python3.12/site-packages/airflow/example_dags/subdags/subdag.py took 0.043 seconds
[2024-07-07T20:12:05.417-0300] {processor.py:161} INFO - Started process (PID=39658) to work on /home/johnny/airflow/lib/python3.12/site-packages/airflow/example_dags/subdags/subdag.py
[2024-07-07T20:12:05.423-0300] {processor.py:830} INFO - Processing file /home/johnny/airflow/lib/python3.12/site-packages/airflow/example_dags/subdags/subdag.py for tasks to queue
[2024-07-07T20:12:05.425-0300] {logging_mixin.py:188} INFO - [2024-07-07T20:12:05.424-0300] {dagbag.py:545} INFO - Filling up the DagBag from /home/johnny/airflow/lib/python3.12/site-packages/airflow/example_dags/subdags/subdag.py
[2024-07-07T20:12:05.429-0300] {processor.py:842} WARNING - No viable dags retrieved from /home/johnny/airflow/lib/python3.12/site-packages/airflow/example_dags/subdags/subdag.py
[2024-07-07T20:12:05.447-0300] {processor.py:183} INFO - Processing /home/johnny/airflow/lib/python3.12/site-packages/airflow/example_dags/subdags/subdag.py took 0.042 seconds
[2024-07-07T20:13:08.696-0300] {processor.py:161} INFO - Started process (PID=39831) to work on /home/johnny/airflow/lib/python3.12/site-packages/airflow/example_dags/subdags/subdag.py
[2024-07-07T20:13:08.698-0300] {processor.py:830} INFO - Processing file /home/johnny/airflow/lib/python3.12/site-packages/airflow/example_dags/subdags/subdag.py for tasks to queue
[2024-07-07T20:13:08.700-0300] {logging_mixin.py:188} INFO - [2024-07-07T20:13:08.699-0300] {dagbag.py:545} INFO - Filling up the DagBag from /home/johnny/airflow/lib/python3.12/site-packages/airflow/example_dags/subdags/subdag.py
[2024-07-07T20:13:08.705-0300] {processor.py:842} WARNING - No viable dags retrieved from /home/johnny/airflow/lib/python3.12/site-packages/airflow/example_dags/subdags/subdag.py
[2024-07-07T20:13:08.725-0300] {processor.py:183} INFO - Processing /home/johnny/airflow/lib/python3.12/site-packages/airflow/example_dags/subdags/subdag.py took 0.040 seconds
[2024-07-07T20:14:11.445-0300] {processor.py:161} INFO - Started process (PID=40001) to work on /home/johnny/airflow/lib/python3.12/site-packages/airflow/example_dags/subdags/subdag.py
[2024-07-07T20:14:11.448-0300] {processor.py:830} INFO - Processing file /home/johnny/airflow/lib/python3.12/site-packages/airflow/example_dags/subdags/subdag.py for tasks to queue
[2024-07-07T20:14:11.450-0300] {logging_mixin.py:188} INFO - [2024-07-07T20:14:11.449-0300] {dagbag.py:545} INFO - Filling up the DagBag from /home/johnny/airflow/lib/python3.12/site-packages/airflow/example_dags/subdags/subdag.py
[2024-07-07T20:14:11.453-0300] {processor.py:842} WARNING - No viable dags retrieved from /home/johnny/airflow/lib/python3.12/site-packages/airflow/example_dags/subdags/subdag.py
[2024-07-07T20:14:11.472-0300] {processor.py:183} INFO - Processing /home/johnny/airflow/lib/python3.12/site-packages/airflow/example_dags/subdags/subdag.py took 0.039 seconds
[2024-07-07T20:15:11.769-0300] {processor.py:161} INFO - Started process (PID=40162) to work on /home/johnny/airflow/lib/python3.12/site-packages/airflow/example_dags/subdags/subdag.py
[2024-07-07T20:15:11.771-0300] {processor.py:830} INFO - Processing file /home/johnny/airflow/lib/python3.12/site-packages/airflow/example_dags/subdags/subdag.py for tasks to queue
[2024-07-07T20:15:11.773-0300] {logging_mixin.py:188} INFO - [2024-07-07T20:15:11.773-0300] {dagbag.py:545} INFO - Filling up the DagBag from /home/johnny/airflow/lib/python3.12/site-packages/airflow/example_dags/subdags/subdag.py
[2024-07-07T20:15:11.777-0300] {processor.py:842} WARNING - No viable dags retrieved from /home/johnny/airflow/lib/python3.12/site-packages/airflow/example_dags/subdags/subdag.py
[2024-07-07T20:15:11.797-0300] {processor.py:183} INFO - Processing /home/johnny/airflow/lib/python3.12/site-packages/airflow/example_dags/subdags/subdag.py took 0.039 seconds
[2024-07-07T20:16:14.742-0300] {processor.py:161} INFO - Started process (PID=40352) to work on /home/johnny/airflow/lib/python3.12/site-packages/airflow/example_dags/subdags/subdag.py
[2024-07-07T20:16:14.747-0300] {processor.py:830} INFO - Processing file /home/johnny/airflow/lib/python3.12/site-packages/airflow/example_dags/subdags/subdag.py for tasks to queue
[2024-07-07T20:16:14.749-0300] {logging_mixin.py:188} INFO - [2024-07-07T20:16:14.748-0300] {dagbag.py:545} INFO - Filling up the DagBag from /home/johnny/airflow/lib/python3.12/site-packages/airflow/example_dags/subdags/subdag.py
[2024-07-07T20:16:14.753-0300] {processor.py:842} WARNING - No viable dags retrieved from /home/johnny/airflow/lib/python3.12/site-packages/airflow/example_dags/subdags/subdag.py
[2024-07-07T20:16:14.773-0300] {processor.py:183} INFO - Processing /home/johnny/airflow/lib/python3.12/site-packages/airflow/example_dags/subdags/subdag.py took 0.043 seconds
[2024-07-07T20:17:17.910-0300] {processor.py:161} INFO - Started process (PID=40524) to work on /home/johnny/airflow/lib/python3.12/site-packages/airflow/example_dags/subdags/subdag.py
[2024-07-07T20:17:17.913-0300] {processor.py:830} INFO - Processing file /home/johnny/airflow/lib/python3.12/site-packages/airflow/example_dags/subdags/subdag.py for tasks to queue
[2024-07-07T20:17:17.916-0300] {logging_mixin.py:188} INFO - [2024-07-07T20:17:17.915-0300] {dagbag.py:545} INFO - Filling up the DagBag from /home/johnny/airflow/lib/python3.12/site-packages/airflow/example_dags/subdags/subdag.py
[2024-07-07T20:17:17.920-0300] {processor.py:842} WARNING - No viable dags retrieved from /home/johnny/airflow/lib/python3.12/site-packages/airflow/example_dags/subdags/subdag.py
[2024-07-07T20:17:17.939-0300] {processor.py:183} INFO - Processing /home/johnny/airflow/lib/python3.12/site-packages/airflow/example_dags/subdags/subdag.py took 0.044 seconds
[2024-07-07T20:18:20.777-0300] {processor.py:161} INFO - Started process (PID=40701) to work on /home/johnny/airflow/lib/python3.12/site-packages/airflow/example_dags/subdags/subdag.py
[2024-07-07T20:18:20.780-0300] {processor.py:830} INFO - Processing file /home/johnny/airflow/lib/python3.12/site-packages/airflow/example_dags/subdags/subdag.py for tasks to queue
[2024-07-07T20:18:20.782-0300] {logging_mixin.py:188} INFO - [2024-07-07T20:18:20.781-0300] {dagbag.py:545} INFO - Filling up the DagBag from /home/johnny/airflow/lib/python3.12/site-packages/airflow/example_dags/subdags/subdag.py
[2024-07-07T20:18:20.787-0300] {processor.py:842} WARNING - No viable dags retrieved from /home/johnny/airflow/lib/python3.12/site-packages/airflow/example_dags/subdags/subdag.py
[2024-07-07T20:18:20.808-0300] {processor.py:183} INFO - Processing /home/johnny/airflow/lib/python3.12/site-packages/airflow/example_dags/subdags/subdag.py took 0.042 seconds
[2024-07-07T20:19:23.456-0300] {processor.py:161} INFO - Started process (PID=40869) to work on /home/johnny/airflow/lib/python3.12/site-packages/airflow/example_dags/subdags/subdag.py
[2024-07-07T20:19:23.458-0300] {processor.py:830} INFO - Processing file /home/johnny/airflow/lib/python3.12/site-packages/airflow/example_dags/subdags/subdag.py for tasks to queue
[2024-07-07T20:19:23.461-0300] {logging_mixin.py:188} INFO - [2024-07-07T20:19:23.460-0300] {dagbag.py:545} INFO - Filling up the DagBag from /home/johnny/airflow/lib/python3.12/site-packages/airflow/example_dags/subdags/subdag.py
[2024-07-07T20:19:23.466-0300] {processor.py:842} WARNING - No viable dags retrieved from /home/johnny/airflow/lib/python3.12/site-packages/airflow/example_dags/subdags/subdag.py
[2024-07-07T20:19:23.487-0300] {processor.py:183} INFO - Processing /home/johnny/airflow/lib/python3.12/site-packages/airflow/example_dags/subdags/subdag.py took 0.047 seconds
[2024-07-07T20:20:25.493-0300] {processor.py:161} INFO - Started process (PID=41043) to work on /home/johnny/airflow/lib/python3.12/site-packages/airflow/example_dags/subdags/subdag.py
[2024-07-07T20:20:25.495-0300] {processor.py:830} INFO - Processing file /home/johnny/airflow/lib/python3.12/site-packages/airflow/example_dags/subdags/subdag.py for tasks to queue
[2024-07-07T20:20:25.497-0300] {logging_mixin.py:188} INFO - [2024-07-07T20:20:25.496-0300] {dagbag.py:545} INFO - Filling up the DagBag from /home/johnny/airflow/lib/python3.12/site-packages/airflow/example_dags/subdags/subdag.py
[2024-07-07T20:20:25.501-0300] {processor.py:842} WARNING - No viable dags retrieved from /home/johnny/airflow/lib/python3.12/site-packages/airflow/example_dags/subdags/subdag.py
[2024-07-07T20:20:25.520-0300] {processor.py:183} INFO - Processing /home/johnny/airflow/lib/python3.12/site-packages/airflow/example_dags/subdags/subdag.py took 0.038 seconds
[2024-07-07T20:20:59.288-0300] {processor.py:161} INFO - Started process (PID=41128) to work on /home/johnny/airflow/lib/python3.12/site-packages/airflow/example_dags/subdags/subdag.py
[2024-07-07T20:20:59.291-0300] {processor.py:830} INFO - Processing file /home/johnny/airflow/lib/python3.12/site-packages/airflow/example_dags/subdags/subdag.py for tasks to queue
[2024-07-07T20:20:59.294-0300] {logging_mixin.py:188} INFO - [2024-07-07T20:20:59.293-0300] {dagbag.py:545} INFO - Filling up the DagBag from /home/johnny/airflow/lib/python3.12/site-packages/airflow/example_dags/subdags/subdag.py
[2024-07-07T20:20:59.300-0300] {processor.py:842} WARNING - No viable dags retrieved from /home/johnny/airflow/lib/python3.12/site-packages/airflow/example_dags/subdags/subdag.py
[2024-07-07T20:20:59.321-0300] {processor.py:183} INFO - Processing /home/johnny/airflow/lib/python3.12/site-packages/airflow/example_dags/subdags/subdag.py took 0.046 seconds
[2024-07-07T20:21:58.642-0300] {processor.py:161} INFO - Started process (PID=41281) to work on /home/johnny/airflow/lib/python3.12/site-packages/airflow/example_dags/subdags/subdag.py
[2024-07-07T20:21:58.647-0300] {processor.py:830} INFO - Processing file /home/johnny/airflow/lib/python3.12/site-packages/airflow/example_dags/subdags/subdag.py for tasks to queue
[2024-07-07T20:21:58.650-0300] {logging_mixin.py:188} INFO - [2024-07-07T20:21:58.649-0300] {dagbag.py:545} INFO - Filling up the DagBag from /home/johnny/airflow/lib/python3.12/site-packages/airflow/example_dags/subdags/subdag.py
[2024-07-07T20:21:58.655-0300] {processor.py:842} WARNING - No viable dags retrieved from /home/johnny/airflow/lib/python3.12/site-packages/airflow/example_dags/subdags/subdag.py
[2024-07-07T20:21:58.679-0300] {processor.py:183} INFO - Processing /home/johnny/airflow/lib/python3.12/site-packages/airflow/example_dags/subdags/subdag.py took 0.049 seconds
[2024-07-07T20:22:34.410-0300] {processor.py:161} INFO - Started process (PID=41382) to work on /home/johnny/airflow/lib/python3.12/site-packages/airflow/example_dags/subdags/subdag.py
[2024-07-07T20:22:34.413-0300] {processor.py:830} INFO - Processing file /home/johnny/airflow/lib/python3.12/site-packages/airflow/example_dags/subdags/subdag.py for tasks to queue
[2024-07-07T20:22:34.415-0300] {logging_mixin.py:188} INFO - [2024-07-07T20:22:34.414-0300] {dagbag.py:545} INFO - Filling up the DagBag from /home/johnny/airflow/lib/python3.12/site-packages/airflow/example_dags/subdags/subdag.py
[2024-07-07T20:22:34.419-0300] {processor.py:842} WARNING - No viable dags retrieved from /home/johnny/airflow/lib/python3.12/site-packages/airflow/example_dags/subdags/subdag.py
[2024-07-07T20:22:34.441-0300] {processor.py:183} INFO - Processing /home/johnny/airflow/lib/python3.12/site-packages/airflow/example_dags/subdags/subdag.py took 0.045 seconds
[2024-07-07T20:23:36.607-0300] {processor.py:161} INFO - Started process (PID=41552) to work on /home/johnny/airflow/lib/python3.12/site-packages/airflow/example_dags/subdags/subdag.py
[2024-07-07T20:23:36.610-0300] {processor.py:830} INFO - Processing file /home/johnny/airflow/lib/python3.12/site-packages/airflow/example_dags/subdags/subdag.py for tasks to queue
[2024-07-07T20:23:36.612-0300] {logging_mixin.py:188} INFO - [2024-07-07T20:23:36.611-0300] {dagbag.py:545} INFO - Filling up the DagBag from /home/johnny/airflow/lib/python3.12/site-packages/airflow/example_dags/subdags/subdag.py
[2024-07-07T20:23:36.617-0300] {processor.py:842} WARNING - No viable dags retrieved from /home/johnny/airflow/lib/python3.12/site-packages/airflow/example_dags/subdags/subdag.py
[2024-07-07T20:23:36.636-0300] {processor.py:183} INFO - Processing /home/johnny/airflow/lib/python3.12/site-packages/airflow/example_dags/subdags/subdag.py took 0.041 seconds
[2024-07-07T20:24:10.333-0300] {processor.py:161} INFO - Started process (PID=41645) to work on /home/johnny/airflow/lib/python3.12/site-packages/airflow/example_dags/subdags/subdag.py
[2024-07-07T20:24:10.339-0300] {processor.py:830} INFO - Processing file /home/johnny/airflow/lib/python3.12/site-packages/airflow/example_dags/subdags/subdag.py for tasks to queue
[2024-07-07T20:24:10.341-0300] {logging_mixin.py:188} INFO - [2024-07-07T20:24:10.340-0300] {dagbag.py:545} INFO - Filling up the DagBag from /home/johnny/airflow/lib/python3.12/site-packages/airflow/example_dags/subdags/subdag.py
[2024-07-07T20:24:10.346-0300] {processor.py:842} WARNING - No viable dags retrieved from /home/johnny/airflow/lib/python3.12/site-packages/airflow/example_dags/subdags/subdag.py
[2024-07-07T20:24:10.368-0300] {processor.py:183} INFO - Processing /home/johnny/airflow/lib/python3.12/site-packages/airflow/example_dags/subdags/subdag.py took 0.048 seconds
[2024-07-07T20:25:10.958-0300] {processor.py:161} INFO - Started process (PID=41806) to work on /home/johnny/airflow/lib/python3.12/site-packages/airflow/example_dags/subdags/subdag.py
[2024-07-07T20:25:10.963-0300] {processor.py:830} INFO - Processing file /home/johnny/airflow/lib/python3.12/site-packages/airflow/example_dags/subdags/subdag.py for tasks to queue
[2024-07-07T20:25:10.966-0300] {logging_mixin.py:188} INFO - [2024-07-07T20:25:10.965-0300] {dagbag.py:545} INFO - Filling up the DagBag from /home/johnny/airflow/lib/python3.12/site-packages/airflow/example_dags/subdags/subdag.py
[2024-07-07T20:25:10.971-0300] {processor.py:842} WARNING - No viable dags retrieved from /home/johnny/airflow/lib/python3.12/site-packages/airflow/example_dags/subdags/subdag.py
[2024-07-07T20:25:10.993-0300] {processor.py:183} INFO - Processing /home/johnny/airflow/lib/python3.12/site-packages/airflow/example_dags/subdags/subdag.py took 0.048 seconds
[2024-07-07T20:26:09.463-0300] {processor.py:161} INFO - Started process (PID=41967) to work on /home/johnny/airflow/lib/python3.12/site-packages/airflow/example_dags/subdags/subdag.py
[2024-07-07T20:26:09.468-0300] {processor.py:830} INFO - Processing file /home/johnny/airflow/lib/python3.12/site-packages/airflow/example_dags/subdags/subdag.py for tasks to queue
[2024-07-07T20:26:09.471-0300] {logging_mixin.py:188} INFO - [2024-07-07T20:26:09.470-0300] {dagbag.py:545} INFO - Filling up the DagBag from /home/johnny/airflow/lib/python3.12/site-packages/airflow/example_dags/subdags/subdag.py
[2024-07-07T20:26:09.474-0300] {processor.py:842} WARNING - No viable dags retrieved from /home/johnny/airflow/lib/python3.12/site-packages/airflow/example_dags/subdags/subdag.py
[2024-07-07T20:26:09.493-0300] {processor.py:183} INFO - Processing /home/johnny/airflow/lib/python3.12/site-packages/airflow/example_dags/subdags/subdag.py took 0.041 seconds
[2024-07-07T20:27:12.931-0300] {processor.py:161} INFO - Started process (PID=42136) to work on /home/johnny/airflow/lib/python3.12/site-packages/airflow/example_dags/subdags/subdag.py
[2024-07-07T20:27:12.934-0300] {processor.py:830} INFO - Processing file /home/johnny/airflow/lib/python3.12/site-packages/airflow/example_dags/subdags/subdag.py for tasks to queue
[2024-07-07T20:27:12.936-0300] {logging_mixin.py:188} INFO - [2024-07-07T20:27:12.935-0300] {dagbag.py:545} INFO - Filling up the DagBag from /home/johnny/airflow/lib/python3.12/site-packages/airflow/example_dags/subdags/subdag.py
[2024-07-07T20:27:12.940-0300] {processor.py:842} WARNING - No viable dags retrieved from /home/johnny/airflow/lib/python3.12/site-packages/airflow/example_dags/subdags/subdag.py
[2024-07-07T20:27:12.959-0300] {processor.py:183} INFO - Processing /home/johnny/airflow/lib/python3.12/site-packages/airflow/example_dags/subdags/subdag.py took 0.040 seconds
[2024-07-07T20:27:48.024-0300] {processor.py:161} INFO - Started process (PID=42229) to work on /home/johnny/airflow/lib/python3.12/site-packages/airflow/example_dags/subdags/subdag.py
[2024-07-07T20:27:48.026-0300] {processor.py:830} INFO - Processing file /home/johnny/airflow/lib/python3.12/site-packages/airflow/example_dags/subdags/subdag.py for tasks to queue
[2024-07-07T20:27:48.028-0300] {logging_mixin.py:188} INFO - [2024-07-07T20:27:48.027-0300] {dagbag.py:545} INFO - Filling up the DagBag from /home/johnny/airflow/lib/python3.12/site-packages/airflow/example_dags/subdags/subdag.py
[2024-07-07T20:27:48.033-0300] {processor.py:842} WARNING - No viable dags retrieved from /home/johnny/airflow/lib/python3.12/site-packages/airflow/example_dags/subdags/subdag.py
[2024-07-07T20:27:48.056-0300] {processor.py:183} INFO - Processing /home/johnny/airflow/lib/python3.12/site-packages/airflow/example_dags/subdags/subdag.py took 0.044 seconds
[2024-07-07T20:28:23.714-0300] {processor.py:161} INFO - Started process (PID=42328) to work on /home/johnny/airflow/lib/python3.12/site-packages/airflow/example_dags/subdags/subdag.py
[2024-07-07T20:28:23.720-0300] {processor.py:830} INFO - Processing file /home/johnny/airflow/lib/python3.12/site-packages/airflow/example_dags/subdags/subdag.py for tasks to queue
[2024-07-07T20:28:23.722-0300] {logging_mixin.py:188} INFO - [2024-07-07T20:28:23.721-0300] {dagbag.py:545} INFO - Filling up the DagBag from /home/johnny/airflow/lib/python3.12/site-packages/airflow/example_dags/subdags/subdag.py
[2024-07-07T20:28:23.726-0300] {processor.py:842} WARNING - No viable dags retrieved from /home/johnny/airflow/lib/python3.12/site-packages/airflow/example_dags/subdags/subdag.py
[2024-07-07T20:28:23.745-0300] {processor.py:183} INFO - Processing /home/johnny/airflow/lib/python3.12/site-packages/airflow/example_dags/subdags/subdag.py took 0.042 seconds
[2024-07-07T20:28:59.659-0300] {processor.py:161} INFO - Started process (PID=42429) to work on /home/johnny/airflow/lib/python3.12/site-packages/airflow/example_dags/subdags/subdag.py
[2024-07-07T20:28:59.661-0300] {processor.py:830} INFO - Processing file /home/johnny/airflow/lib/python3.12/site-packages/airflow/example_dags/subdags/subdag.py for tasks to queue
[2024-07-07T20:28:59.663-0300] {logging_mixin.py:188} INFO - [2024-07-07T20:28:59.662-0300] {dagbag.py:545} INFO - Filling up the DagBag from /home/johnny/airflow/lib/python3.12/site-packages/airflow/example_dags/subdags/subdag.py
[2024-07-07T20:28:59.668-0300] {processor.py:842} WARNING - No viable dags retrieved from /home/johnny/airflow/lib/python3.12/site-packages/airflow/example_dags/subdags/subdag.py
[2024-07-07T20:28:59.688-0300] {processor.py:183} INFO - Processing /home/johnny/airflow/lib/python3.12/site-packages/airflow/example_dags/subdags/subdag.py took 0.043 seconds
[2024-07-07T20:30:04.441-0300] {processor.py:161} INFO - Started process (PID=42604) to work on /home/johnny/airflow/lib/python3.12/site-packages/airflow/example_dags/subdags/subdag.py
[2024-07-07T20:30:04.444-0300] {processor.py:830} INFO - Processing file /home/johnny/airflow/lib/python3.12/site-packages/airflow/example_dags/subdags/subdag.py for tasks to queue
[2024-07-07T20:30:04.446-0300] {logging_mixin.py:188} INFO - [2024-07-07T20:30:04.445-0300] {dagbag.py:545} INFO - Filling up the DagBag from /home/johnny/airflow/lib/python3.12/site-packages/airflow/example_dags/subdags/subdag.py
[2024-07-07T20:30:04.451-0300] {processor.py:842} WARNING - No viable dags retrieved from /home/johnny/airflow/lib/python3.12/site-packages/airflow/example_dags/subdags/subdag.py
[2024-07-07T20:30:04.473-0300] {processor.py:183} INFO - Processing /home/johnny/airflow/lib/python3.12/site-packages/airflow/example_dags/subdags/subdag.py took 0.044 seconds
[2024-07-07T20:30:38.576-0300] {processor.py:161} INFO - Started process (PID=42707) to work on /home/johnny/airflow/lib/python3.12/site-packages/airflow/example_dags/subdags/subdag.py
[2024-07-07T20:30:38.577-0300] {processor.py:830} INFO - Processing file /home/johnny/airflow/lib/python3.12/site-packages/airflow/example_dags/subdags/subdag.py for tasks to queue
[2024-07-07T20:30:38.579-0300] {logging_mixin.py:188} INFO - [2024-07-07T20:30:38.579-0300] {dagbag.py:545} INFO - Filling up the DagBag from /home/johnny/airflow/lib/python3.12/site-packages/airflow/example_dags/subdags/subdag.py
[2024-07-07T20:30:38.584-0300] {processor.py:842} WARNING - No viable dags retrieved from /home/johnny/airflow/lib/python3.12/site-packages/airflow/example_dags/subdags/subdag.py
[2024-07-07T20:30:38.604-0300] {processor.py:183} INFO - Processing /home/johnny/airflow/lib/python3.12/site-packages/airflow/example_dags/subdags/subdag.py took 0.040 seconds
[2024-07-07T20:31:39.207-0300] {processor.py:161} INFO - Started process (PID=42864) to work on /home/johnny/airflow/lib/python3.12/site-packages/airflow/example_dags/subdags/subdag.py
[2024-07-07T20:31:39.210-0300] {processor.py:830} INFO - Processing file /home/johnny/airflow/lib/python3.12/site-packages/airflow/example_dags/subdags/subdag.py for tasks to queue
[2024-07-07T20:31:39.212-0300] {logging_mixin.py:188} INFO - [2024-07-07T20:31:39.211-0300] {dagbag.py:545} INFO - Filling up the DagBag from /home/johnny/airflow/lib/python3.12/site-packages/airflow/example_dags/subdags/subdag.py
[2024-07-07T20:31:39.216-0300] {processor.py:842} WARNING - No viable dags retrieved from /home/johnny/airflow/lib/python3.12/site-packages/airflow/example_dags/subdags/subdag.py
[2024-07-07T20:31:39.235-0300] {processor.py:183} INFO - Processing /home/johnny/airflow/lib/python3.12/site-packages/airflow/example_dags/subdags/subdag.py took 0.039 seconds
[2024-07-07T20:32:40.239-0300] {processor.py:161} INFO - Started process (PID=43041) to work on /home/johnny/airflow/lib/python3.12/site-packages/airflow/example_dags/subdags/subdag.py
[2024-07-07T20:32:40.242-0300] {processor.py:830} INFO - Processing file /home/johnny/airflow/lib/python3.12/site-packages/airflow/example_dags/subdags/subdag.py for tasks to queue
[2024-07-07T20:32:40.245-0300] {logging_mixin.py:188} INFO - [2024-07-07T20:32:40.244-0300] {dagbag.py:545} INFO - Filling up the DagBag from /home/johnny/airflow/lib/python3.12/site-packages/airflow/example_dags/subdags/subdag.py
[2024-07-07T20:32:40.250-0300] {processor.py:842} WARNING - No viable dags retrieved from /home/johnny/airflow/lib/python3.12/site-packages/airflow/example_dags/subdags/subdag.py
[2024-07-07T20:32:40.270-0300] {processor.py:183} INFO - Processing /home/johnny/airflow/lib/python3.12/site-packages/airflow/example_dags/subdags/subdag.py took 0.047 seconds
[2024-07-07T20:33:31.444-0300] {processor.py:161} INFO - Started process (PID=43195) to work on /home/johnny/airflow/lib/python3.12/site-packages/airflow/example_dags/subdags/subdag.py
[2024-07-07T20:33:31.446-0300] {processor.py:830} INFO - Processing file /home/johnny/airflow/lib/python3.12/site-packages/airflow/example_dags/subdags/subdag.py for tasks to queue
[2024-07-07T20:33:31.448-0300] {logging_mixin.py:188} INFO - [2024-07-07T20:33:31.448-0300] {dagbag.py:545} INFO - Filling up the DagBag from /home/johnny/airflow/lib/python3.12/site-packages/airflow/example_dags/subdags/subdag.py
[2024-07-07T20:33:31.453-0300] {processor.py:842} WARNING - No viable dags retrieved from /home/johnny/airflow/lib/python3.12/site-packages/airflow/example_dags/subdags/subdag.py
[2024-07-07T20:33:31.478-0300] {processor.py:183} INFO - Processing /home/johnny/airflow/lib/python3.12/site-packages/airflow/example_dags/subdags/subdag.py took 0.046 seconds
[2024-07-07T20:34:16.876-0300] {processor.py:161} INFO - Started process (PID=43327) to work on /home/johnny/airflow/lib/python3.12/site-packages/airflow/example_dags/subdags/subdag.py
[2024-07-07T20:34:16.879-0300] {processor.py:830} INFO - Processing file /home/johnny/airflow/lib/python3.12/site-packages/airflow/example_dags/subdags/subdag.py for tasks to queue
[2024-07-07T20:34:16.882-0300] {logging_mixin.py:188} INFO - [2024-07-07T20:34:16.881-0300] {dagbag.py:545} INFO - Filling up the DagBag from /home/johnny/airflow/lib/python3.12/site-packages/airflow/example_dags/subdags/subdag.py
[2024-07-07T20:34:16.887-0300] {processor.py:842} WARNING - No viable dags retrieved from /home/johnny/airflow/lib/python3.12/site-packages/airflow/example_dags/subdags/subdag.py
[2024-07-07T20:34:16.916-0300] {processor.py:183} INFO - Processing /home/johnny/airflow/lib/python3.12/site-packages/airflow/example_dags/subdags/subdag.py took 0.055 seconds
[2024-07-07T20:35:19.962-0300] {processor.py:161} INFO - Started process (PID=43495) to work on /home/johnny/airflow/lib/python3.12/site-packages/airflow/example_dags/subdags/subdag.py
[2024-07-07T20:35:19.965-0300] {processor.py:830} INFO - Processing file /home/johnny/airflow/lib/python3.12/site-packages/airflow/example_dags/subdags/subdag.py for tasks to queue
[2024-07-07T20:35:19.968-0300] {logging_mixin.py:188} INFO - [2024-07-07T20:35:19.967-0300] {dagbag.py:545} INFO - Filling up the DagBag from /home/johnny/airflow/lib/python3.12/site-packages/airflow/example_dags/subdags/subdag.py
[2024-07-07T20:35:19.973-0300] {processor.py:842} WARNING - No viable dags retrieved from /home/johnny/airflow/lib/python3.12/site-packages/airflow/example_dags/subdags/subdag.py
[2024-07-07T20:35:19.992-0300] {processor.py:183} INFO - Processing /home/johnny/airflow/lib/python3.12/site-packages/airflow/example_dags/subdags/subdag.py took 0.046 seconds
[2024-07-07T20:36:23.754-0300] {processor.py:161} INFO - Started process (PID=43669) to work on /home/johnny/airflow/lib/python3.12/site-packages/airflow/example_dags/subdags/subdag.py
[2024-07-07T20:36:23.756-0300] {processor.py:830} INFO - Processing file /home/johnny/airflow/lib/python3.12/site-packages/airflow/example_dags/subdags/subdag.py for tasks to queue
[2024-07-07T20:36:23.757-0300] {logging_mixin.py:188} INFO - [2024-07-07T20:36:23.757-0300] {dagbag.py:545} INFO - Filling up the DagBag from /home/johnny/airflow/lib/python3.12/site-packages/airflow/example_dags/subdags/subdag.py
[2024-07-07T20:36:23.761-0300] {processor.py:842} WARNING - No viable dags retrieved from /home/johnny/airflow/lib/python3.12/site-packages/airflow/example_dags/subdags/subdag.py
[2024-07-07T20:36:23.779-0300] {processor.py:183} INFO - Processing /home/johnny/airflow/lib/python3.12/site-packages/airflow/example_dags/subdags/subdag.py took 0.035 seconds
[2024-07-07T20:37:27.126-0300] {processor.py:161} INFO - Started process (PID=43839) to work on /home/johnny/airflow/lib/python3.12/site-packages/airflow/example_dags/subdags/subdag.py
[2024-07-07T20:37:27.130-0300] {processor.py:830} INFO - Processing file /home/johnny/airflow/lib/python3.12/site-packages/airflow/example_dags/subdags/subdag.py for tasks to queue
[2024-07-07T20:37:27.132-0300] {logging_mixin.py:188} INFO - [2024-07-07T20:37:27.131-0300] {dagbag.py:545} INFO - Filling up the DagBag from /home/johnny/airflow/lib/python3.12/site-packages/airflow/example_dags/subdags/subdag.py
[2024-07-07T20:37:27.137-0300] {processor.py:842} WARNING - No viable dags retrieved from /home/johnny/airflow/lib/python3.12/site-packages/airflow/example_dags/subdags/subdag.py
[2024-07-07T20:37:27.163-0300] {processor.py:183} INFO - Processing /home/johnny/airflow/lib/python3.12/site-packages/airflow/example_dags/subdags/subdag.py took 0.054 seconds
[2024-07-07T20:38:27.314-0300] {processor.py:161} INFO - Started process (PID=44002) to work on /home/johnny/airflow/lib/python3.12/site-packages/airflow/example_dags/subdags/subdag.py
[2024-07-07T20:38:27.317-0300] {processor.py:830} INFO - Processing file /home/johnny/airflow/lib/python3.12/site-packages/airflow/example_dags/subdags/subdag.py for tasks to queue
[2024-07-07T20:38:27.319-0300] {logging_mixin.py:188} INFO - [2024-07-07T20:38:27.318-0300] {dagbag.py:545} INFO - Filling up the DagBag from /home/johnny/airflow/lib/python3.12/site-packages/airflow/example_dags/subdags/subdag.py
[2024-07-07T20:38:27.323-0300] {processor.py:842} WARNING - No viable dags retrieved from /home/johnny/airflow/lib/python3.12/site-packages/airflow/example_dags/subdags/subdag.py
[2024-07-07T20:38:27.345-0300] {processor.py:183} INFO - Processing /home/johnny/airflow/lib/python3.12/site-packages/airflow/example_dags/subdags/subdag.py took 0.044 seconds
[2024-07-07T20:39:00.899-0300] {processor.py:161} INFO - Started process (PID=44094) to work on /home/johnny/airflow/lib/python3.12/site-packages/airflow/example_dags/subdags/subdag.py
[2024-07-07T20:39:00.901-0300] {processor.py:830} INFO - Processing file /home/johnny/airflow/lib/python3.12/site-packages/airflow/example_dags/subdags/subdag.py for tasks to queue
[2024-07-07T20:39:00.905-0300] {logging_mixin.py:188} INFO - [2024-07-07T20:39:00.903-0300] {dagbag.py:545} INFO - Filling up the DagBag from /home/johnny/airflow/lib/python3.12/site-packages/airflow/example_dags/subdags/subdag.py
[2024-07-07T20:39:00.909-0300] {processor.py:842} WARNING - No viable dags retrieved from /home/johnny/airflow/lib/python3.12/site-packages/airflow/example_dags/subdags/subdag.py
[2024-07-07T20:39:00.923-0300] {processor.py:183} INFO - Processing /home/johnny/airflow/lib/python3.12/site-packages/airflow/example_dags/subdags/subdag.py took 0.045 seconds
[2024-07-07T20:39:36.322-0300] {processor.py:161} INFO - Started process (PID=44184) to work on /home/johnny/airflow/lib/python3.12/site-packages/airflow/example_dags/subdags/subdag.py
[2024-07-07T20:39:36.325-0300] {processor.py:830} INFO - Processing file /home/johnny/airflow/lib/python3.12/site-packages/airflow/example_dags/subdags/subdag.py for tasks to queue
[2024-07-07T20:39:36.327-0300] {logging_mixin.py:188} INFO - [2024-07-07T20:39:36.326-0300] {dagbag.py:545} INFO - Filling up the DagBag from /home/johnny/airflow/lib/python3.12/site-packages/airflow/example_dags/subdags/subdag.py
[2024-07-07T20:39:36.332-0300] {processor.py:842} WARNING - No viable dags retrieved from /home/johnny/airflow/lib/python3.12/site-packages/airflow/example_dags/subdags/subdag.py
[2024-07-07T20:39:36.350-0300] {processor.py:183} INFO - Processing /home/johnny/airflow/lib/python3.12/site-packages/airflow/example_dags/subdags/subdag.py took 0.040 seconds
[2024-07-07T20:40:10.173-0300] {processor.py:161} INFO - Started process (PID=44279) to work on /home/johnny/airflow/lib/python3.12/site-packages/airflow/example_dags/subdags/subdag.py
[2024-07-07T20:40:10.175-0300] {processor.py:830} INFO - Processing file /home/johnny/airflow/lib/python3.12/site-packages/airflow/example_dags/subdags/subdag.py for tasks to queue
[2024-07-07T20:40:10.177-0300] {logging_mixin.py:188} INFO - [2024-07-07T20:40:10.176-0300] {dagbag.py:545} INFO - Filling up the DagBag from /home/johnny/airflow/lib/python3.12/site-packages/airflow/example_dags/subdags/subdag.py
[2024-07-07T20:40:10.181-0300] {processor.py:842} WARNING - No viable dags retrieved from /home/johnny/airflow/lib/python3.12/site-packages/airflow/example_dags/subdags/subdag.py
[2024-07-07T20:40:10.198-0300] {processor.py:183} INFO - Processing /home/johnny/airflow/lib/python3.12/site-packages/airflow/example_dags/subdags/subdag.py took 0.037 seconds
[2024-07-07T20:41:17.784-0300] {processor.py:161} INFO - Started process (PID=44458) to work on /home/johnny/airflow/lib/python3.12/site-packages/airflow/example_dags/subdags/subdag.py
[2024-07-07T20:41:17.788-0300] {processor.py:830} INFO - Processing file /home/johnny/airflow/lib/python3.12/site-packages/airflow/example_dags/subdags/subdag.py for tasks to queue
[2024-07-07T20:41:17.791-0300] {logging_mixin.py:188} INFO - [2024-07-07T20:41:17.790-0300] {dagbag.py:545} INFO - Filling up the DagBag from /home/johnny/airflow/lib/python3.12/site-packages/airflow/example_dags/subdags/subdag.py
[2024-07-07T20:41:17.797-0300] {processor.py:842} WARNING - No viable dags retrieved from /home/johnny/airflow/lib/python3.12/site-packages/airflow/example_dags/subdags/subdag.py
[2024-07-07T20:41:17.820-0300] {processor.py:183} INFO - Processing /home/johnny/airflow/lib/python3.12/site-packages/airflow/example_dags/subdags/subdag.py took 0.055 seconds
[2024-07-07T20:41:54.182-0300] {processor.py:161} INFO - Started process (PID=44556) to work on /home/johnny/airflow/lib/python3.12/site-packages/airflow/example_dags/subdags/subdag.py
[2024-07-07T20:41:54.187-0300] {processor.py:830} INFO - Processing file /home/johnny/airflow/lib/python3.12/site-packages/airflow/example_dags/subdags/subdag.py for tasks to queue
[2024-07-07T20:41:54.189-0300] {logging_mixin.py:188} INFO - [2024-07-07T20:41:54.188-0300] {dagbag.py:545} INFO - Filling up the DagBag from /home/johnny/airflow/lib/python3.12/site-packages/airflow/example_dags/subdags/subdag.py
[2024-07-07T20:41:54.194-0300] {processor.py:842} WARNING - No viable dags retrieved from /home/johnny/airflow/lib/python3.12/site-packages/airflow/example_dags/subdags/subdag.py
[2024-07-07T20:41:54.208-0300] {processor.py:183} INFO - Processing /home/johnny/airflow/lib/python3.12/site-packages/airflow/example_dags/subdags/subdag.py took 0.035 seconds
[2024-07-07T20:42:56.908-0300] {processor.py:161} INFO - Started process (PID=44727) to work on /home/johnny/airflow/lib/python3.12/site-packages/airflow/example_dags/subdags/subdag.py
[2024-07-07T20:42:56.914-0300] {processor.py:830} INFO - Processing file /home/johnny/airflow/lib/python3.12/site-packages/airflow/example_dags/subdags/subdag.py for tasks to queue
[2024-07-07T20:42:56.916-0300] {logging_mixin.py:188} INFO - [2024-07-07T20:42:56.915-0300] {dagbag.py:545} INFO - Filling up the DagBag from /home/johnny/airflow/lib/python3.12/site-packages/airflow/example_dags/subdags/subdag.py
[2024-07-07T20:42:56.920-0300] {processor.py:842} WARNING - No viable dags retrieved from /home/johnny/airflow/lib/python3.12/site-packages/airflow/example_dags/subdags/subdag.py
[2024-07-07T20:42:56.941-0300] {processor.py:183} INFO - Processing /home/johnny/airflow/lib/python3.12/site-packages/airflow/example_dags/subdags/subdag.py took 0.044 seconds
[2024-07-07T20:43:30.747-0300] {processor.py:161} INFO - Started process (PID=44820) to work on /home/johnny/airflow/lib/python3.12/site-packages/airflow/example_dags/subdags/subdag.py
[2024-07-07T20:43:30.750-0300] {processor.py:830} INFO - Processing file /home/johnny/airflow/lib/python3.12/site-packages/airflow/example_dags/subdags/subdag.py for tasks to queue
[2024-07-07T20:43:30.752-0300] {logging_mixin.py:188} INFO - [2024-07-07T20:43:30.751-0300] {dagbag.py:545} INFO - Filling up the DagBag from /home/johnny/airflow/lib/python3.12/site-packages/airflow/example_dags/subdags/subdag.py
[2024-07-07T20:43:30.756-0300] {processor.py:842} WARNING - No viable dags retrieved from /home/johnny/airflow/lib/python3.12/site-packages/airflow/example_dags/subdags/subdag.py
[2024-07-07T20:43:30.777-0300] {processor.py:183} INFO - Processing /home/johnny/airflow/lib/python3.12/site-packages/airflow/example_dags/subdags/subdag.py took 0.041 seconds
[2024-07-07T20:44:39.206-0300] {processor.py:161} INFO - Started process (PID=45003) to work on /home/johnny/airflow/lib/python3.12/site-packages/airflow/example_dags/subdags/subdag.py
[2024-07-07T20:44:39.208-0300] {processor.py:830} INFO - Processing file /home/johnny/airflow/lib/python3.12/site-packages/airflow/example_dags/subdags/subdag.py for tasks to queue
[2024-07-07T20:44:39.210-0300] {logging_mixin.py:188} INFO - [2024-07-07T20:44:39.210-0300] {dagbag.py:545} INFO - Filling up the DagBag from /home/johnny/airflow/lib/python3.12/site-packages/airflow/example_dags/subdags/subdag.py
[2024-07-07T20:44:39.214-0300] {processor.py:842} WARNING - No viable dags retrieved from /home/johnny/airflow/lib/python3.12/site-packages/airflow/example_dags/subdags/subdag.py
[2024-07-07T20:44:39.234-0300] {processor.py:183} INFO - Processing /home/johnny/airflow/lib/python3.12/site-packages/airflow/example_dags/subdags/subdag.py took 0.044 seconds
[2024-07-07T20:45:14.330-0300] {processor.py:161} INFO - Started process (PID=45097) to work on /home/johnny/airflow/lib/python3.12/site-packages/airflow/example_dags/subdags/subdag.py
[2024-07-07T20:45:14.332-0300] {processor.py:830} INFO - Processing file /home/johnny/airflow/lib/python3.12/site-packages/airflow/example_dags/subdags/subdag.py for tasks to queue
[2024-07-07T20:45:14.334-0300] {logging_mixin.py:188} INFO - [2024-07-07T20:45:14.333-0300] {dagbag.py:545} INFO - Filling up the DagBag from /home/johnny/airflow/lib/python3.12/site-packages/airflow/example_dags/subdags/subdag.py
[2024-07-07T20:45:14.338-0300] {processor.py:842} WARNING - No viable dags retrieved from /home/johnny/airflow/lib/python3.12/site-packages/airflow/example_dags/subdags/subdag.py
[2024-07-07T20:45:14.357-0300] {processor.py:183} INFO - Processing /home/johnny/airflow/lib/python3.12/site-packages/airflow/example_dags/subdags/subdag.py took 0.039 seconds
[2024-07-07T20:46:19.769-0300] {processor.py:161} INFO - Started process (PID=45274) to work on /home/johnny/airflow/lib/python3.12/site-packages/airflow/example_dags/subdags/subdag.py
[2024-07-07T20:46:19.772-0300] {processor.py:830} INFO - Processing file /home/johnny/airflow/lib/python3.12/site-packages/airflow/example_dags/subdags/subdag.py for tasks to queue
[2024-07-07T20:46:19.775-0300] {logging_mixin.py:188} INFO - [2024-07-07T20:46:19.774-0300] {dagbag.py:545} INFO - Filling up the DagBag from /home/johnny/airflow/lib/python3.12/site-packages/airflow/example_dags/subdags/subdag.py
[2024-07-07T20:46:19.779-0300] {processor.py:842} WARNING - No viable dags retrieved from /home/johnny/airflow/lib/python3.12/site-packages/airflow/example_dags/subdags/subdag.py
[2024-07-07T20:46:19.798-0300] {processor.py:183} INFO - Processing /home/johnny/airflow/lib/python3.12/site-packages/airflow/example_dags/subdags/subdag.py took 0.040 seconds
[2024-07-07T20:46:53.700-0300] {processor.py:161} INFO - Started process (PID=45371) to work on /home/johnny/airflow/lib/python3.12/site-packages/airflow/example_dags/subdags/subdag.py
[2024-07-07T20:46:53.703-0300] {processor.py:830} INFO - Processing file /home/johnny/airflow/lib/python3.12/site-packages/airflow/example_dags/subdags/subdag.py for tasks to queue
[2024-07-07T20:46:53.706-0300] {logging_mixin.py:188} INFO - [2024-07-07T20:46:53.704-0300] {dagbag.py:545} INFO - Filling up the DagBag from /home/johnny/airflow/lib/python3.12/site-packages/airflow/example_dags/subdags/subdag.py
[2024-07-07T20:46:53.711-0300] {processor.py:842} WARNING - No viable dags retrieved from /home/johnny/airflow/lib/python3.12/site-packages/airflow/example_dags/subdags/subdag.py
[2024-07-07T20:46:53.735-0300] {processor.py:183} INFO - Processing /home/johnny/airflow/lib/python3.12/site-packages/airflow/example_dags/subdags/subdag.py took 0.048 seconds
[2024-07-07T20:47:57.753-0300] {processor.py:161} INFO - Started process (PID=45544) to work on /home/johnny/airflow/lib/python3.12/site-packages/airflow/example_dags/subdags/subdag.py
[2024-07-07T20:47:57.759-0300] {processor.py:830} INFO - Processing file /home/johnny/airflow/lib/python3.12/site-packages/airflow/example_dags/subdags/subdag.py for tasks to queue
[2024-07-07T20:47:57.762-0300] {logging_mixin.py:188} INFO - [2024-07-07T20:47:57.761-0300] {dagbag.py:545} INFO - Filling up the DagBag from /home/johnny/airflow/lib/python3.12/site-packages/airflow/example_dags/subdags/subdag.py
[2024-07-07T20:47:57.766-0300] {processor.py:842} WARNING - No viable dags retrieved from /home/johnny/airflow/lib/python3.12/site-packages/airflow/example_dags/subdags/subdag.py
[2024-07-07T20:47:57.785-0300] {processor.py:183} INFO - Processing /home/johnny/airflow/lib/python3.12/site-packages/airflow/example_dags/subdags/subdag.py took 0.043 seconds
[2024-07-07T20:48:32.022-0300] {processor.py:161} INFO - Started process (PID=45628) to work on /home/johnny/airflow/lib/python3.12/site-packages/airflow/example_dags/subdags/subdag.py
[2024-07-07T20:48:32.028-0300] {processor.py:830} INFO - Processing file /home/johnny/airflow/lib/python3.12/site-packages/airflow/example_dags/subdags/subdag.py for tasks to queue
[2024-07-07T20:48:32.030-0300] {logging_mixin.py:188} INFO - [2024-07-07T20:48:32.029-0300] {dagbag.py:545} INFO - Filling up the DagBag from /home/johnny/airflow/lib/python3.12/site-packages/airflow/example_dags/subdags/subdag.py
[2024-07-07T20:48:32.034-0300] {processor.py:842} WARNING - No viable dags retrieved from /home/johnny/airflow/lib/python3.12/site-packages/airflow/example_dags/subdags/subdag.py
[2024-07-07T20:48:32.053-0300] {processor.py:183} INFO - Processing /home/johnny/airflow/lib/python3.12/site-packages/airflow/example_dags/subdags/subdag.py took 0.042 seconds
[2024-07-07T20:49:05.799-0300] {processor.py:161} INFO - Started process (PID=45728) to work on /home/johnny/airflow/lib/python3.12/site-packages/airflow/example_dags/subdags/subdag.py
[2024-07-07T20:49:05.801-0300] {processor.py:830} INFO - Processing file /home/johnny/airflow/lib/python3.12/site-packages/airflow/example_dags/subdags/subdag.py for tasks to queue
[2024-07-07T20:49:05.803-0300] {logging_mixin.py:188} INFO - [2024-07-07T20:49:05.803-0300] {dagbag.py:545} INFO - Filling up the DagBag from /home/johnny/airflow/lib/python3.12/site-packages/airflow/example_dags/subdags/subdag.py
[2024-07-07T20:49:05.808-0300] {processor.py:842} WARNING - No viable dags retrieved from /home/johnny/airflow/lib/python3.12/site-packages/airflow/example_dags/subdags/subdag.py
[2024-07-07T20:49:05.828-0300] {processor.py:183} INFO - Processing /home/johnny/airflow/lib/python3.12/site-packages/airflow/example_dags/subdags/subdag.py took 0.042 seconds
[2024-07-07T20:49:40.551-0300] {processor.py:161} INFO - Started process (PID=45812) to work on /home/johnny/airflow/lib/python3.12/site-packages/airflow/example_dags/subdags/subdag.py
[2024-07-07T20:49:40.553-0300] {processor.py:830} INFO - Processing file /home/johnny/airflow/lib/python3.12/site-packages/airflow/example_dags/subdags/subdag.py for tasks to queue
[2024-07-07T20:49:40.555-0300] {logging_mixin.py:188} INFO - [2024-07-07T20:49:40.554-0300] {dagbag.py:545} INFO - Filling up the DagBag from /home/johnny/airflow/lib/python3.12/site-packages/airflow/example_dags/subdags/subdag.py
[2024-07-07T20:49:40.559-0300] {processor.py:842} WARNING - No viable dags retrieved from /home/johnny/airflow/lib/python3.12/site-packages/airflow/example_dags/subdags/subdag.py
[2024-07-07T20:49:40.576-0300] {processor.py:183} INFO - Processing /home/johnny/airflow/lib/python3.12/site-packages/airflow/example_dags/subdags/subdag.py took 0.038 seconds
[2024-07-07T20:50:16.515-0300] {processor.py:161} INFO - Started process (PID=45913) to work on /home/johnny/airflow/lib/python3.12/site-packages/airflow/example_dags/subdags/subdag.py
[2024-07-07T20:50:16.517-0300] {processor.py:830} INFO - Processing file /home/johnny/airflow/lib/python3.12/site-packages/airflow/example_dags/subdags/subdag.py for tasks to queue
[2024-07-07T20:50:16.519-0300] {logging_mixin.py:188} INFO - [2024-07-07T20:50:16.518-0300] {dagbag.py:545} INFO - Filling up the DagBag from /home/johnny/airflow/lib/python3.12/site-packages/airflow/example_dags/subdags/subdag.py
[2024-07-07T20:50:16.523-0300] {processor.py:842} WARNING - No viable dags retrieved from /home/johnny/airflow/lib/python3.12/site-packages/airflow/example_dags/subdags/subdag.py
[2024-07-07T20:50:16.544-0300] {processor.py:183} INFO - Processing /home/johnny/airflow/lib/python3.12/site-packages/airflow/example_dags/subdags/subdag.py took 0.042 seconds
[2024-07-07T20:50:51.712-0300] {processor.py:161} INFO - Started process (PID=45996) to work on /home/johnny/airflow/lib/python3.12/site-packages/airflow/example_dags/subdags/subdag.py
[2024-07-07T20:50:51.720-0300] {processor.py:830} INFO - Processing file /home/johnny/airflow/lib/python3.12/site-packages/airflow/example_dags/subdags/subdag.py for tasks to queue
[2024-07-07T20:50:51.723-0300] {logging_mixin.py:188} INFO - [2024-07-07T20:50:51.722-0300] {dagbag.py:545} INFO - Filling up the DagBag from /home/johnny/airflow/lib/python3.12/site-packages/airflow/example_dags/subdags/subdag.py
[2024-07-07T20:50:51.728-0300] {processor.py:842} WARNING - No viable dags retrieved from /home/johnny/airflow/lib/python3.12/site-packages/airflow/example_dags/subdags/subdag.py
[2024-07-07T20:50:51.751-0300] {processor.py:183} INFO - Processing /home/johnny/airflow/lib/python3.12/site-packages/airflow/example_dags/subdags/subdag.py took 0.052 seconds
[2024-07-07T20:51:29.395-0300] {processor.py:161} INFO - Started process (PID=46098) to work on /home/johnny/airflow/lib/python3.12/site-packages/airflow/example_dags/subdags/subdag.py
[2024-07-07T20:51:29.397-0300] {processor.py:830} INFO - Processing file /home/johnny/airflow/lib/python3.12/site-packages/airflow/example_dags/subdags/subdag.py for tasks to queue
[2024-07-07T20:51:29.400-0300] {logging_mixin.py:188} INFO - [2024-07-07T20:51:29.399-0300] {dagbag.py:545} INFO - Filling up the DagBag from /home/johnny/airflow/lib/python3.12/site-packages/airflow/example_dags/subdags/subdag.py
[2024-07-07T20:51:29.404-0300] {processor.py:842} WARNING - No viable dags retrieved from /home/johnny/airflow/lib/python3.12/site-packages/airflow/example_dags/subdags/subdag.py
[2024-07-07T20:51:29.424-0300] {processor.py:183} INFO - Processing /home/johnny/airflow/lib/python3.12/site-packages/airflow/example_dags/subdags/subdag.py took 0.058 seconds
[2024-07-07T20:52:04.862-0300] {processor.py:161} INFO - Started process (PID=46196) to work on /home/johnny/airflow/lib/python3.12/site-packages/airflow/example_dags/subdags/subdag.py
[2024-07-07T20:52:04.869-0300] {processor.py:830} INFO - Processing file /home/johnny/airflow/lib/python3.12/site-packages/airflow/example_dags/subdags/subdag.py for tasks to queue
[2024-07-07T20:52:04.872-0300] {logging_mixin.py:188} INFO - [2024-07-07T20:52:04.871-0300] {dagbag.py:545} INFO - Filling up the DagBag from /home/johnny/airflow/lib/python3.12/site-packages/airflow/example_dags/subdags/subdag.py
[2024-07-07T20:52:04.877-0300] {processor.py:842} WARNING - No viable dags retrieved from /home/johnny/airflow/lib/python3.12/site-packages/airflow/example_dags/subdags/subdag.py
[2024-07-07T20:52:04.900-0300] {processor.py:183} INFO - Processing /home/johnny/airflow/lib/python3.12/site-packages/airflow/example_dags/subdags/subdag.py took 0.054 seconds
[2024-07-07T20:52:38.263-0300] {processor.py:161} INFO - Started process (PID=46290) to work on /home/johnny/airflow/lib/python3.12/site-packages/airflow/example_dags/subdags/subdag.py
[2024-07-07T20:52:38.267-0300] {processor.py:830} INFO - Processing file /home/johnny/airflow/lib/python3.12/site-packages/airflow/example_dags/subdags/subdag.py for tasks to queue
[2024-07-07T20:52:38.270-0300] {logging_mixin.py:188} INFO - [2024-07-07T20:52:38.268-0300] {dagbag.py:545} INFO - Filling up the DagBag from /home/johnny/airflow/lib/python3.12/site-packages/airflow/example_dags/subdags/subdag.py
[2024-07-07T20:52:38.277-0300] {processor.py:842} WARNING - No viable dags retrieved from /home/johnny/airflow/lib/python3.12/site-packages/airflow/example_dags/subdags/subdag.py
[2024-07-07T20:52:38.311-0300] {processor.py:183} INFO - Processing /home/johnny/airflow/lib/python3.12/site-packages/airflow/example_dags/subdags/subdag.py took 0.061 seconds
[2024-07-07T20:53:43.485-0300] {processor.py:161} INFO - Started process (PID=46458) to work on /home/johnny/airflow/lib/python3.12/site-packages/airflow/example_dags/subdags/subdag.py
[2024-07-07T20:53:43.491-0300] {processor.py:830} INFO - Processing file /home/johnny/airflow/lib/python3.12/site-packages/airflow/example_dags/subdags/subdag.py for tasks to queue
[2024-07-07T20:53:43.493-0300] {logging_mixin.py:188} INFO - [2024-07-07T20:53:43.492-0300] {dagbag.py:545} INFO - Filling up the DagBag from /home/johnny/airflow/lib/python3.12/site-packages/airflow/example_dags/subdags/subdag.py
[2024-07-07T20:53:43.497-0300] {processor.py:842} WARNING - No viable dags retrieved from /home/johnny/airflow/lib/python3.12/site-packages/airflow/example_dags/subdags/subdag.py
[2024-07-07T20:53:43.517-0300] {processor.py:183} INFO - Processing /home/johnny/airflow/lib/python3.12/site-packages/airflow/example_dags/subdags/subdag.py took 0.044 seconds
[2024-07-07T20:54:17.280-0300] {processor.py:161} INFO - Started process (PID=46543) to work on /home/johnny/airflow/lib/python3.12/site-packages/airflow/example_dags/subdags/subdag.py
[2024-07-07T20:54:17.283-0300] {processor.py:830} INFO - Processing file /home/johnny/airflow/lib/python3.12/site-packages/airflow/example_dags/subdags/subdag.py for tasks to queue
[2024-07-07T20:54:17.286-0300] {logging_mixin.py:188} INFO - [2024-07-07T20:54:17.285-0300] {dagbag.py:545} INFO - Filling up the DagBag from /home/johnny/airflow/lib/python3.12/site-packages/airflow/example_dags/subdags/subdag.py
[2024-07-07T20:54:17.292-0300] {processor.py:842} WARNING - No viable dags retrieved from /home/johnny/airflow/lib/python3.12/site-packages/airflow/example_dags/subdags/subdag.py
[2024-07-07T20:54:17.318-0300] {processor.py:183} INFO - Processing /home/johnny/airflow/lib/python3.12/site-packages/airflow/example_dags/subdags/subdag.py took 0.053 seconds
[2024-07-07T20:54:53.485-0300] {processor.py:161} INFO - Started process (PID=46642) to work on /home/johnny/airflow/lib/python3.12/site-packages/airflow/example_dags/subdags/subdag.py
[2024-07-07T20:54:53.488-0300] {processor.py:830} INFO - Processing file /home/johnny/airflow/lib/python3.12/site-packages/airflow/example_dags/subdags/subdag.py for tasks to queue
[2024-07-07T20:54:53.498-0300] {logging_mixin.py:188} INFO - [2024-07-07T20:54:53.489-0300] {dagbag.py:545} INFO - Filling up the DagBag from /home/johnny/airflow/lib/python3.12/site-packages/airflow/example_dags/subdags/subdag.py
[2024-07-07T20:54:53.503-0300] {processor.py:842} WARNING - No viable dags retrieved from /home/johnny/airflow/lib/python3.12/site-packages/airflow/example_dags/subdags/subdag.py
[2024-07-07T20:54:53.521-0300] {processor.py:183} INFO - Processing /home/johnny/airflow/lib/python3.12/site-packages/airflow/example_dags/subdags/subdag.py took 0.059 seconds
[2024-07-07T20:55:28.894-0300] {processor.py:161} INFO - Started process (PID=46739) to work on /home/johnny/airflow/lib/python3.12/site-packages/airflow/example_dags/subdags/subdag.py
[2024-07-07T20:55:28.901-0300] {processor.py:830} INFO - Processing file /home/johnny/airflow/lib/python3.12/site-packages/airflow/example_dags/subdags/subdag.py for tasks to queue
[2024-07-07T20:55:28.904-0300] {logging_mixin.py:188} INFO - [2024-07-07T20:55:28.903-0300] {dagbag.py:545} INFO - Filling up the DagBag from /home/johnny/airflow/lib/python3.12/site-packages/airflow/example_dags/subdags/subdag.py
[2024-07-07T20:55:28.908-0300] {processor.py:842} WARNING - No viable dags retrieved from /home/johnny/airflow/lib/python3.12/site-packages/airflow/example_dags/subdags/subdag.py
[2024-07-07T20:55:28.929-0300] {processor.py:183} INFO - Processing /home/johnny/airflow/lib/python3.12/site-packages/airflow/example_dags/subdags/subdag.py took 0.046 seconds
[2024-07-07T20:56:32.848-0300] {processor.py:161} INFO - Started process (PID=46913) to work on /home/johnny/airflow/lib/python3.12/site-packages/airflow/example_dags/subdags/subdag.py
[2024-07-07T20:56:32.851-0300] {processor.py:830} INFO - Processing file /home/johnny/airflow/lib/python3.12/site-packages/airflow/example_dags/subdags/subdag.py for tasks to queue
[2024-07-07T20:56:32.854-0300] {logging_mixin.py:188} INFO - [2024-07-07T20:56:32.853-0300] {dagbag.py:545} INFO - Filling up the DagBag from /home/johnny/airflow/lib/python3.12/site-packages/airflow/example_dags/subdags/subdag.py
[2024-07-07T20:56:32.862-0300] {processor.py:842} WARNING - No viable dags retrieved from /home/johnny/airflow/lib/python3.12/site-packages/airflow/example_dags/subdags/subdag.py
[2024-07-07T20:56:32.879-0300] {processor.py:183} INFO - Processing /home/johnny/airflow/lib/python3.12/site-packages/airflow/example_dags/subdags/subdag.py took 0.060 seconds
[2024-07-07T20:57:09.291-0300] {processor.py:161} INFO - Started process (PID=47012) to work on /home/johnny/airflow/lib/python3.12/site-packages/airflow/example_dags/subdags/subdag.py
[2024-07-07T20:57:09.292-0300] {processor.py:830} INFO - Processing file /home/johnny/airflow/lib/python3.12/site-packages/airflow/example_dags/subdags/subdag.py for tasks to queue
[2024-07-07T20:57:09.294-0300] {logging_mixin.py:188} INFO - [2024-07-07T20:57:09.293-0300] {dagbag.py:545} INFO - Filling up the DagBag from /home/johnny/airflow/lib/python3.12/site-packages/airflow/example_dags/subdags/subdag.py
[2024-07-07T20:57:09.298-0300] {processor.py:842} WARNING - No viable dags retrieved from /home/johnny/airflow/lib/python3.12/site-packages/airflow/example_dags/subdags/subdag.py
[2024-07-07T20:57:09.316-0300] {processor.py:183} INFO - Processing /home/johnny/airflow/lib/python3.12/site-packages/airflow/example_dags/subdags/subdag.py took 0.037 seconds
[2024-07-07T20:57:43.767-0300] {processor.py:161} INFO - Started process (PID=47107) to work on /home/johnny/airflow/lib/python3.12/site-packages/airflow/example_dags/subdags/subdag.py
[2024-07-07T20:57:43.770-0300] {processor.py:830} INFO - Processing file /home/johnny/airflow/lib/python3.12/site-packages/airflow/example_dags/subdags/subdag.py for tasks to queue
[2024-07-07T20:57:43.773-0300] {logging_mixin.py:188} INFO - [2024-07-07T20:57:43.772-0300] {dagbag.py:545} INFO - Filling up the DagBag from /home/johnny/airflow/lib/python3.12/site-packages/airflow/example_dags/subdags/subdag.py
[2024-07-07T20:57:43.777-0300] {processor.py:842} WARNING - No viable dags retrieved from /home/johnny/airflow/lib/python3.12/site-packages/airflow/example_dags/subdags/subdag.py
[2024-07-07T20:57:43.797-0300] {processor.py:183} INFO - Processing /home/johnny/airflow/lib/python3.12/site-packages/airflow/example_dags/subdags/subdag.py took 0.043 seconds
[2024-07-07T20:58:19.509-0300] {processor.py:161} INFO - Started process (PID=47214) to work on /home/johnny/airflow/lib/python3.12/site-packages/airflow/example_dags/subdags/subdag.py
[2024-07-07T20:58:19.514-0300] {processor.py:830} INFO - Processing file /home/johnny/airflow/lib/python3.12/site-packages/airflow/example_dags/subdags/subdag.py for tasks to queue
[2024-07-07T20:58:19.516-0300] {logging_mixin.py:188} INFO - [2024-07-07T20:58:19.515-0300] {dagbag.py:545} INFO - Filling up the DagBag from /home/johnny/airflow/lib/python3.12/site-packages/airflow/example_dags/subdags/subdag.py
[2024-07-07T20:58:19.521-0300] {processor.py:842} WARNING - No viable dags retrieved from /home/johnny/airflow/lib/python3.12/site-packages/airflow/example_dags/subdags/subdag.py
[2024-07-07T20:58:19.541-0300] {processor.py:183} INFO - Processing /home/johnny/airflow/lib/python3.12/site-packages/airflow/example_dags/subdags/subdag.py took 0.045 seconds
[2024-07-07T20:58:55.178-0300] {processor.py:161} INFO - Started process (PID=47319) to work on /home/johnny/airflow/lib/python3.12/site-packages/airflow/example_dags/subdags/subdag.py
[2024-07-07T20:58:55.179-0300] {processor.py:830} INFO - Processing file /home/johnny/airflow/lib/python3.12/site-packages/airflow/example_dags/subdags/subdag.py for tasks to queue
[2024-07-07T20:58:55.182-0300] {logging_mixin.py:188} INFO - [2024-07-07T20:58:55.181-0300] {dagbag.py:545} INFO - Filling up the DagBag from /home/johnny/airflow/lib/python3.12/site-packages/airflow/example_dags/subdags/subdag.py
[2024-07-07T20:58:55.187-0300] {processor.py:842} WARNING - No viable dags retrieved from /home/johnny/airflow/lib/python3.12/site-packages/airflow/example_dags/subdags/subdag.py
[2024-07-07T20:58:55.207-0300] {processor.py:183} INFO - Processing /home/johnny/airflow/lib/python3.12/site-packages/airflow/example_dags/subdags/subdag.py took 0.044 seconds
[2024-07-07T20:59:31.949-0300] {processor.py:161} INFO - Started process (PID=47424) to work on /home/johnny/airflow/lib/python3.12/site-packages/airflow/example_dags/subdags/subdag.py
[2024-07-07T20:59:31.952-0300] {processor.py:830} INFO - Processing file /home/johnny/airflow/lib/python3.12/site-packages/airflow/example_dags/subdags/subdag.py for tasks to queue
[2024-07-07T20:59:31.954-0300] {logging_mixin.py:188} INFO - [2024-07-07T20:59:31.953-0300] {dagbag.py:545} INFO - Filling up the DagBag from /home/johnny/airflow/lib/python3.12/site-packages/airflow/example_dags/subdags/subdag.py
[2024-07-07T20:59:31.958-0300] {processor.py:842} WARNING - No viable dags retrieved from /home/johnny/airflow/lib/python3.12/site-packages/airflow/example_dags/subdags/subdag.py
[2024-07-07T20:59:31.978-0300] {processor.py:183} INFO - Processing /home/johnny/airflow/lib/python3.12/site-packages/airflow/example_dags/subdags/subdag.py took 0.040 seconds
