[2024-07-08T23:38:26.331-0300] {processor.py:161} INFO - Started process (PID=10564) to work on /home/johnny/airflow/lib/python3.12/site-packages/airflow/example_dags/plugins/event_listener.py
[2024-07-08T23:38:26.333-0300] {processor.py:830} INFO - Processing file /home/johnny/airflow/lib/python3.12/site-packages/airflow/example_dags/plugins/event_listener.py for tasks to queue
[2024-07-08T23:38:26.336-0300] {logging_mixin.py:188} INFO - [2024-07-08T23:38:26.334-0300] {dagbag.py:545} INFO - Filling up the DagBag from /home/johnny/airflow/lib/python3.12/site-packages/airflow/example_dags/plugins/event_listener.py
[2024-07-08T23:38:26.342-0300] {processor.py:842} WARNING - No viable dags retrieved from /home/johnny/airflow/lib/python3.12/site-packages/airflow/example_dags/plugins/event_listener.py
[2024-07-08T23:38:26.373-0300] {processor.py:183} INFO - Processing /home/johnny/airflow/lib/python3.12/site-packages/airflow/example_dags/plugins/event_listener.py took 0.057 seconds
[2024-07-08T23:39:09.657-0300] {processor.py:161} INFO - Started process (PID=10637) to work on /home/johnny/airflow/lib/python3.12/site-packages/airflow/example_dags/plugins/event_listener.py
[2024-07-08T23:39:09.660-0300] {processor.py:830} INFO - Processing file /home/johnny/airflow/lib/python3.12/site-packages/airflow/example_dags/plugins/event_listener.py for tasks to queue
[2024-07-08T23:39:09.663-0300] {logging_mixin.py:188} INFO - [2024-07-08T23:39:09.662-0300] {dagbag.py:545} INFO - Filling up the DagBag from /home/johnny/airflow/lib/python3.12/site-packages/airflow/example_dags/plugins/event_listener.py
[2024-07-08T23:39:09.669-0300] {processor.py:842} WARNING - No viable dags retrieved from /home/johnny/airflow/lib/python3.12/site-packages/airflow/example_dags/plugins/event_listener.py
[2024-07-08T23:39:09.691-0300] {processor.py:183} INFO - Processing /home/johnny/airflow/lib/python3.12/site-packages/airflow/example_dags/plugins/event_listener.py took 0.049 seconds
[2024-07-08T23:40:15.283-0300] {processor.py:161} INFO - Started process (PID=10741) to work on /home/johnny/airflow/lib/python3.12/site-packages/airflow/example_dags/plugins/event_listener.py
[2024-07-08T23:40:15.286-0300] {processor.py:830} INFO - Processing file /home/johnny/airflow/lib/python3.12/site-packages/airflow/example_dags/plugins/event_listener.py for tasks to queue
[2024-07-08T23:40:15.288-0300] {logging_mixin.py:188} INFO - [2024-07-08T23:40:15.287-0300] {dagbag.py:545} INFO - Filling up the DagBag from /home/johnny/airflow/lib/python3.12/site-packages/airflow/example_dags/plugins/event_listener.py
[2024-07-08T23:40:15.292-0300] {processor.py:842} WARNING - No viable dags retrieved from /home/johnny/airflow/lib/python3.12/site-packages/airflow/example_dags/plugins/event_listener.py
[2024-07-08T23:40:15.314-0300] {processor.py:183} INFO - Processing /home/johnny/airflow/lib/python3.12/site-packages/airflow/example_dags/plugins/event_listener.py took 0.043 seconds
[2024-07-08T23:41:26.576-0300] {processor.py:161} INFO - Started process (PID=10857) to work on /home/johnny/airflow/lib/python3.12/site-packages/airflow/example_dags/plugins/event_listener.py
[2024-07-08T23:41:26.578-0300] {processor.py:830} INFO - Processing file /home/johnny/airflow/lib/python3.12/site-packages/airflow/example_dags/plugins/event_listener.py for tasks to queue
[2024-07-08T23:41:26.579-0300] {logging_mixin.py:188} INFO - [2024-07-08T23:41:26.579-0300] {dagbag.py:545} INFO - Filling up the DagBag from /home/johnny/airflow/lib/python3.12/site-packages/airflow/example_dags/plugins/event_listener.py
[2024-07-08T23:41:26.583-0300] {processor.py:842} WARNING - No viable dags retrieved from /home/johnny/airflow/lib/python3.12/site-packages/airflow/example_dags/plugins/event_listener.py
[2024-07-08T23:41:26.609-0300] {processor.py:183} INFO - Processing /home/johnny/airflow/lib/python3.12/site-packages/airflow/example_dags/plugins/event_listener.py took 0.053 seconds
[2024-07-08T23:42:29.351-0300] {processor.py:161} INFO - Started process (PID=10962) to work on /home/johnny/airflow/lib/python3.12/site-packages/airflow/example_dags/plugins/event_listener.py
[2024-07-08T23:42:29.354-0300] {processor.py:830} INFO - Processing file /home/johnny/airflow/lib/python3.12/site-packages/airflow/example_dags/plugins/event_listener.py for tasks to queue
[2024-07-08T23:42:29.356-0300] {logging_mixin.py:188} INFO - [2024-07-08T23:42:29.355-0300] {dagbag.py:545} INFO - Filling up the DagBag from /home/johnny/airflow/lib/python3.12/site-packages/airflow/example_dags/plugins/event_listener.py
[2024-07-08T23:42:29.360-0300] {processor.py:842} WARNING - No viable dags retrieved from /home/johnny/airflow/lib/python3.12/site-packages/airflow/example_dags/plugins/event_listener.py
[2024-07-08T23:42:29.382-0300] {processor.py:183} INFO - Processing /home/johnny/airflow/lib/python3.12/site-packages/airflow/example_dags/plugins/event_listener.py took 0.043 seconds
[2024-07-08T23:43:35.730-0300] {processor.py:161} INFO - Started process (PID=11075) to work on /home/johnny/airflow/lib/python3.12/site-packages/airflow/example_dags/plugins/event_listener.py
[2024-07-08T23:43:35.733-0300] {processor.py:830} INFO - Processing file /home/johnny/airflow/lib/python3.12/site-packages/airflow/example_dags/plugins/event_listener.py for tasks to queue
[2024-07-08T23:43:35.735-0300] {logging_mixin.py:188} INFO - [2024-07-08T23:43:35.734-0300] {dagbag.py:545} INFO - Filling up the DagBag from /home/johnny/airflow/lib/python3.12/site-packages/airflow/example_dags/plugins/event_listener.py
[2024-07-08T23:43:35.739-0300] {processor.py:842} WARNING - No viable dags retrieved from /home/johnny/airflow/lib/python3.12/site-packages/airflow/example_dags/plugins/event_listener.py
[2024-07-08T23:43:35.758-0300] {processor.py:183} INFO - Processing /home/johnny/airflow/lib/python3.12/site-packages/airflow/example_dags/plugins/event_listener.py took 0.039 seconds
[2024-07-08T23:44:44.555-0300] {processor.py:161} INFO - Started process (PID=11191) to work on /home/johnny/airflow/lib/python3.12/site-packages/airflow/example_dags/plugins/event_listener.py
[2024-07-08T23:44:44.558-0300] {processor.py:830} INFO - Processing file /home/johnny/airflow/lib/python3.12/site-packages/airflow/example_dags/plugins/event_listener.py for tasks to queue
[2024-07-08T23:44:44.560-0300] {logging_mixin.py:188} INFO - [2024-07-08T23:44:44.559-0300] {dagbag.py:545} INFO - Filling up the DagBag from /home/johnny/airflow/lib/python3.12/site-packages/airflow/example_dags/plugins/event_listener.py
[2024-07-08T23:44:44.565-0300] {processor.py:842} WARNING - No viable dags retrieved from /home/johnny/airflow/lib/python3.12/site-packages/airflow/example_dags/plugins/event_listener.py
[2024-07-08T23:44:44.586-0300] {processor.py:183} INFO - Processing /home/johnny/airflow/lib/python3.12/site-packages/airflow/example_dags/plugins/event_listener.py took 0.043 seconds
[2024-07-08T23:45:52.079-0300] {processor.py:161} INFO - Started process (PID=11304) to work on /home/johnny/airflow/lib/python3.12/site-packages/airflow/example_dags/plugins/event_listener.py
[2024-07-08T23:45:52.082-0300] {processor.py:830} INFO - Processing file /home/johnny/airflow/lib/python3.12/site-packages/airflow/example_dags/plugins/event_listener.py for tasks to queue
[2024-07-08T23:45:52.084-0300] {logging_mixin.py:188} INFO - [2024-07-08T23:45:52.083-0300] {dagbag.py:545} INFO - Filling up the DagBag from /home/johnny/airflow/lib/python3.12/site-packages/airflow/example_dags/plugins/event_listener.py
[2024-07-08T23:45:52.088-0300] {processor.py:842} WARNING - No viable dags retrieved from /home/johnny/airflow/lib/python3.12/site-packages/airflow/example_dags/plugins/event_listener.py
[2024-07-08T23:45:52.110-0300] {processor.py:183} INFO - Processing /home/johnny/airflow/lib/python3.12/site-packages/airflow/example_dags/plugins/event_listener.py took 0.043 seconds
[2024-07-08T23:46:56.412-0300] {processor.py:161} INFO - Started process (PID=11408) to work on /home/johnny/airflow/lib/python3.12/site-packages/airflow/example_dags/plugins/event_listener.py
[2024-07-08T23:46:56.414-0300] {processor.py:830} INFO - Processing file /home/johnny/airflow/lib/python3.12/site-packages/airflow/example_dags/plugins/event_listener.py for tasks to queue
[2024-07-08T23:46:56.416-0300] {logging_mixin.py:188} INFO - [2024-07-08T23:46:56.415-0300] {dagbag.py:545} INFO - Filling up the DagBag from /home/johnny/airflow/lib/python3.12/site-packages/airflow/example_dags/plugins/event_listener.py
[2024-07-08T23:46:56.421-0300] {processor.py:842} WARNING - No viable dags retrieved from /home/johnny/airflow/lib/python3.12/site-packages/airflow/example_dags/plugins/event_listener.py
[2024-07-08T23:46:56.442-0300] {processor.py:183} INFO - Processing /home/johnny/airflow/lib/python3.12/site-packages/airflow/example_dags/plugins/event_listener.py took 0.042 seconds
[2024-07-08T23:48:01.610-0300] {processor.py:161} INFO - Started process (PID=11513) to work on /home/johnny/airflow/lib/python3.12/site-packages/airflow/example_dags/plugins/event_listener.py
[2024-07-08T23:48:01.613-0300] {processor.py:830} INFO - Processing file /home/johnny/airflow/lib/python3.12/site-packages/airflow/example_dags/plugins/event_listener.py for tasks to queue
[2024-07-08T23:48:01.616-0300] {logging_mixin.py:188} INFO - [2024-07-08T23:48:01.614-0300] {dagbag.py:545} INFO - Filling up the DagBag from /home/johnny/airflow/lib/python3.12/site-packages/airflow/example_dags/plugins/event_listener.py
[2024-07-08T23:48:01.621-0300] {processor.py:842} WARNING - No viable dags retrieved from /home/johnny/airflow/lib/python3.12/site-packages/airflow/example_dags/plugins/event_listener.py
[2024-07-08T23:48:01.649-0300] {processor.py:183} INFO - Processing /home/johnny/airflow/lib/python3.12/site-packages/airflow/example_dags/plugins/event_listener.py took 0.054 seconds
[2024-07-08T23:49:06.568-0300] {processor.py:161} INFO - Started process (PID=11617) to work on /home/johnny/airflow/lib/python3.12/site-packages/airflow/example_dags/plugins/event_listener.py
[2024-07-08T23:49:06.571-0300] {processor.py:830} INFO - Processing file /home/johnny/airflow/lib/python3.12/site-packages/airflow/example_dags/plugins/event_listener.py for tasks to queue
[2024-07-08T23:49:06.573-0300] {logging_mixin.py:188} INFO - [2024-07-08T23:49:06.572-0300] {dagbag.py:545} INFO - Filling up the DagBag from /home/johnny/airflow/lib/python3.12/site-packages/airflow/example_dags/plugins/event_listener.py
[2024-07-08T23:49:06.577-0300] {processor.py:842} WARNING - No viable dags retrieved from /home/johnny/airflow/lib/python3.12/site-packages/airflow/example_dags/plugins/event_listener.py
[2024-07-08T23:49:06.597-0300] {processor.py:183} INFO - Processing /home/johnny/airflow/lib/python3.12/site-packages/airflow/example_dags/plugins/event_listener.py took 0.041 seconds
[2024-07-08T23:50:08.616-0300] {processor.py:161} INFO - Started process (PID=11721) to work on /home/johnny/airflow/lib/python3.12/site-packages/airflow/example_dags/plugins/event_listener.py
[2024-07-08T23:50:08.619-0300] {processor.py:830} INFO - Processing file /home/johnny/airflow/lib/python3.12/site-packages/airflow/example_dags/plugins/event_listener.py for tasks to queue
[2024-07-08T23:50:08.622-0300] {logging_mixin.py:188} INFO - [2024-07-08T23:50:08.621-0300] {dagbag.py:545} INFO - Filling up the DagBag from /home/johnny/airflow/lib/python3.12/site-packages/airflow/example_dags/plugins/event_listener.py
[2024-07-08T23:50:08.626-0300] {processor.py:842} WARNING - No viable dags retrieved from /home/johnny/airflow/lib/python3.12/site-packages/airflow/example_dags/plugins/event_listener.py
[2024-07-08T23:50:08.648-0300] {processor.py:183} INFO - Processing /home/johnny/airflow/lib/python3.12/site-packages/airflow/example_dags/plugins/event_listener.py took 0.043 seconds
[2024-07-08T23:51:14.087-0300] {processor.py:161} INFO - Started process (PID=11826) to work on /home/johnny/airflow/lib/python3.12/site-packages/airflow/example_dags/plugins/event_listener.py
[2024-07-08T23:51:14.089-0300] {processor.py:830} INFO - Processing file /home/johnny/airflow/lib/python3.12/site-packages/airflow/example_dags/plugins/event_listener.py for tasks to queue
[2024-07-08T23:51:14.092-0300] {logging_mixin.py:188} INFO - [2024-07-08T23:51:14.091-0300] {dagbag.py:545} INFO - Filling up the DagBag from /home/johnny/airflow/lib/python3.12/site-packages/airflow/example_dags/plugins/event_listener.py
[2024-07-08T23:51:14.097-0300] {processor.py:842} WARNING - No viable dags retrieved from /home/johnny/airflow/lib/python3.12/site-packages/airflow/example_dags/plugins/event_listener.py
[2024-07-08T23:51:14.120-0300] {processor.py:183} INFO - Processing /home/johnny/airflow/lib/python3.12/site-packages/airflow/example_dags/plugins/event_listener.py took 0.049 seconds
[2024-07-08T23:52:16.450-0300] {processor.py:161} INFO - Started process (PID=11932) to work on /home/johnny/airflow/lib/python3.12/site-packages/airflow/example_dags/plugins/event_listener.py
[2024-07-08T23:52:16.456-0300] {processor.py:830} INFO - Processing file /home/johnny/airflow/lib/python3.12/site-packages/airflow/example_dags/plugins/event_listener.py for tasks to queue
[2024-07-08T23:52:16.458-0300] {logging_mixin.py:188} INFO - [2024-07-08T23:52:16.457-0300] {dagbag.py:545} INFO - Filling up the DagBag from /home/johnny/airflow/lib/python3.12/site-packages/airflow/example_dags/plugins/event_listener.py
[2024-07-08T23:52:16.463-0300] {processor.py:842} WARNING - No viable dags retrieved from /home/johnny/airflow/lib/python3.12/site-packages/airflow/example_dags/plugins/event_listener.py
[2024-07-08T23:52:16.482-0300] {processor.py:183} INFO - Processing /home/johnny/airflow/lib/python3.12/site-packages/airflow/example_dags/plugins/event_listener.py took 0.045 seconds
[2024-07-08T23:53:21.987-0300] {processor.py:161} INFO - Started process (PID=12037) to work on /home/johnny/airflow/lib/python3.12/site-packages/airflow/example_dags/plugins/event_listener.py
[2024-07-08T23:53:21.990-0300] {processor.py:830} INFO - Processing file /home/johnny/airflow/lib/python3.12/site-packages/airflow/example_dags/plugins/event_listener.py for tasks to queue
[2024-07-08T23:53:21.993-0300] {logging_mixin.py:188} INFO - [2024-07-08T23:53:21.991-0300] {dagbag.py:545} INFO - Filling up the DagBag from /home/johnny/airflow/lib/python3.12/site-packages/airflow/example_dags/plugins/event_listener.py
[2024-07-08T23:53:21.998-0300] {processor.py:842} WARNING - No viable dags retrieved from /home/johnny/airflow/lib/python3.12/site-packages/airflow/example_dags/plugins/event_listener.py
[2024-07-08T23:53:22.026-0300] {processor.py:183} INFO - Processing /home/johnny/airflow/lib/python3.12/site-packages/airflow/example_dags/plugins/event_listener.py took 0.052 seconds
[2024-07-08T23:54:30.066-0300] {processor.py:161} INFO - Started process (PID=12152) to work on /home/johnny/airflow/lib/python3.12/site-packages/airflow/example_dags/plugins/event_listener.py
[2024-07-08T23:54:30.072-0300] {processor.py:830} INFO - Processing file /home/johnny/airflow/lib/python3.12/site-packages/airflow/example_dags/plugins/event_listener.py for tasks to queue
[2024-07-08T23:54:30.074-0300] {logging_mixin.py:188} INFO - [2024-07-08T23:54:30.073-0300] {dagbag.py:545} INFO - Filling up the DagBag from /home/johnny/airflow/lib/python3.12/site-packages/airflow/example_dags/plugins/event_listener.py
[2024-07-08T23:54:30.078-0300] {processor.py:842} WARNING - No viable dags retrieved from /home/johnny/airflow/lib/python3.12/site-packages/airflow/example_dags/plugins/event_listener.py
[2024-07-08T23:54:30.099-0300] {processor.py:183} INFO - Processing /home/johnny/airflow/lib/python3.12/site-packages/airflow/example_dags/plugins/event_listener.py took 0.044 seconds
[2024-07-08T23:55:34.832-0300] {processor.py:161} INFO - Started process (PID=12256) to work on /home/johnny/airflow/lib/python3.12/site-packages/airflow/example_dags/plugins/event_listener.py
[2024-07-08T23:55:34.835-0300] {processor.py:830} INFO - Processing file /home/johnny/airflow/lib/python3.12/site-packages/airflow/example_dags/plugins/event_listener.py for tasks to queue
[2024-07-08T23:55:34.837-0300] {logging_mixin.py:188} INFO - [2024-07-08T23:55:34.836-0300] {dagbag.py:545} INFO - Filling up the DagBag from /home/johnny/airflow/lib/python3.12/site-packages/airflow/example_dags/plugins/event_listener.py
[2024-07-08T23:55:34.841-0300] {processor.py:842} WARNING - No viable dags retrieved from /home/johnny/airflow/lib/python3.12/site-packages/airflow/example_dags/plugins/event_listener.py
[2024-07-08T23:55:34.861-0300] {processor.py:183} INFO - Processing /home/johnny/airflow/lib/python3.12/site-packages/airflow/example_dags/plugins/event_listener.py took 0.040 seconds
[2024-07-08T23:56:42.265-0300] {processor.py:161} INFO - Started process (PID=12369) to work on /home/johnny/airflow/lib/python3.12/site-packages/airflow/example_dags/plugins/event_listener.py
[2024-07-08T23:56:42.268-0300] {processor.py:830} INFO - Processing file /home/johnny/airflow/lib/python3.12/site-packages/airflow/example_dags/plugins/event_listener.py for tasks to queue
[2024-07-08T23:56:42.270-0300] {logging_mixin.py:188} INFO - [2024-07-08T23:56:42.269-0300] {dagbag.py:545} INFO - Filling up the DagBag from /home/johnny/airflow/lib/python3.12/site-packages/airflow/example_dags/plugins/event_listener.py
[2024-07-08T23:56:42.277-0300] {processor.py:842} WARNING - No viable dags retrieved from /home/johnny/airflow/lib/python3.12/site-packages/airflow/example_dags/plugins/event_listener.py
[2024-07-08T23:56:42.304-0300] {processor.py:183} INFO - Processing /home/johnny/airflow/lib/python3.12/site-packages/airflow/example_dags/plugins/event_listener.py took 0.059 seconds
[2024-07-08T23:57:43.245-0300] {processor.py:161} INFO - Started process (PID=12465) to work on /home/johnny/airflow/lib/python3.12/site-packages/airflow/example_dags/plugins/event_listener.py
[2024-07-08T23:57:43.248-0300] {processor.py:830} INFO - Processing file /home/johnny/airflow/lib/python3.12/site-packages/airflow/example_dags/plugins/event_listener.py for tasks to queue
[2024-07-08T23:57:43.251-0300] {logging_mixin.py:188} INFO - [2024-07-08T23:57:43.250-0300] {dagbag.py:545} INFO - Filling up the DagBag from /home/johnny/airflow/lib/python3.12/site-packages/airflow/example_dags/plugins/event_listener.py
[2024-07-08T23:57:43.259-0300] {processor.py:842} WARNING - No viable dags retrieved from /home/johnny/airflow/lib/python3.12/site-packages/airflow/example_dags/plugins/event_listener.py
[2024-07-08T23:57:43.283-0300] {processor.py:183} INFO - Processing /home/johnny/airflow/lib/python3.12/site-packages/airflow/example_dags/plugins/event_listener.py took 0.054 seconds
[2024-07-08T23:58:47.271-0300] {processor.py:161} INFO - Started process (PID=12571) to work on /home/johnny/airflow/lib/python3.12/site-packages/airflow/example_dags/plugins/event_listener.py
[2024-07-08T23:58:47.274-0300] {processor.py:830} INFO - Processing file /home/johnny/airflow/lib/python3.12/site-packages/airflow/example_dags/plugins/event_listener.py for tasks to queue
[2024-07-08T23:58:47.276-0300] {logging_mixin.py:188} INFO - [2024-07-08T23:58:47.275-0300] {dagbag.py:545} INFO - Filling up the DagBag from /home/johnny/airflow/lib/python3.12/site-packages/airflow/example_dags/plugins/event_listener.py
[2024-07-08T23:58:47.282-0300] {processor.py:842} WARNING - No viable dags retrieved from /home/johnny/airflow/lib/python3.12/site-packages/airflow/example_dags/plugins/event_listener.py
[2024-07-08T23:58:47.306-0300] {processor.py:183} INFO - Processing /home/johnny/airflow/lib/python3.12/site-packages/airflow/example_dags/plugins/event_listener.py took 0.047 seconds
[2024-07-08T23:59:51.263-0300] {processor.py:161} INFO - Started process (PID=12675) to work on /home/johnny/airflow/lib/python3.12/site-packages/airflow/example_dags/plugins/event_listener.py
[2024-07-08T23:59:51.269-0300] {processor.py:830} INFO - Processing file /home/johnny/airflow/lib/python3.12/site-packages/airflow/example_dags/plugins/event_listener.py for tasks to queue
[2024-07-08T23:59:51.271-0300] {logging_mixin.py:188} INFO - [2024-07-08T23:59:51.270-0300] {dagbag.py:545} INFO - Filling up the DagBag from /home/johnny/airflow/lib/python3.12/site-packages/airflow/example_dags/plugins/event_listener.py
[2024-07-08T23:59:51.275-0300] {processor.py:842} WARNING - No viable dags retrieved from /home/johnny/airflow/lib/python3.12/site-packages/airflow/example_dags/plugins/event_listener.py
[2024-07-08T23:59:51.294-0300] {processor.py:183} INFO - Processing /home/johnny/airflow/lib/python3.12/site-packages/airflow/example_dags/plugins/event_listener.py took 0.042 seconds
[2024-07-09T00:01:01.252-0300] {processor.py:161} INFO - Started process (PID=12801) to work on /home/johnny/airflow/lib/python3.12/site-packages/airflow/example_dags/plugins/event_listener.py
[2024-07-09T00:01:01.257-0300] {processor.py:830} INFO - Processing file /home/johnny/airflow/lib/python3.12/site-packages/airflow/example_dags/plugins/event_listener.py for tasks to queue
[2024-07-09T00:01:01.260-0300] {logging_mixin.py:188} INFO - [2024-07-09T00:01:01.258-0300] {dagbag.py:545} INFO - Filling up the DagBag from /home/johnny/airflow/lib/python3.12/site-packages/airflow/example_dags/plugins/event_listener.py
[2024-07-09T00:01:01.264-0300] {processor.py:842} WARNING - No viable dags retrieved from /home/johnny/airflow/lib/python3.12/site-packages/airflow/example_dags/plugins/event_listener.py
[2024-07-09T00:01:01.288-0300] {processor.py:183} INFO - Processing /home/johnny/airflow/lib/python3.12/site-packages/airflow/example_dags/plugins/event_listener.py took 0.050 seconds
[2024-07-09T00:02:02.893-0300] {processor.py:161} INFO - Started process (PID=12896) to work on /home/johnny/airflow/lib/python3.12/site-packages/airflow/example_dags/plugins/event_listener.py
[2024-07-09T00:02:02.900-0300] {processor.py:830} INFO - Processing file /home/johnny/airflow/lib/python3.12/site-packages/airflow/example_dags/plugins/event_listener.py for tasks to queue
[2024-07-09T00:02:02.902-0300] {logging_mixin.py:188} INFO - [2024-07-09T00:02:02.901-0300] {dagbag.py:545} INFO - Filling up the DagBag from /home/johnny/airflow/lib/python3.12/site-packages/airflow/example_dags/plugins/event_listener.py
[2024-07-09T00:02:02.906-0300] {processor.py:842} WARNING - No viable dags retrieved from /home/johnny/airflow/lib/python3.12/site-packages/airflow/example_dags/plugins/event_listener.py
[2024-07-09T00:02:02.926-0300] {processor.py:183} INFO - Processing /home/johnny/airflow/lib/python3.12/site-packages/airflow/example_dags/plugins/event_listener.py took 0.047 seconds
[2024-07-09T00:03:09.139-0300] {processor.py:161} INFO - Started process (PID=13010) to work on /home/johnny/airflow/lib/python3.12/site-packages/airflow/example_dags/plugins/event_listener.py
[2024-07-09T00:03:09.142-0300] {processor.py:830} INFO - Processing file /home/johnny/airflow/lib/python3.12/site-packages/airflow/example_dags/plugins/event_listener.py for tasks to queue
[2024-07-09T00:03:09.148-0300] {logging_mixin.py:188} INFO - [2024-07-09T00:03:09.147-0300] {dagbag.py:545} INFO - Filling up the DagBag from /home/johnny/airflow/lib/python3.12/site-packages/airflow/example_dags/plugins/event_listener.py
[2024-07-09T00:03:09.154-0300] {processor.py:842} WARNING - No viable dags retrieved from /home/johnny/airflow/lib/python3.12/site-packages/airflow/example_dags/plugins/event_listener.py
[2024-07-09T00:03:09.174-0300] {processor.py:183} INFO - Processing /home/johnny/airflow/lib/python3.12/site-packages/airflow/example_dags/plugins/event_listener.py took 0.048 seconds
[2024-07-09T00:04:15.611-0300] {processor.py:161} INFO - Started process (PID=13115) to work on /home/johnny/airflow/lib/python3.12/site-packages/airflow/example_dags/plugins/event_listener.py
[2024-07-09T00:04:15.617-0300] {processor.py:830} INFO - Processing file /home/johnny/airflow/lib/python3.12/site-packages/airflow/example_dags/plugins/event_listener.py for tasks to queue
[2024-07-09T00:04:15.619-0300] {logging_mixin.py:188} INFO - [2024-07-09T00:04:15.618-0300] {dagbag.py:545} INFO - Filling up the DagBag from /home/johnny/airflow/lib/python3.12/site-packages/airflow/example_dags/plugins/event_listener.py
[2024-07-09T00:04:15.623-0300] {processor.py:842} WARNING - No viable dags retrieved from /home/johnny/airflow/lib/python3.12/site-packages/airflow/example_dags/plugins/event_listener.py
[2024-07-09T00:04:15.645-0300] {processor.py:183} INFO - Processing /home/johnny/airflow/lib/python3.12/site-packages/airflow/example_dags/plugins/event_listener.py took 0.046 seconds
[2024-07-09T00:05:24.790-0300] {processor.py:161} INFO - Started process (PID=13231) to work on /home/johnny/airflow/lib/python3.12/site-packages/airflow/example_dags/plugins/event_listener.py
[2024-07-09T00:05:24.795-0300] {processor.py:830} INFO - Processing file /home/johnny/airflow/lib/python3.12/site-packages/airflow/example_dags/plugins/event_listener.py for tasks to queue
[2024-07-09T00:05:24.797-0300] {logging_mixin.py:188} INFO - [2024-07-09T00:05:24.796-0300] {dagbag.py:545} INFO - Filling up the DagBag from /home/johnny/airflow/lib/python3.12/site-packages/airflow/example_dags/plugins/event_listener.py
[2024-07-09T00:05:24.801-0300] {processor.py:842} WARNING - No viable dags retrieved from /home/johnny/airflow/lib/python3.12/site-packages/airflow/example_dags/plugins/event_listener.py
[2024-07-09T00:05:24.820-0300] {processor.py:183} INFO - Processing /home/johnny/airflow/lib/python3.12/site-packages/airflow/example_dags/plugins/event_listener.py took 0.042 seconds
[2024-07-09T00:06:28.754-0300] {processor.py:161} INFO - Started process (PID=13335) to work on /home/johnny/airflow/lib/python3.12/site-packages/airflow/example_dags/plugins/event_listener.py
[2024-07-09T00:06:28.759-0300] {processor.py:830} INFO - Processing file /home/johnny/airflow/lib/python3.12/site-packages/airflow/example_dags/plugins/event_listener.py for tasks to queue
[2024-07-09T00:06:28.761-0300] {logging_mixin.py:188} INFO - [2024-07-09T00:06:28.760-0300] {dagbag.py:545} INFO - Filling up the DagBag from /home/johnny/airflow/lib/python3.12/site-packages/airflow/example_dags/plugins/event_listener.py
[2024-07-09T00:06:28.765-0300] {processor.py:842} WARNING - No viable dags retrieved from /home/johnny/airflow/lib/python3.12/site-packages/airflow/example_dags/plugins/event_listener.py
[2024-07-09T00:06:28.787-0300] {processor.py:183} INFO - Processing /home/johnny/airflow/lib/python3.12/site-packages/airflow/example_dags/plugins/event_listener.py took 0.044 seconds
[2024-07-09T00:07:41.161-0300] {processor.py:161} INFO - Started process (PID=13451) to work on /home/johnny/airflow/lib/python3.12/site-packages/airflow/example_dags/plugins/event_listener.py
[2024-07-09T00:07:41.164-0300] {processor.py:830} INFO - Processing file /home/johnny/airflow/lib/python3.12/site-packages/airflow/example_dags/plugins/event_listener.py for tasks to queue
[2024-07-09T00:07:41.166-0300] {logging_mixin.py:188} INFO - [2024-07-09T00:07:41.165-0300] {dagbag.py:545} INFO - Filling up the DagBag from /home/johnny/airflow/lib/python3.12/site-packages/airflow/example_dags/plugins/event_listener.py
[2024-07-09T00:07:41.170-0300] {processor.py:842} WARNING - No viable dags retrieved from /home/johnny/airflow/lib/python3.12/site-packages/airflow/example_dags/plugins/event_listener.py
[2024-07-09T00:07:41.190-0300] {processor.py:183} INFO - Processing /home/johnny/airflow/lib/python3.12/site-packages/airflow/example_dags/plugins/event_listener.py took 0.041 seconds
[2024-07-09T00:08:50.134-0300] {processor.py:161} INFO - Started process (PID=13567) to work on /home/johnny/airflow/lib/python3.12/site-packages/airflow/example_dags/plugins/event_listener.py
[2024-07-09T00:08:50.139-0300] {processor.py:830} INFO - Processing file /home/johnny/airflow/lib/python3.12/site-packages/airflow/example_dags/plugins/event_listener.py for tasks to queue
[2024-07-09T00:08:50.141-0300] {logging_mixin.py:188} INFO - [2024-07-09T00:08:50.140-0300] {dagbag.py:545} INFO - Filling up the DagBag from /home/johnny/airflow/lib/python3.12/site-packages/airflow/example_dags/plugins/event_listener.py
[2024-07-09T00:08:50.145-0300] {processor.py:842} WARNING - No viable dags retrieved from /home/johnny/airflow/lib/python3.12/site-packages/airflow/example_dags/plugins/event_listener.py
[2024-07-09T00:08:50.165-0300] {processor.py:183} INFO - Processing /home/johnny/airflow/lib/python3.12/site-packages/airflow/example_dags/plugins/event_listener.py took 0.043 seconds
[2024-07-09T00:09:58.477-0300] {processor.py:161} INFO - Started process (PID=13681) to work on /home/johnny/airflow/lib/python3.12/site-packages/airflow/example_dags/plugins/event_listener.py
[2024-07-09T00:09:58.480-0300] {processor.py:830} INFO - Processing file /home/johnny/airflow/lib/python3.12/site-packages/airflow/example_dags/plugins/event_listener.py for tasks to queue
[2024-07-09T00:09:58.482-0300] {logging_mixin.py:188} INFO - [2024-07-09T00:09:58.481-0300] {dagbag.py:545} INFO - Filling up the DagBag from /home/johnny/airflow/lib/python3.12/site-packages/airflow/example_dags/plugins/event_listener.py
[2024-07-09T00:09:58.486-0300] {processor.py:842} WARNING - No viable dags retrieved from /home/johnny/airflow/lib/python3.12/site-packages/airflow/example_dags/plugins/event_listener.py
[2024-07-09T00:09:58.515-0300] {processor.py:183} INFO - Processing /home/johnny/airflow/lib/python3.12/site-packages/airflow/example_dags/plugins/event_listener.py took 0.049 seconds
[2024-07-09T00:11:04.311-0300] {processor.py:161} INFO - Started process (PID=13799) to work on /home/johnny/airflow/lib/python3.12/site-packages/airflow/example_dags/plugins/event_listener.py
[2024-07-09T00:11:04.314-0300] {processor.py:830} INFO - Processing file /home/johnny/airflow/lib/python3.12/site-packages/airflow/example_dags/plugins/event_listener.py for tasks to queue
[2024-07-09T00:11:04.316-0300] {logging_mixin.py:188} INFO - [2024-07-09T00:11:04.315-0300] {dagbag.py:545} INFO - Filling up the DagBag from /home/johnny/airflow/lib/python3.12/site-packages/airflow/example_dags/plugins/event_listener.py
[2024-07-09T00:11:04.321-0300] {processor.py:842} WARNING - No viable dags retrieved from /home/johnny/airflow/lib/python3.12/site-packages/airflow/example_dags/plugins/event_listener.py
[2024-07-09T00:11:04.343-0300] {processor.py:183} INFO - Processing /home/johnny/airflow/lib/python3.12/site-packages/airflow/example_dags/plugins/event_listener.py took 0.043 seconds
[2024-07-09T00:12:08.396-0300] {processor.py:161} INFO - Started process (PID=13906) to work on /home/johnny/airflow/lib/python3.12/site-packages/airflow/example_dags/plugins/event_listener.py
[2024-07-09T00:12:08.400-0300] {processor.py:830} INFO - Processing file /home/johnny/airflow/lib/python3.12/site-packages/airflow/example_dags/plugins/event_listener.py for tasks to queue
[2024-07-09T00:12:08.403-0300] {logging_mixin.py:188} INFO - [2024-07-09T00:12:08.401-0300] {dagbag.py:545} INFO - Filling up the DagBag from /home/johnny/airflow/lib/python3.12/site-packages/airflow/example_dags/plugins/event_listener.py
[2024-07-09T00:12:08.408-0300] {processor.py:842} WARNING - No viable dags retrieved from /home/johnny/airflow/lib/python3.12/site-packages/airflow/example_dags/plugins/event_listener.py
[2024-07-09T00:12:08.437-0300] {processor.py:183} INFO - Processing /home/johnny/airflow/lib/python3.12/site-packages/airflow/example_dags/plugins/event_listener.py took 0.059 seconds
[2024-07-09T00:13:22.468-0300] {processor.py:161} INFO - Started process (PID=14038) to work on /home/johnny/airflow/lib/python3.12/site-packages/airflow/example_dags/plugins/event_listener.py
[2024-07-09T00:13:22.474-0300] {processor.py:830} INFO - Processing file /home/johnny/airflow/lib/python3.12/site-packages/airflow/example_dags/plugins/event_listener.py for tasks to queue
[2024-07-09T00:13:22.476-0300] {logging_mixin.py:188} INFO - [2024-07-09T00:13:22.475-0300] {dagbag.py:545} INFO - Filling up the DagBag from /home/johnny/airflow/lib/python3.12/site-packages/airflow/example_dags/plugins/event_listener.py
[2024-07-09T00:13:22.479-0300] {processor.py:842} WARNING - No viable dags retrieved from /home/johnny/airflow/lib/python3.12/site-packages/airflow/example_dags/plugins/event_listener.py
[2024-07-09T00:13:22.501-0300] {processor.py:183} INFO - Processing /home/johnny/airflow/lib/python3.12/site-packages/airflow/example_dags/plugins/event_listener.py took 0.045 seconds
[2024-07-09T00:14:23.003-0300] {processor.py:161} INFO - Started process (PID=14135) to work on /home/johnny/airflow/lib/python3.12/site-packages/airflow/example_dags/plugins/event_listener.py
[2024-07-09T00:14:23.005-0300] {processor.py:830} INFO - Processing file /home/johnny/airflow/lib/python3.12/site-packages/airflow/example_dags/plugins/event_listener.py for tasks to queue
[2024-07-09T00:14:23.007-0300] {logging_mixin.py:188} INFO - [2024-07-09T00:14:23.006-0300] {dagbag.py:545} INFO - Filling up the DagBag from /home/johnny/airflow/lib/python3.12/site-packages/airflow/example_dags/plugins/event_listener.py
[2024-07-09T00:14:23.011-0300] {processor.py:842} WARNING - No viable dags retrieved from /home/johnny/airflow/lib/python3.12/site-packages/airflow/example_dags/plugins/event_listener.py
[2024-07-09T00:14:23.031-0300] {processor.py:183} INFO - Processing /home/johnny/airflow/lib/python3.12/site-packages/airflow/example_dags/plugins/event_listener.py took 0.040 seconds
[2024-07-09T00:15:27.900-0300] {processor.py:161} INFO - Started process (PID=14240) to work on /home/johnny/airflow/lib/python3.12/site-packages/airflow/example_dags/plugins/event_listener.py
[2024-07-09T00:15:27.903-0300] {processor.py:830} INFO - Processing file /home/johnny/airflow/lib/python3.12/site-packages/airflow/example_dags/plugins/event_listener.py for tasks to queue
[2024-07-09T00:15:27.905-0300] {logging_mixin.py:188} INFO - [2024-07-09T00:15:27.904-0300] {dagbag.py:545} INFO - Filling up the DagBag from /home/johnny/airflow/lib/python3.12/site-packages/airflow/example_dags/plugins/event_listener.py
[2024-07-09T00:15:27.910-0300] {processor.py:842} WARNING - No viable dags retrieved from /home/johnny/airflow/lib/python3.12/site-packages/airflow/example_dags/plugins/event_listener.py
[2024-07-09T00:15:27.932-0300] {processor.py:183} INFO - Processing /home/johnny/airflow/lib/python3.12/site-packages/airflow/example_dags/plugins/event_listener.py took 0.043 seconds
[2024-07-09T00:16:37.830-0300] {processor.py:161} INFO - Started process (PID=14356) to work on /home/johnny/airflow/lib/python3.12/site-packages/airflow/example_dags/plugins/event_listener.py
[2024-07-09T00:16:37.832-0300] {processor.py:830} INFO - Processing file /home/johnny/airflow/lib/python3.12/site-packages/airflow/example_dags/plugins/event_listener.py for tasks to queue
[2024-07-09T00:16:37.834-0300] {logging_mixin.py:188} INFO - [2024-07-09T00:16:37.834-0300] {dagbag.py:545} INFO - Filling up the DagBag from /home/johnny/airflow/lib/python3.12/site-packages/airflow/example_dags/plugins/event_listener.py
[2024-07-09T00:16:37.839-0300] {processor.py:842} WARNING - No viable dags retrieved from /home/johnny/airflow/lib/python3.12/site-packages/airflow/example_dags/plugins/event_listener.py
[2024-07-09T00:16:37.863-0300] {processor.py:183} INFO - Processing /home/johnny/airflow/lib/python3.12/site-packages/airflow/example_dags/plugins/event_listener.py took 0.048 seconds
[2024-07-09T00:17:44.201-0300] {processor.py:161} INFO - Started process (PID=14475) to work on /home/johnny/airflow/lib/python3.12/site-packages/airflow/example_dags/plugins/event_listener.py
[2024-07-09T00:17:44.206-0300] {processor.py:830} INFO - Processing file /home/johnny/airflow/lib/python3.12/site-packages/airflow/example_dags/plugins/event_listener.py for tasks to queue
[2024-07-09T00:17:44.208-0300] {logging_mixin.py:188} INFO - [2024-07-09T00:17:44.207-0300] {dagbag.py:545} INFO - Filling up the DagBag from /home/johnny/airflow/lib/python3.12/site-packages/airflow/example_dags/plugins/event_listener.py
[2024-07-09T00:17:44.212-0300] {processor.py:842} WARNING - No viable dags retrieved from /home/johnny/airflow/lib/python3.12/site-packages/airflow/example_dags/plugins/event_listener.py
[2024-07-09T00:17:44.232-0300] {processor.py:183} INFO - Processing /home/johnny/airflow/lib/python3.12/site-packages/airflow/example_dags/plugins/event_listener.py took 0.044 seconds
[2024-07-09T00:18:46.686-0300] {processor.py:161} INFO - Started process (PID=14579) to work on /home/johnny/airflow/lib/python3.12/site-packages/airflow/example_dags/plugins/event_listener.py
[2024-07-09T00:18:46.689-0300] {processor.py:830} INFO - Processing file /home/johnny/airflow/lib/python3.12/site-packages/airflow/example_dags/plugins/event_listener.py for tasks to queue
[2024-07-09T00:18:46.691-0300] {logging_mixin.py:188} INFO - [2024-07-09T00:18:46.691-0300] {dagbag.py:545} INFO - Filling up the DagBag from /home/johnny/airflow/lib/python3.12/site-packages/airflow/example_dags/plugins/event_listener.py
[2024-07-09T00:18:46.695-0300] {processor.py:842} WARNING - No viable dags retrieved from /home/johnny/airflow/lib/python3.12/site-packages/airflow/example_dags/plugins/event_listener.py
[2024-07-09T00:18:46.715-0300] {processor.py:183} INFO - Processing /home/johnny/airflow/lib/python3.12/site-packages/airflow/example_dags/plugins/event_listener.py took 0.041 seconds
[2024-07-09T00:19:53.616-0300] {processor.py:161} INFO - Started process (PID=14693) to work on /home/johnny/airflow/lib/python3.12/site-packages/airflow/example_dags/plugins/event_listener.py
[2024-07-09T00:19:53.619-0300] {processor.py:830} INFO - Processing file /home/johnny/airflow/lib/python3.12/site-packages/airflow/example_dags/plugins/event_listener.py for tasks to queue
[2024-07-09T00:19:53.620-0300] {logging_mixin.py:188} INFO - [2024-07-09T00:19:53.620-0300] {dagbag.py:545} INFO - Filling up the DagBag from /home/johnny/airflow/lib/python3.12/site-packages/airflow/example_dags/plugins/event_listener.py
[2024-07-09T00:19:53.625-0300] {processor.py:842} WARNING - No viable dags retrieved from /home/johnny/airflow/lib/python3.12/site-packages/airflow/example_dags/plugins/event_listener.py
[2024-07-09T00:19:53.644-0300] {processor.py:183} INFO - Processing /home/johnny/airflow/lib/python3.12/site-packages/airflow/example_dags/plugins/event_listener.py took 0.039 seconds
[2024-07-09T00:20:58.248-0300] {processor.py:161} INFO - Started process (PID=14797) to work on /home/johnny/airflow/lib/python3.12/site-packages/airflow/example_dags/plugins/event_listener.py
[2024-07-09T00:20:58.251-0300] {processor.py:830} INFO - Processing file /home/johnny/airflow/lib/python3.12/site-packages/airflow/example_dags/plugins/event_listener.py for tasks to queue
[2024-07-09T00:20:58.253-0300] {logging_mixin.py:188} INFO - [2024-07-09T00:20:58.252-0300] {dagbag.py:545} INFO - Filling up the DagBag from /home/johnny/airflow/lib/python3.12/site-packages/airflow/example_dags/plugins/event_listener.py
[2024-07-09T00:20:58.257-0300] {processor.py:842} WARNING - No viable dags retrieved from /home/johnny/airflow/lib/python3.12/site-packages/airflow/example_dags/plugins/event_listener.py
[2024-07-09T00:20:58.275-0300] {processor.py:183} INFO - Processing /home/johnny/airflow/lib/python3.12/site-packages/airflow/example_dags/plugins/event_listener.py took 0.038 seconds
[2024-07-09T00:21:58.901-0300] {processor.py:161} INFO - Started process (PID=14894) to work on /home/johnny/airflow/lib/python3.12/site-packages/airflow/example_dags/plugins/event_listener.py
[2024-07-09T00:21:58.907-0300] {processor.py:830} INFO - Processing file /home/johnny/airflow/lib/python3.12/site-packages/airflow/example_dags/plugins/event_listener.py for tasks to queue
[2024-07-09T00:21:58.908-0300] {logging_mixin.py:188} INFO - [2024-07-09T00:21:58.908-0300] {dagbag.py:545} INFO - Filling up the DagBag from /home/johnny/airflow/lib/python3.12/site-packages/airflow/example_dags/plugins/event_listener.py
[2024-07-09T00:21:58.913-0300] {processor.py:842} WARNING - No viable dags retrieved from /home/johnny/airflow/lib/python3.12/site-packages/airflow/example_dags/plugins/event_listener.py
[2024-07-09T00:21:58.933-0300] {processor.py:183} INFO - Processing /home/johnny/airflow/lib/python3.12/site-packages/airflow/example_dags/plugins/event_listener.py took 0.044 seconds
[2024-07-09T00:23:13.240-0300] {processor.py:161} INFO - Started process (PID=15009) to work on /home/johnny/airflow/lib/python3.12/site-packages/airflow/example_dags/plugins/event_listener.py
[2024-07-09T00:23:13.242-0300] {processor.py:830} INFO - Processing file /home/johnny/airflow/lib/python3.12/site-packages/airflow/example_dags/plugins/event_listener.py for tasks to queue
[2024-07-09T00:23:13.245-0300] {logging_mixin.py:188} INFO - [2024-07-09T00:23:13.244-0300] {dagbag.py:545} INFO - Filling up the DagBag from /home/johnny/airflow/lib/python3.12/site-packages/airflow/example_dags/plugins/event_listener.py
[2024-07-09T00:23:13.253-0300] {processor.py:842} WARNING - No viable dags retrieved from /home/johnny/airflow/lib/python3.12/site-packages/airflow/example_dags/plugins/event_listener.py
[2024-07-09T00:23:13.276-0300] {processor.py:183} INFO - Processing /home/johnny/airflow/lib/python3.12/site-packages/airflow/example_dags/plugins/event_listener.py took 0.050 seconds
[2024-07-09T00:24:15.703-0300] {processor.py:161} INFO - Started process (PID=15104) to work on /home/johnny/airflow/lib/python3.12/site-packages/airflow/example_dags/plugins/event_listener.py
[2024-07-09T00:24:15.709-0300] {processor.py:830} INFO - Processing file /home/johnny/airflow/lib/python3.12/site-packages/airflow/example_dags/plugins/event_listener.py for tasks to queue
[2024-07-09T00:24:15.711-0300] {logging_mixin.py:188} INFO - [2024-07-09T00:24:15.710-0300] {dagbag.py:545} INFO - Filling up the DagBag from /home/johnny/airflow/lib/python3.12/site-packages/airflow/example_dags/plugins/event_listener.py
[2024-07-09T00:24:15.715-0300] {processor.py:842} WARNING - No viable dags retrieved from /home/johnny/airflow/lib/python3.12/site-packages/airflow/example_dags/plugins/event_listener.py
[2024-07-09T00:24:15.734-0300] {processor.py:183} INFO - Processing /home/johnny/airflow/lib/python3.12/site-packages/airflow/example_dags/plugins/event_listener.py took 0.042 seconds
[2024-07-09T00:25:18.066-0300] {processor.py:161} INFO - Started process (PID=15208) to work on /home/johnny/airflow/lib/python3.12/site-packages/airflow/example_dags/plugins/event_listener.py
[2024-07-09T00:25:18.071-0300] {processor.py:830} INFO - Processing file /home/johnny/airflow/lib/python3.12/site-packages/airflow/example_dags/plugins/event_listener.py for tasks to queue
[2024-07-09T00:25:18.073-0300] {logging_mixin.py:188} INFO - [2024-07-09T00:25:18.072-0300] {dagbag.py:545} INFO - Filling up the DagBag from /home/johnny/airflow/lib/python3.12/site-packages/airflow/example_dags/plugins/event_listener.py
[2024-07-09T00:25:18.077-0300] {processor.py:842} WARNING - No viable dags retrieved from /home/johnny/airflow/lib/python3.12/site-packages/airflow/example_dags/plugins/event_listener.py
[2024-07-09T00:25:18.096-0300] {processor.py:183} INFO - Processing /home/johnny/airflow/lib/python3.12/site-packages/airflow/example_dags/plugins/event_listener.py took 0.041 seconds
[2024-07-09T00:26:28.275-0300] {processor.py:161} INFO - Started process (PID=15321) to work on /home/johnny/airflow/lib/python3.12/site-packages/airflow/example_dags/plugins/event_listener.py
[2024-07-09T00:26:28.281-0300] {processor.py:830} INFO - Processing file /home/johnny/airflow/lib/python3.12/site-packages/airflow/example_dags/plugins/event_listener.py for tasks to queue
[2024-07-09T00:26:28.284-0300] {logging_mixin.py:188} INFO - [2024-07-09T00:26:28.283-0300] {dagbag.py:545} INFO - Filling up the DagBag from /home/johnny/airflow/lib/python3.12/site-packages/airflow/example_dags/plugins/event_listener.py
[2024-07-09T00:26:28.288-0300] {processor.py:842} WARNING - No viable dags retrieved from /home/johnny/airflow/lib/python3.12/site-packages/airflow/example_dags/plugins/event_listener.py
[2024-07-09T00:26:28.313-0300] {processor.py:183} INFO - Processing /home/johnny/airflow/lib/python3.12/site-packages/airflow/example_dags/plugins/event_listener.py took 0.049 seconds
[2024-07-09T00:27:33.797-0300] {processor.py:161} INFO - Started process (PID=15427) to work on /home/johnny/airflow/lib/python3.12/site-packages/airflow/example_dags/plugins/event_listener.py
[2024-07-09T00:27:33.803-0300] {processor.py:830} INFO - Processing file /home/johnny/airflow/lib/python3.12/site-packages/airflow/example_dags/plugins/event_listener.py for tasks to queue
[2024-07-09T00:27:33.805-0300] {logging_mixin.py:188} INFO - [2024-07-09T00:27:33.804-0300] {dagbag.py:545} INFO - Filling up the DagBag from /home/johnny/airflow/lib/python3.12/site-packages/airflow/example_dags/plugins/event_listener.py
[2024-07-09T00:27:33.810-0300] {processor.py:842} WARNING - No viable dags retrieved from /home/johnny/airflow/lib/python3.12/site-packages/airflow/example_dags/plugins/event_listener.py
[2024-07-09T00:27:33.832-0300] {processor.py:183} INFO - Processing /home/johnny/airflow/lib/python3.12/site-packages/airflow/example_dags/plugins/event_listener.py took 0.047 seconds
[2024-07-09T00:28:48.432-0300] {processor.py:161} INFO - Started process (PID=15549) to work on /home/johnny/airflow/lib/python3.12/site-packages/airflow/example_dags/plugins/event_listener.py
[2024-07-09T00:28:48.434-0300] {processor.py:830} INFO - Processing file /home/johnny/airflow/lib/python3.12/site-packages/airflow/example_dags/plugins/event_listener.py for tasks to queue
[2024-07-09T00:28:48.436-0300] {logging_mixin.py:188} INFO - [2024-07-09T00:28:48.435-0300] {dagbag.py:545} INFO - Filling up the DagBag from /home/johnny/airflow/lib/python3.12/site-packages/airflow/example_dags/plugins/event_listener.py
[2024-07-09T00:28:48.440-0300] {processor.py:842} WARNING - No viable dags retrieved from /home/johnny/airflow/lib/python3.12/site-packages/airflow/example_dags/plugins/event_listener.py
[2024-07-09T00:28:48.487-0300] {processor.py:183} INFO - Processing /home/johnny/airflow/lib/python3.12/site-packages/airflow/example_dags/plugins/event_listener.py took 0.067 seconds
[2024-07-09T00:29:52.528-0300] {processor.py:161} INFO - Started process (PID=15653) to work on /home/johnny/airflow/lib/python3.12/site-packages/airflow/example_dags/plugins/event_listener.py
[2024-07-09T00:29:52.531-0300] {processor.py:830} INFO - Processing file /home/johnny/airflow/lib/python3.12/site-packages/airflow/example_dags/plugins/event_listener.py for tasks to queue
[2024-07-09T00:29:52.534-0300] {logging_mixin.py:188} INFO - [2024-07-09T00:29:52.533-0300] {dagbag.py:545} INFO - Filling up the DagBag from /home/johnny/airflow/lib/python3.12/site-packages/airflow/example_dags/plugins/event_listener.py
[2024-07-09T00:29:52.539-0300] {processor.py:842} WARNING - No viable dags retrieved from /home/johnny/airflow/lib/python3.12/site-packages/airflow/example_dags/plugins/event_listener.py
[2024-07-09T00:29:52.563-0300] {processor.py:183} INFO - Processing /home/johnny/airflow/lib/python3.12/site-packages/airflow/example_dags/plugins/event_listener.py took 0.053 seconds
[2024-07-09T00:31:00.508-0300] {processor.py:161} INFO - Started process (PID=15760) to work on /home/johnny/airflow/lib/python3.12/site-packages/airflow/example_dags/plugins/event_listener.py
[2024-07-09T00:31:00.512-0300] {processor.py:830} INFO - Processing file /home/johnny/airflow/lib/python3.12/site-packages/airflow/example_dags/plugins/event_listener.py for tasks to queue
[2024-07-09T00:31:00.517-0300] {logging_mixin.py:188} INFO - [2024-07-09T00:31:00.515-0300] {dagbag.py:545} INFO - Filling up the DagBag from /home/johnny/airflow/lib/python3.12/site-packages/airflow/example_dags/plugins/event_listener.py
[2024-07-09T00:31:00.524-0300] {processor.py:842} WARNING - No viable dags retrieved from /home/johnny/airflow/lib/python3.12/site-packages/airflow/example_dags/plugins/event_listener.py
[2024-07-09T00:31:00.552-0300] {processor.py:183} INFO - Processing /home/johnny/airflow/lib/python3.12/site-packages/airflow/example_dags/plugins/event_listener.py took 0.062 seconds
[2024-07-09T00:32:10.173-0300] {processor.py:161} INFO - Started process (PID=15879) to work on /home/johnny/airflow/lib/python3.12/site-packages/airflow/example_dags/plugins/event_listener.py
[2024-07-09T00:32:10.175-0300] {processor.py:830} INFO - Processing file /home/johnny/airflow/lib/python3.12/site-packages/airflow/example_dags/plugins/event_listener.py for tasks to queue
[2024-07-09T00:32:10.178-0300] {logging_mixin.py:188} INFO - [2024-07-09T00:32:10.177-0300] {dagbag.py:545} INFO - Filling up the DagBag from /home/johnny/airflow/lib/python3.12/site-packages/airflow/example_dags/plugins/event_listener.py
[2024-07-09T00:32:10.182-0300] {processor.py:842} WARNING - No viable dags retrieved from /home/johnny/airflow/lib/python3.12/site-packages/airflow/example_dags/plugins/event_listener.py
[2024-07-09T00:32:10.202-0300] {processor.py:183} INFO - Processing /home/johnny/airflow/lib/python3.12/site-packages/airflow/example_dags/plugins/event_listener.py took 0.042 seconds
[2024-07-09T00:33:15.031-0300] {processor.py:161} INFO - Started process (PID=15985) to work on /home/johnny/airflow/lib/python3.12/site-packages/airflow/example_dags/plugins/event_listener.py
[2024-07-09T00:33:15.033-0300] {processor.py:830} INFO - Processing file /home/johnny/airflow/lib/python3.12/site-packages/airflow/example_dags/plugins/event_listener.py for tasks to queue
[2024-07-09T00:33:15.035-0300] {logging_mixin.py:188} INFO - [2024-07-09T00:33:15.035-0300] {dagbag.py:545} INFO - Filling up the DagBag from /home/johnny/airflow/lib/python3.12/site-packages/airflow/example_dags/plugins/event_listener.py
[2024-07-09T00:33:15.040-0300] {processor.py:842} WARNING - No viable dags retrieved from /home/johnny/airflow/lib/python3.12/site-packages/airflow/example_dags/plugins/event_listener.py
[2024-07-09T00:33:15.060-0300] {processor.py:183} INFO - Processing /home/johnny/airflow/lib/python3.12/site-packages/airflow/example_dags/plugins/event_listener.py took 0.041 seconds
[2024-07-09T00:34:26.377-0300] {processor.py:161} INFO - Started process (PID=16107) to work on /home/johnny/airflow/lib/python3.12/site-packages/airflow/example_dags/plugins/event_listener.py
[2024-07-09T00:34:26.380-0300] {processor.py:830} INFO - Processing file /home/johnny/airflow/lib/python3.12/site-packages/airflow/example_dags/plugins/event_listener.py for tasks to queue
[2024-07-09T00:34:26.382-0300] {logging_mixin.py:188} INFO - [2024-07-09T00:34:26.381-0300] {dagbag.py:545} INFO - Filling up the DagBag from /home/johnny/airflow/lib/python3.12/site-packages/airflow/example_dags/plugins/event_listener.py
[2024-07-09T00:34:26.387-0300] {processor.py:842} WARNING - No viable dags retrieved from /home/johnny/airflow/lib/python3.12/site-packages/airflow/example_dags/plugins/event_listener.py
[2024-07-09T00:34:26.407-0300] {processor.py:183} INFO - Processing /home/johnny/airflow/lib/python3.12/site-packages/airflow/example_dags/plugins/event_listener.py took 0.041 seconds
[2024-07-09T00:35:37.201-0300] {processor.py:161} INFO - Started process (PID=16232) to work on /home/johnny/airflow/lib/python3.12/site-packages/airflow/example_dags/plugins/event_listener.py
[2024-07-09T00:35:37.204-0300] {processor.py:830} INFO - Processing file /home/johnny/airflow/lib/python3.12/site-packages/airflow/example_dags/plugins/event_listener.py for tasks to queue
[2024-07-09T00:35:37.206-0300] {logging_mixin.py:188} INFO - [2024-07-09T00:35:37.205-0300] {dagbag.py:545} INFO - Filling up the DagBag from /home/johnny/airflow/lib/python3.12/site-packages/airflow/example_dags/plugins/event_listener.py
[2024-07-09T00:35:37.210-0300] {processor.py:842} WARNING - No viable dags retrieved from /home/johnny/airflow/lib/python3.12/site-packages/airflow/example_dags/plugins/event_listener.py
[2024-07-09T00:35:37.229-0300] {processor.py:183} INFO - Processing /home/johnny/airflow/lib/python3.12/site-packages/airflow/example_dags/plugins/event_listener.py took 0.041 seconds
[2024-07-09T00:36:46.399-0300] {processor.py:161} INFO - Started process (PID=16346) to work on /home/johnny/airflow/lib/python3.12/site-packages/airflow/example_dags/plugins/event_listener.py
[2024-07-09T00:36:46.402-0300] {processor.py:830} INFO - Processing file /home/johnny/airflow/lib/python3.12/site-packages/airflow/example_dags/plugins/event_listener.py for tasks to queue
[2024-07-09T00:36:46.404-0300] {logging_mixin.py:188} INFO - [2024-07-09T00:36:46.403-0300] {dagbag.py:545} INFO - Filling up the DagBag from /home/johnny/airflow/lib/python3.12/site-packages/airflow/example_dags/plugins/event_listener.py
[2024-07-09T00:36:46.410-0300] {processor.py:842} WARNING - No viable dags retrieved from /home/johnny/airflow/lib/python3.12/site-packages/airflow/example_dags/plugins/event_listener.py
[2024-07-09T00:36:46.431-0300] {processor.py:183} INFO - Processing /home/johnny/airflow/lib/python3.12/site-packages/airflow/example_dags/plugins/event_listener.py took 0.044 seconds
[2024-07-09T00:37:54.863-0300] {processor.py:161} INFO - Started process (PID=16466) to work on /home/johnny/airflow/lib/python3.12/site-packages/airflow/example_dags/plugins/event_listener.py
[2024-07-09T00:37:54.866-0300] {processor.py:830} INFO - Processing file /home/johnny/airflow/lib/python3.12/site-packages/airflow/example_dags/plugins/event_listener.py for tasks to queue
[2024-07-09T00:37:54.867-0300] {logging_mixin.py:188} INFO - [2024-07-09T00:37:54.867-0300] {dagbag.py:545} INFO - Filling up the DagBag from /home/johnny/airflow/lib/python3.12/site-packages/airflow/example_dags/plugins/event_listener.py
[2024-07-09T00:37:54.872-0300] {processor.py:842} WARNING - No viable dags retrieved from /home/johnny/airflow/lib/python3.12/site-packages/airflow/example_dags/plugins/event_listener.py
[2024-07-09T00:37:54.891-0300] {processor.py:183} INFO - Processing /home/johnny/airflow/lib/python3.12/site-packages/airflow/example_dags/plugins/event_listener.py took 0.039 seconds
[2024-07-09T00:39:04.391-0300] {processor.py:161} INFO - Started process (PID=16588) to work on /home/johnny/airflow/lib/python3.12/site-packages/airflow/example_dags/plugins/event_listener.py
[2024-07-09T00:39:04.395-0300] {processor.py:830} INFO - Processing file /home/johnny/airflow/lib/python3.12/site-packages/airflow/example_dags/plugins/event_listener.py for tasks to queue
[2024-07-09T00:39:04.397-0300] {logging_mixin.py:188} INFO - [2024-07-09T00:39:04.396-0300] {dagbag.py:545} INFO - Filling up the DagBag from /home/johnny/airflow/lib/python3.12/site-packages/airflow/example_dags/plugins/event_listener.py
[2024-07-09T00:39:04.402-0300] {processor.py:842} WARNING - No viable dags retrieved from /home/johnny/airflow/lib/python3.12/site-packages/airflow/example_dags/plugins/event_listener.py
[2024-07-09T00:39:04.426-0300] {processor.py:183} INFO - Processing /home/johnny/airflow/lib/python3.12/site-packages/airflow/example_dags/plugins/event_listener.py took 0.051 seconds
[2024-07-09T00:40:12.965-0300] {processor.py:161} INFO - Started process (PID=16701) to work on /home/johnny/airflow/lib/python3.12/site-packages/airflow/example_dags/plugins/event_listener.py
[2024-07-09T00:40:12.970-0300] {processor.py:830} INFO - Processing file /home/johnny/airflow/lib/python3.12/site-packages/airflow/example_dags/plugins/event_listener.py for tasks to queue
[2024-07-09T00:40:12.972-0300] {logging_mixin.py:188} INFO - [2024-07-09T00:40:12.971-0300] {dagbag.py:545} INFO - Filling up the DagBag from /home/johnny/airflow/lib/python3.12/site-packages/airflow/example_dags/plugins/event_listener.py
[2024-07-09T00:40:12.976-0300] {processor.py:842} WARNING - No viable dags retrieved from /home/johnny/airflow/lib/python3.12/site-packages/airflow/example_dags/plugins/event_listener.py
[2024-07-09T00:40:12.996-0300] {processor.py:183} INFO - Processing /home/johnny/airflow/lib/python3.12/site-packages/airflow/example_dags/plugins/event_listener.py took 0.043 seconds
[2024-07-09T00:41:19.105-0300] {processor.py:161} INFO - Started process (PID=16808) to work on /home/johnny/airflow/lib/python3.12/site-packages/airflow/example_dags/plugins/event_listener.py
[2024-07-09T00:41:19.108-0300] {processor.py:830} INFO - Processing file /home/johnny/airflow/lib/python3.12/site-packages/airflow/example_dags/plugins/event_listener.py for tasks to queue
[2024-07-09T00:41:19.111-0300] {logging_mixin.py:188} INFO - [2024-07-09T00:41:19.110-0300] {dagbag.py:545} INFO - Filling up the DagBag from /home/johnny/airflow/lib/python3.12/site-packages/airflow/example_dags/plugins/event_listener.py
[2024-07-09T00:41:19.115-0300] {processor.py:842} WARNING - No viable dags retrieved from /home/johnny/airflow/lib/python3.12/site-packages/airflow/example_dags/plugins/event_listener.py
[2024-07-09T00:41:19.135-0300] {processor.py:183} INFO - Processing /home/johnny/airflow/lib/python3.12/site-packages/airflow/example_dags/plugins/event_listener.py took 0.041 seconds
[2024-07-09T00:42:22.721-0300] {processor.py:161} INFO - Started process (PID=16912) to work on /home/johnny/airflow/lib/python3.12/site-packages/airflow/example_dags/plugins/event_listener.py
[2024-07-09T00:42:22.727-0300] {processor.py:830} INFO - Processing file /home/johnny/airflow/lib/python3.12/site-packages/airflow/example_dags/plugins/event_listener.py for tasks to queue
[2024-07-09T00:42:22.729-0300] {logging_mixin.py:188} INFO - [2024-07-09T00:42:22.728-0300] {dagbag.py:545} INFO - Filling up the DagBag from /home/johnny/airflow/lib/python3.12/site-packages/airflow/example_dags/plugins/event_listener.py
[2024-07-09T00:42:22.734-0300] {processor.py:842} WARNING - No viable dags retrieved from /home/johnny/airflow/lib/python3.12/site-packages/airflow/example_dags/plugins/event_listener.py
[2024-07-09T00:42:22.756-0300] {processor.py:183} INFO - Processing /home/johnny/airflow/lib/python3.12/site-packages/airflow/example_dags/plugins/event_listener.py took 0.049 seconds
[2024-07-09T00:43:02.169-0300] {processor.py:161} INFO - Started process (PID=16979) to work on /home/johnny/airflow/lib/python3.12/site-packages/airflow/example_dags/plugins/event_listener.py
[2024-07-09T00:43:02.175-0300] {processor.py:830} INFO - Processing file /home/johnny/airflow/lib/python3.12/site-packages/airflow/example_dags/plugins/event_listener.py for tasks to queue
[2024-07-09T00:43:02.177-0300] {logging_mixin.py:188} INFO - [2024-07-09T00:43:02.176-0300] {dagbag.py:545} INFO - Filling up the DagBag from /home/johnny/airflow/lib/python3.12/site-packages/airflow/example_dags/plugins/event_listener.py
[2024-07-09T00:43:02.182-0300] {processor.py:842} WARNING - No viable dags retrieved from /home/johnny/airflow/lib/python3.12/site-packages/airflow/example_dags/plugins/event_listener.py
[2024-07-09T00:43:02.203-0300] {processor.py:183} INFO - Processing /home/johnny/airflow/lib/python3.12/site-packages/airflow/example_dags/plugins/event_listener.py took 0.047 seconds
[2024-07-09T00:44:02.684-0300] {processor.py:161} INFO - Started process (PID=17074) to work on /home/johnny/airflow/lib/python3.12/site-packages/airflow/example_dags/plugins/event_listener.py
[2024-07-09T00:44:02.687-0300] {processor.py:830} INFO - Processing file /home/johnny/airflow/lib/python3.12/site-packages/airflow/example_dags/plugins/event_listener.py for tasks to queue
[2024-07-09T00:44:02.692-0300] {logging_mixin.py:188} INFO - [2024-07-09T00:44:02.689-0300] {dagbag.py:545} INFO - Filling up the DagBag from /home/johnny/airflow/lib/python3.12/site-packages/airflow/example_dags/plugins/event_listener.py
[2024-07-09T00:44:02.698-0300] {processor.py:842} WARNING - No viable dags retrieved from /home/johnny/airflow/lib/python3.12/site-packages/airflow/example_dags/plugins/event_listener.py
[2024-07-09T00:44:02.732-0300] {processor.py:183} INFO - Processing /home/johnny/airflow/lib/python3.12/site-packages/airflow/example_dags/plugins/event_listener.py took 0.067 seconds
[2024-07-09T00:44:47.828-0300] {processor.py:161} INFO - Started process (PID=17140) to work on /home/johnny/airflow/lib/python3.12/site-packages/airflow/example_dags/plugins/event_listener.py
[2024-07-09T00:44:47.830-0300] {processor.py:830} INFO - Processing file /home/johnny/airflow/lib/python3.12/site-packages/airflow/example_dags/plugins/event_listener.py for tasks to queue
[2024-07-09T00:44:47.832-0300] {logging_mixin.py:188} INFO - [2024-07-09T00:44:47.832-0300] {dagbag.py:545} INFO - Filling up the DagBag from /home/johnny/airflow/lib/python3.12/site-packages/airflow/example_dags/plugins/event_listener.py
[2024-07-09T00:44:47.839-0300] {processor.py:842} WARNING - No viable dags retrieved from /home/johnny/airflow/lib/python3.12/site-packages/airflow/example_dags/plugins/event_listener.py
[2024-07-09T00:44:47.865-0300] {processor.py:183} INFO - Processing /home/johnny/airflow/lib/python3.12/site-packages/airflow/example_dags/plugins/event_listener.py took 0.053 seconds
[2024-07-09T00:45:28.549-0300] {processor.py:161} INFO - Started process (PID=17211) to work on /home/johnny/airflow/lib/python3.12/site-packages/airflow/example_dags/plugins/event_listener.py
[2024-07-09T00:45:28.552-0300] {processor.py:830} INFO - Processing file /home/johnny/airflow/lib/python3.12/site-packages/airflow/example_dags/plugins/event_listener.py for tasks to queue
[2024-07-09T00:45:28.554-0300] {logging_mixin.py:188} INFO - [2024-07-09T00:45:28.553-0300] {dagbag.py:545} INFO - Filling up the DagBag from /home/johnny/airflow/lib/python3.12/site-packages/airflow/example_dags/plugins/event_listener.py
[2024-07-09T00:45:28.559-0300] {processor.py:842} WARNING - No viable dags retrieved from /home/johnny/airflow/lib/python3.12/site-packages/airflow/example_dags/plugins/event_listener.py
[2024-07-09T00:45:28.578-0300] {processor.py:183} INFO - Processing /home/johnny/airflow/lib/python3.12/site-packages/airflow/example_dags/plugins/event_listener.py took 0.046 seconds
[2024-07-09T00:46:42.144-0300] {processor.py:161} INFO - Started process (PID=17325) to work on /home/johnny/airflow/lib/python3.12/site-packages/airflow/example_dags/plugins/event_listener.py
[2024-07-09T00:46:42.149-0300] {processor.py:830} INFO - Processing file /home/johnny/airflow/lib/python3.12/site-packages/airflow/example_dags/plugins/event_listener.py for tasks to queue
[2024-07-09T00:46:42.151-0300] {logging_mixin.py:188} INFO - [2024-07-09T00:46:42.150-0300] {dagbag.py:545} INFO - Filling up the DagBag from /home/johnny/airflow/lib/python3.12/site-packages/airflow/example_dags/plugins/event_listener.py
[2024-07-09T00:46:42.156-0300] {processor.py:842} WARNING - No viable dags retrieved from /home/johnny/airflow/lib/python3.12/site-packages/airflow/example_dags/plugins/event_listener.py
[2024-07-09T00:46:42.177-0300] {processor.py:183} INFO - Processing /home/johnny/airflow/lib/python3.12/site-packages/airflow/example_dags/plugins/event_listener.py took 0.045 seconds
[2024-07-09T00:47:50.736-0300] {processor.py:161} INFO - Started process (PID=17442) to work on /home/johnny/airflow/lib/python3.12/site-packages/airflow/example_dags/plugins/event_listener.py
[2024-07-09T00:47:50.742-0300] {processor.py:830} INFO - Processing file /home/johnny/airflow/lib/python3.12/site-packages/airflow/example_dags/plugins/event_listener.py for tasks to queue
[2024-07-09T00:47:50.745-0300] {logging_mixin.py:188} INFO - [2024-07-09T00:47:50.744-0300] {dagbag.py:545} INFO - Filling up the DagBag from /home/johnny/airflow/lib/python3.12/site-packages/airflow/example_dags/plugins/event_listener.py
[2024-07-09T00:47:50.750-0300] {processor.py:842} WARNING - No viable dags retrieved from /home/johnny/airflow/lib/python3.12/site-packages/airflow/example_dags/plugins/event_listener.py
[2024-07-09T00:47:50.775-0300] {processor.py:183} INFO - Processing /home/johnny/airflow/lib/python3.12/site-packages/airflow/example_dags/plugins/event_listener.py took 0.051 seconds
[2024-07-09T00:48:58.743-0300] {processor.py:161} INFO - Started process (PID=17555) to work on /home/johnny/airflow/lib/python3.12/site-packages/airflow/example_dags/plugins/event_listener.py
[2024-07-09T00:48:58.746-0300] {processor.py:830} INFO - Processing file /home/johnny/airflow/lib/python3.12/site-packages/airflow/example_dags/plugins/event_listener.py for tasks to queue
[2024-07-09T00:48:58.748-0300] {logging_mixin.py:188} INFO - [2024-07-09T00:48:58.747-0300] {dagbag.py:545} INFO - Filling up the DagBag from /home/johnny/airflow/lib/python3.12/site-packages/airflow/example_dags/plugins/event_listener.py
[2024-07-09T00:48:58.753-0300] {processor.py:842} WARNING - No viable dags retrieved from /home/johnny/airflow/lib/python3.12/site-packages/airflow/example_dags/plugins/event_listener.py
[2024-07-09T00:48:58.773-0300] {processor.py:183} INFO - Processing /home/johnny/airflow/lib/python3.12/site-packages/airflow/example_dags/plugins/event_listener.py took 0.042 seconds
[2024-07-09T00:50:04.502-0300] {processor.py:161} INFO - Started process (PID=17668) to work on /home/johnny/airflow/lib/python3.12/site-packages/airflow/example_dags/plugins/event_listener.py
[2024-07-09T00:50:04.505-0300] {processor.py:830} INFO - Processing file /home/johnny/airflow/lib/python3.12/site-packages/airflow/example_dags/plugins/event_listener.py for tasks to queue
[2024-07-09T00:50:04.507-0300] {logging_mixin.py:188} INFO - [2024-07-09T00:50:04.506-0300] {dagbag.py:545} INFO - Filling up the DagBag from /home/johnny/airflow/lib/python3.12/site-packages/airflow/example_dags/plugins/event_listener.py
[2024-07-09T00:50:04.511-0300] {processor.py:842} WARNING - No viable dags retrieved from /home/johnny/airflow/lib/python3.12/site-packages/airflow/example_dags/plugins/event_listener.py
[2024-07-09T00:50:04.531-0300] {processor.py:183} INFO - Processing /home/johnny/airflow/lib/python3.12/site-packages/airflow/example_dags/plugins/event_listener.py took 0.040 seconds
[2024-07-09T00:51:17.173-0300] {processor.py:161} INFO - Started process (PID=17797) to work on /home/johnny/airflow/lib/python3.12/site-packages/airflow/example_dags/plugins/event_listener.py
[2024-07-09T00:51:17.178-0300] {processor.py:830} INFO - Processing file /home/johnny/airflow/lib/python3.12/site-packages/airflow/example_dags/plugins/event_listener.py for tasks to queue
[2024-07-09T00:51:17.181-0300] {logging_mixin.py:188} INFO - [2024-07-09T00:51:17.180-0300] {dagbag.py:545} INFO - Filling up the DagBag from /home/johnny/airflow/lib/python3.12/site-packages/airflow/example_dags/plugins/event_listener.py
[2024-07-09T00:51:17.185-0300] {processor.py:842} WARNING - No viable dags retrieved from /home/johnny/airflow/lib/python3.12/site-packages/airflow/example_dags/plugins/event_listener.py
[2024-07-09T00:51:17.211-0300] {processor.py:183} INFO - Processing /home/johnny/airflow/lib/python3.12/site-packages/airflow/example_dags/plugins/event_listener.py took 0.053 seconds
[2024-07-09T00:52:24.299-0300] {processor.py:161} INFO - Started process (PID=17910) to work on /home/johnny/airflow/lib/python3.12/site-packages/airflow/example_dags/plugins/event_listener.py
[2024-07-09T00:52:24.302-0300] {processor.py:830} INFO - Processing file /home/johnny/airflow/lib/python3.12/site-packages/airflow/example_dags/plugins/event_listener.py for tasks to queue
[2024-07-09T00:52:24.304-0300] {logging_mixin.py:188} INFO - [2024-07-09T00:52:24.303-0300] {dagbag.py:545} INFO - Filling up the DagBag from /home/johnny/airflow/lib/python3.12/site-packages/airflow/example_dags/plugins/event_listener.py
[2024-07-09T00:52:24.307-0300] {processor.py:842} WARNING - No viable dags retrieved from /home/johnny/airflow/lib/python3.12/site-packages/airflow/example_dags/plugins/event_listener.py
[2024-07-09T00:52:24.327-0300] {processor.py:183} INFO - Processing /home/johnny/airflow/lib/python3.12/site-packages/airflow/example_dags/plugins/event_listener.py took 0.039 seconds
[2024-07-09T00:53:30.929-0300] {processor.py:161} INFO - Started process (PID=18024) to work on /home/johnny/airflow/lib/python3.12/site-packages/airflow/example_dags/plugins/event_listener.py
[2024-07-09T00:53:30.934-0300] {processor.py:830} INFO - Processing file /home/johnny/airflow/lib/python3.12/site-packages/airflow/example_dags/plugins/event_listener.py for tasks to queue
[2024-07-09T00:53:30.938-0300] {logging_mixin.py:188} INFO - [2024-07-09T00:53:30.936-0300] {dagbag.py:545} INFO - Filling up the DagBag from /home/johnny/airflow/lib/python3.12/site-packages/airflow/example_dags/plugins/event_listener.py
[2024-07-09T00:53:30.944-0300] {processor.py:842} WARNING - No viable dags retrieved from /home/johnny/airflow/lib/python3.12/site-packages/airflow/example_dags/plugins/event_listener.py
[2024-07-09T00:53:30.963-0300] {processor.py:183} INFO - Processing /home/johnny/airflow/lib/python3.12/site-packages/airflow/example_dags/plugins/event_listener.py took 0.044 seconds
[2024-07-09T00:54:38.069-0300] {processor.py:161} INFO - Started process (PID=18132) to work on /home/johnny/airflow/lib/python3.12/site-packages/airflow/example_dags/plugins/event_listener.py
[2024-07-09T00:54:38.076-0300] {processor.py:830} INFO - Processing file /home/johnny/airflow/lib/python3.12/site-packages/airflow/example_dags/plugins/event_listener.py for tasks to queue
[2024-07-09T00:54:38.078-0300] {logging_mixin.py:188} INFO - [2024-07-09T00:54:38.078-0300] {dagbag.py:545} INFO - Filling up the DagBag from /home/johnny/airflow/lib/python3.12/site-packages/airflow/example_dags/plugins/event_listener.py
[2024-07-09T00:54:38.082-0300] {processor.py:842} WARNING - No viable dags retrieved from /home/johnny/airflow/lib/python3.12/site-packages/airflow/example_dags/plugins/event_listener.py
[2024-07-09T00:54:38.103-0300] {processor.py:183} INFO - Processing /home/johnny/airflow/lib/python3.12/site-packages/airflow/example_dags/plugins/event_listener.py took 0.047 seconds
[2024-07-09T00:55:48.793-0300] {processor.py:161} INFO - Started process (PID=18246) to work on /home/johnny/airflow/lib/python3.12/site-packages/airflow/example_dags/plugins/event_listener.py
[2024-07-09T00:55:48.799-0300] {processor.py:830} INFO - Processing file /home/johnny/airflow/lib/python3.12/site-packages/airflow/example_dags/plugins/event_listener.py for tasks to queue
[2024-07-09T00:55:48.814-0300] {logging_mixin.py:188} INFO - [2024-07-09T00:55:48.812-0300] {dagbag.py:545} INFO - Filling up the DagBag from /home/johnny/airflow/lib/python3.12/site-packages/airflow/example_dags/plugins/event_listener.py
[2024-07-09T00:55:48.822-0300] {processor.py:842} WARNING - No viable dags retrieved from /home/johnny/airflow/lib/python3.12/site-packages/airflow/example_dags/plugins/event_listener.py
[2024-07-09T00:55:48.843-0300] {processor.py:183} INFO - Processing /home/johnny/airflow/lib/python3.12/site-packages/airflow/example_dags/plugins/event_listener.py took 0.062 seconds
[2024-07-09T00:57:03.662-0300] {processor.py:161} INFO - Started process (PID=18367) to work on /home/johnny/airflow/lib/python3.12/site-packages/airflow/example_dags/plugins/event_listener.py
[2024-07-09T00:57:03.666-0300] {processor.py:830} INFO - Processing file /home/johnny/airflow/lib/python3.12/site-packages/airflow/example_dags/plugins/event_listener.py for tasks to queue
[2024-07-09T00:57:03.669-0300] {logging_mixin.py:188} INFO - [2024-07-09T00:57:03.667-0300] {dagbag.py:545} INFO - Filling up the DagBag from /home/johnny/airflow/lib/python3.12/site-packages/airflow/example_dags/plugins/event_listener.py
[2024-07-09T00:57:03.676-0300] {processor.py:842} WARNING - No viable dags retrieved from /home/johnny/airflow/lib/python3.12/site-packages/airflow/example_dags/plugins/event_listener.py
[2024-07-09T00:57:03.708-0300] {processor.py:183} INFO - Processing /home/johnny/airflow/lib/python3.12/site-packages/airflow/example_dags/plugins/event_listener.py took 0.058 seconds
[2024-07-09T00:58:03.895-0300] {processor.py:161} INFO - Started process (PID=18463) to work on /home/johnny/airflow/lib/python3.12/site-packages/airflow/example_dags/plugins/event_listener.py
[2024-07-09T00:58:03.897-0300] {processor.py:830} INFO - Processing file /home/johnny/airflow/lib/python3.12/site-packages/airflow/example_dags/plugins/event_listener.py for tasks to queue
[2024-07-09T00:58:03.899-0300] {logging_mixin.py:188} INFO - [2024-07-09T00:58:03.898-0300] {dagbag.py:545} INFO - Filling up the DagBag from /home/johnny/airflow/lib/python3.12/site-packages/airflow/example_dags/plugins/event_listener.py
[2024-07-09T00:58:03.903-0300] {processor.py:842} WARNING - No viable dags retrieved from /home/johnny/airflow/lib/python3.12/site-packages/airflow/example_dags/plugins/event_listener.py
[2024-07-09T00:58:03.923-0300] {processor.py:183} INFO - Processing /home/johnny/airflow/lib/python3.12/site-packages/airflow/example_dags/plugins/event_listener.py took 0.039 seconds
[2024-07-09T00:59:11.676-0300] {processor.py:161} INFO - Started process (PID=18577) to work on /home/johnny/airflow/lib/python3.12/site-packages/airflow/example_dags/plugins/event_listener.py
[2024-07-09T00:59:11.682-0300] {processor.py:830} INFO - Processing file /home/johnny/airflow/lib/python3.12/site-packages/airflow/example_dags/plugins/event_listener.py for tasks to queue
[2024-07-09T00:59:11.685-0300] {logging_mixin.py:188} INFO - [2024-07-09T00:59:11.684-0300] {dagbag.py:545} INFO - Filling up the DagBag from /home/johnny/airflow/lib/python3.12/site-packages/airflow/example_dags/plugins/event_listener.py
[2024-07-09T00:59:11.689-0300] {processor.py:842} WARNING - No viable dags retrieved from /home/johnny/airflow/lib/python3.12/site-packages/airflow/example_dags/plugins/event_listener.py
[2024-07-09T00:59:11.709-0300] {processor.py:183} INFO - Processing /home/johnny/airflow/lib/python3.12/site-packages/airflow/example_dags/plugins/event_listener.py took 0.047 seconds
[2024-07-09T01:00:15.986-0300] {processor.py:161} INFO - Started process (PID=18683) to work on /home/johnny/airflow/lib/python3.12/site-packages/airflow/example_dags/plugins/event_listener.py
[2024-07-09T01:00:15.991-0300] {processor.py:830} INFO - Processing file /home/johnny/airflow/lib/python3.12/site-packages/airflow/example_dags/plugins/event_listener.py for tasks to queue
[2024-07-09T01:00:15.993-0300] {logging_mixin.py:188} INFO - [2024-07-09T01:00:15.992-0300] {dagbag.py:545} INFO - Filling up the DagBag from /home/johnny/airflow/lib/python3.12/site-packages/airflow/example_dags/plugins/event_listener.py
[2024-07-09T01:00:15.997-0300] {processor.py:842} WARNING - No viable dags retrieved from /home/johnny/airflow/lib/python3.12/site-packages/airflow/example_dags/plugins/event_listener.py
[2024-07-09T01:00:16.016-0300] {processor.py:183} INFO - Processing /home/johnny/airflow/lib/python3.12/site-packages/airflow/example_dags/plugins/event_listener.py took 0.042 seconds
[2024-07-09T01:01:16.805-0300] {processor.py:161} INFO - Started process (PID=18774) to work on /home/johnny/airflow/lib/python3.12/site-packages/airflow/example_dags/plugins/event_listener.py
[2024-07-09T01:01:16.808-0300] {processor.py:830} INFO - Processing file /home/johnny/airflow/lib/python3.12/site-packages/airflow/example_dags/plugins/event_listener.py for tasks to queue
[2024-07-09T01:01:16.811-0300] {logging_mixin.py:188} INFO - [2024-07-09T01:01:16.810-0300] {dagbag.py:545} INFO - Filling up the DagBag from /home/johnny/airflow/lib/python3.12/site-packages/airflow/example_dags/plugins/event_listener.py
[2024-07-09T01:01:16.814-0300] {processor.py:842} WARNING - No viable dags retrieved from /home/johnny/airflow/lib/python3.12/site-packages/airflow/example_dags/plugins/event_listener.py
[2024-07-09T01:01:16.833-0300] {processor.py:183} INFO - Processing /home/johnny/airflow/lib/python3.12/site-packages/airflow/example_dags/plugins/event_listener.py took 0.039 seconds
[2024-07-09T01:02:17.409-0300] {processor.py:161} INFO - Started process (PID=18869) to work on /home/johnny/airflow/lib/python3.12/site-packages/airflow/example_dags/plugins/event_listener.py
[2024-07-09T01:02:17.411-0300] {processor.py:830} INFO - Processing file /home/johnny/airflow/lib/python3.12/site-packages/airflow/example_dags/plugins/event_listener.py for tasks to queue
[2024-07-09T01:02:17.413-0300] {logging_mixin.py:188} INFO - [2024-07-09T01:02:17.412-0300] {dagbag.py:545} INFO - Filling up the DagBag from /home/johnny/airflow/lib/python3.12/site-packages/airflow/example_dags/plugins/event_listener.py
[2024-07-09T01:02:17.417-0300] {processor.py:842} WARNING - No viable dags retrieved from /home/johnny/airflow/lib/python3.12/site-packages/airflow/example_dags/plugins/event_listener.py
[2024-07-09T01:02:17.436-0300] {processor.py:183} INFO - Processing /home/johnny/airflow/lib/python3.12/site-packages/airflow/example_dags/plugins/event_listener.py took 0.039 seconds
[2024-07-09T01:03:16.954-0300] {processor.py:161} INFO - Started process (PID=18965) to work on /home/johnny/airflow/lib/python3.12/site-packages/airflow/example_dags/plugins/event_listener.py
[2024-07-09T01:03:16.956-0300] {processor.py:830} INFO - Processing file /home/johnny/airflow/lib/python3.12/site-packages/airflow/example_dags/plugins/event_listener.py for tasks to queue
[2024-07-09T01:03:16.958-0300] {logging_mixin.py:188} INFO - [2024-07-09T01:03:16.957-0300] {dagbag.py:545} INFO - Filling up the DagBag from /home/johnny/airflow/lib/python3.12/site-packages/airflow/example_dags/plugins/event_listener.py
[2024-07-09T01:03:16.962-0300] {processor.py:842} WARNING - No viable dags retrieved from /home/johnny/airflow/lib/python3.12/site-packages/airflow/example_dags/plugins/event_listener.py
[2024-07-09T01:03:16.983-0300] {processor.py:183} INFO - Processing /home/johnny/airflow/lib/python3.12/site-packages/airflow/example_dags/plugins/event_listener.py took 0.041 seconds
[2024-07-09T01:04:29.281-0300] {processor.py:161} INFO - Started process (PID=19085) to work on /home/johnny/airflow/lib/python3.12/site-packages/airflow/example_dags/plugins/event_listener.py
[2024-07-09T01:04:29.286-0300] {processor.py:830} INFO - Processing file /home/johnny/airflow/lib/python3.12/site-packages/airflow/example_dags/plugins/event_listener.py for tasks to queue
[2024-07-09T01:04:29.289-0300] {logging_mixin.py:188} INFO - [2024-07-09T01:04:29.287-0300] {dagbag.py:545} INFO - Filling up the DagBag from /home/johnny/airflow/lib/python3.12/site-packages/airflow/example_dags/plugins/event_listener.py
[2024-07-09T01:04:29.293-0300] {processor.py:842} WARNING - No viable dags retrieved from /home/johnny/airflow/lib/python3.12/site-packages/airflow/example_dags/plugins/event_listener.py
[2024-07-09T01:04:29.313-0300] {processor.py:183} INFO - Processing /home/johnny/airflow/lib/python3.12/site-packages/airflow/example_dags/plugins/event_listener.py took 0.044 seconds
[2024-07-09T01:10:20.886-0300] {processor.py:161} INFO - Started process (PID=19238) to work on /home/johnny/airflow/lib/python3.12/site-packages/airflow/example_dags/plugins/event_listener.py
[2024-07-09T01:10:20.888-0300] {processor.py:830} INFO - Processing file /home/johnny/airflow/lib/python3.12/site-packages/airflow/example_dags/plugins/event_listener.py for tasks to queue
[2024-07-09T01:10:20.890-0300] {logging_mixin.py:188} INFO - [2024-07-09T01:10:20.889-0300] {dagbag.py:545} INFO - Filling up the DagBag from /home/johnny/airflow/lib/python3.12/site-packages/airflow/example_dags/plugins/event_listener.py
[2024-07-09T01:10:20.894-0300] {processor.py:842} WARNING - No viable dags retrieved from /home/johnny/airflow/lib/python3.12/site-packages/airflow/example_dags/plugins/event_listener.py
[2024-07-09T01:10:20.916-0300] {processor.py:183} INFO - Processing /home/johnny/airflow/lib/python3.12/site-packages/airflow/example_dags/plugins/event_listener.py took 0.044 seconds
