[2024-07-08T23:38:22.046-0300] {processor.py:161} INFO - Started process (PID=10551) to work on /home/johnny/airflow/lib/python3.12/site-packages/airflow/example_dags/plugins/workday.py
[2024-07-08T23:38:22.048-0300] {processor.py:830} INFO - Processing file /home/johnny/airflow/lib/python3.12/site-packages/airflow/example_dags/plugins/workday.py for tasks to queue
[2024-07-08T23:38:22.049-0300] {logging_mixin.py:188} INFO - [2024-07-08T23:38:22.049-0300] {dagbag.py:545} INFO - Filling up the DagBag from /home/johnny/airflow/lib/python3.12/site-packages/airflow/example_dags/plugins/workday.py
[2024-07-08T23:38:23.115-0300] {processor.py:842} WARNING - No viable dags retrieved from /home/johnny/airflow/lib/python3.12/site-packages/airflow/example_dags/plugins/workday.py
[2024-07-08T23:38:23.134-0300] {processor.py:183} INFO - Processing /home/johnny/airflow/lib/python3.12/site-packages/airflow/example_dags/plugins/workday.py took 1.099 seconds
[2024-07-08T23:39:05.093-0300] {processor.py:161} INFO - Started process (PID=10626) to work on /home/johnny/airflow/lib/python3.12/site-packages/airflow/example_dags/plugins/workday.py
[2024-07-08T23:39:05.095-0300] {processor.py:830} INFO - Processing file /home/johnny/airflow/lib/python3.12/site-packages/airflow/example_dags/plugins/workday.py for tasks to queue
[2024-07-08T23:39:05.097-0300] {logging_mixin.py:188} INFO - [2024-07-08T23:39:05.096-0300] {dagbag.py:545} INFO - Filling up the DagBag from /home/johnny/airflow/lib/python3.12/site-packages/airflow/example_dags/plugins/workday.py
[2024-07-08T23:39:06.102-0300] {processor.py:842} WARNING - No viable dags retrieved from /home/johnny/airflow/lib/python3.12/site-packages/airflow/example_dags/plugins/workday.py
[2024-07-08T23:39:06.110-0300] {processor.py:183} INFO - Processing /home/johnny/airflow/lib/python3.12/site-packages/airflow/example_dags/plugins/workday.py took 1.027 seconds
[2024-07-08T23:40:12.481-0300] {processor.py:161} INFO - Started process (PID=10730) to work on /home/johnny/airflow/lib/python3.12/site-packages/airflow/example_dags/plugins/workday.py
[2024-07-08T23:40:12.484-0300] {processor.py:830} INFO - Processing file /home/johnny/airflow/lib/python3.12/site-packages/airflow/example_dags/plugins/workday.py for tasks to queue
[2024-07-08T23:40:12.486-0300] {logging_mixin.py:188} INFO - [2024-07-08T23:40:12.485-0300] {dagbag.py:545} INFO - Filling up the DagBag from /home/johnny/airflow/lib/python3.12/site-packages/airflow/example_dags/plugins/workday.py
[2024-07-08T23:40:13.289-0300] {processor.py:842} WARNING - No viable dags retrieved from /home/johnny/airflow/lib/python3.12/site-packages/airflow/example_dags/plugins/workday.py
[2024-07-08T23:40:13.298-0300] {processor.py:183} INFO - Processing /home/johnny/airflow/lib/python3.12/site-packages/airflow/example_dags/plugins/workday.py took 0.830 seconds
[2024-07-08T23:41:22.330-0300] {processor.py:161} INFO - Started process (PID=10846) to work on /home/johnny/airflow/lib/python3.12/site-packages/airflow/example_dags/plugins/workday.py
[2024-07-08T23:41:22.333-0300] {processor.py:830} INFO - Processing file /home/johnny/airflow/lib/python3.12/site-packages/airflow/example_dags/plugins/workday.py for tasks to queue
[2024-07-08T23:41:22.335-0300] {logging_mixin.py:188} INFO - [2024-07-08T23:41:22.334-0300] {dagbag.py:545} INFO - Filling up the DagBag from /home/johnny/airflow/lib/python3.12/site-packages/airflow/example_dags/plugins/workday.py
[2024-07-08T23:41:23.085-0300] {processor.py:842} WARNING - No viable dags retrieved from /home/johnny/airflow/lib/python3.12/site-packages/airflow/example_dags/plugins/workday.py
[2024-07-08T23:41:23.091-0300] {processor.py:183} INFO - Processing /home/johnny/airflow/lib/python3.12/site-packages/airflow/example_dags/plugins/workday.py took 0.773 seconds
[2024-07-08T23:42:25.092-0300] {processor.py:161} INFO - Started process (PID=10951) to work on /home/johnny/airflow/lib/python3.12/site-packages/airflow/example_dags/plugins/workday.py
[2024-07-08T23:42:25.094-0300] {processor.py:830} INFO - Processing file /home/johnny/airflow/lib/python3.12/site-packages/airflow/example_dags/plugins/workday.py for tasks to queue
[2024-07-08T23:42:25.096-0300] {logging_mixin.py:188} INFO - [2024-07-08T23:42:25.095-0300] {dagbag.py:545} INFO - Filling up the DagBag from /home/johnny/airflow/lib/python3.12/site-packages/airflow/example_dags/plugins/workday.py
[2024-07-08T23:42:25.857-0300] {processor.py:842} WARNING - No viable dags retrieved from /home/johnny/airflow/lib/python3.12/site-packages/airflow/example_dags/plugins/workday.py
[2024-07-08T23:42:25.864-0300] {processor.py:183} INFO - Processing /home/johnny/airflow/lib/python3.12/site-packages/airflow/example_dags/plugins/workday.py took 0.786 seconds
[2024-07-08T23:43:32.500-0300] {processor.py:161} INFO - Started process (PID=11064) to work on /home/johnny/airflow/lib/python3.12/site-packages/airflow/example_dags/plugins/workday.py
[2024-07-08T23:43:32.505-0300] {processor.py:830} INFO - Processing file /home/johnny/airflow/lib/python3.12/site-packages/airflow/example_dags/plugins/workday.py for tasks to queue
[2024-07-08T23:43:32.508-0300] {logging_mixin.py:188} INFO - [2024-07-08T23:43:32.507-0300] {dagbag.py:545} INFO - Filling up the DagBag from /home/johnny/airflow/lib/python3.12/site-packages/airflow/example_dags/plugins/workday.py
[2024-07-08T23:43:33.363-0300] {processor.py:842} WARNING - No viable dags retrieved from /home/johnny/airflow/lib/python3.12/site-packages/airflow/example_dags/plugins/workday.py
[2024-07-08T23:43:33.371-0300] {processor.py:183} INFO - Processing /home/johnny/airflow/lib/python3.12/site-packages/airflow/example_dags/plugins/workday.py took 0.888 seconds
[2024-07-08T23:44:08.727-0300] {processor.py:161} INFO - Started process (PID=11129) to work on /home/johnny/airflow/lib/python3.12/site-packages/airflow/example_dags/plugins/workday.py
[2024-07-08T23:44:08.728-0300] {processor.py:830} INFO - Processing file /home/johnny/airflow/lib/python3.12/site-packages/airflow/example_dags/plugins/workday.py for tasks to queue
[2024-07-08T23:44:08.730-0300] {logging_mixin.py:188} INFO - [2024-07-08T23:44:08.729-0300] {dagbag.py:545} INFO - Filling up the DagBag from /home/johnny/airflow/lib/python3.12/site-packages/airflow/example_dags/plugins/workday.py
[2024-07-08T23:44:09.366-0300] {processor.py:842} WARNING - No viable dags retrieved from /home/johnny/airflow/lib/python3.12/site-packages/airflow/example_dags/plugins/workday.py
[2024-07-08T23:44:09.373-0300] {processor.py:183} INFO - Processing /home/johnny/airflow/lib/python3.12/site-packages/airflow/example_dags/plugins/workday.py took 0.658 seconds
[2024-07-08T23:45:12.733-0300] {processor.py:161} INFO - Started process (PID=11235) to work on /home/johnny/airflow/lib/python3.12/site-packages/airflow/example_dags/plugins/workday.py
[2024-07-08T23:45:12.736-0300] {processor.py:830} INFO - Processing file /home/johnny/airflow/lib/python3.12/site-packages/airflow/example_dags/plugins/workday.py for tasks to queue
[2024-07-08T23:45:12.738-0300] {logging_mixin.py:188} INFO - [2024-07-08T23:45:12.737-0300] {dagbag.py:545} INFO - Filling up the DagBag from /home/johnny/airflow/lib/python3.12/site-packages/airflow/example_dags/plugins/workday.py
[2024-07-08T23:45:13.525-0300] {processor.py:842} WARNING - No viable dags retrieved from /home/johnny/airflow/lib/python3.12/site-packages/airflow/example_dags/plugins/workday.py
[2024-07-08T23:45:13.536-0300] {processor.py:183} INFO - Processing /home/johnny/airflow/lib/python3.12/site-packages/airflow/example_dags/plugins/workday.py took 0.819 seconds
[2024-07-08T23:45:49.635-0300] {processor.py:161} INFO - Started process (PID=11293) to work on /home/johnny/airflow/lib/python3.12/site-packages/airflow/example_dags/plugins/workday.py
[2024-07-08T23:45:49.638-0300] {processor.py:830} INFO - Processing file /home/johnny/airflow/lib/python3.12/site-packages/airflow/example_dags/plugins/workday.py for tasks to queue
[2024-07-08T23:45:49.640-0300] {logging_mixin.py:188} INFO - [2024-07-08T23:45:49.639-0300] {dagbag.py:545} INFO - Filling up the DagBag from /home/johnny/airflow/lib/python3.12/site-packages/airflow/example_dags/plugins/workday.py
[2024-07-08T23:45:50.404-0300] {processor.py:842} WARNING - No viable dags retrieved from /home/johnny/airflow/lib/python3.12/site-packages/airflow/example_dags/plugins/workday.py
[2024-07-08T23:45:50.412-0300] {processor.py:183} INFO - Processing /home/johnny/airflow/lib/python3.12/site-packages/airflow/example_dags/plugins/workday.py took 0.791 seconds
[2024-07-08T23:46:52.980-0300] {processor.py:161} INFO - Started process (PID=11397) to work on /home/johnny/airflow/lib/python3.12/site-packages/airflow/example_dags/plugins/workday.py
[2024-07-08T23:46:52.983-0300] {processor.py:830} INFO - Processing file /home/johnny/airflow/lib/python3.12/site-packages/airflow/example_dags/plugins/workday.py for tasks to queue
[2024-07-08T23:46:52.985-0300] {logging_mixin.py:188} INFO - [2024-07-08T23:46:52.984-0300] {dagbag.py:545} INFO - Filling up the DagBag from /home/johnny/airflow/lib/python3.12/site-packages/airflow/example_dags/plugins/workday.py
[2024-07-08T23:46:53.786-0300] {processor.py:842} WARNING - No viable dags retrieved from /home/johnny/airflow/lib/python3.12/site-packages/airflow/example_dags/plugins/workday.py
[2024-07-08T23:46:53.793-0300] {processor.py:183} INFO - Processing /home/johnny/airflow/lib/python3.12/site-packages/airflow/example_dags/plugins/workday.py took 0.832 seconds
[2024-07-08T23:47:56.854-0300] {processor.py:161} INFO - Started process (PID=11502) to work on /home/johnny/airflow/lib/python3.12/site-packages/airflow/example_dags/plugins/workday.py
[2024-07-08T23:47:56.857-0300] {processor.py:830} INFO - Processing file /home/johnny/airflow/lib/python3.12/site-packages/airflow/example_dags/plugins/workday.py for tasks to queue
[2024-07-08T23:47:56.861-0300] {logging_mixin.py:188} INFO - [2024-07-08T23:47:56.859-0300] {dagbag.py:545} INFO - Filling up the DagBag from /home/johnny/airflow/lib/python3.12/site-packages/airflow/example_dags/plugins/workday.py
[2024-07-08T23:47:58.087-0300] {processor.py:842} WARNING - No viable dags retrieved from /home/johnny/airflow/lib/python3.12/site-packages/airflow/example_dags/plugins/workday.py
[2024-07-08T23:47:58.095-0300] {processor.py:183} INFO - Processing /home/johnny/airflow/lib/python3.12/site-packages/airflow/example_dags/plugins/workday.py took 1.254 seconds
[2024-07-08T23:49:02.098-0300] {processor.py:161} INFO - Started process (PID=11606) to work on /home/johnny/airflow/lib/python3.12/site-packages/airflow/example_dags/plugins/workday.py
[2024-07-08T23:49:02.101-0300] {processor.py:830} INFO - Processing file /home/johnny/airflow/lib/python3.12/site-packages/airflow/example_dags/plugins/workday.py for tasks to queue
[2024-07-08T23:49:02.103-0300] {logging_mixin.py:188} INFO - [2024-07-08T23:49:02.102-0300] {dagbag.py:545} INFO - Filling up the DagBag from /home/johnny/airflow/lib/python3.12/site-packages/airflow/example_dags/plugins/workday.py
[2024-07-08T23:49:02.974-0300] {processor.py:842} WARNING - No viable dags retrieved from /home/johnny/airflow/lib/python3.12/site-packages/airflow/example_dags/plugins/workday.py
[2024-07-08T23:49:02.983-0300] {processor.py:183} INFO - Processing /home/johnny/airflow/lib/python3.12/site-packages/airflow/example_dags/plugins/workday.py took 0.898 seconds
[2024-07-08T23:49:39.101-0300] {processor.py:161} INFO - Started process (PID=11671) to work on /home/johnny/airflow/lib/python3.12/site-packages/airflow/example_dags/plugins/workday.py
[2024-07-08T23:49:39.104-0300] {processor.py:830} INFO - Processing file /home/johnny/airflow/lib/python3.12/site-packages/airflow/example_dags/plugins/workday.py for tasks to queue
[2024-07-08T23:49:39.105-0300] {logging_mixin.py:188} INFO - [2024-07-08T23:49:39.104-0300] {dagbag.py:545} INFO - Filling up the DagBag from /home/johnny/airflow/lib/python3.12/site-packages/airflow/example_dags/plugins/workday.py
[2024-07-08T23:49:39.805-0300] {processor.py:842} WARNING - No viable dags retrieved from /home/johnny/airflow/lib/python3.12/site-packages/airflow/example_dags/plugins/workday.py
[2024-07-08T23:49:39.814-0300] {processor.py:183} INFO - Processing /home/johnny/airflow/lib/python3.12/site-packages/airflow/example_dags/plugins/workday.py took 0.725 seconds
[2024-07-08T23:50:39.026-0300] {processor.py:161} INFO - Started process (PID=11760) to work on /home/johnny/airflow/lib/python3.12/site-packages/airflow/example_dags/plugins/workday.py
[2024-07-08T23:50:39.033-0300] {processor.py:830} INFO - Processing file /home/johnny/airflow/lib/python3.12/site-packages/airflow/example_dags/plugins/workday.py for tasks to queue
[2024-07-08T23:50:39.036-0300] {logging_mixin.py:188} INFO - [2024-07-08T23:50:39.035-0300] {dagbag.py:545} INFO - Filling up the DagBag from /home/johnny/airflow/lib/python3.12/site-packages/airflow/example_dags/plugins/workday.py
[2024-07-08T23:50:40.082-0300] {processor.py:842} WARNING - No viable dags retrieved from /home/johnny/airflow/lib/python3.12/site-packages/airflow/example_dags/plugins/workday.py
[2024-07-08T23:50:40.092-0300] {processor.py:183} INFO - Processing /home/johnny/airflow/lib/python3.12/site-packages/airflow/example_dags/plugins/workday.py took 1.078 seconds
[2024-07-08T23:51:42.197-0300] {processor.py:161} INFO - Started process (PID=11866) to work on /home/johnny/airflow/lib/python3.12/site-packages/airflow/example_dags/plugins/workday.py
[2024-07-08T23:51:42.200-0300] {processor.py:830} INFO - Processing file /home/johnny/airflow/lib/python3.12/site-packages/airflow/example_dags/plugins/workday.py for tasks to queue
[2024-07-08T23:51:42.202-0300] {logging_mixin.py:188} INFO - [2024-07-08T23:51:42.201-0300] {dagbag.py:545} INFO - Filling up the DagBag from /home/johnny/airflow/lib/python3.12/site-packages/airflow/example_dags/plugins/workday.py
[2024-07-08T23:51:42.825-0300] {processor.py:842} WARNING - No viable dags retrieved from /home/johnny/airflow/lib/python3.12/site-packages/airflow/example_dags/plugins/workday.py
[2024-07-08T23:51:42.832-0300] {processor.py:183} INFO - Processing /home/johnny/airflow/lib/python3.12/site-packages/airflow/example_dags/plugins/workday.py took 0.646 seconds
[2024-07-08T23:52:44.923-0300] {processor.py:161} INFO - Started process (PID=11971) to work on /home/johnny/airflow/lib/python3.12/site-packages/airflow/example_dags/plugins/workday.py
[2024-07-08T23:52:44.925-0300] {processor.py:830} INFO - Processing file /home/johnny/airflow/lib/python3.12/site-packages/airflow/example_dags/plugins/workday.py for tasks to queue
[2024-07-08T23:52:44.927-0300] {logging_mixin.py:188} INFO - [2024-07-08T23:52:44.926-0300] {dagbag.py:545} INFO - Filling up the DagBag from /home/johnny/airflow/lib/python3.12/site-packages/airflow/example_dags/plugins/workday.py
[2024-07-08T23:52:45.582-0300] {processor.py:842} WARNING - No viable dags retrieved from /home/johnny/airflow/lib/python3.12/site-packages/airflow/example_dags/plugins/workday.py
[2024-07-08T23:52:45.589-0300] {processor.py:183} INFO - Processing /home/johnny/airflow/lib/python3.12/site-packages/airflow/example_dags/plugins/workday.py took 0.678 seconds
[2024-07-08T23:53:49.510-0300] {processor.py:161} INFO - Started process (PID=12077) to work on /home/johnny/airflow/lib/python3.12/site-packages/airflow/example_dags/plugins/workday.py
[2024-07-08T23:53:49.515-0300] {processor.py:830} INFO - Processing file /home/johnny/airflow/lib/python3.12/site-packages/airflow/example_dags/plugins/workday.py for tasks to queue
[2024-07-08T23:53:49.517-0300] {logging_mixin.py:188} INFO - [2024-07-08T23:53:49.516-0300] {dagbag.py:545} INFO - Filling up the DagBag from /home/johnny/airflow/lib/python3.12/site-packages/airflow/example_dags/plugins/workday.py
[2024-07-08T23:53:50.400-0300] {processor.py:842} WARNING - No viable dags retrieved from /home/johnny/airflow/lib/python3.12/site-packages/airflow/example_dags/plugins/workday.py
[2024-07-08T23:53:50.406-0300] {processor.py:183} INFO - Processing /home/johnny/airflow/lib/python3.12/site-packages/airflow/example_dags/plugins/workday.py took 0.907 seconds
[2024-07-08T23:54:26.997-0300] {processor.py:161} INFO - Started process (PID=12142) to work on /home/johnny/airflow/lib/python3.12/site-packages/airflow/example_dags/plugins/workday.py
[2024-07-08T23:54:27.000-0300] {processor.py:830} INFO - Processing file /home/johnny/airflow/lib/python3.12/site-packages/airflow/example_dags/plugins/workday.py for tasks to queue
[2024-07-08T23:54:27.004-0300] {logging_mixin.py:188} INFO - [2024-07-08T23:54:27.002-0300] {dagbag.py:545} INFO - Filling up the DagBag from /home/johnny/airflow/lib/python3.12/site-packages/airflow/example_dags/plugins/workday.py
[2024-07-08T23:54:27.723-0300] {processor.py:842} WARNING - No viable dags retrieved from /home/johnny/airflow/lib/python3.12/site-packages/airflow/example_dags/plugins/workday.py
[2024-07-08T23:54:27.730-0300] {processor.py:183} INFO - Processing /home/johnny/airflow/lib/python3.12/site-packages/airflow/example_dags/plugins/workday.py took 0.746 seconds
[2024-07-08T23:55:32.293-0300] {processor.py:161} INFO - Started process (PID=12246) to work on /home/johnny/airflow/lib/python3.12/site-packages/airflow/example_dags/plugins/workday.py
[2024-07-08T23:55:32.298-0300] {processor.py:830} INFO - Processing file /home/johnny/airflow/lib/python3.12/site-packages/airflow/example_dags/plugins/workday.py for tasks to queue
[2024-07-08T23:55:32.301-0300] {logging_mixin.py:188} INFO - [2024-07-08T23:55:32.299-0300] {dagbag.py:545} INFO - Filling up the DagBag from /home/johnny/airflow/lib/python3.12/site-packages/airflow/example_dags/plugins/workday.py
[2024-07-08T23:55:33.291-0300] {processor.py:842} WARNING - No viable dags retrieved from /home/johnny/airflow/lib/python3.12/site-packages/airflow/example_dags/plugins/workday.py
[2024-07-08T23:55:33.299-0300] {processor.py:183} INFO - Processing /home/johnny/airflow/lib/python3.12/site-packages/airflow/example_dags/plugins/workday.py took 1.018 seconds
[2024-07-08T23:56:40.655-0300] {processor.py:161} INFO - Started process (PID=12359) to work on /home/johnny/airflow/lib/python3.12/site-packages/airflow/example_dags/plugins/workday.py
[2024-07-08T23:56:40.658-0300] {processor.py:830} INFO - Processing file /home/johnny/airflow/lib/python3.12/site-packages/airflow/example_dags/plugins/workday.py for tasks to queue
[2024-07-08T23:56:40.660-0300] {logging_mixin.py:188} INFO - [2024-07-08T23:56:40.659-0300] {dagbag.py:545} INFO - Filling up the DagBag from /home/johnny/airflow/lib/python3.12/site-packages/airflow/example_dags/plugins/workday.py
[2024-07-08T23:56:41.726-0300] {processor.py:842} WARNING - No viable dags retrieved from /home/johnny/airflow/lib/python3.12/site-packages/airflow/example_dags/plugins/workday.py
[2024-07-08T23:56:41.736-0300] {processor.py:183} INFO - Processing /home/johnny/airflow/lib/python3.12/site-packages/airflow/example_dags/plugins/workday.py took 1.093 seconds
[2024-07-08T23:57:39.782-0300] {processor.py:161} INFO - Started process (PID=12455) to work on /home/johnny/airflow/lib/python3.12/site-packages/airflow/example_dags/plugins/workday.py
[2024-07-08T23:57:39.784-0300] {processor.py:830} INFO - Processing file /home/johnny/airflow/lib/python3.12/site-packages/airflow/example_dags/plugins/workday.py for tasks to queue
[2024-07-08T23:57:39.787-0300] {logging_mixin.py:188} INFO - [2024-07-08T23:57:39.786-0300] {dagbag.py:545} INFO - Filling up the DagBag from /home/johnny/airflow/lib/python3.12/site-packages/airflow/example_dags/plugins/workday.py
[2024-07-08T23:57:40.843-0300] {processor.py:842} WARNING - No viable dags retrieved from /home/johnny/airflow/lib/python3.12/site-packages/airflow/example_dags/plugins/workday.py
[2024-07-08T23:57:40.857-0300] {processor.py:183} INFO - Processing /home/johnny/airflow/lib/python3.12/site-packages/airflow/example_dags/plugins/workday.py took 1.092 seconds
[2024-07-08T23:58:44.502-0300] {processor.py:161} INFO - Started process (PID=12561) to work on /home/johnny/airflow/lib/python3.12/site-packages/airflow/example_dags/plugins/workday.py
[2024-07-08T23:58:44.507-0300] {processor.py:830} INFO - Processing file /home/johnny/airflow/lib/python3.12/site-packages/airflow/example_dags/plugins/workday.py for tasks to queue
[2024-07-08T23:58:44.509-0300] {logging_mixin.py:188} INFO - [2024-07-08T23:58:44.509-0300] {dagbag.py:545} INFO - Filling up the DagBag from /home/johnny/airflow/lib/python3.12/site-packages/airflow/example_dags/plugins/workday.py
[2024-07-08T23:58:45.560-0300] {processor.py:842} WARNING - No viable dags retrieved from /home/johnny/airflow/lib/python3.12/site-packages/airflow/example_dags/plugins/workday.py
[2024-07-08T23:58:45.568-0300] {processor.py:183} INFO - Processing /home/johnny/airflow/lib/python3.12/site-packages/airflow/example_dags/plugins/workday.py took 1.078 seconds
[2024-07-08T23:59:49.079-0300] {processor.py:161} INFO - Started process (PID=12665) to work on /home/johnny/airflow/lib/python3.12/site-packages/airflow/example_dags/plugins/workday.py
[2024-07-08T23:59:49.082-0300] {processor.py:830} INFO - Processing file /home/johnny/airflow/lib/python3.12/site-packages/airflow/example_dags/plugins/workday.py for tasks to queue
[2024-07-08T23:59:49.084-0300] {logging_mixin.py:188} INFO - [2024-07-08T23:59:49.083-0300] {dagbag.py:545} INFO - Filling up the DagBag from /home/johnny/airflow/lib/python3.12/site-packages/airflow/example_dags/plugins/workday.py
[2024-07-08T23:59:49.848-0300] {processor.py:842} WARNING - No viable dags retrieved from /home/johnny/airflow/lib/python3.12/site-packages/airflow/example_dags/plugins/workday.py
[2024-07-08T23:59:49.855-0300] {processor.py:183} INFO - Processing /home/johnny/airflow/lib/python3.12/site-packages/airflow/example_dags/plugins/workday.py took 0.787 seconds
[2024-07-09T00:00:57.296-0300] {processor.py:161} INFO - Started process (PID=12790) to work on /home/johnny/airflow/lib/python3.12/site-packages/airflow/example_dags/plugins/workday.py
[2024-07-09T00:00:57.301-0300] {processor.py:830} INFO - Processing file /home/johnny/airflow/lib/python3.12/site-packages/airflow/example_dags/plugins/workday.py for tasks to queue
[2024-07-09T00:00:57.303-0300] {logging_mixin.py:188} INFO - [2024-07-09T00:00:57.302-0300] {dagbag.py:545} INFO - Filling up the DagBag from /home/johnny/airflow/lib/python3.12/site-packages/airflow/example_dags/plugins/workday.py
[2024-07-09T00:00:58.123-0300] {processor.py:842} WARNING - No viable dags retrieved from /home/johnny/airflow/lib/python3.12/site-packages/airflow/example_dags/plugins/workday.py
[2024-07-09T00:00:58.138-0300] {processor.py:183} INFO - Processing /home/johnny/airflow/lib/python3.12/site-packages/airflow/example_dags/plugins/workday.py took 0.855 seconds
[2024-07-09T00:01:58.887-0300] {processor.py:161} INFO - Started process (PID=12885) to work on /home/johnny/airflow/lib/python3.12/site-packages/airflow/example_dags/plugins/workday.py
[2024-07-09T00:01:58.890-0300] {processor.py:830} INFO - Processing file /home/johnny/airflow/lib/python3.12/site-packages/airflow/example_dags/plugins/workday.py for tasks to queue
[2024-07-09T00:01:58.892-0300] {logging_mixin.py:188} INFO - [2024-07-09T00:01:58.891-0300] {dagbag.py:545} INFO - Filling up the DagBag from /home/johnny/airflow/lib/python3.12/site-packages/airflow/example_dags/plugins/workday.py
[2024-07-09T00:01:59.798-0300] {processor.py:842} WARNING - No viable dags retrieved from /home/johnny/airflow/lib/python3.12/site-packages/airflow/example_dags/plugins/workday.py
[2024-07-09T00:01:59.804-0300] {processor.py:183} INFO - Processing /home/johnny/airflow/lib/python3.12/site-packages/airflow/example_dags/plugins/workday.py took 0.925 seconds
[2024-07-09T00:02:35.314-0300] {processor.py:161} INFO - Started process (PID=12945) to work on /home/johnny/airflow/lib/python3.12/site-packages/airflow/example_dags/plugins/workday.py
[2024-07-09T00:02:35.319-0300] {processor.py:830} INFO - Processing file /home/johnny/airflow/lib/python3.12/site-packages/airflow/example_dags/plugins/workday.py for tasks to queue
[2024-07-09T00:02:35.321-0300] {logging_mixin.py:188} INFO - [2024-07-09T00:02:35.320-0300] {dagbag.py:545} INFO - Filling up the DagBag from /home/johnny/airflow/lib/python3.12/site-packages/airflow/example_dags/plugins/workday.py
[2024-07-09T00:02:36.088-0300] {processor.py:842} WARNING - No viable dags retrieved from /home/johnny/airflow/lib/python3.12/site-packages/airflow/example_dags/plugins/workday.py
[2024-07-09T00:02:36.096-0300] {processor.py:183} INFO - Processing /home/johnny/airflow/lib/python3.12/site-packages/airflow/example_dags/plugins/workday.py took 0.794 seconds
[2024-07-09T00:03:38.958-0300] {processor.py:161} INFO - Started process (PID=13049) to work on /home/johnny/airflow/lib/python3.12/site-packages/airflow/example_dags/plugins/workday.py
[2024-07-09T00:03:38.960-0300] {processor.py:830} INFO - Processing file /home/johnny/airflow/lib/python3.12/site-packages/airflow/example_dags/plugins/workday.py for tasks to queue
[2024-07-09T00:03:38.962-0300] {logging_mixin.py:188} INFO - [2024-07-09T00:03:38.961-0300] {dagbag.py:545} INFO - Filling up the DagBag from /home/johnny/airflow/lib/python3.12/site-packages/airflow/example_dags/plugins/workday.py
[2024-07-09T00:03:39.871-0300] {processor.py:842} WARNING - No viable dags retrieved from /home/johnny/airflow/lib/python3.12/site-packages/airflow/example_dags/plugins/workday.py
[2024-07-09T00:03:39.877-0300] {processor.py:183} INFO - Processing /home/johnny/airflow/lib/python3.12/site-packages/airflow/example_dags/plugins/workday.py took 0.931 seconds
[2024-07-09T00:04:49.805-0300] {processor.py:161} INFO - Started process (PID=13163) to work on /home/johnny/airflow/lib/python3.12/site-packages/airflow/example_dags/plugins/workday.py
[2024-07-09T00:04:49.810-0300] {processor.py:830} INFO - Processing file /home/johnny/airflow/lib/python3.12/site-packages/airflow/example_dags/plugins/workday.py for tasks to queue
[2024-07-09T00:04:49.813-0300] {logging_mixin.py:188} INFO - [2024-07-09T00:04:49.812-0300] {dagbag.py:545} INFO - Filling up the DagBag from /home/johnny/airflow/lib/python3.12/site-packages/airflow/example_dags/plugins/workday.py
[2024-07-09T00:04:50.748-0300] {processor.py:842} WARNING - No viable dags retrieved from /home/johnny/airflow/lib/python3.12/site-packages/airflow/example_dags/plugins/workday.py
[2024-07-09T00:04:50.761-0300] {processor.py:183} INFO - Processing /home/johnny/airflow/lib/python3.12/site-packages/airflow/example_dags/plugins/workday.py took 0.968 seconds
[2024-07-09T00:05:53.264-0300] {processor.py:161} INFO - Started process (PID=13269) to work on /home/johnny/airflow/lib/python3.12/site-packages/airflow/example_dags/plugins/workday.py
[2024-07-09T00:05:53.270-0300] {processor.py:830} INFO - Processing file /home/johnny/airflow/lib/python3.12/site-packages/airflow/example_dags/plugins/workday.py for tasks to queue
[2024-07-09T00:05:53.272-0300] {logging_mixin.py:188} INFO - [2024-07-09T00:05:53.271-0300] {dagbag.py:545} INFO - Filling up the DagBag from /home/johnny/airflow/lib/python3.12/site-packages/airflow/example_dags/plugins/workday.py
[2024-07-09T00:05:53.956-0300] {processor.py:842} WARNING - No viable dags retrieved from /home/johnny/airflow/lib/python3.12/site-packages/airflow/example_dags/plugins/workday.py
[2024-07-09T00:05:53.969-0300] {processor.py:183} INFO - Processing /home/johnny/airflow/lib/python3.12/site-packages/airflow/example_dags/plugins/workday.py took 0.718 seconds
[2024-07-09T00:06:57.166-0300] {processor.py:161} INFO - Started process (PID=13373) to work on /home/johnny/airflow/lib/python3.12/site-packages/airflow/example_dags/plugins/workday.py
[2024-07-09T00:06:57.171-0300] {processor.py:830} INFO - Processing file /home/johnny/airflow/lib/python3.12/site-packages/airflow/example_dags/plugins/workday.py for tasks to queue
[2024-07-09T00:06:57.173-0300] {logging_mixin.py:188} INFO - [2024-07-09T00:06:57.172-0300] {dagbag.py:545} INFO - Filling up the DagBag from /home/johnny/airflow/lib/python3.12/site-packages/airflow/example_dags/plugins/workday.py
[2024-07-09T00:06:58.010-0300] {processor.py:842} WARNING - No viable dags retrieved from /home/johnny/airflow/lib/python3.12/site-packages/airflow/example_dags/plugins/workday.py
[2024-07-09T00:06:58.016-0300] {processor.py:183} INFO - Processing /home/johnny/airflow/lib/python3.12/site-packages/airflow/example_dags/plugins/workday.py took 0.866 seconds
[2024-07-09T00:07:36.742-0300] {processor.py:161} INFO - Started process (PID=13440) to work on /home/johnny/airflow/lib/python3.12/site-packages/airflow/example_dags/plugins/workday.py
[2024-07-09T00:07:36.745-0300] {processor.py:830} INFO - Processing file /home/johnny/airflow/lib/python3.12/site-packages/airflow/example_dags/plugins/workday.py for tasks to queue
[2024-07-09T00:07:36.746-0300] {logging_mixin.py:188} INFO - [2024-07-09T00:07:36.746-0300] {dagbag.py:545} INFO - Filling up the DagBag from /home/johnny/airflow/lib/python3.12/site-packages/airflow/example_dags/plugins/workday.py
[2024-07-09T00:07:37.669-0300] {processor.py:842} WARNING - No viable dags retrieved from /home/johnny/airflow/lib/python3.12/site-packages/airflow/example_dags/plugins/workday.py
[2024-07-09T00:07:37.679-0300] {processor.py:183} INFO - Processing /home/johnny/airflow/lib/python3.12/site-packages/airflow/example_dags/plugins/workday.py took 0.953 seconds
[2024-07-09T00:08:12.844-0300] {processor.py:161} INFO - Started process (PID=13506) to work on /home/johnny/airflow/lib/python3.12/site-packages/airflow/example_dags/plugins/workday.py
[2024-07-09T00:08:12.846-0300] {processor.py:830} INFO - Processing file /home/johnny/airflow/lib/python3.12/site-packages/airflow/example_dags/plugins/workday.py for tasks to queue
[2024-07-09T00:08:12.847-0300] {logging_mixin.py:188} INFO - [2024-07-09T00:08:12.847-0300] {dagbag.py:545} INFO - Filling up the DagBag from /home/johnny/airflow/lib/python3.12/site-packages/airflow/example_dags/plugins/workday.py
[2024-07-09T00:08:13.609-0300] {processor.py:842} WARNING - No viable dags retrieved from /home/johnny/airflow/lib/python3.12/site-packages/airflow/example_dags/plugins/workday.py
[2024-07-09T00:08:13.616-0300] {processor.py:183} INFO - Processing /home/johnny/airflow/lib/python3.12/site-packages/airflow/example_dags/plugins/workday.py took 0.783 seconds
[2024-07-09T00:09:24.904-0300] {processor.py:161} INFO - Started process (PID=13622) to work on /home/johnny/airflow/lib/python3.12/site-packages/airflow/example_dags/plugins/workday.py
[2024-07-09T00:09:24.907-0300] {processor.py:830} INFO - Processing file /home/johnny/airflow/lib/python3.12/site-packages/airflow/example_dags/plugins/workday.py for tasks to queue
[2024-07-09T00:09:24.909-0300] {logging_mixin.py:188} INFO - [2024-07-09T00:09:24.908-0300] {dagbag.py:545} INFO - Filling up the DagBag from /home/johnny/airflow/lib/python3.12/site-packages/airflow/example_dags/plugins/workday.py
[2024-07-09T00:09:25.670-0300] {processor.py:842} WARNING - No viable dags retrieved from /home/johnny/airflow/lib/python3.12/site-packages/airflow/example_dags/plugins/workday.py
[2024-07-09T00:09:25.685-0300] {processor.py:183} INFO - Processing /home/johnny/airflow/lib/python3.12/site-packages/airflow/example_dags/plugins/workday.py took 0.793 seconds
[2024-07-09T00:10:27.421-0300] {processor.py:161} INFO - Started process (PID=13726) to work on /home/johnny/airflow/lib/python3.12/site-packages/airflow/example_dags/plugins/workday.py
[2024-07-09T00:10:27.426-0300] {processor.py:830} INFO - Processing file /home/johnny/airflow/lib/python3.12/site-packages/airflow/example_dags/plugins/workday.py for tasks to queue
[2024-07-09T00:10:27.428-0300] {logging_mixin.py:188} INFO - [2024-07-09T00:10:27.427-0300] {dagbag.py:545} INFO - Filling up the DagBag from /home/johnny/airflow/lib/python3.12/site-packages/airflow/example_dags/plugins/workday.py
[2024-07-09T00:10:27.953-0300] {processor.py:842} WARNING - No viable dags retrieved from /home/johnny/airflow/lib/python3.12/site-packages/airflow/example_dags/plugins/workday.py
[2024-07-09T00:10:27.963-0300] {processor.py:183} INFO - Processing /home/johnny/airflow/lib/python3.12/site-packages/airflow/example_dags/plugins/workday.py took 0.554 seconds
[2024-07-09T00:11:02.617-0300] {processor.py:161} INFO - Started process (PID=13787) to work on /home/johnny/airflow/lib/python3.12/site-packages/airflow/example_dags/plugins/workday.py
[2024-07-09T00:11:02.618-0300] {processor.py:830} INFO - Processing file /home/johnny/airflow/lib/python3.12/site-packages/airflow/example_dags/plugins/workday.py for tasks to queue
[2024-07-09T00:11:02.620-0300] {logging_mixin.py:188} INFO - [2024-07-09T00:11:02.619-0300] {dagbag.py:545} INFO - Filling up the DagBag from /home/johnny/airflow/lib/python3.12/site-packages/airflow/example_dags/plugins/workday.py
[2024-07-09T00:11:03.124-0300] {processor.py:842} WARNING - No viable dags retrieved from /home/johnny/airflow/lib/python3.12/site-packages/airflow/example_dags/plugins/workday.py
[2024-07-09T00:11:03.134-0300] {processor.py:183} INFO - Processing /home/johnny/airflow/lib/python3.12/site-packages/airflow/example_dags/plugins/workday.py took 0.529 seconds
[2024-07-09T00:12:06.502-0300] {processor.py:161} INFO - Started process (PID=13897) to work on /home/johnny/airflow/lib/python3.12/site-packages/airflow/example_dags/plugins/workday.py
[2024-07-09T00:12:06.508-0300] {processor.py:830} INFO - Processing file /home/johnny/airflow/lib/python3.12/site-packages/airflow/example_dags/plugins/workday.py for tasks to queue
[2024-07-09T00:12:06.510-0300] {logging_mixin.py:188} INFO - [2024-07-09T00:12:06.509-0300] {dagbag.py:545} INFO - Filling up the DagBag from /home/johnny/airflow/lib/python3.12/site-packages/airflow/example_dags/plugins/workday.py
[2024-07-09T00:12:07.200-0300] {processor.py:842} WARNING - No viable dags retrieved from /home/johnny/airflow/lib/python3.12/site-packages/airflow/example_dags/plugins/workday.py
[2024-07-09T00:12:07.221-0300] {processor.py:183} INFO - Processing /home/johnny/airflow/lib/python3.12/site-packages/airflow/example_dags/plugins/workday.py took 0.734 seconds
[2024-07-09T00:12:42.335-0300] {processor.py:161} INFO - Started process (PID=13963) to work on /home/johnny/airflow/lib/python3.12/site-packages/airflow/example_dags/plugins/workday.py
[2024-07-09T00:12:42.337-0300] {processor.py:830} INFO - Processing file /home/johnny/airflow/lib/python3.12/site-packages/airflow/example_dags/plugins/workday.py for tasks to queue
[2024-07-09T00:12:42.339-0300] {logging_mixin.py:188} INFO - [2024-07-09T00:12:42.338-0300] {dagbag.py:545} INFO - Filling up the DagBag from /home/johnny/airflow/lib/python3.12/site-packages/airflow/example_dags/plugins/workday.py
[2024-07-09T00:12:43.002-0300] {processor.py:842} WARNING - No viable dags retrieved from /home/johnny/airflow/lib/python3.12/site-packages/airflow/example_dags/plugins/workday.py
[2024-07-09T00:12:43.011-0300] {processor.py:183} INFO - Processing /home/johnny/airflow/lib/python3.12/site-packages/airflow/example_dags/plugins/workday.py took 0.689 seconds
[2024-07-09T00:13:20.292-0300] {processor.py:161} INFO - Started process (PID=14028) to work on /home/johnny/airflow/lib/python3.12/site-packages/airflow/example_dags/plugins/workday.py
[2024-07-09T00:13:20.294-0300] {processor.py:830} INFO - Processing file /home/johnny/airflow/lib/python3.12/site-packages/airflow/example_dags/plugins/workday.py for tasks to queue
[2024-07-09T00:13:20.296-0300] {logging_mixin.py:188} INFO - [2024-07-09T00:13:20.295-0300] {dagbag.py:545} INFO - Filling up the DagBag from /home/johnny/airflow/lib/python3.12/site-packages/airflow/example_dags/plugins/workday.py
[2024-07-09T00:13:20.788-0300] {processor.py:842} WARNING - No viable dags retrieved from /home/johnny/airflow/lib/python3.12/site-packages/airflow/example_dags/plugins/workday.py
[2024-07-09T00:13:20.800-0300] {processor.py:183} INFO - Processing /home/johnny/airflow/lib/python3.12/site-packages/airflow/example_dags/plugins/workday.py took 0.519 seconds
[2024-07-09T00:14:20.038-0300] {processor.py:161} INFO - Started process (PID=14119) to work on /home/johnny/airflow/lib/python3.12/site-packages/airflow/example_dags/plugins/workday.py
[2024-07-09T00:14:20.044-0300] {processor.py:830} INFO - Processing file /home/johnny/airflow/lib/python3.12/site-packages/airflow/example_dags/plugins/workday.py for tasks to queue
[2024-07-09T00:14:20.046-0300] {logging_mixin.py:188} INFO - [2024-07-09T00:14:20.045-0300] {dagbag.py:545} INFO - Filling up the DagBag from /home/johnny/airflow/lib/python3.12/site-packages/airflow/example_dags/plugins/workday.py
[2024-07-09T00:14:20.659-0300] {processor.py:842} WARNING - No viable dags retrieved from /home/johnny/airflow/lib/python3.12/site-packages/airflow/example_dags/plugins/workday.py
[2024-07-09T00:14:20.678-0300] {processor.py:183} INFO - Processing /home/johnny/airflow/lib/python3.12/site-packages/airflow/example_dags/plugins/workday.py took 0.651 seconds
[2024-07-09T00:15:24.919-0300] {processor.py:161} INFO - Started process (PID=14224) to work on /home/johnny/airflow/lib/python3.12/site-packages/airflow/example_dags/plugins/workday.py
[2024-07-09T00:15:24.922-0300] {processor.py:830} INFO - Processing file /home/johnny/airflow/lib/python3.12/site-packages/airflow/example_dags/plugins/workday.py for tasks to queue
[2024-07-09T00:15:24.924-0300] {logging_mixin.py:188} INFO - [2024-07-09T00:15:24.923-0300] {dagbag.py:545} INFO - Filling up the DagBag from /home/johnny/airflow/lib/python3.12/site-packages/airflow/example_dags/plugins/workday.py
[2024-07-09T00:15:25.498-0300] {processor.py:842} WARNING - No viable dags retrieved from /home/johnny/airflow/lib/python3.12/site-packages/airflow/example_dags/plugins/workday.py
[2024-07-09T00:15:25.511-0300] {processor.py:183} INFO - Processing /home/johnny/airflow/lib/python3.12/site-packages/airflow/example_dags/plugins/workday.py took 0.604 seconds
[2024-07-09T00:16:34.276-0300] {processor.py:161} INFO - Started process (PID=14346) to work on /home/johnny/airflow/lib/python3.12/site-packages/airflow/example_dags/plugins/workday.py
[2024-07-09T00:16:34.279-0300] {processor.py:830} INFO - Processing file /home/johnny/airflow/lib/python3.12/site-packages/airflow/example_dags/plugins/workday.py for tasks to queue
[2024-07-09T00:16:34.282-0300] {logging_mixin.py:188} INFO - [2024-07-09T00:16:34.280-0300] {dagbag.py:545} INFO - Filling up the DagBag from /home/johnny/airflow/lib/python3.12/site-packages/airflow/example_dags/plugins/workday.py
[2024-07-09T00:16:35.517-0300] {processor.py:842} WARNING - No viable dags retrieved from /home/johnny/airflow/lib/python3.12/site-packages/airflow/example_dags/plugins/workday.py
[2024-07-09T00:16:35.533-0300] {processor.py:183} INFO - Processing /home/johnny/airflow/lib/python3.12/site-packages/airflow/example_dags/plugins/workday.py took 1.271 seconds
[2024-07-09T00:17:41.578-0300] {processor.py:161} INFO - Started process (PID=14465) to work on /home/johnny/airflow/lib/python3.12/site-packages/airflow/example_dags/plugins/workday.py
[2024-07-09T00:17:41.581-0300] {processor.py:830} INFO - Processing file /home/johnny/airflow/lib/python3.12/site-packages/airflow/example_dags/plugins/workday.py for tasks to queue
[2024-07-09T00:17:41.583-0300] {logging_mixin.py:188} INFO - [2024-07-09T00:17:41.582-0300] {dagbag.py:545} INFO - Filling up the DagBag from /home/johnny/airflow/lib/python3.12/site-packages/airflow/example_dags/plugins/workday.py
[2024-07-09T00:17:42.189-0300] {processor.py:842} WARNING - No viable dags retrieved from /home/johnny/airflow/lib/python3.12/site-packages/airflow/example_dags/plugins/workday.py
[2024-07-09T00:17:42.203-0300] {processor.py:183} INFO - Processing /home/johnny/airflow/lib/python3.12/site-packages/airflow/example_dags/plugins/workday.py took 0.636 seconds
[2024-07-09T00:18:44.357-0300] {processor.py:161} INFO - Started process (PID=14569) to work on /home/johnny/airflow/lib/python3.12/site-packages/airflow/example_dags/plugins/workday.py
[2024-07-09T00:18:44.359-0300] {processor.py:830} INFO - Processing file /home/johnny/airflow/lib/python3.12/site-packages/airflow/example_dags/plugins/workday.py for tasks to queue
[2024-07-09T00:18:44.362-0300] {logging_mixin.py:188} INFO - [2024-07-09T00:18:44.361-0300] {dagbag.py:545} INFO - Filling up the DagBag from /home/johnny/airflow/lib/python3.12/site-packages/airflow/example_dags/plugins/workday.py
[2024-07-09T00:18:44.880-0300] {processor.py:842} WARNING - No viable dags retrieved from /home/johnny/airflow/lib/python3.12/site-packages/airflow/example_dags/plugins/workday.py
[2024-07-09T00:18:44.891-0300] {processor.py:183} INFO - Processing /home/johnny/airflow/lib/python3.12/site-packages/airflow/example_dags/plugins/workday.py took 0.546 seconds
[2024-07-09T00:19:19.602-0300] {processor.py:161} INFO - Started process (PID=14628) to work on /home/johnny/airflow/lib/python3.12/site-packages/airflow/example_dags/plugins/workday.py
[2024-07-09T00:19:19.608-0300] {processor.py:830} INFO - Processing file /home/johnny/airflow/lib/python3.12/site-packages/airflow/example_dags/plugins/workday.py for tasks to queue
[2024-07-09T00:19:19.610-0300] {logging_mixin.py:188} INFO - [2024-07-09T00:19:19.609-0300] {dagbag.py:545} INFO - Filling up the DagBag from /home/johnny/airflow/lib/python3.12/site-packages/airflow/example_dags/plugins/workday.py
[2024-07-09T00:19:20.085-0300] {processor.py:842} WARNING - No viable dags retrieved from /home/johnny/airflow/lib/python3.12/site-packages/airflow/example_dags/plugins/workday.py
[2024-07-09T00:19:20.096-0300] {processor.py:183} INFO - Processing /home/johnny/airflow/lib/python3.12/site-packages/airflow/example_dags/plugins/workday.py took 0.508 seconds
[2024-07-09T00:20:22.918-0300] {processor.py:161} INFO - Started process (PID=14732) to work on /home/johnny/airflow/lib/python3.12/site-packages/airflow/example_dags/plugins/workday.py
[2024-07-09T00:20:22.923-0300] {processor.py:830} INFO - Processing file /home/johnny/airflow/lib/python3.12/site-packages/airflow/example_dags/plugins/workday.py for tasks to queue
[2024-07-09T00:20:22.925-0300] {logging_mixin.py:188} INFO - [2024-07-09T00:20:22.924-0300] {dagbag.py:545} INFO - Filling up the DagBag from /home/johnny/airflow/lib/python3.12/site-packages/airflow/example_dags/plugins/workday.py
[2024-07-09T00:20:23.712-0300] {processor.py:842} WARNING - No viable dags retrieved from /home/johnny/airflow/lib/python3.12/site-packages/airflow/example_dags/plugins/workday.py
[2024-07-09T00:20:23.727-0300] {processor.py:183} INFO - Processing /home/johnny/airflow/lib/python3.12/site-packages/airflow/example_dags/plugins/workday.py took 0.822 seconds
[2024-07-09T00:21:30.573-0300] {processor.py:161} INFO - Started process (PID=14845) to work on /home/johnny/airflow/lib/python3.12/site-packages/airflow/example_dags/plugins/workday.py
[2024-07-09T00:21:30.575-0300] {processor.py:830} INFO - Processing file /home/johnny/airflow/lib/python3.12/site-packages/airflow/example_dags/plugins/workday.py for tasks to queue
[2024-07-09T00:21:30.578-0300] {logging_mixin.py:188} INFO - [2024-07-09T00:21:30.577-0300] {dagbag.py:545} INFO - Filling up the DagBag from /home/johnny/airflow/lib/python3.12/site-packages/airflow/example_dags/plugins/workday.py
[2024-07-09T00:21:31.484-0300] {processor.py:842} WARNING - No viable dags retrieved from /home/johnny/airflow/lib/python3.12/site-packages/airflow/example_dags/plugins/workday.py
[2024-07-09T00:21:31.513-0300] {processor.py:183} INFO - Processing /home/johnny/airflow/lib/python3.12/site-packages/airflow/example_dags/plugins/workday.py took 0.955 seconds
[2024-07-09T00:22:37.631-0300] {processor.py:161} INFO - Started process (PID=14944) to work on /home/johnny/airflow/lib/python3.12/site-packages/airflow/example_dags/plugins/workday.py
[2024-07-09T00:22:37.634-0300] {processor.py:830} INFO - Processing file /home/johnny/airflow/lib/python3.12/site-packages/airflow/example_dags/plugins/workday.py for tasks to queue
[2024-07-09T00:22:37.636-0300] {logging_mixin.py:188} INFO - [2024-07-09T00:22:37.635-0300] {dagbag.py:545} INFO - Filling up the DagBag from /home/johnny/airflow/lib/python3.12/site-packages/airflow/example_dags/plugins/workday.py
[2024-07-09T00:22:38.665-0300] {processor.py:842} WARNING - No viable dags retrieved from /home/johnny/airflow/lib/python3.12/site-packages/airflow/example_dags/plugins/workday.py
[2024-07-09T00:22:38.697-0300] {processor.py:183} INFO - Processing /home/johnny/airflow/lib/python3.12/site-packages/airflow/example_dags/plugins/workday.py took 1.081 seconds
[2024-07-09T00:23:39.100-0300] {processor.py:161} INFO - Started process (PID=15039) to work on /home/johnny/airflow/lib/python3.12/site-packages/airflow/example_dags/plugins/workday.py
[2024-07-09T00:23:39.106-0300] {processor.py:830} INFO - Processing file /home/johnny/airflow/lib/python3.12/site-packages/airflow/example_dags/plugins/workday.py for tasks to queue
[2024-07-09T00:23:39.108-0300] {logging_mixin.py:188} INFO - [2024-07-09T00:23:39.107-0300] {dagbag.py:545} INFO - Filling up the DagBag from /home/johnny/airflow/lib/python3.12/site-packages/airflow/example_dags/plugins/workday.py
[2024-07-09T00:23:39.630-0300] {processor.py:842} WARNING - No viable dags retrieved from /home/johnny/airflow/lib/python3.12/site-packages/airflow/example_dags/plugins/workday.py
[2024-07-09T00:23:39.640-0300] {processor.py:183} INFO - Processing /home/johnny/airflow/lib/python3.12/site-packages/airflow/example_dags/plugins/workday.py took 0.551 seconds
[2024-07-09T00:24:46.608-0300] {processor.py:161} INFO - Started process (PID=15152) to work on /home/johnny/airflow/lib/python3.12/site-packages/airflow/example_dags/plugins/workday.py
[2024-07-09T00:24:46.610-0300] {processor.py:830} INFO - Processing file /home/johnny/airflow/lib/python3.12/site-packages/airflow/example_dags/plugins/workday.py for tasks to queue
[2024-07-09T00:24:46.612-0300] {logging_mixin.py:188} INFO - [2024-07-09T00:24:46.611-0300] {dagbag.py:545} INFO - Filling up the DagBag from /home/johnny/airflow/lib/python3.12/site-packages/airflow/example_dags/plugins/workday.py
[2024-07-09T00:24:47.354-0300] {processor.py:842} WARNING - No viable dags retrieved from /home/johnny/airflow/lib/python3.12/site-packages/airflow/example_dags/plugins/workday.py
[2024-07-09T00:24:47.372-0300] {processor.py:183} INFO - Processing /home/johnny/airflow/lib/python3.12/site-packages/airflow/example_dags/plugins/workday.py took 0.774 seconds
[2024-07-09T00:25:54.114-0300] {processor.py:161} INFO - Started process (PID=15257) to work on /home/johnny/airflow/lib/python3.12/site-packages/airflow/example_dags/plugins/workday.py
[2024-07-09T00:25:54.120-0300] {processor.py:830} INFO - Processing file /home/johnny/airflow/lib/python3.12/site-packages/airflow/example_dags/plugins/workday.py for tasks to queue
[2024-07-09T00:25:54.122-0300] {logging_mixin.py:188} INFO - [2024-07-09T00:25:54.121-0300] {dagbag.py:545} INFO - Filling up the DagBag from /home/johnny/airflow/lib/python3.12/site-packages/airflow/example_dags/plugins/workday.py
[2024-07-09T00:25:54.858-0300] {processor.py:842} WARNING - No viable dags retrieved from /home/johnny/airflow/lib/python3.12/site-packages/airflow/example_dags/plugins/workday.py
[2024-07-09T00:25:54.869-0300] {processor.py:183} INFO - Processing /home/johnny/airflow/lib/python3.12/site-packages/airflow/example_dags/plugins/workday.py took 0.766 seconds
[2024-07-09T00:26:58.458-0300] {processor.py:161} INFO - Started process (PID=15361) to work on /home/johnny/airflow/lib/python3.12/site-packages/airflow/example_dags/plugins/workday.py
[2024-07-09T00:26:58.465-0300] {processor.py:830} INFO - Processing file /home/johnny/airflow/lib/python3.12/site-packages/airflow/example_dags/plugins/workday.py for tasks to queue
[2024-07-09T00:26:58.470-0300] {logging_mixin.py:188} INFO - [2024-07-09T00:26:58.467-0300] {dagbag.py:545} INFO - Filling up the DagBag from /home/johnny/airflow/lib/python3.12/site-packages/airflow/example_dags/plugins/workday.py
[2024-07-09T00:26:59.161-0300] {processor.py:842} WARNING - No viable dags retrieved from /home/johnny/airflow/lib/python3.12/site-packages/airflow/example_dags/plugins/workday.py
[2024-07-09T00:26:59.177-0300] {processor.py:183} INFO - Processing /home/johnny/airflow/lib/python3.12/site-packages/airflow/example_dags/plugins/workday.py took 0.737 seconds
[2024-07-09T00:28:03.267-0300] {processor.py:161} INFO - Started process (PID=15466) to work on /home/johnny/airflow/lib/python3.12/site-packages/airflow/example_dags/plugins/workday.py
[2024-07-09T00:28:03.269-0300] {processor.py:830} INFO - Processing file /home/johnny/airflow/lib/python3.12/site-packages/airflow/example_dags/plugins/workday.py for tasks to queue
[2024-07-09T00:28:03.272-0300] {logging_mixin.py:188} INFO - [2024-07-09T00:28:03.271-0300] {dagbag.py:545} INFO - Filling up the DagBag from /home/johnny/airflow/lib/python3.12/site-packages/airflow/example_dags/plugins/workday.py
[2024-07-09T00:28:04.086-0300] {processor.py:842} WARNING - No viable dags retrieved from /home/johnny/airflow/lib/python3.12/site-packages/airflow/example_dags/plugins/workday.py
[2024-07-09T00:28:04.122-0300] {processor.py:183} INFO - Processing /home/johnny/airflow/lib/python3.12/site-packages/airflow/example_dags/plugins/workday.py took 0.869 seconds
[2024-07-09T00:28:44.841-0300] {processor.py:161} INFO - Started process (PID=15539) to work on /home/johnny/airflow/lib/python3.12/site-packages/airflow/example_dags/plugins/workday.py
[2024-07-09T00:28:44.843-0300] {processor.py:830} INFO - Processing file /home/johnny/airflow/lib/python3.12/site-packages/airflow/example_dags/plugins/workday.py for tasks to queue
[2024-07-09T00:28:44.845-0300] {logging_mixin.py:188} INFO - [2024-07-09T00:28:44.844-0300] {dagbag.py:545} INFO - Filling up the DagBag from /home/johnny/airflow/lib/python3.12/site-packages/airflow/example_dags/plugins/workday.py
[2024-07-09T00:28:45.905-0300] {processor.py:842} WARNING - No viable dags retrieved from /home/johnny/airflow/lib/python3.12/site-packages/airflow/example_dags/plugins/workday.py
[2024-07-09T00:28:45.936-0300] {processor.py:183} INFO - Processing /home/johnny/airflow/lib/python3.12/site-packages/airflow/example_dags/plugins/workday.py took 1.107 seconds
[2024-07-09T00:29:49.332-0300] {processor.py:161} INFO - Started process (PID=15643) to work on /home/johnny/airflow/lib/python3.12/site-packages/airflow/example_dags/plugins/workday.py
[2024-07-09T00:29:49.338-0300] {processor.py:830} INFO - Processing file /home/johnny/airflow/lib/python3.12/site-packages/airflow/example_dags/plugins/workday.py for tasks to queue
[2024-07-09T00:29:49.340-0300] {logging_mixin.py:188} INFO - [2024-07-09T00:29:49.339-0300] {dagbag.py:545} INFO - Filling up the DagBag from /home/johnny/airflow/lib/python3.12/site-packages/airflow/example_dags/plugins/workday.py
[2024-07-09T00:29:50.130-0300] {processor.py:842} WARNING - No viable dags retrieved from /home/johnny/airflow/lib/python3.12/site-packages/airflow/example_dags/plugins/workday.py
[2024-07-09T00:29:50.137-0300] {processor.py:183} INFO - Processing /home/johnny/airflow/lib/python3.12/site-packages/airflow/example_dags/plugins/workday.py took 0.817 seconds
[2024-07-09T00:30:57.578-0300] {processor.py:161} INFO - Started process (PID=15750) to work on /home/johnny/airflow/lib/python3.12/site-packages/airflow/example_dags/plugins/workday.py
[2024-07-09T00:30:57.580-0300] {processor.py:830} INFO - Processing file /home/johnny/airflow/lib/python3.12/site-packages/airflow/example_dags/plugins/workday.py for tasks to queue
[2024-07-09T00:30:57.582-0300] {logging_mixin.py:188} INFO - [2024-07-09T00:30:57.581-0300] {dagbag.py:545} INFO - Filling up the DagBag from /home/johnny/airflow/lib/python3.12/site-packages/airflow/example_dags/plugins/workday.py
[2024-07-09T00:30:59.005-0300] {processor.py:842} WARNING - No viable dags retrieved from /home/johnny/airflow/lib/python3.12/site-packages/airflow/example_dags/plugins/workday.py
[2024-07-09T00:30:59.027-0300] {processor.py:183} INFO - Processing /home/johnny/airflow/lib/python3.12/site-packages/airflow/example_dags/plugins/workday.py took 1.465 seconds
[2024-07-09T00:31:35.465-0300] {processor.py:161} INFO - Started process (PID=15815) to work on /home/johnny/airflow/lib/python3.12/site-packages/airflow/example_dags/plugins/workday.py
[2024-07-09T00:31:35.467-0300] {processor.py:830} INFO - Processing file /home/johnny/airflow/lib/python3.12/site-packages/airflow/example_dags/plugins/workday.py for tasks to queue
[2024-07-09T00:31:35.470-0300] {logging_mixin.py:188} INFO - [2024-07-09T00:31:35.469-0300] {dagbag.py:545} INFO - Filling up the DagBag from /home/johnny/airflow/lib/python3.12/site-packages/airflow/example_dags/plugins/workday.py
[2024-07-09T00:31:36.298-0300] {processor.py:842} WARNING - No viable dags retrieved from /home/johnny/airflow/lib/python3.12/site-packages/airflow/example_dags/plugins/workday.py
[2024-07-09T00:31:36.304-0300] {processor.py:183} INFO - Processing /home/johnny/airflow/lib/python3.12/site-packages/airflow/example_dags/plugins/workday.py took 0.856 seconds
[2024-07-09T00:32:39.564-0300] {processor.py:161} INFO - Started process (PID=15920) to work on /home/johnny/airflow/lib/python3.12/site-packages/airflow/example_dags/plugins/workday.py
[2024-07-09T00:32:39.566-0300] {processor.py:830} INFO - Processing file /home/johnny/airflow/lib/python3.12/site-packages/airflow/example_dags/plugins/workday.py for tasks to queue
[2024-07-09T00:32:39.568-0300] {logging_mixin.py:188} INFO - [2024-07-09T00:32:39.567-0300] {dagbag.py:545} INFO - Filling up the DagBag from /home/johnny/airflow/lib/python3.12/site-packages/airflow/example_dags/plugins/workday.py
[2024-07-09T00:32:40.537-0300] {processor.py:842} WARNING - No viable dags retrieved from /home/johnny/airflow/lib/python3.12/site-packages/airflow/example_dags/plugins/workday.py
[2024-07-09T00:32:40.546-0300] {processor.py:183} INFO - Processing /home/johnny/airflow/lib/python3.12/site-packages/airflow/example_dags/plugins/workday.py took 0.995 seconds
[2024-07-09T00:33:46.588-0300] {processor.py:161} INFO - Started process (PID=16033) to work on /home/johnny/airflow/lib/python3.12/site-packages/airflow/example_dags/plugins/workday.py
[2024-07-09T00:33:46.590-0300] {processor.py:830} INFO - Processing file /home/johnny/airflow/lib/python3.12/site-packages/airflow/example_dags/plugins/workday.py for tasks to queue
[2024-07-09T00:33:46.592-0300] {logging_mixin.py:188} INFO - [2024-07-09T00:33:46.591-0300] {dagbag.py:545} INFO - Filling up the DagBag from /home/johnny/airflow/lib/python3.12/site-packages/airflow/example_dags/plugins/workday.py
[2024-07-09T00:33:47.453-0300] {processor.py:842} WARNING - No viable dags retrieved from /home/johnny/airflow/lib/python3.12/site-packages/airflow/example_dags/plugins/workday.py
[2024-07-09T00:33:47.460-0300] {processor.py:183} INFO - Processing /home/johnny/airflow/lib/python3.12/site-packages/airflow/example_dags/plugins/workday.py took 0.885 seconds
[2024-07-09T00:34:23.305-0300] {processor.py:161} INFO - Started process (PID=16097) to work on /home/johnny/airflow/lib/python3.12/site-packages/airflow/example_dags/plugins/workday.py
[2024-07-09T00:34:23.307-0300] {processor.py:830} INFO - Processing file /home/johnny/airflow/lib/python3.12/site-packages/airflow/example_dags/plugins/workday.py for tasks to queue
[2024-07-09T00:34:23.309-0300] {logging_mixin.py:188} INFO - [2024-07-09T00:34:23.308-0300] {dagbag.py:545} INFO - Filling up the DagBag from /home/johnny/airflow/lib/python3.12/site-packages/airflow/example_dags/plugins/workday.py
[2024-07-09T00:34:24.076-0300] {processor.py:842} WARNING - No viable dags retrieved from /home/johnny/airflow/lib/python3.12/site-packages/airflow/example_dags/plugins/workday.py
[2024-07-09T00:34:24.083-0300] {processor.py:183} INFO - Processing /home/johnny/airflow/lib/python3.12/site-packages/airflow/example_dags/plugins/workday.py took 0.789 seconds
[2024-07-09T00:34:59.498-0300] {processor.py:161} INFO - Started process (PID=16158) to work on /home/johnny/airflow/lib/python3.12/site-packages/airflow/example_dags/plugins/workday.py
[2024-07-09T00:34:59.508-0300] {processor.py:830} INFO - Processing file /home/johnny/airflow/lib/python3.12/site-packages/airflow/example_dags/plugins/workday.py for tasks to queue
[2024-07-09T00:34:59.510-0300] {logging_mixin.py:188} INFO - [2024-07-09T00:34:59.509-0300] {dagbag.py:545} INFO - Filling up the DagBag from /home/johnny/airflow/lib/python3.12/site-packages/airflow/example_dags/plugins/workday.py
[2024-07-09T00:35:00.139-0300] {processor.py:842} WARNING - No viable dags retrieved from /home/johnny/airflow/lib/python3.12/site-packages/airflow/example_dags/plugins/workday.py
[2024-07-09T00:35:00.151-0300] {processor.py:183} INFO - Processing /home/johnny/airflow/lib/python3.12/site-packages/airflow/example_dags/plugins/workday.py took 0.665 seconds
[2024-07-09T00:35:35.331-0300] {processor.py:161} INFO - Started process (PID=16223) to work on /home/johnny/airflow/lib/python3.12/site-packages/airflow/example_dags/plugins/workday.py
[2024-07-09T00:35:35.336-0300] {processor.py:830} INFO - Processing file /home/johnny/airflow/lib/python3.12/site-packages/airflow/example_dags/plugins/workday.py for tasks to queue
[2024-07-09T00:35:35.338-0300] {logging_mixin.py:188} INFO - [2024-07-09T00:35:35.337-0300] {dagbag.py:545} INFO - Filling up the DagBag from /home/johnny/airflow/lib/python3.12/site-packages/airflow/example_dags/plugins/workday.py
[2024-07-09T00:35:36.010-0300] {processor.py:842} WARNING - No viable dags retrieved from /home/johnny/airflow/lib/python3.12/site-packages/airflow/example_dags/plugins/workday.py
[2024-07-09T00:35:36.016-0300] {processor.py:183} INFO - Processing /home/johnny/airflow/lib/python3.12/site-packages/airflow/example_dags/plugins/workday.py took 0.696 seconds
[2024-07-09T00:36:11.792-0300] {processor.py:161} INFO - Started process (PID=16287) to work on /home/johnny/airflow/lib/python3.12/site-packages/airflow/example_dags/plugins/workday.py
[2024-07-09T00:36:11.795-0300] {processor.py:830} INFO - Processing file /home/johnny/airflow/lib/python3.12/site-packages/airflow/example_dags/plugins/workday.py for tasks to queue
[2024-07-09T00:36:11.799-0300] {logging_mixin.py:188} INFO - [2024-07-09T00:36:11.797-0300] {dagbag.py:545} INFO - Filling up the DagBag from /home/johnny/airflow/lib/python3.12/site-packages/airflow/example_dags/plugins/workday.py
[2024-07-09T00:36:12.762-0300] {processor.py:842} WARNING - No viable dags retrieved from /home/johnny/airflow/lib/python3.12/site-packages/airflow/example_dags/plugins/workday.py
[2024-07-09T00:36:12.774-0300] {processor.py:183} INFO - Processing /home/johnny/airflow/lib/python3.12/site-packages/airflow/example_dags/plugins/workday.py took 0.998 seconds
[2024-07-09T00:37:19.573-0300] {processor.py:161} INFO - Started process (PID=16400) to work on /home/johnny/airflow/lib/python3.12/site-packages/airflow/example_dags/plugins/workday.py
[2024-07-09T00:37:19.576-0300] {processor.py:830} INFO - Processing file /home/johnny/airflow/lib/python3.12/site-packages/airflow/example_dags/plugins/workday.py for tasks to queue
[2024-07-09T00:37:19.578-0300] {logging_mixin.py:188} INFO - [2024-07-09T00:37:19.577-0300] {dagbag.py:545} INFO - Filling up the DagBag from /home/johnny/airflow/lib/python3.12/site-packages/airflow/example_dags/plugins/workday.py
[2024-07-09T00:37:20.438-0300] {processor.py:842} WARNING - No viable dags retrieved from /home/johnny/airflow/lib/python3.12/site-packages/airflow/example_dags/plugins/workday.py
[2024-07-09T00:37:20.450-0300] {processor.py:183} INFO - Processing /home/johnny/airflow/lib/python3.12/site-packages/airflow/example_dags/plugins/workday.py took 0.887 seconds
[2024-07-09T00:38:27.052-0300] {processor.py:161} INFO - Started process (PID=16514) to work on /home/johnny/airflow/lib/python3.12/site-packages/airflow/example_dags/plugins/workday.py
[2024-07-09T00:38:27.054-0300] {processor.py:830} INFO - Processing file /home/johnny/airflow/lib/python3.12/site-packages/airflow/example_dags/plugins/workday.py for tasks to queue
[2024-07-09T00:38:27.056-0300] {logging_mixin.py:188} INFO - [2024-07-09T00:38:27.055-0300] {dagbag.py:545} INFO - Filling up the DagBag from /home/johnny/airflow/lib/python3.12/site-packages/airflow/example_dags/plugins/workday.py
[2024-07-09T00:38:27.841-0300] {processor.py:842} WARNING - No viable dags retrieved from /home/johnny/airflow/lib/python3.12/site-packages/airflow/example_dags/plugins/workday.py
[2024-07-09T00:38:27.859-0300] {processor.py:183} INFO - Processing /home/johnny/airflow/lib/python3.12/site-packages/airflow/example_dags/plugins/workday.py took 0.819 seconds
[2024-07-09T00:39:02.302-0300] {processor.py:161} INFO - Started process (PID=16579) to work on /home/johnny/airflow/lib/python3.12/site-packages/airflow/example_dags/plugins/workday.py
[2024-07-09T00:39:02.305-0300] {processor.py:830} INFO - Processing file /home/johnny/airflow/lib/python3.12/site-packages/airflow/example_dags/plugins/workday.py for tasks to queue
[2024-07-09T00:39:02.307-0300] {logging_mixin.py:188} INFO - [2024-07-09T00:39:02.306-0300] {dagbag.py:545} INFO - Filling up the DagBag from /home/johnny/airflow/lib/python3.12/site-packages/airflow/example_dags/plugins/workday.py
[2024-07-09T00:39:03.222-0300] {processor.py:842} WARNING - No viable dags retrieved from /home/johnny/airflow/lib/python3.12/site-packages/airflow/example_dags/plugins/workday.py
[2024-07-09T00:39:03.234-0300] {processor.py:183} INFO - Processing /home/johnny/airflow/lib/python3.12/site-packages/airflow/example_dags/plugins/workday.py took 0.943 seconds
[2024-07-09T00:39:39.365-0300] {processor.py:161} INFO - Started process (PID=16637) to work on /home/johnny/airflow/lib/python3.12/site-packages/airflow/example_dags/plugins/workday.py
[2024-07-09T00:39:39.371-0300] {processor.py:830} INFO - Processing file /home/johnny/airflow/lib/python3.12/site-packages/airflow/example_dags/plugins/workday.py for tasks to queue
[2024-07-09T00:39:39.373-0300] {logging_mixin.py:188} INFO - [2024-07-09T00:39:39.372-0300] {dagbag.py:545} INFO - Filling up the DagBag from /home/johnny/airflow/lib/python3.12/site-packages/airflow/example_dags/plugins/workday.py
[2024-07-09T00:39:40.239-0300] {processor.py:842} WARNING - No viable dags retrieved from /home/johnny/airflow/lib/python3.12/site-packages/airflow/example_dags/plugins/workday.py
[2024-07-09T00:39:40.250-0300] {processor.py:183} INFO - Processing /home/johnny/airflow/lib/python3.12/site-packages/airflow/example_dags/plugins/workday.py took 0.898 seconds
[2024-07-09T00:40:43.837-0300] {processor.py:161} INFO - Started process (PID=16741) to work on /home/johnny/airflow/lib/python3.12/site-packages/airflow/example_dags/plugins/workday.py
[2024-07-09T00:40:43.840-0300] {processor.py:830} INFO - Processing file /home/johnny/airflow/lib/python3.12/site-packages/airflow/example_dags/plugins/workday.py for tasks to queue
[2024-07-09T00:40:43.842-0300] {logging_mixin.py:188} INFO - [2024-07-09T00:40:43.841-0300] {dagbag.py:545} INFO - Filling up the DagBag from /home/johnny/airflow/lib/python3.12/site-packages/airflow/example_dags/plugins/workday.py
[2024-07-09T00:40:44.855-0300] {processor.py:842} WARNING - No viable dags retrieved from /home/johnny/airflow/lib/python3.12/site-packages/airflow/example_dags/plugins/workday.py
[2024-07-09T00:40:44.868-0300] {processor.py:183} INFO - Processing /home/johnny/airflow/lib/python3.12/site-packages/airflow/example_dags/plugins/workday.py took 1.043 seconds
[2024-07-09T00:41:47.838-0300] {processor.py:161} INFO - Started process (PID=16847) to work on /home/johnny/airflow/lib/python3.12/site-packages/airflow/example_dags/plugins/workday.py
[2024-07-09T00:41:47.844-0300] {processor.py:830} INFO - Processing file /home/johnny/airflow/lib/python3.12/site-packages/airflow/example_dags/plugins/workday.py for tasks to queue
[2024-07-09T00:41:47.846-0300] {logging_mixin.py:188} INFO - [2024-07-09T00:41:47.845-0300] {dagbag.py:545} INFO - Filling up the DagBag from /home/johnny/airflow/lib/python3.12/site-packages/airflow/example_dags/plugins/workday.py
[2024-07-09T00:41:48.960-0300] {processor.py:842} WARNING - No viable dags retrieved from /home/johnny/airflow/lib/python3.12/site-packages/airflow/example_dags/plugins/workday.py
[2024-07-09T00:41:48.971-0300] {processor.py:183} INFO - Processing /home/johnny/airflow/lib/python3.12/site-packages/airflow/example_dags/plugins/workday.py took 1.145 seconds
[2024-07-09T00:42:58.223-0300] {processor.py:161} INFO - Started process (PID=16968) to work on /home/johnny/airflow/lib/python3.12/site-packages/airflow/example_dags/plugins/workday.py
[2024-07-09T00:42:58.225-0300] {processor.py:830} INFO - Processing file /home/johnny/airflow/lib/python3.12/site-packages/airflow/example_dags/plugins/workday.py for tasks to queue
[2024-07-09T00:42:58.227-0300] {logging_mixin.py:188} INFO - [2024-07-09T00:42:58.226-0300] {dagbag.py:545} INFO - Filling up the DagBag from /home/johnny/airflow/lib/python3.12/site-packages/airflow/example_dags/plugins/workday.py
[2024-07-09T00:42:58.908-0300] {processor.py:842} WARNING - No viable dags retrieved from /home/johnny/airflow/lib/python3.12/site-packages/airflow/example_dags/plugins/workday.py
[2024-07-09T00:42:58.915-0300] {processor.py:183} INFO - Processing /home/johnny/airflow/lib/python3.12/site-packages/airflow/example_dags/plugins/workday.py took 0.704 seconds
[2024-07-09T00:43:58.535-0300] {processor.py:161} INFO - Started process (PID=17057) to work on /home/johnny/airflow/lib/python3.12/site-packages/airflow/example_dags/plugins/workday.py
[2024-07-09T00:43:58.538-0300] {processor.py:830} INFO - Processing file /home/johnny/airflow/lib/python3.12/site-packages/airflow/example_dags/plugins/workday.py for tasks to queue
[2024-07-09T00:43:58.542-0300] {logging_mixin.py:188} INFO - [2024-07-09T00:43:58.540-0300] {dagbag.py:545} INFO - Filling up the DagBag from /home/johnny/airflow/lib/python3.12/site-packages/airflow/example_dags/plugins/workday.py
[2024-07-09T00:43:59.876-0300] {processor.py:842} WARNING - No viable dags retrieved from /home/johnny/airflow/lib/python3.12/site-packages/airflow/example_dags/plugins/workday.py
[2024-07-09T00:43:59.893-0300] {processor.py:183} INFO - Processing /home/johnny/airflow/lib/python3.12/site-packages/airflow/example_dags/plugins/workday.py took 1.371 seconds
[2024-07-09T00:44:43.029-0300] {processor.py:161} INFO - Started process (PID=17123) to work on /home/johnny/airflow/lib/python3.12/site-packages/airflow/example_dags/plugins/workday.py
[2024-07-09T00:44:43.035-0300] {processor.py:830} INFO - Processing file /home/johnny/airflow/lib/python3.12/site-packages/airflow/example_dags/plugins/workday.py for tasks to queue
[2024-07-09T00:44:43.038-0300] {logging_mixin.py:188} INFO - [2024-07-09T00:44:43.036-0300] {dagbag.py:545} INFO - Filling up the DagBag from /home/johnny/airflow/lib/python3.12/site-packages/airflow/example_dags/plugins/workday.py
[2024-07-09T00:44:44.226-0300] {processor.py:842} WARNING - No viable dags retrieved from /home/johnny/airflow/lib/python3.12/site-packages/airflow/example_dags/plugins/workday.py
[2024-07-09T00:44:44.240-0300] {processor.py:183} INFO - Processing /home/johnny/airflow/lib/python3.12/site-packages/airflow/example_dags/plugins/workday.py took 1.224 seconds
[2024-07-09T00:45:24.508-0300] {processor.py:161} INFO - Started process (PID=17194) to work on /home/johnny/airflow/lib/python3.12/site-packages/airflow/example_dags/plugins/workday.py
[2024-07-09T00:45:24.510-0300] {processor.py:830} INFO - Processing file /home/johnny/airflow/lib/python3.12/site-packages/airflow/example_dags/plugins/workday.py for tasks to queue
[2024-07-09T00:45:24.512-0300] {logging_mixin.py:188} INFO - [2024-07-09T00:45:24.512-0300] {dagbag.py:545} INFO - Filling up the DagBag from /home/johnny/airflow/lib/python3.12/site-packages/airflow/example_dags/plugins/workday.py
[2024-07-09T00:45:25.323-0300] {processor.py:842} WARNING - No viable dags retrieved from /home/johnny/airflow/lib/python3.12/site-packages/airflow/example_dags/plugins/workday.py
[2024-07-09T00:45:25.330-0300] {processor.py:183} INFO - Processing /home/johnny/airflow/lib/python3.12/site-packages/airflow/example_dags/plugins/workday.py took 0.835 seconds
[2024-07-09T00:46:37.873-0300] {processor.py:161} INFO - Started process (PID=17314) to work on /home/johnny/airflow/lib/python3.12/site-packages/airflow/example_dags/plugins/workday.py
[2024-07-09T00:46:37.878-0300] {processor.py:830} INFO - Processing file /home/johnny/airflow/lib/python3.12/site-packages/airflow/example_dags/plugins/workday.py for tasks to queue
[2024-07-09T00:46:37.880-0300] {logging_mixin.py:188} INFO - [2024-07-09T00:46:37.879-0300] {dagbag.py:545} INFO - Filling up the DagBag from /home/johnny/airflow/lib/python3.12/site-packages/airflow/example_dags/plugins/workday.py
[2024-07-09T00:46:38.591-0300] {processor.py:842} WARNING - No viable dags retrieved from /home/johnny/airflow/lib/python3.12/site-packages/airflow/example_dags/plugins/workday.py
[2024-07-09T00:46:38.600-0300] {processor.py:183} INFO - Processing /home/johnny/airflow/lib/python3.12/site-packages/airflow/example_dags/plugins/workday.py took 0.740 seconds
[2024-07-09T00:47:14.488-0300] {processor.py:161} INFO - Started process (PID=17373) to work on /home/johnny/airflow/lib/python3.12/site-packages/airflow/example_dags/plugins/workday.py
[2024-07-09T00:47:14.490-0300] {processor.py:830} INFO - Processing file /home/johnny/airflow/lib/python3.12/site-packages/airflow/example_dags/plugins/workday.py for tasks to queue
[2024-07-09T00:47:14.492-0300] {logging_mixin.py:188} INFO - [2024-07-09T00:47:14.491-0300] {dagbag.py:545} INFO - Filling up the DagBag from /home/johnny/airflow/lib/python3.12/site-packages/airflow/example_dags/plugins/workday.py
[2024-07-09T00:47:15.360-0300] {processor.py:842} WARNING - No viable dags retrieved from /home/johnny/airflow/lib/python3.12/site-packages/airflow/example_dags/plugins/workday.py
[2024-07-09T00:47:15.366-0300] {processor.py:183} INFO - Processing /home/johnny/airflow/lib/python3.12/site-packages/airflow/example_dags/plugins/workday.py took 0.889 seconds
[2024-07-09T00:48:20.892-0300] {processor.py:161} INFO - Started process (PID=17489) to work on /home/johnny/airflow/lib/python3.12/site-packages/airflow/example_dags/plugins/workday.py
[2024-07-09T00:48:20.895-0300] {processor.py:830} INFO - Processing file /home/johnny/airflow/lib/python3.12/site-packages/airflow/example_dags/plugins/workday.py for tasks to queue
[2024-07-09T00:48:20.898-0300] {logging_mixin.py:188} INFO - [2024-07-09T00:48:20.896-0300] {dagbag.py:545} INFO - Filling up the DagBag from /home/johnny/airflow/lib/python3.12/site-packages/airflow/example_dags/plugins/workday.py
[2024-07-09T00:48:21.835-0300] {processor.py:842} WARNING - No viable dags retrieved from /home/johnny/airflow/lib/python3.12/site-packages/airflow/example_dags/plugins/workday.py
[2024-07-09T00:48:21.851-0300] {processor.py:183} INFO - Processing /home/johnny/airflow/lib/python3.12/site-packages/airflow/example_dags/plugins/workday.py took 0.974 seconds
[2024-07-09T00:49:28.906-0300] {processor.py:161} INFO - Started process (PID=17608) to work on /home/johnny/airflow/lib/python3.12/site-packages/airflow/example_dags/plugins/workday.py
[2024-07-09T00:49:28.911-0300] {processor.py:830} INFO - Processing file /home/johnny/airflow/lib/python3.12/site-packages/airflow/example_dags/plugins/workday.py for tasks to queue
[2024-07-09T00:49:28.913-0300] {logging_mixin.py:188} INFO - [2024-07-09T00:49:28.912-0300] {dagbag.py:545} INFO - Filling up the DagBag from /home/johnny/airflow/lib/python3.12/site-packages/airflow/example_dags/plugins/workday.py
[2024-07-09T00:49:29.613-0300] {processor.py:842} WARNING - No viable dags retrieved from /home/johnny/airflow/lib/python3.12/site-packages/airflow/example_dags/plugins/workday.py
[2024-07-09T00:49:29.620-0300] {processor.py:183} INFO - Processing /home/johnny/airflow/lib/python3.12/site-packages/airflow/example_dags/plugins/workday.py took 0.728 seconds
[2024-07-09T00:50:37.632-0300] {processor.py:161} INFO - Started process (PID=17722) to work on /home/johnny/airflow/lib/python3.12/site-packages/airflow/example_dags/plugins/workday.py
[2024-07-09T00:50:37.635-0300] {processor.py:830} INFO - Processing file /home/johnny/airflow/lib/python3.12/site-packages/airflow/example_dags/plugins/workday.py for tasks to queue
[2024-07-09T00:50:37.638-0300] {logging_mixin.py:188} INFO - [2024-07-09T00:50:37.637-0300] {dagbag.py:545} INFO - Filling up the DagBag from /home/johnny/airflow/lib/python3.12/site-packages/airflow/example_dags/plugins/workday.py
[2024-07-09T00:50:38.633-0300] {processor.py:842} WARNING - No viable dags retrieved from /home/johnny/airflow/lib/python3.12/site-packages/airflow/example_dags/plugins/workday.py
[2024-07-09T00:50:38.640-0300] {processor.py:183} INFO - Processing /home/johnny/airflow/lib/python3.12/site-packages/airflow/example_dags/plugins/workday.py took 1.021 seconds
[2024-07-09T00:51:14.978-0300] {processor.py:161} INFO - Started process (PID=17788) to work on /home/johnny/airflow/lib/python3.12/site-packages/airflow/example_dags/plugins/workday.py
[2024-07-09T00:51:14.984-0300] {processor.py:830} INFO - Processing file /home/johnny/airflow/lib/python3.12/site-packages/airflow/example_dags/plugins/workday.py for tasks to queue
[2024-07-09T00:51:14.986-0300] {logging_mixin.py:188} INFO - [2024-07-09T00:51:14.985-0300] {dagbag.py:545} INFO - Filling up the DagBag from /home/johnny/airflow/lib/python3.12/site-packages/airflow/example_dags/plugins/workday.py
[2024-07-09T00:51:16.003-0300] {processor.py:842} WARNING - No viable dags retrieved from /home/johnny/airflow/lib/python3.12/site-packages/airflow/example_dags/plugins/workday.py
[2024-07-09T00:51:16.021-0300] {processor.py:183} INFO - Processing /home/johnny/airflow/lib/python3.12/site-packages/airflow/example_dags/plugins/workday.py took 1.058 seconds
[2024-07-09T00:52:22.221-0300] {processor.py:161} INFO - Started process (PID=17901) to work on /home/johnny/airflow/lib/python3.12/site-packages/airflow/example_dags/plugins/workday.py
[2024-07-09T00:52:22.227-0300] {processor.py:830} INFO - Processing file /home/johnny/airflow/lib/python3.12/site-packages/airflow/example_dags/plugins/workday.py for tasks to queue
[2024-07-09T00:52:22.229-0300] {logging_mixin.py:188} INFO - [2024-07-09T00:52:22.228-0300] {dagbag.py:545} INFO - Filling up the DagBag from /home/johnny/airflow/lib/python3.12/site-packages/airflow/example_dags/plugins/workday.py
[2024-07-09T00:52:23.122-0300] {processor.py:842} WARNING - No viable dags retrieved from /home/johnny/airflow/lib/python3.12/site-packages/airflow/example_dags/plugins/workday.py
[2024-07-09T00:52:23.134-0300] {processor.py:183} INFO - Processing /home/johnny/airflow/lib/python3.12/site-packages/airflow/example_dags/plugins/workday.py took 0.928 seconds
[2024-07-09T00:53:28.741-0300] {processor.py:161} INFO - Started process (PID=18015) to work on /home/johnny/airflow/lib/python3.12/site-packages/airflow/example_dags/plugins/workday.py
[2024-07-09T00:53:28.747-0300] {processor.py:830} INFO - Processing file /home/johnny/airflow/lib/python3.12/site-packages/airflow/example_dags/plugins/workday.py for tasks to queue
[2024-07-09T00:53:28.750-0300] {logging_mixin.py:188} INFO - [2024-07-09T00:53:28.748-0300] {dagbag.py:545} INFO - Filling up the DagBag from /home/johnny/airflow/lib/python3.12/site-packages/airflow/example_dags/plugins/workday.py
[2024-07-09T00:53:29.769-0300] {processor.py:842} WARNING - No viable dags retrieved from /home/johnny/airflow/lib/python3.12/site-packages/airflow/example_dags/plugins/workday.py
[2024-07-09T00:53:29.776-0300] {processor.py:183} INFO - Processing /home/johnny/airflow/lib/python3.12/site-packages/airflow/example_dags/plugins/workday.py took 1.047 seconds
[2024-07-09T00:54:35.733-0300] {processor.py:161} INFO - Started process (PID=18122) to work on /home/johnny/airflow/lib/python3.12/site-packages/airflow/example_dags/plugins/workday.py
[2024-07-09T00:54:35.736-0300] {processor.py:830} INFO - Processing file /home/johnny/airflow/lib/python3.12/site-packages/airflow/example_dags/plugins/workday.py for tasks to queue
[2024-07-09T00:54:35.737-0300] {logging_mixin.py:188} INFO - [2024-07-09T00:54:35.736-0300] {dagbag.py:545} INFO - Filling up the DagBag from /home/johnny/airflow/lib/python3.12/site-packages/airflow/example_dags/plugins/workday.py
[2024-07-09T00:54:36.689-0300] {processor.py:842} WARNING - No viable dags retrieved from /home/johnny/airflow/lib/python3.12/site-packages/airflow/example_dags/plugins/workday.py
[2024-07-09T00:54:36.703-0300] {processor.py:183} INFO - Processing /home/johnny/airflow/lib/python3.12/site-packages/airflow/example_dags/plugins/workday.py took 0.981 seconds
[2024-07-09T00:55:45.989-0300] {processor.py:161} INFO - Started process (PID=18236) to work on /home/johnny/airflow/lib/python3.12/site-packages/airflow/example_dags/plugins/workday.py
[2024-07-09T00:55:45.992-0300] {processor.py:830} INFO - Processing file /home/johnny/airflow/lib/python3.12/site-packages/airflow/example_dags/plugins/workday.py for tasks to queue
[2024-07-09T00:55:45.994-0300] {logging_mixin.py:188} INFO - [2024-07-09T00:55:45.993-0300] {dagbag.py:545} INFO - Filling up the DagBag from /home/johnny/airflow/lib/python3.12/site-packages/airflow/example_dags/plugins/workday.py
[2024-07-09T00:55:46.721-0300] {processor.py:842} WARNING - No viable dags retrieved from /home/johnny/airflow/lib/python3.12/site-packages/airflow/example_dags/plugins/workday.py
[2024-07-09T00:55:46.730-0300] {processor.py:183} INFO - Processing /home/johnny/airflow/lib/python3.12/site-packages/airflow/example_dags/plugins/workday.py took 0.756 seconds
[2024-07-09T00:56:59.241-0300] {processor.py:161} INFO - Started process (PID=18356) to work on /home/johnny/airflow/lib/python3.12/site-packages/airflow/example_dags/plugins/workday.py
[2024-07-09T00:56:59.243-0300] {processor.py:830} INFO - Processing file /home/johnny/airflow/lib/python3.12/site-packages/airflow/example_dags/plugins/workday.py for tasks to queue
[2024-07-09T00:56:59.245-0300] {logging_mixin.py:188} INFO - [2024-07-09T00:56:59.244-0300] {dagbag.py:545} INFO - Filling up the DagBag from /home/johnny/airflow/lib/python3.12/site-packages/airflow/example_dags/plugins/workday.py
[2024-07-09T00:57:00.012-0300] {processor.py:842} WARNING - No viable dags retrieved from /home/johnny/airflow/lib/python3.12/site-packages/airflow/example_dags/plugins/workday.py
[2024-07-09T00:57:00.033-0300] {processor.py:183} INFO - Processing /home/johnny/airflow/lib/python3.12/site-packages/airflow/example_dags/plugins/workday.py took 0.805 seconds
[2024-07-09T00:58:00.152-0300] {processor.py:161} INFO - Started process (PID=18446) to work on /home/johnny/airflow/lib/python3.12/site-packages/airflow/example_dags/plugins/workday.py
[2024-07-09T00:58:00.155-0300] {processor.py:830} INFO - Processing file /home/johnny/airflow/lib/python3.12/site-packages/airflow/example_dags/plugins/workday.py for tasks to queue
[2024-07-09T00:58:00.157-0300] {logging_mixin.py:188} INFO - [2024-07-09T00:58:00.156-0300] {dagbag.py:545} INFO - Filling up the DagBag from /home/johnny/airflow/lib/python3.12/site-packages/airflow/example_dags/plugins/workday.py
[2024-07-09T00:58:00.997-0300] {processor.py:842} WARNING - No viable dags retrieved from /home/johnny/airflow/lib/python3.12/site-packages/airflow/example_dags/plugins/workday.py
[2024-07-09T00:58:01.004-0300] {processor.py:183} INFO - Processing /home/johnny/airflow/lib/python3.12/site-packages/airflow/example_dags/plugins/workday.py took 0.865 seconds
[2024-07-09T00:58:35.230-0300] {processor.py:161} INFO - Started process (PID=18511) to work on /home/johnny/airflow/lib/python3.12/site-packages/airflow/example_dags/plugins/workday.py
[2024-07-09T00:58:35.232-0300] {processor.py:830} INFO - Processing file /home/johnny/airflow/lib/python3.12/site-packages/airflow/example_dags/plugins/workday.py for tasks to queue
[2024-07-09T00:58:35.234-0300] {logging_mixin.py:188} INFO - [2024-07-09T00:58:35.233-0300] {dagbag.py:545} INFO - Filling up the DagBag from /home/johnny/airflow/lib/python3.12/site-packages/airflow/example_dags/plugins/workday.py
[2024-07-09T00:58:36.042-0300] {processor.py:842} WARNING - No viable dags retrieved from /home/johnny/airflow/lib/python3.12/site-packages/airflow/example_dags/plugins/workday.py
[2024-07-09T00:58:36.055-0300] {processor.py:183} INFO - Processing /home/johnny/airflow/lib/python3.12/site-packages/airflow/example_dags/plugins/workday.py took 0.836 seconds
[2024-07-09T00:59:42.418-0300] {processor.py:161} INFO - Started process (PID=18624) to work on /home/johnny/airflow/lib/python3.12/site-packages/airflow/example_dags/plugins/workday.py
[2024-07-09T00:59:42.420-0300] {processor.py:830} INFO - Processing file /home/johnny/airflow/lib/python3.12/site-packages/airflow/example_dags/plugins/workday.py for tasks to queue
[2024-07-09T00:59:42.423-0300] {logging_mixin.py:188} INFO - [2024-07-09T00:59:42.422-0300] {dagbag.py:545} INFO - Filling up the DagBag from /home/johnny/airflow/lib/python3.12/site-packages/airflow/example_dags/plugins/workday.py
[2024-07-09T00:59:43.572-0300] {processor.py:842} WARNING - No viable dags retrieved from /home/johnny/airflow/lib/python3.12/site-packages/airflow/example_dags/plugins/workday.py
[2024-07-09T00:59:43.584-0300] {processor.py:183} INFO - Processing /home/johnny/airflow/lib/python3.12/site-packages/airflow/example_dags/plugins/workday.py took 1.180 seconds
[2024-07-09T01:00:42.477-0300] {processor.py:161} INFO - Started process (PID=18721) to work on /home/johnny/airflow/lib/python3.12/site-packages/airflow/example_dags/plugins/workday.py
[2024-07-09T01:00:42.482-0300] {processor.py:830} INFO - Processing file /home/johnny/airflow/lib/python3.12/site-packages/airflow/example_dags/plugins/workday.py for tasks to queue
[2024-07-09T01:00:42.484-0300] {logging_mixin.py:188} INFO - [2024-07-09T01:00:42.483-0300] {dagbag.py:545} INFO - Filling up the DagBag from /home/johnny/airflow/lib/python3.12/site-packages/airflow/example_dags/plugins/workday.py
[2024-07-09T01:00:43.214-0300] {processor.py:842} WARNING - No viable dags retrieved from /home/johnny/airflow/lib/python3.12/site-packages/airflow/example_dags/plugins/workday.py
[2024-07-09T01:00:43.225-0300] {processor.py:183} INFO - Processing /home/johnny/airflow/lib/python3.12/site-packages/airflow/example_dags/plugins/workday.py took 0.760 seconds
[2024-07-09T01:01:43.703-0300] {processor.py:161} INFO - Started process (PID=18818) to work on /home/johnny/airflow/lib/python3.12/site-packages/airflow/example_dags/plugins/workday.py
[2024-07-09T01:01:43.709-0300] {processor.py:830} INFO - Processing file /home/johnny/airflow/lib/python3.12/site-packages/airflow/example_dags/plugins/workday.py for tasks to queue
[2024-07-09T01:01:43.711-0300] {logging_mixin.py:188} INFO - [2024-07-09T01:01:43.710-0300] {dagbag.py:545} INFO - Filling up the DagBag from /home/johnny/airflow/lib/python3.12/site-packages/airflow/example_dags/plugins/workday.py
[2024-07-09T01:01:44.265-0300] {processor.py:842} WARNING - No viable dags retrieved from /home/johnny/airflow/lib/python3.12/site-packages/airflow/example_dags/plugins/workday.py
[2024-07-09T01:01:44.272-0300] {processor.py:183} INFO - Processing /home/johnny/airflow/lib/python3.12/site-packages/airflow/example_dags/plugins/workday.py took 0.581 seconds
[2024-07-09T01:02:43.823-0300] {processor.py:161} INFO - Started process (PID=18914) to work on /home/johnny/airflow/lib/python3.12/site-packages/airflow/example_dags/plugins/workday.py
[2024-07-09T01:02:43.825-0300] {processor.py:830} INFO - Processing file /home/johnny/airflow/lib/python3.12/site-packages/airflow/example_dags/plugins/workday.py for tasks to queue
[2024-07-09T01:02:43.827-0300] {logging_mixin.py:188} INFO - [2024-07-09T01:02:43.826-0300] {dagbag.py:545} INFO - Filling up the DagBag from /home/johnny/airflow/lib/python3.12/site-packages/airflow/example_dags/plugins/workday.py
[2024-07-09T01:02:44.523-0300] {processor.py:842} WARNING - No viable dags retrieved from /home/johnny/airflow/lib/python3.12/site-packages/airflow/example_dags/plugins/workday.py
[2024-07-09T01:02:44.530-0300] {processor.py:183} INFO - Processing /home/johnny/airflow/lib/python3.12/site-packages/airflow/example_dags/plugins/workday.py took 0.718 seconds
[2024-07-09T01:03:53.165-0300] {processor.py:161} INFO - Started process (PID=19025) to work on /home/johnny/airflow/lib/python3.12/site-packages/airflow/example_dags/plugins/workday.py
[2024-07-09T01:03:53.171-0300] {processor.py:830} INFO - Processing file /home/johnny/airflow/lib/python3.12/site-packages/airflow/example_dags/plugins/workday.py for tasks to queue
[2024-07-09T01:03:53.174-0300] {logging_mixin.py:188} INFO - [2024-07-09T01:03:53.172-0300] {dagbag.py:545} INFO - Filling up the DagBag from /home/johnny/airflow/lib/python3.12/site-packages/airflow/example_dags/plugins/workday.py
[2024-07-09T01:03:54.266-0300] {processor.py:842} WARNING - No viable dags retrieved from /home/johnny/airflow/lib/python3.12/site-packages/airflow/example_dags/plugins/workday.py
[2024-07-09T01:03:54.277-0300] {processor.py:183} INFO - Processing /home/johnny/airflow/lib/python3.12/site-packages/airflow/example_dags/plugins/workday.py took 1.125 seconds
[2024-07-09T01:04:57.452-0300] {processor.py:161} INFO - Started process (PID=19129) to work on /home/johnny/airflow/lib/python3.12/site-packages/airflow/example_dags/plugins/workday.py
[2024-07-09T01:04:57.457-0300] {processor.py:830} INFO - Processing file /home/johnny/airflow/lib/python3.12/site-packages/airflow/example_dags/plugins/workday.py for tasks to queue
[2024-07-09T01:04:57.459-0300] {logging_mixin.py:188} INFO - [2024-07-09T01:04:57.458-0300] {dagbag.py:545} INFO - Filling up the DagBag from /home/johnny/airflow/lib/python3.12/site-packages/airflow/example_dags/plugins/workday.py
[2024-07-09T01:04:58.270-0300] {processor.py:842} WARNING - No viable dags retrieved from /home/johnny/airflow/lib/python3.12/site-packages/airflow/example_dags/plugins/workday.py
[2024-07-09T01:04:58.277-0300] {processor.py:183} INFO - Processing /home/johnny/airflow/lib/python3.12/site-packages/airflow/example_dags/plugins/workday.py took 0.846 seconds
[2024-07-09T01:10:14.753-0300] {processor.py:161} INFO - Started process (PID=19208) to work on /home/johnny/airflow/lib/python3.12/site-packages/airflow/example_dags/plugins/workday.py
[2024-07-09T01:10:14.774-0300] {processor.py:830} INFO - Processing file /home/johnny/airflow/lib/python3.12/site-packages/airflow/example_dags/plugins/workday.py for tasks to queue
[2024-07-09T01:10:14.776-0300] {logging_mixin.py:188} INFO - [2024-07-09T01:10:14.775-0300] {dagbag.py:545} INFO - Filling up the DagBag from /home/johnny/airflow/lib/python3.12/site-packages/airflow/example_dags/plugins/workday.py
[2024-07-09T01:10:17.735-0300] {processor.py:842} WARNING - No viable dags retrieved from /home/johnny/airflow/lib/python3.12/site-packages/airflow/example_dags/plugins/workday.py
[2024-07-09T01:10:17.743-0300] {processor.py:183} INFO - Processing /home/johnny/airflow/lib/python3.12/site-packages/airflow/example_dags/plugins/workday.py took 3.019 seconds
