[2024-07-08T23:38:46.826-0300] {processor.py:161} INFO - Started process (PID=10588) to work on /home/johnny/airflow/lib/python3.12/site-packages/airflow/example_dags/tutorial_dag.py
[2024-07-08T23:38:46.829-0300] {processor.py:830} INFO - Processing file /home/johnny/airflow/lib/python3.12/site-packages/airflow/example_dags/tutorial_dag.py for tasks to queue
[2024-07-08T23:38:46.835-0300] {logging_mixin.py:188} INFO - [2024-07-08T23:38:46.831-0300] {dagbag.py:545} INFO - Filling up the DagBag from /home/johnny/airflow/lib/python3.12/site-packages/airflow/example_dags/tutorial_dag.py
[2024-07-08T23:38:46.851-0300] {processor.py:840} INFO - DAG(s) 'tutorial_dag' retrieved from /home/johnny/airflow/lib/python3.12/site-packages/airflow/example_dags/tutorial_dag.py
[2024-07-08T23:38:46.891-0300] {logging_mixin.py:188} INFO - [2024-07-08T23:38:46.891-0300] {dag.py:3096} INFO - Sync 1 DAGs
[2024-07-08T23:38:46.914-0300] {logging_mixin.py:188} INFO - [2024-07-08T23:38:46.913-0300] {dag.py:3954} INFO - Setting next_dagrun for tutorial_dag to None, run_after=None
[2024-07-08T23:38:46.963-0300] {processor.py:183} INFO - Processing /home/johnny/airflow/lib/python3.12/site-packages/airflow/example_dags/tutorial_dag.py took 0.152 seconds
[2024-07-08T23:39:52.221-0300] {processor.py:161} INFO - Started process (PID=10694) to work on /home/johnny/airflow/lib/python3.12/site-packages/airflow/example_dags/tutorial_dag.py
[2024-07-08T23:39:52.226-0300] {processor.py:830} INFO - Processing file /home/johnny/airflow/lib/python3.12/site-packages/airflow/example_dags/tutorial_dag.py for tasks to queue
[2024-07-08T23:39:52.228-0300] {logging_mixin.py:188} INFO - [2024-07-08T23:39:52.227-0300] {dagbag.py:545} INFO - Filling up the DagBag from /home/johnny/airflow/lib/python3.12/site-packages/airflow/example_dags/tutorial_dag.py
[2024-07-08T23:39:52.238-0300] {processor.py:840} INFO - DAG(s) 'tutorial_dag' retrieved from /home/johnny/airflow/lib/python3.12/site-packages/airflow/example_dags/tutorial_dag.py
[2024-07-08T23:39:52.271-0300] {logging_mixin.py:188} INFO - [2024-07-08T23:39:52.270-0300] {dag.py:3096} INFO - Sync 1 DAGs
[2024-07-08T23:39:52.300-0300] {logging_mixin.py:188} INFO - [2024-07-08T23:39:52.299-0300] {dag.py:3954} INFO - Setting next_dagrun for tutorial_dag to None, run_after=None
[2024-07-08T23:39:52.357-0300] {processor.py:183} INFO - Processing /home/johnny/airflow/lib/python3.12/site-packages/airflow/example_dags/tutorial_dag.py took 0.148 seconds
[2024-07-08T23:41:03.011-0300] {processor.py:161} INFO - Started process (PID=10808) to work on /home/johnny/airflow/lib/python3.12/site-packages/airflow/example_dags/tutorial_dag.py
[2024-07-08T23:41:03.013-0300] {processor.py:830} INFO - Processing file /home/johnny/airflow/lib/python3.12/site-packages/airflow/example_dags/tutorial_dag.py for tasks to queue
[2024-07-08T23:41:03.015-0300] {logging_mixin.py:188} INFO - [2024-07-08T23:41:03.014-0300] {dagbag.py:545} INFO - Filling up the DagBag from /home/johnny/airflow/lib/python3.12/site-packages/airflow/example_dags/tutorial_dag.py
[2024-07-08T23:41:03.026-0300] {processor.py:840} INFO - DAG(s) 'tutorial_dag' retrieved from /home/johnny/airflow/lib/python3.12/site-packages/airflow/example_dags/tutorial_dag.py
[2024-07-08T23:41:03.057-0300] {logging_mixin.py:188} INFO - [2024-07-08T23:41:03.057-0300] {dag.py:3096} INFO - Sync 1 DAGs
[2024-07-08T23:41:03.078-0300] {logging_mixin.py:188} INFO - [2024-07-08T23:41:03.078-0300] {dag.py:3954} INFO - Setting next_dagrun for tutorial_dag to None, run_after=None
[2024-07-08T23:41:03.122-0300] {processor.py:183} INFO - Processing /home/johnny/airflow/lib/python3.12/site-packages/airflow/example_dags/tutorial_dag.py took 0.123 seconds
[2024-07-08T23:42:08.750-0300] {processor.py:161} INFO - Started process (PID=10923) to work on /home/johnny/airflow/lib/python3.12/site-packages/airflow/example_dags/tutorial_dag.py
[2024-07-08T23:42:08.753-0300] {processor.py:830} INFO - Processing file /home/johnny/airflow/lib/python3.12/site-packages/airflow/example_dags/tutorial_dag.py for tasks to queue
[2024-07-08T23:42:08.755-0300] {logging_mixin.py:188} INFO - [2024-07-08T23:42:08.754-0300] {dagbag.py:545} INFO - Filling up the DagBag from /home/johnny/airflow/lib/python3.12/site-packages/airflow/example_dags/tutorial_dag.py
[2024-07-08T23:42:08.767-0300] {processor.py:840} INFO - DAG(s) 'tutorial_dag' retrieved from /home/johnny/airflow/lib/python3.12/site-packages/airflow/example_dags/tutorial_dag.py
[2024-07-08T23:42:08.796-0300] {logging_mixin.py:188} INFO - [2024-07-08T23:42:08.795-0300] {dag.py:3096} INFO - Sync 1 DAGs
[2024-07-08T23:42:08.814-0300] {logging_mixin.py:188} INFO - [2024-07-08T23:42:08.814-0300] {dag.py:3954} INFO - Setting next_dagrun for tutorial_dag to None, run_after=None
[2024-07-08T23:42:08.862-0300] {processor.py:183} INFO - Processing /home/johnny/airflow/lib/python3.12/site-packages/airflow/example_dags/tutorial_dag.py took 0.125 seconds
[2024-07-08T23:43:15.296-0300] {processor.py:161} INFO - Started process (PID=11029) to work on /home/johnny/airflow/lib/python3.12/site-packages/airflow/example_dags/tutorial_dag.py
[2024-07-08T23:43:15.301-0300] {processor.py:830} INFO - Processing file /home/johnny/airflow/lib/python3.12/site-packages/airflow/example_dags/tutorial_dag.py for tasks to queue
[2024-07-08T23:43:15.303-0300] {logging_mixin.py:188} INFO - [2024-07-08T23:43:15.302-0300] {dagbag.py:545} INFO - Filling up the DagBag from /home/johnny/airflow/lib/python3.12/site-packages/airflow/example_dags/tutorial_dag.py
[2024-07-08T23:43:15.314-0300] {processor.py:840} INFO - DAG(s) 'tutorial_dag' retrieved from /home/johnny/airflow/lib/python3.12/site-packages/airflow/example_dags/tutorial_dag.py
[2024-07-08T23:43:15.350-0300] {logging_mixin.py:188} INFO - [2024-07-08T23:43:15.349-0300] {dag.py:3096} INFO - Sync 1 DAGs
[2024-07-08T23:43:15.373-0300] {logging_mixin.py:188} INFO - [2024-07-08T23:43:15.373-0300] {dag.py:3954} INFO - Setting next_dagrun for tutorial_dag to None, run_after=None
[2024-07-08T23:43:15.423-0300] {processor.py:183} INFO - Processing /home/johnny/airflow/lib/python3.12/site-packages/airflow/example_dags/tutorial_dag.py took 0.141 seconds
[2024-07-08T23:44:25.898-0300] {processor.py:161} INFO - Started process (PID=11153) to work on /home/johnny/airflow/lib/python3.12/site-packages/airflow/example_dags/tutorial_dag.py
[2024-07-08T23:44:25.903-0300] {processor.py:830} INFO - Processing file /home/johnny/airflow/lib/python3.12/site-packages/airflow/example_dags/tutorial_dag.py for tasks to queue
[2024-07-08T23:44:25.905-0300] {logging_mixin.py:188} INFO - [2024-07-08T23:44:25.904-0300] {dagbag.py:545} INFO - Filling up the DagBag from /home/johnny/airflow/lib/python3.12/site-packages/airflow/example_dags/tutorial_dag.py
[2024-07-08T23:44:25.917-0300] {processor.py:840} INFO - DAG(s) 'tutorial_dag' retrieved from /home/johnny/airflow/lib/python3.12/site-packages/airflow/example_dags/tutorial_dag.py
[2024-07-08T23:44:25.949-0300] {logging_mixin.py:188} INFO - [2024-07-08T23:44:25.948-0300] {dag.py:3096} INFO - Sync 1 DAGs
[2024-07-08T23:44:25.970-0300] {logging_mixin.py:188} INFO - [2024-07-08T23:44:25.970-0300] {dag.py:3954} INFO - Setting next_dagrun for tutorial_dag to None, run_after=None
[2024-07-08T23:44:26.022-0300] {processor.py:183} INFO - Processing /home/johnny/airflow/lib/python3.12/site-packages/airflow/example_dags/tutorial_dag.py took 0.136 seconds
[2024-07-08T23:45:30.289-0300] {processor.py:161} INFO - Started process (PID=11257) to work on /home/johnny/airflow/lib/python3.12/site-packages/airflow/example_dags/tutorial_dag.py
[2024-07-08T23:45:30.293-0300] {processor.py:830} INFO - Processing file /home/johnny/airflow/lib/python3.12/site-packages/airflow/example_dags/tutorial_dag.py for tasks to queue
[2024-07-08T23:45:30.295-0300] {logging_mixin.py:188} INFO - [2024-07-08T23:45:30.294-0300] {dagbag.py:545} INFO - Filling up the DagBag from /home/johnny/airflow/lib/python3.12/site-packages/airflow/example_dags/tutorial_dag.py
[2024-07-08T23:45:30.308-0300] {processor.py:840} INFO - DAG(s) 'tutorial_dag' retrieved from /home/johnny/airflow/lib/python3.12/site-packages/airflow/example_dags/tutorial_dag.py
[2024-07-08T23:45:30.351-0300] {logging_mixin.py:188} INFO - [2024-07-08T23:45:30.350-0300] {dag.py:3096} INFO - Sync 1 DAGs
[2024-07-08T23:45:30.393-0300] {logging_mixin.py:188} INFO - [2024-07-08T23:45:30.392-0300] {dag.py:3954} INFO - Setting next_dagrun for tutorial_dag to None, run_after=None
[2024-07-08T23:45:30.449-0300] {processor.py:183} INFO - Processing /home/johnny/airflow/lib/python3.12/site-packages/airflow/example_dags/tutorial_dag.py took 0.175 seconds
[2024-07-08T23:46:38.055-0300] {processor.py:161} INFO - Started process (PID=11370) to work on /home/johnny/airflow/lib/python3.12/site-packages/airflow/example_dags/tutorial_dag.py
[2024-07-08T23:46:38.058-0300] {processor.py:830} INFO - Processing file /home/johnny/airflow/lib/python3.12/site-packages/airflow/example_dags/tutorial_dag.py for tasks to queue
[2024-07-08T23:46:38.061-0300] {logging_mixin.py:188} INFO - [2024-07-08T23:46:38.059-0300] {dagbag.py:545} INFO - Filling up the DagBag from /home/johnny/airflow/lib/python3.12/site-packages/airflow/example_dags/tutorial_dag.py
[2024-07-08T23:46:38.075-0300] {processor.py:840} INFO - DAG(s) 'tutorial_dag' retrieved from /home/johnny/airflow/lib/python3.12/site-packages/airflow/example_dags/tutorial_dag.py
[2024-07-08T23:46:38.115-0300] {logging_mixin.py:188} INFO - [2024-07-08T23:46:38.114-0300] {dag.py:3096} INFO - Sync 1 DAGs
[2024-07-08T23:46:38.143-0300] {logging_mixin.py:188} INFO - [2024-07-08T23:46:38.142-0300] {dag.py:3954} INFO - Setting next_dagrun for tutorial_dag to None, run_after=None
[2024-07-08T23:46:38.192-0300] {processor.py:183} INFO - Processing /home/johnny/airflow/lib/python3.12/site-packages/airflow/example_dags/tutorial_dag.py took 0.150 seconds
[2024-07-08T23:47:42.806-0300] {processor.py:161} INFO - Started process (PID=11476) to work on /home/johnny/airflow/lib/python3.12/site-packages/airflow/example_dags/tutorial_dag.py
[2024-07-08T23:47:42.809-0300] {processor.py:830} INFO - Processing file /home/johnny/airflow/lib/python3.12/site-packages/airflow/example_dags/tutorial_dag.py for tasks to queue
[2024-07-08T23:47:42.811-0300] {logging_mixin.py:188} INFO - [2024-07-08T23:47:42.810-0300] {dagbag.py:545} INFO - Filling up the DagBag from /home/johnny/airflow/lib/python3.12/site-packages/airflow/example_dags/tutorial_dag.py
[2024-07-08T23:47:42.828-0300] {processor.py:840} INFO - DAG(s) 'tutorial_dag' retrieved from /home/johnny/airflow/lib/python3.12/site-packages/airflow/example_dags/tutorial_dag.py
[2024-07-08T23:47:42.864-0300] {logging_mixin.py:188} INFO - [2024-07-08T23:47:42.864-0300] {dag.py:3096} INFO - Sync 1 DAGs
[2024-07-08T23:47:42.893-0300] {logging_mixin.py:188} INFO - [2024-07-08T23:47:42.893-0300] {dag.py:3954} INFO - Setting next_dagrun for tutorial_dag to None, run_after=None
[2024-07-08T23:47:42.964-0300] {processor.py:183} INFO - Processing /home/johnny/airflow/lib/python3.12/site-packages/airflow/example_dags/tutorial_dag.py took 0.170 seconds
[2024-07-08T23:48:46.701-0300] {processor.py:161} INFO - Started process (PID=11580) to work on /home/johnny/airflow/lib/python3.12/site-packages/airflow/example_dags/tutorial_dag.py
[2024-07-08T23:48:46.703-0300] {processor.py:830} INFO - Processing file /home/johnny/airflow/lib/python3.12/site-packages/airflow/example_dags/tutorial_dag.py for tasks to queue
[2024-07-08T23:48:46.707-0300] {logging_mixin.py:188} INFO - [2024-07-08T23:48:46.705-0300] {dagbag.py:545} INFO - Filling up the DagBag from /home/johnny/airflow/lib/python3.12/site-packages/airflow/example_dags/tutorial_dag.py
[2024-07-08T23:48:46.719-0300] {processor.py:840} INFO - DAG(s) 'tutorial_dag' retrieved from /home/johnny/airflow/lib/python3.12/site-packages/airflow/example_dags/tutorial_dag.py
[2024-07-08T23:48:46.762-0300] {logging_mixin.py:188} INFO - [2024-07-08T23:48:46.761-0300] {dag.py:3096} INFO - Sync 1 DAGs
[2024-07-08T23:48:46.792-0300] {logging_mixin.py:188} INFO - [2024-07-08T23:48:46.792-0300] {dag.py:3954} INFO - Setting next_dagrun for tutorial_dag to None, run_after=None
[2024-07-08T23:48:46.849-0300] {processor.py:183} INFO - Processing /home/johnny/airflow/lib/python3.12/site-packages/airflow/example_dags/tutorial_dag.py took 0.163 seconds
[2024-07-08T23:49:53.997-0300] {processor.py:161} INFO - Started process (PID=11694) to work on /home/johnny/airflow/lib/python3.12/site-packages/airflow/example_dags/tutorial_dag.py
[2024-07-08T23:49:54.000-0300] {processor.py:830} INFO - Processing file /home/johnny/airflow/lib/python3.12/site-packages/airflow/example_dags/tutorial_dag.py for tasks to queue
[2024-07-08T23:49:54.003-0300] {logging_mixin.py:188} INFO - [2024-07-08T23:49:54.002-0300] {dagbag.py:545} INFO - Filling up the DagBag from /home/johnny/airflow/lib/python3.12/site-packages/airflow/example_dags/tutorial_dag.py
[2024-07-08T23:49:54.017-0300] {processor.py:840} INFO - DAG(s) 'tutorial_dag' retrieved from /home/johnny/airflow/lib/python3.12/site-packages/airflow/example_dags/tutorial_dag.py
[2024-07-08T23:49:54.057-0300] {logging_mixin.py:188} INFO - [2024-07-08T23:49:54.056-0300] {dag.py:3096} INFO - Sync 1 DAGs
[2024-07-08T23:49:54.098-0300] {logging_mixin.py:188} INFO - [2024-07-08T23:49:54.097-0300] {dag.py:3954} INFO - Setting next_dagrun for tutorial_dag to None, run_after=None
[2024-07-08T23:49:54.156-0300] {processor.py:183} INFO - Processing /home/johnny/airflow/lib/python3.12/site-packages/airflow/example_dags/tutorial_dag.py took 0.176 seconds
[2024-07-08T23:50:57.174-0300] {processor.py:161} INFO - Started process (PID=11789) to work on /home/johnny/airflow/lib/python3.12/site-packages/airflow/example_dags/tutorial_dag.py
[2024-07-08T23:50:57.178-0300] {processor.py:830} INFO - Processing file /home/johnny/airflow/lib/python3.12/site-packages/airflow/example_dags/tutorial_dag.py for tasks to queue
[2024-07-08T23:50:57.180-0300] {logging_mixin.py:188} INFO - [2024-07-08T23:50:57.179-0300] {dagbag.py:545} INFO - Filling up the DagBag from /home/johnny/airflow/lib/python3.12/site-packages/airflow/example_dags/tutorial_dag.py
[2024-07-08T23:50:57.191-0300] {processor.py:840} INFO - DAG(s) 'tutorial_dag' retrieved from /home/johnny/airflow/lib/python3.12/site-packages/airflow/example_dags/tutorial_dag.py
[2024-07-08T23:50:57.223-0300] {logging_mixin.py:188} INFO - [2024-07-08T23:50:57.222-0300] {dag.py:3096} INFO - Sync 1 DAGs
[2024-07-08T23:50:57.243-0300] {logging_mixin.py:188} INFO - [2024-07-08T23:50:57.243-0300] {dag.py:3954} INFO - Setting next_dagrun for tutorial_dag to None, run_after=None
[2024-07-08T23:50:57.286-0300] {processor.py:183} INFO - Processing /home/johnny/airflow/lib/python3.12/site-packages/airflow/example_dags/tutorial_dag.py took 0.125 seconds
[2024-07-08T23:51:58.592-0300] {processor.py:161} INFO - Started process (PID=11895) to work on /home/johnny/airflow/lib/python3.12/site-packages/airflow/example_dags/tutorial_dag.py
[2024-07-08T23:51:58.595-0300] {processor.py:830} INFO - Processing file /home/johnny/airflow/lib/python3.12/site-packages/airflow/example_dags/tutorial_dag.py for tasks to queue
[2024-07-08T23:51:58.597-0300] {logging_mixin.py:188} INFO - [2024-07-08T23:51:58.596-0300] {dagbag.py:545} INFO - Filling up the DagBag from /home/johnny/airflow/lib/python3.12/site-packages/airflow/example_dags/tutorial_dag.py
[2024-07-08T23:51:58.610-0300] {processor.py:840} INFO - DAG(s) 'tutorial_dag' retrieved from /home/johnny/airflow/lib/python3.12/site-packages/airflow/example_dags/tutorial_dag.py
[2024-07-08T23:51:58.644-0300] {logging_mixin.py:188} INFO - [2024-07-08T23:51:58.644-0300] {dag.py:3096} INFO - Sync 1 DAGs
[2024-07-08T23:51:58.673-0300] {logging_mixin.py:188} INFO - [2024-07-08T23:51:58.673-0300] {dag.py:3954} INFO - Setting next_dagrun for tutorial_dag to None, run_after=None
[2024-07-08T23:51:58.724-0300] {processor.py:183} INFO - Processing /home/johnny/airflow/lib/python3.12/site-packages/airflow/example_dags/tutorial_dag.py took 0.145 seconds
[2024-07-08T23:53:00.799-0300] {processor.py:161} INFO - Started process (PID=12000) to work on /home/johnny/airflow/lib/python3.12/site-packages/airflow/example_dags/tutorial_dag.py
[2024-07-08T23:53:00.801-0300] {processor.py:830} INFO - Processing file /home/johnny/airflow/lib/python3.12/site-packages/airflow/example_dags/tutorial_dag.py for tasks to queue
[2024-07-08T23:53:00.804-0300] {logging_mixin.py:188} INFO - [2024-07-08T23:53:00.803-0300] {dagbag.py:545} INFO - Filling up the DagBag from /home/johnny/airflow/lib/python3.12/site-packages/airflow/example_dags/tutorial_dag.py
[2024-07-08T23:53:00.815-0300] {processor.py:840} INFO - DAG(s) 'tutorial_dag' retrieved from /home/johnny/airflow/lib/python3.12/site-packages/airflow/example_dags/tutorial_dag.py
[2024-07-08T23:53:00.847-0300] {logging_mixin.py:188} INFO - [2024-07-08T23:53:00.846-0300] {dag.py:3096} INFO - Sync 1 DAGs
[2024-07-08T23:53:00.868-0300] {logging_mixin.py:188} INFO - [2024-07-08T23:53:00.868-0300] {dag.py:3954} INFO - Setting next_dagrun for tutorial_dag to None, run_after=None
[2024-07-08T23:53:00.907-0300] {processor.py:183} INFO - Processing /home/johnny/airflow/lib/python3.12/site-packages/airflow/example_dags/tutorial_dag.py took 0.120 seconds
[2024-07-08T23:54:08.435-0300] {processor.py:161} INFO - Started process (PID=12106) to work on /home/johnny/airflow/lib/python3.12/site-packages/airflow/example_dags/tutorial_dag.py
[2024-07-08T23:54:08.438-0300] {processor.py:830} INFO - Processing file /home/johnny/airflow/lib/python3.12/site-packages/airflow/example_dags/tutorial_dag.py for tasks to queue
[2024-07-08T23:54:08.442-0300] {logging_mixin.py:188} INFO - [2024-07-08T23:54:08.439-0300] {dagbag.py:545} INFO - Filling up the DagBag from /home/johnny/airflow/lib/python3.12/site-packages/airflow/example_dags/tutorial_dag.py
[2024-07-08T23:54:08.459-0300] {processor.py:840} INFO - DAG(s) 'tutorial_dag' retrieved from /home/johnny/airflow/lib/python3.12/site-packages/airflow/example_dags/tutorial_dag.py
[2024-07-08T23:54:08.495-0300] {logging_mixin.py:188} INFO - [2024-07-08T23:54:08.494-0300] {dag.py:3096} INFO - Sync 1 DAGs
[2024-07-08T23:54:08.526-0300] {logging_mixin.py:188} INFO - [2024-07-08T23:54:08.526-0300] {dag.py:3954} INFO - Setting next_dagrun for tutorial_dag to None, run_after=None
[2024-07-08T23:54:08.581-0300] {processor.py:183} INFO - Processing /home/johnny/airflow/lib/python3.12/site-packages/airflow/example_dags/tutorial_dag.py took 0.164 seconds
[2024-07-08T23:55:13.919-0300] {processor.py:161} INFO - Started process (PID=12210) to work on /home/johnny/airflow/lib/python3.12/site-packages/airflow/example_dags/tutorial_dag.py
[2024-07-08T23:55:13.922-0300] {processor.py:830} INFO - Processing file /home/johnny/airflow/lib/python3.12/site-packages/airflow/example_dags/tutorial_dag.py for tasks to queue
[2024-07-08T23:55:13.925-0300] {logging_mixin.py:188} INFO - [2024-07-08T23:55:13.924-0300] {dagbag.py:545} INFO - Filling up the DagBag from /home/johnny/airflow/lib/python3.12/site-packages/airflow/example_dags/tutorial_dag.py
[2024-07-08T23:55:13.939-0300] {processor.py:840} INFO - DAG(s) 'tutorial_dag' retrieved from /home/johnny/airflow/lib/python3.12/site-packages/airflow/example_dags/tutorial_dag.py
[2024-07-08T23:55:13.974-0300] {logging_mixin.py:188} INFO - [2024-07-08T23:55:13.973-0300] {dag.py:3096} INFO - Sync 1 DAGs
[2024-07-08T23:55:13.998-0300] {logging_mixin.py:188} INFO - [2024-07-08T23:55:13.997-0300] {dag.py:3954} INFO - Setting next_dagrun for tutorial_dag to None, run_after=None
[2024-07-08T23:55:14.063-0300] {processor.py:183} INFO - Processing /home/johnny/airflow/lib/python3.12/site-packages/airflow/example_dags/tutorial_dag.py took 0.159 seconds
[2024-07-08T23:56:25.279-0300] {processor.py:161} INFO - Started process (PID=12324) to work on /home/johnny/airflow/lib/python3.12/site-packages/airflow/example_dags/tutorial_dag.py
[2024-07-08T23:56:25.284-0300] {processor.py:830} INFO - Processing file /home/johnny/airflow/lib/python3.12/site-packages/airflow/example_dags/tutorial_dag.py for tasks to queue
[2024-07-08T23:56:25.286-0300] {logging_mixin.py:188} INFO - [2024-07-08T23:56:25.285-0300] {dagbag.py:545} INFO - Filling up the DagBag from /home/johnny/airflow/lib/python3.12/site-packages/airflow/example_dags/tutorial_dag.py
[2024-07-08T23:56:25.297-0300] {processor.py:840} INFO - DAG(s) 'tutorial_dag' retrieved from /home/johnny/airflow/lib/python3.12/site-packages/airflow/example_dags/tutorial_dag.py
[2024-07-08T23:56:25.328-0300] {logging_mixin.py:188} INFO - [2024-07-08T23:56:25.327-0300] {dag.py:3096} INFO - Sync 1 DAGs
[2024-07-08T23:56:25.348-0300] {logging_mixin.py:188} INFO - [2024-07-08T23:56:25.348-0300] {dag.py:3954} INFO - Setting next_dagrun for tutorial_dag to None, run_after=None
[2024-07-08T23:56:25.387-0300] {processor.py:183} INFO - Processing /home/johnny/airflow/lib/python3.12/site-packages/airflow/example_dags/tutorial_dag.py took 0.120 seconds
[2024-07-08T23:57:25.351-0300] {processor.py:161} INFO - Started process (PID=12429) to work on /home/johnny/airflow/lib/python3.12/site-packages/airflow/example_dags/tutorial_dag.py
[2024-07-08T23:57:25.353-0300] {processor.py:830} INFO - Processing file /home/johnny/airflow/lib/python3.12/site-packages/airflow/example_dags/tutorial_dag.py for tasks to queue
[2024-07-08T23:57:25.355-0300] {logging_mixin.py:188} INFO - [2024-07-08T23:57:25.354-0300] {dagbag.py:545} INFO - Filling up the DagBag from /home/johnny/airflow/lib/python3.12/site-packages/airflow/example_dags/tutorial_dag.py
[2024-07-08T23:57:25.367-0300] {processor.py:840} INFO - DAG(s) 'tutorial_dag' retrieved from /home/johnny/airflow/lib/python3.12/site-packages/airflow/example_dags/tutorial_dag.py
[2024-07-08T23:57:25.410-0300] {logging_mixin.py:188} INFO - [2024-07-08T23:57:25.408-0300] {dag.py:3096} INFO - Sync 1 DAGs
[2024-07-08T23:57:25.458-0300] {logging_mixin.py:188} INFO - [2024-07-08T23:57:25.457-0300] {dag.py:3954} INFO - Setting next_dagrun for tutorial_dag to None, run_after=None
[2024-07-08T23:57:25.530-0300] {processor.py:183} INFO - Processing /home/johnny/airflow/lib/python3.12/site-packages/airflow/example_dags/tutorial_dag.py took 0.191 seconds
[2024-07-08T23:58:28.264-0300] {processor.py:161} INFO - Started process (PID=12526) to work on /home/johnny/airflow/lib/python3.12/site-packages/airflow/example_dags/tutorial_dag.py
[2024-07-08T23:58:28.268-0300] {processor.py:830} INFO - Processing file /home/johnny/airflow/lib/python3.12/site-packages/airflow/example_dags/tutorial_dag.py for tasks to queue
[2024-07-08T23:58:28.270-0300] {logging_mixin.py:188} INFO - [2024-07-08T23:58:28.269-0300] {dagbag.py:545} INFO - Filling up the DagBag from /home/johnny/airflow/lib/python3.12/site-packages/airflow/example_dags/tutorial_dag.py
[2024-07-08T23:58:28.283-0300] {processor.py:840} INFO - DAG(s) 'tutorial_dag' retrieved from /home/johnny/airflow/lib/python3.12/site-packages/airflow/example_dags/tutorial_dag.py
[2024-07-08T23:58:28.324-0300] {logging_mixin.py:188} INFO - [2024-07-08T23:58:28.324-0300] {dag.py:3096} INFO - Sync 1 DAGs
[2024-07-08T23:58:28.354-0300] {logging_mixin.py:188} INFO - [2024-07-08T23:58:28.354-0300] {dag.py:3954} INFO - Setting next_dagrun for tutorial_dag to None, run_after=None
[2024-07-08T23:58:28.429-0300] {processor.py:183} INFO - Processing /home/johnny/airflow/lib/python3.12/site-packages/airflow/example_dags/tutorial_dag.py took 0.178 seconds
[2024-07-08T23:59:34.601-0300] {processor.py:161} INFO - Started process (PID=12639) to work on /home/johnny/airflow/lib/python3.12/site-packages/airflow/example_dags/tutorial_dag.py
[2024-07-08T23:59:34.607-0300] {processor.py:830} INFO - Processing file /home/johnny/airflow/lib/python3.12/site-packages/airflow/example_dags/tutorial_dag.py for tasks to queue
[2024-07-08T23:59:34.609-0300] {logging_mixin.py:188} INFO - [2024-07-08T23:59:34.608-0300] {dagbag.py:545} INFO - Filling up the DagBag from /home/johnny/airflow/lib/python3.12/site-packages/airflow/example_dags/tutorial_dag.py
[2024-07-08T23:59:34.619-0300] {processor.py:840} INFO - DAG(s) 'tutorial_dag' retrieved from /home/johnny/airflow/lib/python3.12/site-packages/airflow/example_dags/tutorial_dag.py
[2024-07-08T23:59:34.652-0300] {logging_mixin.py:188} INFO - [2024-07-08T23:59:34.651-0300] {dag.py:3096} INFO - Sync 1 DAGs
[2024-07-08T23:59:34.672-0300] {logging_mixin.py:188} INFO - [2024-07-08T23:59:34.672-0300] {dag.py:3954} INFO - Setting next_dagrun for tutorial_dag to None, run_after=None
[2024-07-08T23:59:34.708-0300] {processor.py:183} INFO - Processing /home/johnny/airflow/lib/python3.12/site-packages/airflow/example_dags/tutorial_dag.py took 0.118 seconds
[2024-07-09T00:00:39.486-0300] {processor.py:161} INFO - Started process (PID=12754) to work on /home/johnny/airflow/lib/python3.12/site-packages/airflow/example_dags/tutorial_dag.py
[2024-07-09T00:00:39.488-0300] {processor.py:830} INFO - Processing file /home/johnny/airflow/lib/python3.12/site-packages/airflow/example_dags/tutorial_dag.py for tasks to queue
[2024-07-09T00:00:39.490-0300] {logging_mixin.py:188} INFO - [2024-07-09T00:00:39.489-0300] {dagbag.py:545} INFO - Filling up the DagBag from /home/johnny/airflow/lib/python3.12/site-packages/airflow/example_dags/tutorial_dag.py
[2024-07-09T00:00:39.501-0300] {processor.py:840} INFO - DAG(s) 'tutorial_dag' retrieved from /home/johnny/airflow/lib/python3.12/site-packages/airflow/example_dags/tutorial_dag.py
[2024-07-09T00:00:39.539-0300] {logging_mixin.py:188} INFO - [2024-07-09T00:00:39.538-0300] {dag.py:3096} INFO - Sync 1 DAGs
[2024-07-09T00:00:39.569-0300] {logging_mixin.py:188} INFO - [2024-07-09T00:00:39.568-0300] {dag.py:3954} INFO - Setting next_dagrun for tutorial_dag to None, run_after=None
[2024-07-09T00:00:39.633-0300] {processor.py:183} INFO - Processing /home/johnny/airflow/lib/python3.12/site-packages/airflow/example_dags/tutorial_dag.py took 0.154 seconds
[2024-07-09T00:01:48.280-0300] {processor.py:161} INFO - Started process (PID=12868) to work on /home/johnny/airflow/lib/python3.12/site-packages/airflow/example_dags/tutorial_dag.py
[2024-07-09T00:01:48.283-0300] {processor.py:830} INFO - Processing file /home/johnny/airflow/lib/python3.12/site-packages/airflow/example_dags/tutorial_dag.py for tasks to queue
[2024-07-09T00:01:48.285-0300] {logging_mixin.py:188} INFO - [2024-07-09T00:01:48.284-0300] {dagbag.py:545} INFO - Filling up the DagBag from /home/johnny/airflow/lib/python3.12/site-packages/airflow/example_dags/tutorial_dag.py
[2024-07-09T00:01:48.297-0300] {processor.py:840} INFO - DAG(s) 'tutorial_dag' retrieved from /home/johnny/airflow/lib/python3.12/site-packages/airflow/example_dags/tutorial_dag.py
[2024-07-09T00:01:48.332-0300] {logging_mixin.py:188} INFO - [2024-07-09T00:01:48.331-0300] {dag.py:3096} INFO - Sync 1 DAGs
[2024-07-09T00:01:48.357-0300] {logging_mixin.py:188} INFO - [2024-07-09T00:01:48.356-0300] {dag.py:3954} INFO - Setting next_dagrun for tutorial_dag to None, run_after=None
[2024-07-09T00:01:48.406-0300] {processor.py:183} INFO - Processing /home/johnny/airflow/lib/python3.12/site-packages/airflow/example_dags/tutorial_dag.py took 0.138 seconds
[2024-07-09T00:02:52.105-0300] {processor.py:161} INFO - Started process (PID=12974) to work on /home/johnny/airflow/lib/python3.12/site-packages/airflow/example_dags/tutorial_dag.py
[2024-07-09T00:02:52.111-0300] {processor.py:830} INFO - Processing file /home/johnny/airflow/lib/python3.12/site-packages/airflow/example_dags/tutorial_dag.py for tasks to queue
[2024-07-09T00:02:52.113-0300] {logging_mixin.py:188} INFO - [2024-07-09T00:02:52.112-0300] {dagbag.py:545} INFO - Filling up the DagBag from /home/johnny/airflow/lib/python3.12/site-packages/airflow/example_dags/tutorial_dag.py
[2024-07-09T00:02:52.123-0300] {processor.py:840} INFO - DAG(s) 'tutorial_dag' retrieved from /home/johnny/airflow/lib/python3.12/site-packages/airflow/example_dags/tutorial_dag.py
[2024-07-09T00:02:52.155-0300] {logging_mixin.py:188} INFO - [2024-07-09T00:02:52.155-0300] {dag.py:3096} INFO - Sync 1 DAGs
[2024-07-09T00:02:52.175-0300] {logging_mixin.py:188} INFO - [2024-07-09T00:02:52.175-0300] {dag.py:3954} INFO - Setting next_dagrun for tutorial_dag to None, run_after=None
[2024-07-09T00:02:52.211-0300] {processor.py:183} INFO - Processing /home/johnny/airflow/lib/python3.12/site-packages/airflow/example_dags/tutorial_dag.py took 0.117 seconds
[2024-07-09T00:03:56.253-0300] {processor.py:161} INFO - Started process (PID=13078) to work on /home/johnny/airflow/lib/python3.12/site-packages/airflow/example_dags/tutorial_dag.py
[2024-07-09T00:03:56.255-0300] {processor.py:830} INFO - Processing file /home/johnny/airflow/lib/python3.12/site-packages/airflow/example_dags/tutorial_dag.py for tasks to queue
[2024-07-09T00:03:56.258-0300] {logging_mixin.py:188} INFO - [2024-07-09T00:03:56.257-0300] {dagbag.py:545} INFO - Filling up the DagBag from /home/johnny/airflow/lib/python3.12/site-packages/airflow/example_dags/tutorial_dag.py
[2024-07-09T00:03:56.271-0300] {processor.py:840} INFO - DAG(s) 'tutorial_dag' retrieved from /home/johnny/airflow/lib/python3.12/site-packages/airflow/example_dags/tutorial_dag.py
[2024-07-09T00:03:56.314-0300] {logging_mixin.py:188} INFO - [2024-07-09T00:03:56.313-0300] {dag.py:3096} INFO - Sync 1 DAGs
[2024-07-09T00:03:56.347-0300] {logging_mixin.py:188} INFO - [2024-07-09T00:03:56.346-0300] {dag.py:3954} INFO - Setting next_dagrun for tutorial_dag to None, run_after=None
[2024-07-09T00:03:56.403-0300] {processor.py:183} INFO - Processing /home/johnny/airflow/lib/python3.12/site-packages/airflow/example_dags/tutorial_dag.py took 0.163 seconds
[2024-07-09T00:05:08.690-0300] {processor.py:161} INFO - Started process (PID=13193) to work on /home/johnny/airflow/lib/python3.12/site-packages/airflow/example_dags/tutorial_dag.py
[2024-07-09T00:05:08.693-0300] {processor.py:830} INFO - Processing file /home/johnny/airflow/lib/python3.12/site-packages/airflow/example_dags/tutorial_dag.py for tasks to queue
[2024-07-09T00:05:08.697-0300] {logging_mixin.py:188} INFO - [2024-07-09T00:05:08.695-0300] {dagbag.py:545} INFO - Filling up the DagBag from /home/johnny/airflow/lib/python3.12/site-packages/airflow/example_dags/tutorial_dag.py
[2024-07-09T00:05:08.712-0300] {processor.py:840} INFO - DAG(s) 'tutorial_dag' retrieved from /home/johnny/airflow/lib/python3.12/site-packages/airflow/example_dags/tutorial_dag.py
[2024-07-09T00:05:08.758-0300] {logging_mixin.py:188} INFO - [2024-07-09T00:05:08.757-0300] {dag.py:3096} INFO - Sync 1 DAGs
[2024-07-09T00:05:08.796-0300] {logging_mixin.py:188} INFO - [2024-07-09T00:05:08.796-0300] {dag.py:3954} INFO - Setting next_dagrun for tutorial_dag to None, run_after=None
[2024-07-09T00:05:08.868-0300] {processor.py:183} INFO - Processing /home/johnny/airflow/lib/python3.12/site-packages/airflow/example_dags/tutorial_dag.py took 0.196 seconds
[2024-07-09T00:06:11.378-0300] {processor.py:161} INFO - Started process (PID=13299) to work on /home/johnny/airflow/lib/python3.12/site-packages/airflow/example_dags/tutorial_dag.py
[2024-07-09T00:06:11.381-0300] {processor.py:830} INFO - Processing file /home/johnny/airflow/lib/python3.12/site-packages/airflow/example_dags/tutorial_dag.py for tasks to queue
[2024-07-09T00:06:11.383-0300] {logging_mixin.py:188} INFO - [2024-07-09T00:06:11.382-0300] {dagbag.py:545} INFO - Filling up the DagBag from /home/johnny/airflow/lib/python3.12/site-packages/airflow/example_dags/tutorial_dag.py
[2024-07-09T00:06:11.393-0300] {processor.py:840} INFO - DAG(s) 'tutorial_dag' retrieved from /home/johnny/airflow/lib/python3.12/site-packages/airflow/example_dags/tutorial_dag.py
[2024-07-09T00:06:11.426-0300] {logging_mixin.py:188} INFO - [2024-07-09T00:06:11.425-0300] {dag.py:3096} INFO - Sync 1 DAGs
[2024-07-09T00:06:11.454-0300] {logging_mixin.py:188} INFO - [2024-07-09T00:06:11.453-0300] {dag.py:3954} INFO - Setting next_dagrun for tutorial_dag to None, run_after=None
[2024-07-09T00:06:11.505-0300] {processor.py:183} INFO - Processing /home/johnny/airflow/lib/python3.12/site-packages/airflow/example_dags/tutorial_dag.py took 0.138 seconds
[2024-07-09T00:07:19.258-0300] {processor.py:161} INFO - Started process (PID=13403) to work on /home/johnny/airflow/lib/python3.12/site-packages/airflow/example_dags/tutorial_dag.py
[2024-07-09T00:07:19.261-0300] {processor.py:830} INFO - Processing file /home/johnny/airflow/lib/python3.12/site-packages/airflow/example_dags/tutorial_dag.py for tasks to queue
[2024-07-09T00:07:19.263-0300] {logging_mixin.py:188} INFO - [2024-07-09T00:07:19.263-0300] {dagbag.py:545} INFO - Filling up the DagBag from /home/johnny/airflow/lib/python3.12/site-packages/airflow/example_dags/tutorial_dag.py
[2024-07-09T00:07:19.276-0300] {processor.py:840} INFO - DAG(s) 'tutorial_dag' retrieved from /home/johnny/airflow/lib/python3.12/site-packages/airflow/example_dags/tutorial_dag.py
[2024-07-09T00:07:19.306-0300] {logging_mixin.py:188} INFO - [2024-07-09T00:07:19.306-0300] {dag.py:3096} INFO - Sync 1 DAGs
[2024-07-09T00:07:19.553-0300] {logging_mixin.py:188} INFO - [2024-07-09T00:07:19.552-0300] {dag.py:3954} INFO - Setting next_dagrun for tutorial_dag to None, run_after=None
[2024-07-09T00:07:19.602-0300] {processor.py:183} INFO - Processing /home/johnny/airflow/lib/python3.12/site-packages/airflow/example_dags/tutorial_dag.py took 0.356 seconds
[2024-07-09T00:08:30.400-0300] {processor.py:161} INFO - Started process (PID=13530) to work on /home/johnny/airflow/lib/python3.12/site-packages/airflow/example_dags/tutorial_dag.py
[2024-07-09T00:08:30.402-0300] {processor.py:830} INFO - Processing file /home/johnny/airflow/lib/python3.12/site-packages/airflow/example_dags/tutorial_dag.py for tasks to queue
[2024-07-09T00:08:30.404-0300] {logging_mixin.py:188} INFO - [2024-07-09T00:08:30.403-0300] {dagbag.py:545} INFO - Filling up the DagBag from /home/johnny/airflow/lib/python3.12/site-packages/airflow/example_dags/tutorial_dag.py
[2024-07-09T00:08:30.414-0300] {processor.py:840} INFO - DAG(s) 'tutorial_dag' retrieved from /home/johnny/airflow/lib/python3.12/site-packages/airflow/example_dags/tutorial_dag.py
[2024-07-09T00:08:30.443-0300] {logging_mixin.py:188} INFO - [2024-07-09T00:08:30.443-0300] {dag.py:3096} INFO - Sync 1 DAGs
[2024-07-09T00:08:30.465-0300] {logging_mixin.py:188} INFO - [2024-07-09T00:08:30.465-0300] {dag.py:3954} INFO - Setting next_dagrun for tutorial_dag to None, run_after=None
[2024-07-09T00:08:30.634-0300] {processor.py:183} INFO - Processing /home/johnny/airflow/lib/python3.12/site-packages/airflow/example_dags/tutorial_dag.py took 0.247 seconds
[2024-07-09T00:09:43.112-0300] {processor.py:161} INFO - Started process (PID=13651) to work on /home/johnny/airflow/lib/python3.12/site-packages/airflow/example_dags/tutorial_dag.py
[2024-07-09T00:09:43.114-0300] {processor.py:830} INFO - Processing file /home/johnny/airflow/lib/python3.12/site-packages/airflow/example_dags/tutorial_dag.py for tasks to queue
[2024-07-09T00:09:43.117-0300] {logging_mixin.py:188} INFO - [2024-07-09T00:09:43.116-0300] {dagbag.py:545} INFO - Filling up the DagBag from /home/johnny/airflow/lib/python3.12/site-packages/airflow/example_dags/tutorial_dag.py
[2024-07-09T00:09:43.129-0300] {processor.py:840} INFO - DAG(s) 'tutorial_dag' retrieved from /home/johnny/airflow/lib/python3.12/site-packages/airflow/example_dags/tutorial_dag.py
[2024-07-09T00:09:43.166-0300] {logging_mixin.py:188} INFO - [2024-07-09T00:09:43.165-0300] {dag.py:3096} INFO - Sync 1 DAGs
[2024-07-09T00:09:43.187-0300] {logging_mixin.py:188} INFO - [2024-07-09T00:09:43.186-0300] {dag.py:3954} INFO - Setting next_dagrun for tutorial_dag to None, run_after=None
[2024-07-09T00:09:43.221-0300] {processor.py:183} INFO - Processing /home/johnny/airflow/lib/python3.12/site-packages/airflow/example_dags/tutorial_dag.py took 0.121 seconds
[2024-07-09T00:10:45.513-0300] {processor.py:161} INFO - Started process (PID=13757) to work on /home/johnny/airflow/lib/python3.12/site-packages/airflow/example_dags/tutorial_dag.py
[2024-07-09T00:10:45.516-0300] {processor.py:830} INFO - Processing file /home/johnny/airflow/lib/python3.12/site-packages/airflow/example_dags/tutorial_dag.py for tasks to queue
[2024-07-09T00:10:45.517-0300] {logging_mixin.py:188} INFO - [2024-07-09T00:10:45.517-0300] {dagbag.py:545} INFO - Filling up the DagBag from /home/johnny/airflow/lib/python3.12/site-packages/airflow/example_dags/tutorial_dag.py
[2024-07-09T00:10:45.528-0300] {processor.py:840} INFO - DAG(s) 'tutorial_dag' retrieved from /home/johnny/airflow/lib/python3.12/site-packages/airflow/example_dags/tutorial_dag.py
[2024-07-09T00:10:45.557-0300] {logging_mixin.py:188} INFO - [2024-07-09T00:10:45.557-0300] {dag.py:3096} INFO - Sync 1 DAGs
[2024-07-09T00:10:45.576-0300] {logging_mixin.py:188} INFO - [2024-07-09T00:10:45.576-0300] {dag.py:3954} INFO - Setting next_dagrun for tutorial_dag to None, run_after=None
[2024-07-09T00:10:45.613-0300] {processor.py:183} INFO - Processing /home/johnny/airflow/lib/python3.12/site-packages/airflow/example_dags/tutorial_dag.py took 0.112 seconds
[2024-07-09T00:11:51.123-0300] {processor.py:161} INFO - Started process (PID=13876) to work on /home/johnny/airflow/lib/python3.12/site-packages/airflow/example_dags/tutorial_dag.py
[2024-07-09T00:11:51.125-0300] {processor.py:830} INFO - Processing file /home/johnny/airflow/lib/python3.12/site-packages/airflow/example_dags/tutorial_dag.py for tasks to queue
[2024-07-09T00:11:51.127-0300] {logging_mixin.py:188} INFO - [2024-07-09T00:11:51.126-0300] {dagbag.py:545} INFO - Filling up the DagBag from /home/johnny/airflow/lib/python3.12/site-packages/airflow/example_dags/tutorial_dag.py
[2024-07-09T00:11:51.138-0300] {processor.py:840} INFO - DAG(s) 'tutorial_dag' retrieved from /home/johnny/airflow/lib/python3.12/site-packages/airflow/example_dags/tutorial_dag.py
[2024-07-09T00:11:51.172-0300] {logging_mixin.py:188} INFO - [2024-07-09T00:11:51.171-0300] {dag.py:3096} INFO - Sync 1 DAGs
[2024-07-09T00:11:51.197-0300] {logging_mixin.py:188} INFO - [2024-07-09T00:11:51.196-0300] {dag.py:3954} INFO - Setting next_dagrun for tutorial_dag to None, run_after=None
[2024-07-09T00:11:51.247-0300] {processor.py:183} INFO - Processing /home/johnny/airflow/lib/python3.12/site-packages/airflow/example_dags/tutorial_dag.py took 0.139 seconds
[2024-07-09T00:13:01.688-0300] {processor.py:161} INFO - Started process (PID=13992) to work on /home/johnny/airflow/lib/python3.12/site-packages/airflow/example_dags/tutorial_dag.py
[2024-07-09T00:13:01.691-0300] {processor.py:830} INFO - Processing file /home/johnny/airflow/lib/python3.12/site-packages/airflow/example_dags/tutorial_dag.py for tasks to queue
[2024-07-09T00:13:01.694-0300] {logging_mixin.py:188} INFO - [2024-07-09T00:13:01.692-0300] {dagbag.py:545} INFO - Filling up the DagBag from /home/johnny/airflow/lib/python3.12/site-packages/airflow/example_dags/tutorial_dag.py
[2024-07-09T00:13:01.705-0300] {processor.py:840} INFO - DAG(s) 'tutorial_dag' retrieved from /home/johnny/airflow/lib/python3.12/site-packages/airflow/example_dags/tutorial_dag.py
[2024-07-09T00:13:01.735-0300] {logging_mixin.py:188} INFO - [2024-07-09T00:13:01.734-0300] {dag.py:3096} INFO - Sync 1 DAGs
[2024-07-09T00:13:01.752-0300] {logging_mixin.py:188} INFO - [2024-07-09T00:13:01.752-0300] {dag.py:3954} INFO - Setting next_dagrun for tutorial_dag to None, run_after=None
[2024-07-09T00:13:01.879-0300] {processor.py:183} INFO - Processing /home/johnny/airflow/lib/python3.12/site-packages/airflow/example_dags/tutorial_dag.py took 0.202 seconds
[2024-07-09T00:14:06.955-0300] {processor.py:161} INFO - Started process (PID=14107) to work on /home/johnny/airflow/lib/python3.12/site-packages/airflow/example_dags/tutorial_dag.py
[2024-07-09T00:14:06.960-0300] {processor.py:830} INFO - Processing file /home/johnny/airflow/lib/python3.12/site-packages/airflow/example_dags/tutorial_dag.py for tasks to queue
[2024-07-09T00:14:06.962-0300] {logging_mixin.py:188} INFO - [2024-07-09T00:14:06.961-0300] {dagbag.py:545} INFO - Filling up the DagBag from /home/johnny/airflow/lib/python3.12/site-packages/airflow/example_dags/tutorial_dag.py
[2024-07-09T00:14:06.973-0300] {processor.py:840} INFO - DAG(s) 'tutorial_dag' retrieved from /home/johnny/airflow/lib/python3.12/site-packages/airflow/example_dags/tutorial_dag.py
[2024-07-09T00:14:07.010-0300] {logging_mixin.py:188} INFO - [2024-07-09T00:14:07.009-0300] {dag.py:3096} INFO - Sync 1 DAGs
[2024-07-09T00:14:07.037-0300] {logging_mixin.py:188} INFO - [2024-07-09T00:14:07.036-0300] {dag.py:3954} INFO - Setting next_dagrun for tutorial_dag to None, run_after=None
[2024-07-09T00:14:07.088-0300] {processor.py:183} INFO - Processing /home/johnny/airflow/lib/python3.12/site-packages/airflow/example_dags/tutorial_dag.py took 0.146 seconds
[2024-07-09T00:15:10.402-0300] {processor.py:161} INFO - Started process (PID=14204) to work on /home/johnny/airflow/lib/python3.12/site-packages/airflow/example_dags/tutorial_dag.py
[2024-07-09T00:15:10.405-0300] {processor.py:830} INFO - Processing file /home/johnny/airflow/lib/python3.12/site-packages/airflow/example_dags/tutorial_dag.py for tasks to queue
[2024-07-09T00:15:10.407-0300] {logging_mixin.py:188} INFO - [2024-07-09T00:15:10.406-0300] {dagbag.py:545} INFO - Filling up the DagBag from /home/johnny/airflow/lib/python3.12/site-packages/airflow/example_dags/tutorial_dag.py
[2024-07-09T00:15:10.417-0300] {processor.py:840} INFO - DAG(s) 'tutorial_dag' retrieved from /home/johnny/airflow/lib/python3.12/site-packages/airflow/example_dags/tutorial_dag.py
[2024-07-09T00:15:10.449-0300] {logging_mixin.py:188} INFO - [2024-07-09T00:15:10.449-0300] {dag.py:3096} INFO - Sync 1 DAGs
[2024-07-09T00:15:10.471-0300] {logging_mixin.py:188} INFO - [2024-07-09T00:15:10.470-0300] {dag.py:3954} INFO - Setting next_dagrun for tutorial_dag to None, run_after=None
[2024-07-09T00:15:10.508-0300] {processor.py:183} INFO - Processing /home/johnny/airflow/lib/python3.12/site-packages/airflow/example_dags/tutorial_dag.py took 0.117 seconds
[2024-07-09T00:16:14.368-0300] {processor.py:161} INFO - Started process (PID=14310) to work on /home/johnny/airflow/lib/python3.12/site-packages/airflow/example_dags/tutorial_dag.py
[2024-07-09T00:16:14.371-0300] {processor.py:830} INFO - Processing file /home/johnny/airflow/lib/python3.12/site-packages/airflow/example_dags/tutorial_dag.py for tasks to queue
[2024-07-09T00:16:14.374-0300] {logging_mixin.py:188} INFO - [2024-07-09T00:16:14.373-0300] {dagbag.py:545} INFO - Filling up the DagBag from /home/johnny/airflow/lib/python3.12/site-packages/airflow/example_dags/tutorial_dag.py
[2024-07-09T00:16:14.386-0300] {processor.py:840} INFO - DAG(s) 'tutorial_dag' retrieved from /home/johnny/airflow/lib/python3.12/site-packages/airflow/example_dags/tutorial_dag.py
[2024-07-09T00:16:14.421-0300] {logging_mixin.py:188} INFO - [2024-07-09T00:16:14.421-0300] {dag.py:3096} INFO - Sync 1 DAGs
[2024-07-09T00:16:14.456-0300] {logging_mixin.py:188} INFO - [2024-07-09T00:16:14.455-0300] {dag.py:3954} INFO - Setting next_dagrun for tutorial_dag to None, run_after=None
[2024-07-09T00:16:14.529-0300] {processor.py:183} INFO - Processing /home/johnny/airflow/lib/python3.12/site-packages/airflow/example_dags/tutorial_dag.py took 0.174 seconds
[2024-07-09T00:17:24.896-0300] {processor.py:161} INFO - Started process (PID=14429) to work on /home/johnny/airflow/lib/python3.12/site-packages/airflow/example_dags/tutorial_dag.py
[2024-07-09T00:17:24.899-0300] {processor.py:830} INFO - Processing file /home/johnny/airflow/lib/python3.12/site-packages/airflow/example_dags/tutorial_dag.py for tasks to queue
[2024-07-09T00:17:24.902-0300] {logging_mixin.py:188} INFO - [2024-07-09T00:17:24.901-0300] {dagbag.py:545} INFO - Filling up the DagBag from /home/johnny/airflow/lib/python3.12/site-packages/airflow/example_dags/tutorial_dag.py
[2024-07-09T00:17:24.913-0300] {processor.py:840} INFO - DAG(s) 'tutorial_dag' retrieved from /home/johnny/airflow/lib/python3.12/site-packages/airflow/example_dags/tutorial_dag.py
[2024-07-09T00:17:24.946-0300] {logging_mixin.py:188} INFO - [2024-07-09T00:17:24.945-0300] {dag.py:3096} INFO - Sync 1 DAGs
[2024-07-09T00:17:24.969-0300] {logging_mixin.py:188} INFO - [2024-07-09T00:17:24.968-0300] {dag.py:3954} INFO - Setting next_dagrun for tutorial_dag to None, run_after=None
[2024-07-09T00:17:25.012-0300] {processor.py:183} INFO - Processing /home/johnny/airflow/lib/python3.12/site-packages/airflow/example_dags/tutorial_dag.py took 0.128 seconds
[2024-07-09T00:18:30.595-0300] {processor.py:161} INFO - Started process (PID=14543) to work on /home/johnny/airflow/lib/python3.12/site-packages/airflow/example_dags/tutorial_dag.py
[2024-07-09T00:18:30.598-0300] {processor.py:830} INFO - Processing file /home/johnny/airflow/lib/python3.12/site-packages/airflow/example_dags/tutorial_dag.py for tasks to queue
[2024-07-09T00:18:30.600-0300] {logging_mixin.py:188} INFO - [2024-07-09T00:18:30.599-0300] {dagbag.py:545} INFO - Filling up the DagBag from /home/johnny/airflow/lib/python3.12/site-packages/airflow/example_dags/tutorial_dag.py
[2024-07-09T00:18:30.611-0300] {processor.py:840} INFO - DAG(s) 'tutorial_dag' retrieved from /home/johnny/airflow/lib/python3.12/site-packages/airflow/example_dags/tutorial_dag.py
[2024-07-09T00:18:30.648-0300] {logging_mixin.py:188} INFO - [2024-07-09T00:18:30.647-0300] {dag.py:3096} INFO - Sync 1 DAGs
[2024-07-09T00:18:30.683-0300] {logging_mixin.py:188} INFO - [2024-07-09T00:18:30.682-0300] {dag.py:3954} INFO - Setting next_dagrun for tutorial_dag to None, run_after=None
[2024-07-09T00:18:30.742-0300] {processor.py:183} INFO - Processing /home/johnny/airflow/lib/python3.12/site-packages/airflow/example_dags/tutorial_dag.py took 0.161 seconds
[2024-07-09T00:19:36.165-0300] {processor.py:161} INFO - Started process (PID=14657) to work on /home/johnny/airflow/lib/python3.12/site-packages/airflow/example_dags/tutorial_dag.py
[2024-07-09T00:19:36.168-0300] {processor.py:830} INFO - Processing file /home/johnny/airflow/lib/python3.12/site-packages/airflow/example_dags/tutorial_dag.py for tasks to queue
[2024-07-09T00:19:36.171-0300] {logging_mixin.py:188} INFO - [2024-07-09T00:19:36.169-0300] {dagbag.py:545} INFO - Filling up the DagBag from /home/johnny/airflow/lib/python3.12/site-packages/airflow/example_dags/tutorial_dag.py
[2024-07-09T00:19:36.181-0300] {processor.py:840} INFO - DAG(s) 'tutorial_dag' retrieved from /home/johnny/airflow/lib/python3.12/site-packages/airflow/example_dags/tutorial_dag.py
[2024-07-09T00:19:36.226-0300] {logging_mixin.py:188} INFO - [2024-07-09T00:19:36.225-0300] {dag.py:3096} INFO - Sync 1 DAGs
[2024-07-09T00:19:36.259-0300] {logging_mixin.py:188} INFO - [2024-07-09T00:19:36.258-0300] {dag.py:3954} INFO - Setting next_dagrun for tutorial_dag to None, run_after=None
[2024-07-09T00:19:36.316-0300] {processor.py:183} INFO - Processing /home/johnny/airflow/lib/python3.12/site-packages/airflow/example_dags/tutorial_dag.py took 0.162 seconds
[2024-07-09T00:20:40.281-0300] {processor.py:161} INFO - Started process (PID=14761) to work on /home/johnny/airflow/lib/python3.12/site-packages/airflow/example_dags/tutorial_dag.py
[2024-07-09T00:20:40.284-0300] {processor.py:830} INFO - Processing file /home/johnny/airflow/lib/python3.12/site-packages/airflow/example_dags/tutorial_dag.py for tasks to queue
[2024-07-09T00:20:40.287-0300] {logging_mixin.py:188} INFO - [2024-07-09T00:20:40.285-0300] {dagbag.py:545} INFO - Filling up the DagBag from /home/johnny/airflow/lib/python3.12/site-packages/airflow/example_dags/tutorial_dag.py
[2024-07-09T00:20:40.300-0300] {processor.py:840} INFO - DAG(s) 'tutorial_dag' retrieved from /home/johnny/airflow/lib/python3.12/site-packages/airflow/example_dags/tutorial_dag.py
[2024-07-09T00:20:40.334-0300] {logging_mixin.py:188} INFO - [2024-07-09T00:20:40.334-0300] {dag.py:3096} INFO - Sync 1 DAGs
[2024-07-09T00:20:40.358-0300] {logging_mixin.py:188} INFO - [2024-07-09T00:20:40.357-0300] {dag.py:3954} INFO - Setting next_dagrun for tutorial_dag to None, run_after=None
[2024-07-09T00:20:40.432-0300] {processor.py:183} INFO - Processing /home/johnny/airflow/lib/python3.12/site-packages/airflow/example_dags/tutorial_dag.py took 0.164 seconds
[2024-07-09T00:21:47.170-0300] {processor.py:161} INFO - Started process (PID=14876) to work on /home/johnny/airflow/lib/python3.12/site-packages/airflow/example_dags/tutorial_dag.py
[2024-07-09T00:21:47.175-0300] {processor.py:830} INFO - Processing file /home/johnny/airflow/lib/python3.12/site-packages/airflow/example_dags/tutorial_dag.py for tasks to queue
[2024-07-09T00:21:47.177-0300] {logging_mixin.py:188} INFO - [2024-07-09T00:21:47.176-0300] {dagbag.py:545} INFO - Filling up the DagBag from /home/johnny/airflow/lib/python3.12/site-packages/airflow/example_dags/tutorial_dag.py
[2024-07-09T00:21:47.187-0300] {processor.py:840} INFO - DAG(s) 'tutorial_dag' retrieved from /home/johnny/airflow/lib/python3.12/site-packages/airflow/example_dags/tutorial_dag.py
[2024-07-09T00:21:47.219-0300] {logging_mixin.py:188} INFO - [2024-07-09T00:21:47.219-0300] {dag.py:3096} INFO - Sync 1 DAGs
[2024-07-09T00:21:47.240-0300] {logging_mixin.py:188} INFO - [2024-07-09T00:21:47.240-0300] {dag.py:3954} INFO - Setting next_dagrun for tutorial_dag to None, run_after=None
[2024-07-09T00:21:47.284-0300] {processor.py:183} INFO - Processing /home/johnny/airflow/lib/python3.12/site-packages/airflow/example_dags/tutorial_dag.py took 0.127 seconds
[2024-07-09T00:22:55.994-0300] {processor.py:161} INFO - Started process (PID=14973) to work on /home/johnny/airflow/lib/python3.12/site-packages/airflow/example_dags/tutorial_dag.py
[2024-07-09T00:22:55.997-0300] {processor.py:830} INFO - Processing file /home/johnny/airflow/lib/python3.12/site-packages/airflow/example_dags/tutorial_dag.py for tasks to queue
[2024-07-09T00:22:56.001-0300] {logging_mixin.py:188} INFO - [2024-07-09T00:22:55.999-0300] {dagbag.py:545} INFO - Filling up the DagBag from /home/johnny/airflow/lib/python3.12/site-packages/airflow/example_dags/tutorial_dag.py
[2024-07-09T00:22:56.021-0300] {processor.py:840} INFO - DAG(s) 'tutorial_dag' retrieved from /home/johnny/airflow/lib/python3.12/site-packages/airflow/example_dags/tutorial_dag.py
[2024-07-09T00:22:56.075-0300] {logging_mixin.py:188} INFO - [2024-07-09T00:22:56.075-0300] {dag.py:3096} INFO - Sync 1 DAGs
[2024-07-09T00:22:56.109-0300] {logging_mixin.py:188} INFO - [2024-07-09T00:22:56.109-0300] {dag.py:3954} INFO - Setting next_dagrun for tutorial_dag to None, run_after=None
[2024-07-09T00:22:56.168-0300] {processor.py:183} INFO - Processing /home/johnny/airflow/lib/python3.12/site-packages/airflow/example_dags/tutorial_dag.py took 0.190 seconds
[2024-07-09T00:23:56.587-0300] {processor.py:161} INFO - Started process (PID=15068) to work on /home/johnny/airflow/lib/python3.12/site-packages/airflow/example_dags/tutorial_dag.py
[2024-07-09T00:23:56.589-0300] {processor.py:830} INFO - Processing file /home/johnny/airflow/lib/python3.12/site-packages/airflow/example_dags/tutorial_dag.py for tasks to queue
[2024-07-09T00:23:56.591-0300] {logging_mixin.py:188} INFO - [2024-07-09T00:23:56.590-0300] {dagbag.py:545} INFO - Filling up the DagBag from /home/johnny/airflow/lib/python3.12/site-packages/airflow/example_dags/tutorial_dag.py
[2024-07-09T00:23:56.601-0300] {processor.py:840} INFO - DAG(s) 'tutorial_dag' retrieved from /home/johnny/airflow/lib/python3.12/site-packages/airflow/example_dags/tutorial_dag.py
[2024-07-09T00:23:56.626-0300] {logging_mixin.py:188} INFO - [2024-07-09T00:23:56.626-0300] {dag.py:3096} INFO - Sync 1 DAGs
[2024-07-09T00:23:56.642-0300] {logging_mixin.py:188} INFO - [2024-07-09T00:23:56.641-0300] {dag.py:3954} INFO - Setting next_dagrun for tutorial_dag to None, run_after=None
[2024-07-09T00:23:56.674-0300] {processor.py:183} INFO - Processing /home/johnny/airflow/lib/python3.12/site-packages/airflow/example_dags/tutorial_dag.py took 0.106 seconds
[2024-07-09T00:25:02.957-0300] {processor.py:161} INFO - Started process (PID=15181) to work on /home/johnny/airflow/lib/python3.12/site-packages/airflow/example_dags/tutorial_dag.py
[2024-07-09T00:25:02.959-0300] {processor.py:830} INFO - Processing file /home/johnny/airflow/lib/python3.12/site-packages/airflow/example_dags/tutorial_dag.py for tasks to queue
[2024-07-09T00:25:02.961-0300] {logging_mixin.py:188} INFO - [2024-07-09T00:25:02.959-0300] {dagbag.py:545} INFO - Filling up the DagBag from /home/johnny/airflow/lib/python3.12/site-packages/airflow/example_dags/tutorial_dag.py
[2024-07-09T00:25:02.969-0300] {processor.py:840} INFO - DAG(s) 'tutorial_dag' retrieved from /home/johnny/airflow/lib/python3.12/site-packages/airflow/example_dags/tutorial_dag.py
[2024-07-09T00:25:02.996-0300] {logging_mixin.py:188} INFO - [2024-07-09T00:25:02.995-0300] {dag.py:3096} INFO - Sync 1 DAGs
[2024-07-09T00:25:03.033-0300] {logging_mixin.py:188} INFO - [2024-07-09T00:25:03.032-0300] {dag.py:3954} INFO - Setting next_dagrun for tutorial_dag to None, run_after=None
[2024-07-09T00:25:03.087-0300] {processor.py:183} INFO - Processing /home/johnny/airflow/lib/python3.12/site-packages/airflow/example_dags/tutorial_dag.py took 0.141 seconds
[2024-07-09T00:26:11.209-0300] {processor.py:161} INFO - Started process (PID=15286) to work on /home/johnny/airflow/lib/python3.12/site-packages/airflow/example_dags/tutorial_dag.py
[2024-07-09T00:26:11.213-0300] {processor.py:830} INFO - Processing file /home/johnny/airflow/lib/python3.12/site-packages/airflow/example_dags/tutorial_dag.py for tasks to queue
[2024-07-09T00:26:11.215-0300] {logging_mixin.py:188} INFO - [2024-07-09T00:26:11.214-0300] {dagbag.py:545} INFO - Filling up the DagBag from /home/johnny/airflow/lib/python3.12/site-packages/airflow/example_dags/tutorial_dag.py
[2024-07-09T00:26:11.231-0300] {processor.py:840} INFO - DAG(s) 'tutorial_dag' retrieved from /home/johnny/airflow/lib/python3.12/site-packages/airflow/example_dags/tutorial_dag.py
[2024-07-09T00:26:11.286-0300] {logging_mixin.py:188} INFO - [2024-07-09T00:26:11.285-0300] {dag.py:3096} INFO - Sync 1 DAGs
[2024-07-09T00:26:11.324-0300] {logging_mixin.py:188} INFO - [2024-07-09T00:26:11.323-0300] {dag.py:3954} INFO - Setting next_dagrun for tutorial_dag to None, run_after=None
[2024-07-09T00:26:11.397-0300] {processor.py:183} INFO - Processing /home/johnny/airflow/lib/python3.12/site-packages/airflow/example_dags/tutorial_dag.py took 0.204 seconds
[2024-07-09T00:27:15.881-0300] {processor.py:161} INFO - Started process (PID=15390) to work on /home/johnny/airflow/lib/python3.12/site-packages/airflow/example_dags/tutorial_dag.py
[2024-07-09T00:27:15.887-0300] {processor.py:830} INFO - Processing file /home/johnny/airflow/lib/python3.12/site-packages/airflow/example_dags/tutorial_dag.py for tasks to queue
[2024-07-09T00:27:15.889-0300] {logging_mixin.py:188} INFO - [2024-07-09T00:27:15.888-0300] {dagbag.py:545} INFO - Filling up the DagBag from /home/johnny/airflow/lib/python3.12/site-packages/airflow/example_dags/tutorial_dag.py
[2024-07-09T00:27:15.902-0300] {processor.py:840} INFO - DAG(s) 'tutorial_dag' retrieved from /home/johnny/airflow/lib/python3.12/site-packages/airflow/example_dags/tutorial_dag.py
[2024-07-09T00:27:15.936-0300] {logging_mixin.py:188} INFO - [2024-07-09T00:27:15.935-0300] {dag.py:3096} INFO - Sync 1 DAGs
[2024-07-09T00:27:15.961-0300] {logging_mixin.py:188} INFO - [2024-07-09T00:27:15.961-0300] {dag.py:3954} INFO - Setting next_dagrun for tutorial_dag to None, run_after=None
[2024-07-09T00:27:16.011-0300] {processor.py:183} INFO - Processing /home/johnny/airflow/lib/python3.12/site-packages/airflow/example_dags/tutorial_dag.py took 0.141 seconds
[2024-07-09T00:28:23.335-0300] {processor.py:161} INFO - Started process (PID=15500) to work on /home/johnny/airflow/lib/python3.12/site-packages/airflow/example_dags/tutorial_dag.py
[2024-07-09T00:28:23.337-0300] {processor.py:830} INFO - Processing file /home/johnny/airflow/lib/python3.12/site-packages/airflow/example_dags/tutorial_dag.py for tasks to queue
[2024-07-09T00:28:23.339-0300] {logging_mixin.py:188} INFO - [2024-07-09T00:28:23.338-0300] {dagbag.py:545} INFO - Filling up the DagBag from /home/johnny/airflow/lib/python3.12/site-packages/airflow/example_dags/tutorial_dag.py
[2024-07-09T00:28:23.357-0300] {processor.py:840} INFO - DAG(s) 'tutorial_dag' retrieved from /home/johnny/airflow/lib/python3.12/site-packages/airflow/example_dags/tutorial_dag.py
[2024-07-09T00:28:23.402-0300] {logging_mixin.py:188} INFO - [2024-07-09T00:28:23.402-0300] {dag.py:3096} INFO - Sync 1 DAGs
[2024-07-09T00:28:23.435-0300] {logging_mixin.py:188} INFO - [2024-07-09T00:28:23.434-0300] {dag.py:3954} INFO - Setting next_dagrun for tutorial_dag to None, run_after=None
[2024-07-09T00:28:23.497-0300] {processor.py:183} INFO - Processing /home/johnny/airflow/lib/python3.12/site-packages/airflow/example_dags/tutorial_dag.py took 0.180 seconds
[2024-07-09T00:29:34.420-0300] {processor.py:161} INFO - Started process (PID=15620) to work on /home/johnny/airflow/lib/python3.12/site-packages/airflow/example_dags/tutorial_dag.py
[2024-07-09T00:29:34.423-0300] {processor.py:830} INFO - Processing file /home/johnny/airflow/lib/python3.12/site-packages/airflow/example_dags/tutorial_dag.py for tasks to queue
[2024-07-09T00:29:34.425-0300] {logging_mixin.py:188} INFO - [2024-07-09T00:29:34.424-0300] {dagbag.py:545} INFO - Filling up the DagBag from /home/johnny/airflow/lib/python3.12/site-packages/airflow/example_dags/tutorial_dag.py
[2024-07-09T00:29:34.436-0300] {processor.py:840} INFO - DAG(s) 'tutorial_dag' retrieved from /home/johnny/airflow/lib/python3.12/site-packages/airflow/example_dags/tutorial_dag.py
[2024-07-09T00:29:34.474-0300] {logging_mixin.py:188} INFO - [2024-07-09T00:29:34.473-0300] {dag.py:3096} INFO - Sync 1 DAGs
[2024-07-09T00:29:34.504-0300] {logging_mixin.py:188} INFO - [2024-07-09T00:29:34.504-0300] {dag.py:3954} INFO - Setting next_dagrun for tutorial_dag to None, run_after=None
[2024-07-09T00:29:34.562-0300] {processor.py:183} INFO - Processing /home/johnny/airflow/lib/python3.12/site-packages/airflow/example_dags/tutorial_dag.py took 0.155 seconds
[2024-07-09T00:30:38.022-0300] {processor.py:161} INFO - Started process (PID=15714) to work on /home/johnny/airflow/lib/python3.12/site-packages/airflow/example_dags/tutorial_dag.py
[2024-07-09T00:30:38.024-0300] {processor.py:830} INFO - Processing file /home/johnny/airflow/lib/python3.12/site-packages/airflow/example_dags/tutorial_dag.py for tasks to queue
[2024-07-09T00:30:38.026-0300] {logging_mixin.py:188} INFO - [2024-07-09T00:30:38.025-0300] {dagbag.py:545} INFO - Filling up the DagBag from /home/johnny/airflow/lib/python3.12/site-packages/airflow/example_dags/tutorial_dag.py
[2024-07-09T00:30:38.042-0300] {processor.py:840} INFO - DAG(s) 'tutorial_dag' retrieved from /home/johnny/airflow/lib/python3.12/site-packages/airflow/example_dags/tutorial_dag.py
[2024-07-09T00:30:38.075-0300] {logging_mixin.py:188} INFO - [2024-07-09T00:30:38.074-0300] {dag.py:3096} INFO - Sync 1 DAGs
[2024-07-09T00:30:38.095-0300] {logging_mixin.py:188} INFO - [2024-07-09T00:30:38.094-0300] {dag.py:3954} INFO - Setting next_dagrun for tutorial_dag to None, run_after=None
[2024-07-09T00:30:38.132-0300] {processor.py:183} INFO - Processing /home/johnny/airflow/lib/python3.12/site-packages/airflow/example_dags/tutorial_dag.py took 0.122 seconds
[2024-07-09T00:31:53.661-0300] {processor.py:161} INFO - Started process (PID=15843) to work on /home/johnny/airflow/lib/python3.12/site-packages/airflow/example_dags/tutorial_dag.py
[2024-07-09T00:31:53.664-0300] {processor.py:830} INFO - Processing file /home/johnny/airflow/lib/python3.12/site-packages/airflow/example_dags/tutorial_dag.py for tasks to queue
[2024-07-09T00:31:53.667-0300] {logging_mixin.py:188} INFO - [2024-07-09T00:31:53.665-0300] {dagbag.py:545} INFO - Filling up the DagBag from /home/johnny/airflow/lib/python3.12/site-packages/airflow/example_dags/tutorial_dag.py
[2024-07-09T00:31:53.681-0300] {processor.py:840} INFO - DAG(s) 'tutorial_dag' retrieved from /home/johnny/airflow/lib/python3.12/site-packages/airflow/example_dags/tutorial_dag.py
[2024-07-09T00:31:53.706-0300] {logging_mixin.py:188} INFO - [2024-07-09T00:31:53.705-0300] {dag.py:3096} INFO - Sync 1 DAGs
[2024-07-09T00:31:53.742-0300] {logging_mixin.py:188} INFO - [2024-07-09T00:31:53.742-0300] {dag.py:3954} INFO - Setting next_dagrun for tutorial_dag to None, run_after=None
[2024-07-09T00:31:53.793-0300] {processor.py:183} INFO - Processing /home/johnny/airflow/lib/python3.12/site-packages/airflow/example_dags/tutorial_dag.py took 0.147 seconds
[2024-07-09T00:32:55.853-0300] {processor.py:161} INFO - Started process (PID=15948) to work on /home/johnny/airflow/lib/python3.12/site-packages/airflow/example_dags/tutorial_dag.py
[2024-07-09T00:32:55.856-0300] {processor.py:830} INFO - Processing file /home/johnny/airflow/lib/python3.12/site-packages/airflow/example_dags/tutorial_dag.py for tasks to queue
[2024-07-09T00:32:55.859-0300] {logging_mixin.py:188} INFO - [2024-07-09T00:32:55.858-0300] {dagbag.py:545} INFO - Filling up the DagBag from /home/johnny/airflow/lib/python3.12/site-packages/airflow/example_dags/tutorial_dag.py
[2024-07-09T00:32:55.874-0300] {processor.py:840} INFO - DAG(s) 'tutorial_dag' retrieved from /home/johnny/airflow/lib/python3.12/site-packages/airflow/example_dags/tutorial_dag.py
[2024-07-09T00:32:55.906-0300] {logging_mixin.py:188} INFO - [2024-07-09T00:32:55.905-0300] {dag.py:3096} INFO - Sync 1 DAGs
[2024-07-09T00:32:55.928-0300] {logging_mixin.py:188} INFO - [2024-07-09T00:32:55.928-0300] {dag.py:3954} INFO - Setting next_dagrun for tutorial_dag to None, run_after=None
[2024-07-09T00:32:55.984-0300] {processor.py:183} INFO - Processing /home/johnny/airflow/lib/python3.12/site-packages/airflow/example_dags/tutorial_dag.py took 0.147 seconds
[2024-07-09T00:34:03.855-0300] {processor.py:161} INFO - Started process (PID=16061) to work on /home/johnny/airflow/lib/python3.12/site-packages/airflow/example_dags/tutorial_dag.py
[2024-07-09T00:34:03.858-0300] {processor.py:830} INFO - Processing file /home/johnny/airflow/lib/python3.12/site-packages/airflow/example_dags/tutorial_dag.py for tasks to queue
[2024-07-09T00:34:03.860-0300] {logging_mixin.py:188} INFO - [2024-07-09T00:34:03.859-0300] {dagbag.py:545} INFO - Filling up the DagBag from /home/johnny/airflow/lib/python3.12/site-packages/airflow/example_dags/tutorial_dag.py
[2024-07-09T00:34:03.871-0300] {processor.py:840} INFO - DAG(s) 'tutorial_dag' retrieved from /home/johnny/airflow/lib/python3.12/site-packages/airflow/example_dags/tutorial_dag.py
[2024-07-09T00:34:03.907-0300] {logging_mixin.py:188} INFO - [2024-07-09T00:34:03.907-0300] {dag.py:3096} INFO - Sync 1 DAGs
[2024-07-09T00:34:03.941-0300] {logging_mixin.py:188} INFO - [2024-07-09T00:34:03.940-0300] {dag.py:3954} INFO - Setting next_dagrun for tutorial_dag to None, run_after=None
[2024-07-09T00:34:04.017-0300] {processor.py:183} INFO - Processing /home/johnny/airflow/lib/python3.12/site-packages/airflow/example_dags/tutorial_dag.py took 0.174 seconds
[2024-07-09T00:35:16.965-0300] {processor.py:161} INFO - Started process (PID=16187) to work on /home/johnny/airflow/lib/python3.12/site-packages/airflow/example_dags/tutorial_dag.py
[2024-07-09T00:35:16.969-0300] {processor.py:830} INFO - Processing file /home/johnny/airflow/lib/python3.12/site-packages/airflow/example_dags/tutorial_dag.py for tasks to queue
[2024-07-09T00:35:16.972-0300] {logging_mixin.py:188} INFO - [2024-07-09T00:35:16.970-0300] {dagbag.py:545} INFO - Filling up the DagBag from /home/johnny/airflow/lib/python3.12/site-packages/airflow/example_dags/tutorial_dag.py
[2024-07-09T00:35:16.985-0300] {processor.py:840} INFO - DAG(s) 'tutorial_dag' retrieved from /home/johnny/airflow/lib/python3.12/site-packages/airflow/example_dags/tutorial_dag.py
[2024-07-09T00:35:17.019-0300] {logging_mixin.py:188} INFO - [2024-07-09T00:35:17.019-0300] {dag.py:3096} INFO - Sync 1 DAGs
[2024-07-09T00:35:17.041-0300] {logging_mixin.py:188} INFO - [2024-07-09T00:35:17.041-0300] {dag.py:3954} INFO - Setting next_dagrun for tutorial_dag to None, run_after=None
[2024-07-09T00:35:17.096-0300] {processor.py:183} INFO - Processing /home/johnny/airflow/lib/python3.12/site-packages/airflow/example_dags/tutorial_dag.py took 0.145 seconds
[2024-07-09T00:36:29.021-0300] {processor.py:161} INFO - Started process (PID=16316) to work on /home/johnny/airflow/lib/python3.12/site-packages/airflow/example_dags/tutorial_dag.py
[2024-07-09T00:36:29.026-0300] {processor.py:830} INFO - Processing file /home/johnny/airflow/lib/python3.12/site-packages/airflow/example_dags/tutorial_dag.py for tasks to queue
[2024-07-09T00:36:29.028-0300] {logging_mixin.py:188} INFO - [2024-07-09T00:36:29.027-0300] {dagbag.py:545} INFO - Filling up the DagBag from /home/johnny/airflow/lib/python3.12/site-packages/airflow/example_dags/tutorial_dag.py
[2024-07-09T00:36:29.039-0300] {processor.py:840} INFO - DAG(s) 'tutorial_dag' retrieved from /home/johnny/airflow/lib/python3.12/site-packages/airflow/example_dags/tutorial_dag.py
[2024-07-09T00:36:29.072-0300] {logging_mixin.py:188} INFO - [2024-07-09T00:36:29.071-0300] {dag.py:3096} INFO - Sync 1 DAGs
[2024-07-09T00:36:29.093-0300] {logging_mixin.py:188} INFO - [2024-07-09T00:36:29.092-0300] {dag.py:3954} INFO - Setting next_dagrun for tutorial_dag to None, run_after=None
[2024-07-09T00:36:29.132-0300] {processor.py:183} INFO - Processing /home/johnny/airflow/lib/python3.12/site-packages/airflow/example_dags/tutorial_dag.py took 0.123 seconds
[2024-07-09T00:37:37.708-0300] {processor.py:161} INFO - Started process (PID=16430) to work on /home/johnny/airflow/lib/python3.12/site-packages/airflow/example_dags/tutorial_dag.py
[2024-07-09T00:37:37.711-0300] {processor.py:830} INFO - Processing file /home/johnny/airflow/lib/python3.12/site-packages/airflow/example_dags/tutorial_dag.py for tasks to queue
[2024-07-09T00:37:37.713-0300] {logging_mixin.py:188} INFO - [2024-07-09T00:37:37.712-0300] {dagbag.py:545} INFO - Filling up the DagBag from /home/johnny/airflow/lib/python3.12/site-packages/airflow/example_dags/tutorial_dag.py
[2024-07-09T00:37:37.725-0300] {processor.py:840} INFO - DAG(s) 'tutorial_dag' retrieved from /home/johnny/airflow/lib/python3.12/site-packages/airflow/example_dags/tutorial_dag.py
[2024-07-09T00:37:37.755-0300] {logging_mixin.py:188} INFO - [2024-07-09T00:37:37.755-0300] {dag.py:3096} INFO - Sync 1 DAGs
[2024-07-09T00:37:37.778-0300] {logging_mixin.py:188} INFO - [2024-07-09T00:37:37.778-0300] {dag.py:3954} INFO - Setting next_dagrun for tutorial_dag to None, run_after=None
[2024-07-09T00:37:37.810-0300] {processor.py:183} INFO - Processing /home/johnny/airflow/lib/python3.12/site-packages/airflow/example_dags/tutorial_dag.py took 0.115 seconds
[2024-07-09T00:38:44.839-0300] {processor.py:161} INFO - Started process (PID=16543) to work on /home/johnny/airflow/lib/python3.12/site-packages/airflow/example_dags/tutorial_dag.py
[2024-07-09T00:38:44.845-0300] {processor.py:830} INFO - Processing file /home/johnny/airflow/lib/python3.12/site-packages/airflow/example_dags/tutorial_dag.py for tasks to queue
[2024-07-09T00:38:44.847-0300] {logging_mixin.py:188} INFO - [2024-07-09T00:38:44.846-0300] {dagbag.py:545} INFO - Filling up the DagBag from /home/johnny/airflow/lib/python3.12/site-packages/airflow/example_dags/tutorial_dag.py
[2024-07-09T00:38:44.858-0300] {processor.py:840} INFO - DAG(s) 'tutorial_dag' retrieved from /home/johnny/airflow/lib/python3.12/site-packages/airflow/example_dags/tutorial_dag.py
[2024-07-09T00:38:44.889-0300] {logging_mixin.py:188} INFO - [2024-07-09T00:38:44.889-0300] {dag.py:3096} INFO - Sync 1 DAGs
[2024-07-09T00:38:44.910-0300] {logging_mixin.py:188} INFO - [2024-07-09T00:38:44.910-0300] {dag.py:3954} INFO - Setting next_dagrun for tutorial_dag to None, run_after=None
[2024-07-09T00:38:44.948-0300] {processor.py:183} INFO - Processing /home/johnny/airflow/lib/python3.12/site-packages/airflow/example_dags/tutorial_dag.py took 0.120 seconds
[2024-07-09T00:39:57.437-0300] {processor.py:161} INFO - Started process (PID=16666) to work on /home/johnny/airflow/lib/python3.12/site-packages/airflow/example_dags/tutorial_dag.py
[2024-07-09T00:39:57.439-0300] {processor.py:830} INFO - Processing file /home/johnny/airflow/lib/python3.12/site-packages/airflow/example_dags/tutorial_dag.py for tasks to queue
[2024-07-09T00:39:57.442-0300] {logging_mixin.py:188} INFO - [2024-07-09T00:39:57.441-0300] {dagbag.py:545} INFO - Filling up the DagBag from /home/johnny/airflow/lib/python3.12/site-packages/airflow/example_dags/tutorial_dag.py
[2024-07-09T00:39:57.453-0300] {processor.py:840} INFO - DAG(s) 'tutorial_dag' retrieved from /home/johnny/airflow/lib/python3.12/site-packages/airflow/example_dags/tutorial_dag.py
[2024-07-09T00:39:57.490-0300] {logging_mixin.py:188} INFO - [2024-07-09T00:39:57.490-0300] {dag.py:3096} INFO - Sync 1 DAGs
[2024-07-09T00:39:57.513-0300] {logging_mixin.py:188} INFO - [2024-07-09T00:39:57.512-0300] {dag.py:3954} INFO - Setting next_dagrun for tutorial_dag to None, run_after=None
[2024-07-09T00:39:57.556-0300] {processor.py:183} INFO - Processing /home/johnny/airflow/lib/python3.12/site-packages/airflow/example_dags/tutorial_dag.py took 0.128 seconds
[2024-07-09T00:41:01.600-0300] {processor.py:161} INFO - Started process (PID=16770) to work on /home/johnny/airflow/lib/python3.12/site-packages/airflow/example_dags/tutorial_dag.py
[2024-07-09T00:41:01.603-0300] {processor.py:830} INFO - Processing file /home/johnny/airflow/lib/python3.12/site-packages/airflow/example_dags/tutorial_dag.py for tasks to queue
[2024-07-09T00:41:01.608-0300] {logging_mixin.py:188} INFO - [2024-07-09T00:41:01.605-0300] {dagbag.py:545} INFO - Filling up the DagBag from /home/johnny/airflow/lib/python3.12/site-packages/airflow/example_dags/tutorial_dag.py
[2024-07-09T00:41:01.627-0300] {processor.py:840} INFO - DAG(s) 'tutorial_dag' retrieved from /home/johnny/airflow/lib/python3.12/site-packages/airflow/example_dags/tutorial_dag.py
[2024-07-09T00:41:01.674-0300] {logging_mixin.py:188} INFO - [2024-07-09T00:41:01.673-0300] {dag.py:3096} INFO - Sync 1 DAGs
[2024-07-09T00:41:01.710-0300] {logging_mixin.py:188} INFO - [2024-07-09T00:41:01.709-0300] {dag.py:3954} INFO - Setting next_dagrun for tutorial_dag to None, run_after=None
[2024-07-09T00:41:01.760-0300] {processor.py:183} INFO - Processing /home/johnny/airflow/lib/python3.12/site-packages/airflow/example_dags/tutorial_dag.py took 0.177 seconds
[2024-07-09T00:42:05.957-0300] {processor.py:161} INFO - Started process (PID=16876) to work on /home/johnny/airflow/lib/python3.12/site-packages/airflow/example_dags/tutorial_dag.py
[2024-07-09T00:42:05.959-0300] {processor.py:830} INFO - Processing file /home/johnny/airflow/lib/python3.12/site-packages/airflow/example_dags/tutorial_dag.py for tasks to queue
[2024-07-09T00:42:05.962-0300] {logging_mixin.py:188} INFO - [2024-07-09T00:42:05.961-0300] {dagbag.py:545} INFO - Filling up the DagBag from /home/johnny/airflow/lib/python3.12/site-packages/airflow/example_dags/tutorial_dag.py
[2024-07-09T00:42:05.972-0300] {processor.py:840} INFO - DAG(s) 'tutorial_dag' retrieved from /home/johnny/airflow/lib/python3.12/site-packages/airflow/example_dags/tutorial_dag.py
[2024-07-09T00:42:06.004-0300] {logging_mixin.py:188} INFO - [2024-07-09T00:42:06.004-0300] {dag.py:3096} INFO - Sync 1 DAGs
[2024-07-09T00:42:06.025-0300] {logging_mixin.py:188} INFO - [2024-07-09T00:42:06.025-0300] {dag.py:3954} INFO - Setting next_dagrun for tutorial_dag to None, run_after=None
[2024-07-09T00:42:06.062-0300] {processor.py:183} INFO - Processing /home/johnny/airflow/lib/python3.12/site-packages/airflow/example_dags/tutorial_dag.py took 0.116 seconds
[2024-07-09T00:43:15.963-0300] {processor.py:161} INFO - Started process (PID=16992) to work on /home/johnny/airflow/lib/python3.12/site-packages/airflow/example_dags/tutorial_dag.py
[2024-07-09T00:43:15.966-0300] {processor.py:830} INFO - Processing file /home/johnny/airflow/lib/python3.12/site-packages/airflow/example_dags/tutorial_dag.py for tasks to queue
[2024-07-09T00:43:15.968-0300] {logging_mixin.py:188} INFO - [2024-07-09T00:43:15.967-0300] {dagbag.py:545} INFO - Filling up the DagBag from /home/johnny/airflow/lib/python3.12/site-packages/airflow/example_dags/tutorial_dag.py
[2024-07-09T00:43:15.981-0300] {processor.py:840} INFO - DAG(s) 'tutorial_dag' retrieved from /home/johnny/airflow/lib/python3.12/site-packages/airflow/example_dags/tutorial_dag.py
[2024-07-09T00:43:16.013-0300] {logging_mixin.py:188} INFO - [2024-07-09T00:43:16.013-0300] {dag.py:3096} INFO - Sync 1 DAGs
[2024-07-09T00:43:16.034-0300] {logging_mixin.py:188} INFO - [2024-07-09T00:43:16.034-0300] {dag.py:3954} INFO - Setting next_dagrun for tutorial_dag to None, run_after=None
[2024-07-09T00:43:16.083-0300] {processor.py:183} INFO - Processing /home/johnny/airflow/lib/python3.12/site-packages/airflow/example_dags/tutorial_dag.py took 0.130 seconds
[2024-07-09T00:44:19.283-0300] {processor.py:161} INFO - Started process (PID=17087) to work on /home/johnny/airflow/lib/python3.12/site-packages/airflow/example_dags/tutorial_dag.py
[2024-07-09T00:44:19.290-0300] {processor.py:830} INFO - Processing file /home/johnny/airflow/lib/python3.12/site-packages/airflow/example_dags/tutorial_dag.py for tasks to queue
[2024-07-09T00:44:19.292-0300] {logging_mixin.py:188} INFO - [2024-07-09T00:44:19.291-0300] {dagbag.py:545} INFO - Filling up the DagBag from /home/johnny/airflow/lib/python3.12/site-packages/airflow/example_dags/tutorial_dag.py
[2024-07-09T00:44:19.309-0300] {processor.py:840} INFO - DAG(s) 'tutorial_dag' retrieved from /home/johnny/airflow/lib/python3.12/site-packages/airflow/example_dags/tutorial_dag.py
[2024-07-09T00:44:19.347-0300] {logging_mixin.py:188} INFO - [2024-07-09T00:44:19.347-0300] {dag.py:3096} INFO - Sync 1 DAGs
[2024-07-09T00:44:19.371-0300] {logging_mixin.py:188} INFO - [2024-07-09T00:44:19.371-0300] {dag.py:3954} INFO - Setting next_dagrun for tutorial_dag to None, run_after=None
[2024-07-09T00:44:19.422-0300] {processor.py:183} INFO - Processing /home/johnny/airflow/lib/python3.12/site-packages/airflow/example_dags/tutorial_dag.py took 0.151 seconds
[2024-07-09T00:45:40.655-0300] {processor.py:161} INFO - Started process (PID=17221) to work on /home/johnny/airflow/lib/python3.12/site-packages/airflow/example_dags/tutorial_dag.py
[2024-07-09T00:45:40.660-0300] {processor.py:830} INFO - Processing file /home/johnny/airflow/lib/python3.12/site-packages/airflow/example_dags/tutorial_dag.py for tasks to queue
[2024-07-09T00:45:40.663-0300] {logging_mixin.py:188} INFO - [2024-07-09T00:45:40.662-0300] {dagbag.py:545} INFO - Filling up the DagBag from /home/johnny/airflow/lib/python3.12/site-packages/airflow/example_dags/tutorial_dag.py
[2024-07-09T00:45:40.677-0300] {processor.py:840} INFO - DAG(s) 'tutorial_dag' retrieved from /home/johnny/airflow/lib/python3.12/site-packages/airflow/example_dags/tutorial_dag.py
[2024-07-09T00:45:40.716-0300] {logging_mixin.py:188} INFO - [2024-07-09T00:45:40.716-0300] {dag.py:3096} INFO - Sync 1 DAGs
[2024-07-09T00:45:40.750-0300] {logging_mixin.py:188} INFO - [2024-07-09T00:45:40.749-0300] {dag.py:3954} INFO - Setting next_dagrun for tutorial_dag to None, run_after=None
[2024-07-09T00:45:40.816-0300] {processor.py:183} INFO - Processing /home/johnny/airflow/lib/python3.12/site-packages/airflow/example_dags/tutorial_dag.py took 0.175 seconds
[2024-07-09T00:46:56.284-0300] {processor.py:161} INFO - Started process (PID=17343) to work on /home/johnny/airflow/lib/python3.12/site-packages/airflow/example_dags/tutorial_dag.py
[2024-07-09T00:46:56.287-0300] {processor.py:830} INFO - Processing file /home/johnny/airflow/lib/python3.12/site-packages/airflow/example_dags/tutorial_dag.py for tasks to queue
[2024-07-09T00:46:56.288-0300] {logging_mixin.py:188} INFO - [2024-07-09T00:46:56.288-0300] {dagbag.py:545} INFO - Filling up the DagBag from /home/johnny/airflow/lib/python3.12/site-packages/airflow/example_dags/tutorial_dag.py
[2024-07-09T00:46:56.300-0300] {processor.py:840} INFO - DAG(s) 'tutorial_dag' retrieved from /home/johnny/airflow/lib/python3.12/site-packages/airflow/example_dags/tutorial_dag.py
[2024-07-09T00:46:56.335-0300] {logging_mixin.py:188} INFO - [2024-07-09T00:46:56.334-0300] {dag.py:3096} INFO - Sync 1 DAGs
[2024-07-09T00:46:56.361-0300] {logging_mixin.py:188} INFO - [2024-07-09T00:46:56.361-0300] {dag.py:3954} INFO - Setting next_dagrun for tutorial_dag to None, run_after=None
[2024-07-09T00:46:56.407-0300] {processor.py:183} INFO - Processing /home/johnny/airflow/lib/python3.12/site-packages/airflow/example_dags/tutorial_dag.py took 0.136 seconds
[2024-07-09T00:48:03.063-0300] {processor.py:161} INFO - Started process (PID=17460) to work on /home/johnny/airflow/lib/python3.12/site-packages/airflow/example_dags/tutorial_dag.py
[2024-07-09T00:48:03.069-0300] {processor.py:830} INFO - Processing file /home/johnny/airflow/lib/python3.12/site-packages/airflow/example_dags/tutorial_dag.py for tasks to queue
[2024-07-09T00:48:03.071-0300] {logging_mixin.py:188} INFO - [2024-07-09T00:48:03.070-0300] {dagbag.py:545} INFO - Filling up the DagBag from /home/johnny/airflow/lib/python3.12/site-packages/airflow/example_dags/tutorial_dag.py
[2024-07-09T00:48:03.083-0300] {processor.py:840} INFO - DAG(s) 'tutorial_dag' retrieved from /home/johnny/airflow/lib/python3.12/site-packages/airflow/example_dags/tutorial_dag.py
[2024-07-09T00:48:03.114-0300] {logging_mixin.py:188} INFO - [2024-07-09T00:48:03.114-0300] {dag.py:3096} INFO - Sync 1 DAGs
[2024-07-09T00:48:03.136-0300] {logging_mixin.py:188} INFO - [2024-07-09T00:48:03.135-0300] {dag.py:3954} INFO - Setting next_dagrun for tutorial_dag to None, run_after=None
[2024-07-09T00:48:03.176-0300] {processor.py:183} INFO - Processing /home/johnny/airflow/lib/python3.12/site-packages/airflow/example_dags/tutorial_dag.py took 0.124 seconds
[2024-07-09T00:49:12.178-0300] {processor.py:161} INFO - Started process (PID=17573) to work on /home/johnny/airflow/lib/python3.12/site-packages/airflow/example_dags/tutorial_dag.py
[2024-07-09T00:49:12.183-0300] {processor.py:830} INFO - Processing file /home/johnny/airflow/lib/python3.12/site-packages/airflow/example_dags/tutorial_dag.py for tasks to queue
[2024-07-09T00:49:12.185-0300] {logging_mixin.py:188} INFO - [2024-07-09T00:49:12.184-0300] {dagbag.py:545} INFO - Filling up the DagBag from /home/johnny/airflow/lib/python3.12/site-packages/airflow/example_dags/tutorial_dag.py
[2024-07-09T00:49:12.196-0300] {processor.py:840} INFO - DAG(s) 'tutorial_dag' retrieved from /home/johnny/airflow/lib/python3.12/site-packages/airflow/example_dags/tutorial_dag.py
[2024-07-09T00:49:12.225-0300] {logging_mixin.py:188} INFO - [2024-07-09T00:49:12.224-0300] {dag.py:3096} INFO - Sync 1 DAGs
[2024-07-09T00:49:12.243-0300] {logging_mixin.py:188} INFO - [2024-07-09T00:49:12.242-0300] {dag.py:3954} INFO - Setting next_dagrun for tutorial_dag to None, run_after=None
[2024-07-09T00:49:12.284-0300] {processor.py:183} INFO - Processing /home/johnny/airflow/lib/python3.12/site-packages/airflow/example_dags/tutorial_dag.py took 0.118 seconds
[2024-07-09T00:50:19.609-0300] {processor.py:161} INFO - Started process (PID=17686) to work on /home/johnny/airflow/lib/python3.12/site-packages/airflow/example_dags/tutorial_dag.py
[2024-07-09T00:50:19.612-0300] {processor.py:830} INFO - Processing file /home/johnny/airflow/lib/python3.12/site-packages/airflow/example_dags/tutorial_dag.py for tasks to queue
[2024-07-09T00:50:19.614-0300] {logging_mixin.py:188} INFO - [2024-07-09T00:50:19.613-0300] {dagbag.py:545} INFO - Filling up the DagBag from /home/johnny/airflow/lib/python3.12/site-packages/airflow/example_dags/tutorial_dag.py
[2024-07-09T00:50:19.625-0300] {processor.py:840} INFO - DAG(s) 'tutorial_dag' retrieved from /home/johnny/airflow/lib/python3.12/site-packages/airflow/example_dags/tutorial_dag.py
[2024-07-09T00:50:19.652-0300] {logging_mixin.py:188} INFO - [2024-07-09T00:50:19.651-0300] {dag.py:3096} INFO - Sync 1 DAGs
[2024-07-09T00:50:19.669-0300] {logging_mixin.py:188} INFO - [2024-07-09T00:50:19.669-0300] {dag.py:3954} INFO - Setting next_dagrun for tutorial_dag to None, run_after=None
[2024-07-09T00:50:19.726-0300] {processor.py:183} INFO - Processing /home/johnny/airflow/lib/python3.12/site-packages/airflow/example_dags/tutorial_dag.py took 0.130 seconds
[2024-07-09T00:51:30.898-0300] {processor.py:161} INFO - Started process (PID=17809) to work on /home/johnny/airflow/lib/python3.12/site-packages/airflow/example_dags/tutorial_dag.py
[2024-07-09T00:51:30.901-0300] {processor.py:830} INFO - Processing file /home/johnny/airflow/lib/python3.12/site-packages/airflow/example_dags/tutorial_dag.py for tasks to queue
[2024-07-09T00:51:30.903-0300] {logging_mixin.py:188} INFO - [2024-07-09T00:51:30.902-0300] {dagbag.py:545} INFO - Filling up the DagBag from /home/johnny/airflow/lib/python3.12/site-packages/airflow/example_dags/tutorial_dag.py
[2024-07-09T00:51:30.915-0300] {processor.py:840} INFO - DAG(s) 'tutorial_dag' retrieved from /home/johnny/airflow/lib/python3.12/site-packages/airflow/example_dags/tutorial_dag.py
[2024-07-09T00:51:30.946-0300] {logging_mixin.py:188} INFO - [2024-07-09T00:51:30.946-0300] {dag.py:3096} INFO - Sync 1 DAGs
[2024-07-09T00:51:30.967-0300] {logging_mixin.py:188} INFO - [2024-07-09T00:51:30.967-0300] {dag.py:3954} INFO - Setting next_dagrun for tutorial_dag to None, run_after=None
[2024-07-09T00:51:31.011-0300] {processor.py:183} INFO - Processing /home/johnny/airflow/lib/python3.12/site-packages/airflow/example_dags/tutorial_dag.py took 0.123 seconds
[2024-07-09T00:52:38.243-0300] {processor.py:161} INFO - Started process (PID=17923) to work on /home/johnny/airflow/lib/python3.12/site-packages/airflow/example_dags/tutorial_dag.py
[2024-07-09T00:52:38.246-0300] {processor.py:830} INFO - Processing file /home/johnny/airflow/lib/python3.12/site-packages/airflow/example_dags/tutorial_dag.py for tasks to queue
[2024-07-09T00:52:38.248-0300] {logging_mixin.py:188} INFO - [2024-07-09T00:52:38.247-0300] {dagbag.py:545} INFO - Filling up the DagBag from /home/johnny/airflow/lib/python3.12/site-packages/airflow/example_dags/tutorial_dag.py
[2024-07-09T00:52:38.259-0300] {processor.py:840} INFO - DAG(s) 'tutorial_dag' retrieved from /home/johnny/airflow/lib/python3.12/site-packages/airflow/example_dags/tutorial_dag.py
[2024-07-09T00:52:38.290-0300] {logging_mixin.py:188} INFO - [2024-07-09T00:52:38.290-0300] {dag.py:3096} INFO - Sync 1 DAGs
[2024-07-09T00:52:38.312-0300] {logging_mixin.py:188} INFO - [2024-07-09T00:52:38.312-0300] {dag.py:3954} INFO - Setting next_dagrun for tutorial_dag to None, run_after=None
[2024-07-09T00:52:38.356-0300] {processor.py:183} INFO - Processing /home/johnny/airflow/lib/python3.12/site-packages/airflow/example_dags/tutorial_dag.py took 0.125 seconds
[2024-07-09T00:53:44.821-0300] {processor.py:161} INFO - Started process (PID=18036) to work on /home/johnny/airflow/lib/python3.12/site-packages/airflow/example_dags/tutorial_dag.py
[2024-07-09T00:53:44.824-0300] {processor.py:830} INFO - Processing file /home/johnny/airflow/lib/python3.12/site-packages/airflow/example_dags/tutorial_dag.py for tasks to queue
[2024-07-09T00:53:44.826-0300] {logging_mixin.py:188} INFO - [2024-07-09T00:53:44.825-0300] {dagbag.py:545} INFO - Filling up the DagBag from /home/johnny/airflow/lib/python3.12/site-packages/airflow/example_dags/tutorial_dag.py
[2024-07-09T00:53:44.839-0300] {processor.py:840} INFO - DAG(s) 'tutorial_dag' retrieved from /home/johnny/airflow/lib/python3.12/site-packages/airflow/example_dags/tutorial_dag.py
[2024-07-09T00:53:44.875-0300] {logging_mixin.py:188} INFO - [2024-07-09T00:53:44.874-0300] {dag.py:3096} INFO - Sync 1 DAGs
[2024-07-09T00:53:44.907-0300] {logging_mixin.py:188} INFO - [2024-07-09T00:53:44.906-0300] {dag.py:3954} INFO - Setting next_dagrun for tutorial_dag to None, run_after=None
[2024-07-09T00:53:44.959-0300] {processor.py:183} INFO - Processing /home/johnny/airflow/lib/python3.12/site-packages/airflow/example_dags/tutorial_dag.py took 0.149 seconds
[2024-07-09T00:54:50.462-0300] {processor.py:161} INFO - Started process (PID=18150) to work on /home/johnny/airflow/lib/python3.12/site-packages/airflow/example_dags/tutorial_dag.py
[2024-07-09T00:54:50.465-0300] {processor.py:830} INFO - Processing file /home/johnny/airflow/lib/python3.12/site-packages/airflow/example_dags/tutorial_dag.py for tasks to queue
[2024-07-09T00:54:50.467-0300] {logging_mixin.py:188} INFO - [2024-07-09T00:54:50.466-0300] {dagbag.py:545} INFO - Filling up the DagBag from /home/johnny/airflow/lib/python3.12/site-packages/airflow/example_dags/tutorial_dag.py
[2024-07-09T00:54:50.482-0300] {processor.py:840} INFO - DAG(s) 'tutorial_dag' retrieved from /home/johnny/airflow/lib/python3.12/site-packages/airflow/example_dags/tutorial_dag.py
[2024-07-09T00:54:50.535-0300] {logging_mixin.py:188} INFO - [2024-07-09T00:54:50.535-0300] {dag.py:3096} INFO - Sync 1 DAGs
[2024-07-09T00:54:50.564-0300] {logging_mixin.py:188} INFO - [2024-07-09T00:54:50.563-0300] {dag.py:3954} INFO - Setting next_dagrun for tutorial_dag to None, run_after=None
[2024-07-09T00:54:50.614-0300] {processor.py:183} INFO - Processing /home/johnny/airflow/lib/python3.12/site-packages/airflow/example_dags/tutorial_dag.py took 0.166 seconds
[2024-07-09T00:56:01.073-0300] {processor.py:161} INFO - Started process (PID=18264) to work on /home/johnny/airflow/lib/python3.12/site-packages/airflow/example_dags/tutorial_dag.py
[2024-07-09T00:56:01.077-0300] {processor.py:830} INFO - Processing file /home/johnny/airflow/lib/python3.12/site-packages/airflow/example_dags/tutorial_dag.py for tasks to queue
[2024-07-09T00:56:01.080-0300] {logging_mixin.py:188} INFO - [2024-07-09T00:56:01.078-0300] {dagbag.py:545} INFO - Filling up the DagBag from /home/johnny/airflow/lib/python3.12/site-packages/airflow/example_dags/tutorial_dag.py
[2024-07-09T00:56:01.090-0300] {processor.py:840} INFO - DAG(s) 'tutorial_dag' retrieved from /home/johnny/airflow/lib/python3.12/site-packages/airflow/example_dags/tutorial_dag.py
[2024-07-09T00:56:01.117-0300] {logging_mixin.py:188} INFO - [2024-07-09T00:56:01.116-0300] {dag.py:3096} INFO - Sync 1 DAGs
[2024-07-09T00:56:01.147-0300] {logging_mixin.py:188} INFO - [2024-07-09T00:56:01.147-0300] {dag.py:3954} INFO - Setting next_dagrun for tutorial_dag to None, run_after=None
[2024-07-09T00:56:01.200-0300] {processor.py:183} INFO - Processing /home/johnny/airflow/lib/python3.12/site-packages/airflow/example_dags/tutorial_dag.py took 0.139 seconds
[2024-07-09T00:57:16.878-0300] {processor.py:161} INFO - Started process (PID=18379) to work on /home/johnny/airflow/lib/python3.12/site-packages/airflow/example_dags/tutorial_dag.py
[2024-07-09T00:57:16.880-0300] {processor.py:830} INFO - Processing file /home/johnny/airflow/lib/python3.12/site-packages/airflow/example_dags/tutorial_dag.py for tasks to queue
[2024-07-09T00:57:16.882-0300] {logging_mixin.py:188} INFO - [2024-07-09T00:57:16.881-0300] {dagbag.py:545} INFO - Filling up the DagBag from /home/johnny/airflow/lib/python3.12/site-packages/airflow/example_dags/tutorial_dag.py
[2024-07-09T00:57:16.893-0300] {processor.py:840} INFO - DAG(s) 'tutorial_dag' retrieved from /home/johnny/airflow/lib/python3.12/site-packages/airflow/example_dags/tutorial_dag.py
[2024-07-09T00:57:16.926-0300] {logging_mixin.py:188} INFO - [2024-07-09T00:57:16.926-0300] {dag.py:3096} INFO - Sync 1 DAGs
[2024-07-09T00:57:16.947-0300] {logging_mixin.py:188} INFO - [2024-07-09T00:57:16.947-0300] {dag.py:3954} INFO - Setting next_dagrun for tutorial_dag to None, run_after=None
[2024-07-09T00:57:16.994-0300] {processor.py:183} INFO - Processing /home/johnny/airflow/lib/python3.12/site-packages/airflow/example_dags/tutorial_dag.py took 0.127 seconds
[2024-07-09T00:58:18.231-0300] {processor.py:161} INFO - Started process (PID=18475) to work on /home/johnny/airflow/lib/python3.12/site-packages/airflow/example_dags/tutorial_dag.py
[2024-07-09T00:58:18.236-0300] {processor.py:830} INFO - Processing file /home/johnny/airflow/lib/python3.12/site-packages/airflow/example_dags/tutorial_dag.py for tasks to queue
[2024-07-09T00:58:18.238-0300] {logging_mixin.py:188} INFO - [2024-07-09T00:58:18.237-0300] {dagbag.py:545} INFO - Filling up the DagBag from /home/johnny/airflow/lib/python3.12/site-packages/airflow/example_dags/tutorial_dag.py
[2024-07-09T00:58:18.251-0300] {processor.py:840} INFO - DAG(s) 'tutorial_dag' retrieved from /home/johnny/airflow/lib/python3.12/site-packages/airflow/example_dags/tutorial_dag.py
[2024-07-09T00:58:18.281-0300] {logging_mixin.py:188} INFO - [2024-07-09T00:58:18.280-0300] {dag.py:3096} INFO - Sync 1 DAGs
[2024-07-09T00:58:18.317-0300] {logging_mixin.py:188} INFO - [2024-07-09T00:58:18.316-0300] {dag.py:3954} INFO - Setting next_dagrun for tutorial_dag to None, run_after=None
[2024-07-09T00:58:18.369-0300] {processor.py:183} INFO - Processing /home/johnny/airflow/lib/python3.12/site-packages/airflow/example_dags/tutorial_dag.py took 0.152 seconds
[2024-07-09T00:59:25.925-0300] {processor.py:161} INFO - Started process (PID=18589) to work on /home/johnny/airflow/lib/python3.12/site-packages/airflow/example_dags/tutorial_dag.py
[2024-07-09T00:59:25.928-0300] {processor.py:830} INFO - Processing file /home/johnny/airflow/lib/python3.12/site-packages/airflow/example_dags/tutorial_dag.py for tasks to queue
[2024-07-09T00:59:25.931-0300] {logging_mixin.py:188} INFO - [2024-07-09T00:59:25.929-0300] {dagbag.py:545} INFO - Filling up the DagBag from /home/johnny/airflow/lib/python3.12/site-packages/airflow/example_dags/tutorial_dag.py
[2024-07-09T00:59:25.944-0300] {processor.py:840} INFO - DAG(s) 'tutorial_dag' retrieved from /home/johnny/airflow/lib/python3.12/site-packages/airflow/example_dags/tutorial_dag.py
[2024-07-09T00:59:25.979-0300] {logging_mixin.py:188} INFO - [2024-07-09T00:59:25.978-0300] {dag.py:3096} INFO - Sync 1 DAGs
[2024-07-09T00:59:26.001-0300] {logging_mixin.py:188} INFO - [2024-07-09T00:59:26.001-0300] {dag.py:3954} INFO - Setting next_dagrun for tutorial_dag to None, run_after=None
[2024-07-09T00:59:26.047-0300] {processor.py:183} INFO - Processing /home/johnny/airflow/lib/python3.12/site-packages/airflow/example_dags/tutorial_dag.py took 0.136 seconds
[2024-07-09T01:00:28.089-0300] {processor.py:161} INFO - Started process (PID=18695) to work on /home/johnny/airflow/lib/python3.12/site-packages/airflow/example_dags/tutorial_dag.py
[2024-07-09T01:00:28.095-0300] {processor.py:830} INFO - Processing file /home/johnny/airflow/lib/python3.12/site-packages/airflow/example_dags/tutorial_dag.py for tasks to queue
[2024-07-09T01:00:28.096-0300] {logging_mixin.py:188} INFO - [2024-07-09T01:00:28.096-0300] {dagbag.py:545} INFO - Filling up the DagBag from /home/johnny/airflow/lib/python3.12/site-packages/airflow/example_dags/tutorial_dag.py
[2024-07-09T01:00:28.108-0300] {processor.py:840} INFO - DAG(s) 'tutorial_dag' retrieved from /home/johnny/airflow/lib/python3.12/site-packages/airflow/example_dags/tutorial_dag.py
[2024-07-09T01:00:28.150-0300] {logging_mixin.py:188} INFO - [2024-07-09T01:00:28.149-0300] {dag.py:3096} INFO - Sync 1 DAGs
[2024-07-09T01:00:28.173-0300] {logging_mixin.py:188} INFO - [2024-07-09T01:00:28.173-0300] {dag.py:3954} INFO - Setting next_dagrun for tutorial_dag to None, run_after=None
[2024-07-09T01:00:28.216-0300] {processor.py:183} INFO - Processing /home/johnny/airflow/lib/python3.12/site-packages/airflow/example_dags/tutorial_dag.py took 0.138 seconds
[2024-07-09T01:01:29.376-0300] {processor.py:161} INFO - Started process (PID=18792) to work on /home/johnny/airflow/lib/python3.12/site-packages/airflow/example_dags/tutorial_dag.py
[2024-07-09T01:01:29.382-0300] {processor.py:830} INFO - Processing file /home/johnny/airflow/lib/python3.12/site-packages/airflow/example_dags/tutorial_dag.py for tasks to queue
[2024-07-09T01:01:29.384-0300] {logging_mixin.py:188} INFO - [2024-07-09T01:01:29.383-0300] {dagbag.py:545} INFO - Filling up the DagBag from /home/johnny/airflow/lib/python3.12/site-packages/airflow/example_dags/tutorial_dag.py
[2024-07-09T01:01:29.396-0300] {processor.py:840} INFO - DAG(s) 'tutorial_dag' retrieved from /home/johnny/airflow/lib/python3.12/site-packages/airflow/example_dags/tutorial_dag.py
[2024-07-09T01:01:29.428-0300] {logging_mixin.py:188} INFO - [2024-07-09T01:01:29.427-0300] {dag.py:3096} INFO - Sync 1 DAGs
[2024-07-09T01:01:29.453-0300] {logging_mixin.py:188} INFO - [2024-07-09T01:01:29.452-0300] {dag.py:3954} INFO - Setting next_dagrun for tutorial_dag to None, run_after=None
[2024-07-09T01:01:29.493-0300] {processor.py:183} INFO - Processing /home/johnny/airflow/lib/python3.12/site-packages/airflow/example_dags/tutorial_dag.py took 0.131 seconds
[2024-07-09T01:02:29.520-0300] {processor.py:161} INFO - Started process (PID=18888) to work on /home/johnny/airflow/lib/python3.12/site-packages/airflow/example_dags/tutorial_dag.py
[2024-07-09T01:02:29.526-0300] {processor.py:830} INFO - Processing file /home/johnny/airflow/lib/python3.12/site-packages/airflow/example_dags/tutorial_dag.py for tasks to queue
[2024-07-09T01:02:29.528-0300] {logging_mixin.py:188} INFO - [2024-07-09T01:02:29.527-0300] {dagbag.py:545} INFO - Filling up the DagBag from /home/johnny/airflow/lib/python3.12/site-packages/airflow/example_dags/tutorial_dag.py
[2024-07-09T01:02:29.539-0300] {processor.py:840} INFO - DAG(s) 'tutorial_dag' retrieved from /home/johnny/airflow/lib/python3.12/site-packages/airflow/example_dags/tutorial_dag.py
[2024-07-09T01:02:29.570-0300] {logging_mixin.py:188} INFO - [2024-07-09T01:02:29.570-0300] {dag.py:3096} INFO - Sync 1 DAGs
[2024-07-09T01:02:29.592-0300] {logging_mixin.py:188} INFO - [2024-07-09T01:02:29.591-0300] {dag.py:3954} INFO - Setting next_dagrun for tutorial_dag to None, run_after=None
[2024-07-09T01:02:29.629-0300] {processor.py:183} INFO - Processing /home/johnny/airflow/lib/python3.12/site-packages/airflow/example_dags/tutorial_dag.py took 0.121 seconds
[2024-07-09T01:03:32.568-0300] {processor.py:161} INFO - Started process (PID=18985) to work on /home/johnny/airflow/lib/python3.12/site-packages/airflow/example_dags/tutorial_dag.py
[2024-07-09T01:03:32.571-0300] {processor.py:830} INFO - Processing file /home/johnny/airflow/lib/python3.12/site-packages/airflow/example_dags/tutorial_dag.py for tasks to queue
[2024-07-09T01:03:32.573-0300] {logging_mixin.py:188} INFO - [2024-07-09T01:03:32.572-0300] {dagbag.py:545} INFO - Filling up the DagBag from /home/johnny/airflow/lib/python3.12/site-packages/airflow/example_dags/tutorial_dag.py
[2024-07-09T01:03:32.589-0300] {processor.py:840} INFO - DAG(s) 'tutorial_dag' retrieved from /home/johnny/airflow/lib/python3.12/site-packages/airflow/example_dags/tutorial_dag.py
[2024-07-09T01:03:32.624-0300] {logging_mixin.py:188} INFO - [2024-07-09T01:03:32.624-0300] {dag.py:3096} INFO - Sync 1 DAGs
[2024-07-09T01:03:32.644-0300] {logging_mixin.py:188} INFO - [2024-07-09T01:03:32.644-0300] {dag.py:3954} INFO - Setting next_dagrun for tutorial_dag to None, run_after=None
[2024-07-09T01:03:32.690-0300] {processor.py:183} INFO - Processing /home/johnny/airflow/lib/python3.12/site-packages/airflow/example_dags/tutorial_dag.py took 0.136 seconds
[2024-07-09T01:04:42.646-0300] {processor.py:161} INFO - Started process (PID=19103) to work on /home/johnny/airflow/lib/python3.12/site-packages/airflow/example_dags/tutorial_dag.py
[2024-07-09T01:04:42.651-0300] {processor.py:830} INFO - Processing file /home/johnny/airflow/lib/python3.12/site-packages/airflow/example_dags/tutorial_dag.py for tasks to queue
[2024-07-09T01:04:42.653-0300] {logging_mixin.py:188} INFO - [2024-07-09T01:04:42.652-0300] {dagbag.py:545} INFO - Filling up the DagBag from /home/johnny/airflow/lib/python3.12/site-packages/airflow/example_dags/tutorial_dag.py
[2024-07-09T01:04:42.666-0300] {processor.py:840} INFO - DAG(s) 'tutorial_dag' retrieved from /home/johnny/airflow/lib/python3.12/site-packages/airflow/example_dags/tutorial_dag.py
[2024-07-09T01:04:42.696-0300] {logging_mixin.py:188} INFO - [2024-07-09T01:04:42.695-0300] {dag.py:3096} INFO - Sync 1 DAGs
[2024-07-09T01:04:42.712-0300] {logging_mixin.py:188} INFO - [2024-07-09T01:04:42.712-0300] {dag.py:3954} INFO - Setting next_dagrun for tutorial_dag to None, run_after=None
[2024-07-09T01:04:42.741-0300] {processor.py:183} INFO - Processing /home/johnny/airflow/lib/python3.12/site-packages/airflow/example_dags/tutorial_dag.py took 0.106 seconds
