[2024-07-08T01:23:31.031-0300] {local_task_job_runner.py:120} INFO - ::group::Pre task execution logs
[2024-07-08T01:23:31.054-0300] {taskinstance.py:2076} INFO - Dependencies all met for dep_context=non-requeueable deps ti=<TaskInstance: upload_multiple_csvs_to_s3_dag.upload_csv_to_s3 manual__2024-07-08T04:23:16.755434+00:00 [queued]>
[2024-07-08T01:23:31.065-0300] {taskinstance.py:2076} INFO - Dependencies all met for dep_context=requeueable deps ti=<TaskInstance: upload_multiple_csvs_to_s3_dag.upload_csv_to_s3 manual__2024-07-08T04:23:16.755434+00:00 [queued]>
[2024-07-08T01:23:31.065-0300] {taskinstance.py:2306} INFO - Starting attempt 1 of 2
[2024-07-08T01:23:31.102-0300] {taskinstance.py:2330} INFO - Executing <Task(PythonOperator): upload_csv_to_s3> on 2024-07-08 04:23:16.755434+00:00
[2024-07-08T01:23:31.122-0300] {standard_task_runner.py:90} INFO - Running: ['airflow', 'tasks', 'run', 'upload_multiple_csvs_to_s3_dag', 'upload_csv_to_s3', 'manual__2024-07-08T04:23:16.755434+00:00', '--job-id', '27', '--raw', '--subdir', 'DAGS_FOLDER/upload_to_s3.py', '--cfg-path', '/tmp/tmpncd8sk1p']
[2024-07-08T01:23:31.124-0300] {standard_task_runner.py:91} INFO - Job 27: Subtask upload_csv_to_s3
[2024-07-08T01:23:31.137-0300] {logging_mixin.py:188} WARNING - /home/johnny/airflow/lib/python3.12/site-packages/airflow/task/task_runner/standard_task_runner.py:61 DeprecationWarning: This process (pid=69997) is multi-threaded, use of fork() may lead to deadlocks in the child.
[2024-07-08T01:23:31.138-0300] {standard_task_runner.py:63} INFO - Started process 70006 to run task
[2024-07-08T01:23:31.203-0300] {task_command.py:426} INFO - Running <TaskInstance: upload_multiple_csvs_to_s3_dag.upload_csv_to_s3 manual__2024-07-08T04:23:16.755434+00:00 [running]> on host LAPTOP-V3FS4O6J.
[2024-07-08T01:23:31.382-0300] {taskinstance.py:2648} INFO - Exporting env vars: AIRFLOW_CTX_DAG_OWNER='airflow' AIRFLOW_CTX_DAG_ID='upload_multiple_csvs_to_s3_dag' AIRFLOW_CTX_TASK_ID='upload_csv_to_s3' AIRFLOW_CTX_EXECUTION_DATE='2024-07-08T04:23:16.755434+00:00' AIRFLOW_CTX_TRY_NUMBER='1' AIRFLOW_CTX_DAG_RUN_ID='manual__2024-07-08T04:23:16.755434+00:00'
[2024-07-08T01:23:31.385-0300] {taskinstance.py:430} INFO - ::endgroup::
[2024-07-08T01:23:31.401-0300] {base.py:84} INFO - Using connection ID 'aws_s3_conn' for task execution.
[2024-07-08T01:23:31.403-0300] {connection_wrapper.py:384} INFO - AWS Connection (conn_id='aws_s3_conn', conn_type='aws') credentials retrieved from login and password.
[2024-07-08T01:23:32.463-0300] {python.py:237} INFO - Done. Returned value was: None
[2024-07-08T01:23:32.464-0300] {taskinstance.py:441} INFO - ::group::Post task execution logs
[2024-07-08T01:23:32.474-0300] {taskinstance.py:1206} INFO - Marking task as SUCCESS. dag_id=upload_multiple_csvs_to_s3_dag, task_id=upload_csv_to_s3, run_id=manual__2024-07-08T04:23:16.755434+00:00, execution_date=20240708T042316, start_date=20240708T042331, end_date=20240708T042332
[2024-07-08T01:23:32.552-0300] {local_task_job_runner.py:240} INFO - Task exited with return code 0
[2024-07-08T01:23:32.576-0300] {taskinstance.py:3503} INFO - 0 downstream tasks scheduled from follow-on schedule check
[2024-07-08T01:23:32.578-0300] {local_task_job_runner.py:222} INFO - ::endgroup::
