[2024-07-08T01:22:23.584-0300] {local_task_job_runner.py:120} INFO - ::group::Pre task execution logs
[2024-07-08T01:22:23.605-0300] {taskinstance.py:2076} INFO - Dependencies all met for dep_context=non-requeueable deps ti=<TaskInstance: upload_multiple_csvs_to_s3_dag.upload_csv_to_s3 manual__2024-07-08T04:01:18.314881+00:00 [queued]>
[2024-07-08T01:22:23.617-0300] {taskinstance.py:2076} INFO - Dependencies all met for dep_context=requeueable deps ti=<TaskInstance: upload_multiple_csvs_to_s3_dag.upload_csv_to_s3 manual__2024-07-08T04:01:18.314881+00:00 [queued]>
[2024-07-08T01:22:23.617-0300] {taskinstance.py:2306} INFO - Starting attempt 2 of 2
[2024-07-08T01:22:23.649-0300] {taskinstance.py:2330} INFO - Executing <Task(PythonOperator): upload_csv_to_s3> on 2024-07-08 04:01:18.314881+00:00
[2024-07-08T01:22:23.665-0300] {standard_task_runner.py:90} INFO - Running: ['airflow', 'tasks', 'run', 'upload_multiple_csvs_to_s3_dag', 'upload_csv_to_s3', 'manual__2024-07-08T04:01:18.314881+00:00', '--job-id', '25', '--raw', '--subdir', 'DAGS_FOLDER/upload_to_s3.py', '--cfg-path', '/tmp/tmpcstjxx49']
[2024-07-08T01:22:23.667-0300] {standard_task_runner.py:91} INFO - Job 25: Subtask upload_csv_to_s3
[2024-07-08T01:22:23.680-0300] {logging_mixin.py:188} WARNING - /home/johnny/airflow/lib/python3.12/site-packages/airflow/task/task_runner/standard_task_runner.py:61 DeprecationWarning: This process (pid=69853) is multi-threaded, use of fork() may lead to deadlocks in the child.
[2024-07-08T01:22:23.681-0300] {standard_task_runner.py:63} INFO - Started process 69870 to run task
[2024-07-08T01:22:23.901-0300] {task_command.py:426} INFO - Running <TaskInstance: upload_multiple_csvs_to_s3_dag.upload_csv_to_s3 manual__2024-07-08T04:01:18.314881+00:00 [running]> on host LAPTOP-V3FS4O6J.
[2024-07-08T01:22:24.133-0300] {taskinstance.py:2648} INFO - Exporting env vars: AIRFLOW_CTX_DAG_OWNER='airflow' AIRFLOW_CTX_DAG_ID='upload_multiple_csvs_to_s3_dag' AIRFLOW_CTX_TASK_ID='upload_csv_to_s3' AIRFLOW_CTX_EXECUTION_DATE='2024-07-08T04:01:18.314881+00:00' AIRFLOW_CTX_TRY_NUMBER='2' AIRFLOW_CTX_DAG_RUN_ID='manual__2024-07-08T04:01:18.314881+00:00'
[2024-07-08T01:22:24.135-0300] {taskinstance.py:430} INFO - ::endgroup::
[2024-07-08T01:22:24.147-0300] {base.py:84} INFO - Using connection ID 'aws_s3_conn' for task execution.
[2024-07-08T01:22:24.148-0300] {connection_wrapper.py:384} INFO - AWS Connection (conn_id='aws_s3_conn', conn_type='aws') credentials retrieved from login and password.
[2024-07-08T01:22:25.603-0300] {python.py:237} INFO - Done. Returned value was: None
[2024-07-08T01:22:25.605-0300] {taskinstance.py:441} INFO - ::group::Post task execution logs
[2024-07-08T01:22:25.633-0300] {taskinstance.py:1206} INFO - Marking task as SUCCESS. dag_id=upload_multiple_csvs_to_s3_dag, task_id=upload_csv_to_s3, run_id=manual__2024-07-08T04:01:18.314881+00:00, execution_date=20240708T040118, start_date=20240708T042223, end_date=20240708T042225
[2024-07-08T01:22:25.745-0300] {local_task_job_runner.py:240} INFO - Task exited with return code 0
[2024-07-08T01:22:25.768-0300] {taskinstance.py:3503} INFO - 0 downstream tasks scheduled from follow-on schedule check
[2024-07-08T01:22:25.769-0300] {local_task_job_runner.py:222} INFO - ::endgroup::
