[2024-07-08T01:00:20.228-0300] {local_task_job_runner.py:120} INFO - ::group::Pre task execution logs
[2024-07-08T01:00:20.252-0300] {taskinstance.py:2076} INFO - Dependencies all met for dep_context=non-requeueable deps ti=<TaskInstance: eda.upload_csv_to_s3 scheduled__2024-07-07T00:00:00+00:00 [queued]>
[2024-07-08T01:00:20.267-0300] {taskinstance.py:2076} INFO - Dependencies all met for dep_context=requeueable deps ti=<TaskInstance: eda.upload_csv_to_s3 scheduled__2024-07-07T00:00:00+00:00 [queued]>
[2024-07-08T01:00:20.267-0300] {taskinstance.py:2306} INFO - Starting attempt 1 of 2
[2024-07-08T01:00:20.307-0300] {taskinstance.py:2330} INFO - Executing <Task(PythonOperator): upload_csv_to_s3> on 2024-07-07 00:00:00+00:00
[2024-07-08T01:00:20.333-0300] {standard_task_runner.py:90} INFO - Running: ['airflow', 'tasks', 'run', 'eda', 'upload_csv_to_s3', 'scheduled__2024-07-07T00:00:00+00:00', '--job-id', '23', '--raw', '--subdir', 'DAGS_FOLDER/upload_to_s3.py', '--cfg-path', '/tmp/tmp1be064ml']
[2024-07-08T01:00:20.336-0300] {standard_task_runner.py:91} INFO - Job 23: Subtask upload_csv_to_s3
[2024-07-08T01:00:20.337-0300] {logging_mixin.py:188} WARNING - /home/johnny/airflow/lib/python3.12/site-packages/airflow/task/task_runner/standard_task_runner.py:61 DeprecationWarning: This process (pid=67305) is multi-threaded, use of fork() may lead to deadlocks in the child.
[2024-07-08T01:00:20.338-0300] {standard_task_runner.py:63} INFO - Started process 67320 to run task
[2024-07-08T01:00:20.454-0300] {task_command.py:426} INFO - Running <TaskInstance: eda.upload_csv_to_s3 scheduled__2024-07-07T00:00:00+00:00 [running]> on host LAPTOP-V3FS4O6J.
[2024-07-08T01:00:20.732-0300] {taskinstance.py:2648} INFO - Exporting env vars: AIRFLOW_CTX_DAG_OWNER='airflow' AIRFLOW_CTX_DAG_ID='eda' AIRFLOW_CTX_TASK_ID='upload_csv_to_s3' AIRFLOW_CTX_EXECUTION_DATE='2024-07-07T00:00:00+00:00' AIRFLOW_CTX_TRY_NUMBER='1' AIRFLOW_CTX_DAG_RUN_ID='scheduled__2024-07-07T00:00:00+00:00'
[2024-07-08T01:00:20.761-0300] {taskinstance.py:430} INFO - ::endgroup::
[2024-07-08T01:00:20.808-0300] {base.py:84} INFO - Using connection ID 'aws_s3_conn' for task execution.
[2024-07-08T01:00:20.811-0300] {connection_wrapper.py:384} INFO - AWS Connection (conn_id='aws_s3_conn', conn_type='aws') credentials retrieved from login and password.
[2024-07-08T01:00:22.986-0300] {python.py:237} INFO - Done. Returned value was: None
[2024-07-08T01:00:22.991-0300] {taskinstance.py:441} INFO - ::group::Post task execution logs
[2024-07-08T01:00:23.057-0300] {taskinstance.py:1206} INFO - Marking task as SUCCESS. dag_id=eda, task_id=upload_csv_to_s3, run_id=scheduled__2024-07-07T00:00:00+00:00, execution_date=20240707T000000, start_date=20240708T040020, end_date=20240708T040023
[2024-07-08T01:00:23.214-0300] {local_task_job_runner.py:240} INFO - Task exited with return code 0
[2024-07-08T01:00:23.238-0300] {taskinstance.py:3503} INFO - 0 downstream tasks scheduled from follow-on schedule check
[2024-07-08T01:00:23.240-0300] {local_task_job_runner.py:222} INFO - ::endgroup::
