[2024-07-07T14:05:14.490-0300] {processor.py:161} INFO - Started process (PID=3021) to work on /home/johnny/airflow_env/lib/python3.12/site-packages/airflow/example_dags/example_branch_labels.py
[2024-07-07T14:05:14.492-0300] {processor.py:830} INFO - Processing file /home/johnny/airflow_env/lib/python3.12/site-packages/airflow/example_dags/example_branch_labels.py for tasks to queue
[2024-07-07T14:05:14.495-0300] {logging_mixin.py:188} INFO - [2024-07-07T14:05:14.494-0300] {dagbag.py:545} INFO - Filling up the DagBag from /home/johnny/airflow_env/lib/python3.12/site-packages/airflow/example_dags/example_branch_labels.py
[2024-07-07T14:05:14.511-0300] {processor.py:840} INFO - DAG(s) 'example_branch_labels' retrieved from /home/johnny/airflow_env/lib/python3.12/site-packages/airflow/example_dags/example_branch_labels.py
[2024-07-07T14:05:14.677-0300] {logging_mixin.py:188} INFO - [2024-07-07T14:05:14.675-0300] {override.py:1847} INFO - Created Permission View: can delete on DAG:example_branch_labels
[2024-07-07T14:05:14.701-0300] {logging_mixin.py:188} INFO - [2024-07-07T14:05:14.700-0300] {override.py:1847} INFO - Created Permission View: can read on DAG:example_branch_labels
[2024-07-07T14:05:14.720-0300] {logging_mixin.py:188} INFO - [2024-07-07T14:05:14.719-0300] {override.py:1847} INFO - Created Permission View: can edit on DAG:example_branch_labels
[2024-07-07T14:05:14.721-0300] {logging_mixin.py:188} INFO - [2024-07-07T14:05:14.720-0300] {dag.py:3096} INFO - Sync 1 DAGs
[2024-07-07T14:05:14.743-0300] {logging_mixin.py:188} INFO - [2024-07-07T14:05:14.743-0300] {dag.py:3118} INFO - Creating ORM DAG for example_branch_labels
[2024-07-07T14:05:14.762-0300] {logging_mixin.py:188} INFO - [2024-07-07T14:05:14.762-0300] {dag.py:3954} INFO - Setting next_dagrun for example_branch_labels to 2024-07-06 00:00:00+00:00, run_after=2024-07-07 00:00:00+00:00
[2024-07-07T14:05:14.805-0300] {processor.py:183} INFO - Processing /home/johnny/airflow_env/lib/python3.12/site-packages/airflow/example_dags/example_branch_labels.py took 0.326 seconds
[2024-07-07T14:06:16.018-0300] {processor.py:161} INFO - Started process (PID=3075) to work on /home/johnny/airflow_env/lib/python3.12/site-packages/airflow/example_dags/example_branch_labels.py
[2024-07-07T14:06:16.021-0300] {processor.py:830} INFO - Processing file /home/johnny/airflow_env/lib/python3.12/site-packages/airflow/example_dags/example_branch_labels.py for tasks to queue
[2024-07-07T14:06:16.024-0300] {logging_mixin.py:188} INFO - [2024-07-07T14:06:16.023-0300] {dagbag.py:545} INFO - Filling up the DagBag from /home/johnny/airflow_env/lib/python3.12/site-packages/airflow/example_dags/example_branch_labels.py
[2024-07-07T14:06:16.039-0300] {processor.py:840} INFO - DAG(s) 'example_branch_labels' retrieved from /home/johnny/airflow_env/lib/python3.12/site-packages/airflow/example_dags/example_branch_labels.py
[2024-07-07T14:06:16.069-0300] {logging_mixin.py:188} INFO - [2024-07-07T14:06:16.069-0300] {dag.py:3096} INFO - Sync 1 DAGs
[2024-07-07T14:06:16.104-0300] {logging_mixin.py:188} INFO - [2024-07-07T14:06:16.103-0300] {dag.py:3954} INFO - Setting next_dagrun for example_branch_labels to 2024-07-06 00:00:00+00:00, run_after=2024-07-07 00:00:00+00:00
[2024-07-07T14:06:16.150-0300] {processor.py:183} INFO - Processing /home/johnny/airflow_env/lib/python3.12/site-packages/airflow/example_dags/example_branch_labels.py took 0.142 seconds
[2024-07-07T14:07:15.011-0300] {processor.py:161} INFO - Started process (PID=3126) to work on /home/johnny/airflow_env/lib/python3.12/site-packages/airflow/example_dags/example_branch_labels.py
[2024-07-07T14:07:15.013-0300] {processor.py:830} INFO - Processing file /home/johnny/airflow_env/lib/python3.12/site-packages/airflow/example_dags/example_branch_labels.py for tasks to queue
[2024-07-07T14:07:15.017-0300] {logging_mixin.py:188} INFO - [2024-07-07T14:07:15.016-0300] {dagbag.py:545} INFO - Filling up the DagBag from /home/johnny/airflow_env/lib/python3.12/site-packages/airflow/example_dags/example_branch_labels.py
[2024-07-07T14:07:15.032-0300] {processor.py:840} INFO - DAG(s) 'example_branch_labels' retrieved from /home/johnny/airflow_env/lib/python3.12/site-packages/airflow/example_dags/example_branch_labels.py
[2024-07-07T14:07:15.075-0300] {logging_mixin.py:188} INFO - [2024-07-07T14:07:15.075-0300] {dag.py:3096} INFO - Sync 1 DAGs
[2024-07-07T14:07:15.123-0300] {logging_mixin.py:188} INFO - [2024-07-07T14:07:15.123-0300] {dag.py:3954} INFO - Setting next_dagrun for example_branch_labels to 2024-07-06 00:00:00+00:00, run_after=2024-07-07 00:00:00+00:00
[2024-07-07T14:07:15.170-0300] {processor.py:183} INFO - Processing /home/johnny/airflow_env/lib/python3.12/site-packages/airflow/example_dags/example_branch_labels.py took 0.170 seconds
[2024-07-07T14:08:12.085-0300] {processor.py:161} INFO - Started process (PID=3177) to work on /home/johnny/airflow_env/lib/python3.12/site-packages/airflow/example_dags/example_branch_labels.py
[2024-07-07T14:08:12.088-0300] {processor.py:830} INFO - Processing file /home/johnny/airflow_env/lib/python3.12/site-packages/airflow/example_dags/example_branch_labels.py for tasks to queue
[2024-07-07T14:08:12.091-0300] {logging_mixin.py:188} INFO - [2024-07-07T14:08:12.090-0300] {dagbag.py:545} INFO - Filling up the DagBag from /home/johnny/airflow_env/lib/python3.12/site-packages/airflow/example_dags/example_branch_labels.py
[2024-07-07T14:08:12.107-0300] {processor.py:840} INFO - DAG(s) 'example_branch_labels' retrieved from /home/johnny/airflow_env/lib/python3.12/site-packages/airflow/example_dags/example_branch_labels.py
[2024-07-07T14:08:12.137-0300] {logging_mixin.py:188} INFO - [2024-07-07T14:08:12.137-0300] {dag.py:3096} INFO - Sync 1 DAGs
[2024-07-07T14:08:12.167-0300] {logging_mixin.py:188} INFO - [2024-07-07T14:08:12.167-0300] {dag.py:3954} INFO - Setting next_dagrun for example_branch_labels to 2024-07-06 00:00:00+00:00, run_after=2024-07-07 00:00:00+00:00
[2024-07-07T14:08:12.196-0300] {processor.py:183} INFO - Processing /home/johnny/airflow_env/lib/python3.12/site-packages/airflow/example_dags/example_branch_labels.py took 0.122 seconds
[2024-07-07T19:46:08.529-0300] {processor.py:161} INFO - Started process (PID=35352) to work on /home/johnny/airflow/lib/python3.12/site-packages/airflow/example_dags/example_branch_labels.py
[2024-07-07T19:46:08.531-0300] {processor.py:830} INFO - Processing file /home/johnny/airflow/lib/python3.12/site-packages/airflow/example_dags/example_branch_labels.py for tasks to queue
[2024-07-07T19:46:08.535-0300] {logging_mixin.py:188} INFO - [2024-07-07T19:46:08.534-0300] {dagbag.py:545} INFO - Filling up the DagBag from /home/johnny/airflow/lib/python3.12/site-packages/airflow/example_dags/example_branch_labels.py
[2024-07-07T19:46:08.556-0300] {processor.py:840} INFO - DAG(s) 'example_branch_labels' retrieved from /home/johnny/airflow/lib/python3.12/site-packages/airflow/example_dags/example_branch_labels.py
[2024-07-07T19:46:08.931-0300] {logging_mixin.py:188} INFO - [2024-07-07T19:46:08.930-0300] {dag.py:3096} INFO - Sync 1 DAGs
[2024-07-07T19:46:08.964-0300] {logging_mixin.py:188} INFO - [2024-07-07T19:46:08.964-0300] {dag.py:3954} INFO - Setting next_dagrun for example_branch_labels to 2024-07-06 00:00:00+00:00, run_after=2024-07-07 00:00:00+00:00
[2024-07-07T19:46:09.012-0300] {processor.py:183} INFO - Processing /home/johnny/airflow/lib/python3.12/site-packages/airflow/example_dags/example_branch_labels.py took 0.500 seconds
[2024-07-07T19:47:25.989-0300] {processor.py:161} INFO - Started process (PID=35553) to work on /home/johnny/airflow/lib/python3.12/site-packages/airflow/example_dags/example_branch_labels.py
[2024-07-07T19:47:25.992-0300] {processor.py:830} INFO - Processing file /home/johnny/airflow/lib/python3.12/site-packages/airflow/example_dags/example_branch_labels.py for tasks to queue
[2024-07-07T19:47:25.996-0300] {logging_mixin.py:188} INFO - [2024-07-07T19:47:25.995-0300] {dagbag.py:545} INFO - Filling up the DagBag from /home/johnny/airflow/lib/python3.12/site-packages/airflow/example_dags/example_branch_labels.py
[2024-07-07T19:47:26.017-0300] {processor.py:840} INFO - DAG(s) 'example_branch_labels' retrieved from /home/johnny/airflow/lib/python3.12/site-packages/airflow/example_dags/example_branch_labels.py
[2024-07-07T19:47:26.059-0300] {logging_mixin.py:188} INFO - [2024-07-07T19:47:26.058-0300] {dag.py:3096} INFO - Sync 1 DAGs
[2024-07-07T19:47:26.100-0300] {logging_mixin.py:188} INFO - [2024-07-07T19:47:26.099-0300] {dag.py:3954} INFO - Setting next_dagrun for example_branch_labels to 2024-07-06 00:00:00+00:00, run_after=2024-07-07 00:00:00+00:00
[2024-07-07T19:47:26.165-0300] {processor.py:183} INFO - Processing /home/johnny/airflow/lib/python3.12/site-packages/airflow/example_dags/example_branch_labels.py took 0.189 seconds
[2024-07-07T19:48:35.114-0300] {processor.py:161} INFO - Started process (PID=35752) to work on /home/johnny/airflow/lib/python3.12/site-packages/airflow/example_dags/example_branch_labels.py
[2024-07-07T19:48:35.117-0300] {processor.py:830} INFO - Processing file /home/johnny/airflow/lib/python3.12/site-packages/airflow/example_dags/example_branch_labels.py for tasks to queue
[2024-07-07T19:48:35.120-0300] {logging_mixin.py:188} INFO - [2024-07-07T19:48:35.119-0300] {dagbag.py:545} INFO - Filling up the DagBag from /home/johnny/airflow/lib/python3.12/site-packages/airflow/example_dags/example_branch_labels.py
[2024-07-07T19:48:35.139-0300] {processor.py:840} INFO - DAG(s) 'example_branch_labels' retrieved from /home/johnny/airflow/lib/python3.12/site-packages/airflow/example_dags/example_branch_labels.py
[2024-07-07T19:48:35.172-0300] {logging_mixin.py:188} INFO - [2024-07-07T19:48:35.171-0300] {dag.py:3096} INFO - Sync 1 DAGs
[2024-07-07T19:48:35.208-0300] {logging_mixin.py:188} INFO - [2024-07-07T19:48:35.208-0300] {dag.py:3954} INFO - Setting next_dagrun for example_branch_labels to 2024-07-06 00:00:00+00:00, run_after=2024-07-07 00:00:00+00:00
[2024-07-07T19:48:35.254-0300] {processor.py:183} INFO - Processing /home/johnny/airflow/lib/python3.12/site-packages/airflow/example_dags/example_branch_labels.py took 0.153 seconds
[2024-07-07T19:49:42.088-0300] {processor.py:161} INFO - Started process (PID=35956) to work on /home/johnny/airflow/lib/python3.12/site-packages/airflow/example_dags/example_branch_labels.py
[2024-07-07T19:49:42.110-0300] {processor.py:830} INFO - Processing file /home/johnny/airflow/lib/python3.12/site-packages/airflow/example_dags/example_branch_labels.py for tasks to queue
[2024-07-07T19:49:42.115-0300] {logging_mixin.py:188} INFO - [2024-07-07T19:49:42.113-0300] {dagbag.py:545} INFO - Filling up the DagBag from /home/johnny/airflow/lib/python3.12/site-packages/airflow/example_dags/example_branch_labels.py
[2024-07-07T19:49:42.135-0300] {processor.py:840} INFO - DAG(s) 'example_branch_labels' retrieved from /home/johnny/airflow/lib/python3.12/site-packages/airflow/example_dags/example_branch_labels.py
[2024-07-07T19:49:42.180-0300] {logging_mixin.py:188} INFO - [2024-07-07T19:49:42.179-0300] {dag.py:3096} INFO - Sync 1 DAGs
[2024-07-07T19:49:42.251-0300] {logging_mixin.py:188} INFO - [2024-07-07T19:49:42.250-0300] {dag.py:3954} INFO - Setting next_dagrun for example_branch_labels to 2024-07-06 00:00:00+00:00, run_after=2024-07-07 00:00:00+00:00
[2024-07-07T19:49:42.318-0300] {processor.py:183} INFO - Processing /home/johnny/airflow/lib/python3.12/site-packages/airflow/example_dags/example_branch_labels.py took 0.245 seconds
[2024-07-07T19:50:49.726-0300] {processor.py:161} INFO - Started process (PID=36134) to work on /home/johnny/airflow/lib/python3.12/site-packages/airflow/example_dags/example_branch_labels.py
[2024-07-07T19:50:49.728-0300] {processor.py:830} INFO - Processing file /home/johnny/airflow/lib/python3.12/site-packages/airflow/example_dags/example_branch_labels.py for tasks to queue
[2024-07-07T19:50:49.731-0300] {logging_mixin.py:188} INFO - [2024-07-07T19:50:49.730-0300] {dagbag.py:545} INFO - Filling up the DagBag from /home/johnny/airflow/lib/python3.12/site-packages/airflow/example_dags/example_branch_labels.py
[2024-07-07T19:50:49.742-0300] {processor.py:840} INFO - DAG(s) 'example_branch_labels' retrieved from /home/johnny/airflow/lib/python3.12/site-packages/airflow/example_dags/example_branch_labels.py
[2024-07-07T19:50:49.783-0300] {logging_mixin.py:188} INFO - [2024-07-07T19:50:49.782-0300] {dag.py:3096} INFO - Sync 1 DAGs
[2024-07-07T19:50:49.836-0300] {logging_mixin.py:188} INFO - [2024-07-07T19:50:49.835-0300] {dag.py:3954} INFO - Setting next_dagrun for example_branch_labels to 2024-07-06 00:00:00+00:00, run_after=2024-07-07 00:00:00+00:00
[2024-07-07T19:50:49.912-0300] {processor.py:183} INFO - Processing /home/johnny/airflow/lib/python3.12/site-packages/airflow/example_dags/example_branch_labels.py took 0.203 seconds
[2024-07-07T19:51:59.858-0300] {processor.py:161} INFO - Started process (PID=36332) to work on /home/johnny/airflow/lib/python3.12/site-packages/airflow/example_dags/example_branch_labels.py
[2024-07-07T19:51:59.865-0300] {processor.py:830} INFO - Processing file /home/johnny/airflow/lib/python3.12/site-packages/airflow/example_dags/example_branch_labels.py for tasks to queue
[2024-07-07T19:51:59.869-0300] {logging_mixin.py:188} INFO - [2024-07-07T19:51:59.868-0300] {dagbag.py:545} INFO - Filling up the DagBag from /home/johnny/airflow/lib/python3.12/site-packages/airflow/example_dags/example_branch_labels.py
[2024-07-07T19:51:59.889-0300] {processor.py:840} INFO - DAG(s) 'example_branch_labels' retrieved from /home/johnny/airflow/lib/python3.12/site-packages/airflow/example_dags/example_branch_labels.py
[2024-07-07T19:51:59.954-0300] {logging_mixin.py:188} INFO - [2024-07-07T19:51:59.951-0300] {dag.py:3096} INFO - Sync 1 DAGs
[2024-07-07T19:51:59.989-0300] {logging_mixin.py:188} INFO - [2024-07-07T19:51:59.989-0300] {dag.py:3954} INFO - Setting next_dagrun for example_branch_labels to 2024-07-06 00:00:00+00:00, run_after=2024-07-07 00:00:00+00:00
[2024-07-07T19:52:00.238-0300] {processor.py:183} INFO - Processing /home/johnny/airflow/lib/python3.12/site-packages/airflow/example_dags/example_branch_labels.py took 0.397 seconds
[2024-07-07T19:53:13.262-0300] {processor.py:161} INFO - Started process (PID=36528) to work on /home/johnny/airflow/lib/python3.12/site-packages/airflow/example_dags/example_branch_labels.py
[2024-07-07T19:53:13.265-0300] {processor.py:830} INFO - Processing file /home/johnny/airflow/lib/python3.12/site-packages/airflow/example_dags/example_branch_labels.py for tasks to queue
[2024-07-07T19:53:13.271-0300] {logging_mixin.py:188} INFO - [2024-07-07T19:53:13.269-0300] {dagbag.py:545} INFO - Filling up the DagBag from /home/johnny/airflow/lib/python3.12/site-packages/airflow/example_dags/example_branch_labels.py
[2024-07-07T19:53:13.309-0300] {processor.py:840} INFO - DAG(s) 'example_branch_labels' retrieved from /home/johnny/airflow/lib/python3.12/site-packages/airflow/example_dags/example_branch_labels.py
[2024-07-07T19:53:13.355-0300] {logging_mixin.py:188} INFO - [2024-07-07T19:53:13.354-0300] {dag.py:3096} INFO - Sync 1 DAGs
[2024-07-07T19:53:13.399-0300] {logging_mixin.py:188} INFO - [2024-07-07T19:53:13.399-0300] {dag.py:3954} INFO - Setting next_dagrun for example_branch_labels to 2024-07-06 00:00:00+00:00, run_after=2024-07-07 00:00:00+00:00
[2024-07-07T19:53:13.441-0300] {processor.py:183} INFO - Processing /home/johnny/airflow/lib/python3.12/site-packages/airflow/example_dags/example_branch_labels.py took 0.195 seconds
[2024-07-07T19:54:21.124-0300] {processor.py:161} INFO - Started process (PID=36714) to work on /home/johnny/airflow/lib/python3.12/site-packages/airflow/example_dags/example_branch_labels.py
[2024-07-07T19:54:21.126-0300] {processor.py:830} INFO - Processing file /home/johnny/airflow/lib/python3.12/site-packages/airflow/example_dags/example_branch_labels.py for tasks to queue
[2024-07-07T19:54:21.127-0300] {logging_mixin.py:188} INFO - [2024-07-07T19:54:21.126-0300] {dagbag.py:545} INFO - Filling up the DagBag from /home/johnny/airflow/lib/python3.12/site-packages/airflow/example_dags/example_branch_labels.py
[2024-07-07T19:54:21.140-0300] {processor.py:840} INFO - DAG(s) 'example_branch_labels' retrieved from /home/johnny/airflow/lib/python3.12/site-packages/airflow/example_dags/example_branch_labels.py
[2024-07-07T19:54:21.160-0300] {logging_mixin.py:188} INFO - [2024-07-07T19:54:21.160-0300] {dag.py:3096} INFO - Sync 1 DAGs
[2024-07-07T19:54:21.183-0300] {logging_mixin.py:188} INFO - [2024-07-07T19:54:21.182-0300] {dag.py:3954} INFO - Setting next_dagrun for example_branch_labels to 2024-07-06 00:00:00+00:00, run_after=2024-07-07 00:00:00+00:00
[2024-07-07T19:54:21.220-0300] {processor.py:183} INFO - Processing /home/johnny/airflow/lib/python3.12/site-packages/airflow/example_dags/example_branch_labels.py took 0.111 seconds
[2024-07-07T19:55:30.066-0300] {processor.py:161} INFO - Started process (PID=36898) to work on /home/johnny/airflow/lib/python3.12/site-packages/airflow/example_dags/example_branch_labels.py
[2024-07-07T19:55:30.072-0300] {processor.py:830} INFO - Processing file /home/johnny/airflow/lib/python3.12/site-packages/airflow/example_dags/example_branch_labels.py for tasks to queue
[2024-07-07T19:55:30.074-0300] {logging_mixin.py:188} INFO - [2024-07-07T19:55:30.073-0300] {dagbag.py:545} INFO - Filling up the DagBag from /home/johnny/airflow/lib/python3.12/site-packages/airflow/example_dags/example_branch_labels.py
[2024-07-07T19:55:30.092-0300] {processor.py:840} INFO - DAG(s) 'example_branch_labels' retrieved from /home/johnny/airflow/lib/python3.12/site-packages/airflow/example_dags/example_branch_labels.py
[2024-07-07T19:55:30.133-0300] {logging_mixin.py:188} INFO - [2024-07-07T19:55:30.133-0300] {dag.py:3096} INFO - Sync 1 DAGs
[2024-07-07T19:55:30.190-0300] {logging_mixin.py:188} INFO - [2024-07-07T19:55:30.189-0300] {dag.py:3954} INFO - Setting next_dagrun for example_branch_labels to 2024-07-06 00:00:00+00:00, run_after=2024-07-07 00:00:00+00:00
[2024-07-07T19:55:30.244-0300] {processor.py:183} INFO - Processing /home/johnny/airflow/lib/python3.12/site-packages/airflow/example_dags/example_branch_labels.py took 0.190 seconds
[2024-07-07T19:56:37.690-0300] {processor.py:161} INFO - Started process (PID=37076) to work on /home/johnny/airflow/lib/python3.12/site-packages/airflow/example_dags/example_branch_labels.py
[2024-07-07T19:56:37.693-0300] {processor.py:830} INFO - Processing file /home/johnny/airflow/lib/python3.12/site-packages/airflow/example_dags/example_branch_labels.py for tasks to queue
[2024-07-07T19:56:37.695-0300] {logging_mixin.py:188} INFO - [2024-07-07T19:56:37.695-0300] {dagbag.py:545} INFO - Filling up the DagBag from /home/johnny/airflow/lib/python3.12/site-packages/airflow/example_dags/example_branch_labels.py
[2024-07-07T19:56:37.712-0300] {processor.py:840} INFO - DAG(s) 'example_branch_labels' retrieved from /home/johnny/airflow/lib/python3.12/site-packages/airflow/example_dags/example_branch_labels.py
[2024-07-07T19:56:37.746-0300] {logging_mixin.py:188} INFO - [2024-07-07T19:56:37.746-0300] {dag.py:3096} INFO - Sync 1 DAGs
[2024-07-07T19:56:37.782-0300] {logging_mixin.py:188} INFO - [2024-07-07T19:56:37.782-0300] {dag.py:3954} INFO - Setting next_dagrun for example_branch_labels to 2024-07-06 00:00:00+00:00, run_after=2024-07-07 00:00:00+00:00
[2024-07-07T19:56:37.828-0300] {processor.py:183} INFO - Processing /home/johnny/airflow/lib/python3.12/site-packages/airflow/example_dags/example_branch_labels.py took 0.153 seconds
[2024-07-07T19:57:59.684-0300] {processor.py:161} INFO - Started process (PID=37313) to work on /home/johnny/airflow/lib/python3.12/site-packages/airflow/example_dags/example_branch_labels.py
[2024-07-07T19:57:59.689-0300] {processor.py:830} INFO - Processing file /home/johnny/airflow/lib/python3.12/site-packages/airflow/example_dags/example_branch_labels.py for tasks to queue
[2024-07-07T19:57:59.692-0300] {logging_mixin.py:188} INFO - [2024-07-07T19:57:59.691-0300] {dagbag.py:545} INFO - Filling up the DagBag from /home/johnny/airflow/lib/python3.12/site-packages/airflow/example_dags/example_branch_labels.py
[2024-07-07T19:57:59.728-0300] {processor.py:840} INFO - DAG(s) 'example_branch_labels' retrieved from /home/johnny/airflow/lib/python3.12/site-packages/airflow/example_dags/example_branch_labels.py
[2024-07-07T19:57:59.765-0300] {logging_mixin.py:188} INFO - [2024-07-07T19:57:59.764-0300] {dag.py:3096} INFO - Sync 1 DAGs
[2024-07-07T19:57:59.808-0300] {logging_mixin.py:188} INFO - [2024-07-07T19:57:59.808-0300] {dag.py:3954} INFO - Setting next_dagrun for example_branch_labels to 2024-07-06 00:00:00+00:00, run_after=2024-07-07 00:00:00+00:00
[2024-07-07T19:57:59.849-0300] {processor.py:183} INFO - Processing /home/johnny/airflow/lib/python3.12/site-packages/airflow/example_dags/example_branch_labels.py took 0.183 seconds
[2024-07-07T19:59:05.292-0300] {processor.py:161} INFO - Started process (PID=37493) to work on /home/johnny/airflow/lib/python3.12/site-packages/airflow/example_dags/example_branch_labels.py
[2024-07-07T19:59:05.298-0300] {processor.py:830} INFO - Processing file /home/johnny/airflow/lib/python3.12/site-packages/airflow/example_dags/example_branch_labels.py for tasks to queue
[2024-07-07T19:59:05.301-0300] {logging_mixin.py:188} INFO - [2024-07-07T19:59:05.300-0300] {dagbag.py:545} INFO - Filling up the DagBag from /home/johnny/airflow/lib/python3.12/site-packages/airflow/example_dags/example_branch_labels.py
[2024-07-07T19:59:05.318-0300] {processor.py:840} INFO - DAG(s) 'example_branch_labels' retrieved from /home/johnny/airflow/lib/python3.12/site-packages/airflow/example_dags/example_branch_labels.py
[2024-07-07T19:59:05.347-0300] {logging_mixin.py:188} INFO - [2024-07-07T19:59:05.347-0300] {dag.py:3096} INFO - Sync 1 DAGs
[2024-07-07T19:59:05.376-0300] {logging_mixin.py:188} INFO - [2024-07-07T19:59:05.375-0300] {dag.py:3954} INFO - Setting next_dagrun for example_branch_labels to 2024-07-06 00:00:00+00:00, run_after=2024-07-07 00:00:00+00:00
[2024-07-07T19:59:05.434-0300] {processor.py:183} INFO - Processing /home/johnny/airflow/lib/python3.12/site-packages/airflow/example_dags/example_branch_labels.py took 0.155 seconds
[2024-07-07T20:00:09.218-0300] {processor.py:161} INFO - Started process (PID=37673) to work on /home/johnny/airflow/lib/python3.12/site-packages/airflow/example_dags/example_branch_labels.py
[2024-07-07T20:00:09.222-0300] {processor.py:830} INFO - Processing file /home/johnny/airflow/lib/python3.12/site-packages/airflow/example_dags/example_branch_labels.py for tasks to queue
[2024-07-07T20:00:09.225-0300] {logging_mixin.py:188} INFO - [2024-07-07T20:00:09.224-0300] {dagbag.py:545} INFO - Filling up the DagBag from /home/johnny/airflow/lib/python3.12/site-packages/airflow/example_dags/example_branch_labels.py
[2024-07-07T20:00:09.245-0300] {processor.py:840} INFO - DAG(s) 'example_branch_labels' retrieved from /home/johnny/airflow/lib/python3.12/site-packages/airflow/example_dags/example_branch_labels.py
[2024-07-07T20:00:09.284-0300] {logging_mixin.py:188} INFO - [2024-07-07T20:00:09.283-0300] {dag.py:3096} INFO - Sync 1 DAGs
[2024-07-07T20:00:09.348-0300] {logging_mixin.py:188} INFO - [2024-07-07T20:00:09.347-0300] {dag.py:3954} INFO - Setting next_dagrun for example_branch_labels to 2024-07-06 00:00:00+00:00, run_after=2024-07-07 00:00:00+00:00
[2024-07-07T20:00:09.402-0300] {processor.py:183} INFO - Processing /home/johnny/airflow/lib/python3.12/site-packages/airflow/example_dags/example_branch_labels.py took 0.196 seconds
[2024-07-07T20:01:16.777-0300] {processor.py:161} INFO - Started process (PID=37865) to work on /home/johnny/airflow/lib/python3.12/site-packages/airflow/example_dags/example_branch_labels.py
[2024-07-07T20:01:16.780-0300] {processor.py:830} INFO - Processing file /home/johnny/airflow/lib/python3.12/site-packages/airflow/example_dags/example_branch_labels.py for tasks to queue
[2024-07-07T20:01:16.782-0300] {logging_mixin.py:188} INFO - [2024-07-07T20:01:16.782-0300] {dagbag.py:545} INFO - Filling up the DagBag from /home/johnny/airflow/lib/python3.12/site-packages/airflow/example_dags/example_branch_labels.py
[2024-07-07T20:01:16.800-0300] {processor.py:840} INFO - DAG(s) 'example_branch_labels' retrieved from /home/johnny/airflow/lib/python3.12/site-packages/airflow/example_dags/example_branch_labels.py
[2024-07-07T20:01:16.837-0300] {logging_mixin.py:188} INFO - [2024-07-07T20:01:16.836-0300] {dag.py:3096} INFO - Sync 1 DAGs
[2024-07-07T20:01:16.897-0300] {logging_mixin.py:188} INFO - [2024-07-07T20:01:16.897-0300] {dag.py:3954} INFO - Setting next_dagrun for example_branch_labels to 2024-07-06 00:00:00+00:00, run_after=2024-07-07 00:00:00+00:00
[2024-07-07T20:01:16.955-0300] {processor.py:183} INFO - Processing /home/johnny/airflow/lib/python3.12/site-packages/airflow/example_dags/example_branch_labels.py took 0.191 seconds
[2024-07-07T20:02:20.946-0300] {processor.py:161} INFO - Started process (PID=38042) to work on /home/johnny/airflow/lib/python3.12/site-packages/airflow/example_dags/example_branch_labels.py
[2024-07-07T20:02:20.949-0300] {processor.py:830} INFO - Processing file /home/johnny/airflow/lib/python3.12/site-packages/airflow/example_dags/example_branch_labels.py for tasks to queue
[2024-07-07T20:02:20.951-0300] {logging_mixin.py:188} INFO - [2024-07-07T20:02:20.951-0300] {dagbag.py:545} INFO - Filling up the DagBag from /home/johnny/airflow/lib/python3.12/site-packages/airflow/example_dags/example_branch_labels.py
[2024-07-07T20:02:20.969-0300] {processor.py:840} INFO - DAG(s) 'example_branch_labels' retrieved from /home/johnny/airflow/lib/python3.12/site-packages/airflow/example_dags/example_branch_labels.py
[2024-07-07T20:02:21.006-0300] {logging_mixin.py:188} INFO - [2024-07-07T20:02:21.005-0300] {dag.py:3096} INFO - Sync 1 DAGs
[2024-07-07T20:02:21.057-0300] {logging_mixin.py:188} INFO - [2024-07-07T20:02:21.056-0300] {dag.py:3954} INFO - Setting next_dagrun for example_branch_labels to 2024-07-06 00:00:00+00:00, run_after=2024-07-07 00:00:00+00:00
[2024-07-07T20:02:21.104-0300] {processor.py:183} INFO - Processing /home/johnny/airflow/lib/python3.12/site-packages/airflow/example_dags/example_branch_labels.py took 0.170 seconds
[2024-07-07T20:03:30.010-0300] {processor.py:161} INFO - Started process (PID=38222) to work on /home/johnny/airflow/lib/python3.12/site-packages/airflow/example_dags/example_branch_labels.py
[2024-07-07T20:03:30.012-0300] {processor.py:830} INFO - Processing file /home/johnny/airflow/lib/python3.12/site-packages/airflow/example_dags/example_branch_labels.py for tasks to queue
[2024-07-07T20:03:30.015-0300] {logging_mixin.py:188} INFO - [2024-07-07T20:03:30.014-0300] {dagbag.py:545} INFO - Filling up the DagBag from /home/johnny/airflow/lib/python3.12/site-packages/airflow/example_dags/example_branch_labels.py
[2024-07-07T20:03:30.049-0300] {processor.py:840} INFO - DAG(s) 'example_branch_labels' retrieved from /home/johnny/airflow/lib/python3.12/site-packages/airflow/example_dags/example_branch_labels.py
[2024-07-07T20:03:30.109-0300] {logging_mixin.py:188} INFO - [2024-07-07T20:03:30.109-0300] {dag.py:3096} INFO - Sync 1 DAGs
[2024-07-07T20:03:30.190-0300] {logging_mixin.py:188} INFO - [2024-07-07T20:03:30.189-0300] {dag.py:3954} INFO - Setting next_dagrun for example_branch_labels to 2024-07-06 00:00:00+00:00, run_after=2024-07-07 00:00:00+00:00
[2024-07-07T20:03:30.239-0300] {processor.py:183} INFO - Processing /home/johnny/airflow/lib/python3.12/site-packages/airflow/example_dags/example_branch_labels.py took 0.245 seconds
[2024-07-07T20:04:52.520-0300] {processor.py:161} INFO - Started process (PID=38458) to work on /home/johnny/airflow/lib/python3.12/site-packages/airflow/example_dags/example_branch_labels.py
[2024-07-07T20:04:52.523-0300] {processor.py:830} INFO - Processing file /home/johnny/airflow/lib/python3.12/site-packages/airflow/example_dags/example_branch_labels.py for tasks to queue
[2024-07-07T20:04:52.526-0300] {logging_mixin.py:188} INFO - [2024-07-07T20:04:52.524-0300] {dagbag.py:545} INFO - Filling up the DagBag from /home/johnny/airflow/lib/python3.12/site-packages/airflow/example_dags/example_branch_labels.py
[2024-07-07T20:04:52.546-0300] {processor.py:840} INFO - DAG(s) 'example_branch_labels' retrieved from /home/johnny/airflow/lib/python3.12/site-packages/airflow/example_dags/example_branch_labels.py
[2024-07-07T20:04:52.578-0300] {logging_mixin.py:188} INFO - [2024-07-07T20:04:52.578-0300] {dag.py:3096} INFO - Sync 1 DAGs
[2024-07-07T20:04:52.618-0300] {logging_mixin.py:188} INFO - [2024-07-07T20:04:52.618-0300] {dag.py:3954} INFO - Setting next_dagrun for example_branch_labels to 2024-07-06 00:00:00+00:00, run_after=2024-07-07 00:00:00+00:00
[2024-07-07T20:04:52.647-0300] {processor.py:183} INFO - Processing /home/johnny/airflow/lib/python3.12/site-packages/airflow/example_dags/example_branch_labels.py took 0.142 seconds
[2024-07-07T20:05:55.095-0300] {processor.py:161} INFO - Started process (PID=38640) to work on /home/johnny/airflow/lib/python3.12/site-packages/airflow/example_dags/example_branch_labels.py
[2024-07-07T20:05:55.097-0300] {processor.py:830} INFO - Processing file /home/johnny/airflow/lib/python3.12/site-packages/airflow/example_dags/example_branch_labels.py for tasks to queue
[2024-07-07T20:05:55.099-0300] {logging_mixin.py:188} INFO - [2024-07-07T20:05:55.098-0300] {dagbag.py:545} INFO - Filling up the DagBag from /home/johnny/airflow/lib/python3.12/site-packages/airflow/example_dags/example_branch_labels.py
[2024-07-07T20:05:55.116-0300] {processor.py:840} INFO - DAG(s) 'example_branch_labels' retrieved from /home/johnny/airflow/lib/python3.12/site-packages/airflow/example_dags/example_branch_labels.py
[2024-07-07T20:05:55.150-0300] {logging_mixin.py:188} INFO - [2024-07-07T20:05:55.149-0300] {dag.py:3096} INFO - Sync 1 DAGs
[2024-07-07T20:05:55.184-0300] {logging_mixin.py:188} INFO - [2024-07-07T20:05:55.183-0300] {dag.py:3954} INFO - Setting next_dagrun for example_branch_labels to 2024-07-06 00:00:00+00:00, run_after=2024-07-07 00:00:00+00:00
[2024-07-07T20:05:55.223-0300] {processor.py:183} INFO - Processing /home/johnny/airflow/lib/python3.12/site-packages/airflow/example_dags/example_branch_labels.py took 0.140 seconds
[2024-07-07T20:06:59.567-0300] {processor.py:161} INFO - Started process (PID=38808) to work on /home/johnny/airflow/lib/python3.12/site-packages/airflow/example_dags/example_branch_labels.py
[2024-07-07T20:06:59.573-0300] {processor.py:830} INFO - Processing file /home/johnny/airflow/lib/python3.12/site-packages/airflow/example_dags/example_branch_labels.py for tasks to queue
[2024-07-07T20:06:59.575-0300] {logging_mixin.py:188} INFO - [2024-07-07T20:06:59.574-0300] {dagbag.py:545} INFO - Filling up the DagBag from /home/johnny/airflow/lib/python3.12/site-packages/airflow/example_dags/example_branch_labels.py
[2024-07-07T20:06:59.595-0300] {processor.py:840} INFO - DAG(s) 'example_branch_labels' retrieved from /home/johnny/airflow/lib/python3.12/site-packages/airflow/example_dags/example_branch_labels.py
[2024-07-07T20:06:59.635-0300] {logging_mixin.py:188} INFO - [2024-07-07T20:06:59.634-0300] {dag.py:3096} INFO - Sync 1 DAGs
[2024-07-07T20:06:59.686-0300] {logging_mixin.py:188} INFO - [2024-07-07T20:06:59.686-0300] {dag.py:3954} INFO - Setting next_dagrun for example_branch_labels to 2024-07-06 00:00:00+00:00, run_after=2024-07-07 00:00:00+00:00
[2024-07-07T20:06:59.731-0300] {processor.py:183} INFO - Processing /home/johnny/airflow/lib/python3.12/site-packages/airflow/example_dags/example_branch_labels.py took 0.175 seconds
[2024-07-07T20:08:07.087-0300] {processor.py:161} INFO - Started process (PID=38992) to work on /home/johnny/airflow/lib/python3.12/site-packages/airflow/example_dags/example_branch_labels.py
[2024-07-07T20:08:07.089-0300] {processor.py:830} INFO - Processing file /home/johnny/airflow/lib/python3.12/site-packages/airflow/example_dags/example_branch_labels.py for tasks to queue
[2024-07-07T20:08:07.091-0300] {logging_mixin.py:188} INFO - [2024-07-07T20:08:07.091-0300] {dagbag.py:545} INFO - Filling up the DagBag from /home/johnny/airflow/lib/python3.12/site-packages/airflow/example_dags/example_branch_labels.py
[2024-07-07T20:08:07.108-0300] {processor.py:840} INFO - DAG(s) 'example_branch_labels' retrieved from /home/johnny/airflow/lib/python3.12/site-packages/airflow/example_dags/example_branch_labels.py
[2024-07-07T20:08:07.143-0300] {logging_mixin.py:188} INFO - [2024-07-07T20:08:07.142-0300] {dag.py:3096} INFO - Sync 1 DAGs
[2024-07-07T20:08:07.184-0300] {logging_mixin.py:188} INFO - [2024-07-07T20:08:07.183-0300] {dag.py:3954} INFO - Setting next_dagrun for example_branch_labels to 2024-07-06 00:00:00+00:00, run_after=2024-07-07 00:00:00+00:00
[2024-07-07T20:08:07.223-0300] {processor.py:183} INFO - Processing /home/johnny/airflow/lib/python3.12/site-packages/airflow/example_dags/example_branch_labels.py took 0.149 seconds
[2024-07-07T20:09:19.296-0300] {processor.py:161} INFO - Started process (PID=39194) to work on /home/johnny/airflow/lib/python3.12/site-packages/airflow/example_dags/example_branch_labels.py
[2024-07-07T20:09:19.299-0300] {processor.py:830} INFO - Processing file /home/johnny/airflow/lib/python3.12/site-packages/airflow/example_dags/example_branch_labels.py for tasks to queue
[2024-07-07T20:09:19.301-0300] {logging_mixin.py:188} INFO - [2024-07-07T20:09:19.300-0300] {dagbag.py:545} INFO - Filling up the DagBag from /home/johnny/airflow/lib/python3.12/site-packages/airflow/example_dags/example_branch_labels.py
[2024-07-07T20:09:19.319-0300] {processor.py:840} INFO - DAG(s) 'example_branch_labels' retrieved from /home/johnny/airflow/lib/python3.12/site-packages/airflow/example_dags/example_branch_labels.py
[2024-07-07T20:09:19.350-0300] {logging_mixin.py:188} INFO - [2024-07-07T20:09:19.350-0300] {dag.py:3096} INFO - Sync 1 DAGs
[2024-07-07T20:09:19.385-0300] {logging_mixin.py:188} INFO - [2024-07-07T20:09:19.385-0300] {dag.py:3954} INFO - Setting next_dagrun for example_branch_labels to 2024-07-06 00:00:00+00:00, run_after=2024-07-07 00:00:00+00:00
[2024-07-07T20:09:19.482-0300] {processor.py:183} INFO - Processing /home/johnny/airflow/lib/python3.12/site-packages/airflow/example_dags/example_branch_labels.py took 0.199 seconds
[2024-07-07T20:10:25.570-0300] {processor.py:161} INFO - Started process (PID=39374) to work on /home/johnny/airflow/lib/python3.12/site-packages/airflow/example_dags/example_branch_labels.py
[2024-07-07T20:10:25.573-0300] {processor.py:830} INFO - Processing file /home/johnny/airflow/lib/python3.12/site-packages/airflow/example_dags/example_branch_labels.py for tasks to queue
[2024-07-07T20:10:25.575-0300] {logging_mixin.py:188} INFO - [2024-07-07T20:10:25.575-0300] {dagbag.py:545} INFO - Filling up the DagBag from /home/johnny/airflow/lib/python3.12/site-packages/airflow/example_dags/example_branch_labels.py
[2024-07-07T20:10:25.591-0300] {processor.py:840} INFO - DAG(s) 'example_branch_labels' retrieved from /home/johnny/airflow/lib/python3.12/site-packages/airflow/example_dags/example_branch_labels.py
[2024-07-07T20:10:25.622-0300] {logging_mixin.py:188} INFO - [2024-07-07T20:10:25.622-0300] {dag.py:3096} INFO - Sync 1 DAGs
[2024-07-07T20:10:25.655-0300] {logging_mixin.py:188} INFO - [2024-07-07T20:10:25.655-0300] {dag.py:3954} INFO - Setting next_dagrun for example_branch_labels to 2024-07-06 00:00:00+00:00, run_after=2024-07-07 00:00:00+00:00
[2024-07-07T20:10:25.690-0300] {processor.py:183} INFO - Processing /home/johnny/airflow/lib/python3.12/site-packages/airflow/example_dags/example_branch_labels.py took 0.132 seconds
[2024-07-07T20:11:28.685-0300] {processor.py:161} INFO - Started process (PID=39555) to work on /home/johnny/airflow/lib/python3.12/site-packages/airflow/example_dags/example_branch_labels.py
[2024-07-07T20:11:28.688-0300] {processor.py:830} INFO - Processing file /home/johnny/airflow/lib/python3.12/site-packages/airflow/example_dags/example_branch_labels.py for tasks to queue
[2024-07-07T20:11:28.691-0300] {logging_mixin.py:188} INFO - [2024-07-07T20:11:28.690-0300] {dagbag.py:545} INFO - Filling up the DagBag from /home/johnny/airflow/lib/python3.12/site-packages/airflow/example_dags/example_branch_labels.py
[2024-07-07T20:11:28.711-0300] {processor.py:840} INFO - DAG(s) 'example_branch_labels' retrieved from /home/johnny/airflow/lib/python3.12/site-packages/airflow/example_dags/example_branch_labels.py
[2024-07-07T20:11:28.752-0300] {logging_mixin.py:188} INFO - [2024-07-07T20:11:28.751-0300] {dag.py:3096} INFO - Sync 1 DAGs
[2024-07-07T20:11:28.785-0300] {logging_mixin.py:188} INFO - [2024-07-07T20:11:28.785-0300] {dag.py:3954} INFO - Setting next_dagrun for example_branch_labels to 2024-07-06 00:00:00+00:00, run_after=2024-07-07 00:00:00+00:00
[2024-07-07T20:11:28.834-0300] {processor.py:183} INFO - Processing /home/johnny/airflow/lib/python3.12/site-packages/airflow/example_dags/example_branch_labels.py took 0.165 seconds
[2024-07-07T20:12:31.614-0300] {processor.py:161} INFO - Started process (PID=39719) to work on /home/johnny/airflow/lib/python3.12/site-packages/airflow/example_dags/example_branch_labels.py
[2024-07-07T20:12:31.617-0300] {processor.py:830} INFO - Processing file /home/johnny/airflow/lib/python3.12/site-packages/airflow/example_dags/example_branch_labels.py for tasks to queue
[2024-07-07T20:12:31.619-0300] {logging_mixin.py:188} INFO - [2024-07-07T20:12:31.619-0300] {dagbag.py:545} INFO - Filling up the DagBag from /home/johnny/airflow/lib/python3.12/site-packages/airflow/example_dags/example_branch_labels.py
[2024-07-07T20:12:31.639-0300] {processor.py:840} INFO - DAG(s) 'example_branch_labels' retrieved from /home/johnny/airflow/lib/python3.12/site-packages/airflow/example_dags/example_branch_labels.py
[2024-07-07T20:12:31.671-0300] {logging_mixin.py:188} INFO - [2024-07-07T20:12:31.671-0300] {dag.py:3096} INFO - Sync 1 DAGs
[2024-07-07T20:12:31.707-0300] {logging_mixin.py:188} INFO - [2024-07-07T20:12:31.706-0300] {dag.py:3954} INFO - Setting next_dagrun for example_branch_labels to 2024-07-06 00:00:00+00:00, run_after=2024-07-07 00:00:00+00:00
[2024-07-07T20:12:31.757-0300] {processor.py:183} INFO - Processing /home/johnny/airflow/lib/python3.12/site-packages/airflow/example_dags/example_branch_labels.py took 0.162 seconds
[2024-07-07T20:13:34.316-0300] {processor.py:161} INFO - Started process (PID=39890) to work on /home/johnny/airflow/lib/python3.12/site-packages/airflow/example_dags/example_branch_labels.py
[2024-07-07T20:13:34.322-0300] {processor.py:830} INFO - Processing file /home/johnny/airflow/lib/python3.12/site-packages/airflow/example_dags/example_branch_labels.py for tasks to queue
[2024-07-07T20:13:34.324-0300] {logging_mixin.py:188} INFO - [2024-07-07T20:13:34.323-0300] {dagbag.py:545} INFO - Filling up the DagBag from /home/johnny/airflow/lib/python3.12/site-packages/airflow/example_dags/example_branch_labels.py
[2024-07-07T20:13:34.341-0300] {processor.py:840} INFO - DAG(s) 'example_branch_labels' retrieved from /home/johnny/airflow/lib/python3.12/site-packages/airflow/example_dags/example_branch_labels.py
[2024-07-07T20:13:34.375-0300] {logging_mixin.py:188} INFO - [2024-07-07T20:13:34.374-0300] {dag.py:3096} INFO - Sync 1 DAGs
[2024-07-07T20:13:34.409-0300] {logging_mixin.py:188} INFO - [2024-07-07T20:13:34.409-0300] {dag.py:3954} INFO - Setting next_dagrun for example_branch_labels to 2024-07-06 00:00:00+00:00, run_after=2024-07-07 00:00:00+00:00
[2024-07-07T20:13:34.444-0300] {processor.py:183} INFO - Processing /home/johnny/airflow/lib/python3.12/site-packages/airflow/example_dags/example_branch_labels.py took 0.139 seconds
[2024-07-07T20:14:37.552-0300] {processor.py:161} INFO - Started process (PID=40067) to work on /home/johnny/airflow/lib/python3.12/site-packages/airflow/example_dags/example_branch_labels.py
[2024-07-07T20:14:37.556-0300] {processor.py:830} INFO - Processing file /home/johnny/airflow/lib/python3.12/site-packages/airflow/example_dags/example_branch_labels.py for tasks to queue
[2024-07-07T20:14:37.559-0300] {logging_mixin.py:188} INFO - [2024-07-07T20:14:37.558-0300] {dagbag.py:545} INFO - Filling up the DagBag from /home/johnny/airflow/lib/python3.12/site-packages/airflow/example_dags/example_branch_labels.py
[2024-07-07T20:14:37.581-0300] {processor.py:840} INFO - DAG(s) 'example_branch_labels' retrieved from /home/johnny/airflow/lib/python3.12/site-packages/airflow/example_dags/example_branch_labels.py
[2024-07-07T20:14:37.619-0300] {logging_mixin.py:188} INFO - [2024-07-07T20:14:37.618-0300] {dag.py:3096} INFO - Sync 1 DAGs
[2024-07-07T20:14:37.668-0300] {logging_mixin.py:188} INFO - [2024-07-07T20:14:37.668-0300] {dag.py:3954} INFO - Setting next_dagrun for example_branch_labels to 2024-07-06 00:00:00+00:00, run_after=2024-07-07 00:00:00+00:00
[2024-07-07T20:14:37.707-0300] {processor.py:183} INFO - Processing /home/johnny/airflow/lib/python3.12/site-packages/airflow/example_dags/example_branch_labels.py took 0.173 seconds
[2024-07-07T20:15:37.667-0300] {processor.py:161} INFO - Started process (PID=40241) to work on /home/johnny/airflow/lib/python3.12/site-packages/airflow/example_dags/example_branch_labels.py
[2024-07-07T20:15:37.670-0300] {processor.py:830} INFO - Processing file /home/johnny/airflow/lib/python3.12/site-packages/airflow/example_dags/example_branch_labels.py for tasks to queue
[2024-07-07T20:15:37.672-0300] {logging_mixin.py:188} INFO - [2024-07-07T20:15:37.671-0300] {dagbag.py:545} INFO - Filling up the DagBag from /home/johnny/airflow/lib/python3.12/site-packages/airflow/example_dags/example_branch_labels.py
[2024-07-07T20:15:37.689-0300] {processor.py:840} INFO - DAG(s) 'example_branch_labels' retrieved from /home/johnny/airflow/lib/python3.12/site-packages/airflow/example_dags/example_branch_labels.py
[2024-07-07T20:15:37.724-0300] {logging_mixin.py:188} INFO - [2024-07-07T20:15:37.723-0300] {dag.py:3096} INFO - Sync 1 DAGs
[2024-07-07T20:15:37.761-0300] {logging_mixin.py:188} INFO - [2024-07-07T20:15:37.761-0300] {dag.py:3954} INFO - Setting next_dagrun for example_branch_labels to 2024-07-06 00:00:00+00:00, run_after=2024-07-07 00:00:00+00:00
[2024-07-07T20:15:37.801-0300] {processor.py:183} INFO - Processing /home/johnny/airflow/lib/python3.12/site-packages/airflow/example_dags/example_branch_labels.py took 0.146 seconds
[2024-07-07T20:16:40.153-0300] {processor.py:161} INFO - Started process (PID=40412) to work on /home/johnny/airflow/lib/python3.12/site-packages/airflow/example_dags/example_branch_labels.py
[2024-07-07T20:16:40.156-0300] {processor.py:830} INFO - Processing file /home/johnny/airflow/lib/python3.12/site-packages/airflow/example_dags/example_branch_labels.py for tasks to queue
[2024-07-07T20:16:40.158-0300] {logging_mixin.py:188} INFO - [2024-07-07T20:16:40.158-0300] {dagbag.py:545} INFO - Filling up the DagBag from /home/johnny/airflow/lib/python3.12/site-packages/airflow/example_dags/example_branch_labels.py
[2024-07-07T20:16:40.177-0300] {processor.py:840} INFO - DAG(s) 'example_branch_labels' retrieved from /home/johnny/airflow/lib/python3.12/site-packages/airflow/example_dags/example_branch_labels.py
[2024-07-07T20:16:40.216-0300] {logging_mixin.py:188} INFO - [2024-07-07T20:16:40.215-0300] {dag.py:3096} INFO - Sync 1 DAGs
[2024-07-07T20:16:40.276-0300] {logging_mixin.py:188} INFO - [2024-07-07T20:16:40.275-0300] {dag.py:3954} INFO - Setting next_dagrun for example_branch_labels to 2024-07-06 00:00:00+00:00, run_after=2024-07-07 00:00:00+00:00
[2024-07-07T20:16:40.315-0300] {processor.py:183} INFO - Processing /home/johnny/airflow/lib/python3.12/site-packages/airflow/example_dags/example_branch_labels.py took 0.174 seconds
[2024-07-07T20:17:43.319-0300] {processor.py:161} INFO - Started process (PID=40586) to work on /home/johnny/airflow/lib/python3.12/site-packages/airflow/example_dags/example_branch_labels.py
[2024-07-07T20:17:43.321-0300] {processor.py:830} INFO - Processing file /home/johnny/airflow/lib/python3.12/site-packages/airflow/example_dags/example_branch_labels.py for tasks to queue
[2024-07-07T20:17:43.324-0300] {logging_mixin.py:188} INFO - [2024-07-07T20:17:43.323-0300] {dagbag.py:545} INFO - Filling up the DagBag from /home/johnny/airflow/lib/python3.12/site-packages/airflow/example_dags/example_branch_labels.py
[2024-07-07T20:17:43.341-0300] {processor.py:840} INFO - DAG(s) 'example_branch_labels' retrieved from /home/johnny/airflow/lib/python3.12/site-packages/airflow/example_dags/example_branch_labels.py
[2024-07-07T20:17:43.377-0300] {logging_mixin.py:188} INFO - [2024-07-07T20:17:43.376-0300] {dag.py:3096} INFO - Sync 1 DAGs
[2024-07-07T20:17:43.417-0300] {logging_mixin.py:188} INFO - [2024-07-07T20:17:43.416-0300] {dag.py:3954} INFO - Setting next_dagrun for example_branch_labels to 2024-07-06 00:00:00+00:00, run_after=2024-07-07 00:00:00+00:00
[2024-07-07T20:17:43.451-0300] {processor.py:183} INFO - Processing /home/johnny/airflow/lib/python3.12/site-packages/airflow/example_dags/example_branch_labels.py took 0.143 seconds
[2024-07-07T20:18:46.241-0300] {processor.py:161} INFO - Started process (PID=40760) to work on /home/johnny/airflow/lib/python3.12/site-packages/airflow/example_dags/example_branch_labels.py
[2024-07-07T20:18:46.247-0300] {processor.py:830} INFO - Processing file /home/johnny/airflow/lib/python3.12/site-packages/airflow/example_dags/example_branch_labels.py for tasks to queue
[2024-07-07T20:18:46.249-0300] {logging_mixin.py:188} INFO - [2024-07-07T20:18:46.248-0300] {dagbag.py:545} INFO - Filling up the DagBag from /home/johnny/airflow/lib/python3.12/site-packages/airflow/example_dags/example_branch_labels.py
[2024-07-07T20:18:46.267-0300] {processor.py:840} INFO - DAG(s) 'example_branch_labels' retrieved from /home/johnny/airflow/lib/python3.12/site-packages/airflow/example_dags/example_branch_labels.py
[2024-07-07T20:18:46.300-0300] {logging_mixin.py:188} INFO - [2024-07-07T20:18:46.300-0300] {dag.py:3096} INFO - Sync 1 DAGs
[2024-07-07T20:18:46.332-0300] {logging_mixin.py:188} INFO - [2024-07-07T20:18:46.331-0300] {dag.py:3954} INFO - Setting next_dagrun for example_branch_labels to 2024-07-06 00:00:00+00:00, run_after=2024-07-07 00:00:00+00:00
[2024-07-07T20:18:46.367-0300] {processor.py:183} INFO - Processing /home/johnny/airflow/lib/python3.12/site-packages/airflow/example_dags/example_branch_labels.py took 0.138 seconds
[2024-07-07T20:19:50.170-0300] {processor.py:161} INFO - Started process (PID=40932) to work on /home/johnny/airflow/lib/python3.12/site-packages/airflow/example_dags/example_branch_labels.py
[2024-07-07T20:19:50.174-0300] {processor.py:830} INFO - Processing file /home/johnny/airflow/lib/python3.12/site-packages/airflow/example_dags/example_branch_labels.py for tasks to queue
[2024-07-07T20:19:50.177-0300] {logging_mixin.py:188} INFO - [2024-07-07T20:19:50.176-0300] {dagbag.py:545} INFO - Filling up the DagBag from /home/johnny/airflow/lib/python3.12/site-packages/airflow/example_dags/example_branch_labels.py
[2024-07-07T20:19:50.195-0300] {processor.py:840} INFO - DAG(s) 'example_branch_labels' retrieved from /home/johnny/airflow/lib/python3.12/site-packages/airflow/example_dags/example_branch_labels.py
[2024-07-07T20:19:50.229-0300] {logging_mixin.py:188} INFO - [2024-07-07T20:19:50.228-0300] {dag.py:3096} INFO - Sync 1 DAGs
[2024-07-07T20:19:50.261-0300] {logging_mixin.py:188} INFO - [2024-07-07T20:19:50.261-0300] {dag.py:3954} INFO - Setting next_dagrun for example_branch_labels to 2024-07-06 00:00:00+00:00, run_after=2024-07-07 00:00:00+00:00
[2024-07-07T20:19:50.307-0300] {processor.py:183} INFO - Processing /home/johnny/airflow/lib/python3.12/site-packages/airflow/example_dags/example_branch_labels.py took 0.150 seconds
[2024-07-07T20:20:51.921-0300] {processor.py:161} INFO - Started process (PID=41103) to work on /home/johnny/airflow/lib/python3.12/site-packages/airflow/example_dags/example_branch_labels.py
[2024-07-07T20:20:51.927-0300] {processor.py:830} INFO - Processing file /home/johnny/airflow/lib/python3.12/site-packages/airflow/example_dags/example_branch_labels.py for tasks to queue
[2024-07-07T20:20:51.930-0300] {logging_mixin.py:188} INFO - [2024-07-07T20:20:51.929-0300] {dagbag.py:545} INFO - Filling up the DagBag from /home/johnny/airflow/lib/python3.12/site-packages/airflow/example_dags/example_branch_labels.py
[2024-07-07T20:20:51.948-0300] {processor.py:840} INFO - DAG(s) 'example_branch_labels' retrieved from /home/johnny/airflow/lib/python3.12/site-packages/airflow/example_dags/example_branch_labels.py
[2024-07-07T20:20:51.985-0300] {logging_mixin.py:188} INFO - [2024-07-07T20:20:51.984-0300] {dag.py:3096} INFO - Sync 1 DAGs
[2024-07-07T20:20:52.039-0300] {logging_mixin.py:188} INFO - [2024-07-07T20:20:52.039-0300] {dag.py:3954} INFO - Setting next_dagrun for example_branch_labels to 2024-07-06 00:00:00+00:00, run_after=2024-07-07 00:00:00+00:00
[2024-07-07T20:20:52.090-0300] {processor.py:183} INFO - Processing /home/johnny/airflow/lib/python3.12/site-packages/airflow/example_dags/example_branch_labels.py took 0.181 seconds
[2024-07-07T20:21:54.638-0300] {processor.py:161} INFO - Started process (PID=41271) to work on /home/johnny/airflow/lib/python3.12/site-packages/airflow/example_dags/example_branch_labels.py
[2024-07-07T20:21:54.641-0300] {processor.py:830} INFO - Processing file /home/johnny/airflow/lib/python3.12/site-packages/airflow/example_dags/example_branch_labels.py for tasks to queue
[2024-07-07T20:21:54.643-0300] {logging_mixin.py:188} INFO - [2024-07-07T20:21:54.642-0300] {dagbag.py:545} INFO - Filling up the DagBag from /home/johnny/airflow/lib/python3.12/site-packages/airflow/example_dags/example_branch_labels.py
[2024-07-07T20:21:54.659-0300] {processor.py:840} INFO - DAG(s) 'example_branch_labels' retrieved from /home/johnny/airflow/lib/python3.12/site-packages/airflow/example_dags/example_branch_labels.py
[2024-07-07T20:21:54.693-0300] {logging_mixin.py:188} INFO - [2024-07-07T20:21:54.693-0300] {dag.py:3096} INFO - Sync 1 DAGs
[2024-07-07T20:21:54.742-0300] {logging_mixin.py:188} INFO - [2024-07-07T20:21:54.741-0300] {dag.py:3954} INFO - Setting next_dagrun for example_branch_labels to 2024-07-06 00:00:00+00:00, run_after=2024-07-07 00:00:00+00:00
[2024-07-07T20:21:54.793-0300] {processor.py:183} INFO - Processing /home/johnny/airflow/lib/python3.12/site-packages/airflow/example_dags/example_branch_labels.py took 0.165 seconds
[2024-07-07T20:23:01.397-0300] {processor.py:161} INFO - Started process (PID=41458) to work on /home/johnny/airflow/lib/python3.12/site-packages/airflow/example_dags/example_branch_labels.py
[2024-07-07T20:23:01.403-0300] {processor.py:830} INFO - Processing file /home/johnny/airflow/lib/python3.12/site-packages/airflow/example_dags/example_branch_labels.py for tasks to queue
[2024-07-07T20:23:01.405-0300] {logging_mixin.py:188} INFO - [2024-07-07T20:23:01.404-0300] {dagbag.py:545} INFO - Filling up the DagBag from /home/johnny/airflow/lib/python3.12/site-packages/airflow/example_dags/example_branch_labels.py
[2024-07-07T20:23:01.419-0300] {processor.py:840} INFO - DAG(s) 'example_branch_labels' retrieved from /home/johnny/airflow/lib/python3.12/site-packages/airflow/example_dags/example_branch_labels.py
[2024-07-07T20:23:01.457-0300] {logging_mixin.py:188} INFO - [2024-07-07T20:23:01.456-0300] {dag.py:3096} INFO - Sync 1 DAGs
[2024-07-07T20:23:01.495-0300] {logging_mixin.py:188} INFO - [2024-07-07T20:23:01.495-0300] {dag.py:3954} INFO - Setting next_dagrun for example_branch_labels to 2024-07-06 00:00:00+00:00, run_after=2024-07-07 00:00:00+00:00
[2024-07-07T20:23:01.541-0300] {processor.py:183} INFO - Processing /home/johnny/airflow/lib/python3.12/site-packages/airflow/example_dags/example_branch_labels.py took 0.156 seconds
[2024-07-07T20:24:03.768-0300] {processor.py:161} INFO - Started process (PID=41626) to work on /home/johnny/airflow/lib/python3.12/site-packages/airflow/example_dags/example_branch_labels.py
[2024-07-07T20:24:03.770-0300] {processor.py:830} INFO - Processing file /home/johnny/airflow/lib/python3.12/site-packages/airflow/example_dags/example_branch_labels.py for tasks to queue
[2024-07-07T20:24:03.772-0300] {logging_mixin.py:188} INFO - [2024-07-07T20:24:03.772-0300] {dagbag.py:545} INFO - Filling up the DagBag from /home/johnny/airflow/lib/python3.12/site-packages/airflow/example_dags/example_branch_labels.py
[2024-07-07T20:24:03.789-0300] {processor.py:840} INFO - DAG(s) 'example_branch_labels' retrieved from /home/johnny/airflow/lib/python3.12/site-packages/airflow/example_dags/example_branch_labels.py
[2024-07-07T20:24:03.822-0300] {logging_mixin.py:188} INFO - [2024-07-07T20:24:03.821-0300] {dag.py:3096} INFO - Sync 1 DAGs
[2024-07-07T20:24:03.854-0300] {logging_mixin.py:188} INFO - [2024-07-07T20:24:03.854-0300] {dag.py:3954} INFO - Setting next_dagrun for example_branch_labels to 2024-07-06 00:00:00+00:00, run_after=2024-07-07 00:00:00+00:00
[2024-07-07T20:24:03.885-0300] {processor.py:183} INFO - Processing /home/johnny/airflow/lib/python3.12/site-packages/airflow/example_dags/example_branch_labels.py took 0.128 seconds
[2024-07-07T20:25:04.211-0300] {processor.py:161} INFO - Started process (PID=41782) to work on /home/johnny/airflow/lib/python3.12/site-packages/airflow/example_dags/example_branch_labels.py
[2024-07-07T20:25:04.213-0300] {processor.py:830} INFO - Processing file /home/johnny/airflow/lib/python3.12/site-packages/airflow/example_dags/example_branch_labels.py for tasks to queue
[2024-07-07T20:25:04.216-0300] {logging_mixin.py:188} INFO - [2024-07-07T20:25:04.215-0300] {dagbag.py:545} INFO - Filling up the DagBag from /home/johnny/airflow/lib/python3.12/site-packages/airflow/example_dags/example_branch_labels.py
[2024-07-07T20:25:04.236-0300] {processor.py:840} INFO - DAG(s) 'example_branch_labels' retrieved from /home/johnny/airflow/lib/python3.12/site-packages/airflow/example_dags/example_branch_labels.py
[2024-07-07T20:25:04.262-0300] {logging_mixin.py:188} INFO - [2024-07-07T20:25:04.261-0300] {dag.py:3096} INFO - Sync 1 DAGs
[2024-07-07T20:25:04.315-0300] {logging_mixin.py:188} INFO - [2024-07-07T20:25:04.315-0300] {dag.py:3954} INFO - Setting next_dagrun for example_branch_labels to 2024-07-06 00:00:00+00:00, run_after=2024-07-07 00:00:00+00:00
[2024-07-07T20:25:04.358-0300] {processor.py:183} INFO - Processing /home/johnny/airflow/lib/python3.12/site-packages/airflow/example_dags/example_branch_labels.py took 0.154 seconds
[2024-07-07T20:26:02.256-0300] {processor.py:161} INFO - Started process (PID=41948) to work on /home/johnny/airflow/lib/python3.12/site-packages/airflow/example_dags/example_branch_labels.py
[2024-07-07T20:26:02.258-0300] {processor.py:830} INFO - Processing file /home/johnny/airflow/lib/python3.12/site-packages/airflow/example_dags/example_branch_labels.py for tasks to queue
[2024-07-07T20:26:02.260-0300] {logging_mixin.py:188} INFO - [2024-07-07T20:26:02.259-0300] {dagbag.py:545} INFO - Filling up the DagBag from /home/johnny/airflow/lib/python3.12/site-packages/airflow/example_dags/example_branch_labels.py
[2024-07-07T20:26:02.277-0300] {processor.py:840} INFO - DAG(s) 'example_branch_labels' retrieved from /home/johnny/airflow/lib/python3.12/site-packages/airflow/example_dags/example_branch_labels.py
[2024-07-07T20:26:02.308-0300] {logging_mixin.py:188} INFO - [2024-07-07T20:26:02.307-0300] {dag.py:3096} INFO - Sync 1 DAGs
[2024-07-07T20:26:02.339-0300] {logging_mixin.py:188} INFO - [2024-07-07T20:26:02.339-0300] {dag.py:3954} INFO - Setting next_dagrun for example_branch_labels to 2024-07-06 00:00:00+00:00, run_after=2024-07-07 00:00:00+00:00
[2024-07-07T20:26:02.370-0300] {processor.py:183} INFO - Processing /home/johnny/airflow/lib/python3.12/site-packages/airflow/example_dags/example_branch_labels.py took 0.126 seconds
[2024-07-07T20:27:05.886-0300] {processor.py:161} INFO - Started process (PID=42111) to work on /home/johnny/airflow/lib/python3.12/site-packages/airflow/example_dags/example_branch_labels.py
[2024-07-07T20:27:05.889-0300] {processor.py:830} INFO - Processing file /home/johnny/airflow/lib/python3.12/site-packages/airflow/example_dags/example_branch_labels.py for tasks to queue
[2024-07-07T20:27:05.891-0300] {logging_mixin.py:188} INFO - [2024-07-07T20:27:05.890-0300] {dagbag.py:545} INFO - Filling up the DagBag from /home/johnny/airflow/lib/python3.12/site-packages/airflow/example_dags/example_branch_labels.py
[2024-07-07T20:27:05.907-0300] {processor.py:840} INFO - DAG(s) 'example_branch_labels' retrieved from /home/johnny/airflow/lib/python3.12/site-packages/airflow/example_dags/example_branch_labels.py
[2024-07-07T20:27:05.937-0300] {logging_mixin.py:188} INFO - [2024-07-07T20:27:05.937-0300] {dag.py:3096} INFO - Sync 1 DAGs
[2024-07-07T20:27:05.967-0300] {logging_mixin.py:188} INFO - [2024-07-07T20:27:05.966-0300] {dag.py:3954} INFO - Setting next_dagrun for example_branch_labels to 2024-07-06 00:00:00+00:00, run_after=2024-07-07 00:00:00+00:00
[2024-07-07T20:27:05.998-0300] {processor.py:183} INFO - Processing /home/johnny/airflow/lib/python3.12/site-packages/airflow/example_dags/example_branch_labels.py took 0.123 seconds
[2024-07-07T20:28:17.140-0300] {processor.py:161} INFO - Started process (PID=42303) to work on /home/johnny/airflow/lib/python3.12/site-packages/airflow/example_dags/example_branch_labels.py
[2024-07-07T20:28:17.143-0300] {processor.py:830} INFO - Processing file /home/johnny/airflow/lib/python3.12/site-packages/airflow/example_dags/example_branch_labels.py for tasks to queue
[2024-07-07T20:28:17.146-0300] {logging_mixin.py:188} INFO - [2024-07-07T20:28:17.145-0300] {dagbag.py:545} INFO - Filling up the DagBag from /home/johnny/airflow/lib/python3.12/site-packages/airflow/example_dags/example_branch_labels.py
[2024-07-07T20:28:17.166-0300] {processor.py:840} INFO - DAG(s) 'example_branch_labels' retrieved from /home/johnny/airflow/lib/python3.12/site-packages/airflow/example_dags/example_branch_labels.py
[2024-07-07T20:28:17.203-0300] {logging_mixin.py:188} INFO - [2024-07-07T20:28:17.203-0300] {dag.py:3096} INFO - Sync 1 DAGs
[2024-07-07T20:28:17.263-0300] {logging_mixin.py:188} INFO - [2024-07-07T20:28:17.262-0300] {dag.py:3954} INFO - Setting next_dagrun for example_branch_labels to 2024-07-06 00:00:00+00:00, run_after=2024-07-07 00:00:00+00:00
[2024-07-07T20:28:17.319-0300] {processor.py:183} INFO - Processing /home/johnny/airflow/lib/python3.12/site-packages/airflow/example_dags/example_branch_labels.py took 0.190 seconds
[2024-07-07T20:29:25.812-0300] {processor.py:161} INFO - Started process (PID=42500) to work on /home/johnny/airflow/lib/python3.12/site-packages/airflow/example_dags/example_branch_labels.py
[2024-07-07T20:29:25.815-0300] {processor.py:830} INFO - Processing file /home/johnny/airflow/lib/python3.12/site-packages/airflow/example_dags/example_branch_labels.py for tasks to queue
[2024-07-07T20:29:25.817-0300] {logging_mixin.py:188} INFO - [2024-07-07T20:29:25.816-0300] {dagbag.py:545} INFO - Filling up the DagBag from /home/johnny/airflow/lib/python3.12/site-packages/airflow/example_dags/example_branch_labels.py
[2024-07-07T20:29:25.832-0300] {processor.py:840} INFO - DAG(s) 'example_branch_labels' retrieved from /home/johnny/airflow/lib/python3.12/site-packages/airflow/example_dags/example_branch_labels.py
[2024-07-07T20:29:25.864-0300] {logging_mixin.py:188} INFO - [2024-07-07T20:29:25.863-0300] {dag.py:3096} INFO - Sync 1 DAGs
[2024-07-07T20:29:25.896-0300] {logging_mixin.py:188} INFO - [2024-07-07T20:29:25.896-0300] {dag.py:3954} INFO - Setting next_dagrun for example_branch_labels to 2024-07-06 00:00:00+00:00, run_after=2024-07-07 00:00:00+00:00
[2024-07-07T20:29:25.932-0300] {processor.py:183} INFO - Processing /home/johnny/airflow/lib/python3.12/site-packages/airflow/example_dags/example_branch_labels.py took 0.131 seconds
[2024-07-07T20:30:31.452-0300] {processor.py:161} INFO - Started process (PID=42682) to work on /home/johnny/airflow/lib/python3.12/site-packages/airflow/example_dags/example_branch_labels.py
[2024-07-07T20:30:31.455-0300] {processor.py:830} INFO - Processing file /home/johnny/airflow/lib/python3.12/site-packages/airflow/example_dags/example_branch_labels.py for tasks to queue
[2024-07-07T20:30:31.457-0300] {logging_mixin.py:188} INFO - [2024-07-07T20:30:31.456-0300] {dagbag.py:545} INFO - Filling up the DagBag from /home/johnny/airflow/lib/python3.12/site-packages/airflow/example_dags/example_branch_labels.py
[2024-07-07T20:30:31.473-0300] {processor.py:840} INFO - DAG(s) 'example_branch_labels' retrieved from /home/johnny/airflow/lib/python3.12/site-packages/airflow/example_dags/example_branch_labels.py
[2024-07-07T20:30:31.504-0300] {logging_mixin.py:188} INFO - [2024-07-07T20:30:31.503-0300] {dag.py:3096} INFO - Sync 1 DAGs
[2024-07-07T20:30:31.535-0300] {logging_mixin.py:188} INFO - [2024-07-07T20:30:31.534-0300] {dag.py:3954} INFO - Setting next_dagrun for example_branch_labels to 2024-07-06 00:00:00+00:00, run_after=2024-07-07 00:00:00+00:00
[2024-07-07T20:30:31.564-0300] {processor.py:183} INFO - Processing /home/johnny/airflow/lib/python3.12/site-packages/airflow/example_dags/example_branch_labels.py took 0.123 seconds
[2024-07-07T20:31:33.091-0300] {processor.py:161} INFO - Started process (PID=42843) to work on /home/johnny/airflow/lib/python3.12/site-packages/airflow/example_dags/example_branch_labels.py
[2024-07-07T20:31:33.093-0300] {processor.py:830} INFO - Processing file /home/johnny/airflow/lib/python3.12/site-packages/airflow/example_dags/example_branch_labels.py for tasks to queue
[2024-07-07T20:31:33.095-0300] {logging_mixin.py:188} INFO - [2024-07-07T20:31:33.095-0300] {dagbag.py:545} INFO - Filling up the DagBag from /home/johnny/airflow/lib/python3.12/site-packages/airflow/example_dags/example_branch_labels.py
[2024-07-07T20:31:33.112-0300] {processor.py:840} INFO - DAG(s) 'example_branch_labels' retrieved from /home/johnny/airflow/lib/python3.12/site-packages/airflow/example_dags/example_branch_labels.py
[2024-07-07T20:31:33.145-0300] {logging_mixin.py:188} INFO - [2024-07-07T20:31:33.144-0300] {dag.py:3096} INFO - Sync 1 DAGs
[2024-07-07T20:31:33.181-0300] {logging_mixin.py:188} INFO - [2024-07-07T20:31:33.180-0300] {dag.py:3954} INFO - Setting next_dagrun for example_branch_labels to 2024-07-06 00:00:00+00:00, run_after=2024-07-07 00:00:00+00:00
[2024-07-07T20:31:33.221-0300] {processor.py:183} INFO - Processing /home/johnny/airflow/lib/python3.12/site-packages/airflow/example_dags/example_branch_labels.py took 0.141 seconds
[2024-07-07T20:32:33.300-0300] {processor.py:161} INFO - Started process (PID=43014) to work on /home/johnny/airflow/lib/python3.12/site-packages/airflow/example_dags/example_branch_labels.py
[2024-07-07T20:32:33.303-0300] {processor.py:830} INFO - Processing file /home/johnny/airflow/lib/python3.12/site-packages/airflow/example_dags/example_branch_labels.py for tasks to queue
[2024-07-07T20:32:33.305-0300] {logging_mixin.py:188} INFO - [2024-07-07T20:32:33.304-0300] {dagbag.py:545} INFO - Filling up the DagBag from /home/johnny/airflow/lib/python3.12/site-packages/airflow/example_dags/example_branch_labels.py
[2024-07-07T20:32:33.322-0300] {processor.py:840} INFO - DAG(s) 'example_branch_labels' retrieved from /home/johnny/airflow/lib/python3.12/site-packages/airflow/example_dags/example_branch_labels.py
[2024-07-07T20:32:33.360-0300] {logging_mixin.py:188} INFO - [2024-07-07T20:32:33.359-0300] {dag.py:3096} INFO - Sync 1 DAGs
[2024-07-07T20:32:33.405-0300] {logging_mixin.py:188} INFO - [2024-07-07T20:32:33.405-0300] {dag.py:3954} INFO - Setting next_dagrun for example_branch_labels to 2024-07-06 00:00:00+00:00, run_after=2024-07-07 00:00:00+00:00
[2024-07-07T20:32:33.448-0300] {processor.py:183} INFO - Processing /home/johnny/airflow/lib/python3.12/site-packages/airflow/example_dags/example_branch_labels.py took 0.162 seconds
[2024-07-07T20:34:10.217-0300] {processor.py:161} INFO - Started process (PID=43302) to work on /home/johnny/airflow/lib/python3.12/site-packages/airflow/example_dags/example_branch_labels.py
[2024-07-07T20:34:10.222-0300] {processor.py:830} INFO - Processing file /home/johnny/airflow/lib/python3.12/site-packages/airflow/example_dags/example_branch_labels.py for tasks to queue
[2024-07-07T20:34:10.225-0300] {logging_mixin.py:188} INFO - [2024-07-07T20:34:10.224-0300] {dagbag.py:545} INFO - Filling up the DagBag from /home/johnny/airflow/lib/python3.12/site-packages/airflow/example_dags/example_branch_labels.py
[2024-07-07T20:34:10.245-0300] {processor.py:840} INFO - DAG(s) 'example_branch_labels' retrieved from /home/johnny/airflow/lib/python3.12/site-packages/airflow/example_dags/example_branch_labels.py
[2024-07-07T20:34:10.284-0300] {logging_mixin.py:188} INFO - [2024-07-07T20:34:10.284-0300] {dag.py:3096} INFO - Sync 1 DAGs
[2024-07-07T20:34:10.337-0300] {logging_mixin.py:188} INFO - [2024-07-07T20:34:10.336-0300] {dag.py:3954} INFO - Setting next_dagrun for example_branch_labels to 2024-07-06 00:00:00+00:00, run_after=2024-07-07 00:00:00+00:00
[2024-07-07T20:34:10.396-0300] {processor.py:183} INFO - Processing /home/johnny/airflow/lib/python3.12/site-packages/airflow/example_dags/example_branch_labels.py took 0.191 seconds
[2024-07-07T20:35:13.339-0300] {processor.py:161} INFO - Started process (PID=43473) to work on /home/johnny/airflow/lib/python3.12/site-packages/airflow/example_dags/example_branch_labels.py
[2024-07-07T20:35:13.342-0300] {processor.py:830} INFO - Processing file /home/johnny/airflow/lib/python3.12/site-packages/airflow/example_dags/example_branch_labels.py for tasks to queue
[2024-07-07T20:35:13.345-0300] {logging_mixin.py:188} INFO - [2024-07-07T20:35:13.343-0300] {dagbag.py:545} INFO - Filling up the DagBag from /home/johnny/airflow/lib/python3.12/site-packages/airflow/example_dags/example_branch_labels.py
[2024-07-07T20:35:13.367-0300] {processor.py:840} INFO - DAG(s) 'example_branch_labels' retrieved from /home/johnny/airflow/lib/python3.12/site-packages/airflow/example_dags/example_branch_labels.py
[2024-07-07T20:35:13.401-0300] {logging_mixin.py:188} INFO - [2024-07-07T20:35:13.400-0300] {dag.py:3096} INFO - Sync 1 DAGs
[2024-07-07T20:35:13.446-0300] {logging_mixin.py:188} INFO - [2024-07-07T20:35:13.446-0300] {dag.py:3954} INFO - Setting next_dagrun for example_branch_labels to 2024-07-06 00:00:00+00:00, run_after=2024-07-07 00:00:00+00:00
[2024-07-07T20:35:13.488-0300] {processor.py:183} INFO - Processing /home/johnny/airflow/lib/python3.12/site-packages/airflow/example_dags/example_branch_labels.py took 0.163 seconds
[2024-07-07T20:36:16.176-0300] {processor.py:161} INFO - Started process (PID=43644) to work on /home/johnny/airflow/lib/python3.12/site-packages/airflow/example_dags/example_branch_labels.py
[2024-07-07T20:36:16.179-0300] {processor.py:830} INFO - Processing file /home/johnny/airflow/lib/python3.12/site-packages/airflow/example_dags/example_branch_labels.py for tasks to queue
[2024-07-07T20:36:16.182-0300] {logging_mixin.py:188} INFO - [2024-07-07T20:36:16.180-0300] {dagbag.py:545} INFO - Filling up the DagBag from /home/johnny/airflow/lib/python3.12/site-packages/airflow/example_dags/example_branch_labels.py
[2024-07-07T20:36:16.206-0300] {processor.py:840} INFO - DAG(s) 'example_branch_labels' retrieved from /home/johnny/airflow/lib/python3.12/site-packages/airflow/example_dags/example_branch_labels.py
[2024-07-07T20:36:16.248-0300] {logging_mixin.py:188} INFO - [2024-07-07T20:36:16.247-0300] {dag.py:3096} INFO - Sync 1 DAGs
[2024-07-07T20:36:16.323-0300] {logging_mixin.py:188} INFO - [2024-07-07T20:36:16.323-0300] {dag.py:3954} INFO - Setting next_dagrun for example_branch_labels to 2024-07-06 00:00:00+00:00, run_after=2024-07-07 00:00:00+00:00
[2024-07-07T20:36:16.375-0300] {processor.py:183} INFO - Processing /home/johnny/airflow/lib/python3.12/site-packages/airflow/example_dags/example_branch_labels.py took 0.216 seconds
[2024-07-07T20:37:22.025-0300] {processor.py:161} INFO - Started process (PID=43821) to work on /home/johnny/airflow/lib/python3.12/site-packages/airflow/example_dags/example_branch_labels.py
[2024-07-07T20:37:22.028-0300] {processor.py:830} INFO - Processing file /home/johnny/airflow/lib/python3.12/site-packages/airflow/example_dags/example_branch_labels.py for tasks to queue
[2024-07-07T20:37:22.030-0300] {logging_mixin.py:188} INFO - [2024-07-07T20:37:22.029-0300] {dagbag.py:545} INFO - Filling up the DagBag from /home/johnny/airflow/lib/python3.12/site-packages/airflow/example_dags/example_branch_labels.py
[2024-07-07T20:37:22.048-0300] {processor.py:840} INFO - DAG(s) 'example_branch_labels' retrieved from /home/johnny/airflow/lib/python3.12/site-packages/airflow/example_dags/example_branch_labels.py
[2024-07-07T20:37:22.083-0300] {logging_mixin.py:188} INFO - [2024-07-07T20:37:22.082-0300] {dag.py:3096} INFO - Sync 1 DAGs
[2024-07-07T20:37:22.133-0300] {logging_mixin.py:188} INFO - [2024-07-07T20:37:22.133-0300] {dag.py:3954} INFO - Setting next_dagrun for example_branch_labels to 2024-07-06 00:00:00+00:00, run_after=2024-07-07 00:00:00+00:00
[2024-07-07T20:37:22.178-0300] {processor.py:183} INFO - Processing /home/johnny/airflow/lib/python3.12/site-packages/airflow/example_dags/example_branch_labels.py took 0.168 seconds
[2024-07-07T20:38:24.394-0300] {processor.py:161} INFO - Started process (PID=43993) to work on /home/johnny/airflow/lib/python3.12/site-packages/airflow/example_dags/example_branch_labels.py
[2024-07-07T20:38:24.400-0300] {processor.py:830} INFO - Processing file /home/johnny/airflow/lib/python3.12/site-packages/airflow/example_dags/example_branch_labels.py for tasks to queue
[2024-07-07T20:38:24.402-0300] {logging_mixin.py:188} INFO - [2024-07-07T20:38:24.401-0300] {dagbag.py:545} INFO - Filling up the DagBag from /home/johnny/airflow/lib/python3.12/site-packages/airflow/example_dags/example_branch_labels.py
[2024-07-07T20:38:24.418-0300] {processor.py:840} INFO - DAG(s) 'example_branch_labels' retrieved from /home/johnny/airflow/lib/python3.12/site-packages/airflow/example_dags/example_branch_labels.py
[2024-07-07T20:38:24.454-0300] {logging_mixin.py:188} INFO - [2024-07-07T20:38:24.453-0300] {dag.py:3096} INFO - Sync 1 DAGs
[2024-07-07T20:38:24.477-0300] {logging_mixin.py:188} INFO - [2024-07-07T20:38:24.477-0300] {dag.py:3954} INFO - Setting next_dagrun for example_branch_labels to 2024-07-06 00:00:00+00:00, run_after=2024-07-07 00:00:00+00:00
[2024-07-07T20:38:24.533-0300] {processor.py:183} INFO - Processing /home/johnny/airflow/lib/python3.12/site-packages/airflow/example_dags/example_branch_labels.py took 0.149 seconds
[2024-07-07T20:39:29.693-0300] {processor.py:161} INFO - Started process (PID=44159) to work on /home/johnny/airflow/lib/python3.12/site-packages/airflow/example_dags/example_branch_labels.py
[2024-07-07T20:39:29.696-0300] {processor.py:830} INFO - Processing file /home/johnny/airflow/lib/python3.12/site-packages/airflow/example_dags/example_branch_labels.py for tasks to queue
[2024-07-07T20:39:29.698-0300] {logging_mixin.py:188} INFO - [2024-07-07T20:39:29.697-0300] {dagbag.py:545} INFO - Filling up the DagBag from /home/johnny/airflow/lib/python3.12/site-packages/airflow/example_dags/example_branch_labels.py
[2024-07-07T20:39:29.714-0300] {processor.py:840} INFO - DAG(s) 'example_branch_labels' retrieved from /home/johnny/airflow/lib/python3.12/site-packages/airflow/example_dags/example_branch_labels.py
[2024-07-07T20:39:29.747-0300] {logging_mixin.py:188} INFO - [2024-07-07T20:39:29.747-0300] {dag.py:3096} INFO - Sync 1 DAGs
[2024-07-07T20:39:29.792-0300] {logging_mixin.py:188} INFO - [2024-07-07T20:39:29.791-0300] {dag.py:3954} INFO - Setting next_dagrun for example_branch_labels to 2024-07-06 00:00:00+00:00, run_after=2024-07-07 00:00:00+00:00
[2024-07-07T20:39:29.843-0300] {processor.py:183} INFO - Processing /home/johnny/airflow/lib/python3.12/site-packages/airflow/example_dags/example_branch_labels.py took 0.163 seconds
[2024-07-07T20:40:36.077-0300] {processor.py:161} INFO - Started process (PID=44339) to work on /home/johnny/airflow/lib/python3.12/site-packages/airflow/example_dags/example_branch_labels.py
[2024-07-07T20:40:36.080-0300] {processor.py:830} INFO - Processing file /home/johnny/airflow/lib/python3.12/site-packages/airflow/example_dags/example_branch_labels.py for tasks to queue
[2024-07-07T20:40:36.082-0300] {logging_mixin.py:188} INFO - [2024-07-07T20:40:36.081-0300] {dagbag.py:545} INFO - Filling up the DagBag from /home/johnny/airflow/lib/python3.12/site-packages/airflow/example_dags/example_branch_labels.py
[2024-07-07T20:40:36.098-0300] {processor.py:840} INFO - DAG(s) 'example_branch_labels' retrieved from /home/johnny/airflow/lib/python3.12/site-packages/airflow/example_dags/example_branch_labels.py
[2024-07-07T20:40:36.134-0300] {logging_mixin.py:188} INFO - [2024-07-07T20:40:36.134-0300] {dag.py:3096} INFO - Sync 1 DAGs
[2024-07-07T20:40:36.187-0300] {logging_mixin.py:188} INFO - [2024-07-07T20:40:36.187-0300] {dag.py:3954} INFO - Setting next_dagrun for example_branch_labels to 2024-07-06 00:00:00+00:00, run_after=2024-07-07 00:00:00+00:00
[2024-07-07T20:40:36.253-0300] {processor.py:183} INFO - Processing /home/johnny/airflow/lib/python3.12/site-packages/airflow/example_dags/example_branch_labels.py took 0.187 seconds
[2024-07-07T20:41:47.000-0300] {processor.py:161} INFO - Started process (PID=44531) to work on /home/johnny/airflow/lib/python3.12/site-packages/airflow/example_dags/example_branch_labels.py
[2024-07-07T20:41:47.005-0300] {processor.py:830} INFO - Processing file /home/johnny/airflow/lib/python3.12/site-packages/airflow/example_dags/example_branch_labels.py for tasks to queue
[2024-07-07T20:41:47.007-0300] {logging_mixin.py:188} INFO - [2024-07-07T20:41:47.006-0300] {dagbag.py:545} INFO - Filling up the DagBag from /home/johnny/airflow/lib/python3.12/site-packages/airflow/example_dags/example_branch_labels.py
[2024-07-07T20:41:47.024-0300] {processor.py:840} INFO - DAG(s) 'example_branch_labels' retrieved from /home/johnny/airflow/lib/python3.12/site-packages/airflow/example_dags/example_branch_labels.py
[2024-07-07T20:41:47.060-0300] {logging_mixin.py:188} INFO - [2024-07-07T20:41:47.059-0300] {dag.py:3096} INFO - Sync 1 DAGs
[2024-07-07T20:41:47.112-0300] {logging_mixin.py:188} INFO - [2024-07-07T20:41:47.111-0300] {dag.py:3954} INFO - Setting next_dagrun for example_branch_labels to 2024-07-06 00:00:00+00:00, run_after=2024-07-07 00:00:00+00:00
[2024-07-07T20:41:47.158-0300] {processor.py:183} INFO - Processing /home/johnny/airflow/lib/python3.12/site-packages/airflow/example_dags/example_branch_labels.py took 0.170 seconds
[2024-07-07T20:42:52.152-0300] {processor.py:161} INFO - Started process (PID=44709) to work on /home/johnny/airflow/lib/python3.12/site-packages/airflow/example_dags/example_branch_labels.py
[2024-07-07T20:42:52.158-0300] {processor.py:830} INFO - Processing file /home/johnny/airflow/lib/python3.12/site-packages/airflow/example_dags/example_branch_labels.py for tasks to queue
[2024-07-07T20:42:52.160-0300] {logging_mixin.py:188} INFO - [2024-07-07T20:42:52.159-0300] {dagbag.py:545} INFO - Filling up the DagBag from /home/johnny/airflow/lib/python3.12/site-packages/airflow/example_dags/example_branch_labels.py
[2024-07-07T20:42:52.177-0300] {processor.py:840} INFO - DAG(s) 'example_branch_labels' retrieved from /home/johnny/airflow/lib/python3.12/site-packages/airflow/example_dags/example_branch_labels.py
[2024-07-07T20:42:52.210-0300] {logging_mixin.py:188} INFO - [2024-07-07T20:42:52.210-0300] {dag.py:3096} INFO - Sync 1 DAGs
[2024-07-07T20:42:52.245-0300] {logging_mixin.py:188} INFO - [2024-07-07T20:42:52.244-0300] {dag.py:3954} INFO - Setting next_dagrun for example_branch_labels to 2024-07-06 00:00:00+00:00, run_after=2024-07-07 00:00:00+00:00
[2024-07-07T20:42:52.297-0300] {processor.py:183} INFO - Processing /home/johnny/airflow/lib/python3.12/site-packages/airflow/example_dags/example_branch_labels.py took 0.156 seconds
[2024-07-07T20:43:56.226-0300] {processor.py:161} INFO - Started process (PID=44878) to work on /home/johnny/airflow/lib/python3.12/site-packages/airflow/example_dags/example_branch_labels.py
[2024-07-07T20:43:56.231-0300] {processor.py:830} INFO - Processing file /home/johnny/airflow/lib/python3.12/site-packages/airflow/example_dags/example_branch_labels.py for tasks to queue
[2024-07-07T20:43:56.234-0300] {logging_mixin.py:188} INFO - [2024-07-07T20:43:56.233-0300] {dagbag.py:545} INFO - Filling up the DagBag from /home/johnny/airflow/lib/python3.12/site-packages/airflow/example_dags/example_branch_labels.py
[2024-07-07T20:43:56.251-0300] {processor.py:840} INFO - DAG(s) 'example_branch_labels' retrieved from /home/johnny/airflow/lib/python3.12/site-packages/airflow/example_dags/example_branch_labels.py
[2024-07-07T20:43:56.284-0300] {logging_mixin.py:188} INFO - [2024-07-07T20:43:56.284-0300] {dag.py:3096} INFO - Sync 1 DAGs
[2024-07-07T20:43:56.316-0300] {logging_mixin.py:188} INFO - [2024-07-07T20:43:56.316-0300] {dag.py:3954} INFO - Setting next_dagrun for example_branch_labels to 2024-07-06 00:00:00+00:00, run_after=2024-07-07 00:00:00+00:00
[2024-07-07T20:43:56.354-0300] {processor.py:183} INFO - Processing /home/johnny/airflow/lib/python3.12/site-packages/airflow/example_dags/example_branch_labels.py took 0.140 seconds
[2024-07-07T20:45:09.039-0300] {processor.py:161} INFO - Started process (PID=45078) to work on /home/johnny/airflow/lib/python3.12/site-packages/airflow/example_dags/example_branch_labels.py
[2024-07-07T20:45:09.045-0300] {processor.py:830} INFO - Processing file /home/johnny/airflow/lib/python3.12/site-packages/airflow/example_dags/example_branch_labels.py for tasks to queue
[2024-07-07T20:45:09.048-0300] {logging_mixin.py:188} INFO - [2024-07-07T20:45:09.047-0300] {dagbag.py:545} INFO - Filling up the DagBag from /home/johnny/airflow/lib/python3.12/site-packages/airflow/example_dags/example_branch_labels.py
[2024-07-07T20:45:09.063-0300] {processor.py:840} INFO - DAG(s) 'example_branch_labels' retrieved from /home/johnny/airflow/lib/python3.12/site-packages/airflow/example_dags/example_branch_labels.py
[2024-07-07T20:45:09.110-0300] {logging_mixin.py:188} INFO - [2024-07-07T20:45:09.109-0300] {dag.py:3096} INFO - Sync 1 DAGs
[2024-07-07T20:45:09.163-0300] {logging_mixin.py:188} INFO - [2024-07-07T20:45:09.162-0300] {dag.py:3954} INFO - Setting next_dagrun for example_branch_labels to 2024-07-06 00:00:00+00:00, run_after=2024-07-07 00:00:00+00:00
[2024-07-07T20:45:09.243-0300] {processor.py:183} INFO - Processing /home/johnny/airflow/lib/python3.12/site-packages/airflow/example_dags/example_branch_labels.py took 0.216 seconds
[2024-07-07T20:46:12.866-0300] {processor.py:161} INFO - Started process (PID=45255) to work on /home/johnny/airflow/lib/python3.12/site-packages/airflow/example_dags/example_branch_labels.py
[2024-07-07T20:46:12.868-0300] {processor.py:830} INFO - Processing file /home/johnny/airflow/lib/python3.12/site-packages/airflow/example_dags/example_branch_labels.py for tasks to queue
[2024-07-07T20:46:12.871-0300] {logging_mixin.py:188} INFO - [2024-07-07T20:46:12.870-0300] {dagbag.py:545} INFO - Filling up the DagBag from /home/johnny/airflow/lib/python3.12/site-packages/airflow/example_dags/example_branch_labels.py
[2024-07-07T20:46:12.888-0300] {processor.py:840} INFO - DAG(s) 'example_branch_labels' retrieved from /home/johnny/airflow/lib/python3.12/site-packages/airflow/example_dags/example_branch_labels.py
[2024-07-07T20:46:12.925-0300] {logging_mixin.py:188} INFO - [2024-07-07T20:46:12.924-0300] {dag.py:3096} INFO - Sync 1 DAGs
[2024-07-07T20:46:12.962-0300] {logging_mixin.py:188} INFO - [2024-07-07T20:46:12.961-0300] {dag.py:3954} INFO - Setting next_dagrun for example_branch_labels to 2024-07-06 00:00:00+00:00, run_after=2024-07-07 00:00:00+00:00
[2024-07-07T20:46:12.992-0300] {processor.py:183} INFO - Processing /home/johnny/airflow/lib/python3.12/site-packages/airflow/example_dags/example_branch_labels.py took 0.137 seconds
[2024-07-07T20:47:19.096-0300] {processor.py:161} INFO - Started process (PID=45433) to work on /home/johnny/airflow/lib/python3.12/site-packages/airflow/example_dags/example_branch_labels.py
[2024-07-07T20:47:19.101-0300] {processor.py:830} INFO - Processing file /home/johnny/airflow/lib/python3.12/site-packages/airflow/example_dags/example_branch_labels.py for tasks to queue
[2024-07-07T20:47:19.104-0300] {logging_mixin.py:188} INFO - [2024-07-07T20:47:19.103-0300] {dagbag.py:545} INFO - Filling up the DagBag from /home/johnny/airflow/lib/python3.12/site-packages/airflow/example_dags/example_branch_labels.py
[2024-07-07T20:47:19.147-0300] {processor.py:840} INFO - DAG(s) 'example_branch_labels' retrieved from /home/johnny/airflow/lib/python3.12/site-packages/airflow/example_dags/example_branch_labels.py
[2024-07-07T20:47:19.198-0300] {logging_mixin.py:188} INFO - [2024-07-07T20:47:19.197-0300] {dag.py:3096} INFO - Sync 1 DAGs
[2024-07-07T20:47:19.245-0300] {logging_mixin.py:188} INFO - [2024-07-07T20:47:19.244-0300] {dag.py:3954} INFO - Setting next_dagrun for example_branch_labels to 2024-07-06 00:00:00+00:00, run_after=2024-07-07 00:00:00+00:00
[2024-07-07T20:47:19.300-0300] {processor.py:183} INFO - Processing /home/johnny/airflow/lib/python3.12/site-packages/airflow/example_dags/example_branch_labels.py took 0.215 seconds
[2024-07-07T20:48:25.810-0300] {processor.py:161} INFO - Started process (PID=45609) to work on /home/johnny/airflow/lib/python3.12/site-packages/airflow/example_dags/example_branch_labels.py
[2024-07-07T20:48:25.815-0300] {processor.py:830} INFO - Processing file /home/johnny/airflow/lib/python3.12/site-packages/airflow/example_dags/example_branch_labels.py for tasks to queue
[2024-07-07T20:48:25.818-0300] {logging_mixin.py:188} INFO - [2024-07-07T20:48:25.817-0300] {dagbag.py:545} INFO - Filling up the DagBag from /home/johnny/airflow/lib/python3.12/site-packages/airflow/example_dags/example_branch_labels.py
[2024-07-07T20:48:25.835-0300] {processor.py:840} INFO - DAG(s) 'example_branch_labels' retrieved from /home/johnny/airflow/lib/python3.12/site-packages/airflow/example_dags/example_branch_labels.py
[2024-07-07T20:48:25.871-0300] {logging_mixin.py:188} INFO - [2024-07-07T20:48:25.871-0300] {dag.py:3096} INFO - Sync 1 DAGs
[2024-07-07T20:48:25.903-0300] {logging_mixin.py:188} INFO - [2024-07-07T20:48:25.902-0300] {dag.py:3954} INFO - Setting next_dagrun for example_branch_labels to 2024-07-06 00:00:00+00:00, run_after=2024-07-07 00:00:00+00:00
[2024-07-07T20:48:25.954-0300] {processor.py:183} INFO - Processing /home/johnny/airflow/lib/python3.12/site-packages/airflow/example_dags/example_branch_labels.py took 0.156 seconds
[2024-07-07T20:49:33.421-0300] {processor.py:161} INFO - Started process (PID=45787) to work on /home/johnny/airflow/lib/python3.12/site-packages/airflow/example_dags/example_branch_labels.py
[2024-07-07T20:49:33.423-0300] {processor.py:830} INFO - Processing file /home/johnny/airflow/lib/python3.12/site-packages/airflow/example_dags/example_branch_labels.py for tasks to queue
[2024-07-07T20:49:33.426-0300] {logging_mixin.py:188} INFO - [2024-07-07T20:49:33.425-0300] {dagbag.py:545} INFO - Filling up the DagBag from /home/johnny/airflow/lib/python3.12/site-packages/airflow/example_dags/example_branch_labels.py
[2024-07-07T20:49:33.442-0300] {processor.py:840} INFO - DAG(s) 'example_branch_labels' retrieved from /home/johnny/airflow/lib/python3.12/site-packages/airflow/example_dags/example_branch_labels.py
[2024-07-07T20:49:33.475-0300] {logging_mixin.py:188} INFO - [2024-07-07T20:49:33.474-0300] {dag.py:3096} INFO - Sync 1 DAGs
[2024-07-07T20:49:33.533-0300] {logging_mixin.py:188} INFO - [2024-07-07T20:49:33.533-0300] {dag.py:3954} INFO - Setting next_dagrun for example_branch_labels to 2024-07-06 00:00:00+00:00, run_after=2024-07-07 00:00:00+00:00
[2024-07-07T20:49:33.572-0300] {processor.py:183} INFO - Processing /home/johnny/airflow/lib/python3.12/site-packages/airflow/example_dags/example_branch_labels.py took 0.162 seconds
[2024-07-07T20:50:45.465-0300] {processor.py:161} INFO - Started process (PID=45977) to work on /home/johnny/airflow/lib/python3.12/site-packages/airflow/example_dags/example_branch_labels.py
[2024-07-07T20:50:45.470-0300] {processor.py:830} INFO - Processing file /home/johnny/airflow/lib/python3.12/site-packages/airflow/example_dags/example_branch_labels.py for tasks to queue
[2024-07-07T20:50:45.473-0300] {logging_mixin.py:188} INFO - [2024-07-07T20:50:45.472-0300] {dagbag.py:545} INFO - Filling up the DagBag from /home/johnny/airflow/lib/python3.12/site-packages/airflow/example_dags/example_branch_labels.py
[2024-07-07T20:50:45.489-0300] {processor.py:840} INFO - DAG(s) 'example_branch_labels' retrieved from /home/johnny/airflow/lib/python3.12/site-packages/airflow/example_dags/example_branch_labels.py
[2024-07-07T20:50:45.522-0300] {logging_mixin.py:188} INFO - [2024-07-07T20:50:45.521-0300] {dag.py:3096} INFO - Sync 1 DAGs
[2024-07-07T20:50:45.569-0300] {logging_mixin.py:188} INFO - [2024-07-07T20:50:45.568-0300] {dag.py:3954} INFO - Setting next_dagrun for example_branch_labels to 2024-07-06 00:00:00+00:00, run_after=2024-07-07 00:00:00+00:00
[2024-07-07T20:50:45.625-0300] {processor.py:183} INFO - Processing /home/johnny/airflow/lib/python3.12/site-packages/airflow/example_dags/example_branch_labels.py took 0.171 seconds
[2024-07-07T20:51:57.852-0300] {processor.py:161} INFO - Started process (PID=46171) to work on /home/johnny/airflow/lib/python3.12/site-packages/airflow/example_dags/example_branch_labels.py
[2024-07-07T20:51:57.857-0300] {processor.py:830} INFO - Processing file /home/johnny/airflow/lib/python3.12/site-packages/airflow/example_dags/example_branch_labels.py for tasks to queue
[2024-07-07T20:51:57.859-0300] {logging_mixin.py:188} INFO - [2024-07-07T20:51:57.858-0300] {dagbag.py:545} INFO - Filling up the DagBag from /home/johnny/airflow/lib/python3.12/site-packages/airflow/example_dags/example_branch_labels.py
[2024-07-07T20:51:57.876-0300] {processor.py:840} INFO - DAG(s) 'example_branch_labels' retrieved from /home/johnny/airflow/lib/python3.12/site-packages/airflow/example_dags/example_branch_labels.py
[2024-07-07T20:51:57.905-0300] {logging_mixin.py:188} INFO - [2024-07-07T20:51:57.904-0300] {dag.py:3096} INFO - Sync 1 DAGs
[2024-07-07T20:51:57.945-0300] {logging_mixin.py:188} INFO - [2024-07-07T20:51:57.944-0300] {dag.py:3954} INFO - Setting next_dagrun for example_branch_labels to 2024-07-06 00:00:00+00:00, run_after=2024-07-07 00:00:00+00:00
[2024-07-07T20:51:57.997-0300] {processor.py:183} INFO - Processing /home/johnny/airflow/lib/python3.12/site-packages/airflow/example_dags/example_branch_labels.py took 0.157 seconds
[2024-07-07T20:53:05.048-0300] {processor.py:161} INFO - Started process (PID=46350) to work on /home/johnny/airflow/lib/python3.12/site-packages/airflow/example_dags/example_branch_labels.py
[2024-07-07T20:53:05.055-0300] {processor.py:830} INFO - Processing file /home/johnny/airflow/lib/python3.12/site-packages/airflow/example_dags/example_branch_labels.py for tasks to queue
[2024-07-07T20:53:05.057-0300] {logging_mixin.py:188} INFO - [2024-07-07T20:53:05.056-0300] {dagbag.py:545} INFO - Filling up the DagBag from /home/johnny/airflow/lib/python3.12/site-packages/airflow/example_dags/example_branch_labels.py
[2024-07-07T20:53:05.079-0300] {processor.py:840} INFO - DAG(s) 'example_branch_labels' retrieved from /home/johnny/airflow/lib/python3.12/site-packages/airflow/example_dags/example_branch_labels.py
[2024-07-07T20:53:05.113-0300] {logging_mixin.py:188} INFO - [2024-07-07T20:53:05.112-0300] {dag.py:3096} INFO - Sync 1 DAGs
[2024-07-07T20:53:05.145-0300] {logging_mixin.py:188} INFO - [2024-07-07T20:53:05.145-0300] {dag.py:3954} INFO - Setting next_dagrun for example_branch_labels to 2024-07-06 00:00:00+00:00, run_after=2024-07-07 00:00:00+00:00
[2024-07-07T20:53:05.179-0300] {processor.py:183} INFO - Processing /home/johnny/airflow/lib/python3.12/site-packages/airflow/example_dags/example_branch_labels.py took 0.146 seconds
[2024-07-07T20:54:09.957-0300] {processor.py:161} INFO - Started process (PID=46516) to work on /home/johnny/airflow/lib/python3.12/site-packages/airflow/example_dags/example_branch_labels.py
[2024-07-07T20:54:09.963-0300] {processor.py:830} INFO - Processing file /home/johnny/airflow/lib/python3.12/site-packages/airflow/example_dags/example_branch_labels.py for tasks to queue
[2024-07-07T20:54:09.967-0300] {logging_mixin.py:188} INFO - [2024-07-07T20:54:09.965-0300] {dagbag.py:545} INFO - Filling up the DagBag from /home/johnny/airflow/lib/python3.12/site-packages/airflow/example_dags/example_branch_labels.py
[2024-07-07T20:54:09.982-0300] {processor.py:840} INFO - DAG(s) 'example_branch_labels' retrieved from /home/johnny/airflow/lib/python3.12/site-packages/airflow/example_dags/example_branch_labels.py
[2024-07-07T20:54:10.029-0300] {logging_mixin.py:188} INFO - [2024-07-07T20:54:10.028-0300] {dag.py:3096} INFO - Sync 1 DAGs
[2024-07-07T20:54:10.098-0300] {logging_mixin.py:188} INFO - [2024-07-07T20:54:10.097-0300] {dag.py:3954} INFO - Setting next_dagrun for example_branch_labels to 2024-07-06 00:00:00+00:00, run_after=2024-07-07 00:00:00+00:00
[2024-07-07T20:54:10.174-0300] {processor.py:183} INFO - Processing /home/johnny/airflow/lib/python3.12/site-packages/airflow/example_dags/example_branch_labels.py took 0.230 seconds
[2024-07-07T20:55:21.606-0300] {processor.py:161} INFO - Started process (PID=46715) to work on /home/johnny/airflow/lib/python3.12/site-packages/airflow/example_dags/example_branch_labels.py
[2024-07-07T20:55:21.612-0300] {processor.py:830} INFO - Processing file /home/johnny/airflow/lib/python3.12/site-packages/airflow/example_dags/example_branch_labels.py for tasks to queue
[2024-07-07T20:55:21.620-0300] {logging_mixin.py:188} INFO - [2024-07-07T20:55:21.619-0300] {dagbag.py:545} INFO - Filling up the DagBag from /home/johnny/airflow/lib/python3.12/site-packages/airflow/example_dags/example_branch_labels.py
[2024-07-07T20:55:21.634-0300] {processor.py:840} INFO - DAG(s) 'example_branch_labels' retrieved from /home/johnny/airflow/lib/python3.12/site-packages/airflow/example_dags/example_branch_labels.py
[2024-07-07T20:55:21.668-0300] {logging_mixin.py:188} INFO - [2024-07-07T20:55:21.667-0300] {dag.py:3096} INFO - Sync 1 DAGs
[2024-07-07T20:55:21.704-0300] {logging_mixin.py:188} INFO - [2024-07-07T20:55:21.703-0300] {dag.py:3954} INFO - Setting next_dagrun for example_branch_labels to 2024-07-06 00:00:00+00:00, run_after=2024-07-07 00:00:00+00:00
[2024-07-07T20:55:21.754-0300] {processor.py:183} INFO - Processing /home/johnny/airflow/lib/python3.12/site-packages/airflow/example_dags/example_branch_labels.py took 0.178 seconds
[2024-07-07T20:56:26.286-0300] {processor.py:161} INFO - Started process (PID=46886) to work on /home/johnny/airflow/lib/python3.12/site-packages/airflow/example_dags/example_branch_labels.py
[2024-07-07T20:56:26.289-0300] {processor.py:830} INFO - Processing file /home/johnny/airflow/lib/python3.12/site-packages/airflow/example_dags/example_branch_labels.py for tasks to queue
[2024-07-07T20:56:26.291-0300] {logging_mixin.py:188} INFO - [2024-07-07T20:56:26.290-0300] {dagbag.py:545} INFO - Filling up the DagBag from /home/johnny/airflow/lib/python3.12/site-packages/airflow/example_dags/example_branch_labels.py
[2024-07-07T20:56:26.306-0300] {processor.py:840} INFO - DAG(s) 'example_branch_labels' retrieved from /home/johnny/airflow/lib/python3.12/site-packages/airflow/example_dags/example_branch_labels.py
[2024-07-07T20:56:26.334-0300] {logging_mixin.py:188} INFO - [2024-07-07T20:56:26.333-0300] {dag.py:3096} INFO - Sync 1 DAGs
[2024-07-07T20:56:26.371-0300] {logging_mixin.py:188} INFO - [2024-07-07T20:56:26.370-0300] {dag.py:3954} INFO - Setting next_dagrun for example_branch_labels to 2024-07-06 00:00:00+00:00, run_after=2024-07-07 00:00:00+00:00
[2024-07-07T20:56:26.666-0300] {processor.py:183} INFO - Processing /home/johnny/airflow/lib/python3.12/site-packages/airflow/example_dags/example_branch_labels.py took 0.389 seconds
[2024-07-07T20:57:38.199-0300] {processor.py:161} INFO - Started process (PID=47086) to work on /home/johnny/airflow/lib/python3.12/site-packages/airflow/example_dags/example_branch_labels.py
[2024-07-07T20:57:38.205-0300] {processor.py:830} INFO - Processing file /home/johnny/airflow/lib/python3.12/site-packages/airflow/example_dags/example_branch_labels.py for tasks to queue
[2024-07-07T20:57:38.207-0300] {logging_mixin.py:188} INFO - [2024-07-07T20:57:38.206-0300] {dagbag.py:545} INFO - Filling up the DagBag from /home/johnny/airflow/lib/python3.12/site-packages/airflow/example_dags/example_branch_labels.py
[2024-07-07T20:57:38.224-0300] {processor.py:840} INFO - DAG(s) 'example_branch_labels' retrieved from /home/johnny/airflow/lib/python3.12/site-packages/airflow/example_dags/example_branch_labels.py
[2024-07-07T20:57:38.258-0300] {logging_mixin.py:188} INFO - [2024-07-07T20:57:38.258-0300] {dag.py:3096} INFO - Sync 1 DAGs
[2024-07-07T20:57:38.311-0300] {logging_mixin.py:188} INFO - [2024-07-07T20:57:38.310-0300] {dag.py:3954} INFO - Setting next_dagrun for example_branch_labels to 2024-07-06 00:00:00+00:00, run_after=2024-07-07 00:00:00+00:00
[2024-07-07T20:57:38.362-0300] {processor.py:183} INFO - Processing /home/johnny/airflow/lib/python3.12/site-packages/airflow/example_dags/example_branch_labels.py took 0.175 seconds
[2024-07-07T20:58:48.488-0300] {processor.py:161} INFO - Started process (PID=47297) to work on /home/johnny/airflow/lib/python3.12/site-packages/airflow/example_dags/example_branch_labels.py
[2024-07-07T20:58:48.490-0300] {processor.py:830} INFO - Processing file /home/johnny/airflow/lib/python3.12/site-packages/airflow/example_dags/example_branch_labels.py for tasks to queue
[2024-07-07T20:58:48.493-0300] {logging_mixin.py:188} INFO - [2024-07-07T20:58:48.492-0300] {dagbag.py:545} INFO - Filling up the DagBag from /home/johnny/airflow/lib/python3.12/site-packages/airflow/example_dags/example_branch_labels.py
[2024-07-07T20:58:48.512-0300] {processor.py:840} INFO - DAG(s) 'example_branch_labels' retrieved from /home/johnny/airflow/lib/python3.12/site-packages/airflow/example_dags/example_branch_labels.py
[2024-07-07T20:58:48.547-0300] {logging_mixin.py:188} INFO - [2024-07-07T20:58:48.547-0300] {dag.py:3096} INFO - Sync 1 DAGs
[2024-07-07T20:58:48.580-0300] {logging_mixin.py:188} INFO - [2024-07-07T20:58:48.580-0300] {dag.py:3954} INFO - Setting next_dagrun for example_branch_labels to 2024-07-06 00:00:00+00:00, run_after=2024-07-07 00:00:00+00:00
[2024-07-07T20:58:48.629-0300] {processor.py:183} INFO - Processing /home/johnny/airflow/lib/python3.12/site-packages/airflow/example_dags/example_branch_labels.py took 0.154 seconds
[2024-07-07T20:59:59.365-0300] {processor.py:161} INFO - Started process (PID=47504) to work on /home/johnny/airflow/lib/python3.12/site-packages/airflow/example_dags/example_branch_labels.py
[2024-07-07T20:59:59.371-0300] {processor.py:830} INFO - Processing file /home/johnny/airflow/lib/python3.12/site-packages/airflow/example_dags/example_branch_labels.py for tasks to queue
[2024-07-07T20:59:59.372-0300] {logging_mixin.py:188} INFO - [2024-07-07T20:59:59.372-0300] {dagbag.py:545} INFO - Filling up the DagBag from /home/johnny/airflow/lib/python3.12/site-packages/airflow/example_dags/example_branch_labels.py
[2024-07-07T20:59:59.386-0300] {processor.py:840} INFO - DAG(s) 'example_branch_labels' retrieved from /home/johnny/airflow/lib/python3.12/site-packages/airflow/example_dags/example_branch_labels.py
[2024-07-07T20:59:59.423-0300] {logging_mixin.py:188} INFO - [2024-07-07T20:59:59.422-0300] {dag.py:3096} INFO - Sync 1 DAGs
[2024-07-07T20:59:59.477-0300] {logging_mixin.py:188} INFO - [2024-07-07T20:59:59.476-0300] {dag.py:3954} INFO - Setting next_dagrun for example_branch_labels to 2024-07-06 00:00:00+00:00, run_after=2024-07-07 00:00:00+00:00
[2024-07-07T20:59:59.526-0300] {processor.py:183} INFO - Processing /home/johnny/airflow/lib/python3.12/site-packages/airflow/example_dags/example_branch_labels.py took 0.175 seconds
