[2024-07-07T14:04:37.780-0300] {processor.py:161} INFO - Started process (PID=2994) to work on /home/johnny/airflow_env/lib/python3.12/site-packages/airflow/example_dags/example_latest_only.py
[2024-07-07T14:04:37.781-0300] {processor.py:830} INFO - Processing file /home/johnny/airflow_env/lib/python3.12/site-packages/airflow/example_dags/example_latest_only.py for tasks to queue
[2024-07-07T14:04:37.785-0300] {logging_mixin.py:188} INFO - [2024-07-07T14:04:37.784-0300] {dagbag.py:545} INFO - Filling up the DagBag from /home/johnny/airflow_env/lib/python3.12/site-packages/airflow/example_dags/example_latest_only.py
[2024-07-07T14:04:37.802-0300] {processor.py:840} INFO - DAG(s) 'latest_only' retrieved from /home/johnny/airflow_env/lib/python3.12/site-packages/airflow/example_dags/example_latest_only.py
[2024-07-07T14:04:37.985-0300] {logging_mixin.py:188} INFO - [2024-07-07T14:04:37.983-0300] {override.py:1847} INFO - Created Permission View: can delete on DAG:latest_only
[2024-07-07T14:04:38.009-0300] {logging_mixin.py:188} INFO - [2024-07-07T14:04:38.008-0300] {override.py:1847} INFO - Created Permission View: can read on DAG:latest_only
[2024-07-07T14:04:38.026-0300] {logging_mixin.py:188} INFO - [2024-07-07T14:04:38.025-0300] {override.py:1847} INFO - Created Permission View: can edit on DAG:latest_only
[2024-07-07T14:04:38.027-0300] {logging_mixin.py:188} INFO - [2024-07-07T14:04:38.026-0300] {dag.py:3096} INFO - Sync 1 DAGs
[2024-07-07T14:04:38.049-0300] {logging_mixin.py:188} INFO - [2024-07-07T14:04:38.049-0300] {dag.py:3118} INFO - Creating ORM DAG for latest_only
[2024-07-07T14:04:38.066-0300] {logging_mixin.py:188} INFO - [2024-07-07T14:04:38.065-0300] {dag.py:3954} INFO - Setting next_dagrun for latest_only to 2024-07-07 12:00:00+00:00, run_after=2024-07-07 16:00:00+00:00
[2024-07-07T14:04:38.102-0300] {processor.py:183} INFO - Processing /home/johnny/airflow_env/lib/python3.12/site-packages/airflow/example_dags/example_latest_only.py took 0.333 seconds
[2024-07-07T14:05:43.290-0300] {processor.py:161} INFO - Started process (PID=3045) to work on /home/johnny/airflow_env/lib/python3.12/site-packages/airflow/example_dags/example_latest_only.py
[2024-07-07T14:05:43.293-0300] {processor.py:830} INFO - Processing file /home/johnny/airflow_env/lib/python3.12/site-packages/airflow/example_dags/example_latest_only.py for tasks to queue
[2024-07-07T14:05:43.296-0300] {logging_mixin.py:188} INFO - [2024-07-07T14:05:43.296-0300] {dagbag.py:545} INFO - Filling up the DagBag from /home/johnny/airflow_env/lib/python3.12/site-packages/airflow/example_dags/example_latest_only.py
[2024-07-07T14:05:43.306-0300] {processor.py:840} INFO - DAG(s) 'latest_only' retrieved from /home/johnny/airflow_env/lib/python3.12/site-packages/airflow/example_dags/example_latest_only.py
[2024-07-07T14:05:43.338-0300] {logging_mixin.py:188} INFO - [2024-07-07T14:05:43.338-0300] {dag.py:3096} INFO - Sync 1 DAGs
[2024-07-07T14:05:43.373-0300] {logging_mixin.py:188} INFO - [2024-07-07T14:05:43.373-0300] {dag.py:3954} INFO - Setting next_dagrun for latest_only to 2024-07-07 12:00:00+00:00, run_after=2024-07-07 16:00:00+00:00
[2024-07-07T14:05:43.408-0300] {processor.py:183} INFO - Processing /home/johnny/airflow_env/lib/python3.12/site-packages/airflow/example_dags/example_latest_only.py took 0.129 seconds
[2024-07-07T14:06:40.386-0300] {processor.py:161} INFO - Started process (PID=3096) to work on /home/johnny/airflow_env/lib/python3.12/site-packages/airflow/example_dags/example_latest_only.py
[2024-07-07T14:06:40.389-0300] {processor.py:830} INFO - Processing file /home/johnny/airflow_env/lib/python3.12/site-packages/airflow/example_dags/example_latest_only.py for tasks to queue
[2024-07-07T14:06:40.393-0300] {logging_mixin.py:188} INFO - [2024-07-07T14:06:40.392-0300] {dagbag.py:545} INFO - Filling up the DagBag from /home/johnny/airflow_env/lib/python3.12/site-packages/airflow/example_dags/example_latest_only.py
[2024-07-07T14:06:40.402-0300] {processor.py:840} INFO - DAG(s) 'latest_only' retrieved from /home/johnny/airflow_env/lib/python3.12/site-packages/airflow/example_dags/example_latest_only.py
[2024-07-07T14:06:40.434-0300] {logging_mixin.py:188} INFO - [2024-07-07T14:06:40.434-0300] {dag.py:3096} INFO - Sync 1 DAGs
[2024-07-07T14:06:40.467-0300] {logging_mixin.py:188} INFO - [2024-07-07T14:06:40.466-0300] {dag.py:3954} INFO - Setting next_dagrun for latest_only to 2024-07-07 12:00:00+00:00, run_after=2024-07-07 16:00:00+00:00
[2024-07-07T14:06:40.511-0300] {processor.py:183} INFO - Processing /home/johnny/airflow_env/lib/python3.12/site-packages/airflow/example_dags/example_latest_only.py took 0.135 seconds
[2024-07-07T14:07:36.492-0300] {processor.py:161} INFO - Started process (PID=3146) to work on /home/johnny/airflow_env/lib/python3.12/site-packages/airflow/example_dags/example_latest_only.py
[2024-07-07T14:07:36.496-0300] {processor.py:830} INFO - Processing file /home/johnny/airflow_env/lib/python3.12/site-packages/airflow/example_dags/example_latest_only.py for tasks to queue
[2024-07-07T14:07:36.500-0300] {logging_mixin.py:188} INFO - [2024-07-07T14:07:36.499-0300] {dagbag.py:545} INFO - Filling up the DagBag from /home/johnny/airflow_env/lib/python3.12/site-packages/airflow/example_dags/example_latest_only.py
[2024-07-07T14:07:36.510-0300] {processor.py:840} INFO - DAG(s) 'latest_only' retrieved from /home/johnny/airflow_env/lib/python3.12/site-packages/airflow/example_dags/example_latest_only.py
[2024-07-07T14:07:36.543-0300] {logging_mixin.py:188} INFO - [2024-07-07T14:07:36.542-0300] {dag.py:3096} INFO - Sync 1 DAGs
[2024-07-07T14:07:36.570-0300] {logging_mixin.py:188} INFO - [2024-07-07T14:07:36.570-0300] {dag.py:3954} INFO - Setting next_dagrun for latest_only to 2024-07-07 12:00:00+00:00, run_after=2024-07-07 16:00:00+00:00
[2024-07-07T14:07:36.628-0300] {processor.py:183} INFO - Processing /home/johnny/airflow_env/lib/python3.12/site-packages/airflow/example_dags/example_latest_only.py took 0.151 seconds
[2024-07-07T19:45:40.862-0300] {processor.py:161} INFO - Started process (PID=35290) to work on /home/johnny/airflow/lib/python3.12/site-packages/airflow/example_dags/example_latest_only.py
[2024-07-07T19:45:40.865-0300] {processor.py:830} INFO - Processing file /home/johnny/airflow/lib/python3.12/site-packages/airflow/example_dags/example_latest_only.py for tasks to queue
[2024-07-07T19:45:40.870-0300] {logging_mixin.py:188} INFO - [2024-07-07T19:45:40.868-0300] {dagbag.py:545} INFO - Filling up the DagBag from /home/johnny/airflow/lib/python3.12/site-packages/airflow/example_dags/example_latest_only.py
[2024-07-07T19:45:40.880-0300] {processor.py:840} INFO - DAG(s) 'latest_only' retrieved from /home/johnny/airflow/lib/python3.12/site-packages/airflow/example_dags/example_latest_only.py
[2024-07-07T19:45:41.020-0300] {logging_mixin.py:188} INFO - [2024-07-07T19:45:41.019-0300] {dag.py:3096} INFO - Sync 1 DAGs
[2024-07-07T19:45:41.291-0300] {logging_mixin.py:188} INFO - [2024-07-07T19:45:41.291-0300] {dag.py:3954} INFO - Setting next_dagrun for latest_only to 2024-07-07 16:00:00+00:00, run_after=2024-07-07 20:00:00+00:00
[2024-07-07T19:45:41.349-0300] {processor.py:183} INFO - Processing /home/johnny/airflow/lib/python3.12/site-packages/airflow/example_dags/example_latest_only.py took 0.498 seconds
[2024-07-07T19:46:49.817-0300] {processor.py:161} INFO - Started process (PID=35454) to work on /home/johnny/airflow/lib/python3.12/site-packages/airflow/example_dags/example_latest_only.py
[2024-07-07T19:46:49.820-0300] {processor.py:830} INFO - Processing file /home/johnny/airflow/lib/python3.12/site-packages/airflow/example_dags/example_latest_only.py for tasks to queue
[2024-07-07T19:46:49.824-0300] {logging_mixin.py:188} INFO - [2024-07-07T19:46:49.823-0300] {dagbag.py:545} INFO - Filling up the DagBag from /home/johnny/airflow/lib/python3.12/site-packages/airflow/example_dags/example_latest_only.py
[2024-07-07T19:46:49.833-0300] {processor.py:840} INFO - DAG(s) 'latest_only' retrieved from /home/johnny/airflow/lib/python3.12/site-packages/airflow/example_dags/example_latest_only.py
[2024-07-07T19:46:49.857-0300] {logging_mixin.py:188} INFO - [2024-07-07T19:46:49.857-0300] {dag.py:3096} INFO - Sync 1 DAGs
[2024-07-07T19:46:49.904-0300] {logging_mixin.py:188} INFO - [2024-07-07T19:46:49.904-0300] {dag.py:3954} INFO - Setting next_dagrun for latest_only to 2024-07-07 16:00:00+00:00, run_after=2024-07-07 20:00:00+00:00
[2024-07-07T19:46:49.960-0300] {processor.py:183} INFO - Processing /home/johnny/airflow/lib/python3.12/site-packages/airflow/example_dags/example_latest_only.py took 0.170 seconds
[2024-07-07T19:48:03.339-0300] {processor.py:161} INFO - Started process (PID=35657) to work on /home/johnny/airflow/lib/python3.12/site-packages/airflow/example_dags/example_latest_only.py
[2024-07-07T19:48:03.342-0300] {processor.py:830} INFO - Processing file /home/johnny/airflow/lib/python3.12/site-packages/airflow/example_dags/example_latest_only.py for tasks to queue
[2024-07-07T19:48:03.349-0300] {logging_mixin.py:188} INFO - [2024-07-07T19:48:03.347-0300] {dagbag.py:545} INFO - Filling up the DagBag from /home/johnny/airflow/lib/python3.12/site-packages/airflow/example_dags/example_latest_only.py
[2024-07-07T19:48:03.362-0300] {processor.py:840} INFO - DAG(s) 'latest_only' retrieved from /home/johnny/airflow/lib/python3.12/site-packages/airflow/example_dags/example_latest_only.py
[2024-07-07T19:48:03.395-0300] {logging_mixin.py:188} INFO - [2024-07-07T19:48:03.394-0300] {dag.py:3096} INFO - Sync 1 DAGs
[2024-07-07T19:48:03.444-0300] {logging_mixin.py:188} INFO - [2024-07-07T19:48:03.444-0300] {dag.py:3954} INFO - Setting next_dagrun for latest_only to 2024-07-07 16:00:00+00:00, run_after=2024-07-07 20:00:00+00:00
[2024-07-07T19:48:03.497-0300] {processor.py:183} INFO - Processing /home/johnny/airflow/lib/python3.12/site-packages/airflow/example_dags/example_latest_only.py took 0.174 seconds
[2024-07-07T19:49:10.362-0300] {processor.py:161} INFO - Started process (PID=35861) to work on /home/johnny/airflow/lib/python3.12/site-packages/airflow/example_dags/example_latest_only.py
[2024-07-07T19:49:10.368-0300] {processor.py:830} INFO - Processing file /home/johnny/airflow/lib/python3.12/site-packages/airflow/example_dags/example_latest_only.py for tasks to queue
[2024-07-07T19:49:10.372-0300] {logging_mixin.py:188} INFO - [2024-07-07T19:49:10.371-0300] {dagbag.py:545} INFO - Filling up the DagBag from /home/johnny/airflow/lib/python3.12/site-packages/airflow/example_dags/example_latest_only.py
[2024-07-07T19:49:10.383-0300] {processor.py:840} INFO - DAG(s) 'latest_only' retrieved from /home/johnny/airflow/lib/python3.12/site-packages/airflow/example_dags/example_latest_only.py
[2024-07-07T19:49:10.417-0300] {logging_mixin.py:188} INFO - [2024-07-07T19:49:10.416-0300] {dag.py:3096} INFO - Sync 1 DAGs
[2024-07-07T19:49:10.467-0300] {logging_mixin.py:188} INFO - [2024-07-07T19:49:10.467-0300] {dag.py:3954} INFO - Setting next_dagrun for latest_only to 2024-07-07 16:00:00+00:00, run_after=2024-07-07 20:00:00+00:00
[2024-07-07T19:49:10.514-0300] {processor.py:183} INFO - Processing /home/johnny/airflow/lib/python3.12/site-packages/airflow/example_dags/example_latest_only.py took 0.165 seconds
[2024-07-07T19:50:14.711-0300] {processor.py:161} INFO - Started process (PID=36042) to work on /home/johnny/airflow/lib/python3.12/site-packages/airflow/example_dags/example_latest_only.py
[2024-07-07T19:50:14.718-0300] {processor.py:830} INFO - Processing file /home/johnny/airflow/lib/python3.12/site-packages/airflow/example_dags/example_latest_only.py for tasks to queue
[2024-07-07T19:50:14.724-0300] {logging_mixin.py:188} INFO - [2024-07-07T19:50:14.723-0300] {dagbag.py:545} INFO - Filling up the DagBag from /home/johnny/airflow/lib/python3.12/site-packages/airflow/example_dags/example_latest_only.py
[2024-07-07T19:50:14.737-0300] {processor.py:840} INFO - DAG(s) 'latest_only' retrieved from /home/johnny/airflow/lib/python3.12/site-packages/airflow/example_dags/example_latest_only.py
[2024-07-07T19:50:14.771-0300] {logging_mixin.py:188} INFO - [2024-07-07T19:50:14.770-0300] {dag.py:3096} INFO - Sync 1 DAGs
[2024-07-07T19:50:14.827-0300] {logging_mixin.py:188} INFO - [2024-07-07T19:50:14.826-0300] {dag.py:3954} INFO - Setting next_dagrun for latest_only to 2024-07-07 16:00:00+00:00, run_after=2024-07-07 20:00:00+00:00
[2024-07-07T19:50:14.895-0300] {processor.py:183} INFO - Processing /home/johnny/airflow/lib/python3.12/site-packages/airflow/example_dags/example_latest_only.py took 0.202 seconds
[2024-07-07T19:51:28.261-0300] {processor.py:161} INFO - Started process (PID=36241) to work on /home/johnny/airflow/lib/python3.12/site-packages/airflow/example_dags/example_latest_only.py
[2024-07-07T19:51:28.265-0300] {processor.py:830} INFO - Processing file /home/johnny/airflow/lib/python3.12/site-packages/airflow/example_dags/example_latest_only.py for tasks to queue
[2024-07-07T19:51:28.269-0300] {logging_mixin.py:188} INFO - [2024-07-07T19:51:28.268-0300] {dagbag.py:545} INFO - Filling up the DagBag from /home/johnny/airflow/lib/python3.12/site-packages/airflow/example_dags/example_latest_only.py
[2024-07-07T19:51:28.286-0300] {processor.py:840} INFO - DAG(s) 'latest_only' retrieved from /home/johnny/airflow/lib/python3.12/site-packages/airflow/example_dags/example_latest_only.py
[2024-07-07T19:51:28.326-0300] {logging_mixin.py:188} INFO - [2024-07-07T19:51:28.325-0300] {dag.py:3096} INFO - Sync 1 DAGs
[2024-07-07T19:51:28.370-0300] {logging_mixin.py:188} INFO - [2024-07-07T19:51:28.370-0300] {dag.py:3954} INFO - Setting next_dagrun for latest_only to 2024-07-07 16:00:00+00:00, run_after=2024-07-07 20:00:00+00:00
[2024-07-07T19:51:28.429-0300] {processor.py:183} INFO - Processing /home/johnny/airflow/lib/python3.12/site-packages/airflow/example_dags/example_latest_only.py took 0.183 seconds
[2024-07-07T19:52:38.001-0300] {processor.py:161} INFO - Started process (PID=36428) to work on /home/johnny/airflow/lib/python3.12/site-packages/airflow/example_dags/example_latest_only.py
[2024-07-07T19:52:38.004-0300] {processor.py:830} INFO - Processing file /home/johnny/airflow/lib/python3.12/site-packages/airflow/example_dags/example_latest_only.py for tasks to queue
[2024-07-07T19:52:38.008-0300] {logging_mixin.py:188} INFO - [2024-07-07T19:52:38.007-0300] {dagbag.py:545} INFO - Filling up the DagBag from /home/johnny/airflow/lib/python3.12/site-packages/airflow/example_dags/example_latest_only.py
[2024-07-07T19:52:38.021-0300] {processor.py:840} INFO - DAG(s) 'latest_only' retrieved from /home/johnny/airflow/lib/python3.12/site-packages/airflow/example_dags/example_latest_only.py
[2024-07-07T19:52:38.061-0300] {logging_mixin.py:188} INFO - [2024-07-07T19:52:38.060-0300] {dag.py:3096} INFO - Sync 1 DAGs
[2024-07-07T19:52:38.115-0300] {logging_mixin.py:188} INFO - [2024-07-07T19:52:38.114-0300] {dag.py:3954} INFO - Setting next_dagrun for latest_only to 2024-07-07 16:00:00+00:00, run_after=2024-07-07 20:00:00+00:00
[2024-07-07T19:52:38.177-0300] {processor.py:183} INFO - Processing /home/johnny/airflow/lib/python3.12/site-packages/airflow/example_dags/example_latest_only.py took 0.188 seconds
[2024-07-07T19:53:49.051-0300] {processor.py:161} INFO - Started process (PID=36629) to work on /home/johnny/airflow/lib/python3.12/site-packages/airflow/example_dags/example_latest_only.py
[2024-07-07T19:53:49.054-0300] {processor.py:830} INFO - Processing file /home/johnny/airflow/lib/python3.12/site-packages/airflow/example_dags/example_latest_only.py for tasks to queue
[2024-07-07T19:53:49.058-0300] {logging_mixin.py:188} INFO - [2024-07-07T19:53:49.057-0300] {dagbag.py:545} INFO - Filling up the DagBag from /home/johnny/airflow/lib/python3.12/site-packages/airflow/example_dags/example_latest_only.py
[2024-07-07T19:53:49.072-0300] {processor.py:840} INFO - DAG(s) 'latest_only' retrieved from /home/johnny/airflow/lib/python3.12/site-packages/airflow/example_dags/example_latest_only.py
[2024-07-07T19:53:49.150-0300] {logging_mixin.py:188} INFO - [2024-07-07T19:53:49.149-0300] {dag.py:3096} INFO - Sync 1 DAGs
[2024-07-07T19:53:49.195-0300] {logging_mixin.py:188} INFO - [2024-07-07T19:53:49.194-0300] {dag.py:3954} INFO - Setting next_dagrun for latest_only to 2024-07-07 16:00:00+00:00, run_after=2024-07-07 20:00:00+00:00
[2024-07-07T19:53:49.252-0300] {processor.py:183} INFO - Processing /home/johnny/airflow/lib/python3.12/site-packages/airflow/example_dags/example_latest_only.py took 0.212 seconds
[2024-07-07T19:54:55.677-0300] {processor.py:161} INFO - Started process (PID=36813) to work on /home/johnny/airflow/lib/python3.12/site-packages/airflow/example_dags/example_latest_only.py
[2024-07-07T19:54:55.683-0300] {processor.py:830} INFO - Processing file /home/johnny/airflow/lib/python3.12/site-packages/airflow/example_dags/example_latest_only.py for tasks to queue
[2024-07-07T19:54:55.686-0300] {logging_mixin.py:188} INFO - [2024-07-07T19:54:55.685-0300] {dagbag.py:545} INFO - Filling up the DagBag from /home/johnny/airflow/lib/python3.12/site-packages/airflow/example_dags/example_latest_only.py
[2024-07-07T19:54:55.698-0300] {processor.py:840} INFO - DAG(s) 'latest_only' retrieved from /home/johnny/airflow/lib/python3.12/site-packages/airflow/example_dags/example_latest_only.py
[2024-07-07T19:54:55.733-0300] {logging_mixin.py:188} INFO - [2024-07-07T19:54:55.733-0300] {dag.py:3096} INFO - Sync 1 DAGs
[2024-07-07T19:54:55.783-0300] {logging_mixin.py:188} INFO - [2024-07-07T19:54:55.782-0300] {dag.py:3954} INFO - Setting next_dagrun for latest_only to 2024-07-07 16:00:00+00:00, run_after=2024-07-07 20:00:00+00:00
[2024-07-07T19:54:55.850-0300] {processor.py:183} INFO - Processing /home/johnny/airflow/lib/python3.12/site-packages/airflow/example_dags/example_latest_only.py took 0.185 seconds
[2024-07-07T19:56:07.173-0300] {processor.py:161} INFO - Started process (PID=37001) to work on /home/johnny/airflow/lib/python3.12/site-packages/airflow/example_dags/example_latest_only.py
[2024-07-07T19:56:07.178-0300] {processor.py:830} INFO - Processing file /home/johnny/airflow/lib/python3.12/site-packages/airflow/example_dags/example_latest_only.py for tasks to queue
[2024-07-07T19:56:07.181-0300] {logging_mixin.py:188} INFO - [2024-07-07T19:56:07.180-0300] {dagbag.py:545} INFO - Filling up the DagBag from /home/johnny/airflow/lib/python3.12/site-packages/airflow/example_dags/example_latest_only.py
[2024-07-07T19:56:07.191-0300] {processor.py:840} INFO - DAG(s) 'latest_only' retrieved from /home/johnny/airflow/lib/python3.12/site-packages/airflow/example_dags/example_latest_only.py
[2024-07-07T19:56:07.220-0300] {logging_mixin.py:188} INFO - [2024-07-07T19:56:07.219-0300] {dag.py:3096} INFO - Sync 1 DAGs
[2024-07-07T19:56:07.249-0300] {logging_mixin.py:188} INFO - [2024-07-07T19:56:07.249-0300] {dag.py:3954} INFO - Setting next_dagrun for latest_only to 2024-07-07 16:00:00+00:00, run_after=2024-07-07 20:00:00+00:00
[2024-07-07T19:56:07.281-0300] {processor.py:183} INFO - Processing /home/johnny/airflow/lib/python3.12/site-packages/airflow/example_dags/example_latest_only.py took 0.120 seconds
[2024-07-07T19:57:21.775-0300] {processor.py:161} INFO - Started process (PID=37203) to work on /home/johnny/airflow/lib/python3.12/site-packages/airflow/example_dags/example_latest_only.py
[2024-07-07T19:57:21.779-0300] {processor.py:830} INFO - Processing file /home/johnny/airflow/lib/python3.12/site-packages/airflow/example_dags/example_latest_only.py for tasks to queue
[2024-07-07T19:57:21.781-0300] {logging_mixin.py:188} INFO - [2024-07-07T19:57:21.780-0300] {dagbag.py:545} INFO - Filling up the DagBag from /home/johnny/airflow/lib/python3.12/site-packages/airflow/example_dags/example_latest_only.py
[2024-07-07T19:57:21.796-0300] {processor.py:840} INFO - DAG(s) 'latest_only' retrieved from /home/johnny/airflow/lib/python3.12/site-packages/airflow/example_dags/example_latest_only.py
[2024-07-07T19:57:21.837-0300] {logging_mixin.py:188} INFO - [2024-07-07T19:57:21.836-0300] {dag.py:3096} INFO - Sync 1 DAGs
[2024-07-07T19:57:21.881-0300] {logging_mixin.py:188} INFO - [2024-07-07T19:57:21.880-0300] {dag.py:3954} INFO - Setting next_dagrun for latest_only to 2024-07-07 16:00:00+00:00, run_after=2024-07-07 20:00:00+00:00
[2024-07-07T19:57:21.914-0300] {processor.py:183} INFO - Processing /home/johnny/airflow/lib/python3.12/site-packages/airflow/example_dags/example_latest_only.py took 0.153 seconds
[2024-07-07T19:58:34.320-0300] {processor.py:161} INFO - Started process (PID=37409) to work on /home/johnny/airflow/lib/python3.12/site-packages/airflow/example_dags/example_latest_only.py
[2024-07-07T19:58:34.323-0300] {processor.py:830} INFO - Processing file /home/johnny/airflow/lib/python3.12/site-packages/airflow/example_dags/example_latest_only.py for tasks to queue
[2024-07-07T19:58:34.326-0300] {logging_mixin.py:188} INFO - [2024-07-07T19:58:34.325-0300] {dagbag.py:545} INFO - Filling up the DagBag from /home/johnny/airflow/lib/python3.12/site-packages/airflow/example_dags/example_latest_only.py
[2024-07-07T19:58:34.340-0300] {processor.py:840} INFO - DAG(s) 'latest_only' retrieved from /home/johnny/airflow/lib/python3.12/site-packages/airflow/example_dags/example_latest_only.py
[2024-07-07T19:58:34.386-0300] {logging_mixin.py:188} INFO - [2024-07-07T19:58:34.385-0300] {dag.py:3096} INFO - Sync 1 DAGs
[2024-07-07T19:58:34.449-0300] {logging_mixin.py:188} INFO - [2024-07-07T19:58:34.448-0300] {dag.py:3954} INFO - Setting next_dagrun for latest_only to 2024-07-07 16:00:00+00:00, run_after=2024-07-07 20:00:00+00:00
[2024-07-07T19:58:34.490-0300] {processor.py:183} INFO - Processing /home/johnny/airflow/lib/python3.12/site-packages/airflow/example_dags/example_latest_only.py took 0.186 seconds
[2024-07-07T19:59:38.620-0300] {processor.py:161} INFO - Started process (PID=37591) to work on /home/johnny/airflow/lib/python3.12/site-packages/airflow/example_dags/example_latest_only.py
[2024-07-07T19:59:38.625-0300] {processor.py:830} INFO - Processing file /home/johnny/airflow/lib/python3.12/site-packages/airflow/example_dags/example_latest_only.py for tasks to queue
[2024-07-07T19:59:38.627-0300] {logging_mixin.py:188} INFO - [2024-07-07T19:59:38.626-0300] {dagbag.py:545} INFO - Filling up the DagBag from /home/johnny/airflow/lib/python3.12/site-packages/airflow/example_dags/example_latest_only.py
[2024-07-07T19:59:38.638-0300] {processor.py:840} INFO - DAG(s) 'latest_only' retrieved from /home/johnny/airflow/lib/python3.12/site-packages/airflow/example_dags/example_latest_only.py
[2024-07-07T19:59:38.671-0300] {logging_mixin.py:188} INFO - [2024-07-07T19:59:38.670-0300] {dag.py:3096} INFO - Sync 1 DAGs
[2024-07-07T19:59:38.720-0300] {logging_mixin.py:188} INFO - [2024-07-07T19:59:38.720-0300] {dag.py:3954} INFO - Setting next_dagrun for latest_only to 2024-07-07 16:00:00+00:00, run_after=2024-07-07 20:00:00+00:00
[2024-07-07T19:59:38.769-0300] {processor.py:183} INFO - Processing /home/johnny/airflow/lib/python3.12/site-packages/airflow/example_dags/example_latest_only.py took 0.161 seconds
[2024-07-07T20:00:43.071-0300] {processor.py:161} INFO - Started process (PID=37770) to work on /home/johnny/airflow/lib/python3.12/site-packages/airflow/example_dags/example_latest_only.py
[2024-07-07T20:00:43.074-0300] {processor.py:830} INFO - Processing file /home/johnny/airflow/lib/python3.12/site-packages/airflow/example_dags/example_latest_only.py for tasks to queue
[2024-07-07T20:00:43.077-0300] {logging_mixin.py:188} INFO - [2024-07-07T20:00:43.076-0300] {dagbag.py:545} INFO - Filling up the DagBag from /home/johnny/airflow/lib/python3.12/site-packages/airflow/example_dags/example_latest_only.py
[2024-07-07T20:00:43.087-0300] {processor.py:840} INFO - DAG(s) 'latest_only' retrieved from /home/johnny/airflow/lib/python3.12/site-packages/airflow/example_dags/example_latest_only.py
[2024-07-07T20:00:43.117-0300] {logging_mixin.py:188} INFO - [2024-07-07T20:00:43.116-0300] {dag.py:3096} INFO - Sync 1 DAGs
[2024-07-07T20:00:43.148-0300] {logging_mixin.py:188} INFO - [2024-07-07T20:00:43.148-0300] {dag.py:3954} INFO - Setting next_dagrun for latest_only to 2024-07-07 16:00:00+00:00, run_after=2024-07-07 20:00:00+00:00
[2024-07-07T20:00:43.180-0300] {processor.py:183} INFO - Processing /home/johnny/airflow/lib/python3.12/site-packages/airflow/example_dags/example_latest_only.py took 0.120 seconds
[2024-07-07T20:01:50.007-0300] {processor.py:161} INFO - Started process (PID=37952) to work on /home/johnny/airflow/lib/python3.12/site-packages/airflow/example_dags/example_latest_only.py
[2024-07-07T20:01:50.010-0300] {processor.py:830} INFO - Processing file /home/johnny/airflow/lib/python3.12/site-packages/airflow/example_dags/example_latest_only.py for tasks to queue
[2024-07-07T20:01:50.012-0300] {logging_mixin.py:188} INFO - [2024-07-07T20:01:50.011-0300] {dagbag.py:545} INFO - Filling up the DagBag from /home/johnny/airflow/lib/python3.12/site-packages/airflow/example_dags/example_latest_only.py
[2024-07-07T20:01:50.022-0300] {processor.py:840} INFO - DAG(s) 'latest_only' retrieved from /home/johnny/airflow/lib/python3.12/site-packages/airflow/example_dags/example_latest_only.py
[2024-07-07T20:01:50.054-0300] {logging_mixin.py:188} INFO - [2024-07-07T20:01:50.053-0300] {dag.py:3096} INFO - Sync 1 DAGs
[2024-07-07T20:01:50.091-0300] {logging_mixin.py:188} INFO - [2024-07-07T20:01:50.091-0300] {dag.py:3954} INFO - Setting next_dagrun for latest_only to 2024-07-07 16:00:00+00:00, run_after=2024-07-07 20:00:00+00:00
[2024-07-07T20:01:50.128-0300] {processor.py:183} INFO - Processing /home/johnny/airflow/lib/python3.12/site-packages/airflow/example_dags/example_latest_only.py took 0.133 seconds
[2024-07-07T20:02:55.582-0300] {processor.py:161} INFO - Started process (PID=38130) to work on /home/johnny/airflow/lib/python3.12/site-packages/airflow/example_dags/example_latest_only.py
[2024-07-07T20:02:55.586-0300] {processor.py:830} INFO - Processing file /home/johnny/airflow/lib/python3.12/site-packages/airflow/example_dags/example_latest_only.py for tasks to queue
[2024-07-07T20:02:55.589-0300] {logging_mixin.py:188} INFO - [2024-07-07T20:02:55.588-0300] {dagbag.py:545} INFO - Filling up the DagBag from /home/johnny/airflow/lib/python3.12/site-packages/airflow/example_dags/example_latest_only.py
[2024-07-07T20:02:55.602-0300] {processor.py:840} INFO - DAG(s) 'latest_only' retrieved from /home/johnny/airflow/lib/python3.12/site-packages/airflow/example_dags/example_latest_only.py
[2024-07-07T20:02:55.635-0300] {logging_mixin.py:188} INFO - [2024-07-07T20:02:55.634-0300] {dag.py:3096} INFO - Sync 1 DAGs
[2024-07-07T20:02:55.679-0300] {logging_mixin.py:188} INFO - [2024-07-07T20:02:55.678-0300] {dag.py:3954} INFO - Setting next_dagrun for latest_only to 2024-07-07 16:00:00+00:00, run_after=2024-07-07 20:00:00+00:00
[2024-07-07T20:02:55.732-0300] {processor.py:183} INFO - Processing /home/johnny/airflow/lib/python3.12/site-packages/airflow/example_dags/example_latest_only.py took 0.162 seconds
[2024-07-07T20:04:18.322-0300] {processor.py:161} INFO - Started process (PID=38362) to work on /home/johnny/airflow/lib/python3.12/site-packages/airflow/example_dags/example_latest_only.py
[2024-07-07T20:04:18.325-0300] {processor.py:830} INFO - Processing file /home/johnny/airflow/lib/python3.12/site-packages/airflow/example_dags/example_latest_only.py for tasks to queue
[2024-07-07T20:04:18.327-0300] {logging_mixin.py:188} INFO - [2024-07-07T20:04:18.326-0300] {dagbag.py:545} INFO - Filling up the DagBag from /home/johnny/airflow/lib/python3.12/site-packages/airflow/example_dags/example_latest_only.py
[2024-07-07T20:04:18.339-0300] {processor.py:840} INFO - DAG(s) 'latest_only' retrieved from /home/johnny/airflow/lib/python3.12/site-packages/airflow/example_dags/example_latest_only.py
[2024-07-07T20:04:18.372-0300] {logging_mixin.py:188} INFO - [2024-07-07T20:04:18.372-0300] {dag.py:3096} INFO - Sync 1 DAGs
[2024-07-07T20:04:18.432-0300] {logging_mixin.py:188} INFO - [2024-07-07T20:04:18.432-0300] {dag.py:3954} INFO - Setting next_dagrun for latest_only to 2024-07-07 16:00:00+00:00, run_after=2024-07-07 20:00:00+00:00
[2024-07-07T20:04:18.489-0300] {processor.py:183} INFO - Processing /home/johnny/airflow/lib/python3.12/site-packages/airflow/example_dags/example_latest_only.py took 0.179 seconds
[2024-07-07T20:05:25.825-0300] {processor.py:161} INFO - Started process (PID=38545) to work on /home/johnny/airflow/lib/python3.12/site-packages/airflow/example_dags/example_latest_only.py
[2024-07-07T20:05:25.828-0300] {processor.py:830} INFO - Processing file /home/johnny/airflow/lib/python3.12/site-packages/airflow/example_dags/example_latest_only.py for tasks to queue
[2024-07-07T20:05:25.831-0300] {logging_mixin.py:188} INFO - [2024-07-07T20:05:25.830-0300] {dagbag.py:545} INFO - Filling up the DagBag from /home/johnny/airflow/lib/python3.12/site-packages/airflow/example_dags/example_latest_only.py
[2024-07-07T20:05:25.843-0300] {processor.py:840} INFO - DAG(s) 'latest_only' retrieved from /home/johnny/airflow/lib/python3.12/site-packages/airflow/example_dags/example_latest_only.py
[2024-07-07T20:05:25.876-0300] {logging_mixin.py:188} INFO - [2024-07-07T20:05:25.876-0300] {dag.py:3096} INFO - Sync 1 DAGs
[2024-07-07T20:05:25.906-0300] {logging_mixin.py:188} INFO - [2024-07-07T20:05:25.906-0300] {dag.py:3954} INFO - Setting next_dagrun for latest_only to 2024-07-07 16:00:00+00:00, run_after=2024-07-07 20:00:00+00:00
[2024-07-07T20:05:25.955-0300] {processor.py:183} INFO - Processing /home/johnny/airflow/lib/python3.12/site-packages/airflow/example_dags/example_latest_only.py took 0.144 seconds
[2024-07-07T20:06:26.663-0300] {processor.py:161} INFO - Started process (PID=38717) to work on /home/johnny/airflow/lib/python3.12/site-packages/airflow/example_dags/example_latest_only.py
[2024-07-07T20:06:26.666-0300] {processor.py:830} INFO - Processing file /home/johnny/airflow/lib/python3.12/site-packages/airflow/example_dags/example_latest_only.py for tasks to queue
[2024-07-07T20:06:26.668-0300] {logging_mixin.py:188} INFO - [2024-07-07T20:06:26.667-0300] {dagbag.py:545} INFO - Filling up the DagBag from /home/johnny/airflow/lib/python3.12/site-packages/airflow/example_dags/example_latest_only.py
[2024-07-07T20:06:26.680-0300] {processor.py:840} INFO - DAG(s) 'latest_only' retrieved from /home/johnny/airflow/lib/python3.12/site-packages/airflow/example_dags/example_latest_only.py
[2024-07-07T20:06:26.709-0300] {logging_mixin.py:188} INFO - [2024-07-07T20:06:26.708-0300] {dag.py:3096} INFO - Sync 1 DAGs
[2024-07-07T20:06:26.739-0300] {logging_mixin.py:188} INFO - [2024-07-07T20:06:26.739-0300] {dag.py:3954} INFO - Setting next_dagrun for latest_only to 2024-07-07 16:00:00+00:00, run_after=2024-07-07 20:00:00+00:00
[2024-07-07T20:06:26.769-0300] {processor.py:183} INFO - Processing /home/johnny/airflow/lib/python3.12/site-packages/airflow/example_dags/example_latest_only.py took 0.120 seconds
[2024-07-07T20:07:32.620-0300] {processor.py:161} INFO - Started process (PID=38898) to work on /home/johnny/airflow/lib/python3.12/site-packages/airflow/example_dags/example_latest_only.py
[2024-07-07T20:07:32.625-0300] {processor.py:830} INFO - Processing file /home/johnny/airflow/lib/python3.12/site-packages/airflow/example_dags/example_latest_only.py for tasks to queue
[2024-07-07T20:07:32.629-0300] {logging_mixin.py:188} INFO - [2024-07-07T20:07:32.627-0300] {dagbag.py:545} INFO - Filling up the DagBag from /home/johnny/airflow/lib/python3.12/site-packages/airflow/example_dags/example_latest_only.py
[2024-07-07T20:07:32.643-0300] {processor.py:840} INFO - DAG(s) 'latest_only' retrieved from /home/johnny/airflow/lib/python3.12/site-packages/airflow/example_dags/example_latest_only.py
[2024-07-07T20:07:32.682-0300] {logging_mixin.py:188} INFO - [2024-07-07T20:07:32.681-0300] {dag.py:3096} INFO - Sync 1 DAGs
[2024-07-07T20:07:32.719-0300] {logging_mixin.py:188} INFO - [2024-07-07T20:07:32.719-0300] {dag.py:3954} INFO - Setting next_dagrun for latest_only to 2024-07-07 16:00:00+00:00, run_after=2024-07-07 20:00:00+00:00
[2024-07-07T20:07:32.763-0300] {processor.py:183} INFO - Processing /home/johnny/airflow/lib/python3.12/site-packages/airflow/example_dags/example_latest_only.py took 0.160 seconds
[2024-07-07T20:08:45.201-0300] {processor.py:161} INFO - Started process (PID=39096) to work on /home/johnny/airflow/lib/python3.12/site-packages/airflow/example_dags/example_latest_only.py
[2024-07-07T20:08:45.203-0300] {processor.py:830} INFO - Processing file /home/johnny/airflow/lib/python3.12/site-packages/airflow/example_dags/example_latest_only.py for tasks to queue
[2024-07-07T20:08:45.206-0300] {logging_mixin.py:188} INFO - [2024-07-07T20:08:45.205-0300] {dagbag.py:545} INFO - Filling up the DagBag from /home/johnny/airflow/lib/python3.12/site-packages/airflow/example_dags/example_latest_only.py
[2024-07-07T20:08:45.217-0300] {processor.py:840} INFO - DAG(s) 'latest_only' retrieved from /home/johnny/airflow/lib/python3.12/site-packages/airflow/example_dags/example_latest_only.py
[2024-07-07T20:08:45.249-0300] {logging_mixin.py:188} INFO - [2024-07-07T20:08:45.248-0300] {dag.py:3096} INFO - Sync 1 DAGs
[2024-07-07T20:08:45.296-0300] {logging_mixin.py:188} INFO - [2024-07-07T20:08:45.295-0300] {dag.py:3954} INFO - Setting next_dagrun for latest_only to 2024-07-07 16:00:00+00:00, run_after=2024-07-07 20:00:00+00:00
[2024-07-07T20:08:45.339-0300] {processor.py:183} INFO - Processing /home/johnny/airflow/lib/python3.12/site-packages/airflow/example_dags/example_latest_only.py took 0.150 seconds
[2024-07-07T20:09:53.708-0300] {processor.py:161} INFO - Started process (PID=39291) to work on /home/johnny/airflow/lib/python3.12/site-packages/airflow/example_dags/example_latest_only.py
[2024-07-07T20:09:53.712-0300] {processor.py:830} INFO - Processing file /home/johnny/airflow/lib/python3.12/site-packages/airflow/example_dags/example_latest_only.py for tasks to queue
[2024-07-07T20:09:53.714-0300] {logging_mixin.py:188} INFO - [2024-07-07T20:09:53.713-0300] {dagbag.py:545} INFO - Filling up the DagBag from /home/johnny/airflow/lib/python3.12/site-packages/airflow/example_dags/example_latest_only.py
[2024-07-07T20:09:53.726-0300] {processor.py:840} INFO - DAG(s) 'latest_only' retrieved from /home/johnny/airflow/lib/python3.12/site-packages/airflow/example_dags/example_latest_only.py
[2024-07-07T20:09:53.760-0300] {logging_mixin.py:188} INFO - [2024-07-07T20:09:53.759-0300] {dag.py:3096} INFO - Sync 1 DAGs
[2024-07-07T20:09:53.789-0300] {logging_mixin.py:188} INFO - [2024-07-07T20:09:53.789-0300] {dag.py:3954} INFO - Setting next_dagrun for latest_only to 2024-07-07 16:00:00+00:00, run_after=2024-07-07 20:00:00+00:00
[2024-07-07T20:09:53.833-0300] {processor.py:183} INFO - Processing /home/johnny/airflow/lib/python3.12/site-packages/airflow/example_dags/example_latest_only.py took 0.138 seconds
[2024-07-07T20:11:00.367-0300] {processor.py:161} INFO - Started process (PID=39470) to work on /home/johnny/airflow/lib/python3.12/site-packages/airflow/example_dags/example_latest_only.py
[2024-07-07T20:11:00.369-0300] {processor.py:830} INFO - Processing file /home/johnny/airflow/lib/python3.12/site-packages/airflow/example_dags/example_latest_only.py for tasks to queue
[2024-07-07T20:11:00.372-0300] {logging_mixin.py:188} INFO - [2024-07-07T20:11:00.371-0300] {dagbag.py:545} INFO - Filling up the DagBag from /home/johnny/airflow/lib/python3.12/site-packages/airflow/example_dags/example_latest_only.py
[2024-07-07T20:11:00.382-0300] {processor.py:840} INFO - DAG(s) 'latest_only' retrieved from /home/johnny/airflow/lib/python3.12/site-packages/airflow/example_dags/example_latest_only.py
[2024-07-07T20:11:00.411-0300] {logging_mixin.py:188} INFO - [2024-07-07T20:11:00.410-0300] {dag.py:3096} INFO - Sync 1 DAGs
[2024-07-07T20:11:00.443-0300] {logging_mixin.py:188} INFO - [2024-07-07T20:11:00.442-0300] {dag.py:3954} INFO - Setting next_dagrun for latest_only to 2024-07-07 16:00:00+00:00, run_after=2024-07-07 20:00:00+00:00
[2024-07-07T20:11:00.477-0300] {processor.py:183} INFO - Processing /home/johnny/airflow/lib/python3.12/site-packages/airflow/example_dags/example_latest_only.py took 0.121 seconds
[2024-07-07T20:12:00.127-0300] {processor.py:161} INFO - Started process (PID=39634) to work on /home/johnny/airflow/lib/python3.12/site-packages/airflow/example_dags/example_latest_only.py
[2024-07-07T20:12:00.129-0300] {processor.py:830} INFO - Processing file /home/johnny/airflow/lib/python3.12/site-packages/airflow/example_dags/example_latest_only.py for tasks to queue
[2024-07-07T20:12:00.131-0300] {logging_mixin.py:188} INFO - [2024-07-07T20:12:00.130-0300] {dagbag.py:545} INFO - Filling up the DagBag from /home/johnny/airflow/lib/python3.12/site-packages/airflow/example_dags/example_latest_only.py
[2024-07-07T20:12:00.141-0300] {processor.py:840} INFO - DAG(s) 'latest_only' retrieved from /home/johnny/airflow/lib/python3.12/site-packages/airflow/example_dags/example_latest_only.py
[2024-07-07T20:12:00.172-0300] {logging_mixin.py:188} INFO - [2024-07-07T20:12:00.172-0300] {dag.py:3096} INFO - Sync 1 DAGs
[2024-07-07T20:12:00.201-0300] {logging_mixin.py:188} INFO - [2024-07-07T20:12:00.201-0300] {dag.py:3954} INFO - Setting next_dagrun for latest_only to 2024-07-07 16:00:00+00:00, run_after=2024-07-07 20:00:00+00:00
[2024-07-07T20:12:00.242-0300] {processor.py:183} INFO - Processing /home/johnny/airflow/lib/python3.12/site-packages/airflow/example_dags/example_latest_only.py took 0.126 seconds
[2024-07-07T20:13:03.375-0300] {processor.py:161} INFO - Started process (PID=39813) to work on /home/johnny/airflow/lib/python3.12/site-packages/airflow/example_dags/example_latest_only.py
[2024-07-07T20:13:03.378-0300] {processor.py:830} INFO - Processing file /home/johnny/airflow/lib/python3.12/site-packages/airflow/example_dags/example_latest_only.py for tasks to queue
[2024-07-07T20:13:03.381-0300] {logging_mixin.py:188} INFO - [2024-07-07T20:13:03.379-0300] {dagbag.py:545} INFO - Filling up the DagBag from /home/johnny/airflow/lib/python3.12/site-packages/airflow/example_dags/example_latest_only.py
[2024-07-07T20:13:03.398-0300] {processor.py:840} INFO - DAG(s) 'latest_only' retrieved from /home/johnny/airflow/lib/python3.12/site-packages/airflow/example_dags/example_latest_only.py
[2024-07-07T20:13:03.474-0300] {logging_mixin.py:188} INFO - [2024-07-07T20:13:03.471-0300] {dag.py:3096} INFO - Sync 1 DAGs
[2024-07-07T20:13:03.505-0300] {logging_mixin.py:188} INFO - [2024-07-07T20:13:03.504-0300] {dag.py:3954} INFO - Setting next_dagrun for latest_only to 2024-07-07 16:00:00+00:00, run_after=2024-07-07 20:00:00+00:00
[2024-07-07T20:13:03.552-0300] {processor.py:183} INFO - Processing /home/johnny/airflow/lib/python3.12/site-packages/airflow/example_dags/example_latest_only.py took 0.192 seconds
[2024-07-07T20:14:06.145-0300] {processor.py:161} INFO - Started process (PID=39982) to work on /home/johnny/airflow/lib/python3.12/site-packages/airflow/example_dags/example_latest_only.py
[2024-07-07T20:14:06.148-0300] {processor.py:830} INFO - Processing file /home/johnny/airflow/lib/python3.12/site-packages/airflow/example_dags/example_latest_only.py for tasks to queue
[2024-07-07T20:14:06.150-0300] {logging_mixin.py:188} INFO - [2024-07-07T20:14:06.149-0300] {dagbag.py:545} INFO - Filling up the DagBag from /home/johnny/airflow/lib/python3.12/site-packages/airflow/example_dags/example_latest_only.py
[2024-07-07T20:14:06.160-0300] {processor.py:840} INFO - DAG(s) 'latest_only' retrieved from /home/johnny/airflow/lib/python3.12/site-packages/airflow/example_dags/example_latest_only.py
[2024-07-07T20:14:06.190-0300] {logging_mixin.py:188} INFO - [2024-07-07T20:14:06.189-0300] {dag.py:3096} INFO - Sync 1 DAGs
[2024-07-07T20:14:06.221-0300] {logging_mixin.py:188} INFO - [2024-07-07T20:14:06.221-0300] {dag.py:3954} INFO - Setting next_dagrun for latest_only to 2024-07-07 16:00:00+00:00, run_after=2024-07-07 20:00:00+00:00
[2024-07-07T20:14:06.278-0300] {processor.py:183} INFO - Processing /home/johnny/airflow/lib/python3.12/site-packages/airflow/example_dags/example_latest_only.py took 0.144 seconds
[2024-07-07T20:15:09.201-0300] {processor.py:161} INFO - Started process (PID=40153) to work on /home/johnny/airflow/lib/python3.12/site-packages/airflow/example_dags/example_latest_only.py
[2024-07-07T20:15:09.203-0300] {processor.py:830} INFO - Processing file /home/johnny/airflow/lib/python3.12/site-packages/airflow/example_dags/example_latest_only.py for tasks to queue
[2024-07-07T20:15:09.205-0300] {logging_mixin.py:188} INFO - [2024-07-07T20:15:09.204-0300] {dagbag.py:545} INFO - Filling up the DagBag from /home/johnny/airflow/lib/python3.12/site-packages/airflow/example_dags/example_latest_only.py
[2024-07-07T20:15:09.216-0300] {processor.py:840} INFO - DAG(s) 'latest_only' retrieved from /home/johnny/airflow/lib/python3.12/site-packages/airflow/example_dags/example_latest_only.py
[2024-07-07T20:15:09.243-0300] {logging_mixin.py:188} INFO - [2024-07-07T20:15:09.243-0300] {dag.py:3096} INFO - Sync 1 DAGs
[2024-07-07T20:15:09.276-0300] {logging_mixin.py:188} INFO - [2024-07-07T20:15:09.275-0300] {dag.py:3954} INFO - Setting next_dagrun for latest_only to 2024-07-07 16:00:00+00:00, run_after=2024-07-07 20:00:00+00:00
[2024-07-07T20:15:09.308-0300] {processor.py:183} INFO - Processing /home/johnny/airflow/lib/python3.12/site-packages/airflow/example_dags/example_latest_only.py took 0.119 seconds
[2024-07-07T20:16:10.105-0300] {processor.py:161} INFO - Started process (PID=40335) to work on /home/johnny/airflow/lib/python3.12/site-packages/airflow/example_dags/example_latest_only.py
[2024-07-07T20:16:10.111-0300] {processor.py:830} INFO - Processing file /home/johnny/airflow/lib/python3.12/site-packages/airflow/example_dags/example_latest_only.py for tasks to queue
[2024-07-07T20:16:10.113-0300] {logging_mixin.py:188} INFO - [2024-07-07T20:16:10.112-0300] {dagbag.py:545} INFO - Filling up the DagBag from /home/johnny/airflow/lib/python3.12/site-packages/airflow/example_dags/example_latest_only.py
[2024-07-07T20:16:10.123-0300] {processor.py:840} INFO - DAG(s) 'latest_only' retrieved from /home/johnny/airflow/lib/python3.12/site-packages/airflow/example_dags/example_latest_only.py
[2024-07-07T20:16:10.154-0300] {logging_mixin.py:188} INFO - [2024-07-07T20:16:10.153-0300] {dag.py:3096} INFO - Sync 1 DAGs
[2024-07-07T20:16:10.203-0300] {logging_mixin.py:188} INFO - [2024-07-07T20:16:10.202-0300] {dag.py:3954} INFO - Setting next_dagrun for latest_only to 2024-07-07 16:00:00+00:00, run_after=2024-07-07 20:00:00+00:00
[2024-07-07T20:16:10.248-0300] {processor.py:183} INFO - Processing /home/johnny/airflow/lib/python3.12/site-packages/airflow/example_dags/example_latest_only.py took 0.156 seconds
[2024-07-07T20:17:14.413-0300] {processor.py:161} INFO - Started process (PID=40507) to work on /home/johnny/airflow/lib/python3.12/site-packages/airflow/example_dags/example_latest_only.py
[2024-07-07T20:17:14.418-0300] {processor.py:830} INFO - Processing file /home/johnny/airflow/lib/python3.12/site-packages/airflow/example_dags/example_latest_only.py for tasks to queue
[2024-07-07T20:17:14.421-0300] {logging_mixin.py:188} INFO - [2024-07-07T20:17:14.420-0300] {dagbag.py:545} INFO - Filling up the DagBag from /home/johnny/airflow/lib/python3.12/site-packages/airflow/example_dags/example_latest_only.py
[2024-07-07T20:17:14.436-0300] {processor.py:840} INFO - DAG(s) 'latest_only' retrieved from /home/johnny/airflow/lib/python3.12/site-packages/airflow/example_dags/example_latest_only.py
[2024-07-07T20:17:14.479-0300] {logging_mixin.py:188} INFO - [2024-07-07T20:17:14.478-0300] {dag.py:3096} INFO - Sync 1 DAGs
[2024-07-07T20:17:14.532-0300] {logging_mixin.py:188} INFO - [2024-07-07T20:17:14.531-0300] {dag.py:3954} INFO - Setting next_dagrun for latest_only to 2024-07-07 16:00:00+00:00, run_after=2024-07-07 20:00:00+00:00
[2024-07-07T20:17:14.595-0300] {processor.py:183} INFO - Processing /home/johnny/airflow/lib/python3.12/site-packages/airflow/example_dags/example_latest_only.py took 0.193 seconds
[2024-07-07T20:18:16.033-0300] {processor.py:161} INFO - Started process (PID=40678) to work on /home/johnny/airflow/lib/python3.12/site-packages/airflow/example_dags/example_latest_only.py
[2024-07-07T20:18:16.036-0300] {processor.py:830} INFO - Processing file /home/johnny/airflow/lib/python3.12/site-packages/airflow/example_dags/example_latest_only.py for tasks to queue
[2024-07-07T20:18:16.038-0300] {logging_mixin.py:188} INFO - [2024-07-07T20:18:16.037-0300] {dagbag.py:545} INFO - Filling up the DagBag from /home/johnny/airflow/lib/python3.12/site-packages/airflow/example_dags/example_latest_only.py
[2024-07-07T20:18:16.050-0300] {processor.py:840} INFO - DAG(s) 'latest_only' retrieved from /home/johnny/airflow/lib/python3.12/site-packages/airflow/example_dags/example_latest_only.py
[2024-07-07T20:18:16.080-0300] {logging_mixin.py:188} INFO - [2024-07-07T20:18:16.080-0300] {dag.py:3096} INFO - Sync 1 DAGs
[2024-07-07T20:18:16.133-0300] {logging_mixin.py:188} INFO - [2024-07-07T20:18:16.132-0300] {dag.py:3954} INFO - Setting next_dagrun for latest_only to 2024-07-07 16:00:00+00:00, run_after=2024-07-07 20:00:00+00:00
[2024-07-07T20:18:16.193-0300] {processor.py:183} INFO - Processing /home/johnny/airflow/lib/python3.12/site-packages/airflow/example_dags/example_latest_only.py took 0.172 seconds
[2024-07-07T20:19:18.889-0300] {processor.py:161} INFO - Started process (PID=40852) to work on /home/johnny/airflow/lib/python3.12/site-packages/airflow/example_dags/example_latest_only.py
[2024-07-07T20:19:18.891-0300] {processor.py:830} INFO - Processing file /home/johnny/airflow/lib/python3.12/site-packages/airflow/example_dags/example_latest_only.py for tasks to queue
[2024-07-07T20:19:18.894-0300] {logging_mixin.py:188} INFO - [2024-07-07T20:19:18.893-0300] {dagbag.py:545} INFO - Filling up the DagBag from /home/johnny/airflow/lib/python3.12/site-packages/airflow/example_dags/example_latest_only.py
[2024-07-07T20:19:18.906-0300] {processor.py:840} INFO - DAG(s) 'latest_only' retrieved from /home/johnny/airflow/lib/python3.12/site-packages/airflow/example_dags/example_latest_only.py
[2024-07-07T20:19:18.941-0300] {logging_mixin.py:188} INFO - [2024-07-07T20:19:18.941-0300] {dag.py:3096} INFO - Sync 1 DAGs
[2024-07-07T20:19:18.990-0300] {logging_mixin.py:188} INFO - [2024-07-07T20:19:18.990-0300] {dag.py:3954} INFO - Setting next_dagrun for latest_only to 2024-07-07 16:00:00+00:00, run_after=2024-07-07 20:00:00+00:00
[2024-07-07T20:19:19.037-0300] {processor.py:183} INFO - Processing /home/johnny/airflow/lib/python3.12/site-packages/airflow/example_dags/example_latest_only.py took 0.161 seconds
[2024-07-07T20:20:21.549-0300] {processor.py:161} INFO - Started process (PID=41026) to work on /home/johnny/airflow/lib/python3.12/site-packages/airflow/example_dags/example_latest_only.py
[2024-07-07T20:20:21.552-0300] {processor.py:830} INFO - Processing file /home/johnny/airflow/lib/python3.12/site-packages/airflow/example_dags/example_latest_only.py for tasks to queue
[2024-07-07T20:20:21.554-0300] {logging_mixin.py:188} INFO - [2024-07-07T20:20:21.553-0300] {dagbag.py:545} INFO - Filling up the DagBag from /home/johnny/airflow/lib/python3.12/site-packages/airflow/example_dags/example_latest_only.py
[2024-07-07T20:20:21.565-0300] {processor.py:840} INFO - DAG(s) 'latest_only' retrieved from /home/johnny/airflow/lib/python3.12/site-packages/airflow/example_dags/example_latest_only.py
[2024-07-07T20:20:21.595-0300] {logging_mixin.py:188} INFO - [2024-07-07T20:20:21.594-0300] {dag.py:3096} INFO - Sync 1 DAGs
[2024-07-07T20:20:21.624-0300] {logging_mixin.py:188} INFO - [2024-07-07T20:20:21.624-0300] {dag.py:3954} INFO - Setting next_dagrun for latest_only to 2024-07-07 16:00:00+00:00, run_after=2024-07-07 20:00:00+00:00
[2024-07-07T20:20:21.657-0300] {processor.py:183} INFO - Processing /home/johnny/airflow/lib/python3.12/site-packages/airflow/example_dags/example_latest_only.py took 0.119 seconds
[2024-07-07T20:21:25.832-0300] {processor.py:161} INFO - Started process (PID=41196) to work on /home/johnny/airflow/lib/python3.12/site-packages/airflow/example_dags/example_latest_only.py
[2024-07-07T20:21:25.835-0300] {processor.py:830} INFO - Processing file /home/johnny/airflow/lib/python3.12/site-packages/airflow/example_dags/example_latest_only.py for tasks to queue
[2024-07-07T20:21:25.838-0300] {logging_mixin.py:188} INFO - [2024-07-07T20:21:25.836-0300] {dagbag.py:545} INFO - Filling up the DagBag from /home/johnny/airflow/lib/python3.12/site-packages/airflow/example_dags/example_latest_only.py
[2024-07-07T20:21:25.849-0300] {processor.py:840} INFO - DAG(s) 'latest_only' retrieved from /home/johnny/airflow/lib/python3.12/site-packages/airflow/example_dags/example_latest_only.py
[2024-07-07T20:21:25.896-0300] {logging_mixin.py:188} INFO - [2024-07-07T20:21:25.896-0300] {dag.py:3096} INFO - Sync 1 DAGs
[2024-07-07T20:21:25.946-0300] {logging_mixin.py:188} INFO - [2024-07-07T20:21:25.945-0300] {dag.py:3954} INFO - Setting next_dagrun for latest_only to 2024-07-07 16:00:00+00:00, run_after=2024-07-07 20:00:00+00:00
[2024-07-07T20:21:25.984-0300] {processor.py:183} INFO - Processing /home/johnny/airflow/lib/python3.12/site-packages/airflow/example_dags/example_latest_only.py took 0.162 seconds
[2024-07-07T20:22:29.646-0300] {processor.py:161} INFO - Started process (PID=41364) to work on /home/johnny/airflow/lib/python3.12/site-packages/airflow/example_dags/example_latest_only.py
[2024-07-07T20:22:29.648-0300] {processor.py:830} INFO - Processing file /home/johnny/airflow/lib/python3.12/site-packages/airflow/example_dags/example_latest_only.py for tasks to queue
[2024-07-07T20:22:29.650-0300] {logging_mixin.py:188} INFO - [2024-07-07T20:22:29.649-0300] {dagbag.py:545} INFO - Filling up the DagBag from /home/johnny/airflow/lib/python3.12/site-packages/airflow/example_dags/example_latest_only.py
[2024-07-07T20:22:29.660-0300] {processor.py:840} INFO - DAG(s) 'latest_only' retrieved from /home/johnny/airflow/lib/python3.12/site-packages/airflow/example_dags/example_latest_only.py
[2024-07-07T20:22:29.697-0300] {logging_mixin.py:188} INFO - [2024-07-07T20:22:29.696-0300] {dag.py:3096} INFO - Sync 1 DAGs
[2024-07-07T20:22:29.738-0300] {logging_mixin.py:188} INFO - [2024-07-07T20:22:29.738-0300] {dag.py:3954} INFO - Setting next_dagrun for latest_only to 2024-07-07 16:00:00+00:00, run_after=2024-07-07 20:00:00+00:00
[2024-07-07T20:22:29.776-0300] {processor.py:183} INFO - Processing /home/johnny/airflow/lib/python3.12/site-packages/airflow/example_dags/example_latest_only.py took 0.140 seconds
[2024-07-07T20:23:33.086-0300] {processor.py:161} INFO - Started process (PID=41535) to work on /home/johnny/airflow/lib/python3.12/site-packages/airflow/example_dags/example_latest_only.py
[2024-07-07T20:23:33.089-0300] {processor.py:830} INFO - Processing file /home/johnny/airflow/lib/python3.12/site-packages/airflow/example_dags/example_latest_only.py for tasks to queue
[2024-07-07T20:23:33.091-0300] {logging_mixin.py:188} INFO - [2024-07-07T20:23:33.090-0300] {dagbag.py:545} INFO - Filling up the DagBag from /home/johnny/airflow/lib/python3.12/site-packages/airflow/example_dags/example_latest_only.py
[2024-07-07T20:23:33.102-0300] {processor.py:840} INFO - DAG(s) 'latest_only' retrieved from /home/johnny/airflow/lib/python3.12/site-packages/airflow/example_dags/example_latest_only.py
[2024-07-07T20:23:33.132-0300] {logging_mixin.py:188} INFO - [2024-07-07T20:23:33.132-0300] {dag.py:3096} INFO - Sync 1 DAGs
[2024-07-07T20:23:33.171-0300] {logging_mixin.py:188} INFO - [2024-07-07T20:23:33.170-0300] {dag.py:3954} INFO - Setting next_dagrun for latest_only to 2024-07-07 16:00:00+00:00, run_after=2024-07-07 20:00:00+00:00
[2024-07-07T20:23:33.222-0300] {processor.py:183} INFO - Processing /home/johnny/airflow/lib/python3.12/site-packages/airflow/example_dags/example_latest_only.py took 0.149 seconds
[2024-07-07T20:24:35.791-0300] {processor.py:161} INFO - Started process (PID=41712) to work on /home/johnny/airflow/lib/python3.12/site-packages/airflow/example_dags/example_latest_only.py
[2024-07-07T20:24:35.794-0300] {processor.py:830} INFO - Processing file /home/johnny/airflow/lib/python3.12/site-packages/airflow/example_dags/example_latest_only.py for tasks to queue
[2024-07-07T20:24:35.796-0300] {logging_mixin.py:188} INFO - [2024-07-07T20:24:35.795-0300] {dagbag.py:545} INFO - Filling up the DagBag from /home/johnny/airflow/lib/python3.12/site-packages/airflow/example_dags/example_latest_only.py
[2024-07-07T20:24:35.808-0300] {processor.py:840} INFO - DAG(s) 'latest_only' retrieved from /home/johnny/airflow/lib/python3.12/site-packages/airflow/example_dags/example_latest_only.py
[2024-07-07T20:24:35.838-0300] {logging_mixin.py:188} INFO - [2024-07-07T20:24:35.838-0300] {dag.py:3096} INFO - Sync 1 DAGs
[2024-07-07T20:24:35.871-0300] {logging_mixin.py:188} INFO - [2024-07-07T20:24:35.871-0300] {dag.py:3954} INFO - Setting next_dagrun for latest_only to 2024-07-07 16:00:00+00:00, run_after=2024-07-07 20:00:00+00:00
[2024-07-07T20:24:35.908-0300] {processor.py:183} INFO - Processing /home/johnny/airflow/lib/python3.12/site-packages/airflow/example_dags/example_latest_only.py took 0.128 seconds
[2024-07-07T20:25:35.920-0300] {processor.py:161} INFO - Started process (PID=41865) to work on /home/johnny/airflow/lib/python3.12/site-packages/airflow/example_dags/example_latest_only.py
[2024-07-07T20:25:35.923-0300] {processor.py:830} INFO - Processing file /home/johnny/airflow/lib/python3.12/site-packages/airflow/example_dags/example_latest_only.py for tasks to queue
[2024-07-07T20:25:35.926-0300] {logging_mixin.py:188} INFO - [2024-07-07T20:25:35.925-0300] {dagbag.py:545} INFO - Filling up the DagBag from /home/johnny/airflow/lib/python3.12/site-packages/airflow/example_dags/example_latest_only.py
[2024-07-07T20:25:35.938-0300] {processor.py:840} INFO - DAG(s) 'latest_only' retrieved from /home/johnny/airflow/lib/python3.12/site-packages/airflow/example_dags/example_latest_only.py
[2024-07-07T20:25:35.969-0300] {logging_mixin.py:188} INFO - [2024-07-07T20:25:35.968-0300] {dag.py:3096} INFO - Sync 1 DAGs
[2024-07-07T20:25:36.000-0300] {logging_mixin.py:188} INFO - [2024-07-07T20:25:36.000-0300] {dag.py:3954} INFO - Setting next_dagrun for latest_only to 2024-07-07 16:00:00+00:00, run_after=2024-07-07 20:00:00+00:00
[2024-07-07T20:25:36.036-0300] {processor.py:183} INFO - Processing /home/johnny/airflow/lib/python3.12/site-packages/airflow/example_dags/example_latest_only.py took 0.131 seconds
[2024-07-07T20:26:35.806-0300] {processor.py:161} INFO - Started process (PID=42032) to work on /home/johnny/airflow/lib/python3.12/site-packages/airflow/example_dags/example_latest_only.py
[2024-07-07T20:26:35.808-0300] {processor.py:830} INFO - Processing file /home/johnny/airflow/lib/python3.12/site-packages/airflow/example_dags/example_latest_only.py for tasks to queue
[2024-07-07T20:26:35.810-0300] {logging_mixin.py:188} INFO - [2024-07-07T20:26:35.810-0300] {dagbag.py:545} INFO - Filling up the DagBag from /home/johnny/airflow/lib/python3.12/site-packages/airflow/example_dags/example_latest_only.py
[2024-07-07T20:26:35.821-0300] {processor.py:840} INFO - DAG(s) 'latest_only' retrieved from /home/johnny/airflow/lib/python3.12/site-packages/airflow/example_dags/example_latest_only.py
[2024-07-07T20:26:35.852-0300] {logging_mixin.py:188} INFO - [2024-07-07T20:26:35.852-0300] {dag.py:3096} INFO - Sync 1 DAGs
[2024-07-07T20:26:35.886-0300] {logging_mixin.py:188} INFO - [2024-07-07T20:26:35.886-0300] {dag.py:3954} INFO - Setting next_dagrun for latest_only to 2024-07-07 16:00:00+00:00, run_after=2024-07-07 20:00:00+00:00
[2024-07-07T20:26:35.919-0300] {processor.py:183} INFO - Processing /home/johnny/airflow/lib/python3.12/site-packages/airflow/example_dags/example_latest_only.py took 0.125 seconds
[2024-07-07T20:27:44.010-0300] {processor.py:161} INFO - Started process (PID=42212) to work on /home/johnny/airflow/lib/python3.12/site-packages/airflow/example_dags/example_latest_only.py
[2024-07-07T20:27:44.013-0300] {processor.py:830} INFO - Processing file /home/johnny/airflow/lib/python3.12/site-packages/airflow/example_dags/example_latest_only.py for tasks to queue
[2024-07-07T20:27:44.016-0300] {logging_mixin.py:188} INFO - [2024-07-07T20:27:44.015-0300] {dagbag.py:545} INFO - Filling up the DagBag from /home/johnny/airflow/lib/python3.12/site-packages/airflow/example_dags/example_latest_only.py
[2024-07-07T20:27:44.029-0300] {processor.py:840} INFO - DAG(s) 'latest_only' retrieved from /home/johnny/airflow/lib/python3.12/site-packages/airflow/example_dags/example_latest_only.py
[2024-07-07T20:27:44.066-0300] {logging_mixin.py:188} INFO - [2024-07-07T20:27:44.066-0300] {dag.py:3096} INFO - Sync 1 DAGs
[2024-07-07T20:27:44.123-0300] {logging_mixin.py:188} INFO - [2024-07-07T20:27:44.123-0300] {dag.py:3954} INFO - Setting next_dagrun for latest_only to 2024-07-07 16:00:00+00:00, run_after=2024-07-07 20:00:00+00:00
[2024-07-07T20:27:44.182-0300] {processor.py:183} INFO - Processing /home/johnny/airflow/lib/python3.12/site-packages/airflow/example_dags/example_latest_only.py took 0.186 seconds
[2024-07-07T20:28:55.668-0300] {processor.py:161} INFO - Started process (PID=42412) to work on /home/johnny/airflow/lib/python3.12/site-packages/airflow/example_dags/example_latest_only.py
[2024-07-07T20:28:55.671-0300] {processor.py:830} INFO - Processing file /home/johnny/airflow/lib/python3.12/site-packages/airflow/example_dags/example_latest_only.py for tasks to queue
[2024-07-07T20:28:55.673-0300] {logging_mixin.py:188} INFO - [2024-07-07T20:28:55.672-0300] {dagbag.py:545} INFO - Filling up the DagBag from /home/johnny/airflow/lib/python3.12/site-packages/airflow/example_dags/example_latest_only.py
[2024-07-07T20:28:55.684-0300] {processor.py:840} INFO - DAG(s) 'latest_only' retrieved from /home/johnny/airflow/lib/python3.12/site-packages/airflow/example_dags/example_latest_only.py
[2024-07-07T20:28:55.711-0300] {logging_mixin.py:188} INFO - [2024-07-07T20:28:55.710-0300] {dag.py:3096} INFO - Sync 1 DAGs
[2024-07-07T20:28:55.741-0300] {logging_mixin.py:188} INFO - [2024-07-07T20:28:55.741-0300] {dag.py:3954} INFO - Setting next_dagrun for latest_only to 2024-07-07 16:00:00+00:00, run_after=2024-07-07 20:00:00+00:00
[2024-07-07T20:28:55.775-0300] {processor.py:183} INFO - Processing /home/johnny/airflow/lib/python3.12/site-packages/airflow/example_dags/example_latest_only.py took 0.129 seconds
[2024-07-07T20:30:00.552-0300] {processor.py:161} INFO - Started process (PID=42587) to work on /home/johnny/airflow/lib/python3.12/site-packages/airflow/example_dags/example_latest_only.py
[2024-07-07T20:30:00.555-0300] {processor.py:830} INFO - Processing file /home/johnny/airflow/lib/python3.12/site-packages/airflow/example_dags/example_latest_only.py for tasks to queue
[2024-07-07T20:30:00.557-0300] {logging_mixin.py:188} INFO - [2024-07-07T20:30:00.556-0300] {dagbag.py:545} INFO - Filling up the DagBag from /home/johnny/airflow/lib/python3.12/site-packages/airflow/example_dags/example_latest_only.py
[2024-07-07T20:30:00.568-0300] {processor.py:840} INFO - DAG(s) 'latest_only' retrieved from /home/johnny/airflow/lib/python3.12/site-packages/airflow/example_dags/example_latest_only.py
[2024-07-07T20:30:00.599-0300] {logging_mixin.py:188} INFO - [2024-07-07T20:30:00.599-0300] {dag.py:3096} INFO - Sync 1 DAGs
[2024-07-07T20:30:00.646-0300] {logging_mixin.py:188} INFO - [2024-07-07T20:30:00.645-0300] {dag.py:3954} INFO - Setting next_dagrun for latest_only to 2024-07-07 16:00:00+00:00, run_after=2024-07-07 20:00:00+00:00
[2024-07-07T20:30:00.692-0300] {processor.py:183} INFO - Processing /home/johnny/airflow/lib/python3.12/site-packages/airflow/example_dags/example_latest_only.py took 0.151 seconds
[2024-07-07T20:31:05.141-0300] {processor.py:161} INFO - Started process (PID=42767) to work on /home/johnny/airflow/lib/python3.12/site-packages/airflow/example_dags/example_latest_only.py
[2024-07-07T20:31:05.144-0300] {processor.py:830} INFO - Processing file /home/johnny/airflow/lib/python3.12/site-packages/airflow/example_dags/example_latest_only.py for tasks to queue
[2024-07-07T20:31:05.145-0300] {logging_mixin.py:188} INFO - [2024-07-07T20:31:05.145-0300] {dagbag.py:545} INFO - Filling up the DagBag from /home/johnny/airflow/lib/python3.12/site-packages/airflow/example_dags/example_latest_only.py
[2024-07-07T20:31:05.155-0300] {processor.py:840} INFO - DAG(s) 'latest_only' retrieved from /home/johnny/airflow/lib/python3.12/site-packages/airflow/example_dags/example_latest_only.py
[2024-07-07T20:31:05.179-0300] {logging_mixin.py:188} INFO - [2024-07-07T20:31:05.179-0300] {dag.py:3096} INFO - Sync 1 DAGs
[2024-07-07T20:31:05.204-0300] {logging_mixin.py:188} INFO - [2024-07-07T20:31:05.204-0300] {dag.py:3954} INFO - Setting next_dagrun for latest_only to 2024-07-07 16:00:00+00:00, run_after=2024-07-07 20:00:00+00:00
[2024-07-07T20:31:05.245-0300] {processor.py:183} INFO - Processing /home/johnny/airflow/lib/python3.12/site-packages/airflow/example_dags/example_latest_only.py took 0.119 seconds
[2024-07-07T20:32:06.438-0300] {processor.py:161} INFO - Started process (PID=42939) to work on /home/johnny/airflow/lib/python3.12/site-packages/airflow/example_dags/example_latest_only.py
[2024-07-07T20:32:06.441-0300] {processor.py:830} INFO - Processing file /home/johnny/airflow/lib/python3.12/site-packages/airflow/example_dags/example_latest_only.py for tasks to queue
[2024-07-07T20:32:06.443-0300] {logging_mixin.py:188} INFO - [2024-07-07T20:32:06.442-0300] {dagbag.py:545} INFO - Filling up the DagBag from /home/johnny/airflow/lib/python3.12/site-packages/airflow/example_dags/example_latest_only.py
[2024-07-07T20:32:06.454-0300] {processor.py:840} INFO - DAG(s) 'latest_only' retrieved from /home/johnny/airflow/lib/python3.12/site-packages/airflow/example_dags/example_latest_only.py
[2024-07-07T20:32:06.485-0300] {logging_mixin.py:188} INFO - [2024-07-07T20:32:06.485-0300] {dag.py:3096} INFO - Sync 1 DAGs
[2024-07-07T20:32:06.518-0300] {logging_mixin.py:188} INFO - [2024-07-07T20:32:06.518-0300] {dag.py:3954} INFO - Setting next_dagrun for latest_only to 2024-07-07 16:00:00+00:00, run_after=2024-07-07 20:00:00+00:00
[2024-07-07T20:32:06.552-0300] {processor.py:183} INFO - Processing /home/johnny/airflow/lib/python3.12/site-packages/airflow/example_dags/example_latest_only.py took 0.125 seconds
[2024-07-07T20:33:26.778-0300] {processor.py:161} INFO - Started process (PID=43178) to work on /home/johnny/airflow/lib/python3.12/site-packages/airflow/example_dags/example_latest_only.py
[2024-07-07T20:33:26.782-0300] {processor.py:830} INFO - Processing file /home/johnny/airflow/lib/python3.12/site-packages/airflow/example_dags/example_latest_only.py for tasks to queue
[2024-07-07T20:33:26.785-0300] {logging_mixin.py:188} INFO - [2024-07-07T20:33:26.784-0300] {dagbag.py:545} INFO - Filling up the DagBag from /home/johnny/airflow/lib/python3.12/site-packages/airflow/example_dags/example_latest_only.py
[2024-07-07T20:33:26.792-0300] {processor.py:840} INFO - DAG(s) 'latest_only' retrieved from /home/johnny/airflow/lib/python3.12/site-packages/airflow/example_dags/example_latest_only.py
[2024-07-07T20:33:26.832-0300] {logging_mixin.py:188} INFO - [2024-07-07T20:33:26.831-0300] {dag.py:3096} INFO - Sync 1 DAGs
[2024-07-07T20:33:26.889-0300] {logging_mixin.py:188} INFO - [2024-07-07T20:33:26.889-0300] {dag.py:3954} INFO - Setting next_dagrun for latest_only to 2024-07-07 16:00:00+00:00, run_after=2024-07-07 20:00:00+00:00
[2024-07-07T20:33:26.932-0300] {processor.py:183} INFO - Processing /home/johnny/airflow/lib/python3.12/site-packages/airflow/example_dags/example_latest_only.py took 0.167 seconds
[2024-07-07T20:34:44.342-0300] {processor.py:161} INFO - Started process (PID=43395) to work on /home/johnny/airflow/lib/python3.12/site-packages/airflow/example_dags/example_latest_only.py
[2024-07-07T20:34:44.345-0300] {processor.py:830} INFO - Processing file /home/johnny/airflow/lib/python3.12/site-packages/airflow/example_dags/example_latest_only.py for tasks to queue
[2024-07-07T20:34:44.347-0300] {logging_mixin.py:188} INFO - [2024-07-07T20:34:44.346-0300] {dagbag.py:545} INFO - Filling up the DagBag from /home/johnny/airflow/lib/python3.12/site-packages/airflow/example_dags/example_latest_only.py
[2024-07-07T20:34:44.354-0300] {processor.py:840} INFO - DAG(s) 'latest_only' retrieved from /home/johnny/airflow/lib/python3.12/site-packages/airflow/example_dags/example_latest_only.py
[2024-07-07T20:34:44.386-0300] {logging_mixin.py:188} INFO - [2024-07-07T20:34:44.386-0300] {dag.py:3096} INFO - Sync 1 DAGs
[2024-07-07T20:34:44.415-0300] {logging_mixin.py:188} INFO - [2024-07-07T20:34:44.414-0300] {dag.py:3954} INFO - Setting next_dagrun for latest_only to 2024-07-07 16:00:00+00:00, run_after=2024-07-07 20:00:00+00:00
[2024-07-07T20:34:44.472-0300] {processor.py:183} INFO - Processing /home/johnny/airflow/lib/python3.12/site-packages/airflow/example_dags/example_latest_only.py took 0.145 seconds
[2024-07-07T20:35:47.223-0300] {processor.py:161} INFO - Started process (PID=43569) to work on /home/johnny/airflow/lib/python3.12/site-packages/airflow/example_dags/example_latest_only.py
[2024-07-07T20:35:47.226-0300] {processor.py:830} INFO - Processing file /home/johnny/airflow/lib/python3.12/site-packages/airflow/example_dags/example_latest_only.py for tasks to queue
[2024-07-07T20:35:47.228-0300] {logging_mixin.py:188} INFO - [2024-07-07T20:35:47.227-0300] {dagbag.py:545} INFO - Filling up the DagBag from /home/johnny/airflow/lib/python3.12/site-packages/airflow/example_dags/example_latest_only.py
[2024-07-07T20:35:47.239-0300] {processor.py:840} INFO - DAG(s) 'latest_only' retrieved from /home/johnny/airflow/lib/python3.12/site-packages/airflow/example_dags/example_latest_only.py
[2024-07-07T20:35:47.267-0300] {logging_mixin.py:188} INFO - [2024-07-07T20:35:47.267-0300] {dag.py:3096} INFO - Sync 1 DAGs
[2024-07-07T20:35:47.298-0300] {logging_mixin.py:188} INFO - [2024-07-07T20:35:47.297-0300] {dag.py:3954} INFO - Setting next_dagrun for latest_only to 2024-07-07 16:00:00+00:00, run_after=2024-07-07 20:00:00+00:00
[2024-07-07T20:35:47.329-0300] {processor.py:183} INFO - Processing /home/johnny/airflow/lib/python3.12/site-packages/airflow/example_dags/example_latest_only.py took 0.117 seconds
[2024-07-07T20:36:51.722-0300] {processor.py:161} INFO - Started process (PID=43738) to work on /home/johnny/airflow/lib/python3.12/site-packages/airflow/example_dags/example_latest_only.py
[2024-07-07T20:36:51.724-0300] {processor.py:830} INFO - Processing file /home/johnny/airflow/lib/python3.12/site-packages/airflow/example_dags/example_latest_only.py for tasks to queue
[2024-07-07T20:36:51.726-0300] {logging_mixin.py:188} INFO - [2024-07-07T20:36:51.726-0300] {dagbag.py:545} INFO - Filling up the DagBag from /home/johnny/airflow/lib/python3.12/site-packages/airflow/example_dags/example_latest_only.py
[2024-07-07T20:36:51.737-0300] {processor.py:840} INFO - DAG(s) 'latest_only' retrieved from /home/johnny/airflow/lib/python3.12/site-packages/airflow/example_dags/example_latest_only.py
[2024-07-07T20:36:51.765-0300] {logging_mixin.py:188} INFO - [2024-07-07T20:36:51.765-0300] {dag.py:3096} INFO - Sync 1 DAGs
[2024-07-07T20:36:51.795-0300] {logging_mixin.py:188} INFO - [2024-07-07T20:36:51.795-0300] {dag.py:3954} INFO - Setting next_dagrun for latest_only to 2024-07-07 16:00:00+00:00, run_after=2024-07-07 20:00:00+00:00
[2024-07-07T20:36:51.828-0300] {processor.py:183} INFO - Processing /home/johnny/airflow/lib/python3.12/site-packages/airflow/example_dags/example_latest_only.py took 0.118 seconds
[2024-07-07T20:37:56.497-0300] {processor.py:161} INFO - Started process (PID=43918) to work on /home/johnny/airflow/lib/python3.12/site-packages/airflow/example_dags/example_latest_only.py
[2024-07-07T20:37:56.499-0300] {processor.py:830} INFO - Processing file /home/johnny/airflow/lib/python3.12/site-packages/airflow/example_dags/example_latest_only.py for tasks to queue
[2024-07-07T20:37:56.501-0300] {logging_mixin.py:188} INFO - [2024-07-07T20:37:56.500-0300] {dagbag.py:545} INFO - Filling up the DagBag from /home/johnny/airflow/lib/python3.12/site-packages/airflow/example_dags/example_latest_only.py
[2024-07-07T20:37:56.511-0300] {processor.py:840} INFO - DAG(s) 'latest_only' retrieved from /home/johnny/airflow/lib/python3.12/site-packages/airflow/example_dags/example_latest_only.py
[2024-07-07T20:37:56.545-0300] {logging_mixin.py:188} INFO - [2024-07-07T20:37:56.544-0300] {dag.py:3096} INFO - Sync 1 DAGs
[2024-07-07T20:37:56.586-0300] {logging_mixin.py:188} INFO - [2024-07-07T20:37:56.586-0300] {dag.py:3954} INFO - Setting next_dagrun for latest_only to 2024-07-07 16:00:00+00:00, run_after=2024-07-07 20:00:00+00:00
[2024-07-07T20:37:56.629-0300] {processor.py:183} INFO - Processing /home/johnny/airflow/lib/python3.12/site-packages/airflow/example_dags/example_latest_only.py took 0.146 seconds
[2024-07-07T20:38:56.878-0300] {processor.py:161} INFO - Started process (PID=44077) to work on /home/johnny/airflow/lib/python3.12/site-packages/airflow/example_dags/example_latest_only.py
[2024-07-07T20:38:56.883-0300] {processor.py:830} INFO - Processing file /home/johnny/airflow/lib/python3.12/site-packages/airflow/example_dags/example_latest_only.py for tasks to queue
[2024-07-07T20:38:56.884-0300] {logging_mixin.py:188} INFO - [2024-07-07T20:38:56.884-0300] {dagbag.py:545} INFO - Filling up the DagBag from /home/johnny/airflow/lib/python3.12/site-packages/airflow/example_dags/example_latest_only.py
[2024-07-07T20:38:56.889-0300] {processor.py:840} INFO - DAG(s) 'latest_only' retrieved from /home/johnny/airflow/lib/python3.12/site-packages/airflow/example_dags/example_latest_only.py
[2024-07-07T20:38:56.906-0300] {logging_mixin.py:188} INFO - [2024-07-07T20:38:56.905-0300] {dag.py:3096} INFO - Sync 1 DAGs
[2024-07-07T20:38:56.926-0300] {logging_mixin.py:188} INFO - [2024-07-07T20:38:56.926-0300] {dag.py:3954} INFO - Setting next_dagrun for latest_only to 2024-07-07 16:00:00+00:00, run_after=2024-07-07 20:00:00+00:00
[2024-07-07T20:38:56.950-0300] {processor.py:183} INFO - Processing /home/johnny/airflow/lib/python3.12/site-packages/airflow/example_dags/example_latest_only.py took 0.083 seconds
[2024-07-07T20:40:05.435-0300] {processor.py:161} INFO - Started process (PID=44262) to work on /home/johnny/airflow/lib/python3.12/site-packages/airflow/example_dags/example_latest_only.py
[2024-07-07T20:40:05.441-0300] {processor.py:830} INFO - Processing file /home/johnny/airflow/lib/python3.12/site-packages/airflow/example_dags/example_latest_only.py for tasks to queue
[2024-07-07T20:40:05.444-0300] {logging_mixin.py:188} INFO - [2024-07-07T20:40:05.442-0300] {dagbag.py:545} INFO - Filling up the DagBag from /home/johnny/airflow/lib/python3.12/site-packages/airflow/example_dags/example_latest_only.py
[2024-07-07T20:40:05.456-0300] {processor.py:840} INFO - DAG(s) 'latest_only' retrieved from /home/johnny/airflow/lib/python3.12/site-packages/airflow/example_dags/example_latest_only.py
[2024-07-07T20:40:05.489-0300] {logging_mixin.py:188} INFO - [2024-07-07T20:40:05.488-0300] {dag.py:3096} INFO - Sync 1 DAGs
[2024-07-07T20:40:05.558-0300] {logging_mixin.py:188} INFO - [2024-07-07T20:40:05.557-0300] {dag.py:3954} INFO - Setting next_dagrun for latest_only to 2024-07-07 16:00:00+00:00, run_after=2024-07-07 20:00:00+00:00
[2024-07-07T20:40:05.608-0300] {processor.py:183} INFO - Processing /home/johnny/airflow/lib/python3.12/site-packages/airflow/example_dags/example_latest_only.py took 0.184 seconds
[2024-07-07T20:41:13.467-0300] {processor.py:161} INFO - Started process (PID=44441) to work on /home/johnny/airflow/lib/python3.12/site-packages/airflow/example_dags/example_latest_only.py
[2024-07-07T20:41:13.470-0300] {processor.py:830} INFO - Processing file /home/johnny/airflow/lib/python3.12/site-packages/airflow/example_dags/example_latest_only.py for tasks to queue
[2024-07-07T20:41:13.473-0300] {logging_mixin.py:188} INFO - [2024-07-07T20:41:13.472-0300] {dagbag.py:545} INFO - Filling up the DagBag from /home/johnny/airflow/lib/python3.12/site-packages/airflow/example_dags/example_latest_only.py
[2024-07-07T20:41:13.485-0300] {processor.py:840} INFO - DAG(s) 'latest_only' retrieved from /home/johnny/airflow/lib/python3.12/site-packages/airflow/example_dags/example_latest_only.py
[2024-07-07T20:41:13.521-0300] {logging_mixin.py:188} INFO - [2024-07-07T20:41:13.521-0300] {dag.py:3096} INFO - Sync 1 DAGs
[2024-07-07T20:41:13.565-0300] {logging_mixin.py:188} INFO - [2024-07-07T20:41:13.565-0300] {dag.py:3954} INFO - Setting next_dagrun for latest_only to 2024-07-07 16:00:00+00:00, run_after=2024-07-07 20:00:00+00:00
[2024-07-07T20:41:13.590-0300] {processor.py:183} INFO - Processing /home/johnny/airflow/lib/python3.12/site-packages/airflow/example_dags/example_latest_only.py took 0.134 seconds
[2024-07-07T20:42:22.836-0300] {processor.py:161} INFO - Started process (PID=44635) to work on /home/johnny/airflow/lib/python3.12/site-packages/airflow/example_dags/example_latest_only.py
[2024-07-07T20:42:22.838-0300] {processor.py:830} INFO - Processing file /home/johnny/airflow/lib/python3.12/site-packages/airflow/example_dags/example_latest_only.py for tasks to queue
[2024-07-07T20:42:22.839-0300] {logging_mixin.py:188} INFO - [2024-07-07T20:42:22.838-0300] {dagbag.py:545} INFO - Filling up the DagBag from /home/johnny/airflow/lib/python3.12/site-packages/airflow/example_dags/example_latest_only.py
[2024-07-07T20:42:22.849-0300] {processor.py:840} INFO - DAG(s) 'latest_only' retrieved from /home/johnny/airflow/lib/python3.12/site-packages/airflow/example_dags/example_latest_only.py
[2024-07-07T20:42:22.883-0300] {logging_mixin.py:188} INFO - [2024-07-07T20:42:22.882-0300] {dag.py:3096} INFO - Sync 1 DAGs
[2024-07-07T20:42:22.931-0300] {logging_mixin.py:188} INFO - [2024-07-07T20:42:22.931-0300] {dag.py:3954} INFO - Setting next_dagrun for latest_only to 2024-07-07 16:00:00+00:00, run_after=2024-07-07 20:00:00+00:00
[2024-07-07T20:42:22.970-0300] {processor.py:183} INFO - Processing /home/johnny/airflow/lib/python3.12/site-packages/airflow/example_dags/example_latest_only.py took 0.140 seconds
[2024-07-07T20:43:27.060-0300] {processor.py:161} INFO - Started process (PID=44803) to work on /home/johnny/airflow/lib/python3.12/site-packages/airflow/example_dags/example_latest_only.py
[2024-07-07T20:43:27.063-0300] {processor.py:830} INFO - Processing file /home/johnny/airflow/lib/python3.12/site-packages/airflow/example_dags/example_latest_only.py for tasks to queue
[2024-07-07T20:43:27.065-0300] {logging_mixin.py:188} INFO - [2024-07-07T20:43:27.064-0300] {dagbag.py:545} INFO - Filling up the DagBag from /home/johnny/airflow/lib/python3.12/site-packages/airflow/example_dags/example_latest_only.py
[2024-07-07T20:43:27.076-0300] {processor.py:840} INFO - DAG(s) 'latest_only' retrieved from /home/johnny/airflow/lib/python3.12/site-packages/airflow/example_dags/example_latest_only.py
[2024-07-07T20:43:27.108-0300] {logging_mixin.py:188} INFO - [2024-07-07T20:43:27.107-0300] {dag.py:3096} INFO - Sync 1 DAGs
[2024-07-07T20:43:27.165-0300] {logging_mixin.py:188} INFO - [2024-07-07T20:43:27.165-0300] {dag.py:3954} INFO - Setting next_dagrun for latest_only to 2024-07-07 16:00:00+00:00, run_after=2024-07-07 20:00:00+00:00
[2024-07-07T20:43:27.216-0300] {processor.py:183} INFO - Processing /home/johnny/airflow/lib/python3.12/site-packages/airflow/example_dags/example_latest_only.py took 0.174 seconds
[2024-07-07T20:44:34.870-0300] {processor.py:161} INFO - Started process (PID=44986) to work on /home/johnny/airflow/lib/python3.12/site-packages/airflow/example_dags/example_latest_only.py
[2024-07-07T20:44:34.876-0300] {processor.py:830} INFO - Processing file /home/johnny/airflow/lib/python3.12/site-packages/airflow/example_dags/example_latest_only.py for tasks to queue
[2024-07-07T20:44:34.879-0300] {logging_mixin.py:188} INFO - [2024-07-07T20:44:34.878-0300] {dagbag.py:545} INFO - Filling up the DagBag from /home/johnny/airflow/lib/python3.12/site-packages/airflow/example_dags/example_latest_only.py
[2024-07-07T20:44:34.890-0300] {processor.py:840} INFO - DAG(s) 'latest_only' retrieved from /home/johnny/airflow/lib/python3.12/site-packages/airflow/example_dags/example_latest_only.py
[2024-07-07T20:44:34.924-0300] {logging_mixin.py:188} INFO - [2024-07-07T20:44:34.924-0300] {dag.py:3096} INFO - Sync 1 DAGs
[2024-07-07T20:44:34.976-0300] {logging_mixin.py:188} INFO - [2024-07-07T20:44:34.975-0300] {dag.py:3954} INFO - Setting next_dagrun for latest_only to 2024-07-07 16:00:00+00:00, run_after=2024-07-07 20:00:00+00:00
[2024-07-07T20:44:35.028-0300] {processor.py:183} INFO - Processing /home/johnny/airflow/lib/python3.12/site-packages/airflow/example_dags/example_latest_only.py took 0.170 seconds
[2024-07-07T20:45:42.127-0300] {processor.py:161} INFO - Started process (PID=45173) to work on /home/johnny/airflow/lib/python3.12/site-packages/airflow/example_dags/example_latest_only.py
[2024-07-07T20:45:42.131-0300] {processor.py:830} INFO - Processing file /home/johnny/airflow/lib/python3.12/site-packages/airflow/example_dags/example_latest_only.py for tasks to queue
[2024-07-07T20:45:42.137-0300] {logging_mixin.py:188} INFO - [2024-07-07T20:45:42.136-0300] {dagbag.py:545} INFO - Filling up the DagBag from /home/johnny/airflow/lib/python3.12/site-packages/airflow/example_dags/example_latest_only.py
[2024-07-07T20:45:42.145-0300] {processor.py:840} INFO - DAG(s) 'latest_only' retrieved from /home/johnny/airflow/lib/python3.12/site-packages/airflow/example_dags/example_latest_only.py
[2024-07-07T20:45:42.163-0300] {logging_mixin.py:188} INFO - [2024-07-07T20:45:42.163-0300] {dag.py:3096} INFO - Sync 1 DAGs
[2024-07-07T20:45:42.186-0300] {logging_mixin.py:188} INFO - [2024-07-07T20:45:42.186-0300] {dag.py:3954} INFO - Setting next_dagrun for latest_only to 2024-07-07 16:00:00+00:00, run_after=2024-07-07 20:00:00+00:00
[2024-07-07T20:45:42.232-0300] {processor.py:183} INFO - Processing /home/johnny/airflow/lib/python3.12/site-packages/airflow/example_dags/example_latest_only.py took 0.116 seconds
[2024-07-07T20:46:48.734-0300] {processor.py:161} INFO - Started process (PID=45349) to work on /home/johnny/airflow/lib/python3.12/site-packages/airflow/example_dags/example_latest_only.py
[2024-07-07T20:46:48.741-0300] {processor.py:830} INFO - Processing file /home/johnny/airflow/lib/python3.12/site-packages/airflow/example_dags/example_latest_only.py for tasks to queue
[2024-07-07T20:46:48.743-0300] {logging_mixin.py:188} INFO - [2024-07-07T20:46:48.742-0300] {dagbag.py:545} INFO - Filling up the DagBag from /home/johnny/airflow/lib/python3.12/site-packages/airflow/example_dags/example_latest_only.py
[2024-07-07T20:46:48.759-0300] {processor.py:840} INFO - DAG(s) 'latest_only' retrieved from /home/johnny/airflow/lib/python3.12/site-packages/airflow/example_dags/example_latest_only.py
[2024-07-07T20:46:48.797-0300] {logging_mixin.py:188} INFO - [2024-07-07T20:46:48.797-0300] {dag.py:3096} INFO - Sync 1 DAGs
[2024-07-07T20:46:48.857-0300] {logging_mixin.py:188} INFO - [2024-07-07T20:46:48.856-0300] {dag.py:3954} INFO - Setting next_dagrun for latest_only to 2024-07-07 16:00:00+00:00, run_after=2024-07-07 20:00:00+00:00
[2024-07-07T20:46:48.922-0300] {processor.py:183} INFO - Processing /home/johnny/airflow/lib/python3.12/site-packages/airflow/example_dags/example_latest_only.py took 0.203 seconds
[2024-07-07T20:47:53.752-0300] {processor.py:161} INFO - Started process (PID=45527) to work on /home/johnny/airflow/lib/python3.12/site-packages/airflow/example_dags/example_latest_only.py
[2024-07-07T20:47:53.757-0300] {processor.py:830} INFO - Processing file /home/johnny/airflow/lib/python3.12/site-packages/airflow/example_dags/example_latest_only.py for tasks to queue
[2024-07-07T20:47:53.760-0300] {logging_mixin.py:188} INFO - [2024-07-07T20:47:53.759-0300] {dagbag.py:545} INFO - Filling up the DagBag from /home/johnny/airflow/lib/python3.12/site-packages/airflow/example_dags/example_latest_only.py
[2024-07-07T20:47:53.771-0300] {processor.py:840} INFO - DAG(s) 'latest_only' retrieved from /home/johnny/airflow/lib/python3.12/site-packages/airflow/example_dags/example_latest_only.py
[2024-07-07T20:47:53.803-0300] {logging_mixin.py:188} INFO - [2024-07-07T20:47:53.802-0300] {dag.py:3096} INFO - Sync 1 DAGs
[2024-07-07T20:47:53.846-0300] {logging_mixin.py:188} INFO - [2024-07-07T20:47:53.846-0300] {dag.py:3954} INFO - Setting next_dagrun for latest_only to 2024-07-07 16:00:00+00:00, run_after=2024-07-07 20:00:00+00:00
[2024-07-07T20:47:53.897-0300] {processor.py:183} INFO - Processing /home/johnny/airflow/lib/python3.12/site-packages/airflow/example_dags/example_latest_only.py took 0.156 seconds
[2024-07-07T20:49:01.032-0300] {processor.py:161} INFO - Started process (PID=45705) to work on /home/johnny/airflow/lib/python3.12/site-packages/airflow/example_dags/example_latest_only.py
[2024-07-07T20:49:01.035-0300] {processor.py:830} INFO - Processing file /home/johnny/airflow/lib/python3.12/site-packages/airflow/example_dags/example_latest_only.py for tasks to queue
[2024-07-07T20:49:01.037-0300] {logging_mixin.py:188} INFO - [2024-07-07T20:49:01.036-0300] {dagbag.py:545} INFO - Filling up the DagBag from /home/johnny/airflow/lib/python3.12/site-packages/airflow/example_dags/example_latest_only.py
[2024-07-07T20:49:01.050-0300] {processor.py:840} INFO - DAG(s) 'latest_only' retrieved from /home/johnny/airflow/lib/python3.12/site-packages/airflow/example_dags/example_latest_only.py
[2024-07-07T20:49:01.090-0300] {logging_mixin.py:188} INFO - [2024-07-07T20:49:01.089-0300] {dag.py:3096} INFO - Sync 1 DAGs
[2024-07-07T20:49:01.149-0300] {logging_mixin.py:188} INFO - [2024-07-07T20:49:01.148-0300] {dag.py:3954} INFO - Setting next_dagrun for latest_only to 2024-07-07 16:00:00+00:00, run_after=2024-07-07 20:00:00+00:00
[2024-07-07T20:49:01.190-0300] {processor.py:183} INFO - Processing /home/johnny/airflow/lib/python3.12/site-packages/airflow/example_dags/example_latest_only.py took 0.169 seconds
[2024-07-07T20:50:11.420-0300] {processor.py:161} INFO - Started process (PID=45890) to work on /home/johnny/airflow/lib/python3.12/site-packages/airflow/example_dags/example_latest_only.py
[2024-07-07T20:50:11.423-0300] {processor.py:830} INFO - Processing file /home/johnny/airflow/lib/python3.12/site-packages/airflow/example_dags/example_latest_only.py for tasks to queue
[2024-07-07T20:50:11.427-0300] {logging_mixin.py:188} INFO - [2024-07-07T20:50:11.425-0300] {dagbag.py:545} INFO - Filling up the DagBag from /home/johnny/airflow/lib/python3.12/site-packages/airflow/example_dags/example_latest_only.py
[2024-07-07T20:50:11.441-0300] {processor.py:840} INFO - DAG(s) 'latest_only' retrieved from /home/johnny/airflow/lib/python3.12/site-packages/airflow/example_dags/example_latest_only.py
[2024-07-07T20:50:11.464-0300] {logging_mixin.py:188} INFO - [2024-07-07T20:50:11.464-0300] {dag.py:3096} INFO - Sync 1 DAGs
[2024-07-07T20:50:11.496-0300] {logging_mixin.py:188} INFO - [2024-07-07T20:50:11.495-0300] {dag.py:3954} INFO - Setting next_dagrun for latest_only to 2024-07-07 16:00:00+00:00, run_after=2024-07-07 20:00:00+00:00
[2024-07-07T20:50:11.540-0300] {processor.py:183} INFO - Processing /home/johnny/airflow/lib/python3.12/site-packages/airflow/example_dags/example_latest_only.py took 0.132 seconds
[2024-07-07T20:51:24.508-0300] {processor.py:161} INFO - Started process (PID=46081) to work on /home/johnny/airflow/lib/python3.12/site-packages/airflow/example_dags/example_latest_only.py
[2024-07-07T20:51:24.514-0300] {processor.py:830} INFO - Processing file /home/johnny/airflow/lib/python3.12/site-packages/airflow/example_dags/example_latest_only.py for tasks to queue
[2024-07-07T20:51:24.517-0300] {logging_mixin.py:188} INFO - [2024-07-07T20:51:24.516-0300] {dagbag.py:545} INFO - Filling up the DagBag from /home/johnny/airflow/lib/python3.12/site-packages/airflow/example_dags/example_latest_only.py
[2024-07-07T20:51:24.532-0300] {processor.py:840} INFO - DAG(s) 'latest_only' retrieved from /home/johnny/airflow/lib/python3.12/site-packages/airflow/example_dags/example_latest_only.py
[2024-07-07T20:51:24.574-0300] {logging_mixin.py:188} INFO - [2024-07-07T20:51:24.573-0300] {dag.py:3096} INFO - Sync 1 DAGs
[2024-07-07T20:51:24.618-0300] {logging_mixin.py:188} INFO - [2024-07-07T20:51:24.618-0300] {dag.py:3954} INFO - Setting next_dagrun for latest_only to 2024-07-07 16:00:00+00:00, run_after=2024-07-07 20:00:00+00:00
[2024-07-07T20:51:24.669-0300] {processor.py:183} INFO - Processing /home/johnny/airflow/lib/python3.12/site-packages/airflow/example_dags/example_latest_only.py took 0.180 seconds
[2024-07-07T20:52:34.418-0300] {processor.py:161} INFO - Started process (PID=46273) to work on /home/johnny/airflow/lib/python3.12/site-packages/airflow/example_dags/example_latest_only.py
[2024-07-07T20:52:34.424-0300] {processor.py:830} INFO - Processing file /home/johnny/airflow/lib/python3.12/site-packages/airflow/example_dags/example_latest_only.py for tasks to queue
[2024-07-07T20:52:34.426-0300] {logging_mixin.py:188} INFO - [2024-07-07T20:52:34.425-0300] {dagbag.py:545} INFO - Filling up the DagBag from /home/johnny/airflow/lib/python3.12/site-packages/airflow/example_dags/example_latest_only.py
[2024-07-07T20:52:34.439-0300] {processor.py:840} INFO - DAG(s) 'latest_only' retrieved from /home/johnny/airflow/lib/python3.12/site-packages/airflow/example_dags/example_latest_only.py
[2024-07-07T20:52:34.475-0300] {logging_mixin.py:188} INFO - [2024-07-07T20:52:34.475-0300] {dag.py:3096} INFO - Sync 1 DAGs
[2024-07-07T20:52:34.534-0300] {logging_mixin.py:188} INFO - [2024-07-07T20:52:34.532-0300] {dag.py:3954} INFO - Setting next_dagrun for latest_only to 2024-07-07 16:00:00+00:00, run_after=2024-07-07 20:00:00+00:00
[2024-07-07T20:52:34.608-0300] {processor.py:183} INFO - Processing /home/johnny/airflow/lib/python3.12/site-packages/airflow/example_dags/example_latest_only.py took 0.201 seconds
[2024-07-07T20:53:38.557-0300] {processor.py:161} INFO - Started process (PID=46441) to work on /home/johnny/airflow/lib/python3.12/site-packages/airflow/example_dags/example_latest_only.py
[2024-07-07T20:53:38.559-0300] {processor.py:830} INFO - Processing file /home/johnny/airflow/lib/python3.12/site-packages/airflow/example_dags/example_latest_only.py for tasks to queue
[2024-07-07T20:53:38.563-0300] {logging_mixin.py:188} INFO - [2024-07-07T20:53:38.561-0300] {dagbag.py:545} INFO - Filling up the DagBag from /home/johnny/airflow/lib/python3.12/site-packages/airflow/example_dags/example_latest_only.py
[2024-07-07T20:53:38.578-0300] {processor.py:840} INFO - DAG(s) 'latest_only' retrieved from /home/johnny/airflow/lib/python3.12/site-packages/airflow/example_dags/example_latest_only.py
[2024-07-07T20:53:38.636-0300] {logging_mixin.py:188} INFO - [2024-07-07T20:53:38.634-0300] {dag.py:3096} INFO - Sync 1 DAGs
[2024-07-07T20:53:38.695-0300] {logging_mixin.py:188} INFO - [2024-07-07T20:53:38.694-0300] {dag.py:3954} INFO - Setting next_dagrun for latest_only to 2024-07-07 16:00:00+00:00, run_after=2024-07-07 20:00:00+00:00
[2024-07-07T20:53:38.749-0300] {processor.py:183} INFO - Processing /home/johnny/airflow/lib/python3.12/site-packages/airflow/example_dags/example_latest_only.py took 0.205 seconds
[2024-07-07T20:54:49.211-0300] {processor.py:161} INFO - Started process (PID=46625) to work on /home/johnny/airflow/lib/python3.12/site-packages/airflow/example_dags/example_latest_only.py
[2024-07-07T20:54:49.214-0300] {processor.py:830} INFO - Processing file /home/johnny/airflow/lib/python3.12/site-packages/airflow/example_dags/example_latest_only.py for tasks to queue
[2024-07-07T20:54:49.217-0300] {logging_mixin.py:188} INFO - [2024-07-07T20:54:49.216-0300] {dagbag.py:545} INFO - Filling up the DagBag from /home/johnny/airflow/lib/python3.12/site-packages/airflow/example_dags/example_latest_only.py
[2024-07-07T20:54:49.229-0300] {processor.py:840} INFO - DAG(s) 'latest_only' retrieved from /home/johnny/airflow/lib/python3.12/site-packages/airflow/example_dags/example_latest_only.py
[2024-07-07T20:54:49.272-0300] {logging_mixin.py:188} INFO - [2024-07-07T20:54:49.272-0300] {dag.py:3096} INFO - Sync 1 DAGs
[2024-07-07T20:54:49.335-0300] {logging_mixin.py:188} INFO - [2024-07-07T20:54:49.334-0300] {dag.py:3954} INFO - Setting next_dagrun for latest_only to 2024-07-07 16:00:00+00:00, run_after=2024-07-07 20:00:00+00:00
[2024-07-07T20:54:49.410-0300] {processor.py:183} INFO - Processing /home/johnny/airflow/lib/python3.12/site-packages/airflow/example_dags/example_latest_only.py took 0.211 seconds
[2024-07-07T20:55:55.817-0300] {processor.py:161} INFO - Started process (PID=46808) to work on /home/johnny/airflow/lib/python3.12/site-packages/airflow/example_dags/example_latest_only.py
[2024-07-07T20:55:55.820-0300] {processor.py:830} INFO - Processing file /home/johnny/airflow/lib/python3.12/site-packages/airflow/example_dags/example_latest_only.py for tasks to queue
[2024-07-07T20:55:55.823-0300] {logging_mixin.py:188} INFO - [2024-07-07T20:55:55.822-0300] {dagbag.py:545} INFO - Filling up the DagBag from /home/johnny/airflow/lib/python3.12/site-packages/airflow/example_dags/example_latest_only.py
[2024-07-07T20:55:55.838-0300] {processor.py:840} INFO - DAG(s) 'latest_only' retrieved from /home/johnny/airflow/lib/python3.12/site-packages/airflow/example_dags/example_latest_only.py
[2024-07-07T20:55:55.885-0300] {logging_mixin.py:188} INFO - [2024-07-07T20:55:55.885-0300] {dag.py:3096} INFO - Sync 1 DAGs
[2024-07-07T20:55:55.935-0300] {logging_mixin.py:188} INFO - [2024-07-07T20:55:55.934-0300] {dag.py:3954} INFO - Setting next_dagrun for latest_only to 2024-07-07 16:00:00+00:00, run_after=2024-07-07 20:00:00+00:00
[2024-07-07T20:55:55.989-0300] {processor.py:183} INFO - Processing /home/johnny/airflow/lib/python3.12/site-packages/airflow/example_dags/example_latest_only.py took 0.188 seconds
[2024-07-07T20:57:05.327-0300] {processor.py:161} INFO - Started process (PID=46995) to work on /home/johnny/airflow/lib/python3.12/site-packages/airflow/example_dags/example_latest_only.py
[2024-07-07T20:57:05.330-0300] {processor.py:830} INFO - Processing file /home/johnny/airflow/lib/python3.12/site-packages/airflow/example_dags/example_latest_only.py for tasks to queue
[2024-07-07T20:57:05.332-0300] {logging_mixin.py:188} INFO - [2024-07-07T20:57:05.332-0300] {dagbag.py:545} INFO - Filling up the DagBag from /home/johnny/airflow/lib/python3.12/site-packages/airflow/example_dags/example_latest_only.py
[2024-07-07T20:57:05.344-0300] {processor.py:840} INFO - DAG(s) 'latest_only' retrieved from /home/johnny/airflow/lib/python3.12/site-packages/airflow/example_dags/example_latest_only.py
[2024-07-07T20:57:05.377-0300] {logging_mixin.py:188} INFO - [2024-07-07T20:57:05.376-0300] {dag.py:3096} INFO - Sync 1 DAGs
[2024-07-07T20:57:05.424-0300] {logging_mixin.py:188} INFO - [2024-07-07T20:57:05.424-0300] {dag.py:3954} INFO - Setting next_dagrun for latest_only to 2024-07-07 16:00:00+00:00, run_after=2024-07-07 20:00:00+00:00
[2024-07-07T20:57:05.477-0300] {processor.py:183} INFO - Processing /home/johnny/airflow/lib/python3.12/site-packages/airflow/example_dags/example_latest_only.py took 0.171 seconds
[2024-07-07T20:58:14.517-0300] {processor.py:161} INFO - Started process (PID=47191) to work on /home/johnny/airflow/lib/python3.12/site-packages/airflow/example_dags/example_latest_only.py
[2024-07-07T20:58:14.520-0300] {processor.py:830} INFO - Processing file /home/johnny/airflow/lib/python3.12/site-packages/airflow/example_dags/example_latest_only.py for tasks to queue
[2024-07-07T20:58:14.522-0300] {logging_mixin.py:188} INFO - [2024-07-07T20:58:14.521-0300] {dagbag.py:545} INFO - Filling up the DagBag from /home/johnny/airflow/lib/python3.12/site-packages/airflow/example_dags/example_latest_only.py
[2024-07-07T20:58:14.533-0300] {processor.py:840} INFO - DAG(s) 'latest_only' retrieved from /home/johnny/airflow/lib/python3.12/site-packages/airflow/example_dags/example_latest_only.py
[2024-07-07T20:58:14.565-0300] {logging_mixin.py:188} INFO - [2024-07-07T20:58:14.565-0300] {dag.py:3096} INFO - Sync 1 DAGs
[2024-07-07T20:58:14.602-0300] {logging_mixin.py:188} INFO - [2024-07-07T20:58:14.602-0300] {dag.py:3954} INFO - Setting next_dagrun for latest_only to 2024-07-07 16:00:00+00:00, run_after=2024-07-07 20:00:00+00:00
[2024-07-07T20:58:14.653-0300] {processor.py:183} INFO - Processing /home/johnny/airflow/lib/python3.12/site-packages/airflow/example_dags/example_latest_only.py took 0.148 seconds
[2024-07-07T20:59:26.853-0300] {processor.py:161} INFO - Started process (PID=47407) to work on /home/johnny/airflow/lib/python3.12/site-packages/airflow/example_dags/example_latest_only.py
[2024-07-07T20:59:26.856-0300] {processor.py:830} INFO - Processing file /home/johnny/airflow/lib/python3.12/site-packages/airflow/example_dags/example_latest_only.py for tasks to queue
[2024-07-07T20:59:26.860-0300] {logging_mixin.py:188} INFO - [2024-07-07T20:59:26.858-0300] {dagbag.py:545} INFO - Filling up the DagBag from /home/johnny/airflow/lib/python3.12/site-packages/airflow/example_dags/example_latest_only.py
[2024-07-07T20:59:26.872-0300] {processor.py:840} INFO - DAG(s) 'latest_only' retrieved from /home/johnny/airflow/lib/python3.12/site-packages/airflow/example_dags/example_latest_only.py
[2024-07-07T20:59:26.911-0300] {logging_mixin.py:188} INFO - [2024-07-07T20:59:26.911-0300] {dag.py:3096} INFO - Sync 1 DAGs
[2024-07-07T20:59:26.964-0300] {logging_mixin.py:188} INFO - [2024-07-07T20:59:26.964-0300] {dag.py:3954} INFO - Setting next_dagrun for latest_only to 2024-07-07 16:00:00+00:00, run_after=2024-07-07 20:00:00+00:00
[2024-07-07T20:59:27.021-0300] {processor.py:183} INFO - Processing /home/johnny/airflow/lib/python3.12/site-packages/airflow/example_dags/example_latest_only.py took 0.184 seconds
