[2024-07-07T14:05:18.339-0300] {processor.py:161} INFO - Started process (PID=3024) to work on /home/johnny/airflow_env/lib/python3.12/site-packages/airflow/example_dags/example_dag_decorator.py
[2024-07-07T14:05:18.340-0300] {processor.py:830} INFO - Processing file /home/johnny/airflow_env/lib/python3.12/site-packages/airflow/example_dags/example_dag_decorator.py for tasks to queue
[2024-07-07T14:05:18.344-0300] {logging_mixin.py:188} INFO - [2024-07-07T14:05:18.343-0300] {dagbag.py:545} INFO - Filling up the DagBag from /home/johnny/airflow_env/lib/python3.12/site-packages/airflow/example_dags/example_dag_decorator.py
[2024-07-07T14:05:18.476-0300] {processor.py:840} INFO - DAG(s) 'example_dag_decorator' retrieved from /home/johnny/airflow_env/lib/python3.12/site-packages/airflow/example_dags/example_dag_decorator.py
[2024-07-07T14:05:18.631-0300] {logging_mixin.py:188} INFO - [2024-07-07T14:05:18.630-0300] {override.py:1847} INFO - Created Permission View: can delete on DAG:example_dag_decorator
[2024-07-07T14:05:18.655-0300] {logging_mixin.py:188} INFO - [2024-07-07T14:05:18.654-0300] {override.py:1847} INFO - Created Permission View: can read on DAG:example_dag_decorator
[2024-07-07T14:05:18.672-0300] {logging_mixin.py:188} INFO - [2024-07-07T14:05:18.671-0300] {override.py:1847} INFO - Created Permission View: can edit on DAG:example_dag_decorator
[2024-07-07T14:05:18.673-0300] {logging_mixin.py:188} INFO - [2024-07-07T14:05:18.673-0300] {dag.py:3096} INFO - Sync 1 DAGs
[2024-07-07T14:05:18.698-0300] {logging_mixin.py:188} INFO - [2024-07-07T14:05:18.697-0300] {dag.py:3118} INFO - Creating ORM DAG for example_dag_decorator
[2024-07-07T14:05:18.699-0300] {logging_mixin.py:188} INFO - [2024-07-07T14:05:18.699-0300] {dag.py:3954} INFO - Setting next_dagrun for example_dag_decorator to None, run_after=None
[2024-07-07T14:05:18.744-0300] {processor.py:183} INFO - Processing /home/johnny/airflow_env/lib/python3.12/site-packages/airflow/example_dags/example_dag_decorator.py took 0.415 seconds
[2024-07-07T14:06:19.753-0300] {processor.py:161} INFO - Started process (PID=3078) to work on /home/johnny/airflow_env/lib/python3.12/site-packages/airflow/example_dags/example_dag_decorator.py
[2024-07-07T14:06:19.755-0300] {processor.py:830} INFO - Processing file /home/johnny/airflow_env/lib/python3.12/site-packages/airflow/example_dags/example_dag_decorator.py for tasks to queue
[2024-07-07T14:06:19.758-0300] {logging_mixin.py:188} INFO - [2024-07-07T14:06:19.757-0300] {dagbag.py:545} INFO - Filling up the DagBag from /home/johnny/airflow_env/lib/python3.12/site-packages/airflow/example_dags/example_dag_decorator.py
[2024-07-07T14:06:19.928-0300] {processor.py:840} INFO - DAG(s) 'example_dag_decorator' retrieved from /home/johnny/airflow_env/lib/python3.12/site-packages/airflow/example_dags/example_dag_decorator.py
[2024-07-07T14:06:20.106-0300] {logging_mixin.py:188} INFO - [2024-07-07T14:06:20.106-0300] {dag.py:3096} INFO - Sync 1 DAGs
[2024-07-07T14:06:20.128-0300] {logging_mixin.py:188} INFO - [2024-07-07T14:06:20.127-0300] {dag.py:3954} INFO - Setting next_dagrun for example_dag_decorator to None, run_after=None
[2024-07-07T14:06:20.176-0300] {processor.py:183} INFO - Processing /home/johnny/airflow_env/lib/python3.12/site-packages/airflow/example_dags/example_dag_decorator.py took 0.434 seconds
[2024-07-07T14:07:18.186-0300] {processor.py:161} INFO - Started process (PID=3129) to work on /home/johnny/airflow_env/lib/python3.12/site-packages/airflow/example_dags/example_dag_decorator.py
[2024-07-07T14:07:18.188-0300] {processor.py:830} INFO - Processing file /home/johnny/airflow_env/lib/python3.12/site-packages/airflow/example_dags/example_dag_decorator.py for tasks to queue
[2024-07-07T14:07:18.190-0300] {logging_mixin.py:188} INFO - [2024-07-07T14:07:18.189-0300] {dagbag.py:545} INFO - Filling up the DagBag from /home/johnny/airflow_env/lib/python3.12/site-packages/airflow/example_dags/example_dag_decorator.py
[2024-07-07T14:07:18.349-0300] {processor.py:840} INFO - DAG(s) 'example_dag_decorator' retrieved from /home/johnny/airflow_env/lib/python3.12/site-packages/airflow/example_dags/example_dag_decorator.py
[2024-07-07T14:07:18.559-0300] {logging_mixin.py:188} INFO - [2024-07-07T14:07:18.558-0300] {dag.py:3096} INFO - Sync 1 DAGs
[2024-07-07T14:07:18.588-0300] {logging_mixin.py:188} INFO - [2024-07-07T14:07:18.587-0300] {dag.py:3954} INFO - Setting next_dagrun for example_dag_decorator to None, run_after=None
[2024-07-07T14:07:18.675-0300] {processor.py:183} INFO - Processing /home/johnny/airflow_env/lib/python3.12/site-packages/airflow/example_dags/example_dag_decorator.py took 0.497 seconds
[2024-07-07T14:08:15.302-0300] {processor.py:161} INFO - Started process (PID=3180) to work on /home/johnny/airflow_env/lib/python3.12/site-packages/airflow/example_dags/example_dag_decorator.py
[2024-07-07T14:08:15.305-0300] {processor.py:830} INFO - Processing file /home/johnny/airflow_env/lib/python3.12/site-packages/airflow/example_dags/example_dag_decorator.py for tasks to queue
[2024-07-07T14:08:15.308-0300] {logging_mixin.py:188} INFO - [2024-07-07T14:08:15.307-0300] {dagbag.py:545} INFO - Filling up the DagBag from /home/johnny/airflow_env/lib/python3.12/site-packages/airflow/example_dags/example_dag_decorator.py
[2024-07-07T14:08:15.473-0300] {processor.py:840} INFO - DAG(s) 'example_dag_decorator' retrieved from /home/johnny/airflow_env/lib/python3.12/site-packages/airflow/example_dags/example_dag_decorator.py
[2024-07-07T14:08:15.664-0300] {logging_mixin.py:188} INFO - [2024-07-07T14:08:15.663-0300] {dag.py:3096} INFO - Sync 1 DAGs
[2024-07-07T14:08:15.676-0300] {logging_mixin.py:188} INFO - [2024-07-07T14:08:15.676-0300] {dag.py:3954} INFO - Setting next_dagrun for example_dag_decorator to None, run_after=None
[2024-07-07T14:08:15.724-0300] {processor.py:183} INFO - Processing /home/johnny/airflow_env/lib/python3.12/site-packages/airflow/example_dags/example_dag_decorator.py took 0.433 seconds
[2024-07-07T19:45:52.062-0300] {processor.py:161} INFO - Started process (PID=35317) to work on /home/johnny/airflow/lib/python3.12/site-packages/airflow/example_dags/example_dag_decorator.py
[2024-07-07T19:45:52.065-0300] {processor.py:830} INFO - Processing file /home/johnny/airflow/lib/python3.12/site-packages/airflow/example_dags/example_dag_decorator.py for tasks to queue
[2024-07-07T19:45:52.068-0300] {logging_mixin.py:188} INFO - [2024-07-07T19:45:52.068-0300] {dagbag.py:545} INFO - Filling up the DagBag from /home/johnny/airflow/lib/python3.12/site-packages/airflow/example_dags/example_dag_decorator.py
[2024-07-07T19:45:52.440-0300] {processor.py:840} INFO - DAG(s) 'example_dag_decorator' retrieved from /home/johnny/airflow/lib/python3.12/site-packages/airflow/example_dags/example_dag_decorator.py
[2024-07-07T19:45:52.867-0300] {logging_mixin.py:188} INFO - [2024-07-07T19:45:52.867-0300] {dag.py:3096} INFO - Sync 1 DAGs
[2024-07-07T19:45:52.881-0300] {logging_mixin.py:188} INFO - [2024-07-07T19:45:52.880-0300] {dag.py:3954} INFO - Setting next_dagrun for example_dag_decorator to None, run_after=None
[2024-07-07T19:45:52.929-0300] {processor.py:183} INFO - Processing /home/johnny/airflow/lib/python3.12/site-packages/airflow/example_dags/example_dag_decorator.py took 0.878 seconds
[2024-07-07T19:47:10.878-0300] {processor.py:161} INFO - Started process (PID=35519) to work on /home/johnny/airflow/lib/python3.12/site-packages/airflow/example_dags/example_dag_decorator.py
[2024-07-07T19:47:10.884-0300] {processor.py:830} INFO - Processing file /home/johnny/airflow/lib/python3.12/site-packages/airflow/example_dags/example_dag_decorator.py for tasks to queue
[2024-07-07T19:47:10.887-0300] {logging_mixin.py:188} INFO - [2024-07-07T19:47:10.887-0300] {dagbag.py:545} INFO - Filling up the DagBag from /home/johnny/airflow/lib/python3.12/site-packages/airflow/example_dags/example_dag_decorator.py
[2024-07-07T19:47:11.258-0300] {processor.py:840} INFO - DAG(s) 'example_dag_decorator' retrieved from /home/johnny/airflow/lib/python3.12/site-packages/airflow/example_dags/example_dag_decorator.py
[2024-07-07T19:47:11.359-0300] {logging_mixin.py:188} INFO - [2024-07-07T19:47:11.358-0300] {dag.py:3096} INFO - Sync 1 DAGs
[2024-07-07T19:47:11.372-0300] {logging_mixin.py:188} INFO - [2024-07-07T19:47:11.372-0300] {dag.py:3954} INFO - Setting next_dagrun for example_dag_decorator to None, run_after=None
[2024-07-07T19:47:11.405-0300] {processor.py:183} INFO - Processing /home/johnny/airflow/lib/python3.12/site-packages/airflow/example_dags/example_dag_decorator.py took 0.538 seconds
[2024-07-07T19:48:22.707-0300] {processor.py:161} INFO - Started process (PID=35723) to work on /home/johnny/airflow/lib/python3.12/site-packages/airflow/example_dags/example_dag_decorator.py
[2024-07-07T19:48:22.712-0300] {processor.py:830} INFO - Processing file /home/johnny/airflow/lib/python3.12/site-packages/airflow/example_dags/example_dag_decorator.py for tasks to queue
[2024-07-07T19:48:22.717-0300] {logging_mixin.py:188} INFO - [2024-07-07T19:48:22.716-0300] {dagbag.py:545} INFO - Filling up the DagBag from /home/johnny/airflow/lib/python3.12/site-packages/airflow/example_dags/example_dag_decorator.py
[2024-07-07T19:48:22.916-0300] {processor.py:840} INFO - DAG(s) 'example_dag_decorator' retrieved from /home/johnny/airflow/lib/python3.12/site-packages/airflow/example_dags/example_dag_decorator.py
[2024-07-07T19:48:23.023-0300] {logging_mixin.py:188} INFO - [2024-07-07T19:48:23.022-0300] {dag.py:3096} INFO - Sync 1 DAGs
[2024-07-07T19:48:23.032-0300] {logging_mixin.py:188} INFO - [2024-07-07T19:48:23.032-0300] {dag.py:3954} INFO - Setting next_dagrun for example_dag_decorator to None, run_after=None
[2024-07-07T19:48:23.062-0300] {processor.py:183} INFO - Processing /home/johnny/airflow/lib/python3.12/site-packages/airflow/example_dags/example_dag_decorator.py took 0.367 seconds
[2024-07-07T19:49:28.379-0300] {processor.py:161} INFO - Started process (PID=35921) to work on /home/johnny/airflow/lib/python3.12/site-packages/airflow/example_dags/example_dag_decorator.py
[2024-07-07T19:49:28.382-0300] {processor.py:830} INFO - Processing file /home/johnny/airflow/lib/python3.12/site-packages/airflow/example_dags/example_dag_decorator.py for tasks to queue
[2024-07-07T19:49:28.386-0300] {logging_mixin.py:188} INFO - [2024-07-07T19:49:28.385-0300] {dagbag.py:545} INFO - Filling up the DagBag from /home/johnny/airflow/lib/python3.12/site-packages/airflow/example_dags/example_dag_decorator.py
[2024-07-07T19:49:28.591-0300] {processor.py:840} INFO - DAG(s) 'example_dag_decorator' retrieved from /home/johnny/airflow/lib/python3.12/site-packages/airflow/example_dags/example_dag_decorator.py
[2024-07-07T19:49:28.805-0300] {logging_mixin.py:188} INFO - [2024-07-07T19:49:28.804-0300] {dag.py:3096} INFO - Sync 1 DAGs
[2024-07-07T19:49:28.831-0300] {logging_mixin.py:188} INFO - [2024-07-07T19:49:28.830-0300] {dag.py:3954} INFO - Setting next_dagrun for example_dag_decorator to None, run_after=None
[2024-07-07T19:49:28.886-0300] {processor.py:183} INFO - Processing /home/johnny/airflow/lib/python3.12/site-packages/airflow/example_dags/example_dag_decorator.py took 0.521 seconds
[2024-07-07T19:50:35.368-0300] {processor.py:161} INFO - Started process (PID=36104) to work on /home/johnny/airflow/lib/python3.12/site-packages/airflow/example_dags/example_dag_decorator.py
[2024-07-07T19:50:35.370-0300] {processor.py:830} INFO - Processing file /home/johnny/airflow/lib/python3.12/site-packages/airflow/example_dags/example_dag_decorator.py for tasks to queue
[2024-07-07T19:50:35.374-0300] {logging_mixin.py:188} INFO - [2024-07-07T19:50:35.373-0300] {dagbag.py:545} INFO - Filling up the DagBag from /home/johnny/airflow/lib/python3.12/site-packages/airflow/example_dags/example_dag_decorator.py
[2024-07-07T19:50:35.550-0300] {processor.py:840} INFO - DAG(s) 'example_dag_decorator' retrieved from /home/johnny/airflow/lib/python3.12/site-packages/airflow/example_dags/example_dag_decorator.py
[2024-07-07T19:50:35.646-0300] {logging_mixin.py:188} INFO - [2024-07-07T19:50:35.646-0300] {dag.py:3096} INFO - Sync 1 DAGs
[2024-07-07T19:50:35.659-0300] {logging_mixin.py:188} INFO - [2024-07-07T19:50:35.659-0300] {dag.py:3954} INFO - Setting next_dagrun for example_dag_decorator to None, run_after=None
[2024-07-07T19:50:35.694-0300] {processor.py:183} INFO - Processing /home/johnny/airflow/lib/python3.12/site-packages/airflow/example_dags/example_dag_decorator.py took 0.338 seconds
[2024-07-07T19:51:46.518-0300] {processor.py:161} INFO - Started process (PID=36303) to work on /home/johnny/airflow/lib/python3.12/site-packages/airflow/example_dags/example_dag_decorator.py
[2024-07-07T19:51:46.523-0300] {processor.py:830} INFO - Processing file /home/johnny/airflow/lib/python3.12/site-packages/airflow/example_dags/example_dag_decorator.py for tasks to queue
[2024-07-07T19:51:46.528-0300] {logging_mixin.py:188} INFO - [2024-07-07T19:51:46.527-0300] {dagbag.py:545} INFO - Filling up the DagBag from /home/johnny/airflow/lib/python3.12/site-packages/airflow/example_dags/example_dag_decorator.py
[2024-07-07T19:51:46.759-0300] {processor.py:840} INFO - DAG(s) 'example_dag_decorator' retrieved from /home/johnny/airflow/lib/python3.12/site-packages/airflow/example_dags/example_dag_decorator.py
[2024-07-07T19:51:46.967-0300] {logging_mixin.py:188} INFO - [2024-07-07T19:51:46.966-0300] {dag.py:3096} INFO - Sync 1 DAGs
[2024-07-07T19:51:46.981-0300] {logging_mixin.py:188} INFO - [2024-07-07T19:51:46.981-0300] {dag.py:3954} INFO - Setting next_dagrun for example_dag_decorator to None, run_after=None
[2024-07-07T19:51:47.025-0300] {processor.py:183} INFO - Processing /home/johnny/airflow/lib/python3.12/site-packages/airflow/example_dags/example_dag_decorator.py took 0.523 seconds
[2024-07-07T19:53:00.105-0300] {processor.py:161} INFO - Started process (PID=36497) to work on /home/johnny/airflow/lib/python3.12/site-packages/airflow/example_dags/example_dag_decorator.py
[2024-07-07T19:53:00.107-0300] {processor.py:830} INFO - Processing file /home/johnny/airflow/lib/python3.12/site-packages/airflow/example_dags/example_dag_decorator.py for tasks to queue
[2024-07-07T19:53:00.112-0300] {logging_mixin.py:188} INFO - [2024-07-07T19:53:00.110-0300] {dagbag.py:545} INFO - Filling up the DagBag from /home/johnny/airflow/lib/python3.12/site-packages/airflow/example_dags/example_dag_decorator.py
[2024-07-07T19:53:00.273-0300] {processor.py:840} INFO - DAG(s) 'example_dag_decorator' retrieved from /home/johnny/airflow/lib/python3.12/site-packages/airflow/example_dags/example_dag_decorator.py
[2024-07-07T19:53:00.504-0300] {logging_mixin.py:188} INFO - [2024-07-07T19:53:00.503-0300] {dag.py:3096} INFO - Sync 1 DAGs
[2024-07-07T19:53:00.529-0300] {logging_mixin.py:188} INFO - [2024-07-07T19:53:00.528-0300] {dag.py:3954} INFO - Setting next_dagrun for example_dag_decorator to None, run_after=None
[2024-07-07T19:53:00.637-0300] {processor.py:183} INFO - Processing /home/johnny/airflow/lib/python3.12/site-packages/airflow/example_dags/example_dag_decorator.py took 0.546 seconds
[2024-07-07T19:54:07.356-0300] {processor.py:161} INFO - Started process (PID=36679) to work on /home/johnny/airflow/lib/python3.12/site-packages/airflow/example_dags/example_dag_decorator.py
[2024-07-07T19:54:07.362-0300] {processor.py:830} INFO - Processing file /home/johnny/airflow/lib/python3.12/site-packages/airflow/example_dags/example_dag_decorator.py for tasks to queue
[2024-07-07T19:54:07.364-0300] {logging_mixin.py:188} INFO - [2024-07-07T19:54:07.363-0300] {dagbag.py:545} INFO - Filling up the DagBag from /home/johnny/airflow/lib/python3.12/site-packages/airflow/example_dags/example_dag_decorator.py
[2024-07-07T19:54:07.534-0300] {processor.py:840} INFO - DAG(s) 'example_dag_decorator' retrieved from /home/johnny/airflow/lib/python3.12/site-packages/airflow/example_dags/example_dag_decorator.py
[2024-07-07T19:54:07.708-0300] {logging_mixin.py:188} INFO - [2024-07-07T19:54:07.708-0300] {dag.py:3096} INFO - Sync 1 DAGs
[2024-07-07T19:54:07.732-0300] {logging_mixin.py:188} INFO - [2024-07-07T19:54:07.731-0300] {dag.py:3954} INFO - Setting next_dagrun for example_dag_decorator to None, run_after=None
[2024-07-07T19:54:07.784-0300] {processor.py:183} INFO - Processing /home/johnny/airflow/lib/python3.12/site-packages/airflow/example_dags/example_dag_decorator.py took 0.439 seconds
[2024-07-07T19:55:15.391-0300] {processor.py:161} INFO - Started process (PID=36869) to work on /home/johnny/airflow/lib/python3.12/site-packages/airflow/example_dags/example_dag_decorator.py
[2024-07-07T19:55:15.394-0300] {processor.py:830} INFO - Processing file /home/johnny/airflow/lib/python3.12/site-packages/airflow/example_dags/example_dag_decorator.py for tasks to queue
[2024-07-07T19:55:15.396-0300] {logging_mixin.py:188} INFO - [2024-07-07T19:55:15.395-0300] {dagbag.py:545} INFO - Filling up the DagBag from /home/johnny/airflow/lib/python3.12/site-packages/airflow/example_dags/example_dag_decorator.py
[2024-07-07T19:55:15.671-0300] {processor.py:840} INFO - DAG(s) 'example_dag_decorator' retrieved from /home/johnny/airflow/lib/python3.12/site-packages/airflow/example_dags/example_dag_decorator.py
[2024-07-07T19:55:15.709-0300] {logging_mixin.py:188} INFO - [2024-07-07T19:55:15.708-0300] {dag.py:3096} INFO - Sync 1 DAGs
[2024-07-07T19:55:15.736-0300] {logging_mixin.py:188} INFO - [2024-07-07T19:55:15.736-0300] {dag.py:3954} INFO - Setting next_dagrun for example_dag_decorator to None, run_after=None
[2024-07-07T19:55:15.796-0300] {processor.py:183} INFO - Processing /home/johnny/airflow/lib/python3.12/site-packages/airflow/example_dags/example_dag_decorator.py took 0.416 seconds
[2024-07-07T19:56:25.830-0300] {processor.py:161} INFO - Started process (PID=37047) to work on /home/johnny/airflow/lib/python3.12/site-packages/airflow/example_dags/example_dag_decorator.py
[2024-07-07T19:56:25.836-0300] {processor.py:830} INFO - Processing file /home/johnny/airflow/lib/python3.12/site-packages/airflow/example_dags/example_dag_decorator.py for tasks to queue
[2024-07-07T19:56:25.838-0300] {logging_mixin.py:188} INFO - [2024-07-07T19:56:25.837-0300] {dagbag.py:545} INFO - Filling up the DagBag from /home/johnny/airflow/lib/python3.12/site-packages/airflow/example_dags/example_dag_decorator.py
[2024-07-07T19:56:25.988-0300] {processor.py:840} INFO - DAG(s) 'example_dag_decorator' retrieved from /home/johnny/airflow/lib/python3.12/site-packages/airflow/example_dags/example_dag_decorator.py
[2024-07-07T19:56:26.008-0300] {logging_mixin.py:188} INFO - [2024-07-07T19:56:26.007-0300] {dag.py:3096} INFO - Sync 1 DAGs
[2024-07-07T19:56:26.018-0300] {logging_mixin.py:188} INFO - [2024-07-07T19:56:26.018-0300] {dag.py:3954} INFO - Setting next_dagrun for example_dag_decorator to None, run_after=None
[2024-07-07T19:56:26.055-0300] {processor.py:183} INFO - Processing /home/johnny/airflow/lib/python3.12/site-packages/airflow/example_dags/example_dag_decorator.py took 0.237 seconds
[2024-07-07T19:57:45.123-0300] {processor.py:161} INFO - Started process (PID=37272) to work on /home/johnny/airflow/lib/python3.12/site-packages/airflow/example_dags/example_dag_decorator.py
[2024-07-07T19:57:45.129-0300] {processor.py:830} INFO - Processing file /home/johnny/airflow/lib/python3.12/site-packages/airflow/example_dags/example_dag_decorator.py for tasks to queue
[2024-07-07T19:57:45.133-0300] {logging_mixin.py:188} INFO - [2024-07-07T19:57:45.132-0300] {dagbag.py:545} INFO - Filling up the DagBag from /home/johnny/airflow/lib/python3.12/site-packages/airflow/example_dags/example_dag_decorator.py
[2024-07-07T19:57:45.341-0300] {processor.py:840} INFO - DAG(s) 'example_dag_decorator' retrieved from /home/johnny/airflow/lib/python3.12/site-packages/airflow/example_dags/example_dag_decorator.py
[2024-07-07T19:57:45.585-0300] {logging_mixin.py:188} INFO - [2024-07-07T19:57:45.584-0300] {dag.py:3096} INFO - Sync 1 DAGs
[2024-07-07T19:57:45.603-0300] {logging_mixin.py:188} INFO - [2024-07-07T19:57:45.603-0300] {dag.py:3954} INFO - Setting next_dagrun for example_dag_decorator to None, run_after=None
[2024-07-07T19:57:45.656-0300] {processor.py:183} INFO - Processing /home/johnny/airflow/lib/python3.12/site-packages/airflow/example_dags/example_dag_decorator.py took 0.547 seconds
[2024-07-07T19:58:52.143-0300] {processor.py:161} INFO - Started process (PID=37461) to work on /home/johnny/airflow/lib/python3.12/site-packages/airflow/example_dags/example_dag_decorator.py
[2024-07-07T19:58:52.149-0300] {processor.py:830} INFO - Processing file /home/johnny/airflow/lib/python3.12/site-packages/airflow/example_dags/example_dag_decorator.py for tasks to queue
[2024-07-07T19:58:52.152-0300] {logging_mixin.py:188} INFO - [2024-07-07T19:58:52.150-0300] {dagbag.py:545} INFO - Filling up the DagBag from /home/johnny/airflow/lib/python3.12/site-packages/airflow/example_dags/example_dag_decorator.py
[2024-07-07T19:58:52.326-0300] {processor.py:840} INFO - DAG(s) 'example_dag_decorator' retrieved from /home/johnny/airflow/lib/python3.12/site-packages/airflow/example_dags/example_dag_decorator.py
[2024-07-07T19:58:52.503-0300] {logging_mixin.py:188} INFO - [2024-07-07T19:58:52.502-0300] {dag.py:3096} INFO - Sync 1 DAGs
[2024-07-07T19:58:52.521-0300] {logging_mixin.py:188} INFO - [2024-07-07T19:58:52.520-0300] {dag.py:3954} INFO - Setting next_dagrun for example_dag_decorator to None, run_after=None
[2024-07-07T19:58:52.558-0300] {processor.py:183} INFO - Processing /home/johnny/airflow/lib/python3.12/site-packages/airflow/example_dags/example_dag_decorator.py took 0.427 seconds
[2024-07-07T19:59:54.306-0300] {processor.py:161} INFO - Started process (PID=37635) to work on /home/johnny/airflow/lib/python3.12/site-packages/airflow/example_dags/example_dag_decorator.py
[2024-07-07T19:59:54.312-0300] {processor.py:830} INFO - Processing file /home/johnny/airflow/lib/python3.12/site-packages/airflow/example_dags/example_dag_decorator.py for tasks to queue
[2024-07-07T19:59:54.314-0300] {logging_mixin.py:188} INFO - [2024-07-07T19:59:54.313-0300] {dagbag.py:545} INFO - Filling up the DagBag from /home/johnny/airflow/lib/python3.12/site-packages/airflow/example_dags/example_dag_decorator.py
[2024-07-07T19:59:54.528-0300] {processor.py:840} INFO - DAG(s) 'example_dag_decorator' retrieved from /home/johnny/airflow/lib/python3.12/site-packages/airflow/example_dags/example_dag_decorator.py
[2024-07-07T19:59:54.664-0300] {logging_mixin.py:188} INFO - [2024-07-07T19:59:54.664-0300] {dag.py:3096} INFO - Sync 1 DAGs
[2024-07-07T19:59:54.675-0300] {logging_mixin.py:188} INFO - [2024-07-07T19:59:54.675-0300] {dag.py:3954} INFO - Setting next_dagrun for example_dag_decorator to None, run_after=None
[2024-07-07T19:59:54.729-0300] {processor.py:183} INFO - Processing /home/johnny/airflow/lib/python3.12/site-packages/airflow/example_dags/example_dag_decorator.py took 0.435 seconds
[2024-07-07T20:01:03.579-0300] {processor.py:161} INFO - Started process (PID=37836) to work on /home/johnny/airflow/lib/python3.12/site-packages/airflow/example_dags/example_dag_decorator.py
[2024-07-07T20:01:03.583-0300] {processor.py:830} INFO - Processing file /home/johnny/airflow/lib/python3.12/site-packages/airflow/example_dags/example_dag_decorator.py for tasks to queue
[2024-07-07T20:01:03.589-0300] {logging_mixin.py:188} INFO - [2024-07-07T20:01:03.586-0300] {dagbag.py:545} INFO - Filling up the DagBag from /home/johnny/airflow/lib/python3.12/site-packages/airflow/example_dags/example_dag_decorator.py
[2024-07-07T20:01:03.876-0300] {processor.py:840} INFO - DAG(s) 'example_dag_decorator' retrieved from /home/johnny/airflow/lib/python3.12/site-packages/airflow/example_dags/example_dag_decorator.py
[2024-07-07T20:01:04.072-0300] {logging_mixin.py:188} INFO - [2024-07-07T20:01:04.071-0300] {dag.py:3096} INFO - Sync 1 DAGs
[2024-07-07T20:01:04.091-0300] {logging_mixin.py:188} INFO - [2024-07-07T20:01:04.091-0300] {dag.py:3954} INFO - Setting next_dagrun for example_dag_decorator to None, run_after=None
[2024-07-07T20:01:04.136-0300] {processor.py:183} INFO - Processing /home/johnny/airflow/lib/python3.12/site-packages/airflow/example_dags/example_dag_decorator.py took 0.577 seconds
[2024-07-07T20:02:06.962-0300] {processor.py:161} INFO - Started process (PID=38007) to work on /home/johnny/airflow/lib/python3.12/site-packages/airflow/example_dags/example_dag_decorator.py
[2024-07-07T20:02:06.965-0300] {processor.py:830} INFO - Processing file /home/johnny/airflow/lib/python3.12/site-packages/airflow/example_dags/example_dag_decorator.py for tasks to queue
[2024-07-07T20:02:06.967-0300] {logging_mixin.py:188} INFO - [2024-07-07T20:02:06.966-0300] {dagbag.py:545} INFO - Filling up the DagBag from /home/johnny/airflow/lib/python3.12/site-packages/airflow/example_dags/example_dag_decorator.py
[2024-07-07T20:02:07.233-0300] {processor.py:840} INFO - DAG(s) 'example_dag_decorator' retrieved from /home/johnny/airflow/lib/python3.12/site-packages/airflow/example_dags/example_dag_decorator.py
[2024-07-07T20:02:07.487-0300] {logging_mixin.py:188} INFO - [2024-07-07T20:02:07.487-0300] {dag.py:3096} INFO - Sync 1 DAGs
[2024-07-07T20:02:07.502-0300] {logging_mixin.py:188} INFO - [2024-07-07T20:02:07.501-0300] {dag.py:3954} INFO - Setting next_dagrun for example_dag_decorator to None, run_after=None
[2024-07-07T20:02:07.532-0300] {processor.py:183} INFO - Processing /home/johnny/airflow/lib/python3.12/site-packages/airflow/example_dags/example_dag_decorator.py took 0.586 seconds
[2024-07-07T20:03:15.967-0300] {processor.py:161} INFO - Started process (PID=38192) to work on /home/johnny/airflow/lib/python3.12/site-packages/airflow/example_dags/example_dag_decorator.py
[2024-07-07T20:03:15.970-0300] {processor.py:830} INFO - Processing file /home/johnny/airflow/lib/python3.12/site-packages/airflow/example_dags/example_dag_decorator.py for tasks to queue
[2024-07-07T20:03:15.974-0300] {logging_mixin.py:188} INFO - [2024-07-07T20:03:15.972-0300] {dagbag.py:545} INFO - Filling up the DagBag from /home/johnny/airflow/lib/python3.12/site-packages/airflow/example_dags/example_dag_decorator.py
[2024-07-07T20:03:16.225-0300] {processor.py:840} INFO - DAG(s) 'example_dag_decorator' retrieved from /home/johnny/airflow/lib/python3.12/site-packages/airflow/example_dags/example_dag_decorator.py
[2024-07-07T20:03:16.421-0300] {logging_mixin.py:188} INFO - [2024-07-07T20:03:16.421-0300] {dag.py:3096} INFO - Sync 1 DAGs
[2024-07-07T20:03:16.443-0300] {logging_mixin.py:188} INFO - [2024-07-07T20:03:16.442-0300] {dag.py:3954} INFO - Setting next_dagrun for example_dag_decorator to None, run_after=None
[2024-07-07T20:03:16.489-0300] {processor.py:183} INFO - Processing /home/johnny/airflow/lib/python3.12/site-packages/airflow/example_dags/example_dag_decorator.py took 0.538 seconds
[2024-07-07T20:04:38.995-0300] {processor.py:161} INFO - Started process (PID=38427) to work on /home/johnny/airflow/lib/python3.12/site-packages/airflow/example_dags/example_dag_decorator.py
[2024-07-07T20:04:38.999-0300] {processor.py:830} INFO - Processing file /home/johnny/airflow/lib/python3.12/site-packages/airflow/example_dags/example_dag_decorator.py for tasks to queue
[2024-07-07T20:04:39.001-0300] {logging_mixin.py:188} INFO - [2024-07-07T20:04:39.000-0300] {dagbag.py:545} INFO - Filling up the DagBag from /home/johnny/airflow/lib/python3.12/site-packages/airflow/example_dags/example_dag_decorator.py
[2024-07-07T20:04:39.215-0300] {processor.py:840} INFO - DAG(s) 'example_dag_decorator' retrieved from /home/johnny/airflow/lib/python3.12/site-packages/airflow/example_dags/example_dag_decorator.py
[2024-07-07T20:04:39.246-0300] {logging_mixin.py:188} INFO - [2024-07-07T20:04:39.245-0300] {dag.py:3096} INFO - Sync 1 DAGs
[2024-07-07T20:04:39.278-0300] {logging_mixin.py:188} INFO - [2024-07-07T20:04:39.277-0300] {dag.py:3954} INFO - Setting next_dagrun for example_dag_decorator to None, run_after=None
[2024-07-07T20:04:39.326-0300] {processor.py:183} INFO - Processing /home/johnny/airflow/lib/python3.12/site-packages/airflow/example_dags/example_dag_decorator.py took 0.344 seconds
[2024-07-07T20:05:44.373-0300] {processor.py:161} INFO - Started process (PID=38615) to work on /home/johnny/airflow/lib/python3.12/site-packages/airflow/example_dags/example_dag_decorator.py
[2024-07-07T20:05:44.376-0300] {processor.py:830} INFO - Processing file /home/johnny/airflow/lib/python3.12/site-packages/airflow/example_dags/example_dag_decorator.py for tasks to queue
[2024-07-07T20:05:44.379-0300] {logging_mixin.py:188} INFO - [2024-07-07T20:05:44.378-0300] {dagbag.py:545} INFO - Filling up the DagBag from /home/johnny/airflow/lib/python3.12/site-packages/airflow/example_dags/example_dag_decorator.py
[2024-07-07T20:05:44.549-0300] {processor.py:840} INFO - DAG(s) 'example_dag_decorator' retrieved from /home/johnny/airflow/lib/python3.12/site-packages/airflow/example_dags/example_dag_decorator.py
[2024-07-07T20:05:44.567-0300] {logging_mixin.py:188} INFO - [2024-07-07T20:05:44.567-0300] {dag.py:3096} INFO - Sync 1 DAGs
[2024-07-07T20:05:44.578-0300] {logging_mixin.py:188} INFO - [2024-07-07T20:05:44.577-0300] {dag.py:3954} INFO - Setting next_dagrun for example_dag_decorator to None, run_after=None
[2024-07-07T20:05:44.614-0300] {processor.py:183} INFO - Processing /home/johnny/airflow/lib/python3.12/site-packages/airflow/example_dags/example_dag_decorator.py took 0.256 seconds
[2024-07-07T20:06:46.197-0300] {processor.py:161} INFO - Started process (PID=38779) to work on /home/johnny/airflow/lib/python3.12/site-packages/airflow/example_dags/example_dag_decorator.py
[2024-07-07T20:06:46.200-0300] {processor.py:830} INFO - Processing file /home/johnny/airflow/lib/python3.12/site-packages/airflow/example_dags/example_dag_decorator.py for tasks to queue
[2024-07-07T20:06:46.202-0300] {logging_mixin.py:188} INFO - [2024-07-07T20:06:46.201-0300] {dagbag.py:545} INFO - Filling up the DagBag from /home/johnny/airflow/lib/python3.12/site-packages/airflow/example_dags/example_dag_decorator.py
[2024-07-07T20:06:46.342-0300] {processor.py:840} INFO - DAG(s) 'example_dag_decorator' retrieved from /home/johnny/airflow/lib/python3.12/site-packages/airflow/example_dags/example_dag_decorator.py
[2024-07-07T20:06:46.426-0300] {logging_mixin.py:188} INFO - [2024-07-07T20:06:46.426-0300] {dag.py:3096} INFO - Sync 1 DAGs
[2024-07-07T20:06:46.435-0300] {logging_mixin.py:188} INFO - [2024-07-07T20:06:46.435-0300] {dag.py:3954} INFO - Setting next_dagrun for example_dag_decorator to None, run_after=None
[2024-07-07T20:06:46.487-0300] {processor.py:183} INFO - Processing /home/johnny/airflow/lib/python3.12/site-packages/airflow/example_dags/example_dag_decorator.py took 0.302 seconds
[2024-07-07T20:07:52.677-0300] {processor.py:161} INFO - Started process (PID=38963) to work on /home/johnny/airflow/lib/python3.12/site-packages/airflow/example_dags/example_dag_decorator.py
[2024-07-07T20:07:52.680-0300] {processor.py:830} INFO - Processing file /home/johnny/airflow/lib/python3.12/site-packages/airflow/example_dags/example_dag_decorator.py for tasks to queue
[2024-07-07T20:07:52.682-0300] {logging_mixin.py:188} INFO - [2024-07-07T20:07:52.681-0300] {dagbag.py:545} INFO - Filling up the DagBag from /home/johnny/airflow/lib/python3.12/site-packages/airflow/example_dags/example_dag_decorator.py
[2024-07-07T20:07:52.812-0300] {processor.py:840} INFO - DAG(s) 'example_dag_decorator' retrieved from /home/johnny/airflow/lib/python3.12/site-packages/airflow/example_dags/example_dag_decorator.py
[2024-07-07T20:07:52.958-0300] {logging_mixin.py:188} INFO - [2024-07-07T20:07:52.957-0300] {dag.py:3096} INFO - Sync 1 DAGs
[2024-07-07T20:07:52.981-0300] {logging_mixin.py:188} INFO - [2024-07-07T20:07:52.981-0300] {dag.py:3954} INFO - Setting next_dagrun for example_dag_decorator to None, run_after=None
[2024-07-07T20:07:53.045-0300] {processor.py:183} INFO - Processing /home/johnny/airflow/lib/python3.12/site-packages/airflow/example_dags/example_dag_decorator.py took 0.378 seconds
[2024-07-07T20:09:04.981-0300] {processor.py:161} INFO - Started process (PID=39159) to work on /home/johnny/airflow/lib/python3.12/site-packages/airflow/example_dags/example_dag_decorator.py
[2024-07-07T20:09:04.984-0300] {processor.py:830} INFO - Processing file /home/johnny/airflow/lib/python3.12/site-packages/airflow/example_dags/example_dag_decorator.py for tasks to queue
[2024-07-07T20:09:04.986-0300] {logging_mixin.py:188} INFO - [2024-07-07T20:09:04.985-0300] {dagbag.py:545} INFO - Filling up the DagBag from /home/johnny/airflow/lib/python3.12/site-packages/airflow/example_dags/example_dag_decorator.py
[2024-07-07T20:09:05.127-0300] {processor.py:840} INFO - DAG(s) 'example_dag_decorator' retrieved from /home/johnny/airflow/lib/python3.12/site-packages/airflow/example_dags/example_dag_decorator.py
[2024-07-07T20:09:05.213-0300] {logging_mixin.py:188} INFO - [2024-07-07T20:09:05.213-0300] {dag.py:3096} INFO - Sync 1 DAGs
[2024-07-07T20:09:05.222-0300] {logging_mixin.py:188} INFO - [2024-07-07T20:09:05.221-0300] {dag.py:3954} INFO - Setting next_dagrun for example_dag_decorator to None, run_after=None
[2024-07-07T20:09:05.257-0300] {processor.py:183} INFO - Processing /home/johnny/airflow/lib/python3.12/site-packages/airflow/example_dags/example_dag_decorator.py took 0.286 seconds
[2024-07-07T20:10:10.755-0300] {processor.py:161} INFO - Started process (PID=39339) to work on /home/johnny/airflow/lib/python3.12/site-packages/airflow/example_dags/example_dag_decorator.py
[2024-07-07T20:10:10.760-0300] {processor.py:830} INFO - Processing file /home/johnny/airflow/lib/python3.12/site-packages/airflow/example_dags/example_dag_decorator.py for tasks to queue
[2024-07-07T20:10:10.763-0300] {logging_mixin.py:188} INFO - [2024-07-07T20:10:10.762-0300] {dagbag.py:545} INFO - Filling up the DagBag from /home/johnny/airflow/lib/python3.12/site-packages/airflow/example_dags/example_dag_decorator.py
[2024-07-07T20:10:10.914-0300] {processor.py:840} INFO - DAG(s) 'example_dag_decorator' retrieved from /home/johnny/airflow/lib/python3.12/site-packages/airflow/example_dags/example_dag_decorator.py
[2024-07-07T20:10:11.127-0300] {logging_mixin.py:188} INFO - [2024-07-07T20:10:11.127-0300] {dag.py:3096} INFO - Sync 1 DAGs
[2024-07-07T20:10:11.149-0300] {logging_mixin.py:188} INFO - [2024-07-07T20:10:11.148-0300] {dag.py:3954} INFO - Setting next_dagrun for example_dag_decorator to None, run_after=None
[2024-07-07T20:10:11.191-0300] {processor.py:183} INFO - Processing /home/johnny/airflow/lib/python3.12/site-packages/airflow/example_dags/example_dag_decorator.py took 0.448 seconds
[2024-07-07T20:11:15.530-0300] {processor.py:161} INFO - Started process (PID=39526) to work on /home/johnny/airflow/lib/python3.12/site-packages/airflow/example_dags/example_dag_decorator.py
[2024-07-07T20:11:15.532-0300] {processor.py:830} INFO - Processing file /home/johnny/airflow/lib/python3.12/site-packages/airflow/example_dags/example_dag_decorator.py for tasks to queue
[2024-07-07T20:11:15.535-0300] {logging_mixin.py:188} INFO - [2024-07-07T20:11:15.534-0300] {dagbag.py:545} INFO - Filling up the DagBag from /home/johnny/airflow/lib/python3.12/site-packages/airflow/example_dags/example_dag_decorator.py
[2024-07-07T20:11:15.666-0300] {processor.py:840} INFO - DAG(s) 'example_dag_decorator' retrieved from /home/johnny/airflow/lib/python3.12/site-packages/airflow/example_dags/example_dag_decorator.py
[2024-07-07T20:11:15.750-0300] {logging_mixin.py:188} INFO - [2024-07-07T20:11:15.750-0300] {dag.py:3096} INFO - Sync 1 DAGs
[2024-07-07T20:11:15.760-0300] {logging_mixin.py:188} INFO - [2024-07-07T20:11:15.760-0300] {dag.py:3954} INFO - Setting next_dagrun for example_dag_decorator to None, run_after=None
[2024-07-07T20:11:15.782-0300] {processor.py:183} INFO - Processing /home/johnny/airflow/lib/python3.12/site-packages/airflow/example_dags/example_dag_decorator.py took 0.264 seconds
[2024-07-07T20:12:17.959-0300] {processor.py:161} INFO - Started process (PID=39689) to work on /home/johnny/airflow/lib/python3.12/site-packages/airflow/example_dags/example_dag_decorator.py
[2024-07-07T20:12:17.961-0300] {processor.py:830} INFO - Processing file /home/johnny/airflow/lib/python3.12/site-packages/airflow/example_dags/example_dag_decorator.py for tasks to queue
[2024-07-07T20:12:17.963-0300] {logging_mixin.py:188} INFO - [2024-07-07T20:12:17.962-0300] {dagbag.py:545} INFO - Filling up the DagBag from /home/johnny/airflow/lib/python3.12/site-packages/airflow/example_dags/example_dag_decorator.py
[2024-07-07T20:12:18.080-0300] {processor.py:840} INFO - DAG(s) 'example_dag_decorator' retrieved from /home/johnny/airflow/lib/python3.12/site-packages/airflow/example_dags/example_dag_decorator.py
[2024-07-07T20:12:18.212-0300] {logging_mixin.py:188} INFO - [2024-07-07T20:12:18.212-0300] {dag.py:3096} INFO - Sync 1 DAGs
[2024-07-07T20:12:18.227-0300] {logging_mixin.py:188} INFO - [2024-07-07T20:12:18.226-0300] {dag.py:3954} INFO - Setting next_dagrun for example_dag_decorator to None, run_after=None
[2024-07-07T20:12:18.268-0300] {processor.py:183} INFO - Processing /home/johnny/airflow/lib/python3.12/site-packages/airflow/example_dags/example_dag_decorator.py took 0.321 seconds
[2024-07-07T20:13:20.476-0300] {processor.py:161} INFO - Started process (PID=39861) to work on /home/johnny/airflow/lib/python3.12/site-packages/airflow/example_dags/example_dag_decorator.py
[2024-07-07T20:13:20.478-0300] {processor.py:830} INFO - Processing file /home/johnny/airflow/lib/python3.12/site-packages/airflow/example_dags/example_dag_decorator.py for tasks to queue
[2024-07-07T20:13:20.480-0300] {logging_mixin.py:188} INFO - [2024-07-07T20:13:20.480-0300] {dagbag.py:545} INFO - Filling up the DagBag from /home/johnny/airflow/lib/python3.12/site-packages/airflow/example_dags/example_dag_decorator.py
[2024-07-07T20:13:20.622-0300] {processor.py:840} INFO - DAG(s) 'example_dag_decorator' retrieved from /home/johnny/airflow/lib/python3.12/site-packages/airflow/example_dags/example_dag_decorator.py
[2024-07-07T20:13:20.822-0300] {logging_mixin.py:188} INFO - [2024-07-07T20:13:20.822-0300] {dag.py:3096} INFO - Sync 1 DAGs
[2024-07-07T20:13:20.844-0300] {logging_mixin.py:188} INFO - [2024-07-07T20:13:20.844-0300] {dag.py:3954} INFO - Setting next_dagrun for example_dag_decorator to None, run_after=None
[2024-07-07T20:13:20.897-0300] {processor.py:183} INFO - Processing /home/johnny/airflow/lib/python3.12/site-packages/airflow/example_dags/example_dag_decorator.py took 0.433 seconds
[2024-07-07T20:14:24.506-0300] {processor.py:161} INFO - Started process (PID=40031) to work on /home/johnny/airflow/lib/python3.12/site-packages/airflow/example_dags/example_dag_decorator.py
[2024-07-07T20:14:24.509-0300] {processor.py:830} INFO - Processing file /home/johnny/airflow/lib/python3.12/site-packages/airflow/example_dags/example_dag_decorator.py for tasks to queue
[2024-07-07T20:14:24.512-0300] {logging_mixin.py:188} INFO - [2024-07-07T20:14:24.510-0300] {dagbag.py:545} INFO - Filling up the DagBag from /home/johnny/airflow/lib/python3.12/site-packages/airflow/example_dags/example_dag_decorator.py
[2024-07-07T20:14:24.695-0300] {processor.py:840} INFO - DAG(s) 'example_dag_decorator' retrieved from /home/johnny/airflow/lib/python3.12/site-packages/airflow/example_dags/example_dag_decorator.py
[2024-07-07T20:14:24.718-0300] {logging_mixin.py:188} INFO - [2024-07-07T20:14:24.717-0300] {dag.py:3096} INFO - Sync 1 DAGs
[2024-07-07T20:14:24.730-0300] {logging_mixin.py:188} INFO - [2024-07-07T20:14:24.729-0300] {dag.py:3954} INFO - Setting next_dagrun for example_dag_decorator to None, run_after=None
[2024-07-07T20:14:24.770-0300] {processor.py:183} INFO - Processing /home/johnny/airflow/lib/python3.12/site-packages/airflow/example_dags/example_dag_decorator.py took 0.280 seconds
[2024-07-07T20:15:24.490-0300] {processor.py:161} INFO - Started process (PID=40195) to work on /home/johnny/airflow/lib/python3.12/site-packages/airflow/example_dags/example_dag_decorator.py
[2024-07-07T20:15:24.492-0300] {processor.py:830} INFO - Processing file /home/johnny/airflow/lib/python3.12/site-packages/airflow/example_dags/example_dag_decorator.py for tasks to queue
[2024-07-07T20:15:24.495-0300] {logging_mixin.py:188} INFO - [2024-07-07T20:15:24.494-0300] {dagbag.py:545} INFO - Filling up the DagBag from /home/johnny/airflow/lib/python3.12/site-packages/airflow/example_dags/example_dag_decorator.py
[2024-07-07T20:15:24.619-0300] {processor.py:840} INFO - DAG(s) 'example_dag_decorator' retrieved from /home/johnny/airflow/lib/python3.12/site-packages/airflow/example_dags/example_dag_decorator.py
[2024-07-07T20:15:24.706-0300] {logging_mixin.py:188} INFO - [2024-07-07T20:15:24.706-0300] {dag.py:3096} INFO - Sync 1 DAGs
[2024-07-07T20:15:24.716-0300] {logging_mixin.py:188} INFO - [2024-07-07T20:15:24.716-0300] {dag.py:3954} INFO - Setting next_dagrun for example_dag_decorator to None, run_after=None
[2024-07-07T20:15:24.739-0300] {processor.py:183} INFO - Processing /home/johnny/airflow/lib/python3.12/site-packages/airflow/example_dags/example_dag_decorator.py took 0.261 seconds
[2024-07-07T20:16:27.139-0300] {processor.py:161} INFO - Started process (PID=40383) to work on /home/johnny/airflow/lib/python3.12/site-packages/airflow/example_dags/example_dag_decorator.py
[2024-07-07T20:16:27.142-0300] {processor.py:830} INFO - Processing file /home/johnny/airflow/lib/python3.12/site-packages/airflow/example_dags/example_dag_decorator.py for tasks to queue
[2024-07-07T20:16:27.144-0300] {logging_mixin.py:188} INFO - [2024-07-07T20:16:27.143-0300] {dagbag.py:545} INFO - Filling up the DagBag from /home/johnny/airflow/lib/python3.12/site-packages/airflow/example_dags/example_dag_decorator.py
[2024-07-07T20:16:27.277-0300] {processor.py:840} INFO - DAG(s) 'example_dag_decorator' retrieved from /home/johnny/airflow/lib/python3.12/site-packages/airflow/example_dags/example_dag_decorator.py
[2024-07-07T20:16:27.296-0300] {logging_mixin.py:188} INFO - [2024-07-07T20:16:27.295-0300] {dag.py:3096} INFO - Sync 1 DAGs
[2024-07-07T20:16:27.306-0300] {logging_mixin.py:188} INFO - [2024-07-07T20:16:27.306-0300] {dag.py:3954} INFO - Setting next_dagrun for example_dag_decorator to None, run_after=None
[2024-07-07T20:16:27.331-0300] {processor.py:183} INFO - Processing /home/johnny/airflow/lib/python3.12/site-packages/airflow/example_dags/example_dag_decorator.py took 0.204 seconds
[2024-07-07T20:17:30.194-0300] {processor.py:161} INFO - Started process (PID=40555) to work on /home/johnny/airflow/lib/python3.12/site-packages/airflow/example_dags/example_dag_decorator.py
[2024-07-07T20:17:30.197-0300] {processor.py:830} INFO - Processing file /home/johnny/airflow/lib/python3.12/site-packages/airflow/example_dags/example_dag_decorator.py for tasks to queue
[2024-07-07T20:17:30.199-0300] {logging_mixin.py:188} INFO - [2024-07-07T20:17:30.198-0300] {dagbag.py:545} INFO - Filling up the DagBag from /home/johnny/airflow/lib/python3.12/site-packages/airflow/example_dags/example_dag_decorator.py
[2024-07-07T20:17:30.365-0300] {processor.py:840} INFO - DAG(s) 'example_dag_decorator' retrieved from /home/johnny/airflow/lib/python3.12/site-packages/airflow/example_dags/example_dag_decorator.py
[2024-07-07T20:17:30.386-0300] {logging_mixin.py:188} INFO - [2024-07-07T20:17:30.385-0300] {dag.py:3096} INFO - Sync 1 DAGs
[2024-07-07T20:17:30.397-0300] {logging_mixin.py:188} INFO - [2024-07-07T20:17:30.397-0300] {dag.py:3954} INFO - Setting next_dagrun for example_dag_decorator to None, run_after=None
[2024-07-07T20:17:30.433-0300] {processor.py:183} INFO - Processing /home/johnny/airflow/lib/python3.12/site-packages/airflow/example_dags/example_dag_decorator.py took 0.251 seconds
[2024-07-07T20:18:33.187-0300] {processor.py:161} INFO - Started process (PID=40731) to work on /home/johnny/airflow/lib/python3.12/site-packages/airflow/example_dags/example_dag_decorator.py
[2024-07-07T20:18:33.190-0300] {processor.py:830} INFO - Processing file /home/johnny/airflow/lib/python3.12/site-packages/airflow/example_dags/example_dag_decorator.py for tasks to queue
[2024-07-07T20:18:33.192-0300] {logging_mixin.py:188} INFO - [2024-07-07T20:18:33.191-0300] {dagbag.py:545} INFO - Filling up the DagBag from /home/johnny/airflow/lib/python3.12/site-packages/airflow/example_dags/example_dag_decorator.py
[2024-07-07T20:18:33.340-0300] {processor.py:840} INFO - DAG(s) 'example_dag_decorator' retrieved from /home/johnny/airflow/lib/python3.12/site-packages/airflow/example_dags/example_dag_decorator.py
[2024-07-07T20:18:33.373-0300] {logging_mixin.py:188} INFO - [2024-07-07T20:18:33.373-0300] {dag.py:3096} INFO - Sync 1 DAGs
[2024-07-07T20:18:33.399-0300] {logging_mixin.py:188} INFO - [2024-07-07T20:18:33.399-0300] {dag.py:3954} INFO - Setting next_dagrun for example_dag_decorator to None, run_after=None
[2024-07-07T20:18:33.445-0300] {processor.py:183} INFO - Processing /home/johnny/airflow/lib/python3.12/site-packages/airflow/example_dags/example_dag_decorator.py took 0.269 seconds
[2024-07-07T20:19:37.025-0300] {processor.py:161} INFO - Started process (PID=40901) to work on /home/johnny/airflow/lib/python3.12/site-packages/airflow/example_dags/example_dag_decorator.py
[2024-07-07T20:19:37.031-0300] {processor.py:830} INFO - Processing file /home/johnny/airflow/lib/python3.12/site-packages/airflow/example_dags/example_dag_decorator.py for tasks to queue
[2024-07-07T20:19:37.033-0300] {logging_mixin.py:188} INFO - [2024-07-07T20:19:37.032-0300] {dagbag.py:545} INFO - Filling up the DagBag from /home/johnny/airflow/lib/python3.12/site-packages/airflow/example_dags/example_dag_decorator.py
[2024-07-07T20:19:37.171-0300] {processor.py:840} INFO - DAG(s) 'example_dag_decorator' retrieved from /home/johnny/airflow/lib/python3.12/site-packages/airflow/example_dags/example_dag_decorator.py
[2024-07-07T20:19:37.259-0300] {logging_mixin.py:188} INFO - [2024-07-07T20:19:37.259-0300] {dag.py:3096} INFO - Sync 1 DAGs
[2024-07-07T20:19:37.270-0300] {logging_mixin.py:188} INFO - [2024-07-07T20:19:37.270-0300] {dag.py:3954} INFO - Setting next_dagrun for example_dag_decorator to None, run_after=None
[2024-07-07T20:19:37.292-0300] {processor.py:183} INFO - Processing /home/johnny/airflow/lib/python3.12/site-packages/airflow/example_dags/example_dag_decorator.py took 0.279 seconds
[2024-07-07T20:20:38.485-0300] {processor.py:161} INFO - Started process (PID=41073) to work on /home/johnny/airflow/lib/python3.12/site-packages/airflow/example_dags/example_dag_decorator.py
[2024-07-07T20:20:38.488-0300] {processor.py:830} INFO - Processing file /home/johnny/airflow/lib/python3.12/site-packages/airflow/example_dags/example_dag_decorator.py for tasks to queue
[2024-07-07T20:20:38.490-0300] {logging_mixin.py:188} INFO - [2024-07-07T20:20:38.489-0300] {dagbag.py:545} INFO - Filling up the DagBag from /home/johnny/airflow/lib/python3.12/site-packages/airflow/example_dags/example_dag_decorator.py
[2024-07-07T20:20:38.613-0300] {processor.py:840} INFO - DAG(s) 'example_dag_decorator' retrieved from /home/johnny/airflow/lib/python3.12/site-packages/airflow/example_dags/example_dag_decorator.py
[2024-07-07T20:20:38.779-0300] {logging_mixin.py:188} INFO - [2024-07-07T20:20:38.779-0300] {dag.py:3096} INFO - Sync 1 DAGs
[2024-07-07T20:20:38.793-0300] {logging_mixin.py:188} INFO - [2024-07-07T20:20:38.792-0300] {dag.py:3954} INFO - Setting next_dagrun for example_dag_decorator to None, run_after=None
[2024-07-07T20:20:38.837-0300] {processor.py:183} INFO - Processing /home/johnny/airflow/lib/python3.12/site-packages/airflow/example_dags/example_dag_decorator.py took 0.365 seconds
[2024-07-07T20:21:42.384-0300] {processor.py:161} INFO - Started process (PID=41243) to work on /home/johnny/airflow/lib/python3.12/site-packages/airflow/example_dags/example_dag_decorator.py
[2024-07-07T20:21:42.387-0300] {processor.py:830} INFO - Processing file /home/johnny/airflow/lib/python3.12/site-packages/airflow/example_dags/example_dag_decorator.py for tasks to queue
[2024-07-07T20:21:42.391-0300] {logging_mixin.py:188} INFO - [2024-07-07T20:21:42.389-0300] {dagbag.py:545} INFO - Filling up the DagBag from /home/johnny/airflow/lib/python3.12/site-packages/airflow/example_dags/example_dag_decorator.py
[2024-07-07T20:21:42.577-0300] {processor.py:840} INFO - DAG(s) 'example_dag_decorator' retrieved from /home/johnny/airflow/lib/python3.12/site-packages/airflow/example_dags/example_dag_decorator.py
[2024-07-07T20:21:42.727-0300] {logging_mixin.py:188} INFO - [2024-07-07T20:21:42.726-0300] {dag.py:3096} INFO - Sync 1 DAGs
[2024-07-07T20:21:42.736-0300] {logging_mixin.py:188} INFO - [2024-07-07T20:21:42.735-0300] {dag.py:3954} INFO - Setting next_dagrun for example_dag_decorator to None, run_after=None
[2024-07-07T20:21:42.760-0300] {processor.py:183} INFO - Processing /home/johnny/airflow/lib/python3.12/site-packages/airflow/example_dags/example_dag_decorator.py took 0.388 seconds
[2024-07-07T20:22:49.003-0300] {processor.py:161} INFO - Started process (PID=41427) to work on /home/johnny/airflow/lib/python3.12/site-packages/airflow/example_dags/example_dag_decorator.py
[2024-07-07T20:22:49.009-0300] {processor.py:830} INFO - Processing file /home/johnny/airflow/lib/python3.12/site-packages/airflow/example_dags/example_dag_decorator.py for tasks to queue
[2024-07-07T20:22:49.011-0300] {logging_mixin.py:188} INFO - [2024-07-07T20:22:49.010-0300] {dagbag.py:545} INFO - Filling up the DagBag from /home/johnny/airflow/lib/python3.12/site-packages/airflow/example_dags/example_dag_decorator.py
[2024-07-07T20:22:49.182-0300] {processor.py:840} INFO - DAG(s) 'example_dag_decorator' retrieved from /home/johnny/airflow/lib/python3.12/site-packages/airflow/example_dags/example_dag_decorator.py
[2024-07-07T20:22:49.316-0300] {logging_mixin.py:188} INFO - [2024-07-07T20:22:49.315-0300] {dag.py:3096} INFO - Sync 1 DAGs
[2024-07-07T20:22:49.327-0300] {logging_mixin.py:188} INFO - [2024-07-07T20:22:49.326-0300] {dag.py:3954} INFO - Setting next_dagrun for example_dag_decorator to None, run_after=None
[2024-07-07T20:22:49.369-0300] {processor.py:183} INFO - Processing /home/johnny/airflow/lib/python3.12/site-packages/airflow/example_dags/example_dag_decorator.py took 0.379 seconds
[2024-07-07T20:23:50.497-0300] {processor.py:161} INFO - Started process (PID=41597) to work on /home/johnny/airflow/lib/python3.12/site-packages/airflow/example_dags/example_dag_decorator.py
[2024-07-07T20:23:50.499-0300] {processor.py:830} INFO - Processing file /home/johnny/airflow/lib/python3.12/site-packages/airflow/example_dags/example_dag_decorator.py for tasks to queue
[2024-07-07T20:23:50.501-0300] {logging_mixin.py:188} INFO - [2024-07-07T20:23:50.501-0300] {dagbag.py:545} INFO - Filling up the DagBag from /home/johnny/airflow/lib/python3.12/site-packages/airflow/example_dags/example_dag_decorator.py
[2024-07-07T20:23:50.640-0300] {processor.py:840} INFO - DAG(s) 'example_dag_decorator' retrieved from /home/johnny/airflow/lib/python3.12/site-packages/airflow/example_dags/example_dag_decorator.py
[2024-07-07T20:23:50.771-0300] {logging_mixin.py:188} INFO - [2024-07-07T20:23:50.771-0300] {dag.py:3096} INFO - Sync 1 DAGs
[2024-07-07T20:23:50.782-0300] {logging_mixin.py:188} INFO - [2024-07-07T20:23:50.782-0300] {dag.py:3954} INFO - Setting next_dagrun for example_dag_decorator to None, run_after=None
[2024-07-07T20:23:50.881-0300] {processor.py:183} INFO - Processing /home/johnny/airflow/lib/python3.12/site-packages/airflow/example_dags/example_dag_decorator.py took 0.395 seconds
[2024-07-07T20:24:52.022-0300] {processor.py:161} INFO - Started process (PID=41758) to work on /home/johnny/airflow/lib/python3.12/site-packages/airflow/example_dags/example_dag_decorator.py
[2024-07-07T20:24:52.024-0300] {processor.py:830} INFO - Processing file /home/johnny/airflow/lib/python3.12/site-packages/airflow/example_dags/example_dag_decorator.py for tasks to queue
[2024-07-07T20:24:52.026-0300] {logging_mixin.py:188} INFO - [2024-07-07T20:24:52.026-0300] {dagbag.py:545} INFO - Filling up the DagBag from /home/johnny/airflow/lib/python3.12/site-packages/airflow/example_dags/example_dag_decorator.py
[2024-07-07T20:24:52.151-0300] {processor.py:840} INFO - DAG(s) 'example_dag_decorator' retrieved from /home/johnny/airflow/lib/python3.12/site-packages/airflow/example_dags/example_dag_decorator.py
[2024-07-07T20:24:52.242-0300] {logging_mixin.py:188} INFO - [2024-07-07T20:24:52.242-0300] {dag.py:3096} INFO - Sync 1 DAGs
[2024-07-07T20:24:52.253-0300] {logging_mixin.py:188} INFO - [2024-07-07T20:24:52.253-0300] {dag.py:3954} INFO - Setting next_dagrun for example_dag_decorator to None, run_after=None
[2024-07-07T20:24:52.276-0300] {processor.py:183} INFO - Processing /home/johnny/airflow/lib/python3.12/site-packages/airflow/example_dags/example_dag_decorator.py took 0.266 seconds
[2024-07-07T20:25:50.252-0300] {processor.py:161} INFO - Started process (PID=41919) to work on /home/johnny/airflow/lib/python3.12/site-packages/airflow/example_dags/example_dag_decorator.py
[2024-07-07T20:25:50.254-0300] {processor.py:830} INFO - Processing file /home/johnny/airflow/lib/python3.12/site-packages/airflow/example_dags/example_dag_decorator.py for tasks to queue
[2024-07-07T20:25:50.256-0300] {logging_mixin.py:188} INFO - [2024-07-07T20:25:50.256-0300] {dagbag.py:545} INFO - Filling up the DagBag from /home/johnny/airflow/lib/python3.12/site-packages/airflow/example_dags/example_dag_decorator.py
[2024-07-07T20:25:50.386-0300] {processor.py:840} INFO - DAG(s) 'example_dag_decorator' retrieved from /home/johnny/airflow/lib/python3.12/site-packages/airflow/example_dags/example_dag_decorator.py
[2024-07-07T20:25:50.582-0300] {logging_mixin.py:188} INFO - [2024-07-07T20:25:50.582-0300] {dag.py:3096} INFO - Sync 1 DAGs
[2024-07-07T20:25:50.597-0300] {logging_mixin.py:188} INFO - [2024-07-07T20:25:50.597-0300] {dag.py:3954} INFO - Setting next_dagrun for example_dag_decorator to None, run_after=None
[2024-07-07T20:25:50.645-0300] {processor.py:183} INFO - Processing /home/johnny/airflow/lib/python3.12/site-packages/airflow/example_dags/example_dag_decorator.py took 0.405 seconds
[2024-07-07T20:26:51.495-0300] {processor.py:161} INFO - Started process (PID=42082) to work on /home/johnny/airflow/lib/python3.12/site-packages/airflow/example_dags/example_dag_decorator.py
[2024-07-07T20:26:51.498-0300] {processor.py:830} INFO - Processing file /home/johnny/airflow/lib/python3.12/site-packages/airflow/example_dags/example_dag_decorator.py for tasks to queue
[2024-07-07T20:26:51.500-0300] {logging_mixin.py:188} INFO - [2024-07-07T20:26:51.499-0300] {dagbag.py:545} INFO - Filling up the DagBag from /home/johnny/airflow/lib/python3.12/site-packages/airflow/example_dags/example_dag_decorator.py
[2024-07-07T20:26:51.654-0300] {processor.py:840} INFO - DAG(s) 'example_dag_decorator' retrieved from /home/johnny/airflow/lib/python3.12/site-packages/airflow/example_dags/example_dag_decorator.py
[2024-07-07T20:26:51.765-0300] {logging_mixin.py:188} INFO - [2024-07-07T20:26:51.765-0300] {dag.py:3096} INFO - Sync 1 DAGs
[2024-07-07T20:26:51.774-0300] {logging_mixin.py:188} INFO - [2024-07-07T20:26:51.773-0300] {dag.py:3954} INFO - Setting next_dagrun for example_dag_decorator to None, run_after=None
[2024-07-07T20:26:51.798-0300] {processor.py:183} INFO - Processing /home/johnny/airflow/lib/python3.12/site-packages/airflow/example_dags/example_dag_decorator.py took 0.315 seconds
[2024-07-07T20:28:03.728-0300] {processor.py:161} INFO - Started process (PID=42274) to work on /home/johnny/airflow/lib/python3.12/site-packages/airflow/example_dags/example_dag_decorator.py
[2024-07-07T20:28:03.730-0300] {processor.py:830} INFO - Processing file /home/johnny/airflow/lib/python3.12/site-packages/airflow/example_dags/example_dag_decorator.py for tasks to queue
[2024-07-07T20:28:03.732-0300] {logging_mixin.py:188} INFO - [2024-07-07T20:28:03.731-0300] {dagbag.py:545} INFO - Filling up the DagBag from /home/johnny/airflow/lib/python3.12/site-packages/airflow/example_dags/example_dag_decorator.py
[2024-07-07T20:28:03.905-0300] {processor.py:840} INFO - DAG(s) 'example_dag_decorator' retrieved from /home/johnny/airflow/lib/python3.12/site-packages/airflow/example_dags/example_dag_decorator.py
[2024-07-07T20:28:04.181-0300] {logging_mixin.py:188} INFO - [2024-07-07T20:28:04.180-0300] {dag.py:3096} INFO - Sync 1 DAGs
[2024-07-07T20:28:04.202-0300] {logging_mixin.py:188} INFO - [2024-07-07T20:28:04.201-0300] {dag.py:3954} INFO - Setting next_dagrun for example_dag_decorator to None, run_after=None
[2024-07-07T20:28:04.266-0300] {processor.py:183} INFO - Processing /home/johnny/airflow/lib/python3.12/site-packages/airflow/example_dags/example_dag_decorator.py took 0.550 seconds
[2024-07-07T20:29:13.529-0300] {processor.py:161} INFO - Started process (PID=42471) to work on /home/johnny/airflow/lib/python3.12/site-packages/airflow/example_dags/example_dag_decorator.py
[2024-07-07T20:29:13.531-0300] {processor.py:830} INFO - Processing file /home/johnny/airflow/lib/python3.12/site-packages/airflow/example_dags/example_dag_decorator.py for tasks to queue
[2024-07-07T20:29:13.534-0300] {logging_mixin.py:188} INFO - [2024-07-07T20:29:13.533-0300] {dagbag.py:545} INFO - Filling up the DagBag from /home/johnny/airflow/lib/python3.12/site-packages/airflow/example_dags/example_dag_decorator.py
[2024-07-07T20:29:13.719-0300] {processor.py:840} INFO - DAG(s) 'example_dag_decorator' retrieved from /home/johnny/airflow/lib/python3.12/site-packages/airflow/example_dags/example_dag_decorator.py
[2024-07-07T20:29:13.824-0300] {logging_mixin.py:188} INFO - [2024-07-07T20:29:13.824-0300] {dag.py:3096} INFO - Sync 1 DAGs
[2024-07-07T20:29:13.833-0300] {logging_mixin.py:188} INFO - [2024-07-07T20:29:13.833-0300] {dag.py:3954} INFO - Setting next_dagrun for example_dag_decorator to None, run_after=None
[2024-07-07T20:29:13.873-0300] {processor.py:183} INFO - Processing /home/johnny/airflow/lib/python3.12/site-packages/airflow/example_dags/example_dag_decorator.py took 0.358 seconds
[2024-07-07T20:30:18.395-0300] {processor.py:161} INFO - Started process (PID=42650) to work on /home/johnny/airflow/lib/python3.12/site-packages/airflow/example_dags/example_dag_decorator.py
[2024-07-07T20:30:18.400-0300] {processor.py:830} INFO - Processing file /home/johnny/airflow/lib/python3.12/site-packages/airflow/example_dags/example_dag_decorator.py for tasks to queue
[2024-07-07T20:30:18.403-0300] {logging_mixin.py:188} INFO - [2024-07-07T20:30:18.401-0300] {dagbag.py:545} INFO - Filling up the DagBag from /home/johnny/airflow/lib/python3.12/site-packages/airflow/example_dags/example_dag_decorator.py
[2024-07-07T20:30:18.565-0300] {processor.py:840} INFO - DAG(s) 'example_dag_decorator' retrieved from /home/johnny/airflow/lib/python3.12/site-packages/airflow/example_dags/example_dag_decorator.py
[2024-07-07T20:30:18.664-0300] {logging_mixin.py:188} INFO - [2024-07-07T20:30:18.664-0300] {dag.py:3096} INFO - Sync 1 DAGs
[2024-07-07T20:30:18.689-0300] {logging_mixin.py:188} INFO - [2024-07-07T20:30:18.688-0300] {dag.py:3954} INFO - Setting next_dagrun for example_dag_decorator to None, run_after=None
[2024-07-07T20:30:18.738-0300] {processor.py:183} INFO - Processing /home/johnny/airflow/lib/python3.12/site-packages/airflow/example_dags/example_dag_decorator.py took 0.354 seconds
[2024-07-07T20:31:18.511-0300] {processor.py:161} INFO - Started process (PID=42806) to work on /home/johnny/airflow/lib/python3.12/site-packages/airflow/example_dags/example_dag_decorator.py
[2024-07-07T20:31:18.515-0300] {processor.py:830} INFO - Processing file /home/johnny/airflow/lib/python3.12/site-packages/airflow/example_dags/example_dag_decorator.py for tasks to queue
[2024-07-07T20:31:18.523-0300] {logging_mixin.py:188} INFO - [2024-07-07T20:31:18.520-0300] {dagbag.py:545} INFO - Filling up the DagBag from /home/johnny/airflow/lib/python3.12/site-packages/airflow/example_dags/example_dag_decorator.py
[2024-07-07T20:31:18.730-0300] {processor.py:840} INFO - DAG(s) 'example_dag_decorator' retrieved from /home/johnny/airflow/lib/python3.12/site-packages/airflow/example_dags/example_dag_decorator.py
[2024-07-07T20:31:18.837-0300] {logging_mixin.py:188} INFO - [2024-07-07T20:31:18.837-0300] {dag.py:3096} INFO - Sync 1 DAGs
[2024-07-07T20:31:18.846-0300] {logging_mixin.py:188} INFO - [2024-07-07T20:31:18.846-0300] {dag.py:3954} INFO - Setting next_dagrun for example_dag_decorator to None, run_after=None
[2024-07-07T20:31:18.888-0300] {processor.py:183} INFO - Processing /home/johnny/airflow/lib/python3.12/site-packages/airflow/example_dags/example_dag_decorator.py took 0.392 seconds
[2024-07-07T20:32:20.050-0300] {processor.py:161} INFO - Started process (PID=42977) to work on /home/johnny/airflow/lib/python3.12/site-packages/airflow/example_dags/example_dag_decorator.py
[2024-07-07T20:32:20.053-0300] {processor.py:830} INFO - Processing file /home/johnny/airflow/lib/python3.12/site-packages/airflow/example_dags/example_dag_decorator.py for tasks to queue
[2024-07-07T20:32:20.055-0300] {logging_mixin.py:188} INFO - [2024-07-07T20:32:20.054-0300] {dagbag.py:545} INFO - Filling up the DagBag from /home/johnny/airflow/lib/python3.12/site-packages/airflow/example_dags/example_dag_decorator.py
[2024-07-07T20:32:20.203-0300] {processor.py:840} INFO - DAG(s) 'example_dag_decorator' retrieved from /home/johnny/airflow/lib/python3.12/site-packages/airflow/example_dags/example_dag_decorator.py
[2024-07-07T20:32:20.291-0300] {logging_mixin.py:188} INFO - [2024-07-07T20:32:20.291-0300] {dag.py:3096} INFO - Sync 1 DAGs
[2024-07-07T20:32:20.300-0300] {logging_mixin.py:188} INFO - [2024-07-07T20:32:20.300-0300] {dag.py:3954} INFO - Setting next_dagrun for example_dag_decorator to None, run_after=None
[2024-07-07T20:32:20.324-0300] {processor.py:183} INFO - Processing /home/johnny/airflow/lib/python3.12/site-packages/airflow/example_dags/example_dag_decorator.py took 0.285 seconds
[2024-07-07T20:33:57.601-0300] {processor.py:161} INFO - Started process (PID=43269) to work on /home/johnny/airflow/lib/python3.12/site-packages/airflow/example_dags/example_dag_decorator.py
[2024-07-07T20:33:57.603-0300] {processor.py:830} INFO - Processing file /home/johnny/airflow/lib/python3.12/site-packages/airflow/example_dags/example_dag_decorator.py for tasks to queue
[2024-07-07T20:33:57.605-0300] {logging_mixin.py:188} INFO - [2024-07-07T20:33:57.604-0300] {dagbag.py:545} INFO - Filling up the DagBag from /home/johnny/airflow/lib/python3.12/site-packages/airflow/example_dags/example_dag_decorator.py
[2024-07-07T20:33:57.736-0300] {processor.py:840} INFO - DAG(s) 'example_dag_decorator' retrieved from /home/johnny/airflow/lib/python3.12/site-packages/airflow/example_dags/example_dag_decorator.py
[2024-07-07T20:33:57.880-0300] {logging_mixin.py:188} INFO - [2024-07-07T20:33:57.880-0300] {dag.py:3096} INFO - Sync 1 DAGs
[2024-07-07T20:33:57.890-0300] {logging_mixin.py:188} INFO - [2024-07-07T20:33:57.889-0300] {dag.py:3954} INFO - Setting next_dagrun for example_dag_decorator to None, run_after=None
[2024-07-07T20:33:57.926-0300] {processor.py:183} INFO - Processing /home/johnny/airflow/lib/python3.12/site-packages/airflow/example_dags/example_dag_decorator.py took 0.337 seconds
[2024-07-07T20:35:01.191-0300] {processor.py:161} INFO - Started process (PID=43447) to work on /home/johnny/airflow/lib/python3.12/site-packages/airflow/example_dags/example_dag_decorator.py
[2024-07-07T20:35:01.193-0300] {processor.py:830} INFO - Processing file /home/johnny/airflow/lib/python3.12/site-packages/airflow/example_dags/example_dag_decorator.py for tasks to queue
[2024-07-07T20:35:01.195-0300] {logging_mixin.py:188} INFO - [2024-07-07T20:35:01.195-0300] {dagbag.py:545} INFO - Filling up the DagBag from /home/johnny/airflow/lib/python3.12/site-packages/airflow/example_dags/example_dag_decorator.py
[2024-07-07T20:35:01.330-0300] {processor.py:840} INFO - DAG(s) 'example_dag_decorator' retrieved from /home/johnny/airflow/lib/python3.12/site-packages/airflow/example_dags/example_dag_decorator.py
[2024-07-07T20:35:01.415-0300] {logging_mixin.py:188} INFO - [2024-07-07T20:35:01.414-0300] {dag.py:3096} INFO - Sync 1 DAGs
[2024-07-07T20:35:01.423-0300] {logging_mixin.py:188} INFO - [2024-07-07T20:35:01.423-0300] {dag.py:3954} INFO - Setting next_dagrun for example_dag_decorator to None, run_after=None
[2024-07-07T20:35:01.445-0300] {processor.py:183} INFO - Processing /home/johnny/airflow/lib/python3.12/site-packages/airflow/example_dags/example_dag_decorator.py took 0.266 seconds
[2024-07-07T20:36:02.079-0300] {processor.py:161} INFO - Started process (PID=43609) to work on /home/johnny/airflow/lib/python3.12/site-packages/airflow/example_dags/example_dag_decorator.py
[2024-07-07T20:36:02.082-0300] {processor.py:830} INFO - Processing file /home/johnny/airflow/lib/python3.12/site-packages/airflow/example_dags/example_dag_decorator.py for tasks to queue
[2024-07-07T20:36:02.083-0300] {logging_mixin.py:188} INFO - [2024-07-07T20:36:02.083-0300] {dagbag.py:545} INFO - Filling up the DagBag from /home/johnny/airflow/lib/python3.12/site-packages/airflow/example_dags/example_dag_decorator.py
[2024-07-07T20:36:02.221-0300] {processor.py:840} INFO - DAG(s) 'example_dag_decorator' retrieved from /home/johnny/airflow/lib/python3.12/site-packages/airflow/example_dags/example_dag_decorator.py
[2024-07-07T20:36:02.310-0300] {logging_mixin.py:188} INFO - [2024-07-07T20:36:02.310-0300] {dag.py:3096} INFO - Sync 1 DAGs
[2024-07-07T20:36:02.319-0300] {logging_mixin.py:188} INFO - [2024-07-07T20:36:02.318-0300] {dag.py:3954} INFO - Setting next_dagrun for example_dag_decorator to None, run_after=None
[2024-07-07T20:36:02.355-0300] {processor.py:183} INFO - Processing /home/johnny/airflow/lib/python3.12/site-packages/airflow/example_dags/example_dag_decorator.py took 0.288 seconds
[2024-07-07T20:37:07.959-0300] {processor.py:161} INFO - Started process (PID=43784) to work on /home/johnny/airflow/lib/python3.12/site-packages/airflow/example_dags/example_dag_decorator.py
[2024-07-07T20:37:07.962-0300] {processor.py:830} INFO - Processing file /home/johnny/airflow/lib/python3.12/site-packages/airflow/example_dags/example_dag_decorator.py for tasks to queue
[2024-07-07T20:37:07.964-0300] {logging_mixin.py:188} INFO - [2024-07-07T20:37:07.963-0300] {dagbag.py:545} INFO - Filling up the DagBag from /home/johnny/airflow/lib/python3.12/site-packages/airflow/example_dags/example_dag_decorator.py
[2024-07-07T20:37:08.215-0300] {processor.py:840} INFO - DAG(s) 'example_dag_decorator' retrieved from /home/johnny/airflow/lib/python3.12/site-packages/airflow/example_dags/example_dag_decorator.py
[2024-07-07T20:37:08.421-0300] {logging_mixin.py:188} INFO - [2024-07-07T20:37:08.421-0300] {dag.py:3096} INFO - Sync 1 DAGs
[2024-07-07T20:37:08.448-0300] {logging_mixin.py:188} INFO - [2024-07-07T20:37:08.447-0300] {dag.py:3954} INFO - Setting next_dagrun for example_dag_decorator to None, run_after=None
[2024-07-07T20:37:08.522-0300] {processor.py:183} INFO - Processing /home/johnny/airflow/lib/python3.12/site-packages/airflow/example_dags/example_dag_decorator.py took 0.576 seconds
[2024-07-07T20:38:11.551-0300] {processor.py:161} INFO - Started process (PID=43964) to work on /home/johnny/airflow/lib/python3.12/site-packages/airflow/example_dags/example_dag_decorator.py
[2024-07-07T20:38:11.553-0300] {processor.py:830} INFO - Processing file /home/johnny/airflow/lib/python3.12/site-packages/airflow/example_dags/example_dag_decorator.py for tasks to queue
[2024-07-07T20:38:11.556-0300] {logging_mixin.py:188} INFO - [2024-07-07T20:38:11.555-0300] {dagbag.py:545} INFO - Filling up the DagBag from /home/johnny/airflow/lib/python3.12/site-packages/airflow/example_dags/example_dag_decorator.py
[2024-07-07T20:38:11.716-0300] {processor.py:840} INFO - DAG(s) 'example_dag_decorator' retrieved from /home/johnny/airflow/lib/python3.12/site-packages/airflow/example_dags/example_dag_decorator.py
[2024-07-07T20:38:11.933-0300] {logging_mixin.py:188} INFO - [2024-07-07T20:38:11.933-0300] {dag.py:3096} INFO - Sync 1 DAGs
[2024-07-07T20:38:11.959-0300] {logging_mixin.py:188} INFO - [2024-07-07T20:38:11.958-0300] {dag.py:3954} INFO - Setting next_dagrun for example_dag_decorator to None, run_after=None
[2024-07-07T20:38:12.007-0300] {processor.py:183} INFO - Processing /home/johnny/airflow/lib/python3.12/site-packages/airflow/example_dags/example_dag_decorator.py took 0.471 seconds
[2024-07-07T20:39:15.430-0300] {processor.py:161} INFO - Started process (PID=44124) to work on /home/johnny/airflow/lib/python3.12/site-packages/airflow/example_dags/example_dag_decorator.py
[2024-07-07T20:39:15.433-0300] {processor.py:830} INFO - Processing file /home/johnny/airflow/lib/python3.12/site-packages/airflow/example_dags/example_dag_decorator.py for tasks to queue
[2024-07-07T20:39:15.436-0300] {logging_mixin.py:188} INFO - [2024-07-07T20:39:15.435-0300] {dagbag.py:545} INFO - Filling up the DagBag from /home/johnny/airflow/lib/python3.12/site-packages/airflow/example_dags/example_dag_decorator.py
[2024-07-07T20:39:15.646-0300] {processor.py:840} INFO - DAG(s) 'example_dag_decorator' retrieved from /home/johnny/airflow/lib/python3.12/site-packages/airflow/example_dags/example_dag_decorator.py
[2024-07-07T20:39:15.828-0300] {logging_mixin.py:188} INFO - [2024-07-07T20:39:15.827-0300] {dag.py:3096} INFO - Sync 1 DAGs
[2024-07-07T20:39:15.850-0300] {logging_mixin.py:188} INFO - [2024-07-07T20:39:15.850-0300] {dag.py:3954} INFO - Setting next_dagrun for example_dag_decorator to None, run_after=None
[2024-07-07T20:39:15.902-0300] {processor.py:183} INFO - Processing /home/johnny/airflow/lib/python3.12/site-packages/airflow/example_dags/example_dag_decorator.py took 0.484 seconds
[2024-07-07T20:40:21.419-0300] {processor.py:161} INFO - Started process (PID=44302) to work on /home/johnny/airflow/lib/python3.12/site-packages/airflow/example_dags/example_dag_decorator.py
[2024-07-07T20:40:21.422-0300] {processor.py:830} INFO - Processing file /home/johnny/airflow/lib/python3.12/site-packages/airflow/example_dags/example_dag_decorator.py for tasks to queue
[2024-07-07T20:40:21.425-0300] {logging_mixin.py:188} INFO - [2024-07-07T20:40:21.423-0300] {dagbag.py:545} INFO - Filling up the DagBag from /home/johnny/airflow/lib/python3.12/site-packages/airflow/example_dags/example_dag_decorator.py
[2024-07-07T20:40:21.558-0300] {processor.py:840} INFO - DAG(s) 'example_dag_decorator' retrieved from /home/johnny/airflow/lib/python3.12/site-packages/airflow/example_dags/example_dag_decorator.py
[2024-07-07T20:40:21.766-0300] {logging_mixin.py:188} INFO - [2024-07-07T20:40:21.765-0300] {dag.py:3096} INFO - Sync 1 DAGs
[2024-07-07T20:40:21.795-0300] {logging_mixin.py:188} INFO - [2024-07-07T20:40:21.795-0300] {dag.py:3954} INFO - Setting next_dagrun for example_dag_decorator to None, run_after=None
[2024-07-07T20:40:21.848-0300] {processor.py:183} INFO - Processing /home/johnny/airflow/lib/python3.12/site-packages/airflow/example_dags/example_dag_decorator.py took 0.440 seconds
[2024-07-07T20:41:32.959-0300] {processor.py:161} INFO - Started process (PID=44502) to work on /home/johnny/airflow/lib/python3.12/site-packages/airflow/example_dags/example_dag_decorator.py
[2024-07-07T20:41:32.965-0300] {processor.py:830} INFO - Processing file /home/johnny/airflow/lib/python3.12/site-packages/airflow/example_dags/example_dag_decorator.py for tasks to queue
[2024-07-07T20:41:32.968-0300] {logging_mixin.py:188} INFO - [2024-07-07T20:41:32.967-0300] {dagbag.py:545} INFO - Filling up the DagBag from /home/johnny/airflow/lib/python3.12/site-packages/airflow/example_dags/example_dag_decorator.py
[2024-07-07T20:41:33.166-0300] {processor.py:840} INFO - DAG(s) 'example_dag_decorator' retrieved from /home/johnny/airflow/lib/python3.12/site-packages/airflow/example_dags/example_dag_decorator.py
[2024-07-07T20:41:33.198-0300] {logging_mixin.py:188} INFO - [2024-07-07T20:41:33.198-0300] {dag.py:3096} INFO - Sync 1 DAGs
[2024-07-07T20:41:33.216-0300] {logging_mixin.py:188} INFO - [2024-07-07T20:41:33.215-0300] {dag.py:3954} INFO - Setting next_dagrun for example_dag_decorator to None, run_after=None
[2024-07-07T20:41:33.246-0300] {processor.py:183} INFO - Processing /home/johnny/airflow/lib/python3.12/site-packages/airflow/example_dags/example_dag_decorator.py took 0.305 seconds
[2024-07-07T20:42:38.686-0300] {processor.py:161} INFO - Started process (PID=44680) to work on /home/johnny/airflow/lib/python3.12/site-packages/airflow/example_dags/example_dag_decorator.py
[2024-07-07T20:42:38.692-0300] {processor.py:830} INFO - Processing file /home/johnny/airflow/lib/python3.12/site-packages/airflow/example_dags/example_dag_decorator.py for tasks to queue
[2024-07-07T20:42:38.695-0300] {logging_mixin.py:188} INFO - [2024-07-07T20:42:38.694-0300] {dagbag.py:545} INFO - Filling up the DagBag from /home/johnny/airflow/lib/python3.12/site-packages/airflow/example_dags/example_dag_decorator.py
[2024-07-07T20:42:38.918-0300] {processor.py:840} INFO - DAG(s) 'example_dag_decorator' retrieved from /home/johnny/airflow/lib/python3.12/site-packages/airflow/example_dags/example_dag_decorator.py
[2024-07-07T20:42:38.959-0300] {logging_mixin.py:188} INFO - [2024-07-07T20:42:38.959-0300] {dag.py:3096} INFO - Sync 1 DAGs
[2024-07-07T20:42:38.978-0300] {logging_mixin.py:188} INFO - [2024-07-07T20:42:38.977-0300] {dag.py:3954} INFO - Setting next_dagrun for example_dag_decorator to None, run_after=None
[2024-07-07T20:42:39.025-0300] {processor.py:183} INFO - Processing /home/johnny/airflow/lib/python3.12/site-packages/airflow/example_dags/example_dag_decorator.py took 0.351 seconds
[2024-07-07T20:43:42.881-0300] {processor.py:161} INFO - Started process (PID=44849) to work on /home/johnny/airflow/lib/python3.12/site-packages/airflow/example_dags/example_dag_decorator.py
[2024-07-07T20:43:42.887-0300] {processor.py:830} INFO - Processing file /home/johnny/airflow/lib/python3.12/site-packages/airflow/example_dags/example_dag_decorator.py for tasks to queue
[2024-07-07T20:43:42.889-0300] {logging_mixin.py:188} INFO - [2024-07-07T20:43:42.888-0300] {dagbag.py:545} INFO - Filling up the DagBag from /home/johnny/airflow/lib/python3.12/site-packages/airflow/example_dags/example_dag_decorator.py
[2024-07-07T20:43:43.080-0300] {processor.py:840} INFO - DAG(s) 'example_dag_decorator' retrieved from /home/johnny/airflow/lib/python3.12/site-packages/airflow/example_dags/example_dag_decorator.py
[2024-07-07T20:43:43.206-0300] {logging_mixin.py:188} INFO - [2024-07-07T20:43:43.206-0300] {dag.py:3096} INFO - Sync 1 DAGs
[2024-07-07T20:43:43.359-0300] {logging_mixin.py:188} INFO - [2024-07-07T20:43:43.359-0300] {dag.py:3954} INFO - Setting next_dagrun for example_dag_decorator to None, run_after=None
[2024-07-07T20:43:43.387-0300] {processor.py:183} INFO - Processing /home/johnny/airflow/lib/python3.12/site-packages/airflow/example_dags/example_dag_decorator.py took 0.517 seconds
[2024-07-07T20:44:56.287-0300] {processor.py:161} INFO - Started process (PID=45049) to work on /home/johnny/airflow/lib/python3.12/site-packages/airflow/example_dags/example_dag_decorator.py
[2024-07-07T20:44:56.293-0300] {processor.py:830} INFO - Processing file /home/johnny/airflow/lib/python3.12/site-packages/airflow/example_dags/example_dag_decorator.py for tasks to queue
[2024-07-07T20:44:56.296-0300] {logging_mixin.py:188} INFO - [2024-07-07T20:44:56.295-0300] {dagbag.py:545} INFO - Filling up the DagBag from /home/johnny/airflow/lib/python3.12/site-packages/airflow/example_dags/example_dag_decorator.py
[2024-07-07T20:44:56.498-0300] {processor.py:840} INFO - DAG(s) 'example_dag_decorator' retrieved from /home/johnny/airflow/lib/python3.12/site-packages/airflow/example_dags/example_dag_decorator.py
[2024-07-07T20:44:56.685-0300] {logging_mixin.py:188} INFO - [2024-07-07T20:44:56.685-0300] {dag.py:3096} INFO - Sync 1 DAGs
[2024-07-07T20:44:56.699-0300] {logging_mixin.py:188} INFO - [2024-07-07T20:44:56.698-0300] {dag.py:3954} INFO - Setting next_dagrun for example_dag_decorator to None, run_after=None
[2024-07-07T20:44:56.977-0300] {processor.py:183} INFO - Processing /home/johnny/airflow/lib/python3.12/site-packages/airflow/example_dags/example_dag_decorator.py took 0.702 seconds
[2024-07-07T20:46:00.374-0300] {processor.py:161} INFO - Started process (PID=45226) to work on /home/johnny/airflow/lib/python3.12/site-packages/airflow/example_dags/example_dag_decorator.py
[2024-07-07T20:46:00.378-0300] {processor.py:830} INFO - Processing file /home/johnny/airflow/lib/python3.12/site-packages/airflow/example_dags/example_dag_decorator.py for tasks to queue
[2024-07-07T20:46:00.381-0300] {logging_mixin.py:188} INFO - [2024-07-07T20:46:00.380-0300] {dagbag.py:545} INFO - Filling up the DagBag from /home/johnny/airflow/lib/python3.12/site-packages/airflow/example_dags/example_dag_decorator.py
[2024-07-07T20:46:00.550-0300] {processor.py:840} INFO - DAG(s) 'example_dag_decorator' retrieved from /home/johnny/airflow/lib/python3.12/site-packages/airflow/example_dags/example_dag_decorator.py
[2024-07-07T20:46:00.770-0300] {logging_mixin.py:188} INFO - [2024-07-07T20:46:00.769-0300] {dag.py:3096} INFO - Sync 1 DAGs
[2024-07-07T20:46:00.785-0300] {logging_mixin.py:188} INFO - [2024-07-07T20:46:00.784-0300] {dag.py:3954} INFO - Setting next_dagrun for example_dag_decorator to None, run_after=None
[2024-07-07T20:46:00.823-0300] {processor.py:183} INFO - Processing /home/johnny/airflow/lib/python3.12/site-packages/airflow/example_dags/example_dag_decorator.py took 0.461 seconds
[2024-07-07T20:47:07.031-0300] {processor.py:161} INFO - Started process (PID=45404) to work on /home/johnny/airflow/lib/python3.12/site-packages/airflow/example_dags/example_dag_decorator.py
[2024-07-07T20:47:07.034-0300] {processor.py:830} INFO - Processing file /home/johnny/airflow/lib/python3.12/site-packages/airflow/example_dags/example_dag_decorator.py for tasks to queue
[2024-07-07T20:47:07.038-0300] {logging_mixin.py:188} INFO - [2024-07-07T20:47:07.036-0300] {dagbag.py:545} INFO - Filling up the DagBag from /home/johnny/airflow/lib/python3.12/site-packages/airflow/example_dags/example_dag_decorator.py
[2024-07-07T20:47:07.290-0300] {processor.py:840} INFO - DAG(s) 'example_dag_decorator' retrieved from /home/johnny/airflow/lib/python3.12/site-packages/airflow/example_dags/example_dag_decorator.py
[2024-07-07T20:47:07.465-0300] {logging_mixin.py:188} INFO - [2024-07-07T20:47:07.465-0300] {dag.py:3096} INFO - Sync 1 DAGs
[2024-07-07T20:47:07.485-0300] {logging_mixin.py:188} INFO - [2024-07-07T20:47:07.484-0300] {dag.py:3954} INFO - Setting next_dagrun for example_dag_decorator to None, run_after=None
[2024-07-07T20:47:07.536-0300] {processor.py:183} INFO - Processing /home/johnny/airflow/lib/python3.12/site-packages/airflow/example_dags/example_dag_decorator.py took 0.517 seconds
[2024-07-07T20:48:11.818-0300] {processor.py:161} INFO - Started process (PID=45574) to work on /home/johnny/airflow/lib/python3.12/site-packages/airflow/example_dags/example_dag_decorator.py
[2024-07-07T20:48:11.825-0300] {processor.py:830} INFO - Processing file /home/johnny/airflow/lib/python3.12/site-packages/airflow/example_dags/example_dag_decorator.py for tasks to queue
[2024-07-07T20:48:11.834-0300] {logging_mixin.py:188} INFO - [2024-07-07T20:48:11.833-0300] {dagbag.py:545} INFO - Filling up the DagBag from /home/johnny/airflow/lib/python3.12/site-packages/airflow/example_dags/example_dag_decorator.py
[2024-07-07T20:48:12.057-0300] {processor.py:840} INFO - DAG(s) 'example_dag_decorator' retrieved from /home/johnny/airflow/lib/python3.12/site-packages/airflow/example_dags/example_dag_decorator.py
[2024-07-07T20:48:12.454-0300] {logging_mixin.py:188} INFO - [2024-07-07T20:48:12.453-0300] {dag.py:3096} INFO - Sync 1 DAGs
[2024-07-07T20:48:12.477-0300] {logging_mixin.py:188} INFO - [2024-07-07T20:48:12.476-0300] {dag.py:3954} INFO - Setting next_dagrun for example_dag_decorator to None, run_after=None
[2024-07-07T20:48:12.527-0300] {processor.py:183} INFO - Processing /home/johnny/airflow/lib/python3.12/site-packages/airflow/example_dags/example_dag_decorator.py took 0.725 seconds
[2024-07-07T20:49:19.081-0300] {processor.py:161} INFO - Started process (PID=45758) to work on /home/johnny/airflow/lib/python3.12/site-packages/airflow/example_dags/example_dag_decorator.py
[2024-07-07T20:49:19.087-0300] {processor.py:830} INFO - Processing file /home/johnny/airflow/lib/python3.12/site-packages/airflow/example_dags/example_dag_decorator.py for tasks to queue
[2024-07-07T20:49:19.090-0300] {logging_mixin.py:188} INFO - [2024-07-07T20:49:19.089-0300] {dagbag.py:545} INFO - Filling up the DagBag from /home/johnny/airflow/lib/python3.12/site-packages/airflow/example_dags/example_dag_decorator.py
[2024-07-07T20:49:19.254-0300] {processor.py:840} INFO - DAG(s) 'example_dag_decorator' retrieved from /home/johnny/airflow/lib/python3.12/site-packages/airflow/example_dags/example_dag_decorator.py
[2024-07-07T20:49:19.489-0300] {logging_mixin.py:188} INFO - [2024-07-07T20:49:19.488-0300] {dag.py:3096} INFO - Sync 1 DAGs
[2024-07-07T20:49:19.681-0300] {logging_mixin.py:188} INFO - [2024-07-07T20:49:19.680-0300] {dag.py:3954} INFO - Setting next_dagrun for example_dag_decorator to None, run_after=None
[2024-07-07T20:49:19.734-0300] {processor.py:183} INFO - Processing /home/johnny/airflow/lib/python3.12/site-packages/airflow/example_dags/example_dag_decorator.py took 0.664 seconds
[2024-07-07T20:50:30.488-0300] {processor.py:161} INFO - Started process (PID=45942) to work on /home/johnny/airflow/lib/python3.12/site-packages/airflow/example_dags/example_dag_decorator.py
[2024-07-07T20:50:30.494-0300] {processor.py:830} INFO - Processing file /home/johnny/airflow/lib/python3.12/site-packages/airflow/example_dags/example_dag_decorator.py for tasks to queue
[2024-07-07T20:50:30.496-0300] {logging_mixin.py:188} INFO - [2024-07-07T20:50:30.495-0300] {dagbag.py:545} INFO - Filling up the DagBag from /home/johnny/airflow/lib/python3.12/site-packages/airflow/example_dags/example_dag_decorator.py
[2024-07-07T20:50:30.679-0300] {processor.py:840} INFO - DAG(s) 'example_dag_decorator' retrieved from /home/johnny/airflow/lib/python3.12/site-packages/airflow/example_dags/example_dag_decorator.py
[2024-07-07T20:50:30.847-0300] {logging_mixin.py:188} INFO - [2024-07-07T20:50:30.847-0300] {dag.py:3096} INFO - Sync 1 DAGs
[2024-07-07T20:50:30.858-0300] {logging_mixin.py:188} INFO - [2024-07-07T20:50:30.858-0300] {dag.py:3954} INFO - Setting next_dagrun for example_dag_decorator to None, run_after=None
[2024-07-07T20:50:31.138-0300] {processor.py:183} INFO - Processing /home/johnny/airflow/lib/python3.12/site-packages/airflow/example_dags/example_dag_decorator.py took 0.662 seconds
[2024-07-07T20:51:43.629-0300] {processor.py:161} INFO - Started process (PID=46142) to work on /home/johnny/airflow/lib/python3.12/site-packages/airflow/example_dags/example_dag_decorator.py
[2024-07-07T20:51:43.635-0300] {processor.py:830} INFO - Processing file /home/johnny/airflow/lib/python3.12/site-packages/airflow/example_dags/example_dag_decorator.py for tasks to queue
[2024-07-07T20:51:43.644-0300] {logging_mixin.py:188} INFO - [2024-07-07T20:51:43.643-0300] {dagbag.py:545} INFO - Filling up the DagBag from /home/johnny/airflow/lib/python3.12/site-packages/airflow/example_dags/example_dag_decorator.py
[2024-07-07T20:51:43.857-0300] {processor.py:840} INFO - DAG(s) 'example_dag_decorator' retrieved from /home/johnny/airflow/lib/python3.12/site-packages/airflow/example_dags/example_dag_decorator.py
[2024-07-07T20:51:43.895-0300] {logging_mixin.py:188} INFO - [2024-07-07T20:51:43.895-0300] {dag.py:3096} INFO - Sync 1 DAGs
[2024-07-07T20:51:43.916-0300] {logging_mixin.py:188} INFO - [2024-07-07T20:51:43.916-0300] {dag.py:3954} INFO - Setting next_dagrun for example_dag_decorator to None, run_after=None
[2024-07-07T20:51:43.964-0300] {processor.py:183} INFO - Processing /home/johnny/airflow/lib/python3.12/site-packages/airflow/example_dags/example_dag_decorator.py took 0.349 seconds
[2024-07-07T20:52:51.915-0300] {processor.py:161} INFO - Started process (PID=46321) to work on /home/johnny/airflow/lib/python3.12/site-packages/airflow/example_dags/example_dag_decorator.py
[2024-07-07T20:52:51.921-0300] {processor.py:830} INFO - Processing file /home/johnny/airflow/lib/python3.12/site-packages/airflow/example_dags/example_dag_decorator.py for tasks to queue
[2024-07-07T20:52:51.924-0300] {logging_mixin.py:188} INFO - [2024-07-07T20:52:51.922-0300] {dagbag.py:545} INFO - Filling up the DagBag from /home/johnny/airflow/lib/python3.12/site-packages/airflow/example_dags/example_dag_decorator.py
[2024-07-07T20:52:52.115-0300] {processor.py:840} INFO - DAG(s) 'example_dag_decorator' retrieved from /home/johnny/airflow/lib/python3.12/site-packages/airflow/example_dags/example_dag_decorator.py
[2024-07-07T20:52:52.336-0300] {logging_mixin.py:188} INFO - [2024-07-07T20:52:52.336-0300] {dag.py:3096} INFO - Sync 1 DAGs
[2024-07-07T20:52:52.345-0300] {logging_mixin.py:188} INFO - [2024-07-07T20:52:52.345-0300] {dag.py:3954} INFO - Setting next_dagrun for example_dag_decorator to None, run_after=None
[2024-07-07T20:52:52.370-0300] {processor.py:183} INFO - Processing /home/johnny/airflow/lib/python3.12/site-packages/airflow/example_dags/example_dag_decorator.py took 0.469 seconds
[2024-07-07T20:53:56.299-0300] {processor.py:161} INFO - Started process (PID=46487) to work on /home/johnny/airflow/lib/python3.12/site-packages/airflow/example_dags/example_dag_decorator.py
[2024-07-07T20:53:56.305-0300] {processor.py:830} INFO - Processing file /home/johnny/airflow/lib/python3.12/site-packages/airflow/example_dags/example_dag_decorator.py for tasks to queue
[2024-07-07T20:53:56.307-0300] {logging_mixin.py:188} INFO - [2024-07-07T20:53:56.306-0300] {dagbag.py:545} INFO - Filling up the DagBag from /home/johnny/airflow/lib/python3.12/site-packages/airflow/example_dags/example_dag_decorator.py
[2024-07-07T20:53:56.487-0300] {processor.py:840} INFO - DAG(s) 'example_dag_decorator' retrieved from /home/johnny/airflow/lib/python3.12/site-packages/airflow/example_dags/example_dag_decorator.py
[2024-07-07T20:53:56.824-0300] {logging_mixin.py:188} INFO - [2024-07-07T20:53:56.823-0300] {dag.py:3096} INFO - Sync 1 DAGs
[2024-07-07T20:53:56.837-0300] {logging_mixin.py:188} INFO - [2024-07-07T20:53:56.837-0300] {dag.py:3954} INFO - Setting next_dagrun for example_dag_decorator to None, run_after=None
[2024-07-07T20:53:56.870-0300] {processor.py:183} INFO - Processing /home/johnny/airflow/lib/python3.12/site-packages/airflow/example_dags/example_dag_decorator.py took 0.583 seconds
[2024-07-07T20:55:07.948-0300] {processor.py:161} INFO - Started process (PID=46683) to work on /home/johnny/airflow/lib/python3.12/site-packages/airflow/example_dags/example_dag_decorator.py
[2024-07-07T20:55:07.951-0300] {processor.py:830} INFO - Processing file /home/johnny/airflow/lib/python3.12/site-packages/airflow/example_dags/example_dag_decorator.py for tasks to queue
[2024-07-07T20:55:07.953-0300] {logging_mixin.py:188} INFO - [2024-07-07T20:55:07.952-0300] {dagbag.py:545} INFO - Filling up the DagBag from /home/johnny/airflow/lib/python3.12/site-packages/airflow/example_dags/example_dag_decorator.py
[2024-07-07T20:55:08.195-0300] {processor.py:840} INFO - DAG(s) 'example_dag_decorator' retrieved from /home/johnny/airflow/lib/python3.12/site-packages/airflow/example_dags/example_dag_decorator.py
[2024-07-07T20:55:08.553-0300] {logging_mixin.py:188} INFO - [2024-07-07T20:55:08.553-0300] {dag.py:3096} INFO - Sync 1 DAGs
[2024-07-07T20:55:08.562-0300] {logging_mixin.py:188} INFO - [2024-07-07T20:55:08.561-0300] {dag.py:3954} INFO - Setting next_dagrun for example_dag_decorator to None, run_after=None
[2024-07-07T20:55:08.598-0300] {processor.py:183} INFO - Processing /home/johnny/airflow/lib/python3.12/site-packages/airflow/example_dags/example_dag_decorator.py took 0.663 seconds
[2024-07-07T20:56:12.714-0300] {processor.py:161} INFO - Started process (PID=46854) to work on /home/johnny/airflow/lib/python3.12/site-packages/airflow/example_dags/example_dag_decorator.py
[2024-07-07T20:56:12.716-0300] {processor.py:830} INFO - Processing file /home/johnny/airflow/lib/python3.12/site-packages/airflow/example_dags/example_dag_decorator.py for tasks to queue
[2024-07-07T20:56:12.718-0300] {logging_mixin.py:188} INFO - [2024-07-07T20:56:12.717-0300] {dagbag.py:545} INFO - Filling up the DagBag from /home/johnny/airflow/lib/python3.12/site-packages/airflow/example_dags/example_dag_decorator.py
[2024-07-07T20:56:12.849-0300] {processor.py:840} INFO - DAG(s) 'example_dag_decorator' retrieved from /home/johnny/airflow/lib/python3.12/site-packages/airflow/example_dags/example_dag_decorator.py
[2024-07-07T20:56:13.104-0300] {logging_mixin.py:188} INFO - [2024-07-07T20:56:13.104-0300] {dag.py:3096} INFO - Sync 1 DAGs
[2024-07-07T20:56:13.146-0300] {logging_mixin.py:188} INFO - [2024-07-07T20:56:13.146-0300] {dag.py:3954} INFO - Setting next_dagrun for example_dag_decorator to None, run_after=None
[2024-07-07T20:56:13.205-0300] {processor.py:183} INFO - Processing /home/johnny/airflow/lib/python3.12/site-packages/airflow/example_dags/example_dag_decorator.py took 0.502 seconds
[2024-07-07T20:57:24.401-0300] {processor.py:161} INFO - Started process (PID=47051) to work on /home/johnny/airflow/lib/python3.12/site-packages/airflow/example_dags/example_dag_decorator.py
[2024-07-07T20:57:24.405-0300] {processor.py:830} INFO - Processing file /home/johnny/airflow/lib/python3.12/site-packages/airflow/example_dags/example_dag_decorator.py for tasks to queue
[2024-07-07T20:57:24.407-0300] {logging_mixin.py:188} INFO - [2024-07-07T20:57:24.406-0300] {dagbag.py:545} INFO - Filling up the DagBag from /home/johnny/airflow/lib/python3.12/site-packages/airflow/example_dags/example_dag_decorator.py
[2024-07-07T20:57:24.593-0300] {processor.py:840} INFO - DAG(s) 'example_dag_decorator' retrieved from /home/johnny/airflow/lib/python3.12/site-packages/airflow/example_dags/example_dag_decorator.py
[2024-07-07T20:57:24.638-0300] {logging_mixin.py:188} INFO - [2024-07-07T20:57:24.638-0300] {dag.py:3096} INFO - Sync 1 DAGs
[2024-07-07T20:57:24.844-0300] {logging_mixin.py:188} INFO - [2024-07-07T20:57:24.843-0300] {dag.py:3954} INFO - Setting next_dagrun for example_dag_decorator to None, run_after=None
[2024-07-07T20:57:24.895-0300] {processor.py:183} INFO - Processing /home/johnny/airflow/lib/python3.12/site-packages/airflow/example_dags/example_dag_decorator.py took 0.511 seconds
[2024-07-07T20:58:35.115-0300] {processor.py:161} INFO - Started process (PID=47260) to work on /home/johnny/airflow/lib/python3.12/site-packages/airflow/example_dags/example_dag_decorator.py
[2024-07-07T20:58:35.120-0300] {processor.py:830} INFO - Processing file /home/johnny/airflow/lib/python3.12/site-packages/airflow/example_dags/example_dag_decorator.py for tasks to queue
[2024-07-07T20:58:35.124-0300] {logging_mixin.py:188} INFO - [2024-07-07T20:58:35.122-0300] {dagbag.py:545} INFO - Filling up the DagBag from /home/johnny/airflow/lib/python3.12/site-packages/airflow/example_dags/example_dag_decorator.py
[2024-07-07T20:58:35.380-0300] {processor.py:840} INFO - DAG(s) 'example_dag_decorator' retrieved from /home/johnny/airflow/lib/python3.12/site-packages/airflow/example_dags/example_dag_decorator.py
[2024-07-07T20:58:35.802-0300] {logging_mixin.py:188} INFO - [2024-07-07T20:58:35.801-0300] {dag.py:3096} INFO - Sync 1 DAGs
[2024-07-07T20:58:35.815-0300] {logging_mixin.py:188} INFO - [2024-07-07T20:58:35.815-0300] {dag.py:3954} INFO - Setting next_dagrun for example_dag_decorator to None, run_after=None
[2024-07-07T20:58:35.865-0300] {processor.py:183} INFO - Processing /home/johnny/airflow/lib/python3.12/site-packages/airflow/example_dags/example_dag_decorator.py took 0.767 seconds
[2024-07-07T20:59:46.121-0300] {processor.py:161} INFO - Started process (PID=47466) to work on /home/johnny/airflow/lib/python3.12/site-packages/airflow/example_dags/example_dag_decorator.py
[2024-07-07T20:59:46.127-0300] {processor.py:830} INFO - Processing file /home/johnny/airflow/lib/python3.12/site-packages/airflow/example_dags/example_dag_decorator.py for tasks to queue
[2024-07-07T20:59:46.129-0300] {logging_mixin.py:188} INFO - [2024-07-07T20:59:46.128-0300] {dagbag.py:545} INFO - Filling up the DagBag from /home/johnny/airflow/lib/python3.12/site-packages/airflow/example_dags/example_dag_decorator.py
[2024-07-07T20:59:46.309-0300] {processor.py:840} INFO - DAG(s) 'example_dag_decorator' retrieved from /home/johnny/airflow/lib/python3.12/site-packages/airflow/example_dags/example_dag_decorator.py
[2024-07-07T20:59:46.719-0300] {logging_mixin.py:188} INFO - [2024-07-07T20:59:46.718-0300] {dag.py:3096} INFO - Sync 1 DAGs
[2024-07-07T20:59:46.742-0300] {logging_mixin.py:188} INFO - [2024-07-07T20:59:46.741-0300] {dag.py:3954} INFO - Setting next_dagrun for example_dag_decorator to None, run_after=None
[2024-07-07T20:59:46.789-0300] {processor.py:183} INFO - Processing /home/johnny/airflow/lib/python3.12/site-packages/airflow/example_dags/example_dag_decorator.py took 0.680 seconds
