[2024-07-07T14:04:30.631-0300] {processor.py:161} INFO - Started process (PID=2989) to work on /home/johnny/airflow_env/lib/python3.12/site-packages/airflow/example_dags/example_python_decorator.py
[2024-07-07T14:04:30.633-0300] {processor.py:830} INFO - Processing file /home/johnny/airflow_env/lib/python3.12/site-packages/airflow/example_dags/example_python_decorator.py for tasks to queue
[2024-07-07T14:04:30.636-0300] {logging_mixin.py:188} INFO - [2024-07-07T14:04:30.635-0300] {dagbag.py:545} INFO - Filling up the DagBag from /home/johnny/airflow_env/lib/python3.12/site-packages/airflow/example_dags/example_python_decorator.py
[2024-07-07T14:04:30.669-0300] {processor.py:840} INFO - DAG(s) 'example_python_decorator' retrieved from /home/johnny/airflow_env/lib/python3.12/site-packages/airflow/example_dags/example_python_decorator.py
[2024-07-07T14:04:30.800-0300] {logging_mixin.py:188} INFO - [2024-07-07T14:04:30.799-0300] {override.py:1847} INFO - Created Permission View: can delete on DAG:example_python_decorator
[2024-07-07T14:04:30.818-0300] {logging_mixin.py:188} INFO - [2024-07-07T14:04:30.817-0300] {override.py:1847} INFO - Created Permission View: can read on DAG:example_python_decorator
[2024-07-07T14:04:30.835-0300] {logging_mixin.py:188} INFO - [2024-07-07T14:04:30.834-0300] {override.py:1847} INFO - Created Permission View: can edit on DAG:example_python_decorator
[2024-07-07T14:04:30.835-0300] {logging_mixin.py:188} INFO - [2024-07-07T14:04:30.835-0300] {dag.py:3096} INFO - Sync 1 DAGs
[2024-07-07T14:04:30.858-0300] {logging_mixin.py:188} INFO - [2024-07-07T14:04:30.858-0300] {dag.py:3118} INFO - Creating ORM DAG for example_python_decorator
[2024-07-07T14:04:30.859-0300] {logging_mixin.py:188} INFO - [2024-07-07T14:04:30.859-0300] {dag.py:3954} INFO - Setting next_dagrun for example_python_decorator to None, run_after=None
[2024-07-07T14:04:30.959-0300] {processor.py:183} INFO - Processing /home/johnny/airflow_env/lib/python3.12/site-packages/airflow/example_dags/example_python_decorator.py took 0.339 seconds
[2024-07-07T14:05:37.411-0300] {processor.py:161} INFO - Started process (PID=3040) to work on /home/johnny/airflow_env/lib/python3.12/site-packages/airflow/example_dags/example_python_decorator.py
[2024-07-07T14:05:37.414-0300] {processor.py:830} INFO - Processing file /home/johnny/airflow_env/lib/python3.12/site-packages/airflow/example_dags/example_python_decorator.py for tasks to queue
[2024-07-07T14:05:37.417-0300] {logging_mixin.py:188} INFO - [2024-07-07T14:05:37.416-0300] {dagbag.py:545} INFO - Filling up the DagBag from /home/johnny/airflow_env/lib/python3.12/site-packages/airflow/example_dags/example_python_decorator.py
[2024-07-07T14:05:37.444-0300] {processor.py:840} INFO - DAG(s) 'example_python_decorator' retrieved from /home/johnny/airflow_env/lib/python3.12/site-packages/airflow/example_dags/example_python_decorator.py
[2024-07-07T14:05:37.477-0300] {logging_mixin.py:188} INFO - [2024-07-07T14:05:37.477-0300] {dag.py:3096} INFO - Sync 1 DAGs
[2024-07-07T14:05:37.501-0300] {logging_mixin.py:188} INFO - [2024-07-07T14:05:37.500-0300] {dag.py:3954} INFO - Setting next_dagrun for example_python_decorator to None, run_after=None
[2024-07-07T14:05:37.547-0300] {processor.py:183} INFO - Processing /home/johnny/airflow_env/lib/python3.12/site-packages/airflow/example_dags/example_python_decorator.py took 0.147 seconds
[2024-07-07T14:06:34.598-0300] {processor.py:161} INFO - Started process (PID=3091) to work on /home/johnny/airflow_env/lib/python3.12/site-packages/airflow/example_dags/example_python_decorator.py
[2024-07-07T14:06:34.601-0300] {processor.py:830} INFO - Processing file /home/johnny/airflow_env/lib/python3.12/site-packages/airflow/example_dags/example_python_decorator.py for tasks to queue
[2024-07-07T14:06:34.604-0300] {logging_mixin.py:188} INFO - [2024-07-07T14:06:34.603-0300] {dagbag.py:545} INFO - Filling up the DagBag from /home/johnny/airflow_env/lib/python3.12/site-packages/airflow/example_dags/example_python_decorator.py
[2024-07-07T14:06:34.631-0300] {processor.py:840} INFO - DAG(s) 'example_python_decorator' retrieved from /home/johnny/airflow_env/lib/python3.12/site-packages/airflow/example_dags/example_python_decorator.py
[2024-07-07T14:06:34.667-0300] {logging_mixin.py:188} INFO - [2024-07-07T14:06:34.666-0300] {dag.py:3096} INFO - Sync 1 DAGs
[2024-07-07T14:06:34.692-0300] {logging_mixin.py:188} INFO - [2024-07-07T14:06:34.692-0300] {dag.py:3954} INFO - Setting next_dagrun for example_python_decorator to None, run_after=None
[2024-07-07T14:06:34.740-0300] {processor.py:183} INFO - Processing /home/johnny/airflow_env/lib/python3.12/site-packages/airflow/example_dags/example_python_decorator.py took 0.152 seconds
[2024-07-07T14:07:31.213-0300] {processor.py:161} INFO - Started process (PID=3141) to work on /home/johnny/airflow_env/lib/python3.12/site-packages/airflow/example_dags/example_python_decorator.py
[2024-07-07T14:07:31.217-0300] {processor.py:830} INFO - Processing file /home/johnny/airflow_env/lib/python3.12/site-packages/airflow/example_dags/example_python_decorator.py for tasks to queue
[2024-07-07T14:07:31.221-0300] {logging_mixin.py:188} INFO - [2024-07-07T14:07:31.220-0300] {dagbag.py:545} INFO - Filling up the DagBag from /home/johnny/airflow_env/lib/python3.12/site-packages/airflow/example_dags/example_python_decorator.py
[2024-07-07T14:07:31.257-0300] {processor.py:840} INFO - DAG(s) 'example_python_decorator' retrieved from /home/johnny/airflow_env/lib/python3.12/site-packages/airflow/example_dags/example_python_decorator.py
[2024-07-07T14:07:31.309-0300] {logging_mixin.py:188} INFO - [2024-07-07T14:07:31.309-0300] {dag.py:3096} INFO - Sync 1 DAGs
[2024-07-07T14:07:31.327-0300] {logging_mixin.py:188} INFO - [2024-07-07T14:07:31.327-0300] {dag.py:3954} INFO - Setting next_dagrun for example_python_decorator to None, run_after=None
[2024-07-07T14:07:31.370-0300] {processor.py:183} INFO - Processing /home/johnny/airflow_env/lib/python3.12/site-packages/airflow/example_dags/example_python_decorator.py took 0.171 seconds
[2024-07-07T19:45:36.473-0300] {processor.py:161} INFO - Started process (PID=35281) to work on /home/johnny/airflow/lib/python3.12/site-packages/airflow/example_dags/example_python_decorator.py
[2024-07-07T19:45:36.478-0300] {processor.py:830} INFO - Processing file /home/johnny/airflow/lib/python3.12/site-packages/airflow/example_dags/example_python_decorator.py for tasks to queue
[2024-07-07T19:45:36.483-0300] {logging_mixin.py:188} INFO - [2024-07-07T19:45:36.482-0300] {dagbag.py:545} INFO - Filling up the DagBag from /home/johnny/airflow/lib/python3.12/site-packages/airflow/example_dags/example_python_decorator.py
[2024-07-07T19:45:36.523-0300] {processor.py:840} INFO - DAG(s) 'example_python_decorator' retrieved from /home/johnny/airflow/lib/python3.12/site-packages/airflow/example_dags/example_python_decorator.py
[2024-07-07T19:45:36.756-0300] {logging_mixin.py:188} INFO - [2024-07-07T19:45:36.755-0300] {dag.py:3096} INFO - Sync 1 DAGs
[2024-07-07T19:45:36.784-0300] {logging_mixin.py:188} INFO - [2024-07-07T19:45:36.783-0300] {dag.py:3954} INFO - Setting next_dagrun for example_python_decorator to None, run_after=None
[2024-07-07T19:45:37.024-0300] {processor.py:183} INFO - Processing /home/johnny/airflow/lib/python3.12/site-packages/airflow/example_dags/example_python_decorator.py took 0.563 seconds
[2024-07-07T19:46:45.630-0300] {processor.py:161} INFO - Started process (PID=35443) to work on /home/johnny/airflow/lib/python3.12/site-packages/airflow/example_dags/example_python_decorator.py
[2024-07-07T19:46:45.633-0300] {processor.py:830} INFO - Processing file /home/johnny/airflow/lib/python3.12/site-packages/airflow/example_dags/example_python_decorator.py for tasks to queue
[2024-07-07T19:46:45.638-0300] {logging_mixin.py:188} INFO - [2024-07-07T19:46:45.637-0300] {dagbag.py:545} INFO - Filling up the DagBag from /home/johnny/airflow/lib/python3.12/site-packages/airflow/example_dags/example_python_decorator.py
[2024-07-07T19:46:45.670-0300] {processor.py:840} INFO - DAG(s) 'example_python_decorator' retrieved from /home/johnny/airflow/lib/python3.12/site-packages/airflow/example_dags/example_python_decorator.py
[2024-07-07T19:46:45.700-0300] {logging_mixin.py:188} INFO - [2024-07-07T19:46:45.699-0300] {dag.py:3096} INFO - Sync 1 DAGs
[2024-07-07T19:46:45.720-0300] {logging_mixin.py:188} INFO - [2024-07-07T19:46:45.719-0300] {dag.py:3954} INFO - Setting next_dagrun for example_python_decorator to None, run_after=None
[2024-07-07T19:46:45.767-0300] {processor.py:183} INFO - Processing /home/johnny/airflow/lib/python3.12/site-packages/airflow/example_dags/example_python_decorator.py took 0.151 seconds
[2024-07-07T19:48:00.646-0300] {processor.py:161} INFO - Started process (PID=35652) to work on /home/johnny/airflow/lib/python3.12/site-packages/airflow/example_dags/example_python_decorator.py
[2024-07-07T19:48:00.649-0300] {processor.py:830} INFO - Processing file /home/johnny/airflow/lib/python3.12/site-packages/airflow/example_dags/example_python_decorator.py for tasks to queue
[2024-07-07T19:48:00.653-0300] {logging_mixin.py:188} INFO - [2024-07-07T19:48:00.652-0300] {dagbag.py:545} INFO - Filling up the DagBag from /home/johnny/airflow/lib/python3.12/site-packages/airflow/example_dags/example_python_decorator.py
[2024-07-07T19:48:00.685-0300] {processor.py:840} INFO - DAG(s) 'example_python_decorator' retrieved from /home/johnny/airflow/lib/python3.12/site-packages/airflow/example_dags/example_python_decorator.py
[2024-07-07T19:48:00.724-0300] {logging_mixin.py:188} INFO - [2024-07-07T19:48:00.723-0300] {dag.py:3096} INFO - Sync 1 DAGs
[2024-07-07T19:48:00.751-0300] {logging_mixin.py:188} INFO - [2024-07-07T19:48:00.750-0300] {dag.py:3954} INFO - Setting next_dagrun for example_python_decorator to None, run_after=None
[2024-07-07T19:48:00.792-0300] {processor.py:183} INFO - Processing /home/johnny/airflow/lib/python3.12/site-packages/airflow/example_dags/example_python_decorator.py took 0.160 seconds
[2024-07-07T19:49:06.467-0300] {processor.py:161} INFO - Started process (PID=35852) to work on /home/johnny/airflow/lib/python3.12/site-packages/airflow/example_dags/example_python_decorator.py
[2024-07-07T19:49:06.470-0300] {processor.py:830} INFO - Processing file /home/johnny/airflow/lib/python3.12/site-packages/airflow/example_dags/example_python_decorator.py for tasks to queue
[2024-07-07T19:49:06.475-0300] {logging_mixin.py:188} INFO - [2024-07-07T19:49:06.474-0300] {dagbag.py:545} INFO - Filling up the DagBag from /home/johnny/airflow/lib/python3.12/site-packages/airflow/example_dags/example_python_decorator.py
[2024-07-07T19:49:06.505-0300] {processor.py:840} INFO - DAG(s) 'example_python_decorator' retrieved from /home/johnny/airflow/lib/python3.12/site-packages/airflow/example_dags/example_python_decorator.py
[2024-07-07T19:49:06.543-0300] {logging_mixin.py:188} INFO - [2024-07-07T19:49:06.542-0300] {dag.py:3096} INFO - Sync 1 DAGs
[2024-07-07T19:49:06.584-0300] {logging_mixin.py:188} INFO - [2024-07-07T19:49:06.583-0300] {dag.py:3954} INFO - Setting next_dagrun for example_python_decorator to None, run_after=None
[2024-07-07T19:49:06.635-0300] {processor.py:183} INFO - Processing /home/johnny/airflow/lib/python3.12/site-packages/airflow/example_dags/example_python_decorator.py took 0.181 seconds
[2024-07-07T19:50:10.809-0300] {processor.py:161} INFO - Started process (PID=36033) to work on /home/johnny/airflow/lib/python3.12/site-packages/airflow/example_dags/example_python_decorator.py
[2024-07-07T19:50:10.811-0300] {processor.py:830} INFO - Processing file /home/johnny/airflow/lib/python3.12/site-packages/airflow/example_dags/example_python_decorator.py for tasks to queue
[2024-07-07T19:50:10.819-0300] {logging_mixin.py:188} INFO - [2024-07-07T19:50:10.818-0300] {dagbag.py:545} INFO - Filling up the DagBag from /home/johnny/airflow/lib/python3.12/site-packages/airflow/example_dags/example_python_decorator.py
[2024-07-07T19:50:10.861-0300] {processor.py:840} INFO - DAG(s) 'example_python_decorator' retrieved from /home/johnny/airflow/lib/python3.12/site-packages/airflow/example_dags/example_python_decorator.py
[2024-07-07T19:50:10.933-0300] {logging_mixin.py:188} INFO - [2024-07-07T19:50:10.932-0300] {dag.py:3096} INFO - Sync 1 DAGs
[2024-07-07T19:50:10.966-0300] {logging_mixin.py:188} INFO - [2024-07-07T19:50:10.966-0300] {dag.py:3954} INFO - Setting next_dagrun for example_python_decorator to None, run_after=None
[2024-07-07T19:50:11.013-0300] {processor.py:183} INFO - Processing /home/johnny/airflow/lib/python3.12/site-packages/airflow/example_dags/example_python_decorator.py took 0.217 seconds
[2024-07-07T19:51:24.282-0300] {processor.py:161} INFO - Started process (PID=36232) to work on /home/johnny/airflow/lib/python3.12/site-packages/airflow/example_dags/example_python_decorator.py
[2024-07-07T19:51:24.289-0300] {processor.py:830} INFO - Processing file /home/johnny/airflow/lib/python3.12/site-packages/airflow/example_dags/example_python_decorator.py for tasks to queue
[2024-07-07T19:51:24.292-0300] {logging_mixin.py:188} INFO - [2024-07-07T19:51:24.291-0300] {dagbag.py:545} INFO - Filling up the DagBag from /home/johnny/airflow/lib/python3.12/site-packages/airflow/example_dags/example_python_decorator.py
[2024-07-07T19:51:24.322-0300] {processor.py:840} INFO - DAG(s) 'example_python_decorator' retrieved from /home/johnny/airflow/lib/python3.12/site-packages/airflow/example_dags/example_python_decorator.py
[2024-07-07T19:51:24.372-0300] {logging_mixin.py:188} INFO - [2024-07-07T19:51:24.366-0300] {dag.py:3096} INFO - Sync 1 DAGs
[2024-07-07T19:51:24.417-0300] {logging_mixin.py:188} INFO - [2024-07-07T19:51:24.416-0300] {dag.py:3954} INFO - Setting next_dagrun for example_python_decorator to None, run_after=None
[2024-07-07T19:51:24.499-0300] {processor.py:183} INFO - Processing /home/johnny/airflow/lib/python3.12/site-packages/airflow/example_dags/example_python_decorator.py took 0.228 seconds
[2024-07-07T19:52:33.845-0300] {processor.py:161} INFO - Started process (PID=36417) to work on /home/johnny/airflow/lib/python3.12/site-packages/airflow/example_dags/example_python_decorator.py
[2024-07-07T19:52:33.851-0300] {processor.py:830} INFO - Processing file /home/johnny/airflow/lib/python3.12/site-packages/airflow/example_dags/example_python_decorator.py for tasks to queue
[2024-07-07T19:52:33.855-0300] {logging_mixin.py:188} INFO - [2024-07-07T19:52:33.854-0300] {dagbag.py:545} INFO - Filling up the DagBag from /home/johnny/airflow/lib/python3.12/site-packages/airflow/example_dags/example_python_decorator.py
[2024-07-07T19:52:33.890-0300] {processor.py:840} INFO - DAG(s) 'example_python_decorator' retrieved from /home/johnny/airflow/lib/python3.12/site-packages/airflow/example_dags/example_python_decorator.py
[2024-07-07T19:52:33.933-0300] {logging_mixin.py:188} INFO - [2024-07-07T19:52:33.932-0300] {dag.py:3096} INFO - Sync 1 DAGs
[2024-07-07T19:52:33.965-0300] {logging_mixin.py:188} INFO - [2024-07-07T19:52:33.964-0300] {dag.py:3954} INFO - Setting next_dagrun for example_python_decorator to None, run_after=None
[2024-07-07T19:52:34.072-0300] {processor.py:183} INFO - Processing /home/johnny/airflow/lib/python3.12/site-packages/airflow/example_dags/example_python_decorator.py took 0.240 seconds
[2024-07-07T19:53:45.449-0300] {processor.py:161} INFO - Started process (PID=36620) to work on /home/johnny/airflow/lib/python3.12/site-packages/airflow/example_dags/example_python_decorator.py
[2024-07-07T19:53:45.451-0300] {processor.py:830} INFO - Processing file /home/johnny/airflow/lib/python3.12/site-packages/airflow/example_dags/example_python_decorator.py for tasks to queue
[2024-07-07T19:53:45.454-0300] {logging_mixin.py:188} INFO - [2024-07-07T19:53:45.453-0300] {dagbag.py:545} INFO - Filling up the DagBag from /home/johnny/airflow/lib/python3.12/site-packages/airflow/example_dags/example_python_decorator.py
[2024-07-07T19:53:45.476-0300] {processor.py:840} INFO - DAG(s) 'example_python_decorator' retrieved from /home/johnny/airflow/lib/python3.12/site-packages/airflow/example_dags/example_python_decorator.py
[2024-07-07T19:53:45.517-0300] {logging_mixin.py:188} INFO - [2024-07-07T19:53:45.516-0300] {dag.py:3096} INFO - Sync 1 DAGs
[2024-07-07T19:53:45.576-0300] {logging_mixin.py:188} INFO - [2024-07-07T19:53:45.575-0300] {dag.py:3954} INFO - Setting next_dagrun for example_python_decorator to None, run_after=None
[2024-07-07T19:53:45.621-0300] {processor.py:183} INFO - Processing /home/johnny/airflow/lib/python3.12/site-packages/airflow/example_dags/example_python_decorator.py took 0.180 seconds
[2024-07-07T19:54:52.998-0300] {processor.py:161} INFO - Started process (PID=36803) to work on /home/johnny/airflow/lib/python3.12/site-packages/airflow/example_dags/example_python_decorator.py
[2024-07-07T19:54:53.005-0300] {processor.py:830} INFO - Processing file /home/johnny/airflow/lib/python3.12/site-packages/airflow/example_dags/example_python_decorator.py for tasks to queue
[2024-07-07T19:54:53.007-0300] {logging_mixin.py:188} INFO - [2024-07-07T19:54:53.006-0300] {dagbag.py:545} INFO - Filling up the DagBag from /home/johnny/airflow/lib/python3.12/site-packages/airflow/example_dags/example_python_decorator.py
[2024-07-07T19:54:53.039-0300] {processor.py:840} INFO - DAG(s) 'example_python_decorator' retrieved from /home/johnny/airflow/lib/python3.12/site-packages/airflow/example_dags/example_python_decorator.py
[2024-07-07T19:54:53.080-0300] {logging_mixin.py:188} INFO - [2024-07-07T19:54:53.080-0300] {dag.py:3096} INFO - Sync 1 DAGs
[2024-07-07T19:54:53.111-0300] {logging_mixin.py:188} INFO - [2024-07-07T19:54:53.110-0300] {dag.py:3954} INFO - Setting next_dagrun for example_python_decorator to None, run_after=None
[2024-07-07T19:54:53.162-0300] {processor.py:183} INFO - Processing /home/johnny/airflow/lib/python3.12/site-packages/airflow/example_dags/example_python_decorator.py took 0.177 seconds
[2024-07-07T19:56:04.372-0300] {processor.py:161} INFO - Started process (PID=36992) to work on /home/johnny/airflow/lib/python3.12/site-packages/airflow/example_dags/example_python_decorator.py
[2024-07-07T19:56:04.378-0300] {processor.py:830} INFO - Processing file /home/johnny/airflow/lib/python3.12/site-packages/airflow/example_dags/example_python_decorator.py for tasks to queue
[2024-07-07T19:56:04.381-0300] {logging_mixin.py:188} INFO - [2024-07-07T19:56:04.380-0300] {dagbag.py:545} INFO - Filling up the DagBag from /home/johnny/airflow/lib/python3.12/site-packages/airflow/example_dags/example_python_decorator.py
[2024-07-07T19:56:04.415-0300] {processor.py:840} INFO - DAG(s) 'example_python_decorator' retrieved from /home/johnny/airflow/lib/python3.12/site-packages/airflow/example_dags/example_python_decorator.py
[2024-07-07T19:56:04.451-0300] {logging_mixin.py:188} INFO - [2024-07-07T19:56:04.450-0300] {dag.py:3096} INFO - Sync 1 DAGs
[2024-07-07T19:56:04.482-0300] {logging_mixin.py:188} INFO - [2024-07-07T19:56:04.481-0300] {dag.py:3954} INFO - Setting next_dagrun for example_python_decorator to None, run_after=None
[2024-07-07T19:56:04.578-0300] {processor.py:183} INFO - Processing /home/johnny/airflow/lib/python3.12/site-packages/airflow/example_dags/example_python_decorator.py took 0.221 seconds
[2024-07-07T19:57:19.147-0300] {processor.py:161} INFO - Started process (PID=37193) to work on /home/johnny/airflow/lib/python3.12/site-packages/airflow/example_dags/example_python_decorator.py
[2024-07-07T19:57:19.153-0300] {processor.py:830} INFO - Processing file /home/johnny/airflow/lib/python3.12/site-packages/airflow/example_dags/example_python_decorator.py for tasks to queue
[2024-07-07T19:57:19.155-0300] {logging_mixin.py:188} INFO - [2024-07-07T19:57:19.155-0300] {dagbag.py:545} INFO - Filling up the DagBag from /home/johnny/airflow/lib/python3.12/site-packages/airflow/example_dags/example_python_decorator.py
[2024-07-07T19:57:19.187-0300] {processor.py:840} INFO - DAG(s) 'example_python_decorator' retrieved from /home/johnny/airflow/lib/python3.12/site-packages/airflow/example_dags/example_python_decorator.py
[2024-07-07T19:57:19.227-0300] {logging_mixin.py:188} INFO - [2024-07-07T19:57:19.226-0300] {dag.py:3096} INFO - Sync 1 DAGs
[2024-07-07T19:57:19.257-0300] {logging_mixin.py:188} INFO - [2024-07-07T19:57:19.257-0300] {dag.py:3954} INFO - Setting next_dagrun for example_python_decorator to None, run_after=None
[2024-07-07T19:57:19.319-0300] {processor.py:183} INFO - Processing /home/johnny/airflow/lib/python3.12/site-packages/airflow/example_dags/example_python_decorator.py took 0.183 seconds
[2024-07-07T19:58:31.128-0300] {processor.py:161} INFO - Started process (PID=37403) to work on /home/johnny/airflow/lib/python3.12/site-packages/airflow/example_dags/example_python_decorator.py
[2024-07-07T19:58:31.131-0300] {processor.py:830} INFO - Processing file /home/johnny/airflow/lib/python3.12/site-packages/airflow/example_dags/example_python_decorator.py for tasks to queue
[2024-07-07T19:58:31.134-0300] {logging_mixin.py:188} INFO - [2024-07-07T19:58:31.133-0300] {dagbag.py:545} INFO - Filling up the DagBag from /home/johnny/airflow/lib/python3.12/site-packages/airflow/example_dags/example_python_decorator.py
[2024-07-07T19:58:31.170-0300] {processor.py:840} INFO - DAG(s) 'example_python_decorator' retrieved from /home/johnny/airflow/lib/python3.12/site-packages/airflow/example_dags/example_python_decorator.py
[2024-07-07T19:58:31.231-0300] {logging_mixin.py:188} INFO - [2024-07-07T19:58:31.230-0300] {dag.py:3096} INFO - Sync 1 DAGs
[2024-07-07T19:58:31.277-0300] {logging_mixin.py:188} INFO - [2024-07-07T19:58:31.276-0300] {dag.py:3954} INFO - Setting next_dagrun for example_python_decorator to None, run_after=None
[2024-07-07T19:58:31.346-0300] {processor.py:183} INFO - Processing /home/johnny/airflow/lib/python3.12/site-packages/airflow/example_dags/example_python_decorator.py took 0.234 seconds
[2024-07-07T19:59:34.698-0300] {processor.py:161} INFO - Started process (PID=37581) to work on /home/johnny/airflow/lib/python3.12/site-packages/airflow/example_dags/example_python_decorator.py
[2024-07-07T19:59:34.705-0300] {processor.py:830} INFO - Processing file /home/johnny/airflow/lib/python3.12/site-packages/airflow/example_dags/example_python_decorator.py for tasks to queue
[2024-07-07T19:59:34.707-0300] {logging_mixin.py:188} INFO - [2024-07-07T19:59:34.706-0300] {dagbag.py:545} INFO - Filling up the DagBag from /home/johnny/airflow/lib/python3.12/site-packages/airflow/example_dags/example_python_decorator.py
[2024-07-07T19:59:34.736-0300] {processor.py:840} INFO - DAG(s) 'example_python_decorator' retrieved from /home/johnny/airflow/lib/python3.12/site-packages/airflow/example_dags/example_python_decorator.py
[2024-07-07T19:59:34.773-0300] {logging_mixin.py:188} INFO - [2024-07-07T19:59:34.771-0300] {dag.py:3096} INFO - Sync 1 DAGs
[2024-07-07T19:59:34.814-0300] {logging_mixin.py:188} INFO - [2024-07-07T19:59:34.814-0300] {dag.py:3954} INFO - Setting next_dagrun for example_python_decorator to None, run_after=None
[2024-07-07T19:59:34.864-0300] {processor.py:183} INFO - Processing /home/johnny/airflow/lib/python3.12/site-packages/airflow/example_dags/example_python_decorator.py took 0.178 seconds
[2024-07-07T20:00:39.184-0300] {processor.py:161} INFO - Started process (PID=37760) to work on /home/johnny/airflow/lib/python3.12/site-packages/airflow/example_dags/example_python_decorator.py
[2024-07-07T20:00:39.187-0300] {processor.py:830} INFO - Processing file /home/johnny/airflow/lib/python3.12/site-packages/airflow/example_dags/example_python_decorator.py for tasks to queue
[2024-07-07T20:00:39.190-0300] {logging_mixin.py:188} INFO - [2024-07-07T20:00:39.188-0300] {dagbag.py:545} INFO - Filling up the DagBag from /home/johnny/airflow/lib/python3.12/site-packages/airflow/example_dags/example_python_decorator.py
[2024-07-07T20:00:39.225-0300] {processor.py:840} INFO - DAG(s) 'example_python_decorator' retrieved from /home/johnny/airflow/lib/python3.12/site-packages/airflow/example_dags/example_python_decorator.py
[2024-07-07T20:00:39.264-0300] {logging_mixin.py:188} INFO - [2024-07-07T20:00:39.263-0300] {dag.py:3096} INFO - Sync 1 DAGs
[2024-07-07T20:00:39.290-0300] {logging_mixin.py:188} INFO - [2024-07-07T20:00:39.289-0300] {dag.py:3954} INFO - Setting next_dagrun for example_python_decorator to None, run_after=None
[2024-07-07T20:00:39.341-0300] {processor.py:183} INFO - Processing /home/johnny/airflow/lib/python3.12/site-packages/airflow/example_dags/example_python_decorator.py took 0.169 seconds
[2024-07-07T20:01:46.188-0300] {processor.py:161} INFO - Started process (PID=37943) to work on /home/johnny/airflow/lib/python3.12/site-packages/airflow/example_dags/example_python_decorator.py
[2024-07-07T20:01:46.193-0300] {processor.py:830} INFO - Processing file /home/johnny/airflow/lib/python3.12/site-packages/airflow/example_dags/example_python_decorator.py for tasks to queue
[2024-07-07T20:01:46.196-0300] {logging_mixin.py:188} INFO - [2024-07-07T20:01:46.195-0300] {dagbag.py:545} INFO - Filling up the DagBag from /home/johnny/airflow/lib/python3.12/site-packages/airflow/example_dags/example_python_decorator.py
[2024-07-07T20:01:46.227-0300] {processor.py:840} INFO - DAG(s) 'example_python_decorator' retrieved from /home/johnny/airflow/lib/python3.12/site-packages/airflow/example_dags/example_python_decorator.py
[2024-07-07T20:01:46.260-0300] {logging_mixin.py:188} INFO - [2024-07-07T20:01:46.259-0300] {dag.py:3096} INFO - Sync 1 DAGs
[2024-07-07T20:01:46.279-0300] {logging_mixin.py:188} INFO - [2024-07-07T20:01:46.279-0300] {dag.py:3954} INFO - Setting next_dagrun for example_python_decorator to None, run_after=None
[2024-07-07T20:01:46.319-0300] {processor.py:183} INFO - Processing /home/johnny/airflow/lib/python3.12/site-packages/airflow/example_dags/example_python_decorator.py took 0.144 seconds
[2024-07-07T20:02:51.559-0300] {processor.py:161} INFO - Started process (PID=38121) to work on /home/johnny/airflow/lib/python3.12/site-packages/airflow/example_dags/example_python_decorator.py
[2024-07-07T20:02:51.562-0300] {processor.py:830} INFO - Processing file /home/johnny/airflow/lib/python3.12/site-packages/airflow/example_dags/example_python_decorator.py for tasks to queue
[2024-07-07T20:02:51.566-0300] {logging_mixin.py:188} INFO - [2024-07-07T20:02:51.564-0300] {dagbag.py:545} INFO - Filling up the DagBag from /home/johnny/airflow/lib/python3.12/site-packages/airflow/example_dags/example_python_decorator.py
[2024-07-07T20:02:51.602-0300] {processor.py:840} INFO - DAG(s) 'example_python_decorator' retrieved from /home/johnny/airflow/lib/python3.12/site-packages/airflow/example_dags/example_python_decorator.py
[2024-07-07T20:02:51.662-0300] {logging_mixin.py:188} INFO - [2024-07-07T20:02:51.661-0300] {dag.py:3096} INFO - Sync 1 DAGs
[2024-07-07T20:02:51.689-0300] {logging_mixin.py:188} INFO - [2024-07-07T20:02:51.688-0300] {dag.py:3954} INFO - Setting next_dagrun for example_python_decorator to None, run_after=None
[2024-07-07T20:02:51.742-0300] {processor.py:183} INFO - Processing /home/johnny/airflow/lib/python3.12/site-packages/airflow/example_dags/example_python_decorator.py took 0.198 seconds
[2024-07-07T20:04:14.897-0300] {processor.py:161} INFO - Started process (PID=38353) to work on /home/johnny/airflow/lib/python3.12/site-packages/airflow/example_dags/example_python_decorator.py
[2024-07-07T20:04:14.901-0300] {processor.py:830} INFO - Processing file /home/johnny/airflow/lib/python3.12/site-packages/airflow/example_dags/example_python_decorator.py for tasks to queue
[2024-07-07T20:04:14.905-0300] {logging_mixin.py:188} INFO - [2024-07-07T20:04:14.903-0300] {dagbag.py:545} INFO - Filling up the DagBag from /home/johnny/airflow/lib/python3.12/site-packages/airflow/example_dags/example_python_decorator.py
[2024-07-07T20:04:14.953-0300] {processor.py:840} INFO - DAG(s) 'example_python_decorator' retrieved from /home/johnny/airflow/lib/python3.12/site-packages/airflow/example_dags/example_python_decorator.py
[2024-07-07T20:04:14.992-0300] {logging_mixin.py:188} INFO - [2024-07-07T20:04:14.992-0300] {dag.py:3096} INFO - Sync 1 DAGs
[2024-07-07T20:04:15.018-0300] {logging_mixin.py:188} INFO - [2024-07-07T20:04:15.018-0300] {dag.py:3954} INFO - Setting next_dagrun for example_python_decorator to None, run_after=None
[2024-07-07T20:04:15.094-0300] {processor.py:183} INFO - Processing /home/johnny/airflow/lib/python3.12/site-packages/airflow/example_dags/example_python_decorator.py took 0.214 seconds
[2024-07-07T20:05:22.770-0300] {processor.py:161} INFO - Started process (PID=38536) to work on /home/johnny/airflow/lib/python3.12/site-packages/airflow/example_dags/example_python_decorator.py
[2024-07-07T20:05:22.773-0300] {processor.py:830} INFO - Processing file /home/johnny/airflow/lib/python3.12/site-packages/airflow/example_dags/example_python_decorator.py for tasks to queue
[2024-07-07T20:05:22.774-0300] {logging_mixin.py:188} INFO - [2024-07-07T20:05:22.774-0300] {dagbag.py:545} INFO - Filling up the DagBag from /home/johnny/airflow/lib/python3.12/site-packages/airflow/example_dags/example_python_decorator.py
[2024-07-07T20:05:22.800-0300] {processor.py:840} INFO - DAG(s) 'example_python_decorator' retrieved from /home/johnny/airflow/lib/python3.12/site-packages/airflow/example_dags/example_python_decorator.py
[2024-07-07T20:05:22.822-0300] {logging_mixin.py:188} INFO - [2024-07-07T20:05:22.822-0300] {dag.py:3096} INFO - Sync 1 DAGs
[2024-07-07T20:05:22.842-0300] {logging_mixin.py:188} INFO - [2024-07-07T20:05:22.841-0300] {dag.py:3954} INFO - Setting next_dagrun for example_python_decorator to None, run_after=None
[2024-07-07T20:05:22.885-0300] {processor.py:183} INFO - Processing /home/johnny/airflow/lib/python3.12/site-packages/airflow/example_dags/example_python_decorator.py took 0.126 seconds
[2024-07-07T20:06:22.899-0300] {processor.py:161} INFO - Started process (PID=38708) to work on /home/johnny/airflow/lib/python3.12/site-packages/airflow/example_dags/example_python_decorator.py
[2024-07-07T20:06:22.902-0300] {processor.py:830} INFO - Processing file /home/johnny/airflow/lib/python3.12/site-packages/airflow/example_dags/example_python_decorator.py for tasks to queue
[2024-07-07T20:06:22.904-0300] {logging_mixin.py:188} INFO - [2024-07-07T20:06:22.903-0300] {dagbag.py:545} INFO - Filling up the DagBag from /home/johnny/airflow/lib/python3.12/site-packages/airflow/example_dags/example_python_decorator.py
[2024-07-07T20:06:22.932-0300] {processor.py:840} INFO - DAG(s) 'example_python_decorator' retrieved from /home/johnny/airflow/lib/python3.12/site-packages/airflow/example_dags/example_python_decorator.py
[2024-07-07T20:06:22.965-0300] {logging_mixin.py:188} INFO - [2024-07-07T20:06:22.965-0300] {dag.py:3096} INFO - Sync 1 DAGs
[2024-07-07T20:06:22.993-0300] {logging_mixin.py:188} INFO - [2024-07-07T20:06:22.993-0300] {dag.py:3954} INFO - Setting next_dagrun for example_python_decorator to None, run_after=None
[2024-07-07T20:06:23.038-0300] {processor.py:183} INFO - Processing /home/johnny/airflow/lib/python3.12/site-packages/airflow/example_dags/example_python_decorator.py took 0.150 seconds
[2024-07-07T20:07:28.649-0300] {processor.py:161} INFO - Started process (PID=38887) to work on /home/johnny/airflow/lib/python3.12/site-packages/airflow/example_dags/example_python_decorator.py
[2024-07-07T20:07:28.655-0300] {processor.py:830} INFO - Processing file /home/johnny/airflow/lib/python3.12/site-packages/airflow/example_dags/example_python_decorator.py for tasks to queue
[2024-07-07T20:07:28.658-0300] {logging_mixin.py:188} INFO - [2024-07-07T20:07:28.657-0300] {dagbag.py:545} INFO - Filling up the DagBag from /home/johnny/airflow/lib/python3.12/site-packages/airflow/example_dags/example_python_decorator.py
[2024-07-07T20:07:28.688-0300] {processor.py:840} INFO - DAG(s) 'example_python_decorator' retrieved from /home/johnny/airflow/lib/python3.12/site-packages/airflow/example_dags/example_python_decorator.py
[2024-07-07T20:07:28.726-0300] {logging_mixin.py:188} INFO - [2024-07-07T20:07:28.726-0300] {dag.py:3096} INFO - Sync 1 DAGs
[2024-07-07T20:07:28.757-0300] {logging_mixin.py:188} INFO - [2024-07-07T20:07:28.757-0300] {dag.py:3954} INFO - Setting next_dagrun for example_python_decorator to None, run_after=None
[2024-07-07T20:07:28.806-0300] {processor.py:183} INFO - Processing /home/johnny/airflow/lib/python3.12/site-packages/airflow/example_dags/example_python_decorator.py took 0.168 seconds
[2024-07-07T20:08:42.267-0300] {processor.py:161} INFO - Started process (PID=39093) to work on /home/johnny/airflow/lib/python3.12/site-packages/airflow/example_dags/example_python_decorator.py
[2024-07-07T20:08:42.270-0300] {processor.py:830} INFO - Processing file /home/johnny/airflow/lib/python3.12/site-packages/airflow/example_dags/example_python_decorator.py for tasks to queue
[2024-07-07T20:08:42.274-0300] {logging_mixin.py:188} INFO - [2024-07-07T20:08:42.272-0300] {dagbag.py:545} INFO - Filling up the DagBag from /home/johnny/airflow/lib/python3.12/site-packages/airflow/example_dags/example_python_decorator.py
[2024-07-07T20:08:42.321-0300] {processor.py:840} INFO - DAG(s) 'example_python_decorator' retrieved from /home/johnny/airflow/lib/python3.12/site-packages/airflow/example_dags/example_python_decorator.py
[2024-07-07T20:08:42.371-0300] {logging_mixin.py:188} INFO - [2024-07-07T20:08:42.370-0300] {dag.py:3096} INFO - Sync 1 DAGs
[2024-07-07T20:08:42.393-0300] {logging_mixin.py:188} INFO - [2024-07-07T20:08:42.392-0300] {dag.py:3954} INFO - Setting next_dagrun for example_python_decorator to None, run_after=None
[2024-07-07T20:08:42.433-0300] {processor.py:183} INFO - Processing /home/johnny/airflow/lib/python3.12/site-packages/airflow/example_dags/example_python_decorator.py took 0.182 seconds
[2024-07-07T20:09:49.859-0300] {processor.py:161} INFO - Started process (PID=39282) to work on /home/johnny/airflow/lib/python3.12/site-packages/airflow/example_dags/example_python_decorator.py
[2024-07-07T20:09:49.864-0300] {processor.py:830} INFO - Processing file /home/johnny/airflow/lib/python3.12/site-packages/airflow/example_dags/example_python_decorator.py for tasks to queue
[2024-07-07T20:09:49.866-0300] {logging_mixin.py:188} INFO - [2024-07-07T20:09:49.865-0300] {dagbag.py:545} INFO - Filling up the DagBag from /home/johnny/airflow/lib/python3.12/site-packages/airflow/example_dags/example_python_decorator.py
[2024-07-07T20:09:49.894-0300] {processor.py:840} INFO - DAG(s) 'example_python_decorator' retrieved from /home/johnny/airflow/lib/python3.12/site-packages/airflow/example_dags/example_python_decorator.py
[2024-07-07T20:09:49.922-0300] {logging_mixin.py:188} INFO - [2024-07-07T20:09:49.922-0300] {dag.py:3096} INFO - Sync 1 DAGs
[2024-07-07T20:09:49.938-0300] {logging_mixin.py:188} INFO - [2024-07-07T20:09:49.938-0300] {dag.py:3954} INFO - Setting next_dagrun for example_python_decorator to None, run_after=None
[2024-07-07T20:09:49.968-0300] {processor.py:183} INFO - Processing /home/johnny/airflow/lib/python3.12/site-packages/airflow/example_dags/example_python_decorator.py took 0.121 seconds
[2024-07-07T20:10:57.153-0300] {processor.py:161} INFO - Started process (PID=39461) to work on /home/johnny/airflow/lib/python3.12/site-packages/airflow/example_dags/example_python_decorator.py
[2024-07-07T20:10:57.156-0300] {processor.py:830} INFO - Processing file /home/johnny/airflow/lib/python3.12/site-packages/airflow/example_dags/example_python_decorator.py for tasks to queue
[2024-07-07T20:10:57.159-0300] {logging_mixin.py:188} INFO - [2024-07-07T20:10:57.158-0300] {dagbag.py:545} INFO - Filling up the DagBag from /home/johnny/airflow/lib/python3.12/site-packages/airflow/example_dags/example_python_decorator.py
[2024-07-07T20:10:57.191-0300] {processor.py:840} INFO - DAG(s) 'example_python_decorator' retrieved from /home/johnny/airflow/lib/python3.12/site-packages/airflow/example_dags/example_python_decorator.py
[2024-07-07T20:10:57.221-0300] {logging_mixin.py:188} INFO - [2024-07-07T20:10:57.221-0300] {dag.py:3096} INFO - Sync 1 DAGs
[2024-07-07T20:10:57.242-0300] {logging_mixin.py:188} INFO - [2024-07-07T20:10:57.242-0300] {dag.py:3954} INFO - Setting next_dagrun for example_python_decorator to None, run_after=None
[2024-07-07T20:10:57.296-0300] {processor.py:183} INFO - Processing /home/johnny/airflow/lib/python3.12/site-packages/airflow/example_dags/example_python_decorator.py took 0.156 seconds
[2024-07-07T20:11:56.313-0300] {processor.py:161} INFO - Started process (PID=39628) to work on /home/johnny/airflow/lib/python3.12/site-packages/airflow/example_dags/example_python_decorator.py
[2024-07-07T20:11:56.316-0300] {processor.py:830} INFO - Processing file /home/johnny/airflow/lib/python3.12/site-packages/airflow/example_dags/example_python_decorator.py for tasks to queue
[2024-07-07T20:11:56.319-0300] {logging_mixin.py:188} INFO - [2024-07-07T20:11:56.318-0300] {dagbag.py:545} INFO - Filling up the DagBag from /home/johnny/airflow/lib/python3.12/site-packages/airflow/example_dags/example_python_decorator.py
[2024-07-07T20:11:56.351-0300] {processor.py:840} INFO - DAG(s) 'example_python_decorator' retrieved from /home/johnny/airflow/lib/python3.12/site-packages/airflow/example_dags/example_python_decorator.py
[2024-07-07T20:11:56.388-0300] {logging_mixin.py:188} INFO - [2024-07-07T20:11:56.387-0300] {dag.py:3096} INFO - Sync 1 DAGs
[2024-07-07T20:11:56.425-0300] {logging_mixin.py:188} INFO - [2024-07-07T20:11:56.424-0300] {dag.py:3954} INFO - Setting next_dagrun for example_python_decorator to None, run_after=None
[2024-07-07T20:11:56.469-0300] {processor.py:183} INFO - Processing /home/johnny/airflow/lib/python3.12/site-packages/airflow/example_dags/example_python_decorator.py took 0.177 seconds
[2024-07-07T20:13:00.648-0300] {processor.py:161} INFO - Started process (PID=39804) to work on /home/johnny/airflow/lib/python3.12/site-packages/airflow/example_dags/example_python_decorator.py
[2024-07-07T20:13:00.651-0300] {processor.py:830} INFO - Processing file /home/johnny/airflow/lib/python3.12/site-packages/airflow/example_dags/example_python_decorator.py for tasks to queue
[2024-07-07T20:13:00.653-0300] {logging_mixin.py:188} INFO - [2024-07-07T20:13:00.652-0300] {dagbag.py:545} INFO - Filling up the DagBag from /home/johnny/airflow/lib/python3.12/site-packages/airflow/example_dags/example_python_decorator.py
[2024-07-07T20:13:00.682-0300] {processor.py:840} INFO - DAG(s) 'example_python_decorator' retrieved from /home/johnny/airflow/lib/python3.12/site-packages/airflow/example_dags/example_python_decorator.py
[2024-07-07T20:13:00.721-0300] {logging_mixin.py:188} INFO - [2024-07-07T20:13:00.720-0300] {dag.py:3096} INFO - Sync 1 DAGs
[2024-07-07T20:13:00.753-0300] {logging_mixin.py:188} INFO - [2024-07-07T20:13:00.753-0300] {dag.py:3954} INFO - Setting next_dagrun for example_python_decorator to None, run_after=None
[2024-07-07T20:13:00.808-0300] {processor.py:183} INFO - Processing /home/johnny/airflow/lib/python3.12/site-packages/airflow/example_dags/example_python_decorator.py took 0.171 seconds
[2024-07-07T20:14:02.331-0300] {processor.py:161} INFO - Started process (PID=39973) to work on /home/johnny/airflow/lib/python3.12/site-packages/airflow/example_dags/example_python_decorator.py
[2024-07-07T20:14:02.335-0300] {processor.py:830} INFO - Processing file /home/johnny/airflow/lib/python3.12/site-packages/airflow/example_dags/example_python_decorator.py for tasks to queue
[2024-07-07T20:14:02.337-0300] {logging_mixin.py:188} INFO - [2024-07-07T20:14:02.336-0300] {dagbag.py:545} INFO - Filling up the DagBag from /home/johnny/airflow/lib/python3.12/site-packages/airflow/example_dags/example_python_decorator.py
[2024-07-07T20:14:02.366-0300] {processor.py:840} INFO - DAG(s) 'example_python_decorator' retrieved from /home/johnny/airflow/lib/python3.12/site-packages/airflow/example_dags/example_python_decorator.py
[2024-07-07T20:14:02.405-0300] {logging_mixin.py:188} INFO - [2024-07-07T20:14:02.404-0300] {dag.py:3096} INFO - Sync 1 DAGs
[2024-07-07T20:14:02.430-0300] {logging_mixin.py:188} INFO - [2024-07-07T20:14:02.429-0300] {dag.py:3954} INFO - Setting next_dagrun for example_python_decorator to None, run_after=None
[2024-07-07T20:14:02.475-0300] {processor.py:183} INFO - Processing /home/johnny/airflow/lib/python3.12/site-packages/airflow/example_dags/example_python_decorator.py took 0.155 seconds
[2024-07-07T20:15:05.972-0300] {processor.py:161} INFO - Started process (PID=40144) to work on /home/johnny/airflow/lib/python3.12/site-packages/airflow/example_dags/example_python_decorator.py
[2024-07-07T20:15:05.977-0300] {processor.py:830} INFO - Processing file /home/johnny/airflow/lib/python3.12/site-packages/airflow/example_dags/example_python_decorator.py for tasks to queue
[2024-07-07T20:15:05.980-0300] {logging_mixin.py:188} INFO - [2024-07-07T20:15:05.979-0300] {dagbag.py:545} INFO - Filling up the DagBag from /home/johnny/airflow/lib/python3.12/site-packages/airflow/example_dags/example_python_decorator.py
[2024-07-07T20:15:06.008-0300] {processor.py:840} INFO - DAG(s) 'example_python_decorator' retrieved from /home/johnny/airflow/lib/python3.12/site-packages/airflow/example_dags/example_python_decorator.py
[2024-07-07T20:15:06.045-0300] {logging_mixin.py:188} INFO - [2024-07-07T20:15:06.044-0300] {dag.py:3096} INFO - Sync 1 DAGs
[2024-07-07T20:15:06.066-0300] {logging_mixin.py:188} INFO - [2024-07-07T20:15:06.066-0300] {dag.py:3954} INFO - Setting next_dagrun for example_python_decorator to None, run_after=None
[2024-07-07T20:15:06.107-0300] {processor.py:183} INFO - Processing /home/johnny/airflow/lib/python3.12/site-packages/airflow/example_dags/example_python_decorator.py took 0.147 seconds
[2024-07-07T20:16:06.270-0300] {processor.py:161} INFO - Started process (PID=40326) to work on /home/johnny/airflow/lib/python3.12/site-packages/airflow/example_dags/example_python_decorator.py
[2024-07-07T20:16:06.275-0300] {processor.py:830} INFO - Processing file /home/johnny/airflow/lib/python3.12/site-packages/airflow/example_dags/example_python_decorator.py for tasks to queue
[2024-07-07T20:16:06.277-0300] {logging_mixin.py:188} INFO - [2024-07-07T20:16:06.276-0300] {dagbag.py:545} INFO - Filling up the DagBag from /home/johnny/airflow/lib/python3.12/site-packages/airflow/example_dags/example_python_decorator.py
[2024-07-07T20:16:06.306-0300] {processor.py:840} INFO - DAG(s) 'example_python_decorator' retrieved from /home/johnny/airflow/lib/python3.12/site-packages/airflow/example_dags/example_python_decorator.py
[2024-07-07T20:16:06.337-0300] {logging_mixin.py:188} INFO - [2024-07-07T20:16:06.337-0300] {dag.py:3096} INFO - Sync 1 DAGs
[2024-07-07T20:16:06.355-0300] {logging_mixin.py:188} INFO - [2024-07-07T20:16:06.354-0300] {dag.py:3954} INFO - Setting next_dagrun for example_python_decorator to None, run_after=None
[2024-07-07T20:16:06.391-0300] {processor.py:183} INFO - Processing /home/johnny/airflow/lib/python3.12/site-packages/airflow/example_dags/example_python_decorator.py took 0.133 seconds
[2024-07-07T20:17:10.583-0300] {processor.py:161} INFO - Started process (PID=40504) to work on /home/johnny/airflow/lib/python3.12/site-packages/airflow/example_dags/example_python_decorator.py
[2024-07-07T20:17:10.585-0300] {processor.py:830} INFO - Processing file /home/johnny/airflow/lib/python3.12/site-packages/airflow/example_dags/example_python_decorator.py for tasks to queue
[2024-07-07T20:17:10.587-0300] {logging_mixin.py:188} INFO - [2024-07-07T20:17:10.587-0300] {dagbag.py:545} INFO - Filling up the DagBag from /home/johnny/airflow/lib/python3.12/site-packages/airflow/example_dags/example_python_decorator.py
[2024-07-07T20:17:10.617-0300] {processor.py:840} INFO - DAG(s) 'example_python_decorator' retrieved from /home/johnny/airflow/lib/python3.12/site-packages/airflow/example_dags/example_python_decorator.py
[2024-07-07T20:17:10.651-0300] {logging_mixin.py:188} INFO - [2024-07-07T20:17:10.651-0300] {dag.py:3096} INFO - Sync 1 DAGs
[2024-07-07T20:17:10.673-0300] {logging_mixin.py:188} INFO - [2024-07-07T20:17:10.672-0300] {dag.py:3954} INFO - Setting next_dagrun for example_python_decorator to None, run_after=None
[2024-07-07T20:17:10.734-0300] {processor.py:183} INFO - Processing /home/johnny/airflow/lib/python3.12/site-packages/airflow/example_dags/example_python_decorator.py took 0.163 seconds
[2024-07-07T20:18:12.202-0300] {processor.py:161} INFO - Started process (PID=40672) to work on /home/johnny/airflow/lib/python3.12/site-packages/airflow/example_dags/example_python_decorator.py
[2024-07-07T20:18:12.205-0300] {processor.py:830} INFO - Processing file /home/johnny/airflow/lib/python3.12/site-packages/airflow/example_dags/example_python_decorator.py for tasks to queue
[2024-07-07T20:18:12.207-0300] {logging_mixin.py:188} INFO - [2024-07-07T20:18:12.206-0300] {dagbag.py:545} INFO - Filling up the DagBag from /home/johnny/airflow/lib/python3.12/site-packages/airflow/example_dags/example_python_decorator.py
[2024-07-07T20:18:12.237-0300] {processor.py:840} INFO - DAG(s) 'example_python_decorator' retrieved from /home/johnny/airflow/lib/python3.12/site-packages/airflow/example_dags/example_python_decorator.py
[2024-07-07T20:18:12.277-0300] {logging_mixin.py:188} INFO - [2024-07-07T20:18:12.277-0300] {dag.py:3096} INFO - Sync 1 DAGs
[2024-07-07T20:18:12.299-0300] {logging_mixin.py:188} INFO - [2024-07-07T20:18:12.298-0300] {dag.py:3954} INFO - Setting next_dagrun for example_python_decorator to None, run_after=None
[2024-07-07T20:18:12.341-0300] {processor.py:183} INFO - Processing /home/johnny/airflow/lib/python3.12/site-packages/airflow/example_dags/example_python_decorator.py took 0.152 seconds
[2024-07-07T20:19:15.058-0300] {processor.py:161} INFO - Started process (PID=40843) to work on /home/johnny/airflow/lib/python3.12/site-packages/airflow/example_dags/example_python_decorator.py
[2024-07-07T20:19:15.061-0300] {processor.py:830} INFO - Processing file /home/johnny/airflow/lib/python3.12/site-packages/airflow/example_dags/example_python_decorator.py for tasks to queue
[2024-07-07T20:19:15.064-0300] {logging_mixin.py:188} INFO - [2024-07-07T20:19:15.063-0300] {dagbag.py:545} INFO - Filling up the DagBag from /home/johnny/airflow/lib/python3.12/site-packages/airflow/example_dags/example_python_decorator.py
[2024-07-07T20:19:15.094-0300] {processor.py:840} INFO - DAG(s) 'example_python_decorator' retrieved from /home/johnny/airflow/lib/python3.12/site-packages/airflow/example_dags/example_python_decorator.py
[2024-07-07T20:19:15.121-0300] {logging_mixin.py:188} INFO - [2024-07-07T20:19:15.120-0300] {dag.py:3096} INFO - Sync 1 DAGs
[2024-07-07T20:19:15.137-0300] {logging_mixin.py:188} INFO - [2024-07-07T20:19:15.137-0300] {dag.py:3954} INFO - Setting next_dagrun for example_python_decorator to None, run_after=None
[2024-07-07T20:19:15.209-0300] {processor.py:183} INFO - Processing /home/johnny/airflow/lib/python3.12/site-packages/airflow/example_dags/example_python_decorator.py took 0.165 seconds
[2024-07-07T20:20:17.717-0300] {processor.py:161} INFO - Started process (PID=41017) to work on /home/johnny/airflow/lib/python3.12/site-packages/airflow/example_dags/example_python_decorator.py
[2024-07-07T20:20:17.719-0300] {processor.py:830} INFO - Processing file /home/johnny/airflow/lib/python3.12/site-packages/airflow/example_dags/example_python_decorator.py for tasks to queue
[2024-07-07T20:20:17.721-0300] {logging_mixin.py:188} INFO - [2024-07-07T20:20:17.720-0300] {dagbag.py:545} INFO - Filling up the DagBag from /home/johnny/airflow/lib/python3.12/site-packages/airflow/example_dags/example_python_decorator.py
[2024-07-07T20:20:17.750-0300] {processor.py:840} INFO - DAG(s) 'example_python_decorator' retrieved from /home/johnny/airflow/lib/python3.12/site-packages/airflow/example_dags/example_python_decorator.py
[2024-07-07T20:20:17.780-0300] {logging_mixin.py:188} INFO - [2024-07-07T20:20:17.780-0300] {dag.py:3096} INFO - Sync 1 DAGs
[2024-07-07T20:20:17.797-0300] {logging_mixin.py:188} INFO - [2024-07-07T20:20:17.796-0300] {dag.py:3954} INFO - Setting next_dagrun for example_python_decorator to None, run_after=None
[2024-07-07T20:20:17.830-0300] {processor.py:183} INFO - Processing /home/johnny/airflow/lib/python3.12/site-packages/airflow/example_dags/example_python_decorator.py took 0.125 seconds
[2024-07-07T20:21:21.989-0300] {processor.py:161} INFO - Started process (PID=41193) to work on /home/johnny/airflow/lib/python3.12/site-packages/airflow/example_dags/example_python_decorator.py
[2024-07-07T20:21:21.992-0300] {processor.py:830} INFO - Processing file /home/johnny/airflow/lib/python3.12/site-packages/airflow/example_dags/example_python_decorator.py for tasks to queue
[2024-07-07T20:21:21.995-0300] {logging_mixin.py:188} INFO - [2024-07-07T20:21:21.994-0300] {dagbag.py:545} INFO - Filling up the DagBag from /home/johnny/airflow/lib/python3.12/site-packages/airflow/example_dags/example_python_decorator.py
[2024-07-07T20:21:22.024-0300] {processor.py:840} INFO - DAG(s) 'example_python_decorator' retrieved from /home/johnny/airflow/lib/python3.12/site-packages/airflow/example_dags/example_python_decorator.py
[2024-07-07T20:21:22.077-0300] {logging_mixin.py:188} INFO - [2024-07-07T20:21:22.076-0300] {dag.py:3096} INFO - Sync 1 DAGs
[2024-07-07T20:21:22.101-0300] {logging_mixin.py:188} INFO - [2024-07-07T20:21:22.101-0300] {dag.py:3954} INFO - Setting next_dagrun for example_python_decorator to None, run_after=None
[2024-07-07T20:21:22.147-0300] {processor.py:183} INFO - Processing /home/johnny/airflow/lib/python3.12/site-packages/airflow/example_dags/example_python_decorator.py took 0.169 seconds
[2024-07-07T20:22:25.939-0300] {processor.py:161} INFO - Started process (PID=41355) to work on /home/johnny/airflow/lib/python3.12/site-packages/airflow/example_dags/example_python_decorator.py
[2024-07-07T20:22:25.942-0300] {processor.py:830} INFO - Processing file /home/johnny/airflow/lib/python3.12/site-packages/airflow/example_dags/example_python_decorator.py for tasks to queue
[2024-07-07T20:22:25.944-0300] {logging_mixin.py:188} INFO - [2024-07-07T20:22:25.943-0300] {dagbag.py:545} INFO - Filling up the DagBag from /home/johnny/airflow/lib/python3.12/site-packages/airflow/example_dags/example_python_decorator.py
[2024-07-07T20:22:25.975-0300] {processor.py:840} INFO - DAG(s) 'example_python_decorator' retrieved from /home/johnny/airflow/lib/python3.12/site-packages/airflow/example_dags/example_python_decorator.py
[2024-07-07T20:22:26.006-0300] {logging_mixin.py:188} INFO - [2024-07-07T20:22:26.006-0300] {dag.py:3096} INFO - Sync 1 DAGs
[2024-07-07T20:22:26.030-0300] {logging_mixin.py:188} INFO - [2024-07-07T20:22:26.029-0300] {dag.py:3954} INFO - Setting next_dagrun for example_python_decorator to None, run_after=None
[2024-07-07T20:22:26.084-0300] {processor.py:183} INFO - Processing /home/johnny/airflow/lib/python3.12/site-packages/airflow/example_dags/example_python_decorator.py took 0.159 seconds
[2024-07-07T20:23:29.278-0300] {processor.py:161} INFO - Started process (PID=41526) to work on /home/johnny/airflow/lib/python3.12/site-packages/airflow/example_dags/example_python_decorator.py
[2024-07-07T20:23:29.281-0300] {processor.py:830} INFO - Processing file /home/johnny/airflow/lib/python3.12/site-packages/airflow/example_dags/example_python_decorator.py for tasks to queue
[2024-07-07T20:23:29.283-0300] {logging_mixin.py:188} INFO - [2024-07-07T20:23:29.282-0300] {dagbag.py:545} INFO - Filling up the DagBag from /home/johnny/airflow/lib/python3.12/site-packages/airflow/example_dags/example_python_decorator.py
[2024-07-07T20:23:29.310-0300] {processor.py:840} INFO - DAG(s) 'example_python_decorator' retrieved from /home/johnny/airflow/lib/python3.12/site-packages/airflow/example_dags/example_python_decorator.py
[2024-07-07T20:23:29.340-0300] {logging_mixin.py:188} INFO - [2024-07-07T20:23:29.340-0300] {dag.py:3096} INFO - Sync 1 DAGs
[2024-07-07T20:23:29.357-0300] {logging_mixin.py:188} INFO - [2024-07-07T20:23:29.356-0300] {dag.py:3954} INFO - Setting next_dagrun for example_python_decorator to None, run_after=None
[2024-07-07T20:23:29.434-0300] {processor.py:183} INFO - Processing /home/johnny/airflow/lib/python3.12/site-packages/airflow/example_dags/example_python_decorator.py took 0.166 seconds
[2024-07-07T20:24:32.482-0300] {processor.py:161} INFO - Started process (PID=41703) to work on /home/johnny/airflow/lib/python3.12/site-packages/airflow/example_dags/example_python_decorator.py
[2024-07-07T20:24:32.485-0300] {processor.py:830} INFO - Processing file /home/johnny/airflow/lib/python3.12/site-packages/airflow/example_dags/example_python_decorator.py for tasks to queue
[2024-07-07T20:24:32.487-0300] {logging_mixin.py:188} INFO - [2024-07-07T20:24:32.486-0300] {dagbag.py:545} INFO - Filling up the DagBag from /home/johnny/airflow/lib/python3.12/site-packages/airflow/example_dags/example_python_decorator.py
[2024-07-07T20:24:32.514-0300] {processor.py:840} INFO - DAG(s) 'example_python_decorator' retrieved from /home/johnny/airflow/lib/python3.12/site-packages/airflow/example_dags/example_python_decorator.py
[2024-07-07T20:24:32.545-0300] {logging_mixin.py:188} INFO - [2024-07-07T20:24:32.544-0300] {dag.py:3096} INFO - Sync 1 DAGs
[2024-07-07T20:24:32.563-0300] {logging_mixin.py:188} INFO - [2024-07-07T20:24:32.562-0300] {dag.py:3954} INFO - Setting next_dagrun for example_python_decorator to None, run_after=None
[2024-07-07T20:24:32.614-0300] {processor.py:183} INFO - Processing /home/johnny/airflow/lib/python3.12/site-packages/airflow/example_dags/example_python_decorator.py took 0.144 seconds
[2024-07-07T20:25:32.864-0300] {processor.py:161} INFO - Started process (PID=41856) to work on /home/johnny/airflow/lib/python3.12/site-packages/airflow/example_dags/example_python_decorator.py
[2024-07-07T20:25:32.869-0300] {processor.py:830} INFO - Processing file /home/johnny/airflow/lib/python3.12/site-packages/airflow/example_dags/example_python_decorator.py for tasks to queue
[2024-07-07T20:25:32.871-0300] {logging_mixin.py:188} INFO - [2024-07-07T20:25:32.870-0300] {dagbag.py:545} INFO - Filling up the DagBag from /home/johnny/airflow/lib/python3.12/site-packages/airflow/example_dags/example_python_decorator.py
[2024-07-07T20:25:32.899-0300] {processor.py:840} INFO - DAG(s) 'example_python_decorator' retrieved from /home/johnny/airflow/lib/python3.12/site-packages/airflow/example_dags/example_python_decorator.py
[2024-07-07T20:25:32.933-0300] {logging_mixin.py:188} INFO - [2024-07-07T20:25:32.932-0300] {dag.py:3096} INFO - Sync 1 DAGs
[2024-07-07T20:25:32.951-0300] {logging_mixin.py:188} INFO - [2024-07-07T20:25:32.951-0300] {dag.py:3954} INFO - Setting next_dagrun for example_python_decorator to None, run_after=None
[2024-07-07T20:25:33.019-0300] {processor.py:183} INFO - Processing /home/johnny/airflow/lib/python3.12/site-packages/airflow/example_dags/example_python_decorator.py took 0.167 seconds
[2024-07-07T20:26:32.598-0300] {processor.py:161} INFO - Started process (PID=42023) to work on /home/johnny/airflow/lib/python3.12/site-packages/airflow/example_dags/example_python_decorator.py
[2024-07-07T20:26:32.601-0300] {processor.py:830} INFO - Processing file /home/johnny/airflow/lib/python3.12/site-packages/airflow/example_dags/example_python_decorator.py for tasks to queue
[2024-07-07T20:26:32.603-0300] {logging_mixin.py:188} INFO - [2024-07-07T20:26:32.602-0300] {dagbag.py:545} INFO - Filling up the DagBag from /home/johnny/airflow/lib/python3.12/site-packages/airflow/example_dags/example_python_decorator.py
[2024-07-07T20:26:32.631-0300] {processor.py:840} INFO - DAG(s) 'example_python_decorator' retrieved from /home/johnny/airflow/lib/python3.12/site-packages/airflow/example_dags/example_python_decorator.py
[2024-07-07T20:26:32.665-0300] {logging_mixin.py:188} INFO - [2024-07-07T20:26:32.665-0300] {dag.py:3096} INFO - Sync 1 DAGs
[2024-07-07T20:26:32.694-0300] {logging_mixin.py:188} INFO - [2024-07-07T20:26:32.693-0300] {dag.py:3954} INFO - Setting next_dagrun for example_python_decorator to None, run_after=None
[2024-07-07T20:26:32.808-0300] {processor.py:183} INFO - Processing /home/johnny/airflow/lib/python3.12/site-packages/airflow/example_dags/example_python_decorator.py took 0.222 seconds
[2024-07-07T20:27:40.068-0300] {processor.py:161} INFO - Started process (PID=42203) to work on /home/johnny/airflow/lib/python3.12/site-packages/airflow/example_dags/example_python_decorator.py
[2024-07-07T20:27:40.070-0300] {processor.py:830} INFO - Processing file /home/johnny/airflow/lib/python3.12/site-packages/airflow/example_dags/example_python_decorator.py for tasks to queue
[2024-07-07T20:27:40.072-0300] {logging_mixin.py:188} INFO - [2024-07-07T20:27:40.072-0300] {dagbag.py:545} INFO - Filling up the DagBag from /home/johnny/airflow/lib/python3.12/site-packages/airflow/example_dags/example_python_decorator.py
[2024-07-07T20:27:40.101-0300] {processor.py:840} INFO - DAG(s) 'example_python_decorator' retrieved from /home/johnny/airflow/lib/python3.12/site-packages/airflow/example_dags/example_python_decorator.py
[2024-07-07T20:27:40.138-0300] {logging_mixin.py:188} INFO - [2024-07-07T20:27:40.138-0300] {dag.py:3096} INFO - Sync 1 DAGs
[2024-07-07T20:27:40.161-0300] {logging_mixin.py:188} INFO - [2024-07-07T20:27:40.160-0300] {dag.py:3954} INFO - Setting next_dagrun for example_python_decorator to None, run_after=None
[2024-07-07T20:27:40.204-0300] {processor.py:183} INFO - Processing /home/johnny/airflow/lib/python3.12/site-packages/airflow/example_dags/example_python_decorator.py took 0.148 seconds
[2024-07-07T20:28:51.812-0300] {processor.py:161} INFO - Started process (PID=42402) to work on /home/johnny/airflow/lib/python3.12/site-packages/airflow/example_dags/example_python_decorator.py
[2024-07-07T20:28:51.815-0300] {processor.py:830} INFO - Processing file /home/johnny/airflow/lib/python3.12/site-packages/airflow/example_dags/example_python_decorator.py for tasks to queue
[2024-07-07T20:28:51.817-0300] {logging_mixin.py:188} INFO - [2024-07-07T20:28:51.816-0300] {dagbag.py:545} INFO - Filling up the DagBag from /home/johnny/airflow/lib/python3.12/site-packages/airflow/example_dags/example_python_decorator.py
[2024-07-07T20:28:51.853-0300] {processor.py:840} INFO - DAG(s) 'example_python_decorator' retrieved from /home/johnny/airflow/lib/python3.12/site-packages/airflow/example_dags/example_python_decorator.py
[2024-07-07T20:28:51.889-0300] {logging_mixin.py:188} INFO - [2024-07-07T20:28:51.889-0300] {dag.py:3096} INFO - Sync 1 DAGs
[2024-07-07T20:28:51.912-0300] {logging_mixin.py:188} INFO - [2024-07-07T20:28:51.911-0300] {dag.py:3954} INFO - Setting next_dagrun for example_python_decorator to None, run_after=None
[2024-07-07T20:28:51.952-0300] {processor.py:183} INFO - Processing /home/johnny/airflow/lib/python3.12/site-packages/airflow/example_dags/example_python_decorator.py took 0.158 seconds
[2024-07-07T20:29:56.730-0300] {processor.py:161} INFO - Started process (PID=42581) to work on /home/johnny/airflow/lib/python3.12/site-packages/airflow/example_dags/example_python_decorator.py
[2024-07-07T20:29:56.733-0300] {processor.py:830} INFO - Processing file /home/johnny/airflow/lib/python3.12/site-packages/airflow/example_dags/example_python_decorator.py for tasks to queue
[2024-07-07T20:29:56.735-0300] {logging_mixin.py:188} INFO - [2024-07-07T20:29:56.735-0300] {dagbag.py:545} INFO - Filling up the DagBag from /home/johnny/airflow/lib/python3.12/site-packages/airflow/example_dags/example_python_decorator.py
[2024-07-07T20:29:56.758-0300] {processor.py:840} INFO - DAG(s) 'example_python_decorator' retrieved from /home/johnny/airflow/lib/python3.12/site-packages/airflow/example_dags/example_python_decorator.py
[2024-07-07T20:29:56.783-0300] {logging_mixin.py:188} INFO - [2024-07-07T20:29:56.782-0300] {dag.py:3096} INFO - Sync 1 DAGs
[2024-07-07T20:29:56.816-0300] {logging_mixin.py:188} INFO - [2024-07-07T20:29:56.815-0300] {dag.py:3954} INFO - Setting next_dagrun for example_python_decorator to None, run_after=None
[2024-07-07T20:29:56.866-0300] {processor.py:183} INFO - Processing /home/johnny/airflow/lib/python3.12/site-packages/airflow/example_dags/example_python_decorator.py took 0.148 seconds
[2024-07-07T20:31:02.778-0300] {processor.py:161} INFO - Started process (PID=42764) to work on /home/johnny/airflow/lib/python3.12/site-packages/airflow/example_dags/example_python_decorator.py
[2024-07-07T20:31:02.780-0300] {processor.py:830} INFO - Processing file /home/johnny/airflow/lib/python3.12/site-packages/airflow/example_dags/example_python_decorator.py for tasks to queue
[2024-07-07T20:31:02.782-0300] {logging_mixin.py:188} INFO - [2024-07-07T20:31:02.781-0300] {dagbag.py:545} INFO - Filling up the DagBag from /home/johnny/airflow/lib/python3.12/site-packages/airflow/example_dags/example_python_decorator.py
[2024-07-07T20:31:02.808-0300] {processor.py:840} INFO - DAG(s) 'example_python_decorator' retrieved from /home/johnny/airflow/lib/python3.12/site-packages/airflow/example_dags/example_python_decorator.py
[2024-07-07T20:31:02.842-0300] {logging_mixin.py:188} INFO - [2024-07-07T20:31:02.842-0300] {dag.py:3096} INFO - Sync 1 DAGs
[2024-07-07T20:31:02.871-0300] {logging_mixin.py:188} INFO - [2024-07-07T20:31:02.870-0300] {dag.py:3954} INFO - Setting next_dagrun for example_python_decorator to None, run_after=None
[2024-07-07T20:31:02.922-0300] {processor.py:183} INFO - Processing /home/johnny/airflow/lib/python3.12/site-packages/airflow/example_dags/example_python_decorator.py took 0.153 seconds
[2024-07-07T20:32:03.291-0300] {processor.py:161} INFO - Started process (PID=42930) to work on /home/johnny/airflow/lib/python3.12/site-packages/airflow/example_dags/example_python_decorator.py
[2024-07-07T20:32:03.294-0300] {processor.py:830} INFO - Processing file /home/johnny/airflow/lib/python3.12/site-packages/airflow/example_dags/example_python_decorator.py for tasks to queue
[2024-07-07T20:32:03.296-0300] {logging_mixin.py:188} INFO - [2024-07-07T20:32:03.295-0300] {dagbag.py:545} INFO - Filling up the DagBag from /home/johnny/airflow/lib/python3.12/site-packages/airflow/example_dags/example_python_decorator.py
[2024-07-07T20:32:03.325-0300] {processor.py:840} INFO - DAG(s) 'example_python_decorator' retrieved from /home/johnny/airflow/lib/python3.12/site-packages/airflow/example_dags/example_python_decorator.py
[2024-07-07T20:32:03.355-0300] {logging_mixin.py:188} INFO - [2024-07-07T20:32:03.354-0300] {dag.py:3096} INFO - Sync 1 DAGs
[2024-07-07T20:32:03.371-0300] {logging_mixin.py:188} INFO - [2024-07-07T20:32:03.371-0300] {dag.py:3954} INFO - Setting next_dagrun for example_python_decorator to None, run_after=None
[2024-07-07T20:32:03.408-0300] {processor.py:183} INFO - Processing /home/johnny/airflow/lib/python3.12/site-packages/airflow/example_dags/example_python_decorator.py took 0.128 seconds
[2024-07-07T20:33:23.590-0300] {processor.py:161} INFO - Started process (PID=43169) to work on /home/johnny/airflow/lib/python3.12/site-packages/airflow/example_dags/example_python_decorator.py
[2024-07-07T20:33:23.592-0300] {processor.py:830} INFO - Processing file /home/johnny/airflow/lib/python3.12/site-packages/airflow/example_dags/example_python_decorator.py for tasks to queue
[2024-07-07T20:33:23.594-0300] {logging_mixin.py:188} INFO - [2024-07-07T20:33:23.593-0300] {dagbag.py:545} INFO - Filling up the DagBag from /home/johnny/airflow/lib/python3.12/site-packages/airflow/example_dags/example_python_decorator.py
[2024-07-07T20:33:23.627-0300] {processor.py:840} INFO - DAG(s) 'example_python_decorator' retrieved from /home/johnny/airflow/lib/python3.12/site-packages/airflow/example_dags/example_python_decorator.py
[2024-07-07T20:33:23.688-0300] {logging_mixin.py:188} INFO - [2024-07-07T20:33:23.687-0300] {dag.py:3096} INFO - Sync 1 DAGs
[2024-07-07T20:33:23.720-0300] {logging_mixin.py:188} INFO - [2024-07-07T20:33:23.719-0300] {dag.py:3954} INFO - Setting next_dagrun for example_python_decorator to None, run_after=None
[2024-07-07T20:33:23.788-0300] {processor.py:183} INFO - Processing /home/johnny/airflow/lib/python3.12/site-packages/airflow/example_dags/example_python_decorator.py took 0.209 seconds
[2024-07-07T20:34:40.710-0300] {processor.py:161} INFO - Started process (PID=43392) to work on /home/johnny/airflow/lib/python3.12/site-packages/airflow/example_dags/example_python_decorator.py
[2024-07-07T20:34:40.712-0300] {processor.py:830} INFO - Processing file /home/johnny/airflow/lib/python3.12/site-packages/airflow/example_dags/example_python_decorator.py for tasks to queue
[2024-07-07T20:34:40.714-0300] {logging_mixin.py:188} INFO - [2024-07-07T20:34:40.713-0300] {dagbag.py:545} INFO - Filling up the DagBag from /home/johnny/airflow/lib/python3.12/site-packages/airflow/example_dags/example_python_decorator.py
[2024-07-07T20:34:40.741-0300] {processor.py:840} INFO - DAG(s) 'example_python_decorator' retrieved from /home/johnny/airflow/lib/python3.12/site-packages/airflow/example_dags/example_python_decorator.py
[2024-07-07T20:34:40.771-0300] {logging_mixin.py:188} INFO - [2024-07-07T20:34:40.771-0300] {dag.py:3096} INFO - Sync 1 DAGs
[2024-07-07T20:34:40.788-0300] {logging_mixin.py:188} INFO - [2024-07-07T20:34:40.788-0300] {dag.py:3954} INFO - Setting next_dagrun for example_python_decorator to None, run_after=None
[2024-07-07T20:34:40.820-0300] {processor.py:183} INFO - Processing /home/johnny/airflow/lib/python3.12/site-packages/airflow/example_dags/example_python_decorator.py took 0.121 seconds
[2024-07-07T20:35:44.073-0300] {processor.py:161} INFO - Started process (PID=43560) to work on /home/johnny/airflow/lib/python3.12/site-packages/airflow/example_dags/example_python_decorator.py
[2024-07-07T20:35:44.079-0300] {processor.py:830} INFO - Processing file /home/johnny/airflow/lib/python3.12/site-packages/airflow/example_dags/example_python_decorator.py for tasks to queue
[2024-07-07T20:35:44.081-0300] {logging_mixin.py:188} INFO - [2024-07-07T20:35:44.080-0300] {dagbag.py:545} INFO - Filling up the DagBag from /home/johnny/airflow/lib/python3.12/site-packages/airflow/example_dags/example_python_decorator.py
[2024-07-07T20:35:44.109-0300] {processor.py:840} INFO - DAG(s) 'example_python_decorator' retrieved from /home/johnny/airflow/lib/python3.12/site-packages/airflow/example_dags/example_python_decorator.py
[2024-07-07T20:35:44.145-0300] {logging_mixin.py:188} INFO - [2024-07-07T20:35:44.144-0300] {dag.py:3096} INFO - Sync 1 DAGs
[2024-07-07T20:35:44.166-0300] {logging_mixin.py:188} INFO - [2024-07-07T20:35:44.166-0300] {dag.py:3954} INFO - Setting next_dagrun for example_python_decorator to None, run_after=None
[2024-07-07T20:35:44.208-0300] {processor.py:183} INFO - Processing /home/johnny/airflow/lib/python3.12/site-packages/airflow/example_dags/example_python_decorator.py took 0.146 seconds
[2024-07-07T20:36:47.845-0300] {processor.py:161} INFO - Started process (PID=43729) to work on /home/johnny/airflow/lib/python3.12/site-packages/airflow/example_dags/example_python_decorator.py
[2024-07-07T20:36:47.847-0300] {processor.py:830} INFO - Processing file /home/johnny/airflow/lib/python3.12/site-packages/airflow/example_dags/example_python_decorator.py for tasks to queue
[2024-07-07T20:36:47.849-0300] {logging_mixin.py:188} INFO - [2024-07-07T20:36:47.848-0300] {dagbag.py:545} INFO - Filling up the DagBag from /home/johnny/airflow/lib/python3.12/site-packages/airflow/example_dags/example_python_decorator.py
[2024-07-07T20:36:47.870-0300] {processor.py:840} INFO - DAG(s) 'example_python_decorator' retrieved from /home/johnny/airflow/lib/python3.12/site-packages/airflow/example_dags/example_python_decorator.py
[2024-07-07T20:36:47.896-0300] {logging_mixin.py:188} INFO - [2024-07-07T20:36:47.896-0300] {dag.py:3096} INFO - Sync 1 DAGs
[2024-07-07T20:36:47.910-0300] {logging_mixin.py:188} INFO - [2024-07-07T20:36:47.910-0300] {dag.py:3954} INFO - Setting next_dagrun for example_python_decorator to None, run_after=None
[2024-07-07T20:36:47.943-0300] {processor.py:183} INFO - Processing /home/johnny/airflow/lib/python3.12/site-packages/airflow/example_dags/example_python_decorator.py took 0.107 seconds
[2024-07-07T20:37:53.104-0300] {processor.py:161} INFO - Started process (PID=43907) to work on /home/johnny/airflow/lib/python3.12/site-packages/airflow/example_dags/example_python_decorator.py
[2024-07-07T20:37:53.108-0300] {processor.py:830} INFO - Processing file /home/johnny/airflow/lib/python3.12/site-packages/airflow/example_dags/example_python_decorator.py for tasks to queue
[2024-07-07T20:37:53.113-0300] {logging_mixin.py:188} INFO - [2024-07-07T20:37:53.111-0300] {dagbag.py:545} INFO - Filling up the DagBag from /home/johnny/airflow/lib/python3.12/site-packages/airflow/example_dags/example_python_decorator.py
[2024-07-07T20:37:53.161-0300] {processor.py:840} INFO - DAG(s) 'example_python_decorator' retrieved from /home/johnny/airflow/lib/python3.12/site-packages/airflow/example_dags/example_python_decorator.py
[2024-07-07T20:37:53.192-0300] {logging_mixin.py:188} INFO - [2024-07-07T20:37:53.191-0300] {dag.py:3096} INFO - Sync 1 DAGs
[2024-07-07T20:37:53.205-0300] {logging_mixin.py:188} INFO - [2024-07-07T20:37:53.205-0300] {dag.py:3954} INFO - Setting next_dagrun for example_python_decorator to None, run_after=None
[2024-07-07T20:37:53.242-0300] {processor.py:183} INFO - Processing /home/johnny/airflow/lib/python3.12/site-packages/airflow/example_dags/example_python_decorator.py took 0.157 seconds
[2024-07-07T20:38:53.067-0300] {processor.py:161} INFO - Started process (PID=44068) to work on /home/johnny/airflow/lib/python3.12/site-packages/airflow/example_dags/example_python_decorator.py
[2024-07-07T20:38:53.069-0300] {processor.py:830} INFO - Processing file /home/johnny/airflow/lib/python3.12/site-packages/airflow/example_dags/example_python_decorator.py for tasks to queue
[2024-07-07T20:38:53.072-0300] {logging_mixin.py:188} INFO - [2024-07-07T20:38:53.071-0300] {dagbag.py:545} INFO - Filling up the DagBag from /home/johnny/airflow/lib/python3.12/site-packages/airflow/example_dags/example_python_decorator.py
[2024-07-07T20:38:53.100-0300] {processor.py:840} INFO - DAG(s) 'example_python_decorator' retrieved from /home/johnny/airflow/lib/python3.12/site-packages/airflow/example_dags/example_python_decorator.py
[2024-07-07T20:38:53.136-0300] {logging_mixin.py:188} INFO - [2024-07-07T20:38:53.136-0300] {dag.py:3096} INFO - Sync 1 DAGs
[2024-07-07T20:38:53.159-0300] {logging_mixin.py:188} INFO - [2024-07-07T20:38:53.158-0300] {dag.py:3954} INFO - Setting next_dagrun for example_python_decorator to None, run_after=None
[2024-07-07T20:38:53.196-0300] {processor.py:183} INFO - Processing /home/johnny/airflow/lib/python3.12/site-packages/airflow/example_dags/example_python_decorator.py took 0.140 seconds
[2024-07-07T20:40:01.595-0300] {processor.py:161} INFO - Started process (PID=44253) to work on /home/johnny/airflow/lib/python3.12/site-packages/airflow/example_dags/example_python_decorator.py
[2024-07-07T20:40:01.597-0300] {processor.py:830} INFO - Processing file /home/johnny/airflow/lib/python3.12/site-packages/airflow/example_dags/example_python_decorator.py for tasks to queue
[2024-07-07T20:40:01.599-0300] {logging_mixin.py:188} INFO - [2024-07-07T20:40:01.598-0300] {dagbag.py:545} INFO - Filling up the DagBag from /home/johnny/airflow/lib/python3.12/site-packages/airflow/example_dags/example_python_decorator.py
[2024-07-07T20:40:01.638-0300] {processor.py:840} INFO - DAG(s) 'example_python_decorator' retrieved from /home/johnny/airflow/lib/python3.12/site-packages/airflow/example_dags/example_python_decorator.py
[2024-07-07T20:40:01.687-0300] {logging_mixin.py:188} INFO - [2024-07-07T20:40:01.686-0300] {dag.py:3096} INFO - Sync 1 DAGs
[2024-07-07T20:40:01.706-0300] {logging_mixin.py:188} INFO - [2024-07-07T20:40:01.705-0300] {dag.py:3954} INFO - Setting next_dagrun for example_python_decorator to None, run_after=None
[2024-07-07T20:40:01.755-0300] {processor.py:183} INFO - Processing /home/johnny/airflow/lib/python3.12/site-packages/airflow/example_dags/example_python_decorator.py took 0.169 seconds
[2024-07-07T20:41:09.744-0300] {processor.py:161} INFO - Started process (PID=44432) to work on /home/johnny/airflow/lib/python3.12/site-packages/airflow/example_dags/example_python_decorator.py
[2024-07-07T20:41:09.748-0300] {processor.py:830} INFO - Processing file /home/johnny/airflow/lib/python3.12/site-packages/airflow/example_dags/example_python_decorator.py for tasks to queue
[2024-07-07T20:41:09.751-0300] {logging_mixin.py:188} INFO - [2024-07-07T20:41:09.750-0300] {dagbag.py:545} INFO - Filling up the DagBag from /home/johnny/airflow/lib/python3.12/site-packages/airflow/example_dags/example_python_decorator.py
[2024-07-07T20:41:09.787-0300] {processor.py:840} INFO - DAG(s) 'example_python_decorator' retrieved from /home/johnny/airflow/lib/python3.12/site-packages/airflow/example_dags/example_python_decorator.py
[2024-07-07T20:41:09.821-0300] {logging_mixin.py:188} INFO - [2024-07-07T20:41:09.820-0300] {dag.py:3096} INFO - Sync 1 DAGs
[2024-07-07T20:41:09.842-0300] {logging_mixin.py:188} INFO - [2024-07-07T20:41:09.842-0300] {dag.py:3954} INFO - Setting next_dagrun for example_python_decorator to None, run_after=None
[2024-07-07T20:41:09.884-0300] {processor.py:183} INFO - Processing /home/johnny/airflow/lib/python3.12/site-packages/airflow/example_dags/example_python_decorator.py took 0.158 seconds
[2024-07-07T20:42:18.935-0300] {processor.py:161} INFO - Started process (PID=44625) to work on /home/johnny/airflow/lib/python3.12/site-packages/airflow/example_dags/example_python_decorator.py
[2024-07-07T20:42:18.936-0300] {processor.py:830} INFO - Processing file /home/johnny/airflow/lib/python3.12/site-packages/airflow/example_dags/example_python_decorator.py for tasks to queue
[2024-07-07T20:42:18.938-0300] {logging_mixin.py:188} INFO - [2024-07-07T20:42:18.937-0300] {dagbag.py:545} INFO - Filling up the DagBag from /home/johnny/airflow/lib/python3.12/site-packages/airflow/example_dags/example_python_decorator.py
[2024-07-07T20:42:18.961-0300] {processor.py:840} INFO - DAG(s) 'example_python_decorator' retrieved from /home/johnny/airflow/lib/python3.12/site-packages/airflow/example_dags/example_python_decorator.py
[2024-07-07T20:42:18.989-0300] {logging_mixin.py:188} INFO - [2024-07-07T20:42:18.988-0300] {dag.py:3096} INFO - Sync 1 DAGs
[2024-07-07T20:42:19.013-0300] {logging_mixin.py:188} INFO - [2024-07-07T20:42:19.013-0300] {dag.py:3954} INFO - Setting next_dagrun for example_python_decorator to None, run_after=None
[2024-07-07T20:42:19.058-0300] {processor.py:183} INFO - Processing /home/johnny/airflow/lib/python3.12/site-packages/airflow/example_dags/example_python_decorator.py took 0.134 seconds
[2024-07-07T20:43:23.222-0300] {processor.py:161} INFO - Started process (PID=44794) to work on /home/johnny/airflow/lib/python3.12/site-packages/airflow/example_dags/example_python_decorator.py
[2024-07-07T20:43:23.228-0300] {processor.py:830} INFO - Processing file /home/johnny/airflow/lib/python3.12/site-packages/airflow/example_dags/example_python_decorator.py for tasks to queue
[2024-07-07T20:43:23.231-0300] {logging_mixin.py:188} INFO - [2024-07-07T20:43:23.230-0300] {dagbag.py:545} INFO - Filling up the DagBag from /home/johnny/airflow/lib/python3.12/site-packages/airflow/example_dags/example_python_decorator.py
[2024-07-07T20:43:23.261-0300] {processor.py:840} INFO - DAG(s) 'example_python_decorator' retrieved from /home/johnny/airflow/lib/python3.12/site-packages/airflow/example_dags/example_python_decorator.py
[2024-07-07T20:43:23.300-0300] {logging_mixin.py:188} INFO - [2024-07-07T20:43:23.299-0300] {dag.py:3096} INFO - Sync 1 DAGs
[2024-07-07T20:43:23.331-0300] {logging_mixin.py:188} INFO - [2024-07-07T20:43:23.330-0300] {dag.py:3954} INFO - Setting next_dagrun for example_python_decorator to None, run_after=None
[2024-07-07T20:43:23.388-0300] {processor.py:183} INFO - Processing /home/johnny/airflow/lib/python3.12/site-packages/airflow/example_dags/example_python_decorator.py took 0.186 seconds
[2024-07-07T20:44:30.876-0300] {processor.py:161} INFO - Started process (PID=44977) to work on /home/johnny/airflow/lib/python3.12/site-packages/airflow/example_dags/example_python_decorator.py
[2024-07-07T20:44:30.882-0300] {processor.py:830} INFO - Processing file /home/johnny/airflow/lib/python3.12/site-packages/airflow/example_dags/example_python_decorator.py for tasks to queue
[2024-07-07T20:44:30.884-0300] {logging_mixin.py:188} INFO - [2024-07-07T20:44:30.883-0300] {dagbag.py:545} INFO - Filling up the DagBag from /home/johnny/airflow/lib/python3.12/site-packages/airflow/example_dags/example_python_decorator.py
[2024-07-07T20:44:30.920-0300] {processor.py:840} INFO - DAG(s) 'example_python_decorator' retrieved from /home/johnny/airflow/lib/python3.12/site-packages/airflow/example_dags/example_python_decorator.py
[2024-07-07T20:44:30.968-0300] {logging_mixin.py:188} INFO - [2024-07-07T20:44:30.967-0300] {dag.py:3096} INFO - Sync 1 DAGs
[2024-07-07T20:44:31.014-0300] {logging_mixin.py:188} INFO - [2024-07-07T20:44:31.013-0300] {dag.py:3954} INFO - Setting next_dagrun for example_python_decorator to None, run_after=None
[2024-07-07T20:44:31.082-0300] {processor.py:183} INFO - Processing /home/johnny/airflow/lib/python3.12/site-packages/airflow/example_dags/example_python_decorator.py took 0.217 seconds
[2024-07-07T20:45:39.046-0300] {processor.py:161} INFO - Started process (PID=45164) to work on /home/johnny/airflow/lib/python3.12/site-packages/airflow/example_dags/example_python_decorator.py
[2024-07-07T20:45:39.050-0300] {processor.py:830} INFO - Processing file /home/johnny/airflow/lib/python3.12/site-packages/airflow/example_dags/example_python_decorator.py for tasks to queue
[2024-07-07T20:45:39.055-0300] {logging_mixin.py:188} INFO - [2024-07-07T20:45:39.052-0300] {dagbag.py:545} INFO - Filling up the DagBag from /home/johnny/airflow/lib/python3.12/site-packages/airflow/example_dags/example_python_decorator.py
[2024-07-07T20:45:39.087-0300] {processor.py:840} INFO - DAG(s) 'example_python_decorator' retrieved from /home/johnny/airflow/lib/python3.12/site-packages/airflow/example_dags/example_python_decorator.py
[2024-07-07T20:45:39.119-0300] {logging_mixin.py:188} INFO - [2024-07-07T20:45:39.119-0300] {dag.py:3096} INFO - Sync 1 DAGs
[2024-07-07T20:45:39.154-0300] {logging_mixin.py:188} INFO - [2024-07-07T20:45:39.153-0300] {dag.py:3954} INFO - Setting next_dagrun for example_python_decorator to None, run_after=None
[2024-07-07T20:45:39.208-0300] {processor.py:183} INFO - Processing /home/johnny/airflow/lib/python3.12/site-packages/airflow/example_dags/example_python_decorator.py took 0.177 seconds
[2024-07-07T20:46:44.817-0300] {processor.py:161} INFO - Started process (PID=45340) to work on /home/johnny/airflow/lib/python3.12/site-packages/airflow/example_dags/example_python_decorator.py
[2024-07-07T20:46:44.822-0300] {processor.py:830} INFO - Processing file /home/johnny/airflow/lib/python3.12/site-packages/airflow/example_dags/example_python_decorator.py for tasks to queue
[2024-07-07T20:46:44.825-0300] {logging_mixin.py:188} INFO - [2024-07-07T20:46:44.824-0300] {dagbag.py:545} INFO - Filling up the DagBag from /home/johnny/airflow/lib/python3.12/site-packages/airflow/example_dags/example_python_decorator.py
[2024-07-07T20:46:44.848-0300] {processor.py:840} INFO - DAG(s) 'example_python_decorator' retrieved from /home/johnny/airflow/lib/python3.12/site-packages/airflow/example_dags/example_python_decorator.py
[2024-07-07T20:46:44.877-0300] {logging_mixin.py:188} INFO - [2024-07-07T20:46:44.877-0300] {dag.py:3096} INFO - Sync 1 DAGs
[2024-07-07T20:46:44.893-0300] {logging_mixin.py:188} INFO - [2024-07-07T20:46:44.893-0300] {dag.py:3954} INFO - Setting next_dagrun for example_python_decorator to None, run_after=None
[2024-07-07T20:46:44.947-0300] {processor.py:183} INFO - Processing /home/johnny/airflow/lib/python3.12/site-packages/airflow/example_dags/example_python_decorator.py took 0.142 seconds
[2024-07-07T20:47:49.922-0300] {processor.py:161} INFO - Started process (PID=45518) to work on /home/johnny/airflow/lib/python3.12/site-packages/airflow/example_dags/example_python_decorator.py
[2024-07-07T20:47:49.928-0300] {processor.py:830} INFO - Processing file /home/johnny/airflow/lib/python3.12/site-packages/airflow/example_dags/example_python_decorator.py for tasks to queue
[2024-07-07T20:47:49.930-0300] {logging_mixin.py:188} INFO - [2024-07-07T20:47:49.929-0300] {dagbag.py:545} INFO - Filling up the DagBag from /home/johnny/airflow/lib/python3.12/site-packages/airflow/example_dags/example_python_decorator.py
[2024-07-07T20:47:49.959-0300] {processor.py:840} INFO - DAG(s) 'example_python_decorator' retrieved from /home/johnny/airflow/lib/python3.12/site-packages/airflow/example_dags/example_python_decorator.py
[2024-07-07T20:47:50.000-0300] {logging_mixin.py:188} INFO - [2024-07-07T20:47:50.000-0300] {dag.py:3096} INFO - Sync 1 DAGs
[2024-07-07T20:47:50.035-0300] {logging_mixin.py:188} INFO - [2024-07-07T20:47:50.035-0300] {dag.py:3954} INFO - Setting next_dagrun for example_python_decorator to None, run_after=None
[2024-07-07T20:47:50.063-0300] {processor.py:183} INFO - Processing /home/johnny/airflow/lib/python3.12/site-packages/airflow/example_dags/example_python_decorator.py took 0.153 seconds
[2024-07-07T20:48:57.175-0300] {processor.py:161} INFO - Started process (PID=45699) to work on /home/johnny/airflow/lib/python3.12/site-packages/airflow/example_dags/example_python_decorator.py
[2024-07-07T20:48:57.179-0300] {processor.py:830} INFO - Processing file /home/johnny/airflow/lib/python3.12/site-packages/airflow/example_dags/example_python_decorator.py for tasks to queue
[2024-07-07T20:48:57.181-0300] {logging_mixin.py:188} INFO - [2024-07-07T20:48:57.180-0300] {dagbag.py:545} INFO - Filling up the DagBag from /home/johnny/airflow/lib/python3.12/site-packages/airflow/example_dags/example_python_decorator.py
[2024-07-07T20:48:57.231-0300] {processor.py:840} INFO - DAG(s) 'example_python_decorator' retrieved from /home/johnny/airflow/lib/python3.12/site-packages/airflow/example_dags/example_python_decorator.py
[2024-07-07T20:48:57.286-0300] {logging_mixin.py:188} INFO - [2024-07-07T20:48:57.285-0300] {dag.py:3096} INFO - Sync 1 DAGs
[2024-07-07T20:48:57.307-0300] {logging_mixin.py:188} INFO - [2024-07-07T20:48:57.306-0300] {dag.py:3954} INFO - Setting next_dagrun for example_python_decorator to None, run_after=None
[2024-07-07T20:48:57.359-0300] {processor.py:183} INFO - Processing /home/johnny/airflow/lib/python3.12/site-packages/airflow/example_dags/example_python_decorator.py took 0.208 seconds
[2024-07-07T20:50:08.067-0300] {processor.py:161} INFO - Started process (PID=45887) to work on /home/johnny/airflow/lib/python3.12/site-packages/airflow/example_dags/example_python_decorator.py
[2024-07-07T20:50:08.070-0300] {processor.py:830} INFO - Processing file /home/johnny/airflow/lib/python3.12/site-packages/airflow/example_dags/example_python_decorator.py for tasks to queue
[2024-07-07T20:50:08.072-0300] {logging_mixin.py:188} INFO - [2024-07-07T20:50:08.071-0300] {dagbag.py:545} INFO - Filling up the DagBag from /home/johnny/airflow/lib/python3.12/site-packages/airflow/example_dags/example_python_decorator.py
[2024-07-07T20:50:08.098-0300] {processor.py:840} INFO - DAG(s) 'example_python_decorator' retrieved from /home/johnny/airflow/lib/python3.12/site-packages/airflow/example_dags/example_python_decorator.py
[2024-07-07T20:50:08.138-0300] {logging_mixin.py:188} INFO - [2024-07-07T20:50:08.137-0300] {dag.py:3096} INFO - Sync 1 DAGs
[2024-07-07T20:50:08.173-0300] {logging_mixin.py:188} INFO - [2024-07-07T20:50:08.172-0300] {dag.py:3954} INFO - Setting next_dagrun for example_python_decorator to None, run_after=None
[2024-07-07T20:50:08.212-0300] {processor.py:183} INFO - Processing /home/johnny/airflow/lib/python3.12/site-packages/airflow/example_dags/example_python_decorator.py took 0.160 seconds
[2024-07-07T20:51:20.646-0300] {processor.py:161} INFO - Started process (PID=46070) to work on /home/johnny/airflow/lib/python3.12/site-packages/airflow/example_dags/example_python_decorator.py
[2024-07-07T20:51:20.649-0300] {processor.py:830} INFO - Processing file /home/johnny/airflow/lib/python3.12/site-packages/airflow/example_dags/example_python_decorator.py for tasks to queue
[2024-07-07T20:51:20.652-0300] {logging_mixin.py:188} INFO - [2024-07-07T20:51:20.651-0300] {dagbag.py:545} INFO - Filling up the DagBag from /home/johnny/airflow/lib/python3.12/site-packages/airflow/example_dags/example_python_decorator.py
[2024-07-07T20:51:20.686-0300] {processor.py:840} INFO - DAG(s) 'example_python_decorator' retrieved from /home/johnny/airflow/lib/python3.12/site-packages/airflow/example_dags/example_python_decorator.py
[2024-07-07T20:51:20.726-0300] {logging_mixin.py:188} INFO - [2024-07-07T20:51:20.725-0300] {dag.py:3096} INFO - Sync 1 DAGs
[2024-07-07T20:51:20.758-0300] {logging_mixin.py:188} INFO - [2024-07-07T20:51:20.758-0300] {dag.py:3954} INFO - Setting next_dagrun for example_python_decorator to None, run_after=None
[2024-07-07T20:51:20.815-0300] {processor.py:183} INFO - Processing /home/johnny/airflow/lib/python3.12/site-packages/airflow/example_dags/example_python_decorator.py took 0.177 seconds
[2024-07-07T20:52:31.568-0300] {processor.py:161} INFO - Started process (PID=46264) to work on /home/johnny/airflow/lib/python3.12/site-packages/airflow/example_dags/example_python_decorator.py
[2024-07-07T20:52:31.574-0300] {processor.py:830} INFO - Processing file /home/johnny/airflow/lib/python3.12/site-packages/airflow/example_dags/example_python_decorator.py for tasks to queue
[2024-07-07T20:52:31.578-0300] {logging_mixin.py:188} INFO - [2024-07-07T20:52:31.576-0300] {dagbag.py:545} INFO - Filling up the DagBag from /home/johnny/airflow/lib/python3.12/site-packages/airflow/example_dags/example_python_decorator.py
[2024-07-07T20:52:31.609-0300] {processor.py:840} INFO - DAG(s) 'example_python_decorator' retrieved from /home/johnny/airflow/lib/python3.12/site-packages/airflow/example_dags/example_python_decorator.py
[2024-07-07T20:52:31.641-0300] {logging_mixin.py:188} INFO - [2024-07-07T20:52:31.640-0300] {dag.py:3096} INFO - Sync 1 DAGs
[2024-07-07T20:52:31.663-0300] {logging_mixin.py:188} INFO - [2024-07-07T20:52:31.663-0300] {dag.py:3954} INFO - Setting next_dagrun for example_python_decorator to None, run_after=None
[2024-07-07T20:52:31.716-0300] {processor.py:183} INFO - Processing /home/johnny/airflow/lib/python3.12/site-packages/airflow/example_dags/example_python_decorator.py took 0.159 seconds
[2024-07-07T20:53:35.191-0300] {processor.py:161} INFO - Started process (PID=46432) to work on /home/johnny/airflow/lib/python3.12/site-packages/airflow/example_dags/example_python_decorator.py
[2024-07-07T20:53:35.197-0300] {processor.py:830} INFO - Processing file /home/johnny/airflow/lib/python3.12/site-packages/airflow/example_dags/example_python_decorator.py for tasks to queue
[2024-07-07T20:53:35.199-0300] {logging_mixin.py:188} INFO - [2024-07-07T20:53:35.198-0300] {dagbag.py:545} INFO - Filling up the DagBag from /home/johnny/airflow/lib/python3.12/site-packages/airflow/example_dags/example_python_decorator.py
[2024-07-07T20:53:35.229-0300] {processor.py:840} INFO - DAG(s) 'example_python_decorator' retrieved from /home/johnny/airflow/lib/python3.12/site-packages/airflow/example_dags/example_python_decorator.py
[2024-07-07T20:53:35.263-0300] {logging_mixin.py:188} INFO - [2024-07-07T20:53:35.263-0300] {dag.py:3096} INFO - Sync 1 DAGs
[2024-07-07T20:53:35.280-0300] {logging_mixin.py:188} INFO - [2024-07-07T20:53:35.280-0300] {dag.py:3954} INFO - Setting next_dagrun for example_python_decorator to None, run_after=None
[2024-07-07T20:53:35.344-0300] {processor.py:183} INFO - Processing /home/johnny/airflow/lib/python3.12/site-packages/airflow/example_dags/example_python_decorator.py took 0.168 seconds
[2024-07-07T20:54:45.753-0300] {processor.py:161} INFO - Started process (PID=46616) to work on /home/johnny/airflow/lib/python3.12/site-packages/airflow/example_dags/example_python_decorator.py
[2024-07-07T20:54:45.755-0300] {processor.py:830} INFO - Processing file /home/johnny/airflow/lib/python3.12/site-packages/airflow/example_dags/example_python_decorator.py for tasks to queue
[2024-07-07T20:54:45.757-0300] {logging_mixin.py:188} INFO - [2024-07-07T20:54:45.756-0300] {dagbag.py:545} INFO - Filling up the DagBag from /home/johnny/airflow/lib/python3.12/site-packages/airflow/example_dags/example_python_decorator.py
[2024-07-07T20:54:45.789-0300] {processor.py:840} INFO - DAG(s) 'example_python_decorator' retrieved from /home/johnny/airflow/lib/python3.12/site-packages/airflow/example_dags/example_python_decorator.py
[2024-07-07T20:54:45.819-0300] {logging_mixin.py:188} INFO - [2024-07-07T20:54:45.819-0300] {dag.py:3096} INFO - Sync 1 DAGs
[2024-07-07T20:54:45.844-0300] {logging_mixin.py:188} INFO - [2024-07-07T20:54:45.844-0300] {dag.py:3954} INFO - Setting next_dagrun for example_python_decorator to None, run_after=None
[2024-07-07T20:54:45.894-0300] {processor.py:183} INFO - Processing /home/johnny/airflow/lib/python3.12/site-packages/airflow/example_dags/example_python_decorator.py took 0.153 seconds
[2024-07-07T20:55:51.813-0300] {processor.py:161} INFO - Started process (PID=46799) to work on /home/johnny/airflow/lib/python3.12/site-packages/airflow/example_dags/example_python_decorator.py
[2024-07-07T20:55:51.815-0300] {processor.py:830} INFO - Processing file /home/johnny/airflow/lib/python3.12/site-packages/airflow/example_dags/example_python_decorator.py for tasks to queue
[2024-07-07T20:55:51.817-0300] {logging_mixin.py:188} INFO - [2024-07-07T20:55:51.817-0300] {dagbag.py:545} INFO - Filling up the DagBag from /home/johnny/airflow/lib/python3.12/site-packages/airflow/example_dags/example_python_decorator.py
[2024-07-07T20:55:51.844-0300] {processor.py:840} INFO - DAG(s) 'example_python_decorator' retrieved from /home/johnny/airflow/lib/python3.12/site-packages/airflow/example_dags/example_python_decorator.py
[2024-07-07T20:55:51.882-0300] {logging_mixin.py:188} INFO - [2024-07-07T20:55:51.881-0300] {dag.py:3096} INFO - Sync 1 DAGs
[2024-07-07T20:55:51.905-0300] {logging_mixin.py:188} INFO - [2024-07-07T20:55:51.905-0300] {dag.py:3954} INFO - Setting next_dagrun for example_python_decorator to None, run_after=None
[2024-07-07T20:55:51.983-0300] {processor.py:183} INFO - Processing /home/johnny/airflow/lib/python3.12/site-packages/airflow/example_dags/example_python_decorator.py took 0.182 seconds
[2024-07-07T20:57:01.487-0300] {processor.py:161} INFO - Started process (PID=46986) to work on /home/johnny/airflow/lib/python3.12/site-packages/airflow/example_dags/example_python_decorator.py
[2024-07-07T20:57:01.492-0300] {processor.py:830} INFO - Processing file /home/johnny/airflow/lib/python3.12/site-packages/airflow/example_dags/example_python_decorator.py for tasks to queue
[2024-07-07T20:57:01.494-0300] {logging_mixin.py:188} INFO - [2024-07-07T20:57:01.493-0300] {dagbag.py:545} INFO - Filling up the DagBag from /home/johnny/airflow/lib/python3.12/site-packages/airflow/example_dags/example_python_decorator.py
[2024-07-07T20:57:01.519-0300] {processor.py:840} INFO - DAG(s) 'example_python_decorator' retrieved from /home/johnny/airflow/lib/python3.12/site-packages/airflow/example_dags/example_python_decorator.py
[2024-07-07T20:57:01.547-0300] {logging_mixin.py:188} INFO - [2024-07-07T20:57:01.547-0300] {dag.py:3096} INFO - Sync 1 DAGs
[2024-07-07T20:57:01.567-0300] {logging_mixin.py:188} INFO - [2024-07-07T20:57:01.567-0300] {dag.py:3954} INFO - Setting next_dagrun for example_python_decorator to None, run_after=None
[2024-07-07T20:57:01.603-0300] {processor.py:183} INFO - Processing /home/johnny/airflow/lib/python3.12/site-packages/airflow/example_dags/example_python_decorator.py took 0.142 seconds
[2024-07-07T20:58:11.772-0300] {processor.py:161} INFO - Started process (PID=47188) to work on /home/johnny/airflow/lib/python3.12/site-packages/airflow/example_dags/example_python_decorator.py
[2024-07-07T20:58:11.774-0300] {processor.py:830} INFO - Processing file /home/johnny/airflow/lib/python3.12/site-packages/airflow/example_dags/example_python_decorator.py for tasks to queue
[2024-07-07T20:58:11.778-0300] {logging_mixin.py:188} INFO - [2024-07-07T20:58:11.776-0300] {dagbag.py:545} INFO - Filling up the DagBag from /home/johnny/airflow/lib/python3.12/site-packages/airflow/example_dags/example_python_decorator.py
[2024-07-07T20:58:11.808-0300] {processor.py:840} INFO - DAG(s) 'example_python_decorator' retrieved from /home/johnny/airflow/lib/python3.12/site-packages/airflow/example_dags/example_python_decorator.py
[2024-07-07T20:58:11.846-0300] {logging_mixin.py:188} INFO - [2024-07-07T20:58:11.845-0300] {dag.py:3096} INFO - Sync 1 DAGs
[2024-07-07T20:58:11.865-0300] {logging_mixin.py:188} INFO - [2024-07-07T20:58:11.865-0300] {dag.py:3954} INFO - Setting next_dagrun for example_python_decorator to None, run_after=None
[2024-07-07T20:58:11.897-0300] {processor.py:183} INFO - Processing /home/johnny/airflow/lib/python3.12/site-packages/airflow/example_dags/example_python_decorator.py took 0.133 seconds
[2024-07-07T20:59:22.848-0300] {processor.py:161} INFO - Started process (PID=47394) to work on /home/johnny/airflow/lib/python3.12/site-packages/airflow/example_dags/example_python_decorator.py
[2024-07-07T20:59:22.850-0300] {processor.py:830} INFO - Processing file /home/johnny/airflow/lib/python3.12/site-packages/airflow/example_dags/example_python_decorator.py for tasks to queue
[2024-07-07T20:59:22.853-0300] {logging_mixin.py:188} INFO - [2024-07-07T20:59:22.852-0300] {dagbag.py:545} INFO - Filling up the DagBag from /home/johnny/airflow/lib/python3.12/site-packages/airflow/example_dags/example_python_decorator.py
[2024-07-07T20:59:22.939-0300] {processor.py:840} INFO - DAG(s) 'example_python_decorator' retrieved from /home/johnny/airflow/lib/python3.12/site-packages/airflow/example_dags/example_python_decorator.py
[2024-07-07T20:59:22.992-0300] {logging_mixin.py:188} INFO - [2024-07-07T20:59:22.991-0300] {dag.py:3096} INFO - Sync 1 DAGs
[2024-07-07T20:59:23.025-0300] {logging_mixin.py:188} INFO - [2024-07-07T20:59:23.024-0300] {dag.py:3954} INFO - Setting next_dagrun for example_python_decorator to None, run_after=None
[2024-07-07T20:59:23.072-0300] {processor.py:183} INFO - Processing /home/johnny/airflow/lib/python3.12/site-packages/airflow/example_dags/example_python_decorator.py took 0.234 seconds
