[2024-07-07T14:04:51.358-0300] {processor.py:161} INFO - Started process (PID=3004) to work on /home/johnny/airflow_env/lib/python3.12/site-packages/airflow/example_dags/example_sla_dag.py
[2024-07-07T14:04:51.360-0300] {processor.py:830} INFO - Processing file /home/johnny/airflow_env/lib/python3.12/site-packages/airflow/example_dags/example_sla_dag.py for tasks to queue
[2024-07-07T14:04:51.367-0300] {logging_mixin.py:188} INFO - [2024-07-07T14:04:51.366-0300] {dagbag.py:545} INFO - Filling up the DagBag from /home/johnny/airflow_env/lib/python3.12/site-packages/airflow/example_dags/example_sla_dag.py
[2024-07-07T14:04:51.390-0300] {processor.py:840} INFO - DAG(s) 'example_sla_dag' retrieved from /home/johnny/airflow_env/lib/python3.12/site-packages/airflow/example_dags/example_sla_dag.py
[2024-07-07T14:04:51.644-0300] {logging_mixin.py:188} INFO - [2024-07-07T14:04:51.642-0300] {override.py:1847} INFO - Created Permission View: can delete on DAG:example_sla_dag
[2024-07-07T14:04:51.673-0300] {logging_mixin.py:188} INFO - [2024-07-07T14:04:51.671-0300] {override.py:1847} INFO - Created Permission View: can read on DAG:example_sla_dag
[2024-07-07T14:04:51.691-0300] {logging_mixin.py:188} INFO - [2024-07-07T14:04:51.690-0300] {override.py:1847} INFO - Created Permission View: can edit on DAG:example_sla_dag
[2024-07-07T14:04:51.692-0300] {logging_mixin.py:188} INFO - [2024-07-07T14:04:51.692-0300] {dag.py:3096} INFO - Sync 1 DAGs
[2024-07-07T14:04:51.714-0300] {logging_mixin.py:188} INFO - [2024-07-07T14:04:51.714-0300] {dag.py:3118} INFO - Creating ORM DAG for example_sla_dag
[2024-07-07T14:04:51.739-0300] {logging_mixin.py:188} INFO - [2024-07-07T14:04:51.739-0300] {dag.py:3954} INFO - Setting next_dagrun for example_sla_dag to 2024-07-07 17:02:00+00:00, run_after=2024-07-07 17:04:00+00:00
[2024-07-07T14:04:51.780-0300] {processor.py:183} INFO - Processing /home/johnny/airflow_env/lib/python3.12/site-packages/airflow/example_dags/example_sla_dag.py took 0.436 seconds
[2024-07-07T14:05:54.796-0300] {processor.py:161} INFO - Started process (PID=3055) to work on /home/johnny/airflow_env/lib/python3.12/site-packages/airflow/example_dags/example_sla_dag.py
[2024-07-07T14:05:54.798-0300] {processor.py:830} INFO - Processing file /home/johnny/airflow_env/lib/python3.12/site-packages/airflow/example_dags/example_sla_dag.py for tasks to queue
[2024-07-07T14:05:54.803-0300] {logging_mixin.py:188} INFO - [2024-07-07T14:05:54.802-0300] {dagbag.py:545} INFO - Filling up the DagBag from /home/johnny/airflow_env/lib/python3.12/site-packages/airflow/example_dags/example_sla_dag.py
[2024-07-07T14:05:54.819-0300] {processor.py:840} INFO - DAG(s) 'example_sla_dag' retrieved from /home/johnny/airflow_env/lib/python3.12/site-packages/airflow/example_dags/example_sla_dag.py
[2024-07-07T14:05:54.847-0300] {logging_mixin.py:188} INFO - [2024-07-07T14:05:54.846-0300] {dag.py:3096} INFO - Sync 1 DAGs
[2024-07-07T14:05:54.878-0300] {logging_mixin.py:188} INFO - [2024-07-07T14:05:54.878-0300] {dag.py:3954} INFO - Setting next_dagrun for example_sla_dag to 2024-07-07 17:02:00+00:00, run_after=2024-07-07 17:04:00+00:00
[2024-07-07T14:05:54.907-0300] {processor.py:183} INFO - Processing /home/johnny/airflow_env/lib/python3.12/site-packages/airflow/example_dags/example_sla_dag.py took 0.121 seconds
[2024-07-07T14:06:55.170-0300] {processor.py:161} INFO - Started process (PID=3109) to work on /home/johnny/airflow_env/lib/python3.12/site-packages/airflow/example_dags/example_sla_dag.py
[2024-07-07T14:06:55.173-0300] {processor.py:830} INFO - Processing file /home/johnny/airflow_env/lib/python3.12/site-packages/airflow/example_dags/example_sla_dag.py for tasks to queue
[2024-07-07T14:06:55.176-0300] {logging_mixin.py:188} INFO - [2024-07-07T14:06:55.175-0300] {dagbag.py:545} INFO - Filling up the DagBag from /home/johnny/airflow_env/lib/python3.12/site-packages/airflow/example_dags/example_sla_dag.py
[2024-07-07T14:06:55.192-0300] {processor.py:840} INFO - DAG(s) 'example_sla_dag' retrieved from /home/johnny/airflow_env/lib/python3.12/site-packages/airflow/example_dags/example_sla_dag.py
[2024-07-07T14:06:55.224-0300] {logging_mixin.py:188} INFO - [2024-07-07T14:06:55.223-0300] {dag.py:3096} INFO - Sync 1 DAGs
[2024-07-07T14:06:55.273-0300] {logging_mixin.py:188} INFO - [2024-07-07T14:06:55.273-0300] {dag.py:3954} INFO - Setting next_dagrun for example_sla_dag to 2024-07-07 17:04:00+00:00, run_after=2024-07-07 17:06:00+00:00
[2024-07-07T14:06:55.316-0300] {processor.py:183} INFO - Processing /home/johnny/airflow_env/lib/python3.12/site-packages/airflow/example_dags/example_sla_dag.py took 0.156 seconds
[2024-07-07T14:07:52.216-0300] {processor.py:161} INFO - Started process (PID=3160) to work on /home/johnny/airflow_env/lib/python3.12/site-packages/airflow/example_dags/example_sla_dag.py
[2024-07-07T14:07:52.218-0300] {processor.py:830} INFO - Processing file /home/johnny/airflow_env/lib/python3.12/site-packages/airflow/example_dags/example_sla_dag.py for tasks to queue
[2024-07-07T14:07:52.220-0300] {logging_mixin.py:188} INFO - [2024-07-07T14:07:52.219-0300] {dagbag.py:545} INFO - Filling up the DagBag from /home/johnny/airflow_env/lib/python3.12/site-packages/airflow/example_dags/example_sla_dag.py
[2024-07-07T14:07:52.232-0300] {processor.py:840} INFO - DAG(s) 'example_sla_dag' retrieved from /home/johnny/airflow_env/lib/python3.12/site-packages/airflow/example_dags/example_sla_dag.py
[2024-07-07T14:07:52.266-0300] {logging_mixin.py:188} INFO - [2024-07-07T14:07:52.265-0300] {dag.py:3096} INFO - Sync 1 DAGs
[2024-07-07T14:07:52.319-0300] {logging_mixin.py:188} INFO - [2024-07-07T14:07:52.319-0300] {dag.py:3954} INFO - Setting next_dagrun for example_sla_dag to 2024-07-07 17:04:00+00:00, run_after=2024-07-07 17:06:00+00:00
[2024-07-07T14:07:52.359-0300] {processor.py:183} INFO - Processing /home/johnny/airflow_env/lib/python3.12/site-packages/airflow/example_dags/example_sla_dag.py took 0.152 seconds
[2024-07-07T19:45:19.253-0300] {processor.py:161} INFO - Started process (PID=35242) to work on /home/johnny/airflow/lib/python3.12/site-packages/airflow/example_dags/example_sla_dag.py
[2024-07-07T19:45:19.255-0300] {processor.py:830} INFO - Processing file /home/johnny/airflow/lib/python3.12/site-packages/airflow/example_dags/example_sla_dag.py for tasks to queue
[2024-07-07T19:45:19.260-0300] {logging_mixin.py:188} INFO - [2024-07-07T19:45:19.259-0300] {dagbag.py:545} INFO - Filling up the DagBag from /home/johnny/airflow/lib/python3.12/site-packages/airflow/example_dags/example_sla_dag.py
[2024-07-07T19:45:19.282-0300] {processor.py:840} INFO - DAG(s) 'example_sla_dag' retrieved from /home/johnny/airflow/lib/python3.12/site-packages/airflow/example_dags/example_sla_dag.py
[2024-07-07T19:45:19.504-0300] {logging_mixin.py:188} INFO - [2024-07-07T19:45:19.503-0300] {dag.py:3096} INFO - Sync 1 DAGs
[2024-07-07T19:45:19.555-0300] {logging_mixin.py:188} INFO - [2024-07-07T19:45:19.555-0300] {dag.py:3954} INFO - Setting next_dagrun for example_sla_dag to 2024-07-07 22:42:00+00:00, run_after=2024-07-07 22:44:00+00:00
[2024-07-07T19:45:19.614-0300] {processor.py:183} INFO - Processing /home/johnny/airflow/lib/python3.12/site-packages/airflow/example_dags/example_sla_dag.py took 0.376 seconds
[2024-07-07T19:46:31.024-0300] {processor.py:161} INFO - Started process (PID=35410) to work on /home/johnny/airflow/lib/python3.12/site-packages/airflow/example_dags/example_sla_dag.py
[2024-07-07T19:46:31.032-0300] {processor.py:830} INFO - Processing file /home/johnny/airflow/lib/python3.12/site-packages/airflow/example_dags/example_sla_dag.py for tasks to queue
[2024-07-07T19:46:31.037-0300] {logging_mixin.py:188} INFO - [2024-07-07T19:46:31.036-0300] {dagbag.py:545} INFO - Filling up the DagBag from /home/johnny/airflow/lib/python3.12/site-packages/airflow/example_dags/example_sla_dag.py
[2024-07-07T19:46:31.065-0300] {processor.py:840} INFO - DAG(s) 'example_sla_dag' retrieved from /home/johnny/airflow/lib/python3.12/site-packages/airflow/example_dags/example_sla_dag.py
[2024-07-07T19:46:31.109-0300] {logging_mixin.py:188} INFO - [2024-07-07T19:46:31.107-0300] {dag.py:3096} INFO - Sync 1 DAGs
[2024-07-07T19:46:31.179-0300] {logging_mixin.py:188} INFO - [2024-07-07T19:46:31.178-0300] {dag.py:3954} INFO - Setting next_dagrun for example_sla_dag to 2024-07-07 22:44:00+00:00, run_after=2024-07-07 22:46:00+00:00
[2024-07-07T19:46:31.227-0300] {processor.py:183} INFO - Processing /home/johnny/airflow/lib/python3.12/site-packages/airflow/example_dags/example_sla_dag.py took 0.216 seconds
[2024-07-07T19:47:47.190-0300] {processor.py:161} INFO - Started process (PID=35618) to work on /home/johnny/airflow/lib/python3.12/site-packages/airflow/example_dags/example_sla_dag.py
[2024-07-07T19:47:47.194-0300] {processor.py:830} INFO - Processing file /home/johnny/airflow/lib/python3.12/site-packages/airflow/example_dags/example_sla_dag.py for tasks to queue
[2024-07-07T19:47:47.200-0300] {logging_mixin.py:188} INFO - [2024-07-07T19:47:47.199-0300] {dagbag.py:545} INFO - Filling up the DagBag from /home/johnny/airflow/lib/python3.12/site-packages/airflow/example_dags/example_sla_dag.py
[2024-07-07T19:47:47.224-0300] {processor.py:840} INFO - DAG(s) 'example_sla_dag' retrieved from /home/johnny/airflow/lib/python3.12/site-packages/airflow/example_dags/example_sla_dag.py
[2024-07-07T19:47:47.268-0300] {logging_mixin.py:188} INFO - [2024-07-07T19:47:47.267-0300] {dag.py:3096} INFO - Sync 1 DAGs
[2024-07-07T19:47:47.307-0300] {logging_mixin.py:188} INFO - [2024-07-07T19:47:47.307-0300] {dag.py:3954} INFO - Setting next_dagrun for example_sla_dag to 2024-07-07 22:44:00+00:00, run_after=2024-07-07 22:46:00+00:00
[2024-07-07T19:47:47.343-0300] {processor.py:183} INFO - Processing /home/johnny/airflow/lib/python3.12/site-packages/airflow/example_dags/example_sla_dag.py took 0.169 seconds
[2024-07-07T19:48:53.750-0300] {processor.py:161} INFO - Started process (PID=35821) to work on /home/johnny/airflow/lib/python3.12/site-packages/airflow/example_dags/example_sla_dag.py
[2024-07-07T19:48:53.752-0300] {processor.py:830} INFO - Processing file /home/johnny/airflow/lib/python3.12/site-packages/airflow/example_dags/example_sla_dag.py for tasks to queue
[2024-07-07T19:48:53.756-0300] {logging_mixin.py:188} INFO - [2024-07-07T19:48:53.755-0300] {dagbag.py:545} INFO - Filling up the DagBag from /home/johnny/airflow/lib/python3.12/site-packages/airflow/example_dags/example_sla_dag.py
[2024-07-07T19:48:53.773-0300] {processor.py:840} INFO - DAG(s) 'example_sla_dag' retrieved from /home/johnny/airflow/lib/python3.12/site-packages/airflow/example_dags/example_sla_dag.py
[2024-07-07T19:48:53.802-0300] {logging_mixin.py:188} INFO - [2024-07-07T19:48:53.801-0300] {dag.py:3096} INFO - Sync 1 DAGs
[2024-07-07T19:48:53.841-0300] {logging_mixin.py:188} INFO - [2024-07-07T19:48:53.840-0300] {dag.py:3954} INFO - Setting next_dagrun for example_sla_dag to 2024-07-07 22:46:00+00:00, run_after=2024-07-07 22:48:00+00:00
[2024-07-07T19:48:53.900-0300] {processor.py:183} INFO - Processing /home/johnny/airflow/lib/python3.12/site-packages/airflow/example_dags/example_sla_dag.py took 0.164 seconds
[2024-07-07T19:49:57.503-0300] {processor.py:161} INFO - Started process (PID=35998) to work on /home/johnny/airflow/lib/python3.12/site-packages/airflow/example_dags/example_sla_dag.py
[2024-07-07T19:49:57.505-0300] {processor.py:830} INFO - Processing file /home/johnny/airflow/lib/python3.12/site-packages/airflow/example_dags/example_sla_dag.py for tasks to queue
[2024-07-07T19:49:57.511-0300] {logging_mixin.py:188} INFO - [2024-07-07T19:49:57.508-0300] {dagbag.py:545} INFO - Filling up the DagBag from /home/johnny/airflow/lib/python3.12/site-packages/airflow/example_dags/example_sla_dag.py
[2024-07-07T19:49:57.530-0300] {processor.py:840} INFO - DAG(s) 'example_sla_dag' retrieved from /home/johnny/airflow/lib/python3.12/site-packages/airflow/example_dags/example_sla_dag.py
[2024-07-07T19:49:57.565-0300] {logging_mixin.py:188} INFO - [2024-07-07T19:49:57.564-0300] {dag.py:3096} INFO - Sync 1 DAGs
[2024-07-07T19:49:57.637-0300] {logging_mixin.py:188} INFO - [2024-07-07T19:49:57.637-0300] {dag.py:3954} INFO - Setting next_dagrun for example_sla_dag to 2024-07-07 22:46:00+00:00, run_after=2024-07-07 22:48:00+00:00
[2024-07-07T19:49:57.705-0300] {processor.py:183} INFO - Processing /home/johnny/airflow/lib/python3.12/site-packages/airflow/example_dags/example_sla_dag.py took 0.211 seconds
[2024-07-07T19:51:09.706-0300] {processor.py:161} INFO - Started process (PID=36197) to work on /home/johnny/airflow/lib/python3.12/site-packages/airflow/example_dags/example_sla_dag.py
[2024-07-07T19:51:09.711-0300] {processor.py:830} INFO - Processing file /home/johnny/airflow/lib/python3.12/site-packages/airflow/example_dags/example_sla_dag.py for tasks to queue
[2024-07-07T19:51:09.717-0300] {logging_mixin.py:188} INFO - [2024-07-07T19:51:09.716-0300] {dagbag.py:545} INFO - Filling up the DagBag from /home/johnny/airflow/lib/python3.12/site-packages/airflow/example_dags/example_sla_dag.py
[2024-07-07T19:51:09.739-0300] {processor.py:840} INFO - DAG(s) 'example_sla_dag' retrieved from /home/johnny/airflow/lib/python3.12/site-packages/airflow/example_dags/example_sla_dag.py
[2024-07-07T19:51:09.772-0300] {logging_mixin.py:188} INFO - [2024-07-07T19:51:09.771-0300] {dag.py:3096} INFO - Sync 1 DAGs
[2024-07-07T19:51:09.810-0300] {logging_mixin.py:188} INFO - [2024-07-07T19:51:09.810-0300] {dag.py:3954} INFO - Setting next_dagrun for example_sla_dag to 2024-07-07 22:48:00+00:00, run_after=2024-07-07 22:50:00+00:00
[2024-07-07T19:51:09.860-0300] {processor.py:183} INFO - Processing /home/johnny/airflow/lib/python3.12/site-packages/airflow/example_dags/example_sla_dag.py took 0.168 seconds
[2024-07-07T19:52:18.556-0300] {processor.py:161} INFO - Started process (PID=36378) to work on /home/johnny/airflow/lib/python3.12/site-packages/airflow/example_dags/example_sla_dag.py
[2024-07-07T19:52:18.562-0300] {processor.py:830} INFO - Processing file /home/johnny/airflow/lib/python3.12/site-packages/airflow/example_dags/example_sla_dag.py for tasks to queue
[2024-07-07T19:52:18.568-0300] {logging_mixin.py:188} INFO - [2024-07-07T19:52:18.567-0300] {dagbag.py:545} INFO - Filling up the DagBag from /home/johnny/airflow/lib/python3.12/site-packages/airflow/example_dags/example_sla_dag.py
[2024-07-07T19:52:18.590-0300] {processor.py:840} INFO - DAG(s) 'example_sla_dag' retrieved from /home/johnny/airflow/lib/python3.12/site-packages/airflow/example_dags/example_sla_dag.py
[2024-07-07T19:52:18.636-0300] {logging_mixin.py:188} INFO - [2024-07-07T19:52:18.634-0300] {dag.py:3096} INFO - Sync 1 DAGs
[2024-07-07T19:52:18.709-0300] {logging_mixin.py:188} INFO - [2024-07-07T19:52:18.709-0300] {dag.py:3954} INFO - Setting next_dagrun for example_sla_dag to 2024-07-07 22:50:00+00:00, run_after=2024-07-07 22:52:00+00:00
[2024-07-07T19:52:18.762-0300] {processor.py:183} INFO - Processing /home/johnny/airflow/lib/python3.12/site-packages/airflow/example_dags/example_sla_dag.py took 0.223 seconds
[2024-07-07T19:53:30.631-0300] {processor.py:161} INFO - Started process (PID=36587) to work on /home/johnny/airflow/lib/python3.12/site-packages/airflow/example_dags/example_sla_dag.py
[2024-07-07T19:53:30.636-0300] {processor.py:830} INFO - Processing file /home/johnny/airflow/lib/python3.12/site-packages/airflow/example_dags/example_sla_dag.py for tasks to queue
[2024-07-07T19:53:30.640-0300] {logging_mixin.py:188} INFO - [2024-07-07T19:53:30.639-0300] {dagbag.py:545} INFO - Filling up the DagBag from /home/johnny/airflow/lib/python3.12/site-packages/airflow/example_dags/example_sla_dag.py
[2024-07-07T19:53:30.663-0300] {processor.py:840} INFO - DAG(s) 'example_sla_dag' retrieved from /home/johnny/airflow/lib/python3.12/site-packages/airflow/example_dags/example_sla_dag.py
[2024-07-07T19:53:30.691-0300] {logging_mixin.py:188} INFO - [2024-07-07T19:53:30.690-0300] {dag.py:3096} INFO - Sync 1 DAGs
[2024-07-07T19:53:30.748-0300] {logging_mixin.py:188} INFO - [2024-07-07T19:53:30.748-0300] {dag.py:3954} INFO - Setting next_dagrun for example_sla_dag to 2024-07-07 22:50:00+00:00, run_after=2024-07-07 22:52:00+00:00
[2024-07-07T19:53:30.798-0300] {processor.py:183} INFO - Processing /home/johnny/airflow/lib/python3.12/site-packages/airflow/example_dags/example_sla_dag.py took 0.188 seconds
[2024-07-07T19:54:39.026-0300] {processor.py:161} INFO - Started process (PID=36770) to work on /home/johnny/airflow/lib/python3.12/site-packages/airflow/example_dags/example_sla_dag.py
[2024-07-07T19:54:39.029-0300] {processor.py:830} INFO - Processing file /home/johnny/airflow/lib/python3.12/site-packages/airflow/example_dags/example_sla_dag.py for tasks to queue
[2024-07-07T19:54:39.032-0300] {logging_mixin.py:188} INFO - [2024-07-07T19:54:39.031-0300] {dagbag.py:545} INFO - Filling up the DagBag from /home/johnny/airflow/lib/python3.12/site-packages/airflow/example_dags/example_sla_dag.py
[2024-07-07T19:54:39.053-0300] {processor.py:840} INFO - DAG(s) 'example_sla_dag' retrieved from /home/johnny/airflow/lib/python3.12/site-packages/airflow/example_dags/example_sla_dag.py
[2024-07-07T19:54:39.088-0300] {logging_mixin.py:188} INFO - [2024-07-07T19:54:39.087-0300] {dag.py:3096} INFO - Sync 1 DAGs
[2024-07-07T19:54:39.150-0300] {logging_mixin.py:188} INFO - [2024-07-07T19:54:39.150-0300] {dag.py:3954} INFO - Setting next_dagrun for example_sla_dag to 2024-07-07 22:52:00+00:00, run_after=2024-07-07 22:54:00+00:00
[2024-07-07T19:54:39.231-0300] {processor.py:183} INFO - Processing /home/johnny/airflow/lib/python3.12/site-packages/airflow/example_dags/example_sla_dag.py took 0.222 seconds
[2024-07-07T19:55:51.139-0300] {processor.py:161} INFO - Started process (PID=36962) to work on /home/johnny/airflow/lib/python3.12/site-packages/airflow/example_dags/example_sla_dag.py
[2024-07-07T19:55:51.145-0300] {processor.py:830} INFO - Processing file /home/johnny/airflow/lib/python3.12/site-packages/airflow/example_dags/example_sla_dag.py for tasks to queue
[2024-07-07T19:55:51.147-0300] {logging_mixin.py:188} INFO - [2024-07-07T19:55:51.146-0300] {dagbag.py:545} INFO - Filling up the DagBag from /home/johnny/airflow/lib/python3.12/site-packages/airflow/example_dags/example_sla_dag.py
[2024-07-07T19:55:51.165-0300] {processor.py:840} INFO - DAG(s) 'example_sla_dag' retrieved from /home/johnny/airflow/lib/python3.12/site-packages/airflow/example_dags/example_sla_dag.py
[2024-07-07T19:55:51.194-0300] {logging_mixin.py:188} INFO - [2024-07-07T19:55:51.194-0300] {dag.py:3096} INFO - Sync 1 DAGs
[2024-07-07T19:55:51.240-0300] {logging_mixin.py:188} INFO - [2024-07-07T19:55:51.239-0300] {dag.py:3954} INFO - Setting next_dagrun for example_sla_dag to 2024-07-07 22:52:00+00:00, run_after=2024-07-07 22:54:00+00:00
[2024-07-07T19:55:51.288-0300] {processor.py:183} INFO - Processing /home/johnny/airflow/lib/python3.12/site-packages/airflow/example_dags/example_sla_dag.py took 0.160 seconds
[2024-07-07T19:57:04.663-0300] {processor.py:161} INFO - Started process (PID=37160) to work on /home/johnny/airflow/lib/python3.12/site-packages/airflow/example_dags/example_sla_dag.py
[2024-07-07T19:57:04.669-0300] {processor.py:830} INFO - Processing file /home/johnny/airflow/lib/python3.12/site-packages/airflow/example_dags/example_sla_dag.py for tasks to queue
[2024-07-07T19:57:04.671-0300] {logging_mixin.py:188} INFO - [2024-07-07T19:57:04.670-0300] {dagbag.py:545} INFO - Filling up the DagBag from /home/johnny/airflow/lib/python3.12/site-packages/airflow/example_dags/example_sla_dag.py
[2024-07-07T19:57:04.685-0300] {processor.py:840} INFO - DAG(s) 'example_sla_dag' retrieved from /home/johnny/airflow/lib/python3.12/site-packages/airflow/example_dags/example_sla_dag.py
[2024-07-07T19:57:04.707-0300] {logging_mixin.py:188} INFO - [2024-07-07T19:57:04.706-0300] {dag.py:3096} INFO - Sync 1 DAGs
[2024-07-07T19:57:04.734-0300] {logging_mixin.py:188} INFO - [2024-07-07T19:57:04.733-0300] {dag.py:3954} INFO - Setting next_dagrun for example_sla_dag to 2024-07-07 22:54:00+00:00, run_after=2024-07-07 22:56:00+00:00
[2024-07-07T19:57:04.764-0300] {processor.py:183} INFO - Processing /home/johnny/airflow/lib/python3.12/site-packages/airflow/example_dags/example_sla_dag.py took 0.124 seconds
[2024-07-07T19:58:17.479-0300] {processor.py:161} INFO - Started process (PID=37370) to work on /home/johnny/airflow/lib/python3.12/site-packages/airflow/example_dags/example_sla_dag.py
[2024-07-07T19:58:17.485-0300] {processor.py:830} INFO - Processing file /home/johnny/airflow/lib/python3.12/site-packages/airflow/example_dags/example_sla_dag.py for tasks to queue
[2024-07-07T19:58:17.488-0300] {logging_mixin.py:188} INFO - [2024-07-07T19:58:17.487-0300] {dagbag.py:545} INFO - Filling up the DagBag from /home/johnny/airflow/lib/python3.12/site-packages/airflow/example_dags/example_sla_dag.py
[2024-07-07T19:58:17.509-0300] {processor.py:840} INFO - DAG(s) 'example_sla_dag' retrieved from /home/johnny/airflow/lib/python3.12/site-packages/airflow/example_dags/example_sla_dag.py
[2024-07-07T19:58:17.550-0300] {logging_mixin.py:188} INFO - [2024-07-07T19:58:17.549-0300] {dag.py:3096} INFO - Sync 1 DAGs
[2024-07-07T19:58:17.651-0300] {logging_mixin.py:188} INFO - [2024-07-07T19:58:17.651-0300] {dag.py:3954} INFO - Setting next_dagrun for example_sla_dag to 2024-07-07 22:56:00+00:00, run_after=2024-07-07 22:58:00+00:00
[2024-07-07T19:58:17.715-0300] {processor.py:183} INFO - Processing /home/johnny/airflow/lib/python3.12/site-packages/airflow/example_dags/example_sla_dag.py took 0.248 seconds
[2024-07-07T19:59:21.548-0300] {processor.py:161} INFO - Started process (PID=37549) to work on /home/johnny/airflow/lib/python3.12/site-packages/airflow/example_dags/example_sla_dag.py
[2024-07-07T19:59:21.555-0300] {processor.py:830} INFO - Processing file /home/johnny/airflow/lib/python3.12/site-packages/airflow/example_dags/example_sla_dag.py for tasks to queue
[2024-07-07T19:59:21.557-0300] {logging_mixin.py:188} INFO - [2024-07-07T19:59:21.556-0300] {dagbag.py:545} INFO - Filling up the DagBag from /home/johnny/airflow/lib/python3.12/site-packages/airflow/example_dags/example_sla_dag.py
[2024-07-07T19:59:21.580-0300] {processor.py:840} INFO - DAG(s) 'example_sla_dag' retrieved from /home/johnny/airflow/lib/python3.12/site-packages/airflow/example_dags/example_sla_dag.py
[2024-07-07T19:59:21.614-0300] {logging_mixin.py:188} INFO - [2024-07-07T19:59:21.614-0300] {dag.py:3096} INFO - Sync 1 DAGs
[2024-07-07T19:59:21.649-0300] {logging_mixin.py:188} INFO - [2024-07-07T19:59:21.649-0300] {dag.py:3954} INFO - Setting next_dagrun for example_sla_dag to 2024-07-07 22:56:00+00:00, run_after=2024-07-07 22:58:00+00:00
[2024-07-07T19:59:21.691-0300] {processor.py:183} INFO - Processing /home/johnny/airflow/lib/python3.12/site-packages/airflow/example_dags/example_sla_dag.py took 0.155 seconds
[2024-07-07T20:00:25.029-0300] {processor.py:161} INFO - Started process (PID=37726) to work on /home/johnny/airflow/lib/python3.12/site-packages/airflow/example_dags/example_sla_dag.py
[2024-07-07T20:00:25.032-0300] {processor.py:830} INFO - Processing file /home/johnny/airflow/lib/python3.12/site-packages/airflow/example_dags/example_sla_dag.py for tasks to queue
[2024-07-07T20:00:25.033-0300] {logging_mixin.py:188} INFO - [2024-07-07T20:00:25.033-0300] {dagbag.py:545} INFO - Filling up the DagBag from /home/johnny/airflow/lib/python3.12/site-packages/airflow/example_dags/example_sla_dag.py
[2024-07-07T20:00:25.051-0300] {processor.py:840} INFO - DAG(s) 'example_sla_dag' retrieved from /home/johnny/airflow/lib/python3.12/site-packages/airflow/example_dags/example_sla_dag.py
[2024-07-07T20:00:25.079-0300] {logging_mixin.py:188} INFO - [2024-07-07T20:00:25.079-0300] {dag.py:3096} INFO - Sync 1 DAGs
[2024-07-07T20:00:25.113-0300] {logging_mixin.py:188} INFO - [2024-07-07T20:00:25.113-0300] {dag.py:3954} INFO - Setting next_dagrun for example_sla_dag to 2024-07-07 22:58:00+00:00, run_after=2024-07-07 23:00:00+00:00
[2024-07-07T20:00:25.147-0300] {processor.py:183} INFO - Processing /home/johnny/airflow/lib/python3.12/site-packages/airflow/example_dags/example_sla_dag.py took 0.130 seconds
[2024-07-07T20:01:31.833-0300] {processor.py:161} INFO - Started process (PID=37911) to work on /home/johnny/airflow/lib/python3.12/site-packages/airflow/example_dags/example_sla_dag.py
[2024-07-07T20:01:31.839-0300] {processor.py:830} INFO - Processing file /home/johnny/airflow/lib/python3.12/site-packages/airflow/example_dags/example_sla_dag.py for tasks to queue
[2024-07-07T20:01:31.843-0300] {logging_mixin.py:188} INFO - [2024-07-07T20:01:31.841-0300] {dagbag.py:545} INFO - Filling up the DagBag from /home/johnny/airflow/lib/python3.12/site-packages/airflow/example_dags/example_sla_dag.py
[2024-07-07T20:01:31.879-0300] {processor.py:840} INFO - DAG(s) 'example_sla_dag' retrieved from /home/johnny/airflow/lib/python3.12/site-packages/airflow/example_dags/example_sla_dag.py
[2024-07-07T20:01:31.933-0300] {logging_mixin.py:188} INFO - [2024-07-07T20:01:31.932-0300] {dag.py:3096} INFO - Sync 1 DAGs
[2024-07-07T20:01:31.986-0300] {logging_mixin.py:188} INFO - [2024-07-07T20:01:31.986-0300] {dag.py:3954} INFO - Setting next_dagrun for example_sla_dag to 2024-07-07 22:58:00+00:00, run_after=2024-07-07 23:00:00+00:00
[2024-07-07T20:01:32.052-0300] {processor.py:183} INFO - Processing /home/johnny/airflow/lib/python3.12/site-packages/airflow/example_dags/example_sla_dag.py took 0.236 seconds
[2024-07-07T20:02:36.850-0300] {processor.py:161} INFO - Started process (PID=38089) to work on /home/johnny/airflow/lib/python3.12/site-packages/airflow/example_dags/example_sla_dag.py
[2024-07-07T20:02:36.853-0300] {processor.py:830} INFO - Processing file /home/johnny/airflow/lib/python3.12/site-packages/airflow/example_dags/example_sla_dag.py for tasks to queue
[2024-07-07T20:02:36.855-0300] {logging_mixin.py:188} INFO - [2024-07-07T20:02:36.854-0300] {dagbag.py:545} INFO - Filling up the DagBag from /home/johnny/airflow/lib/python3.12/site-packages/airflow/example_dags/example_sla_dag.py
[2024-07-07T20:02:36.875-0300] {processor.py:840} INFO - DAG(s) 'example_sla_dag' retrieved from /home/johnny/airflow/lib/python3.12/site-packages/airflow/example_dags/example_sla_dag.py
[2024-07-07T20:02:36.912-0300] {logging_mixin.py:188} INFO - [2024-07-07T20:02:36.912-0300] {dag.py:3096} INFO - Sync 1 DAGs
[2024-07-07T20:02:36.972-0300] {logging_mixin.py:188} INFO - [2024-07-07T20:02:36.972-0300] {dag.py:3954} INFO - Setting next_dagrun for example_sla_dag to 2024-07-07 23:00:00+00:00, run_after=2024-07-07 23:02:00+00:00
[2024-07-07T20:02:37.027-0300] {processor.py:183} INFO - Processing /home/johnny/airflow/lib/python3.12/site-packages/airflow/example_dags/example_sla_dag.py took 0.189 seconds
[2024-07-07T20:04:00.623-0300] {processor.py:161} INFO - Started process (PID=38323) to work on /home/johnny/airflow/lib/python3.12/site-packages/airflow/example_dags/example_sla_dag.py
[2024-07-07T20:04:00.626-0300] {processor.py:830} INFO - Processing file /home/johnny/airflow/lib/python3.12/site-packages/airflow/example_dags/example_sla_dag.py for tasks to queue
[2024-07-07T20:04:00.628-0300] {logging_mixin.py:188} INFO - [2024-07-07T20:04:00.627-0300] {dagbag.py:545} INFO - Filling up the DagBag from /home/johnny/airflow/lib/python3.12/site-packages/airflow/example_dags/example_sla_dag.py
[2024-07-07T20:04:00.650-0300] {processor.py:840} INFO - DAG(s) 'example_sla_dag' retrieved from /home/johnny/airflow/lib/python3.12/site-packages/airflow/example_dags/example_sla_dag.py
[2024-07-07T20:04:00.677-0300] {logging_mixin.py:188} INFO - [2024-07-07T20:04:00.677-0300] {dag.py:3096} INFO - Sync 1 DAGs
[2024-07-07T20:04:00.709-0300] {logging_mixin.py:188} INFO - [2024-07-07T20:04:00.709-0300] {dag.py:3954} INFO - Setting next_dagrun for example_sla_dag to 2024-07-07 23:02:00+00:00, run_after=2024-07-07 23:04:00+00:00
[2024-07-07T20:04:00.740-0300] {processor.py:183} INFO - Processing /home/johnny/airflow/lib/python3.12/site-packages/airflow/example_dags/example_sla_dag.py took 0.128 seconds
[2024-07-07T20:05:08.412-0300] {processor.py:161} INFO - Started process (PID=38506) to work on /home/johnny/airflow/lib/python3.12/site-packages/airflow/example_dags/example_sla_dag.py
[2024-07-07T20:05:08.415-0300] {processor.py:830} INFO - Processing file /home/johnny/airflow/lib/python3.12/site-packages/airflow/example_dags/example_sla_dag.py for tasks to queue
[2024-07-07T20:05:08.417-0300] {logging_mixin.py:188} INFO - [2024-07-07T20:05:08.416-0300] {dagbag.py:545} INFO - Filling up the DagBag from /home/johnny/airflow/lib/python3.12/site-packages/airflow/example_dags/example_sla_dag.py
[2024-07-07T20:05:08.438-0300] {processor.py:840} INFO - DAG(s) 'example_sla_dag' retrieved from /home/johnny/airflow/lib/python3.12/site-packages/airflow/example_dags/example_sla_dag.py
[2024-07-07T20:05:08.485-0300] {logging_mixin.py:188} INFO - [2024-07-07T20:05:08.484-0300] {dag.py:3096} INFO - Sync 1 DAGs
[2024-07-07T20:05:08.547-0300] {logging_mixin.py:188} INFO - [2024-07-07T20:05:08.547-0300] {dag.py:3954} INFO - Setting next_dagrun for example_sla_dag to 2024-07-07 23:02:00+00:00, run_after=2024-07-07 23:04:00+00:00
[2024-07-07T20:05:08.605-0300] {processor.py:183} INFO - Processing /home/johnny/airflow/lib/python3.12/site-packages/airflow/example_dags/example_sla_dag.py took 0.205 seconds
[2024-07-07T20:06:07.470-0300] {processor.py:161} INFO - Started process (PID=38670) to work on /home/johnny/airflow/lib/python3.12/site-packages/airflow/example_dags/example_sla_dag.py
[2024-07-07T20:06:07.474-0300] {processor.py:830} INFO - Processing file /home/johnny/airflow/lib/python3.12/site-packages/airflow/example_dags/example_sla_dag.py for tasks to queue
[2024-07-07T20:06:07.477-0300] {logging_mixin.py:188} INFO - [2024-07-07T20:06:07.476-0300] {dagbag.py:545} INFO - Filling up the DagBag from /home/johnny/airflow/lib/python3.12/site-packages/airflow/example_dags/example_sla_dag.py
[2024-07-07T20:06:07.499-0300] {processor.py:840} INFO - DAG(s) 'example_sla_dag' retrieved from /home/johnny/airflow/lib/python3.12/site-packages/airflow/example_dags/example_sla_dag.py
[2024-07-07T20:06:07.537-0300] {logging_mixin.py:188} INFO - [2024-07-07T20:06:07.537-0300] {dag.py:3096} INFO - Sync 1 DAGs
[2024-07-07T20:06:07.615-0300] {logging_mixin.py:188} INFO - [2024-07-07T20:06:07.614-0300] {dag.py:3954} INFO - Setting next_dagrun for example_sla_dag to 2024-07-07 23:04:00+00:00, run_after=2024-07-07 23:06:00+00:00
[2024-07-07T20:06:07.701-0300] {processor.py:183} INFO - Processing /home/johnny/airflow/lib/python3.12/site-packages/airflow/example_dags/example_sla_dag.py took 0.246 seconds
[2024-07-07T20:07:14.149-0300] {processor.py:161} INFO - Started process (PID=38848) to work on /home/johnny/airflow/lib/python3.12/site-packages/airflow/example_dags/example_sla_dag.py
[2024-07-07T20:07:14.152-0300] {processor.py:830} INFO - Processing file /home/johnny/airflow/lib/python3.12/site-packages/airflow/example_dags/example_sla_dag.py for tasks to queue
[2024-07-07T20:07:14.154-0300] {logging_mixin.py:188} INFO - [2024-07-07T20:07:14.153-0300] {dagbag.py:545} INFO - Filling up the DagBag from /home/johnny/airflow/lib/python3.12/site-packages/airflow/example_dags/example_sla_dag.py
[2024-07-07T20:07:14.173-0300] {processor.py:840} INFO - DAG(s) 'example_sla_dag' retrieved from /home/johnny/airflow/lib/python3.12/site-packages/airflow/example_dags/example_sla_dag.py
[2024-07-07T20:07:14.204-0300] {logging_mixin.py:188} INFO - [2024-07-07T20:07:14.204-0300] {dag.py:3096} INFO - Sync 1 DAGs
[2024-07-07T20:07:14.245-0300] {logging_mixin.py:188} INFO - [2024-07-07T20:07:14.245-0300] {dag.py:3954} INFO - Setting next_dagrun for example_sla_dag to 2024-07-07 23:04:00+00:00, run_after=2024-07-07 23:06:00+00:00
[2024-07-07T20:07:14.287-0300] {processor.py:183} INFO - Processing /home/johnny/airflow/lib/python3.12/site-packages/airflow/example_dags/example_sla_dag.py took 0.149 seconds
[2024-07-07T20:08:26.968-0300] {processor.py:161} INFO - Started process (PID=39057) to work on /home/johnny/airflow/lib/python3.12/site-packages/airflow/example_dags/example_sla_dag.py
[2024-07-07T20:08:26.971-0300] {processor.py:830} INFO - Processing file /home/johnny/airflow/lib/python3.12/site-packages/airflow/example_dags/example_sla_dag.py for tasks to queue
[2024-07-07T20:08:26.974-0300] {logging_mixin.py:188} INFO - [2024-07-07T20:08:26.973-0300] {dagbag.py:545} INFO - Filling up the DagBag from /home/johnny/airflow/lib/python3.12/site-packages/airflow/example_dags/example_sla_dag.py
[2024-07-07T20:08:27.004-0300] {processor.py:840} INFO - DAG(s) 'example_sla_dag' retrieved from /home/johnny/airflow/lib/python3.12/site-packages/airflow/example_dags/example_sla_dag.py
[2024-07-07T20:08:27.033-0300] {logging_mixin.py:188} INFO - [2024-07-07T20:08:27.032-0300] {dag.py:3096} INFO - Sync 1 DAGs
[2024-07-07T20:08:27.084-0300] {logging_mixin.py:188} INFO - [2024-07-07T20:08:27.084-0300] {dag.py:3954} INFO - Setting next_dagrun for example_sla_dag to 2024-07-07 23:06:00+00:00, run_after=2024-07-07 23:08:00+00:00
[2024-07-07T20:08:27.135-0300] {processor.py:183} INFO - Processing /home/johnny/airflow/lib/python3.12/site-packages/airflow/example_dags/example_sla_dag.py took 0.186 seconds
[2024-07-07T20:09:36.894-0300] {processor.py:161} INFO - Started process (PID=39251) to work on /home/johnny/airflow/lib/python3.12/site-packages/airflow/example_dags/example_sla_dag.py
[2024-07-07T20:09:36.897-0300] {processor.py:830} INFO - Processing file /home/johnny/airflow/lib/python3.12/site-packages/airflow/example_dags/example_sla_dag.py for tasks to queue
[2024-07-07T20:09:36.899-0300] {logging_mixin.py:188} INFO - [2024-07-07T20:09:36.899-0300] {dagbag.py:545} INFO - Filling up the DagBag from /home/johnny/airflow/lib/python3.12/site-packages/airflow/example_dags/example_sla_dag.py
[2024-07-07T20:09:36.919-0300] {processor.py:840} INFO - DAG(s) 'example_sla_dag' retrieved from /home/johnny/airflow/lib/python3.12/site-packages/airflow/example_dags/example_sla_dag.py
[2024-07-07T20:09:36.962-0300] {logging_mixin.py:188} INFO - [2024-07-07T20:09:36.961-0300] {dag.py:3096} INFO - Sync 1 DAGs
[2024-07-07T20:09:37.000-0300] {logging_mixin.py:188} INFO - [2024-07-07T20:09:36.999-0300] {dag.py:3954} INFO - Setting next_dagrun for example_sla_dag to 2024-07-07 23:06:00+00:00, run_after=2024-07-07 23:08:00+00:00
[2024-07-07T20:09:37.032-0300] {processor.py:183} INFO - Processing /home/johnny/airflow/lib/python3.12/site-packages/airflow/example_dags/example_sla_dag.py took 0.157 seconds
[2024-07-07T20:10:43.901-0300] {processor.py:161} INFO - Started process (PID=39431) to work on /home/johnny/airflow/lib/python3.12/site-packages/airflow/example_dags/example_sla_dag.py
[2024-07-07T20:10:43.903-0300] {processor.py:830} INFO - Processing file /home/johnny/airflow/lib/python3.12/site-packages/airflow/example_dags/example_sla_dag.py for tasks to queue
[2024-07-07T20:10:43.905-0300] {logging_mixin.py:188} INFO - [2024-07-07T20:10:43.904-0300] {dagbag.py:545} INFO - Filling up the DagBag from /home/johnny/airflow/lib/python3.12/site-packages/airflow/example_dags/example_sla_dag.py
[2024-07-07T20:10:43.922-0300] {processor.py:840} INFO - DAG(s) 'example_sla_dag' retrieved from /home/johnny/airflow/lib/python3.12/site-packages/airflow/example_dags/example_sla_dag.py
[2024-07-07T20:10:43.957-0300] {logging_mixin.py:188} INFO - [2024-07-07T20:10:43.957-0300] {dag.py:3096} INFO - Sync 1 DAGs
[2024-07-07T20:10:44.003-0300] {logging_mixin.py:188} INFO - [2024-07-07T20:10:44.003-0300] {dag.py:3954} INFO - Setting next_dagrun for example_sla_dag to 2024-07-07 23:08:00+00:00, run_after=2024-07-07 23:10:00+00:00
[2024-07-07T20:10:44.046-0300] {processor.py:183} INFO - Processing /home/johnny/airflow/lib/python3.12/site-packages/airflow/example_dags/example_sla_dag.py took 0.155 seconds
[2024-07-07T20:11:43.020-0300] {processor.py:161} INFO - Started process (PID=39593) to work on /home/johnny/airflow/lib/python3.12/site-packages/airflow/example_dags/example_sla_dag.py
[2024-07-07T20:11:43.023-0300] {processor.py:830} INFO - Processing file /home/johnny/airflow/lib/python3.12/site-packages/airflow/example_dags/example_sla_dag.py for tasks to queue
[2024-07-07T20:11:43.025-0300] {logging_mixin.py:188} INFO - [2024-07-07T20:11:43.024-0300] {dagbag.py:545} INFO - Filling up the DagBag from /home/johnny/airflow/lib/python3.12/site-packages/airflow/example_dags/example_sla_dag.py
[2024-07-07T20:11:43.047-0300] {processor.py:840} INFO - DAG(s) 'example_sla_dag' retrieved from /home/johnny/airflow/lib/python3.12/site-packages/airflow/example_dags/example_sla_dag.py
[2024-07-07T20:11:43.082-0300] {logging_mixin.py:188} INFO - [2024-07-07T20:11:43.081-0300] {dag.py:3096} INFO - Sync 1 DAGs
[2024-07-07T20:11:43.136-0300] {logging_mixin.py:188} INFO - [2024-07-07T20:11:43.135-0300] {dag.py:3954} INFO - Setting next_dagrun for example_sla_dag to 2024-07-07 23:08:00+00:00, run_after=2024-07-07 23:10:00+00:00
[2024-07-07T20:11:43.183-0300] {processor.py:183} INFO - Processing /home/johnny/airflow/lib/python3.12/site-packages/airflow/example_dags/example_sla_dag.py took 0.177 seconds
[2024-07-07T20:12:46.777-0300] {processor.py:161} INFO - Started process (PID=39771) to work on /home/johnny/airflow/lib/python3.12/site-packages/airflow/example_dags/example_sla_dag.py
[2024-07-07T20:12:46.779-0300] {processor.py:830} INFO - Processing file /home/johnny/airflow/lib/python3.12/site-packages/airflow/example_dags/example_sla_dag.py for tasks to queue
[2024-07-07T20:12:46.781-0300] {logging_mixin.py:188} INFO - [2024-07-07T20:12:46.781-0300] {dagbag.py:545} INFO - Filling up the DagBag from /home/johnny/airflow/lib/python3.12/site-packages/airflow/example_dags/example_sla_dag.py
[2024-07-07T20:12:46.800-0300] {processor.py:840} INFO - DAG(s) 'example_sla_dag' retrieved from /home/johnny/airflow/lib/python3.12/site-packages/airflow/example_dags/example_sla_dag.py
[2024-07-07T20:12:46.828-0300] {logging_mixin.py:188} INFO - [2024-07-07T20:12:46.828-0300] {dag.py:3096} INFO - Sync 1 DAGs
[2024-07-07T20:12:46.862-0300] {logging_mixin.py:188} INFO - [2024-07-07T20:12:46.861-0300] {dag.py:3954} INFO - Setting next_dagrun for example_sla_dag to 2024-07-07 23:10:00+00:00, run_after=2024-07-07 23:12:00+00:00
[2024-07-07T20:12:46.909-0300] {processor.py:183} INFO - Processing /home/johnny/airflow/lib/python3.12/site-packages/airflow/example_dags/example_sla_dag.py took 0.144 seconds
[2024-07-07T20:13:48.317-0300] {processor.py:161} INFO - Started process (PID=39943) to work on /home/johnny/airflow/lib/python3.12/site-packages/airflow/example_dags/example_sla_dag.py
[2024-07-07T20:13:48.319-0300] {processor.py:830} INFO - Processing file /home/johnny/airflow/lib/python3.12/site-packages/airflow/example_dags/example_sla_dag.py for tasks to queue
[2024-07-07T20:13:48.321-0300] {logging_mixin.py:188} INFO - [2024-07-07T20:13:48.321-0300] {dagbag.py:545} INFO - Filling up the DagBag from /home/johnny/airflow/lib/python3.12/site-packages/airflow/example_dags/example_sla_dag.py
[2024-07-07T20:13:48.339-0300] {processor.py:840} INFO - DAG(s) 'example_sla_dag' retrieved from /home/johnny/airflow/lib/python3.12/site-packages/airflow/example_dags/example_sla_dag.py
[2024-07-07T20:13:48.367-0300] {logging_mixin.py:188} INFO - [2024-07-07T20:13:48.366-0300] {dag.py:3096} INFO - Sync 1 DAGs
[2024-07-07T20:13:48.399-0300] {logging_mixin.py:188} INFO - [2024-07-07T20:13:48.399-0300] {dag.py:3954} INFO - Setting next_dagrun for example_sla_dag to 2024-07-07 23:10:00+00:00, run_after=2024-07-07 23:12:00+00:00
[2024-07-07T20:13:48.430-0300] {processor.py:183} INFO - Processing /home/johnny/airflow/lib/python3.12/site-packages/airflow/example_dags/example_sla_dag.py took 0.125 seconds
[2024-07-07T20:14:53.417-0300] {processor.py:161} INFO - Started process (PID=40114) to work on /home/johnny/airflow/lib/python3.12/site-packages/airflow/example_dags/example_sla_dag.py
[2024-07-07T20:14:53.420-0300] {processor.py:830} INFO - Processing file /home/johnny/airflow/lib/python3.12/site-packages/airflow/example_dags/example_sla_dag.py for tasks to queue
[2024-07-07T20:14:53.422-0300] {logging_mixin.py:188} INFO - [2024-07-07T20:14:53.421-0300] {dagbag.py:545} INFO - Filling up the DagBag from /home/johnny/airflow/lib/python3.12/site-packages/airflow/example_dags/example_sla_dag.py
[2024-07-07T20:14:53.439-0300] {processor.py:840} INFO - DAG(s) 'example_sla_dag' retrieved from /home/johnny/airflow/lib/python3.12/site-packages/airflow/example_dags/example_sla_dag.py
[2024-07-07T20:14:53.467-0300] {logging_mixin.py:188} INFO - [2024-07-07T20:14:53.467-0300] {dag.py:3096} INFO - Sync 1 DAGs
[2024-07-07T20:14:53.499-0300] {logging_mixin.py:188} INFO - [2024-07-07T20:14:53.498-0300] {dag.py:3954} INFO - Setting next_dagrun for example_sla_dag to 2024-07-07 23:12:00+00:00, run_after=2024-07-07 23:14:00+00:00
[2024-07-07T20:14:53.528-0300] {processor.py:183} INFO - Processing /home/johnny/airflow/lib/python3.12/site-packages/airflow/example_dags/example_sla_dag.py took 0.121 seconds
[2024-07-07T20:15:53.703-0300] {processor.py:161} INFO - Started process (PID=40296) to work on /home/johnny/airflow/lib/python3.12/site-packages/airflow/example_dags/example_sla_dag.py
[2024-07-07T20:15:53.706-0300] {processor.py:830} INFO - Processing file /home/johnny/airflow/lib/python3.12/site-packages/airflow/example_dags/example_sla_dag.py for tasks to queue
[2024-07-07T20:15:53.708-0300] {logging_mixin.py:188} INFO - [2024-07-07T20:15:53.707-0300] {dagbag.py:545} INFO - Filling up the DagBag from /home/johnny/airflow/lib/python3.12/site-packages/airflow/example_dags/example_sla_dag.py
[2024-07-07T20:15:53.726-0300] {processor.py:840} INFO - DAG(s) 'example_sla_dag' retrieved from /home/johnny/airflow/lib/python3.12/site-packages/airflow/example_dags/example_sla_dag.py
[2024-07-07T20:15:53.754-0300] {logging_mixin.py:188} INFO - [2024-07-07T20:15:53.754-0300] {dag.py:3096} INFO - Sync 1 DAGs
[2024-07-07T20:15:53.803-0300] {logging_mixin.py:188} INFO - [2024-07-07T20:15:53.803-0300] {dag.py:3954} INFO - Setting next_dagrun for example_sla_dag to 2024-07-07 23:12:00+00:00, run_after=2024-07-07 23:14:00+00:00
[2024-07-07T20:15:53.845-0300] {processor.py:183} INFO - Processing /home/johnny/airflow/lib/python3.12/site-packages/airflow/example_dags/example_sla_dag.py took 0.153 seconds
[2024-07-07T20:16:56.816-0300] {processor.py:161} INFO - Started process (PID=40465) to work on /home/johnny/airflow/lib/python3.12/site-packages/airflow/example_dags/example_sla_dag.py
[2024-07-07T20:16:56.818-0300] {processor.py:830} INFO - Processing file /home/johnny/airflow/lib/python3.12/site-packages/airflow/example_dags/example_sla_dag.py for tasks to queue
[2024-07-07T20:16:56.820-0300] {logging_mixin.py:188} INFO - [2024-07-07T20:16:56.819-0300] {dagbag.py:545} INFO - Filling up the DagBag from /home/johnny/airflow/lib/python3.12/site-packages/airflow/example_dags/example_sla_dag.py
[2024-07-07T20:16:56.840-0300] {processor.py:840} INFO - DAG(s) 'example_sla_dag' retrieved from /home/johnny/airflow/lib/python3.12/site-packages/airflow/example_dags/example_sla_dag.py
[2024-07-07T20:16:56.873-0300] {logging_mixin.py:188} INFO - [2024-07-07T20:16:56.873-0300] {dag.py:3096} INFO - Sync 1 DAGs
[2024-07-07T20:16:56.966-0300] {logging_mixin.py:188} INFO - [2024-07-07T20:16:56.965-0300] {dag.py:3954} INFO - Setting next_dagrun for example_sla_dag to 2024-07-07 23:14:00+00:00, run_after=2024-07-07 23:16:00+00:00
[2024-07-07T20:16:57.044-0300] {processor.py:183} INFO - Processing /home/johnny/airflow/lib/python3.12/site-packages/airflow/example_dags/example_sla_dag.py took 0.241 seconds
[2024-07-07T20:17:59.403-0300] {processor.py:161} INFO - Started process (PID=40639) to work on /home/johnny/airflow/lib/python3.12/site-packages/airflow/example_dags/example_sla_dag.py
[2024-07-07T20:17:59.409-0300] {processor.py:830} INFO - Processing file /home/johnny/airflow/lib/python3.12/site-packages/airflow/example_dags/example_sla_dag.py for tasks to queue
[2024-07-07T20:17:59.411-0300] {logging_mixin.py:188} INFO - [2024-07-07T20:17:59.410-0300] {dagbag.py:545} INFO - Filling up the DagBag from /home/johnny/airflow/lib/python3.12/site-packages/airflow/example_dags/example_sla_dag.py
[2024-07-07T20:17:59.430-0300] {processor.py:840} INFO - DAG(s) 'example_sla_dag' retrieved from /home/johnny/airflow/lib/python3.12/site-packages/airflow/example_dags/example_sla_dag.py
[2024-07-07T20:17:59.463-0300] {logging_mixin.py:188} INFO - [2024-07-07T20:17:59.463-0300] {dag.py:3096} INFO - Sync 1 DAGs
[2024-07-07T20:17:59.508-0300] {logging_mixin.py:188} INFO - [2024-07-07T20:17:59.507-0300] {dag.py:3954} INFO - Setting next_dagrun for example_sla_dag to 2024-07-07 23:14:00+00:00, run_after=2024-07-07 23:16:00+00:00
[2024-07-07T20:17:59.550-0300] {processor.py:183} INFO - Processing /home/johnny/airflow/lib/python3.12/site-packages/airflow/example_dags/example_sla_dag.py took 0.159 seconds
[2024-07-07T20:19:03.174-0300] {processor.py:161} INFO - Started process (PID=40813) to work on /home/johnny/airflow/lib/python3.12/site-packages/airflow/example_dags/example_sla_dag.py
[2024-07-07T20:19:03.176-0300] {processor.py:830} INFO - Processing file /home/johnny/airflow/lib/python3.12/site-packages/airflow/example_dags/example_sla_dag.py for tasks to queue
[2024-07-07T20:19:03.178-0300] {logging_mixin.py:188} INFO - [2024-07-07T20:19:03.177-0300] {dagbag.py:545} INFO - Filling up the DagBag from /home/johnny/airflow/lib/python3.12/site-packages/airflow/example_dags/example_sla_dag.py
[2024-07-07T20:19:03.198-0300] {processor.py:840} INFO - DAG(s) 'example_sla_dag' retrieved from /home/johnny/airflow/lib/python3.12/site-packages/airflow/example_dags/example_sla_dag.py
[2024-07-07T20:19:03.229-0300] {logging_mixin.py:188} INFO - [2024-07-07T20:19:03.229-0300] {dag.py:3096} INFO - Sync 1 DAGs
[2024-07-07T20:19:03.267-0300] {logging_mixin.py:188} INFO - [2024-07-07T20:19:03.267-0300] {dag.py:3954} INFO - Setting next_dagrun for example_sla_dag to 2024-07-07 23:16:00+00:00, run_after=2024-07-07 23:18:00+00:00
[2024-07-07T20:19:03.310-0300] {processor.py:183} INFO - Processing /home/johnny/airflow/lib/python3.12/site-packages/airflow/example_dags/example_sla_dag.py took 0.148 seconds
[2024-07-07T20:20:05.026-0300] {processor.py:161} INFO - Started process (PID=40985) to work on /home/johnny/airflow/lib/python3.12/site-packages/airflow/example_dags/example_sla_dag.py
[2024-07-07T20:20:05.028-0300] {processor.py:830} INFO - Processing file /home/johnny/airflow/lib/python3.12/site-packages/airflow/example_dags/example_sla_dag.py for tasks to queue
[2024-07-07T20:20:05.030-0300] {logging_mixin.py:188} INFO - [2024-07-07T20:20:05.029-0300] {dagbag.py:545} INFO - Filling up the DagBag from /home/johnny/airflow/lib/python3.12/site-packages/airflow/example_dags/example_sla_dag.py
[2024-07-07T20:20:05.049-0300] {processor.py:840} INFO - DAG(s) 'example_sla_dag' retrieved from /home/johnny/airflow/lib/python3.12/site-packages/airflow/example_dags/example_sla_dag.py
[2024-07-07T20:20:05.075-0300] {logging_mixin.py:188} INFO - [2024-07-07T20:20:05.075-0300] {dag.py:3096} INFO - Sync 1 DAGs
[2024-07-07T20:20:05.106-0300] {logging_mixin.py:188} INFO - [2024-07-07T20:20:05.106-0300] {dag.py:3954} INFO - Setting next_dagrun for example_sla_dag to 2024-07-07 23:18:00+00:00, run_after=2024-07-07 23:20:00+00:00
[2024-07-07T20:20:05.138-0300] {processor.py:183} INFO - Processing /home/johnny/airflow/lib/python3.12/site-packages/airflow/example_dags/example_sla_dag.py took 0.123 seconds
[2024-07-07T20:21:09.552-0300] {processor.py:161} INFO - Started process (PID=41163) to work on /home/johnny/airflow/lib/python3.12/site-packages/airflow/example_dags/example_sla_dag.py
[2024-07-07T20:21:09.554-0300] {processor.py:830} INFO - Processing file /home/johnny/airflow/lib/python3.12/site-packages/airflow/example_dags/example_sla_dag.py for tasks to queue
[2024-07-07T20:21:09.555-0300] {logging_mixin.py:188} INFO - [2024-07-07T20:21:09.555-0300] {dagbag.py:545} INFO - Filling up the DagBag from /home/johnny/airflow/lib/python3.12/site-packages/airflow/example_dags/example_sla_dag.py
[2024-07-07T20:21:09.566-0300] {processor.py:840} INFO - DAG(s) 'example_sla_dag' retrieved from /home/johnny/airflow/lib/python3.12/site-packages/airflow/example_dags/example_sla_dag.py
[2024-07-07T20:21:09.615-0300] {logging_mixin.py:188} INFO - [2024-07-07T20:21:09.615-0300] {dag.py:3096} INFO - Sync 1 DAGs
[2024-07-07T20:21:09.656-0300] {logging_mixin.py:188} INFO - [2024-07-07T20:21:09.655-0300] {dag.py:3954} INFO - Setting next_dagrun for example_sla_dag to 2024-07-07 23:18:00+00:00, run_after=2024-07-07 23:20:00+00:00
[2024-07-07T20:21:09.682-0300] {processor.py:183} INFO - Processing /home/johnny/airflow/lib/python3.12/site-packages/airflow/example_dags/example_sla_dag.py took 0.138 seconds
[2024-07-07T20:22:10.486-0300] {processor.py:161} INFO - Started process (PID=41318) to work on /home/johnny/airflow/lib/python3.12/site-packages/airflow/example_dags/example_sla_dag.py
[2024-07-07T20:22:10.489-0300] {processor.py:830} INFO - Processing file /home/johnny/airflow/lib/python3.12/site-packages/airflow/example_dags/example_sla_dag.py for tasks to queue
[2024-07-07T20:22:10.495-0300] {logging_mixin.py:188} INFO - [2024-07-07T20:22:10.493-0300] {dagbag.py:545} INFO - Filling up the DagBag from /home/johnny/airflow/lib/python3.12/site-packages/airflow/example_dags/example_sla_dag.py
[2024-07-07T20:22:10.516-0300] {processor.py:840} INFO - DAG(s) 'example_sla_dag' retrieved from /home/johnny/airflow/lib/python3.12/site-packages/airflow/example_dags/example_sla_dag.py
[2024-07-07T20:22:10.536-0300] {logging_mixin.py:188} INFO - [2024-07-07T20:22:10.536-0300] {dag.py:3096} INFO - Sync 1 DAGs
[2024-07-07T20:22:10.582-0300] {logging_mixin.py:188} INFO - [2024-07-07T20:22:10.582-0300] {dag.py:3954} INFO - Setting next_dagrun for example_sla_dag to 2024-07-07 23:20:00+00:00, run_after=2024-07-07 23:22:00+00:00
[2024-07-07T20:22:10.623-0300] {processor.py:183} INFO - Processing /home/johnny/airflow/lib/python3.12/site-packages/airflow/example_dags/example_sla_dag.py took 0.151 seconds
[2024-07-07T20:23:14.013-0300] {processor.py:161} INFO - Started process (PID=41496) to work on /home/johnny/airflow/lib/python3.12/site-packages/airflow/example_dags/example_sla_dag.py
[2024-07-07T20:23:14.016-0300] {processor.py:830} INFO - Processing file /home/johnny/airflow/lib/python3.12/site-packages/airflow/example_dags/example_sla_dag.py for tasks to queue
[2024-07-07T20:23:14.018-0300] {logging_mixin.py:188} INFO - [2024-07-07T20:23:14.017-0300] {dagbag.py:545} INFO - Filling up the DagBag from /home/johnny/airflow/lib/python3.12/site-packages/airflow/example_dags/example_sla_dag.py
[2024-07-07T20:23:14.043-0300] {processor.py:840} INFO - DAG(s) 'example_sla_dag' retrieved from /home/johnny/airflow/lib/python3.12/site-packages/airflow/example_dags/example_sla_dag.py
[2024-07-07T20:23:14.068-0300] {logging_mixin.py:188} INFO - [2024-07-07T20:23:14.068-0300] {dag.py:3096} INFO - Sync 1 DAGs
[2024-07-07T20:23:14.105-0300] {logging_mixin.py:188} INFO - [2024-07-07T20:23:14.105-0300] {dag.py:3954} INFO - Setting next_dagrun for example_sla_dag to 2024-07-07 23:20:00+00:00, run_after=2024-07-07 23:22:00+00:00
[2024-07-07T20:23:14.137-0300] {processor.py:183} INFO - Processing /home/johnny/airflow/lib/python3.12/site-packages/airflow/example_dags/example_sla_dag.py took 0.137 seconds
[2024-07-07T20:24:19.352-0300] {processor.py:161} INFO - Started process (PID=41671) to work on /home/johnny/airflow/lib/python3.12/site-packages/airflow/example_dags/example_sla_dag.py
[2024-07-07T20:24:19.355-0300] {processor.py:830} INFO - Processing file /home/johnny/airflow/lib/python3.12/site-packages/airflow/example_dags/example_sla_dag.py for tasks to queue
[2024-07-07T20:24:19.357-0300] {logging_mixin.py:188} INFO - [2024-07-07T20:24:19.356-0300] {dagbag.py:545} INFO - Filling up the DagBag from /home/johnny/airflow/lib/python3.12/site-packages/airflow/example_dags/example_sla_dag.py
[2024-07-07T20:24:19.378-0300] {processor.py:840} INFO - DAG(s) 'example_sla_dag' retrieved from /home/johnny/airflow/lib/python3.12/site-packages/airflow/example_dags/example_sla_dag.py
[2024-07-07T20:24:19.405-0300] {logging_mixin.py:188} INFO - [2024-07-07T20:24:19.404-0300] {dag.py:3096} INFO - Sync 1 DAGs
[2024-07-07T20:24:19.437-0300] {logging_mixin.py:188} INFO - [2024-07-07T20:24:19.437-0300] {dag.py:3954} INFO - Setting next_dagrun for example_sla_dag to 2024-07-07 23:22:00+00:00, run_after=2024-07-07 23:24:00+00:00
[2024-07-07T20:24:19.476-0300] {processor.py:183} INFO - Processing /home/johnny/airflow/lib/python3.12/site-packages/airflow/example_dags/example_sla_dag.py took 0.137 seconds
[2024-07-07T20:25:18.948-0300] {processor.py:161} INFO - Started process (PID=41826) to work on /home/johnny/airflow/lib/python3.12/site-packages/airflow/example_dags/example_sla_dag.py
[2024-07-07T20:25:18.950-0300] {processor.py:830} INFO - Processing file /home/johnny/airflow/lib/python3.12/site-packages/airflow/example_dags/example_sla_dag.py for tasks to queue
[2024-07-07T20:25:18.952-0300] {logging_mixin.py:188} INFO - [2024-07-07T20:25:18.951-0300] {dagbag.py:545} INFO - Filling up the DagBag from /home/johnny/airflow/lib/python3.12/site-packages/airflow/example_dags/example_sla_dag.py
[2024-07-07T20:25:18.970-0300] {processor.py:840} INFO - DAG(s) 'example_sla_dag' retrieved from /home/johnny/airflow/lib/python3.12/site-packages/airflow/example_dags/example_sla_dag.py
[2024-07-07T20:25:18.996-0300] {logging_mixin.py:188} INFO - [2024-07-07T20:25:18.996-0300] {dag.py:3096} INFO - Sync 1 DAGs
[2024-07-07T20:25:19.029-0300] {logging_mixin.py:188} INFO - [2024-07-07T20:25:19.028-0300] {dag.py:3954} INFO - Setting next_dagrun for example_sla_dag to 2024-07-07 23:22:00+00:00, run_after=2024-07-07 23:24:00+00:00
[2024-07-07T20:25:19.069-0300] {processor.py:183} INFO - Processing /home/johnny/airflow/lib/python3.12/site-packages/airflow/example_dags/example_sla_dag.py took 0.132 seconds
[2024-07-07T20:26:18.602-0300] {processor.py:161} INFO - Started process (PID=41993) to work on /home/johnny/airflow/lib/python3.12/site-packages/airflow/example_dags/example_sla_dag.py
[2024-07-07T20:26:18.605-0300] {processor.py:830} INFO - Processing file /home/johnny/airflow/lib/python3.12/site-packages/airflow/example_dags/example_sla_dag.py for tasks to queue
[2024-07-07T20:26:18.607-0300] {logging_mixin.py:188} INFO - [2024-07-07T20:26:18.606-0300] {dagbag.py:545} INFO - Filling up the DagBag from /home/johnny/airflow/lib/python3.12/site-packages/airflow/example_dags/example_sla_dag.py
[2024-07-07T20:26:18.625-0300] {processor.py:840} INFO - DAG(s) 'example_sla_dag' retrieved from /home/johnny/airflow/lib/python3.12/site-packages/airflow/example_dags/example_sla_dag.py
[2024-07-07T20:26:18.656-0300] {logging_mixin.py:188} INFO - [2024-07-07T20:26:18.655-0300] {dag.py:3096} INFO - Sync 1 DAGs
[2024-07-07T20:26:18.700-0300] {logging_mixin.py:188} INFO - [2024-07-07T20:26:18.700-0300] {dag.py:3954} INFO - Setting next_dagrun for example_sla_dag to 2024-07-07 23:24:00+00:00, run_after=2024-07-07 23:26:00+00:00
[2024-07-07T20:26:18.741-0300] {processor.py:183} INFO - Processing /home/johnny/airflow/lib/python3.12/site-packages/airflow/example_dags/example_sla_dag.py took 0.150 seconds
[2024-07-07T20:27:24.666-0300] {processor.py:161} INFO - Started process (PID=42173) to work on /home/johnny/airflow/lib/python3.12/site-packages/airflow/example_dags/example_sla_dag.py
[2024-07-07T20:27:24.669-0300] {processor.py:830} INFO - Processing file /home/johnny/airflow/lib/python3.12/site-packages/airflow/example_dags/example_sla_dag.py for tasks to queue
[2024-07-07T20:27:24.671-0300] {logging_mixin.py:188} INFO - [2024-07-07T20:27:24.670-0300] {dagbag.py:545} INFO - Filling up the DagBag from /home/johnny/airflow/lib/python3.12/site-packages/airflow/example_dags/example_sla_dag.py
[2024-07-07T20:27:24.690-0300] {processor.py:840} INFO - DAG(s) 'example_sla_dag' retrieved from /home/johnny/airflow/lib/python3.12/site-packages/airflow/example_dags/example_sla_dag.py
[2024-07-07T20:27:24.717-0300] {logging_mixin.py:188} INFO - [2024-07-07T20:27:24.717-0300] {dag.py:3096} INFO - Sync 1 DAGs
[2024-07-07T20:27:24.753-0300] {logging_mixin.py:188} INFO - [2024-07-07T20:27:24.753-0300] {dag.py:3954} INFO - Setting next_dagrun for example_sla_dag to 2024-07-07 23:24:00+00:00, run_after=2024-07-07 23:26:00+00:00
[2024-07-07T20:27:24.783-0300] {processor.py:183} INFO - Processing /home/johnny/airflow/lib/python3.12/site-packages/airflow/example_dags/example_sla_dag.py took 0.129 seconds
[2024-07-07T20:28:36.500-0300] {processor.py:161} INFO - Started process (PID=42366) to work on /home/johnny/airflow/lib/python3.12/site-packages/airflow/example_dags/example_sla_dag.py
[2024-07-07T20:28:36.502-0300] {processor.py:830} INFO - Processing file /home/johnny/airflow/lib/python3.12/site-packages/airflow/example_dags/example_sla_dag.py for tasks to queue
[2024-07-07T20:28:36.505-0300] {logging_mixin.py:188} INFO - [2024-07-07T20:28:36.504-0300] {dagbag.py:545} INFO - Filling up the DagBag from /home/johnny/airflow/lib/python3.12/site-packages/airflow/example_dags/example_sla_dag.py
[2024-07-07T20:28:36.524-0300] {processor.py:840} INFO - DAG(s) 'example_sla_dag' retrieved from /home/johnny/airflow/lib/python3.12/site-packages/airflow/example_dags/example_sla_dag.py
[2024-07-07T20:28:36.556-0300] {logging_mixin.py:188} INFO - [2024-07-07T20:28:36.555-0300] {dag.py:3096} INFO - Sync 1 DAGs
[2024-07-07T20:28:36.622-0300] {logging_mixin.py:188} INFO - [2024-07-07T20:28:36.621-0300] {dag.py:3954} INFO - Setting next_dagrun for example_sla_dag to 2024-07-07 23:26:00+00:00, run_after=2024-07-07 23:28:00+00:00
[2024-07-07T20:28:36.687-0300] {processor.py:183} INFO - Processing /home/johnny/airflow/lib/python3.12/site-packages/airflow/example_dags/example_sla_dag.py took 0.196 seconds
[2024-07-07T20:29:41.542-0300] {processor.py:161} INFO - Started process (PID=42545) to work on /home/johnny/airflow/lib/python3.12/site-packages/airflow/example_dags/example_sla_dag.py
[2024-07-07T20:29:41.545-0300] {processor.py:830} INFO - Processing file /home/johnny/airflow/lib/python3.12/site-packages/airflow/example_dags/example_sla_dag.py for tasks to queue
[2024-07-07T20:29:41.548-0300] {logging_mixin.py:188} INFO - [2024-07-07T20:29:41.547-0300] {dagbag.py:545} INFO - Filling up the DagBag from /home/johnny/airflow/lib/python3.12/site-packages/airflow/example_dags/example_sla_dag.py
[2024-07-07T20:29:41.567-0300] {processor.py:840} INFO - DAG(s) 'example_sla_dag' retrieved from /home/johnny/airflow/lib/python3.12/site-packages/airflow/example_dags/example_sla_dag.py
[2024-07-07T20:29:41.593-0300] {logging_mixin.py:188} INFO - [2024-07-07T20:29:41.592-0300] {dag.py:3096} INFO - Sync 1 DAGs
[2024-07-07T20:29:41.637-0300] {logging_mixin.py:188} INFO - [2024-07-07T20:29:41.637-0300] {dag.py:3954} INFO - Setting next_dagrun for example_sla_dag to 2024-07-07 23:26:00+00:00, run_after=2024-07-07 23:28:00+00:00
[2024-07-07T20:29:41.683-0300] {processor.py:183} INFO - Processing /home/johnny/airflow/lib/python3.12/site-packages/airflow/example_dags/example_sla_dag.py took 0.153 seconds
[2024-07-07T20:30:48.400-0300] {processor.py:161} INFO - Started process (PID=42728) to work on /home/johnny/airflow/lib/python3.12/site-packages/airflow/example_dags/example_sla_dag.py
[2024-07-07T20:30:48.406-0300] {processor.py:830} INFO - Processing file /home/johnny/airflow/lib/python3.12/site-packages/airflow/example_dags/example_sla_dag.py for tasks to queue
[2024-07-07T20:30:48.410-0300] {logging_mixin.py:188} INFO - [2024-07-07T20:30:48.408-0300] {dagbag.py:545} INFO - Filling up the DagBag from /home/johnny/airflow/lib/python3.12/site-packages/airflow/example_dags/example_sla_dag.py
[2024-07-07T20:30:48.443-0300] {processor.py:840} INFO - DAG(s) 'example_sla_dag' retrieved from /home/johnny/airflow/lib/python3.12/site-packages/airflow/example_dags/example_sla_dag.py
[2024-07-07T20:30:48.482-0300] {logging_mixin.py:188} INFO - [2024-07-07T20:30:48.481-0300] {dag.py:3096} INFO - Sync 1 DAGs
[2024-07-07T20:30:48.518-0300] {logging_mixin.py:188} INFO - [2024-07-07T20:30:48.517-0300] {dag.py:3954} INFO - Setting next_dagrun for example_sla_dag to 2024-07-07 23:28:00+00:00, run_after=2024-07-07 23:30:00+00:00
[2024-07-07T20:30:48.557-0300] {processor.py:183} INFO - Processing /home/johnny/airflow/lib/python3.12/site-packages/airflow/example_dags/example_sla_dag.py took 0.170 seconds
[2024-07-07T20:31:50.240-0300] {processor.py:161} INFO - Started process (PID=42900) to work on /home/johnny/airflow/lib/python3.12/site-packages/airflow/example_dags/example_sla_dag.py
[2024-07-07T20:31:50.246-0300] {processor.py:830} INFO - Processing file /home/johnny/airflow/lib/python3.12/site-packages/airflow/example_dags/example_sla_dag.py for tasks to queue
[2024-07-07T20:31:50.248-0300] {logging_mixin.py:188} INFO - [2024-07-07T20:31:50.247-0300] {dagbag.py:545} INFO - Filling up the DagBag from /home/johnny/airflow/lib/python3.12/site-packages/airflow/example_dags/example_sla_dag.py
[2024-07-07T20:31:50.265-0300] {processor.py:840} INFO - DAG(s) 'example_sla_dag' retrieved from /home/johnny/airflow/lib/python3.12/site-packages/airflow/example_dags/example_sla_dag.py
[2024-07-07T20:31:50.291-0300] {logging_mixin.py:188} INFO - [2024-07-07T20:31:50.291-0300] {dag.py:3096} INFO - Sync 1 DAGs
[2024-07-07T20:31:50.323-0300] {logging_mixin.py:188} INFO - [2024-07-07T20:31:50.322-0300] {dag.py:3954} INFO - Setting next_dagrun for example_sla_dag to 2024-07-07 23:28:00+00:00, run_after=2024-07-07 23:30:00+00:00
[2024-07-07T20:31:50.352-0300] {processor.py:183} INFO - Processing /home/johnny/airflow/lib/python3.12/site-packages/airflow/example_dags/example_sla_dag.py took 0.122 seconds
[2024-07-07T20:32:53.755-0300] {processor.py:161} INFO - Started process (PID=43088) to work on /home/johnny/airflow/lib/python3.12/site-packages/airflow/example_dags/example_sla_dag.py
[2024-07-07T20:32:53.758-0300] {processor.py:830} INFO - Processing file /home/johnny/airflow/lib/python3.12/site-packages/airflow/example_dags/example_sla_dag.py for tasks to queue
[2024-07-07T20:32:53.760-0300] {logging_mixin.py:188} INFO - [2024-07-07T20:32:53.759-0300] {dagbag.py:545} INFO - Filling up the DagBag from /home/johnny/airflow/lib/python3.12/site-packages/airflow/example_dags/example_sla_dag.py
[2024-07-07T20:32:53.782-0300] {processor.py:840} INFO - DAG(s) 'example_sla_dag' retrieved from /home/johnny/airflow/lib/python3.12/site-packages/airflow/example_dags/example_sla_dag.py
[2024-07-07T20:32:53.817-0300] {logging_mixin.py:188} INFO - [2024-07-07T20:32:53.816-0300] {dag.py:3096} INFO - Sync 1 DAGs
[2024-07-07T20:32:53.885-0300] {logging_mixin.py:188} INFO - [2024-07-07T20:32:53.884-0300] {dag.py:3954} INFO - Setting next_dagrun for example_sla_dag to 2024-07-07 23:30:00+00:00, run_after=2024-07-07 23:32:00+00:00
[2024-07-07T20:32:53.935-0300] {processor.py:183} INFO - Processing /home/johnny/airflow/lib/python3.12/site-packages/airflow/example_dags/example_sla_dag.py took 0.192 seconds
[2024-07-07T20:33:48.599-0300] {processor.py:161} INFO - Started process (PID=43244) to work on /home/johnny/airflow/lib/python3.12/site-packages/airflow/example_dags/example_sla_dag.py
[2024-07-07T20:33:48.605-0300] {processor.py:830} INFO - Processing file /home/johnny/airflow/lib/python3.12/site-packages/airflow/example_dags/example_sla_dag.py for tasks to queue
[2024-07-07T20:33:48.607-0300] {logging_mixin.py:188} INFO - [2024-07-07T20:33:48.606-0300] {dagbag.py:545} INFO - Filling up the DagBag from /home/johnny/airflow/lib/python3.12/site-packages/airflow/example_dags/example_sla_dag.py
[2024-07-07T20:33:48.625-0300] {processor.py:840} INFO - DAG(s) 'example_sla_dag' retrieved from /home/johnny/airflow/lib/python3.12/site-packages/airflow/example_dags/example_sla_dag.py
[2024-07-07T20:33:48.659-0300] {logging_mixin.py:188} INFO - [2024-07-07T20:33:48.658-0300] {dag.py:3096} INFO - Sync 1 DAGs
[2024-07-07T20:33:48.694-0300] {logging_mixin.py:188} INFO - [2024-07-07T20:33:48.694-0300] {dag.py:3954} INFO - Setting next_dagrun for example_sla_dag to 2024-07-07 23:30:00+00:00, run_after=2024-07-07 23:32:00+00:00
[2024-07-07T20:33:48.736-0300] {processor.py:183} INFO - Processing /home/johnny/airflow/lib/python3.12/site-packages/airflow/example_dags/example_sla_dag.py took 0.148 seconds
[2024-07-07T20:34:52.172-0300] {processor.py:161} INFO - Started process (PID=43421) to work on /home/johnny/airflow/lib/python3.12/site-packages/airflow/example_dags/example_sla_dag.py
[2024-07-07T20:34:52.175-0300] {processor.py:830} INFO - Processing file /home/johnny/airflow/lib/python3.12/site-packages/airflow/example_dags/example_sla_dag.py for tasks to queue
[2024-07-07T20:34:52.178-0300] {logging_mixin.py:188} INFO - [2024-07-07T20:34:52.177-0300] {dagbag.py:545} INFO - Filling up the DagBag from /home/johnny/airflow/lib/python3.12/site-packages/airflow/example_dags/example_sla_dag.py
[2024-07-07T20:34:52.195-0300] {processor.py:840} INFO - DAG(s) 'example_sla_dag' retrieved from /home/johnny/airflow/lib/python3.12/site-packages/airflow/example_dags/example_sla_dag.py
[2024-07-07T20:34:52.222-0300] {logging_mixin.py:188} INFO - [2024-07-07T20:34:52.222-0300] {dag.py:3096} INFO - Sync 1 DAGs
[2024-07-07T20:34:52.255-0300] {logging_mixin.py:188} INFO - [2024-07-07T20:34:52.255-0300] {dag.py:3954} INFO - Setting next_dagrun for example_sla_dag to 2024-07-07 23:32:00+00:00, run_after=2024-07-07 23:34:00+00:00
[2024-07-07T20:34:52.302-0300] {processor.py:183} INFO - Processing /home/johnny/airflow/lib/python3.12/site-packages/airflow/example_dags/example_sla_dag.py took 0.141 seconds
[2024-07-07T20:35:54.344-0300] {processor.py:161} INFO - Started process (PID=43589) to work on /home/johnny/airflow/lib/python3.12/site-packages/airflow/example_dags/example_sla_dag.py
[2024-07-07T20:35:54.347-0300] {processor.py:830} INFO - Processing file /home/johnny/airflow/lib/python3.12/site-packages/airflow/example_dags/example_sla_dag.py for tasks to queue
[2024-07-07T20:35:54.349-0300] {logging_mixin.py:188} INFO - [2024-07-07T20:35:54.348-0300] {dagbag.py:545} INFO - Filling up the DagBag from /home/johnny/airflow/lib/python3.12/site-packages/airflow/example_dags/example_sla_dag.py
[2024-07-07T20:35:54.366-0300] {processor.py:840} INFO - DAG(s) 'example_sla_dag' retrieved from /home/johnny/airflow/lib/python3.12/site-packages/airflow/example_dags/example_sla_dag.py
[2024-07-07T20:35:54.396-0300] {logging_mixin.py:188} INFO - [2024-07-07T20:35:54.396-0300] {dag.py:3096} INFO - Sync 1 DAGs
[2024-07-07T20:35:54.432-0300] {logging_mixin.py:188} INFO - [2024-07-07T20:35:54.432-0300] {dag.py:3954} INFO - Setting next_dagrun for example_sla_dag to 2024-07-07 23:32:00+00:00, run_after=2024-07-07 23:34:00+00:00
[2024-07-07T20:35:54.471-0300] {processor.py:183} INFO - Processing /home/johnny/airflow/lib/python3.12/site-packages/airflow/example_dags/example_sla_dag.py took 0.139 seconds
[2024-07-07T20:36:59.211-0300] {processor.py:161} INFO - Started process (PID=43764) to work on /home/johnny/airflow/lib/python3.12/site-packages/airflow/example_dags/example_sla_dag.py
[2024-07-07T20:36:59.214-0300] {processor.py:830} INFO - Processing file /home/johnny/airflow/lib/python3.12/site-packages/airflow/example_dags/example_sla_dag.py for tasks to queue
[2024-07-07T20:36:59.217-0300] {logging_mixin.py:188} INFO - [2024-07-07T20:36:59.215-0300] {dagbag.py:545} INFO - Filling up the DagBag from /home/johnny/airflow/lib/python3.12/site-packages/airflow/example_dags/example_sla_dag.py
[2024-07-07T20:36:59.240-0300] {processor.py:840} INFO - DAG(s) 'example_sla_dag' retrieved from /home/johnny/airflow/lib/python3.12/site-packages/airflow/example_dags/example_sla_dag.py
[2024-07-07T20:36:59.279-0300] {logging_mixin.py:188} INFO - [2024-07-07T20:36:59.278-0300] {dag.py:3096} INFO - Sync 1 DAGs
[2024-07-07T20:36:59.341-0300] {logging_mixin.py:188} INFO - [2024-07-07T20:36:59.340-0300] {dag.py:3954} INFO - Setting next_dagrun for example_sla_dag to 2024-07-07 23:34:00+00:00, run_after=2024-07-07 23:36:00+00:00
[2024-07-07T20:36:59.400-0300] {processor.py:183} INFO - Processing /home/johnny/airflow/lib/python3.12/site-packages/airflow/example_dags/example_sla_dag.py took 0.200 seconds
[2024-07-07T20:38:03.295-0300] {processor.py:161} INFO - Started process (PID=43944) to work on /home/johnny/airflow/lib/python3.12/site-packages/airflow/example_dags/example_sla_dag.py
[2024-07-07T20:38:03.297-0300] {processor.py:830} INFO - Processing file /home/johnny/airflow/lib/python3.12/site-packages/airflow/example_dags/example_sla_dag.py for tasks to queue
[2024-07-07T20:38:03.299-0300] {logging_mixin.py:188} INFO - [2024-07-07T20:38:03.298-0300] {dagbag.py:545} INFO - Filling up the DagBag from /home/johnny/airflow/lib/python3.12/site-packages/airflow/example_dags/example_sla_dag.py
[2024-07-07T20:38:03.313-0300] {processor.py:840} INFO - DAG(s) 'example_sla_dag' retrieved from /home/johnny/airflow/lib/python3.12/site-packages/airflow/example_dags/example_sla_dag.py
[2024-07-07T20:38:03.351-0300] {logging_mixin.py:188} INFO - [2024-07-07T20:38:03.350-0300] {dag.py:3096} INFO - Sync 1 DAGs
[2024-07-07T20:38:03.389-0300] {logging_mixin.py:188} INFO - [2024-07-07T20:38:03.389-0300] {dag.py:3954} INFO - Setting next_dagrun for example_sla_dag to 2024-07-07 23:36:00+00:00, run_after=2024-07-07 23:38:00+00:00
[2024-07-07T20:38:03.435-0300] {processor.py:183} INFO - Processing /home/johnny/airflow/lib/python3.12/site-packages/airflow/example_dags/example_sla_dag.py took 0.152 seconds
[2024-07-07T20:39:06.112-0300] {processor.py:161} INFO - Started process (PID=44104) to work on /home/johnny/airflow/lib/python3.12/site-packages/airflow/example_dags/example_sla_dag.py
[2024-07-07T20:39:06.114-0300] {processor.py:830} INFO - Processing file /home/johnny/airflow/lib/python3.12/site-packages/airflow/example_dags/example_sla_dag.py for tasks to queue
[2024-07-07T20:39:06.116-0300] {logging_mixin.py:188} INFO - [2024-07-07T20:39:06.116-0300] {dagbag.py:545} INFO - Filling up the DagBag from /home/johnny/airflow/lib/python3.12/site-packages/airflow/example_dags/example_sla_dag.py
[2024-07-07T20:39:06.136-0300] {processor.py:840} INFO - DAG(s) 'example_sla_dag' retrieved from /home/johnny/airflow/lib/python3.12/site-packages/airflow/example_dags/example_sla_dag.py
[2024-07-07T20:39:06.173-0300] {logging_mixin.py:188} INFO - [2024-07-07T20:39:06.172-0300] {dag.py:3096} INFO - Sync 1 DAGs
[2024-07-07T20:39:06.228-0300] {logging_mixin.py:188} INFO - [2024-07-07T20:39:06.227-0300] {dag.py:3954} INFO - Setting next_dagrun for example_sla_dag to 2024-07-07 23:36:00+00:00, run_after=2024-07-07 23:38:00+00:00
[2024-07-07T20:39:06.298-0300] {processor.py:183} INFO - Processing /home/johnny/airflow/lib/python3.12/site-packages/airflow/example_dags/example_sla_dag.py took 0.198 seconds
[2024-07-07T20:40:12.487-0300] {processor.py:161} INFO - Started process (PID=44282) to work on /home/johnny/airflow/lib/python3.12/site-packages/airflow/example_dags/example_sla_dag.py
[2024-07-07T20:40:12.493-0300] {processor.py:830} INFO - Processing file /home/johnny/airflow/lib/python3.12/site-packages/airflow/example_dags/example_sla_dag.py for tasks to queue
[2024-07-07T20:40:12.495-0300] {logging_mixin.py:188} INFO - [2024-07-07T20:40:12.494-0300] {dagbag.py:545} INFO - Filling up the DagBag from /home/johnny/airflow/lib/python3.12/site-packages/airflow/example_dags/example_sla_dag.py
[2024-07-07T20:40:12.515-0300] {processor.py:840} INFO - DAG(s) 'example_sla_dag' retrieved from /home/johnny/airflow/lib/python3.12/site-packages/airflow/example_dags/example_sla_dag.py
[2024-07-07T20:40:12.582-0300] {logging_mixin.py:188} INFO - [2024-07-07T20:40:12.582-0300] {dag.py:3096} INFO - Sync 1 DAGs
[2024-07-07T20:40:12.637-0300] {logging_mixin.py:188} INFO - [2024-07-07T20:40:12.637-0300] {dag.py:3954} INFO - Setting next_dagrun for example_sla_dag to 2024-07-07 23:38:00+00:00, run_after=2024-07-07 23:40:00+00:00
[2024-07-07T20:40:12.677-0300] {processor.py:183} INFO - Processing /home/johnny/airflow/lib/python3.12/site-packages/airflow/example_dags/example_sla_dag.py took 0.202 seconds
[2024-07-07T20:41:23.518-0300] {processor.py:161} INFO - Started process (PID=44476) to work on /home/johnny/airflow/lib/python3.12/site-packages/airflow/example_dags/example_sla_dag.py
[2024-07-07T20:41:23.524-0300] {processor.py:830} INFO - Processing file /home/johnny/airflow/lib/python3.12/site-packages/airflow/example_dags/example_sla_dag.py for tasks to queue
[2024-07-07T20:41:23.527-0300] {logging_mixin.py:188} INFO - [2024-07-07T20:41:23.526-0300] {dagbag.py:545} INFO - Filling up the DagBag from /home/johnny/airflow/lib/python3.12/site-packages/airflow/example_dags/example_sla_dag.py
[2024-07-07T20:41:23.549-0300] {processor.py:840} INFO - DAG(s) 'example_sla_dag' retrieved from /home/johnny/airflow/lib/python3.12/site-packages/airflow/example_dags/example_sla_dag.py
[2024-07-07T20:41:23.586-0300] {logging_mixin.py:188} INFO - [2024-07-07T20:41:23.586-0300] {dag.py:3096} INFO - Sync 1 DAGs
[2024-07-07T20:41:23.654-0300] {logging_mixin.py:188} INFO - [2024-07-07T20:41:23.654-0300] {dag.py:3954} INFO - Setting next_dagrun for example_sla_dag to 2024-07-07 23:38:00+00:00, run_after=2024-07-07 23:40:00+00:00
[2024-07-07T20:41:23.712-0300] {processor.py:183} INFO - Processing /home/johnny/airflow/lib/python3.12/site-packages/airflow/example_dags/example_sla_dag.py took 0.207 seconds
[2024-07-07T20:42:29.572-0300] {processor.py:161} INFO - Started process (PID=44654) to work on /home/johnny/airflow/lib/python3.12/site-packages/airflow/example_dags/example_sla_dag.py
[2024-07-07T20:42:29.575-0300] {processor.py:830} INFO - Processing file /home/johnny/airflow/lib/python3.12/site-packages/airflow/example_dags/example_sla_dag.py for tasks to queue
[2024-07-07T20:42:29.577-0300] {logging_mixin.py:188} INFO - [2024-07-07T20:42:29.576-0300] {dagbag.py:545} INFO - Filling up the DagBag from /home/johnny/airflow/lib/python3.12/site-packages/airflow/example_dags/example_sla_dag.py
[2024-07-07T20:42:29.597-0300] {processor.py:840} INFO - DAG(s) 'example_sla_dag' retrieved from /home/johnny/airflow/lib/python3.12/site-packages/airflow/example_dags/example_sla_dag.py
[2024-07-07T20:42:29.633-0300] {logging_mixin.py:188} INFO - [2024-07-07T20:42:29.632-0300] {dag.py:3096} INFO - Sync 1 DAGs
[2024-07-07T20:42:29.680-0300] {logging_mixin.py:188} INFO - [2024-07-07T20:42:29.680-0300] {dag.py:3954} INFO - Setting next_dagrun for example_sla_dag to 2024-07-07 23:40:00+00:00, run_after=2024-07-07 23:42:00+00:00
[2024-07-07T20:42:29.729-0300] {processor.py:183} INFO - Processing /home/johnny/airflow/lib/python3.12/site-packages/airflow/example_dags/example_sla_dag.py took 0.169 seconds
[2024-07-07T20:43:33.716-0300] {processor.py:161} INFO - Started process (PID=44829) to work on /home/johnny/airflow/lib/python3.12/site-packages/airflow/example_dags/example_sla_dag.py
[2024-07-07T20:43:33.721-0300] {processor.py:830} INFO - Processing file /home/johnny/airflow/lib/python3.12/site-packages/airflow/example_dags/example_sla_dag.py for tasks to queue
[2024-07-07T20:43:33.724-0300] {logging_mixin.py:188} INFO - [2024-07-07T20:43:33.723-0300] {dagbag.py:545} INFO - Filling up the DagBag from /home/johnny/airflow/lib/python3.12/site-packages/airflow/example_dags/example_sla_dag.py
[2024-07-07T20:43:33.743-0300] {processor.py:840} INFO - DAG(s) 'example_sla_dag' retrieved from /home/johnny/airflow/lib/python3.12/site-packages/airflow/example_dags/example_sla_dag.py
[2024-07-07T20:43:33.782-0300] {logging_mixin.py:188} INFO - [2024-07-07T20:43:33.782-0300] {dag.py:3096} INFO - Sync 1 DAGs
[2024-07-07T20:43:33.845-0300] {logging_mixin.py:188} INFO - [2024-07-07T20:43:33.844-0300] {dag.py:3954} INFO - Setting next_dagrun for example_sla_dag to 2024-07-07 23:40:00+00:00, run_after=2024-07-07 23:42:00+00:00
[2024-07-07T20:43:33.892-0300] {processor.py:183} INFO - Processing /home/johnny/airflow/lib/python3.12/site-packages/airflow/example_dags/example_sla_dag.py took 0.189 seconds
[2024-07-07T20:44:47.052-0300] {processor.py:161} INFO - Started process (PID=45029) to work on /home/johnny/airflow/lib/python3.12/site-packages/airflow/example_dags/example_sla_dag.py
[2024-07-07T20:44:47.057-0300] {processor.py:830} INFO - Processing file /home/johnny/airflow/lib/python3.12/site-packages/airflow/example_dags/example_sla_dag.py for tasks to queue
[2024-07-07T20:44:47.060-0300] {logging_mixin.py:188} INFO - [2024-07-07T20:44:47.059-0300] {dagbag.py:545} INFO - Filling up the DagBag from /home/johnny/airflow/lib/python3.12/site-packages/airflow/example_dags/example_sla_dag.py
[2024-07-07T20:44:47.078-0300] {processor.py:840} INFO - DAG(s) 'example_sla_dag' retrieved from /home/johnny/airflow/lib/python3.12/site-packages/airflow/example_dags/example_sla_dag.py
[2024-07-07T20:44:47.115-0300] {logging_mixin.py:188} INFO - [2024-07-07T20:44:47.115-0300] {dag.py:3096} INFO - Sync 1 DAGs
[2024-07-07T20:44:47.183-0300] {logging_mixin.py:188} INFO - [2024-07-07T20:44:47.182-0300] {dag.py:3954} INFO - Setting next_dagrun for example_sla_dag to 2024-07-07 23:42:00+00:00, run_after=2024-07-07 23:44:00+00:00
[2024-07-07T20:44:47.246-0300] {processor.py:183} INFO - Processing /home/johnny/airflow/lib/python3.12/site-packages/airflow/example_dags/example_sla_dag.py took 0.207 seconds
[2024-07-07T20:45:51.130-0300] {processor.py:161} INFO - Started process (PID=45200) to work on /home/johnny/airflow/lib/python3.12/site-packages/airflow/example_dags/example_sla_dag.py
[2024-07-07T20:45:51.135-0300] {processor.py:830} INFO - Processing file /home/johnny/airflow/lib/python3.12/site-packages/airflow/example_dags/example_sla_dag.py for tasks to queue
[2024-07-07T20:45:51.138-0300] {logging_mixin.py:188} INFO - [2024-07-07T20:45:51.137-0300] {dagbag.py:545} INFO - Filling up the DagBag from /home/johnny/airflow/lib/python3.12/site-packages/airflow/example_dags/example_sla_dag.py
[2024-07-07T20:45:51.161-0300] {processor.py:840} INFO - DAG(s) 'example_sla_dag' retrieved from /home/johnny/airflow/lib/python3.12/site-packages/airflow/example_dags/example_sla_dag.py
[2024-07-07T20:45:51.204-0300] {logging_mixin.py:188} INFO - [2024-07-07T20:45:51.203-0300] {dag.py:3096} INFO - Sync 1 DAGs
[2024-07-07T20:45:51.263-0300] {logging_mixin.py:188} INFO - [2024-07-07T20:45:51.263-0300] {dag.py:3954} INFO - Setting next_dagrun for example_sla_dag to 2024-07-07 23:42:00+00:00, run_after=2024-07-07 23:44:00+00:00
[2024-07-07T20:45:51.315-0300] {processor.py:183} INFO - Processing /home/johnny/airflow/lib/python3.12/site-packages/airflow/example_dags/example_sla_dag.py took 0.197 seconds
[2024-07-07T20:46:57.992-0300] {processor.py:161} INFO - Started process (PID=45384) to work on /home/johnny/airflow/lib/python3.12/site-packages/airflow/example_dags/example_sla_dag.py
[2024-07-07T20:46:57.998-0300] {processor.py:830} INFO - Processing file /home/johnny/airflow/lib/python3.12/site-packages/airflow/example_dags/example_sla_dag.py for tasks to queue
[2024-07-07T20:46:58.000-0300] {logging_mixin.py:188} INFO - [2024-07-07T20:46:57.999-0300] {dagbag.py:545} INFO - Filling up the DagBag from /home/johnny/airflow/lib/python3.12/site-packages/airflow/example_dags/example_sla_dag.py
[2024-07-07T20:46:58.021-0300] {processor.py:840} INFO - DAG(s) 'example_sla_dag' retrieved from /home/johnny/airflow/lib/python3.12/site-packages/airflow/example_dags/example_sla_dag.py
[2024-07-07T20:46:58.057-0300] {logging_mixin.py:188} INFO - [2024-07-07T20:46:58.056-0300] {dag.py:3096} INFO - Sync 1 DAGs
[2024-07-07T20:46:58.111-0300] {logging_mixin.py:188} INFO - [2024-07-07T20:46:58.111-0300] {dag.py:3954} INFO - Setting next_dagrun for example_sla_dag to 2024-07-07 23:44:00+00:00, run_after=2024-07-07 23:46:00+00:00
[2024-07-07T20:46:58.157-0300] {processor.py:183} INFO - Processing /home/johnny/airflow/lib/python3.12/site-packages/airflow/example_dags/example_sla_dag.py took 0.177 seconds
[2024-07-07T20:48:02.768-0300] {processor.py:161} INFO - Started process (PID=45554) to work on /home/johnny/airflow/lib/python3.12/site-packages/airflow/example_dags/example_sla_dag.py
[2024-07-07T20:48:02.773-0300] {processor.py:830} INFO - Processing file /home/johnny/airflow/lib/python3.12/site-packages/airflow/example_dags/example_sla_dag.py for tasks to queue
[2024-07-07T20:48:02.775-0300] {logging_mixin.py:188} INFO - [2024-07-07T20:48:02.774-0300] {dagbag.py:545} INFO - Filling up the DagBag from /home/johnny/airflow/lib/python3.12/site-packages/airflow/example_dags/example_sla_dag.py
[2024-07-07T20:48:02.790-0300] {processor.py:840} INFO - DAG(s) 'example_sla_dag' retrieved from /home/johnny/airflow/lib/python3.12/site-packages/airflow/example_dags/example_sla_dag.py
[2024-07-07T20:48:02.819-0300] {logging_mixin.py:188} INFO - [2024-07-07T20:48:02.818-0300] {dag.py:3096} INFO - Sync 1 DAGs
[2024-07-07T20:48:02.875-0300] {logging_mixin.py:188} INFO - [2024-07-07T20:48:02.875-0300] {dag.py:3954} INFO - Setting next_dagrun for example_sla_dag to 2024-07-07 23:46:00+00:00, run_after=2024-07-07 23:48:00+00:00
[2024-07-07T20:48:02.927-0300] {processor.py:183} INFO - Processing /home/johnny/airflow/lib/python3.12/site-packages/airflow/example_dags/example_sla_dag.py took 0.175 seconds
[2024-07-07T20:49:10.087-0300] {processor.py:161} INFO - Started process (PID=45738) to work on /home/johnny/airflow/lib/python3.12/site-packages/airflow/example_dags/example_sla_dag.py
[2024-07-07T20:49:10.092-0300] {processor.py:830} INFO - Processing file /home/johnny/airflow/lib/python3.12/site-packages/airflow/example_dags/example_sla_dag.py for tasks to queue
[2024-07-07T20:49:10.094-0300] {logging_mixin.py:188} INFO - [2024-07-07T20:49:10.093-0300] {dagbag.py:545} INFO - Filling up the DagBag from /home/johnny/airflow/lib/python3.12/site-packages/airflow/example_dags/example_sla_dag.py
[2024-07-07T20:49:10.113-0300] {processor.py:840} INFO - DAG(s) 'example_sla_dag' retrieved from /home/johnny/airflow/lib/python3.12/site-packages/airflow/example_dags/example_sla_dag.py
[2024-07-07T20:49:10.143-0300] {logging_mixin.py:188} INFO - [2024-07-07T20:49:10.143-0300] {dag.py:3096} INFO - Sync 1 DAGs
[2024-07-07T20:49:10.186-0300] {logging_mixin.py:188} INFO - [2024-07-07T20:49:10.185-0300] {dag.py:3954} INFO - Setting next_dagrun for example_sla_dag to 2024-07-07 23:46:00+00:00, run_after=2024-07-07 23:48:00+00:00
[2024-07-07T20:49:10.225-0300] {processor.py:183} INFO - Processing /home/johnny/airflow/lib/python3.12/site-packages/airflow/example_dags/example_sla_dag.py took 0.149 seconds
[2024-07-07T20:50:20.325-0300] {processor.py:161} INFO - Started process (PID=45922) to work on /home/johnny/airflow/lib/python3.12/site-packages/airflow/example_dags/example_sla_dag.py
[2024-07-07T20:50:20.330-0300] {processor.py:830} INFO - Processing file /home/johnny/airflow/lib/python3.12/site-packages/airflow/example_dags/example_sla_dag.py for tasks to queue
[2024-07-07T20:50:20.333-0300] {logging_mixin.py:188} INFO - [2024-07-07T20:50:20.332-0300] {dagbag.py:545} INFO - Filling up the DagBag from /home/johnny/airflow/lib/python3.12/site-packages/airflow/example_dags/example_sla_dag.py
[2024-07-07T20:50:20.351-0300] {processor.py:840} INFO - DAG(s) 'example_sla_dag' retrieved from /home/johnny/airflow/lib/python3.12/site-packages/airflow/example_dags/example_sla_dag.py
[2024-07-07T20:50:20.381-0300] {logging_mixin.py:188} INFO - [2024-07-07T20:50:20.380-0300] {dag.py:3096} INFO - Sync 1 DAGs
[2024-07-07T20:50:20.453-0300] {logging_mixin.py:188} INFO - [2024-07-07T20:50:20.452-0300] {dag.py:3954} INFO - Setting next_dagrun for example_sla_dag to 2024-07-07 23:48:00+00:00, run_after=2024-07-07 23:50:00+00:00
[2024-07-07T20:50:20.513-0300] {processor.py:183} INFO - Processing /home/johnny/airflow/lib/python3.12/site-packages/airflow/example_dags/example_sla_dag.py took 0.199 seconds
[2024-07-07T20:51:33.599-0300] {processor.py:161} INFO - Started process (PID=46116) to work on /home/johnny/airflow/lib/python3.12/site-packages/airflow/example_dags/example_sla_dag.py
[2024-07-07T20:51:33.601-0300] {processor.py:830} INFO - Processing file /home/johnny/airflow/lib/python3.12/site-packages/airflow/example_dags/example_sla_dag.py for tasks to queue
[2024-07-07T20:51:33.603-0300] {logging_mixin.py:188} INFO - [2024-07-07T20:51:33.603-0300] {dagbag.py:545} INFO - Filling up the DagBag from /home/johnny/airflow/lib/python3.12/site-packages/airflow/example_dags/example_sla_dag.py
[2024-07-07T20:51:33.621-0300] {processor.py:840} INFO - DAG(s) 'example_sla_dag' retrieved from /home/johnny/airflow/lib/python3.12/site-packages/airflow/example_dags/example_sla_dag.py
[2024-07-07T20:51:33.652-0300] {logging_mixin.py:188} INFO - [2024-07-07T20:51:33.651-0300] {dag.py:3096} INFO - Sync 1 DAGs
[2024-07-07T20:51:33.700-0300] {logging_mixin.py:188} INFO - [2024-07-07T20:51:33.699-0300] {dag.py:3954} INFO - Setting next_dagrun for example_sla_dag to 2024-07-07 23:48:00+00:00, run_after=2024-07-07 23:50:00+00:00
[2024-07-07T20:51:33.763-0300] {processor.py:183} INFO - Processing /home/johnny/airflow/lib/python3.12/site-packages/airflow/example_dags/example_sla_dag.py took 0.175 seconds
[2024-07-07T20:52:42.001-0300] {processor.py:161} INFO - Started process (PID=46299) to work on /home/johnny/airflow/lib/python3.12/site-packages/airflow/example_dags/example_sla_dag.py
[2024-07-07T20:52:42.007-0300] {processor.py:830} INFO - Processing file /home/johnny/airflow/lib/python3.12/site-packages/airflow/example_dags/example_sla_dag.py for tasks to queue
[2024-07-07T20:52:42.010-0300] {logging_mixin.py:188} INFO - [2024-07-07T20:52:42.008-0300] {dagbag.py:545} INFO - Filling up the DagBag from /home/johnny/airflow/lib/python3.12/site-packages/airflow/example_dags/example_sla_dag.py
[2024-07-07T20:52:42.029-0300] {processor.py:840} INFO - DAG(s) 'example_sla_dag' retrieved from /home/johnny/airflow/lib/python3.12/site-packages/airflow/example_dags/example_sla_dag.py
[2024-07-07T20:52:42.057-0300] {logging_mixin.py:188} INFO - [2024-07-07T20:52:42.056-0300] {dag.py:3096} INFO - Sync 1 DAGs
[2024-07-07T20:52:42.110-0300] {logging_mixin.py:188} INFO - [2024-07-07T20:52:42.110-0300] {dag.py:3954} INFO - Setting next_dagrun for example_sla_dag to 2024-07-07 23:50:00+00:00, run_after=2024-07-07 23:52:00+00:00
[2024-07-07T20:52:42.168-0300] {processor.py:183} INFO - Processing /home/johnny/airflow/lib/python3.12/site-packages/airflow/example_dags/example_sla_dag.py took 0.178 seconds
[2024-07-07T20:53:47.314-0300] {processor.py:161} INFO - Started process (PID=46467) to work on /home/johnny/airflow/lib/python3.12/site-packages/airflow/example_dags/example_sla_dag.py
[2024-07-07T20:53:47.321-0300] {processor.py:830} INFO - Processing file /home/johnny/airflow/lib/python3.12/site-packages/airflow/example_dags/example_sla_dag.py for tasks to queue
[2024-07-07T20:53:47.331-0300] {logging_mixin.py:188} INFO - [2024-07-07T20:53:47.323-0300] {dagbag.py:545} INFO - Filling up the DagBag from /home/johnny/airflow/lib/python3.12/site-packages/airflow/example_dags/example_sla_dag.py
[2024-07-07T20:53:47.355-0300] {processor.py:840} INFO - DAG(s) 'example_sla_dag' retrieved from /home/johnny/airflow/lib/python3.12/site-packages/airflow/example_dags/example_sla_dag.py
[2024-07-07T20:53:47.390-0300] {logging_mixin.py:188} INFO - [2024-07-07T20:53:47.389-0300] {dag.py:3096} INFO - Sync 1 DAGs
[2024-07-07T20:53:47.442-0300] {logging_mixin.py:188} INFO - [2024-07-07T20:53:47.442-0300] {dag.py:3954} INFO - Setting next_dagrun for example_sla_dag to 2024-07-07 23:50:00+00:00, run_after=2024-07-07 23:52:00+00:00
[2024-07-07T20:53:47.488-0300] {processor.py:183} INFO - Processing /home/johnny/airflow/lib/python3.12/site-packages/airflow/example_dags/example_sla_dag.py took 0.208 seconds
[2024-07-07T20:54:59.585-0300] {processor.py:161} INFO - Started process (PID=46661) to work on /home/johnny/airflow/lib/python3.12/site-packages/airflow/example_dags/example_sla_dag.py
[2024-07-07T20:54:59.588-0300] {processor.py:830} INFO - Processing file /home/johnny/airflow/lib/python3.12/site-packages/airflow/example_dags/example_sla_dag.py for tasks to queue
[2024-07-07T20:54:59.591-0300] {logging_mixin.py:188} INFO - [2024-07-07T20:54:59.589-0300] {dagbag.py:545} INFO - Filling up the DagBag from /home/johnny/airflow/lib/python3.12/site-packages/airflow/example_dags/example_sla_dag.py
[2024-07-07T20:54:59.610-0300] {processor.py:840} INFO - DAG(s) 'example_sla_dag' retrieved from /home/johnny/airflow/lib/python3.12/site-packages/airflow/example_dags/example_sla_dag.py
[2024-07-07T20:54:59.651-0300] {logging_mixin.py:188} INFO - [2024-07-07T20:54:59.650-0300] {dag.py:3096} INFO - Sync 1 DAGs
[2024-07-07T20:54:59.728-0300] {logging_mixin.py:188} INFO - [2024-07-07T20:54:59.727-0300] {dag.py:3954} INFO - Setting next_dagrun for example_sla_dag to 2024-07-07 23:52:00+00:00, run_after=2024-07-07 23:54:00+00:00
[2024-07-07T20:54:59.789-0300] {processor.py:183} INFO - Processing /home/johnny/airflow/lib/python3.12/site-packages/airflow/example_dags/example_sla_dag.py took 0.216 seconds
[2024-07-07T20:56:03.693-0300] {processor.py:161} INFO - Started process (PID=46834) to work on /home/johnny/airflow/lib/python3.12/site-packages/airflow/example_dags/example_sla_dag.py
[2024-07-07T20:56:03.699-0300] {processor.py:830} INFO - Processing file /home/johnny/airflow/lib/python3.12/site-packages/airflow/example_dags/example_sla_dag.py for tasks to queue
[2024-07-07T20:56:03.701-0300] {logging_mixin.py:188} INFO - [2024-07-07T20:56:03.700-0300] {dagbag.py:545} INFO - Filling up the DagBag from /home/johnny/airflow/lib/python3.12/site-packages/airflow/example_dags/example_sla_dag.py
[2024-07-07T20:56:03.722-0300] {processor.py:840} INFO - DAG(s) 'example_sla_dag' retrieved from /home/johnny/airflow/lib/python3.12/site-packages/airflow/example_dags/example_sla_dag.py
[2024-07-07T20:56:03.764-0300] {logging_mixin.py:188} INFO - [2024-07-07T20:56:03.763-0300] {dag.py:3096} INFO - Sync 1 DAGs
[2024-07-07T20:56:03.831-0300] {logging_mixin.py:188} INFO - [2024-07-07T20:56:03.831-0300] {dag.py:3954} INFO - Setting next_dagrun for example_sla_dag to 2024-07-07 23:54:00+00:00, run_after=2024-07-07 23:56:00+00:00
[2024-07-07T20:56:03.884-0300] {processor.py:183} INFO - Processing /home/johnny/airflow/lib/python3.12/site-packages/airflow/example_dags/example_sla_dag.py took 0.204 seconds
[2024-07-07T20:57:14.483-0300] {processor.py:161} INFO - Started process (PID=47030) to work on /home/johnny/airflow/lib/python3.12/site-packages/airflow/example_dags/example_sla_dag.py
[2024-07-07T20:57:14.489-0300] {processor.py:830} INFO - Processing file /home/johnny/airflow/lib/python3.12/site-packages/airflow/example_dags/example_sla_dag.py for tasks to queue
[2024-07-07T20:57:14.491-0300] {logging_mixin.py:188} INFO - [2024-07-07T20:57:14.490-0300] {dagbag.py:545} INFO - Filling up the DagBag from /home/johnny/airflow/lib/python3.12/site-packages/airflow/example_dags/example_sla_dag.py
[2024-07-07T20:57:14.509-0300] {processor.py:840} INFO - DAG(s) 'example_sla_dag' retrieved from /home/johnny/airflow/lib/python3.12/site-packages/airflow/example_dags/example_sla_dag.py
[2024-07-07T20:57:14.540-0300] {logging_mixin.py:188} INFO - [2024-07-07T20:57:14.540-0300] {dag.py:3096} INFO - Sync 1 DAGs
[2024-07-07T20:57:14.576-0300] {logging_mixin.py:188} INFO - [2024-07-07T20:57:14.576-0300] {dag.py:3954} INFO - Setting next_dagrun for example_sla_dag to 2024-07-07 23:54:00+00:00, run_after=2024-07-07 23:56:00+00:00
[2024-07-07T20:57:14.610-0300] {processor.py:183} INFO - Processing /home/johnny/airflow/lib/python3.12/site-packages/airflow/example_dags/example_sla_dag.py took 0.138 seconds
[2024-07-07T20:58:25.785-0300] {processor.py:161} INFO - Started process (PID=47235) to work on /home/johnny/airflow/lib/python3.12/site-packages/airflow/example_dags/example_sla_dag.py
[2024-07-07T20:58:25.791-0300] {processor.py:830} INFO - Processing file /home/johnny/airflow/lib/python3.12/site-packages/airflow/example_dags/example_sla_dag.py for tasks to queue
[2024-07-07T20:58:25.794-0300] {logging_mixin.py:188} INFO - [2024-07-07T20:58:25.792-0300] {dagbag.py:545} INFO - Filling up the DagBag from /home/johnny/airflow/lib/python3.12/site-packages/airflow/example_dags/example_sla_dag.py
[2024-07-07T20:58:25.813-0300] {processor.py:840} INFO - DAG(s) 'example_sla_dag' retrieved from /home/johnny/airflow/lib/python3.12/site-packages/airflow/example_dags/example_sla_dag.py
[2024-07-07T20:58:25.848-0300] {logging_mixin.py:188} INFO - [2024-07-07T20:58:25.848-0300] {dag.py:3096} INFO - Sync 1 DAGs
[2024-07-07T20:58:25.893-0300] {logging_mixin.py:188} INFO - [2024-07-07T20:58:25.893-0300] {dag.py:3954} INFO - Setting next_dagrun for example_sla_dag to 2024-07-07 23:56:00+00:00, run_after=2024-07-07 23:58:00+00:00
[2024-07-07T20:58:25.942-0300] {processor.py:183} INFO - Processing /home/johnny/airflow/lib/python3.12/site-packages/airflow/example_dags/example_sla_dag.py took 0.171 seconds
[2024-07-07T20:59:37.841-0300] {processor.py:161} INFO - Started process (PID=47443) to work on /home/johnny/airflow/lib/python3.12/site-packages/airflow/example_dags/example_sla_dag.py
[2024-07-07T20:59:37.847-0300] {processor.py:830} INFO - Processing file /home/johnny/airflow/lib/python3.12/site-packages/airflow/example_dags/example_sla_dag.py for tasks to queue
[2024-07-07T20:59:37.849-0300] {logging_mixin.py:188} INFO - [2024-07-07T20:59:37.848-0300] {dagbag.py:545} INFO - Filling up the DagBag from /home/johnny/airflow/lib/python3.12/site-packages/airflow/example_dags/example_sla_dag.py
[2024-07-07T20:59:37.868-0300] {processor.py:840} INFO - DAG(s) 'example_sla_dag' retrieved from /home/johnny/airflow/lib/python3.12/site-packages/airflow/example_dags/example_sla_dag.py
[2024-07-07T20:59:37.904-0300] {logging_mixin.py:188} INFO - [2024-07-07T20:59:37.903-0300] {dag.py:3096} INFO - Sync 1 DAGs
[2024-07-07T20:59:37.958-0300] {logging_mixin.py:188} INFO - [2024-07-07T20:59:37.958-0300] {dag.py:3954} INFO - Setting next_dagrun for example_sla_dag to 2024-07-07 23:56:00+00:00, run_after=2024-07-07 23:58:00+00:00
[2024-07-07T20:59:38.019-0300] {processor.py:183} INFO - Processing /home/johnny/airflow/lib/python3.12/site-packages/airflow/example_dags/example_sla_dag.py took 0.187 seconds
