[2024-07-07T14:05:03.466-0300] {processor.py:161} INFO - Started process (PID=3013) to work on /home/johnny/airflow_env/lib/python3.12/site-packages/airflow/example_dags/example_params_trigger_ui.py
[2024-07-07T14:05:03.468-0300] {processor.py:830} INFO - Processing file /home/johnny/airflow_env/lib/python3.12/site-packages/airflow/example_dags/example_params_trigger_ui.py for tasks to queue
[2024-07-07T14:05:03.471-0300] {logging_mixin.py:188} INFO - [2024-07-07T14:05:03.470-0300] {dagbag.py:545} INFO - Filling up the DagBag from /home/johnny/airflow_env/lib/python3.12/site-packages/airflow/example_dags/example_params_trigger_ui.py
[2024-07-07T14:05:03.499-0300] {processor.py:840} INFO - DAG(s) 'example_params_trigger_ui' retrieved from /home/johnny/airflow_env/lib/python3.12/site-packages/airflow/example_dags/example_params_trigger_ui.py
[2024-07-07T14:05:03.658-0300] {logging_mixin.py:188} INFO - [2024-07-07T14:05:03.656-0300] {override.py:1847} INFO - Created Permission View: can delete on DAG:example_params_trigger_ui
[2024-07-07T14:05:03.685-0300] {logging_mixin.py:188} INFO - [2024-07-07T14:05:03.684-0300] {override.py:1847} INFO - Created Permission View: can read on DAG:example_params_trigger_ui
[2024-07-07T14:05:03.702-0300] {logging_mixin.py:188} INFO - [2024-07-07T14:05:03.701-0300] {override.py:1847} INFO - Created Permission View: can edit on DAG:example_params_trigger_ui
[2024-07-07T14:05:03.703-0300] {logging_mixin.py:188} INFO - [2024-07-07T14:05:03.703-0300] {dag.py:3096} INFO - Sync 1 DAGs
[2024-07-07T14:05:03.728-0300] {logging_mixin.py:188} INFO - [2024-07-07T14:05:03.728-0300] {dag.py:3118} INFO - Creating ORM DAG for example_params_trigger_ui
[2024-07-07T14:05:03.729-0300] {logging_mixin.py:188} INFO - [2024-07-07T14:05:03.729-0300] {dag.py:3954} INFO - Setting next_dagrun for example_params_trigger_ui to None, run_after=None
[2024-07-07T14:05:03.777-0300] {processor.py:183} INFO - Processing /home/johnny/airflow_env/lib/python3.12/site-packages/airflow/example_dags/example_params_trigger_ui.py took 0.321 seconds
[2024-07-07T14:06:06.843-0300] {processor.py:161} INFO - Started process (PID=3067) to work on /home/johnny/airflow_env/lib/python3.12/site-packages/airflow/example_dags/example_params_trigger_ui.py
[2024-07-07T14:06:06.847-0300] {processor.py:830} INFO - Processing file /home/johnny/airflow_env/lib/python3.12/site-packages/airflow/example_dags/example_params_trigger_ui.py for tasks to queue
[2024-07-07T14:06:06.850-0300] {logging_mixin.py:188} INFO - [2024-07-07T14:06:06.849-0300] {dagbag.py:545} INFO - Filling up the DagBag from /home/johnny/airflow_env/lib/python3.12/site-packages/airflow/example_dags/example_params_trigger_ui.py
[2024-07-07T14:06:06.880-0300] {processor.py:840} INFO - DAG(s) 'example_params_trigger_ui' retrieved from /home/johnny/airflow_env/lib/python3.12/site-packages/airflow/example_dags/example_params_trigger_ui.py
[2024-07-07T14:06:06.982-0300] {logging_mixin.py:188} INFO - [2024-07-07T14:06:06.981-0300] {dag.py:3096} INFO - Sync 1 DAGs
[2024-07-07T14:06:07.010-0300] {logging_mixin.py:188} INFO - [2024-07-07T14:06:07.010-0300] {dag.py:3954} INFO - Setting next_dagrun for example_params_trigger_ui to None, run_after=None
[2024-07-07T14:06:07.064-0300] {processor.py:183} INFO - Processing /home/johnny/airflow_env/lib/python3.12/site-packages/airflow/example_dags/example_params_trigger_ui.py took 0.231 seconds
[2024-07-07T14:07:04.403-0300] {processor.py:161} INFO - Started process (PID=3118) to work on /home/johnny/airflow_env/lib/python3.12/site-packages/airflow/example_dags/example_params_trigger_ui.py
[2024-07-07T14:07:04.406-0300] {processor.py:830} INFO - Processing file /home/johnny/airflow_env/lib/python3.12/site-packages/airflow/example_dags/example_params_trigger_ui.py for tasks to queue
[2024-07-07T14:07:04.409-0300] {logging_mixin.py:188} INFO - [2024-07-07T14:07:04.408-0300] {dagbag.py:545} INFO - Filling up the DagBag from /home/johnny/airflow_env/lib/python3.12/site-packages/airflow/example_dags/example_params_trigger_ui.py
[2024-07-07T14:07:04.448-0300] {processor.py:840} INFO - DAG(s) 'example_params_trigger_ui' retrieved from /home/johnny/airflow_env/lib/python3.12/site-packages/airflow/example_dags/example_params_trigger_ui.py
[2024-07-07T14:07:04.499-0300] {logging_mixin.py:188} INFO - [2024-07-07T14:07:04.499-0300] {dag.py:3096} INFO - Sync 1 DAGs
[2024-07-07T14:07:04.532-0300] {logging_mixin.py:188} INFO - [2024-07-07T14:07:04.531-0300] {dag.py:3954} INFO - Setting next_dagrun for example_params_trigger_ui to None, run_after=None
[2024-07-07T14:07:04.604-0300] {processor.py:183} INFO - Processing /home/johnny/airflow_env/lib/python3.12/site-packages/airflow/example_dags/example_params_trigger_ui.py took 0.212 seconds
[2024-07-07T14:08:02.765-0300] {processor.py:161} INFO - Started process (PID=3169) to work on /home/johnny/airflow_env/lib/python3.12/site-packages/airflow/example_dags/example_params_trigger_ui.py
[2024-07-07T14:08:02.768-0300] {processor.py:830} INFO - Processing file /home/johnny/airflow_env/lib/python3.12/site-packages/airflow/example_dags/example_params_trigger_ui.py for tasks to queue
[2024-07-07T14:08:02.771-0300] {logging_mixin.py:188} INFO - [2024-07-07T14:08:02.770-0300] {dagbag.py:545} INFO - Filling up the DagBag from /home/johnny/airflow_env/lib/python3.12/site-packages/airflow/example_dags/example_params_trigger_ui.py
[2024-07-07T14:08:02.802-0300] {processor.py:840} INFO - DAG(s) 'example_params_trigger_ui' retrieved from /home/johnny/airflow_env/lib/python3.12/site-packages/airflow/example_dags/example_params_trigger_ui.py
[2024-07-07T14:08:02.909-0300] {logging_mixin.py:188} INFO - [2024-07-07T14:08:02.908-0300] {dag.py:3096} INFO - Sync 1 DAGs
[2024-07-07T14:08:02.941-0300] {logging_mixin.py:188} INFO - [2024-07-07T14:08:02.940-0300] {dag.py:3954} INFO - Setting next_dagrun for example_params_trigger_ui to None, run_after=None
[2024-07-07T14:08:02.991-0300] {processor.py:183} INFO - Processing /home/johnny/airflow_env/lib/python3.12/site-packages/airflow/example_dags/example_params_trigger_ui.py took 0.239 seconds
[2024-07-07T19:45:58.784-0300] {processor.py:161} INFO - Started process (PID=35328) to work on /home/johnny/airflow/lib/python3.12/site-packages/airflow/example_dags/example_params_trigger_ui.py
[2024-07-07T19:45:58.790-0300] {processor.py:830} INFO - Processing file /home/johnny/airflow/lib/python3.12/site-packages/airflow/example_dags/example_params_trigger_ui.py for tasks to queue
[2024-07-07T19:45:58.794-0300] {logging_mixin.py:188} INFO - [2024-07-07T19:45:58.793-0300] {dagbag.py:545} INFO - Filling up the DagBag from /home/johnny/airflow/lib/python3.12/site-packages/airflow/example_dags/example_params_trigger_ui.py
[2024-07-07T19:45:58.824-0300] {processor.py:840} INFO - DAG(s) 'example_params_trigger_ui' retrieved from /home/johnny/airflow/lib/python3.12/site-packages/airflow/example_dags/example_params_trigger_ui.py
[2024-07-07T19:45:59.099-0300] {logging_mixin.py:188} INFO - [2024-07-07T19:45:59.099-0300] {dag.py:3096} INFO - Sync 1 DAGs
[2024-07-07T19:45:59.107-0300] {logging_mixin.py:188} INFO - [2024-07-07T19:45:59.107-0300] {dag.py:3954} INFO - Setting next_dagrun for example_params_trigger_ui to None, run_after=None
[2024-07-07T19:45:59.136-0300] {processor.py:183} INFO - Processing /home/johnny/airflow/lib/python3.12/site-packages/airflow/example_dags/example_params_trigger_ui.py took 0.364 seconds
[2024-07-07T19:47:17.971-0300] {processor.py:161} INFO - Started process (PID=35530) to work on /home/johnny/airflow/lib/python3.12/site-packages/airflow/example_dags/example_params_trigger_ui.py
[2024-07-07T19:47:17.977-0300] {processor.py:830} INFO - Processing file /home/johnny/airflow/lib/python3.12/site-packages/airflow/example_dags/example_params_trigger_ui.py for tasks to queue
[2024-07-07T19:47:17.981-0300] {logging_mixin.py:188} INFO - [2024-07-07T19:47:17.980-0300] {dagbag.py:545} INFO - Filling up the DagBag from /home/johnny/airflow/lib/python3.12/site-packages/airflow/example_dags/example_params_trigger_ui.py
[2024-07-07T19:47:18.013-0300] {processor.py:840} INFO - DAG(s) 'example_params_trigger_ui' retrieved from /home/johnny/airflow/lib/python3.12/site-packages/airflow/example_dags/example_params_trigger_ui.py
[2024-07-07T19:47:18.332-0300] {logging_mixin.py:188} INFO - [2024-07-07T19:47:18.331-0300] {dag.py:3096} INFO - Sync 1 DAGs
[2024-07-07T19:47:18.363-0300] {logging_mixin.py:188} INFO - [2024-07-07T19:47:18.362-0300] {dag.py:3954} INFO - Setting next_dagrun for example_params_trigger_ui to None, run_after=None
[2024-07-07T19:47:18.418-0300] {processor.py:183} INFO - Processing /home/johnny/airflow/lib/python3.12/site-packages/airflow/example_dags/example_params_trigger_ui.py took 0.464 seconds
[2024-07-07T19:48:29.174-0300] {processor.py:161} INFO - Started process (PID=35734) to work on /home/johnny/airflow/lib/python3.12/site-packages/airflow/example_dags/example_params_trigger_ui.py
[2024-07-07T19:48:29.178-0300] {processor.py:830} INFO - Processing file /home/johnny/airflow/lib/python3.12/site-packages/airflow/example_dags/example_params_trigger_ui.py for tasks to queue
[2024-07-07T19:48:29.183-0300] {logging_mixin.py:188} INFO - [2024-07-07T19:48:29.182-0300] {dagbag.py:545} INFO - Filling up the DagBag from /home/johnny/airflow/lib/python3.12/site-packages/airflow/example_dags/example_params_trigger_ui.py
[2024-07-07T19:48:29.211-0300] {processor.py:840} INFO - DAG(s) 'example_params_trigger_ui' retrieved from /home/johnny/airflow/lib/python3.12/site-packages/airflow/example_dags/example_params_trigger_ui.py
[2024-07-07T19:48:29.312-0300] {logging_mixin.py:188} INFO - [2024-07-07T19:48:29.310-0300] {dag.py:3096} INFO - Sync 1 DAGs
[2024-07-07T19:48:29.329-0300] {logging_mixin.py:188} INFO - [2024-07-07T19:48:29.329-0300] {dag.py:3954} INFO - Setting next_dagrun for example_params_trigger_ui to None, run_after=None
[2024-07-07T19:48:29.357-0300] {processor.py:183} INFO - Processing /home/johnny/airflow/lib/python3.12/site-packages/airflow/example_dags/example_params_trigger_ui.py took 0.195 seconds
[2024-07-07T19:49:34.280-0300] {processor.py:161} INFO - Started process (PID=35936) to work on /home/johnny/airflow/lib/python3.12/site-packages/airflow/example_dags/example_params_trigger_ui.py
[2024-07-07T19:49:34.284-0300] {processor.py:830} INFO - Processing file /home/johnny/airflow/lib/python3.12/site-packages/airflow/example_dags/example_params_trigger_ui.py for tasks to queue
[2024-07-07T19:49:34.288-0300] {logging_mixin.py:188} INFO - [2024-07-07T19:49:34.287-0300] {dagbag.py:545} INFO - Filling up the DagBag from /home/johnny/airflow/lib/python3.12/site-packages/airflow/example_dags/example_params_trigger_ui.py
[2024-07-07T19:49:34.321-0300] {processor.py:840} INFO - DAG(s) 'example_params_trigger_ui' retrieved from /home/johnny/airflow/lib/python3.12/site-packages/airflow/example_dags/example_params_trigger_ui.py
[2024-07-07T19:49:34.408-0300] {logging_mixin.py:188} INFO - [2024-07-07T19:49:34.407-0300] {dag.py:3096} INFO - Sync 1 DAGs
[2024-07-07T19:49:34.425-0300] {logging_mixin.py:188} INFO - [2024-07-07T19:49:34.425-0300] {dag.py:3954} INFO - Setting next_dagrun for example_params_trigger_ui to None, run_after=None
[2024-07-07T19:49:34.470-0300] {processor.py:183} INFO - Processing /home/johnny/airflow/lib/python3.12/site-packages/airflow/example_dags/example_params_trigger_ui.py took 0.202 seconds
[2024-07-07T19:50:41.741-0300] {processor.py:161} INFO - Started process (PID=36115) to work on /home/johnny/airflow/lib/python3.12/site-packages/airflow/example_dags/example_params_trigger_ui.py
[2024-07-07T19:50:41.748-0300] {processor.py:830} INFO - Processing file /home/johnny/airflow/lib/python3.12/site-packages/airflow/example_dags/example_params_trigger_ui.py for tasks to queue
[2024-07-07T19:50:41.752-0300] {logging_mixin.py:188} INFO - [2024-07-07T19:50:41.751-0300] {dagbag.py:545} INFO - Filling up the DagBag from /home/johnny/airflow/lib/python3.12/site-packages/airflow/example_dags/example_params_trigger_ui.py
[2024-07-07T19:50:41.786-0300] {processor.py:840} INFO - DAG(s) 'example_params_trigger_ui' retrieved from /home/johnny/airflow/lib/python3.12/site-packages/airflow/example_dags/example_params_trigger_ui.py
[2024-07-07T19:50:41.876-0300] {logging_mixin.py:188} INFO - [2024-07-07T19:50:41.876-0300] {dag.py:3096} INFO - Sync 1 DAGs
[2024-07-07T19:50:41.900-0300] {logging_mixin.py:188} INFO - [2024-07-07T19:50:41.899-0300] {dag.py:3954} INFO - Setting next_dagrun for example_params_trigger_ui to None, run_after=None
[2024-07-07T19:50:41.947-0300] {processor.py:183} INFO - Processing /home/johnny/airflow/lib/python3.12/site-packages/airflow/example_dags/example_params_trigger_ui.py took 0.231 seconds
[2024-07-07T19:51:52.120-0300] {processor.py:161} INFO - Started process (PID=36314) to work on /home/johnny/airflow/lib/python3.12/site-packages/airflow/example_dags/example_params_trigger_ui.py
[2024-07-07T19:51:52.126-0300] {processor.py:830} INFO - Processing file /home/johnny/airflow/lib/python3.12/site-packages/airflow/example_dags/example_params_trigger_ui.py for tasks to queue
[2024-07-07T19:51:52.129-0300] {logging_mixin.py:188} INFO - [2024-07-07T19:51:52.129-0300] {dagbag.py:545} INFO - Filling up the DagBag from /home/johnny/airflow/lib/python3.12/site-packages/airflow/example_dags/example_params_trigger_ui.py
[2024-07-07T19:51:52.162-0300] {processor.py:840} INFO - DAG(s) 'example_params_trigger_ui' retrieved from /home/johnny/airflow/lib/python3.12/site-packages/airflow/example_dags/example_params_trigger_ui.py
[2024-07-07T19:51:52.263-0300] {logging_mixin.py:188} INFO - [2024-07-07T19:51:52.262-0300] {dag.py:3096} INFO - Sync 1 DAGs
[2024-07-07T19:51:52.282-0300] {logging_mixin.py:188} INFO - [2024-07-07T19:51:52.281-0300] {dag.py:3954} INFO - Setting next_dagrun for example_params_trigger_ui to None, run_after=None
[2024-07-07T19:51:52.346-0300] {processor.py:183} INFO - Processing /home/johnny/airflow/lib/python3.12/site-packages/airflow/example_dags/example_params_trigger_ui.py took 0.239 seconds
[2024-07-07T19:53:05.687-0300] {processor.py:161} INFO - Started process (PID=36516) to work on /home/johnny/airflow/lib/python3.12/site-packages/airflow/example_dags/example_params_trigger_ui.py
[2024-07-07T19:53:05.693-0300] {processor.py:830} INFO - Processing file /home/johnny/airflow/lib/python3.12/site-packages/airflow/example_dags/example_params_trigger_ui.py for tasks to queue
[2024-07-07T19:53:05.698-0300] {logging_mixin.py:188} INFO - [2024-07-07T19:53:05.696-0300] {dagbag.py:545} INFO - Filling up the DagBag from /home/johnny/airflow/lib/python3.12/site-packages/airflow/example_dags/example_params_trigger_ui.py
[2024-07-07T19:53:05.743-0300] {processor.py:840} INFO - DAG(s) 'example_params_trigger_ui' retrieved from /home/johnny/airflow/lib/python3.12/site-packages/airflow/example_dags/example_params_trigger_ui.py
[2024-07-07T19:53:05.839-0300] {logging_mixin.py:188} INFO - [2024-07-07T19:53:05.839-0300] {dag.py:3096} INFO - Sync 1 DAGs
[2024-07-07T19:53:05.867-0300] {logging_mixin.py:188} INFO - [2024-07-07T19:53:05.866-0300] {dag.py:3954} INFO - Setting next_dagrun for example_params_trigger_ui to None, run_after=None
[2024-07-07T19:53:05.925-0300] {processor.py:183} INFO - Processing /home/johnny/airflow/lib/python3.12/site-packages/airflow/example_dags/example_params_trigger_ui.py took 0.250 seconds
[2024-07-07T19:54:13.659-0300] {processor.py:161} INFO - Started process (PID=36696) to work on /home/johnny/airflow/lib/python3.12/site-packages/airflow/example_dags/example_params_trigger_ui.py
[2024-07-07T19:54:13.662-0300] {processor.py:830} INFO - Processing file /home/johnny/airflow/lib/python3.12/site-packages/airflow/example_dags/example_params_trigger_ui.py for tasks to queue
[2024-07-07T19:54:13.664-0300] {logging_mixin.py:188} INFO - [2024-07-07T19:54:13.663-0300] {dagbag.py:545} INFO - Filling up the DagBag from /home/johnny/airflow/lib/python3.12/site-packages/airflow/example_dags/example_params_trigger_ui.py
[2024-07-07T19:54:13.696-0300] {processor.py:840} INFO - DAG(s) 'example_params_trigger_ui' retrieved from /home/johnny/airflow/lib/python3.12/site-packages/airflow/example_dags/example_params_trigger_ui.py
[2024-07-07T19:54:13.818-0300] {logging_mixin.py:188} INFO - [2024-07-07T19:54:13.817-0300] {dag.py:3096} INFO - Sync 1 DAGs
[2024-07-07T19:54:13.851-0300] {logging_mixin.py:188} INFO - [2024-07-07T19:54:13.851-0300] {dag.py:3954} INFO - Setting next_dagrun for example_params_trigger_ui to None, run_after=None
[2024-07-07T19:54:13.911-0300] {processor.py:183} INFO - Processing /home/johnny/airflow/lib/python3.12/site-packages/airflow/example_dags/example_params_trigger_ui.py took 0.266 seconds
[2024-07-07T19:55:21.997-0300] {processor.py:161} INFO - Started process (PID=36880) to work on /home/johnny/airflow/lib/python3.12/site-packages/airflow/example_dags/example_params_trigger_ui.py
[2024-07-07T19:55:22.002-0300] {processor.py:830} INFO - Processing file /home/johnny/airflow/lib/python3.12/site-packages/airflow/example_dags/example_params_trigger_ui.py for tasks to queue
[2024-07-07T19:55:22.006-0300] {logging_mixin.py:188} INFO - [2024-07-07T19:55:22.004-0300] {dagbag.py:545} INFO - Filling up the DagBag from /home/johnny/airflow/lib/python3.12/site-packages/airflow/example_dags/example_params_trigger_ui.py
[2024-07-07T19:55:22.041-0300] {processor.py:840} INFO - DAG(s) 'example_params_trigger_ui' retrieved from /home/johnny/airflow/lib/python3.12/site-packages/airflow/example_dags/example_params_trigger_ui.py
[2024-07-07T19:55:22.123-0300] {logging_mixin.py:188} INFO - [2024-07-07T19:55:22.122-0300] {dag.py:3096} INFO - Sync 1 DAGs
[2024-07-07T19:55:22.155-0300] {logging_mixin.py:188} INFO - [2024-07-07T19:55:22.155-0300] {dag.py:3954} INFO - Setting next_dagrun for example_params_trigger_ui to None, run_after=None
[2024-07-07T19:55:22.225-0300] {processor.py:183} INFO - Processing /home/johnny/airflow/lib/python3.12/site-packages/airflow/example_dags/example_params_trigger_ui.py took 0.241 seconds
[2024-07-07T19:56:31.242-0300] {processor.py:161} INFO - Started process (PID=37064) to work on /home/johnny/airflow/lib/python3.12/site-packages/airflow/example_dags/example_params_trigger_ui.py
[2024-07-07T19:56:31.247-0300] {processor.py:830} INFO - Processing file /home/johnny/airflow/lib/python3.12/site-packages/airflow/example_dags/example_params_trigger_ui.py for tasks to queue
[2024-07-07T19:56:31.250-0300] {logging_mixin.py:188} INFO - [2024-07-07T19:56:31.248-0300] {dagbag.py:545} INFO - Filling up the DagBag from /home/johnny/airflow/lib/python3.12/site-packages/airflow/example_dags/example_params_trigger_ui.py
[2024-07-07T19:56:31.278-0300] {processor.py:840} INFO - DAG(s) 'example_params_trigger_ui' retrieved from /home/johnny/airflow/lib/python3.12/site-packages/airflow/example_dags/example_params_trigger_ui.py
[2024-07-07T19:56:31.333-0300] {logging_mixin.py:188} INFO - [2024-07-07T19:56:31.332-0300] {dag.py:3096} INFO - Sync 1 DAGs
[2024-07-07T19:56:31.347-0300] {logging_mixin.py:188} INFO - [2024-07-07T19:56:31.346-0300] {dag.py:3954} INFO - Setting next_dagrun for example_params_trigger_ui to None, run_after=None
[2024-07-07T19:56:31.370-0300] {processor.py:183} INFO - Processing /home/johnny/airflow/lib/python3.12/site-packages/airflow/example_dags/example_params_trigger_ui.py took 0.145 seconds
[2024-07-07T19:57:51.963-0300] {processor.py:161} INFO - Started process (PID=37293) to work on /home/johnny/airflow/lib/python3.12/site-packages/airflow/example_dags/example_params_trigger_ui.py
[2024-07-07T19:57:51.966-0300] {processor.py:830} INFO - Processing file /home/johnny/airflow/lib/python3.12/site-packages/airflow/example_dags/example_params_trigger_ui.py for tasks to queue
[2024-07-07T19:57:51.968-0300] {logging_mixin.py:188} INFO - [2024-07-07T19:57:51.967-0300] {dagbag.py:545} INFO - Filling up the DagBag from /home/johnny/airflow/lib/python3.12/site-packages/airflow/example_dags/example_params_trigger_ui.py
[2024-07-07T19:57:52.001-0300] {processor.py:840} INFO - DAG(s) 'example_params_trigger_ui' retrieved from /home/johnny/airflow/lib/python3.12/site-packages/airflow/example_dags/example_params_trigger_ui.py
[2024-07-07T19:57:52.097-0300] {logging_mixin.py:188} INFO - [2024-07-07T19:57:52.097-0300] {dag.py:3096} INFO - Sync 1 DAGs
[2024-07-07T19:57:52.118-0300] {logging_mixin.py:188} INFO - [2024-07-07T19:57:52.117-0300] {dag.py:3954} INFO - Setting next_dagrun for example_params_trigger_ui to None, run_after=None
[2024-07-07T19:57:52.166-0300] {processor.py:183} INFO - Processing /home/johnny/airflow/lib/python3.12/site-packages/airflow/example_dags/example_params_trigger_ui.py took 0.215 seconds
[2024-07-07T19:58:59.054-0300] {processor.py:161} INFO - Started process (PID=37475) to work on /home/johnny/airflow/lib/python3.12/site-packages/airflow/example_dags/example_params_trigger_ui.py
[2024-07-07T19:58:59.057-0300] {processor.py:830} INFO - Processing file /home/johnny/airflow/lib/python3.12/site-packages/airflow/example_dags/example_params_trigger_ui.py for tasks to queue
[2024-07-07T19:58:59.059-0300] {logging_mixin.py:188} INFO - [2024-07-07T19:58:59.058-0300] {dagbag.py:545} INFO - Filling up the DagBag from /home/johnny/airflow/lib/python3.12/site-packages/airflow/example_dags/example_params_trigger_ui.py
[2024-07-07T19:58:59.090-0300] {processor.py:840} INFO - DAG(s) 'example_params_trigger_ui' retrieved from /home/johnny/airflow/lib/python3.12/site-packages/airflow/example_dags/example_params_trigger_ui.py
[2024-07-07T19:58:59.180-0300] {logging_mixin.py:188} INFO - [2024-07-07T19:58:59.180-0300] {dag.py:3096} INFO - Sync 1 DAGs
[2024-07-07T19:58:59.202-0300] {logging_mixin.py:188} INFO - [2024-07-07T19:58:59.202-0300] {dag.py:3954} INFO - Setting next_dagrun for example_params_trigger_ui to None, run_after=None
[2024-07-07T19:58:59.243-0300] {processor.py:183} INFO - Processing /home/johnny/airflow/lib/python3.12/site-packages/airflow/example_dags/example_params_trigger_ui.py took 0.204 seconds
[2024-07-07T20:00:01.193-0300] {processor.py:161} INFO - Started process (PID=37655) to work on /home/johnny/airflow/lib/python3.12/site-packages/airflow/example_dags/example_params_trigger_ui.py
[2024-07-07T20:00:01.197-0300] {processor.py:830} INFO - Processing file /home/johnny/airflow/lib/python3.12/site-packages/airflow/example_dags/example_params_trigger_ui.py for tasks to queue
[2024-07-07T20:00:01.200-0300] {logging_mixin.py:188} INFO - [2024-07-07T20:00:01.199-0300] {dagbag.py:545} INFO - Filling up the DagBag from /home/johnny/airflow/lib/python3.12/site-packages/airflow/example_dags/example_params_trigger_ui.py
[2024-07-07T20:00:01.235-0300] {processor.py:840} INFO - DAG(s) 'example_params_trigger_ui' retrieved from /home/johnny/airflow/lib/python3.12/site-packages/airflow/example_dags/example_params_trigger_ui.py
[2024-07-07T20:00:01.332-0300] {logging_mixin.py:188} INFO - [2024-07-07T20:00:01.332-0300] {dag.py:3096} INFO - Sync 1 DAGs
[2024-07-07T20:00:01.352-0300] {logging_mixin.py:188} INFO - [2024-07-07T20:00:01.352-0300] {dag.py:3954} INFO - Setting next_dagrun for example_params_trigger_ui to None, run_after=None
[2024-07-07T20:00:01.402-0300] {processor.py:183} INFO - Processing /home/johnny/airflow/lib/python3.12/site-packages/airflow/example_dags/example_params_trigger_ui.py took 0.227 seconds
[2024-07-07T20:01:09.457-0300] {processor.py:161} INFO - Started process (PID=37850) to work on /home/johnny/airflow/lib/python3.12/site-packages/airflow/example_dags/example_params_trigger_ui.py
[2024-07-07T20:01:09.459-0300] {processor.py:830} INFO - Processing file /home/johnny/airflow/lib/python3.12/site-packages/airflow/example_dags/example_params_trigger_ui.py for tasks to queue
[2024-07-07T20:01:09.462-0300] {logging_mixin.py:188} INFO - [2024-07-07T20:01:09.460-0300] {dagbag.py:545} INFO - Filling up the DagBag from /home/johnny/airflow/lib/python3.12/site-packages/airflow/example_dags/example_params_trigger_ui.py
[2024-07-07T20:01:09.495-0300] {processor.py:840} INFO - DAG(s) 'example_params_trigger_ui' retrieved from /home/johnny/airflow/lib/python3.12/site-packages/airflow/example_dags/example_params_trigger_ui.py
[2024-07-07T20:01:09.567-0300] {logging_mixin.py:188} INFO - [2024-07-07T20:01:09.567-0300] {dag.py:3096} INFO - Sync 1 DAGs
[2024-07-07T20:01:09.582-0300] {logging_mixin.py:188} INFO - [2024-07-07T20:01:09.581-0300] {dag.py:3954} INFO - Setting next_dagrun for example_params_trigger_ui to None, run_after=None
[2024-07-07T20:01:09.611-0300] {processor.py:183} INFO - Processing /home/johnny/airflow/lib/python3.12/site-packages/airflow/example_dags/example_params_trigger_ui.py took 0.166 seconds
[2024-07-07T20:02:13.273-0300] {processor.py:161} INFO - Started process (PID=38024) to work on /home/johnny/airflow/lib/python3.12/site-packages/airflow/example_dags/example_params_trigger_ui.py
[2024-07-07T20:02:13.276-0300] {processor.py:830} INFO - Processing file /home/johnny/airflow/lib/python3.12/site-packages/airflow/example_dags/example_params_trigger_ui.py for tasks to queue
[2024-07-07T20:02:13.279-0300] {logging_mixin.py:188} INFO - [2024-07-07T20:02:13.278-0300] {dagbag.py:545} INFO - Filling up the DagBag from /home/johnny/airflow/lib/python3.12/site-packages/airflow/example_dags/example_params_trigger_ui.py
[2024-07-07T20:02:13.330-0300] {processor.py:840} INFO - DAG(s) 'example_params_trigger_ui' retrieved from /home/johnny/airflow/lib/python3.12/site-packages/airflow/example_dags/example_params_trigger_ui.py
[2024-07-07T20:02:13.454-0300] {logging_mixin.py:188} INFO - [2024-07-07T20:02:13.453-0300] {dag.py:3096} INFO - Sync 1 DAGs
[2024-07-07T20:02:13.493-0300] {logging_mixin.py:188} INFO - [2024-07-07T20:02:13.493-0300] {dag.py:3954} INFO - Setting next_dagrun for example_params_trigger_ui to None, run_after=None
[2024-07-07T20:02:13.562-0300] {processor.py:183} INFO - Processing /home/johnny/airflow/lib/python3.12/site-packages/airflow/example_dags/example_params_trigger_ui.py took 0.305 seconds
[2024-07-07T20:03:22.231-0300] {processor.py:161} INFO - Started process (PID=38203) to work on /home/johnny/airflow/lib/python3.12/site-packages/airflow/example_dags/example_params_trigger_ui.py
[2024-07-07T20:03:22.234-0300] {processor.py:830} INFO - Processing file /home/johnny/airflow/lib/python3.12/site-packages/airflow/example_dags/example_params_trigger_ui.py for tasks to queue
[2024-07-07T20:03:22.236-0300] {logging_mixin.py:188} INFO - [2024-07-07T20:03:22.235-0300] {dagbag.py:545} INFO - Filling up the DagBag from /home/johnny/airflow/lib/python3.12/site-packages/airflow/example_dags/example_params_trigger_ui.py
[2024-07-07T20:03:22.272-0300] {processor.py:840} INFO - DAG(s) 'example_params_trigger_ui' retrieved from /home/johnny/airflow/lib/python3.12/site-packages/airflow/example_dags/example_params_trigger_ui.py
[2024-07-07T20:03:22.363-0300] {logging_mixin.py:188} INFO - [2024-07-07T20:03:22.362-0300] {dag.py:3096} INFO - Sync 1 DAGs
[2024-07-07T20:03:22.381-0300] {logging_mixin.py:188} INFO - [2024-07-07T20:03:22.380-0300] {dag.py:3954} INFO - Setting next_dagrun for example_params_trigger_ui to None, run_after=None
[2024-07-07T20:03:22.428-0300] {processor.py:183} INFO - Processing /home/johnny/airflow/lib/python3.12/site-packages/airflow/example_dags/example_params_trigger_ui.py took 0.208 seconds
[2024-07-07T20:04:45.633-0300] {processor.py:161} INFO - Started process (PID=38444) to work on /home/johnny/airflow/lib/python3.12/site-packages/airflow/example_dags/example_params_trigger_ui.py
[2024-07-07T20:04:45.636-0300] {processor.py:830} INFO - Processing file /home/johnny/airflow/lib/python3.12/site-packages/airflow/example_dags/example_params_trigger_ui.py for tasks to queue
[2024-07-07T20:04:45.638-0300] {logging_mixin.py:188} INFO - [2024-07-07T20:04:45.637-0300] {dagbag.py:545} INFO - Filling up the DagBag from /home/johnny/airflow/lib/python3.12/site-packages/airflow/example_dags/example_params_trigger_ui.py
[2024-07-07T20:04:45.664-0300] {processor.py:840} INFO - DAG(s) 'example_params_trigger_ui' retrieved from /home/johnny/airflow/lib/python3.12/site-packages/airflow/example_dags/example_params_trigger_ui.py
[2024-07-07T20:04:45.745-0300] {logging_mixin.py:188} INFO - [2024-07-07T20:04:45.744-0300] {dag.py:3096} INFO - Sync 1 DAGs
[2024-07-07T20:04:45.772-0300] {logging_mixin.py:188} INFO - [2024-07-07T20:04:45.772-0300] {dag.py:3954} INFO - Setting next_dagrun for example_params_trigger_ui to None, run_after=None
[2024-07-07T20:04:45.826-0300] {processor.py:183} INFO - Processing /home/johnny/airflow/lib/python3.12/site-packages/airflow/example_dags/example_params_trigger_ui.py took 0.201 seconds
[2024-07-07T20:05:49.761-0300] {processor.py:161} INFO - Started process (PID=38626) to work on /home/johnny/airflow/lib/python3.12/site-packages/airflow/example_dags/example_params_trigger_ui.py
[2024-07-07T20:05:49.766-0300] {processor.py:830} INFO - Processing file /home/johnny/airflow/lib/python3.12/site-packages/airflow/example_dags/example_params_trigger_ui.py for tasks to queue
[2024-07-07T20:05:49.768-0300] {logging_mixin.py:188} INFO - [2024-07-07T20:05:49.767-0300] {dagbag.py:545} INFO - Filling up the DagBag from /home/johnny/airflow/lib/python3.12/site-packages/airflow/example_dags/example_params_trigger_ui.py
[2024-07-07T20:05:49.799-0300] {processor.py:840} INFO - DAG(s) 'example_params_trigger_ui' retrieved from /home/johnny/airflow/lib/python3.12/site-packages/airflow/example_dags/example_params_trigger_ui.py
[2024-07-07T20:05:49.884-0300] {logging_mixin.py:188} INFO - [2024-07-07T20:05:49.883-0300] {dag.py:3096} INFO - Sync 1 DAGs
[2024-07-07T20:05:49.902-0300] {logging_mixin.py:188} INFO - [2024-07-07T20:05:49.902-0300] {dag.py:3954} INFO - Setting next_dagrun for example_params_trigger_ui to None, run_after=None
[2024-07-07T20:05:49.938-0300] {processor.py:183} INFO - Processing /home/johnny/airflow/lib/python3.12/site-packages/airflow/example_dags/example_params_trigger_ui.py took 0.189 seconds
[2024-07-07T20:06:52.220-0300] {processor.py:161} INFO - Started process (PID=38790) to work on /home/johnny/airflow/lib/python3.12/site-packages/airflow/example_dags/example_params_trigger_ui.py
[2024-07-07T20:06:52.223-0300] {processor.py:830} INFO - Processing file /home/johnny/airflow/lib/python3.12/site-packages/airflow/example_dags/example_params_trigger_ui.py for tasks to queue
[2024-07-07T20:06:52.225-0300] {logging_mixin.py:188} INFO - [2024-07-07T20:06:52.224-0300] {dagbag.py:545} INFO - Filling up the DagBag from /home/johnny/airflow/lib/python3.12/site-packages/airflow/example_dags/example_params_trigger_ui.py
[2024-07-07T20:06:52.255-0300] {processor.py:840} INFO - DAG(s) 'example_params_trigger_ui' retrieved from /home/johnny/airflow/lib/python3.12/site-packages/airflow/example_dags/example_params_trigger_ui.py
[2024-07-07T20:06:52.320-0300] {logging_mixin.py:188} INFO - [2024-07-07T20:06:52.319-0300] {dag.py:3096} INFO - Sync 1 DAGs
[2024-07-07T20:06:52.333-0300] {logging_mixin.py:188} INFO - [2024-07-07T20:06:52.333-0300] {dag.py:3954} INFO - Setting next_dagrun for example_params_trigger_ui to None, run_after=None
[2024-07-07T20:06:52.384-0300] {processor.py:183} INFO - Processing /home/johnny/airflow/lib/python3.12/site-packages/airflow/example_dags/example_params_trigger_ui.py took 0.175 seconds
[2024-07-07T20:07:59.323-0300] {processor.py:161} INFO - Started process (PID=38974) to work on /home/johnny/airflow/lib/python3.12/site-packages/airflow/example_dags/example_params_trigger_ui.py
[2024-07-07T20:07:59.326-0300] {processor.py:830} INFO - Processing file /home/johnny/airflow/lib/python3.12/site-packages/airflow/example_dags/example_params_trigger_ui.py for tasks to queue
[2024-07-07T20:07:59.329-0300] {logging_mixin.py:188} INFO - [2024-07-07T20:07:59.328-0300] {dagbag.py:545} INFO - Filling up the DagBag from /home/johnny/airflow/lib/python3.12/site-packages/airflow/example_dags/example_params_trigger_ui.py
[2024-07-07T20:07:59.372-0300] {processor.py:840} INFO - DAG(s) 'example_params_trigger_ui' retrieved from /home/johnny/airflow/lib/python3.12/site-packages/airflow/example_dags/example_params_trigger_ui.py
[2024-07-07T20:07:59.498-0300] {logging_mixin.py:188} INFO - [2024-07-07T20:07:59.497-0300] {dag.py:3096} INFO - Sync 1 DAGs
[2024-07-07T20:07:59.536-0300] {logging_mixin.py:188} INFO - [2024-07-07T20:07:59.536-0300] {dag.py:3954} INFO - Setting next_dagrun for example_params_trigger_ui to None, run_after=None
[2024-07-07T20:07:59.605-0300] {processor.py:183} INFO - Processing /home/johnny/airflow/lib/python3.12/site-packages/airflow/example_dags/example_params_trigger_ui.py took 0.297 seconds
[2024-07-07T20:09:10.378-0300] {processor.py:161} INFO - Started process (PID=39170) to work on /home/johnny/airflow/lib/python3.12/site-packages/airflow/example_dags/example_params_trigger_ui.py
[2024-07-07T20:09:10.380-0300] {processor.py:830} INFO - Processing file /home/johnny/airflow/lib/python3.12/site-packages/airflow/example_dags/example_params_trigger_ui.py for tasks to queue
[2024-07-07T20:09:10.382-0300] {logging_mixin.py:188} INFO - [2024-07-07T20:09:10.382-0300] {dagbag.py:545} INFO - Filling up the DagBag from /home/johnny/airflow/lib/python3.12/site-packages/airflow/example_dags/example_params_trigger_ui.py
[2024-07-07T20:09:10.414-0300] {processor.py:840} INFO - DAG(s) 'example_params_trigger_ui' retrieved from /home/johnny/airflow/lib/python3.12/site-packages/airflow/example_dags/example_params_trigger_ui.py
[2024-07-07T20:09:10.504-0300] {logging_mixin.py:188} INFO - [2024-07-07T20:09:10.504-0300] {dag.py:3096} INFO - Sync 1 DAGs
[2024-07-07T20:09:10.523-0300] {logging_mixin.py:188} INFO - [2024-07-07T20:09:10.523-0300] {dag.py:3954} INFO - Setting next_dagrun for example_params_trigger_ui to None, run_after=None
[2024-07-07T20:09:10.572-0300] {processor.py:183} INFO - Processing /home/johnny/airflow/lib/python3.12/site-packages/airflow/example_dags/example_params_trigger_ui.py took 0.206 seconds
[2024-07-07T20:10:17.452-0300] {processor.py:161} INFO - Started process (PID=39356) to work on /home/johnny/airflow/lib/python3.12/site-packages/airflow/example_dags/example_params_trigger_ui.py
[2024-07-07T20:10:17.455-0300] {processor.py:830} INFO - Processing file /home/johnny/airflow/lib/python3.12/site-packages/airflow/example_dags/example_params_trigger_ui.py for tasks to queue
[2024-07-07T20:10:17.457-0300] {logging_mixin.py:188} INFO - [2024-07-07T20:10:17.456-0300] {dagbag.py:545} INFO - Filling up the DagBag from /home/johnny/airflow/lib/python3.12/site-packages/airflow/example_dags/example_params_trigger_ui.py
[2024-07-07T20:10:17.486-0300] {processor.py:840} INFO - DAG(s) 'example_params_trigger_ui' retrieved from /home/johnny/airflow/lib/python3.12/site-packages/airflow/example_dags/example_params_trigger_ui.py
[2024-07-07T20:10:17.555-0300] {logging_mixin.py:188} INFO - [2024-07-07T20:10:17.554-0300] {dag.py:3096} INFO - Sync 1 DAGs
[2024-07-07T20:10:17.572-0300] {logging_mixin.py:188} INFO - [2024-07-07T20:10:17.572-0300] {dag.py:3954} INFO - Setting next_dagrun for example_params_trigger_ui to None, run_after=None
[2024-07-07T20:10:17.608-0300] {processor.py:183} INFO - Processing /home/johnny/airflow/lib/python3.12/site-packages/airflow/example_dags/example_params_trigger_ui.py took 0.170 seconds
[2024-07-07T20:11:21.224-0300] {processor.py:161} INFO - Started process (PID=39537) to work on /home/johnny/airflow/lib/python3.12/site-packages/airflow/example_dags/example_params_trigger_ui.py
[2024-07-07T20:11:21.227-0300] {processor.py:830} INFO - Processing file /home/johnny/airflow/lib/python3.12/site-packages/airflow/example_dags/example_params_trigger_ui.py for tasks to queue
[2024-07-07T20:11:21.229-0300] {logging_mixin.py:188} INFO - [2024-07-07T20:11:21.228-0300] {dagbag.py:545} INFO - Filling up the DagBag from /home/johnny/airflow/lib/python3.12/site-packages/airflow/example_dags/example_params_trigger_ui.py
[2024-07-07T20:11:21.259-0300] {processor.py:840} INFO - DAG(s) 'example_params_trigger_ui' retrieved from /home/johnny/airflow/lib/python3.12/site-packages/airflow/example_dags/example_params_trigger_ui.py
[2024-07-07T20:11:21.325-0300] {logging_mixin.py:188} INFO - [2024-07-07T20:11:21.324-0300] {dag.py:3096} INFO - Sync 1 DAGs
[2024-07-07T20:11:21.340-0300] {logging_mixin.py:188} INFO - [2024-07-07T20:11:21.339-0300] {dag.py:3954} INFO - Setting next_dagrun for example_params_trigger_ui to None, run_after=None
[2024-07-07T20:11:21.369-0300] {processor.py:183} INFO - Processing /home/johnny/airflow/lib/python3.12/site-packages/airflow/example_dags/example_params_trigger_ui.py took 0.156 seconds
[2024-07-07T20:12:23.655-0300] {processor.py:161} INFO - Started process (PID=39701) to work on /home/johnny/airflow/lib/python3.12/site-packages/airflow/example_dags/example_params_trigger_ui.py
[2024-07-07T20:12:23.657-0300] {processor.py:830} INFO - Processing file /home/johnny/airflow/lib/python3.12/site-packages/airflow/example_dags/example_params_trigger_ui.py for tasks to queue
[2024-07-07T20:12:23.659-0300] {logging_mixin.py:188} INFO - [2024-07-07T20:12:23.658-0300] {dagbag.py:545} INFO - Filling up the DagBag from /home/johnny/airflow/lib/python3.12/site-packages/airflow/example_dags/example_params_trigger_ui.py
[2024-07-07T20:12:23.690-0300] {processor.py:840} INFO - DAG(s) 'example_params_trigger_ui' retrieved from /home/johnny/airflow/lib/python3.12/site-packages/airflow/example_dags/example_params_trigger_ui.py
[2024-07-07T20:12:23.760-0300] {logging_mixin.py:188} INFO - [2024-07-07T20:12:23.759-0300] {dag.py:3096} INFO - Sync 1 DAGs
[2024-07-07T20:12:23.774-0300] {logging_mixin.py:188} INFO - [2024-07-07T20:12:23.774-0300] {dag.py:3954} INFO - Setting next_dagrun for example_params_trigger_ui to None, run_after=None
[2024-07-07T20:12:23.816-0300] {processor.py:183} INFO - Processing /home/johnny/airflow/lib/python3.12/site-packages/airflow/example_dags/example_params_trigger_ui.py took 0.173 seconds
[2024-07-07T20:13:27.039-0300] {processor.py:161} INFO - Started process (PID=39872) to work on /home/johnny/airflow/lib/python3.12/site-packages/airflow/example_dags/example_params_trigger_ui.py
[2024-07-07T20:13:27.045-0300] {processor.py:830} INFO - Processing file /home/johnny/airflow/lib/python3.12/site-packages/airflow/example_dags/example_params_trigger_ui.py for tasks to queue
[2024-07-07T20:13:27.047-0300] {logging_mixin.py:188} INFO - [2024-07-07T20:13:27.046-0300] {dagbag.py:545} INFO - Filling up the DagBag from /home/johnny/airflow/lib/python3.12/site-packages/airflow/example_dags/example_params_trigger_ui.py
[2024-07-07T20:13:27.080-0300] {processor.py:840} INFO - DAG(s) 'example_params_trigger_ui' retrieved from /home/johnny/airflow/lib/python3.12/site-packages/airflow/example_dags/example_params_trigger_ui.py
[2024-07-07T20:13:27.146-0300] {logging_mixin.py:188} INFO - [2024-07-07T20:13:27.145-0300] {dag.py:3096} INFO - Sync 1 DAGs
[2024-07-07T20:13:27.161-0300] {logging_mixin.py:188} INFO - [2024-07-07T20:13:27.160-0300] {dag.py:3954} INFO - Setting next_dagrun for example_params_trigger_ui to None, run_after=None
[2024-07-07T20:13:27.198-0300] {processor.py:183} INFO - Processing /home/johnny/airflow/lib/python3.12/site-packages/airflow/example_dags/example_params_trigger_ui.py took 0.171 seconds
[2024-07-07T20:14:30.873-0300] {processor.py:161} INFO - Started process (PID=40049) to work on /home/johnny/airflow/lib/python3.12/site-packages/airflow/example_dags/example_params_trigger_ui.py
[2024-07-07T20:14:30.875-0300] {processor.py:830} INFO - Processing file /home/johnny/airflow/lib/python3.12/site-packages/airflow/example_dags/example_params_trigger_ui.py for tasks to queue
[2024-07-07T20:14:30.877-0300] {logging_mixin.py:188} INFO - [2024-07-07T20:14:30.876-0300] {dagbag.py:545} INFO - Filling up the DagBag from /home/johnny/airflow/lib/python3.12/site-packages/airflow/example_dags/example_params_trigger_ui.py
[2024-07-07T20:14:30.915-0300] {processor.py:840} INFO - DAG(s) 'example_params_trigger_ui' retrieved from /home/johnny/airflow/lib/python3.12/site-packages/airflow/example_dags/example_params_trigger_ui.py
[2024-07-07T20:14:30.975-0300] {logging_mixin.py:188} INFO - [2024-07-07T20:14:30.974-0300] {dag.py:3096} INFO - Sync 1 DAGs
[2024-07-07T20:14:30.988-0300] {logging_mixin.py:188} INFO - [2024-07-07T20:14:30.988-0300] {dag.py:3954} INFO - Setting next_dagrun for example_params_trigger_ui to None, run_after=None
[2024-07-07T20:14:31.029-0300] {processor.py:183} INFO - Processing /home/johnny/airflow/lib/python3.12/site-packages/airflow/example_dags/example_params_trigger_ui.py took 0.168 seconds
[2024-07-07T20:15:29.895-0300] {processor.py:161} INFO - Started process (PID=40214) to work on /home/johnny/airflow/lib/python3.12/site-packages/airflow/example_dags/example_params_trigger_ui.py
[2024-07-07T20:15:29.898-0300] {processor.py:830} INFO - Processing file /home/johnny/airflow/lib/python3.12/site-packages/airflow/example_dags/example_params_trigger_ui.py for tasks to queue
[2024-07-07T20:15:29.900-0300] {logging_mixin.py:188} INFO - [2024-07-07T20:15:29.899-0300] {dagbag.py:545} INFO - Filling up the DagBag from /home/johnny/airflow/lib/python3.12/site-packages/airflow/example_dags/example_params_trigger_ui.py
[2024-07-07T20:15:29.935-0300] {processor.py:840} INFO - DAG(s) 'example_params_trigger_ui' retrieved from /home/johnny/airflow/lib/python3.12/site-packages/airflow/example_dags/example_params_trigger_ui.py
[2024-07-07T20:15:30.006-0300] {logging_mixin.py:188} INFO - [2024-07-07T20:15:30.006-0300] {dag.py:3096} INFO - Sync 1 DAGs
[2024-07-07T20:15:30.021-0300] {logging_mixin.py:188} INFO - [2024-07-07T20:15:30.021-0300] {dag.py:3954} INFO - Setting next_dagrun for example_params_trigger_ui to None, run_after=None
[2024-07-07T20:15:30.066-0300] {processor.py:183} INFO - Processing /home/johnny/airflow/lib/python3.12/site-packages/airflow/example_dags/example_params_trigger_ui.py took 0.186 seconds
[2024-07-07T20:16:33.635-0300] {processor.py:161} INFO - Started process (PID=40400) to work on /home/johnny/airflow/lib/python3.12/site-packages/airflow/example_dags/example_params_trigger_ui.py
[2024-07-07T20:16:33.637-0300] {processor.py:830} INFO - Processing file /home/johnny/airflow/lib/python3.12/site-packages/airflow/example_dags/example_params_trigger_ui.py for tasks to queue
[2024-07-07T20:16:33.639-0300] {logging_mixin.py:188} INFO - [2024-07-07T20:16:33.638-0300] {dagbag.py:545} INFO - Filling up the DagBag from /home/johnny/airflow/lib/python3.12/site-packages/airflow/example_dags/example_params_trigger_ui.py
[2024-07-07T20:16:33.668-0300] {processor.py:840} INFO - DAG(s) 'example_params_trigger_ui' retrieved from /home/johnny/airflow/lib/python3.12/site-packages/airflow/example_dags/example_params_trigger_ui.py
[2024-07-07T20:16:33.729-0300] {logging_mixin.py:188} INFO - [2024-07-07T20:16:33.729-0300] {dag.py:3096} INFO - Sync 1 DAGs
[2024-07-07T20:16:33.742-0300] {logging_mixin.py:188} INFO - [2024-07-07T20:16:33.742-0300] {dag.py:3954} INFO - Setting next_dagrun for example_params_trigger_ui to None, run_after=None
[2024-07-07T20:16:33.770-0300] {processor.py:183} INFO - Processing /home/johnny/airflow/lib/python3.12/site-packages/airflow/example_dags/example_params_trigger_ui.py took 0.146 seconds
[2024-07-07T20:17:36.751-0300] {processor.py:161} INFO - Started process (PID=40574) to work on /home/johnny/airflow/lib/python3.12/site-packages/airflow/example_dags/example_params_trigger_ui.py
[2024-07-07T20:17:36.757-0300] {processor.py:830} INFO - Processing file /home/johnny/airflow/lib/python3.12/site-packages/airflow/example_dags/example_params_trigger_ui.py for tasks to queue
[2024-07-07T20:17:36.759-0300] {logging_mixin.py:188} INFO - [2024-07-07T20:17:36.758-0300] {dagbag.py:545} INFO - Filling up the DagBag from /home/johnny/airflow/lib/python3.12/site-packages/airflow/example_dags/example_params_trigger_ui.py
[2024-07-07T20:17:36.789-0300] {processor.py:840} INFO - DAG(s) 'example_params_trigger_ui' retrieved from /home/johnny/airflow/lib/python3.12/site-packages/airflow/example_dags/example_params_trigger_ui.py
[2024-07-07T20:17:36.859-0300] {logging_mixin.py:188} INFO - [2024-07-07T20:17:36.859-0300] {dag.py:3096} INFO - Sync 1 DAGs
[2024-07-07T20:17:36.873-0300] {logging_mixin.py:188} INFO - [2024-07-07T20:17:36.873-0300] {dag.py:3954} INFO - Setting next_dagrun for example_params_trigger_ui to None, run_after=None
[2024-07-07T20:17:36.904-0300] {processor.py:183} INFO - Processing /home/johnny/airflow/lib/python3.12/site-packages/airflow/example_dags/example_params_trigger_ui.py took 0.165 seconds
[2024-07-07T20:18:39.674-0300] {processor.py:161} INFO - Started process (PID=40742) to work on /home/johnny/airflow/lib/python3.12/site-packages/airflow/example_dags/example_params_trigger_ui.py
[2024-07-07T20:18:39.677-0300] {processor.py:830} INFO - Processing file /home/johnny/airflow/lib/python3.12/site-packages/airflow/example_dags/example_params_trigger_ui.py for tasks to queue
[2024-07-07T20:18:39.679-0300] {logging_mixin.py:188} INFO - [2024-07-07T20:18:39.678-0300] {dagbag.py:545} INFO - Filling up the DagBag from /home/johnny/airflow/lib/python3.12/site-packages/airflow/example_dags/example_params_trigger_ui.py
[2024-07-07T20:18:39.713-0300] {processor.py:840} INFO - DAG(s) 'example_params_trigger_ui' retrieved from /home/johnny/airflow/lib/python3.12/site-packages/airflow/example_dags/example_params_trigger_ui.py
[2024-07-07T20:18:39.789-0300] {logging_mixin.py:188} INFO - [2024-07-07T20:18:39.789-0300] {dag.py:3096} INFO - Sync 1 DAGs
[2024-07-07T20:18:39.804-0300] {logging_mixin.py:188} INFO - [2024-07-07T20:18:39.804-0300] {dag.py:3954} INFO - Setting next_dagrun for example_params_trigger_ui to None, run_after=None
[2024-07-07T20:18:39.862-0300] {processor.py:183} INFO - Processing /home/johnny/airflow/lib/python3.12/site-packages/airflow/example_dags/example_params_trigger_ui.py took 0.199 seconds
[2024-07-07T20:19:42.740-0300] {processor.py:161} INFO - Started process (PID=40912) to work on /home/johnny/airflow/lib/python3.12/site-packages/airflow/example_dags/example_params_trigger_ui.py
[2024-07-07T20:19:42.745-0300] {processor.py:830} INFO - Processing file /home/johnny/airflow/lib/python3.12/site-packages/airflow/example_dags/example_params_trigger_ui.py for tasks to queue
[2024-07-07T20:19:42.748-0300] {logging_mixin.py:188} INFO - [2024-07-07T20:19:42.747-0300] {dagbag.py:545} INFO - Filling up the DagBag from /home/johnny/airflow/lib/python3.12/site-packages/airflow/example_dags/example_params_trigger_ui.py
[2024-07-07T20:19:42.779-0300] {processor.py:840} INFO - DAG(s) 'example_params_trigger_ui' retrieved from /home/johnny/airflow/lib/python3.12/site-packages/airflow/example_dags/example_params_trigger_ui.py
[2024-07-07T20:19:42.846-0300] {logging_mixin.py:188} INFO - [2024-07-07T20:19:42.845-0300] {dag.py:3096} INFO - Sync 1 DAGs
[2024-07-07T20:19:42.869-0300] {logging_mixin.py:188} INFO - [2024-07-07T20:19:42.868-0300] {dag.py:3954} INFO - Setting next_dagrun for example_params_trigger_ui to None, run_after=None
[2024-07-07T20:19:42.933-0300] {processor.py:183} INFO - Processing /home/johnny/airflow/lib/python3.12/site-packages/airflow/example_dags/example_params_trigger_ui.py took 0.214 seconds
[2024-07-07T20:20:44.002-0300] {processor.py:161} INFO - Started process (PID=41085) to work on /home/johnny/airflow/lib/python3.12/site-packages/airflow/example_dags/example_params_trigger_ui.py
[2024-07-07T20:20:44.005-0300] {processor.py:830} INFO - Processing file /home/johnny/airflow/lib/python3.12/site-packages/airflow/example_dags/example_params_trigger_ui.py for tasks to queue
[2024-07-07T20:20:44.006-0300] {logging_mixin.py:188} INFO - [2024-07-07T20:20:44.006-0300] {dagbag.py:545} INFO - Filling up the DagBag from /home/johnny/airflow/lib/python3.12/site-packages/airflow/example_dags/example_params_trigger_ui.py
[2024-07-07T20:20:44.027-0300] {processor.py:840} INFO - DAG(s) 'example_params_trigger_ui' retrieved from /home/johnny/airflow/lib/python3.12/site-packages/airflow/example_dags/example_params_trigger_ui.py
[2024-07-07T20:20:44.074-0300] {logging_mixin.py:188} INFO - [2024-07-07T20:20:44.074-0300] {dag.py:3096} INFO - Sync 1 DAGs
[2024-07-07T20:20:44.086-0300] {logging_mixin.py:188} INFO - [2024-07-07T20:20:44.086-0300] {dag.py:3954} INFO - Setting next_dagrun for example_params_trigger_ui to None, run_after=None
[2024-07-07T20:20:44.111-0300] {processor.py:183} INFO - Processing /home/johnny/airflow/lib/python3.12/site-packages/airflow/example_dags/example_params_trigger_ui.py took 0.120 seconds
[2024-07-07T20:21:47.862-0300] {processor.py:161} INFO - Started process (PID=41259) to work on /home/johnny/airflow/lib/python3.12/site-packages/airflow/example_dags/example_params_trigger_ui.py
[2024-07-07T20:21:47.865-0300] {processor.py:830} INFO - Processing file /home/johnny/airflow/lib/python3.12/site-packages/airflow/example_dags/example_params_trigger_ui.py for tasks to queue
[2024-07-07T20:21:47.867-0300] {logging_mixin.py:188} INFO - [2024-07-07T20:21:47.866-0300] {dagbag.py:545} INFO - Filling up the DagBag from /home/johnny/airflow/lib/python3.12/site-packages/airflow/example_dags/example_params_trigger_ui.py
[2024-07-07T20:21:47.903-0300] {processor.py:840} INFO - DAG(s) 'example_params_trigger_ui' retrieved from /home/johnny/airflow/lib/python3.12/site-packages/airflow/example_dags/example_params_trigger_ui.py
[2024-07-07T20:21:47.987-0300] {logging_mixin.py:188} INFO - [2024-07-07T20:21:47.986-0300] {dag.py:3096} INFO - Sync 1 DAGs
[2024-07-07T20:21:48.015-0300] {logging_mixin.py:188} INFO - [2024-07-07T20:21:48.015-0300] {dag.py:3954} INFO - Setting next_dagrun for example_params_trigger_ui to None, run_after=None
[2024-07-07T20:21:48.066-0300] {processor.py:183} INFO - Processing /home/johnny/airflow/lib/python3.12/site-packages/airflow/example_dags/example_params_trigger_ui.py took 0.215 seconds
[2024-07-07T20:22:54.941-0300] {processor.py:161} INFO - Started process (PID=41440) to work on /home/johnny/airflow/lib/python3.12/site-packages/airflow/example_dags/example_params_trigger_ui.py
[2024-07-07T20:22:54.945-0300] {processor.py:830} INFO - Processing file /home/johnny/airflow/lib/python3.12/site-packages/airflow/example_dags/example_params_trigger_ui.py for tasks to queue
[2024-07-07T20:22:54.947-0300] {logging_mixin.py:188} INFO - [2024-07-07T20:22:54.946-0300] {dagbag.py:545} INFO - Filling up the DagBag from /home/johnny/airflow/lib/python3.12/site-packages/airflow/example_dags/example_params_trigger_ui.py
[2024-07-07T20:22:54.988-0300] {processor.py:840} INFO - DAG(s) 'example_params_trigger_ui' retrieved from /home/johnny/airflow/lib/python3.12/site-packages/airflow/example_dags/example_params_trigger_ui.py
[2024-07-07T20:22:55.090-0300] {logging_mixin.py:188} INFO - [2024-07-07T20:22:55.090-0300] {dag.py:3096} INFO - Sync 1 DAGs
[2024-07-07T20:22:55.110-0300] {logging_mixin.py:188} INFO - [2024-07-07T20:22:55.110-0300] {dag.py:3954} INFO - Setting next_dagrun for example_params_trigger_ui to None, run_after=None
[2024-07-07T20:22:55.145-0300] {processor.py:183} INFO - Processing /home/johnny/airflow/lib/python3.12/site-packages/airflow/example_dags/example_params_trigger_ui.py took 0.216 seconds
[2024-07-07T20:23:55.782-0300] {processor.py:161} INFO - Started process (PID=41608) to work on /home/johnny/airflow/lib/python3.12/site-packages/airflow/example_dags/example_params_trigger_ui.py
[2024-07-07T20:23:55.815-0300] {processor.py:830} INFO - Processing file /home/johnny/airflow/lib/python3.12/site-packages/airflow/example_dags/example_params_trigger_ui.py for tasks to queue
[2024-07-07T20:23:55.817-0300] {logging_mixin.py:188} INFO - [2024-07-07T20:23:55.816-0300] {dagbag.py:545} INFO - Filling up the DagBag from /home/johnny/airflow/lib/python3.12/site-packages/airflow/example_dags/example_params_trigger_ui.py
[2024-07-07T20:23:55.847-0300] {processor.py:840} INFO - DAG(s) 'example_params_trigger_ui' retrieved from /home/johnny/airflow/lib/python3.12/site-packages/airflow/example_dags/example_params_trigger_ui.py
[2024-07-07T20:23:55.915-0300] {logging_mixin.py:188} INFO - [2024-07-07T20:23:55.915-0300] {dag.py:3096} INFO - Sync 1 DAGs
[2024-07-07T20:23:55.930-0300] {logging_mixin.py:188} INFO - [2024-07-07T20:23:55.930-0300] {dag.py:3954} INFO - Setting next_dagrun for example_params_trigger_ui to None, run_after=None
[2024-07-07T20:23:55.969-0300] {processor.py:183} INFO - Processing /home/johnny/airflow/lib/python3.12/site-packages/airflow/example_dags/example_params_trigger_ui.py took 0.199 seconds
[2024-07-07T20:24:57.410-0300] {processor.py:161} INFO - Started process (PID=41769) to work on /home/johnny/airflow/lib/python3.12/site-packages/airflow/example_dags/example_params_trigger_ui.py
[2024-07-07T20:24:57.415-0300] {processor.py:830} INFO - Processing file /home/johnny/airflow/lib/python3.12/site-packages/airflow/example_dags/example_params_trigger_ui.py for tasks to queue
[2024-07-07T20:24:57.417-0300] {logging_mixin.py:188} INFO - [2024-07-07T20:24:57.416-0300] {dagbag.py:545} INFO - Filling up the DagBag from /home/johnny/airflow/lib/python3.12/site-packages/airflow/example_dags/example_params_trigger_ui.py
[2024-07-07T20:24:57.447-0300] {processor.py:840} INFO - DAG(s) 'example_params_trigger_ui' retrieved from /home/johnny/airflow/lib/python3.12/site-packages/airflow/example_dags/example_params_trigger_ui.py
[2024-07-07T20:24:57.545-0300] {logging_mixin.py:188} INFO - [2024-07-07T20:24:57.545-0300] {dag.py:3096} INFO - Sync 1 DAGs
[2024-07-07T20:24:57.567-0300] {logging_mixin.py:188} INFO - [2024-07-07T20:24:57.567-0300] {dag.py:3954} INFO - Setting next_dagrun for example_params_trigger_ui to None, run_after=None
[2024-07-07T20:24:57.657-0300] {processor.py:183} INFO - Processing /home/johnny/airflow/lib/python3.12/site-packages/airflow/example_dags/example_params_trigger_ui.py took 0.259 seconds
[2024-07-07T20:25:55.859-0300] {processor.py:161} INFO - Started process (PID=41930) to work on /home/johnny/airflow/lib/python3.12/site-packages/airflow/example_dags/example_params_trigger_ui.py
[2024-07-07T20:25:55.862-0300] {processor.py:830} INFO - Processing file /home/johnny/airflow/lib/python3.12/site-packages/airflow/example_dags/example_params_trigger_ui.py for tasks to queue
[2024-07-07T20:25:55.864-0300] {logging_mixin.py:188} INFO - [2024-07-07T20:25:55.863-0300] {dagbag.py:545} INFO - Filling up the DagBag from /home/johnny/airflow/lib/python3.12/site-packages/airflow/example_dags/example_params_trigger_ui.py
[2024-07-07T20:25:55.894-0300] {processor.py:840} INFO - DAG(s) 'example_params_trigger_ui' retrieved from /home/johnny/airflow/lib/python3.12/site-packages/airflow/example_dags/example_params_trigger_ui.py
[2024-07-07T20:25:55.973-0300] {logging_mixin.py:188} INFO - [2024-07-07T20:25:55.973-0300] {dag.py:3096} INFO - Sync 1 DAGs
[2024-07-07T20:25:55.990-0300] {logging_mixin.py:188} INFO - [2024-07-07T20:25:55.989-0300] {dag.py:3954} INFO - Setting next_dagrun for example_params_trigger_ui to None, run_after=None
[2024-07-07T20:25:56.034-0300] {processor.py:183} INFO - Processing /home/johnny/airflow/lib/python3.12/site-packages/airflow/example_dags/example_params_trigger_ui.py took 0.187 seconds
[2024-07-07T20:26:58.049-0300] {processor.py:161} INFO - Started process (PID=42093) to work on /home/johnny/airflow/lib/python3.12/site-packages/airflow/example_dags/example_params_trigger_ui.py
[2024-07-07T20:26:58.051-0300] {processor.py:830} INFO - Processing file /home/johnny/airflow/lib/python3.12/site-packages/airflow/example_dags/example_params_trigger_ui.py for tasks to queue
[2024-07-07T20:26:58.053-0300] {logging_mixin.py:188} INFO - [2024-07-07T20:26:58.052-0300] {dagbag.py:545} INFO - Filling up the DagBag from /home/johnny/airflow/lib/python3.12/site-packages/airflow/example_dags/example_params_trigger_ui.py
[2024-07-07T20:26:58.081-0300] {processor.py:840} INFO - DAG(s) 'example_params_trigger_ui' retrieved from /home/johnny/airflow/lib/python3.12/site-packages/airflow/example_dags/example_params_trigger_ui.py
[2024-07-07T20:26:58.139-0300] {logging_mixin.py:188} INFO - [2024-07-07T20:26:58.139-0300] {dag.py:3096} INFO - Sync 1 DAGs
[2024-07-07T20:26:58.152-0300] {logging_mixin.py:188} INFO - [2024-07-07T20:26:58.152-0300] {dag.py:3954} INFO - Setting next_dagrun for example_params_trigger_ui to None, run_after=None
[2024-07-07T20:26:58.178-0300] {processor.py:183} INFO - Processing /home/johnny/airflow/lib/python3.12/site-packages/airflow/example_dags/example_params_trigger_ui.py took 0.142 seconds
[2024-07-07T20:28:09.035-0300] {processor.py:161} INFO - Started process (PID=42285) to work on /home/johnny/airflow/lib/python3.12/site-packages/airflow/example_dags/example_params_trigger_ui.py
[2024-07-07T20:28:09.037-0300] {processor.py:830} INFO - Processing file /home/johnny/airflow/lib/python3.12/site-packages/airflow/example_dags/example_params_trigger_ui.py for tasks to queue
[2024-07-07T20:28:09.040-0300] {logging_mixin.py:188} INFO - [2024-07-07T20:28:09.039-0300] {dagbag.py:545} INFO - Filling up the DagBag from /home/johnny/airflow/lib/python3.12/site-packages/airflow/example_dags/example_params_trigger_ui.py
[2024-07-07T20:28:09.075-0300] {processor.py:840} INFO - DAG(s) 'example_params_trigger_ui' retrieved from /home/johnny/airflow/lib/python3.12/site-packages/airflow/example_dags/example_params_trigger_ui.py
[2024-07-07T20:28:09.181-0300] {logging_mixin.py:188} INFO - [2024-07-07T20:28:09.180-0300] {dag.py:3096} INFO - Sync 1 DAGs
[2024-07-07T20:28:09.212-0300] {logging_mixin.py:188} INFO - [2024-07-07T20:28:09.212-0300] {dag.py:3954} INFO - Setting next_dagrun for example_params_trigger_ui to None, run_after=None
[2024-07-07T20:28:09.263-0300] {processor.py:183} INFO - Processing /home/johnny/airflow/lib/python3.12/site-packages/airflow/example_dags/example_params_trigger_ui.py took 0.240 seconds
[2024-07-07T20:29:19.150-0300] {processor.py:161} INFO - Started process (PID=42482) to work on /home/johnny/airflow/lib/python3.12/site-packages/airflow/example_dags/example_params_trigger_ui.py
[2024-07-07T20:29:19.153-0300] {processor.py:830} INFO - Processing file /home/johnny/airflow/lib/python3.12/site-packages/airflow/example_dags/example_params_trigger_ui.py for tasks to queue
[2024-07-07T20:29:19.155-0300] {logging_mixin.py:188} INFO - [2024-07-07T20:29:19.154-0300] {dagbag.py:545} INFO - Filling up the DagBag from /home/johnny/airflow/lib/python3.12/site-packages/airflow/example_dags/example_params_trigger_ui.py
[2024-07-07T20:29:19.185-0300] {processor.py:840} INFO - DAG(s) 'example_params_trigger_ui' retrieved from /home/johnny/airflow/lib/python3.12/site-packages/airflow/example_dags/example_params_trigger_ui.py
[2024-07-07T20:29:19.254-0300] {logging_mixin.py:188} INFO - [2024-07-07T20:29:19.253-0300] {dag.py:3096} INFO - Sync 1 DAGs
[2024-07-07T20:29:19.267-0300] {logging_mixin.py:188} INFO - [2024-07-07T20:29:19.266-0300] {dag.py:3954} INFO - Setting next_dagrun for example_params_trigger_ui to None, run_after=None
[2024-07-07T20:29:19.292-0300] {processor.py:183} INFO - Processing /home/johnny/airflow/lib/python3.12/site-packages/airflow/example_dags/example_params_trigger_ui.py took 0.154 seconds
[2024-07-07T20:30:23.715-0300] {processor.py:161} INFO - Started process (PID=42663) to work on /home/johnny/airflow/lib/python3.12/site-packages/airflow/example_dags/example_params_trigger_ui.py
[2024-07-07T20:30:23.718-0300] {processor.py:830} INFO - Processing file /home/johnny/airflow/lib/python3.12/site-packages/airflow/example_dags/example_params_trigger_ui.py for tasks to queue
[2024-07-07T20:30:23.720-0300] {logging_mixin.py:188} INFO - [2024-07-07T20:30:23.719-0300] {dagbag.py:545} INFO - Filling up the DagBag from /home/johnny/airflow/lib/python3.12/site-packages/airflow/example_dags/example_params_trigger_ui.py
[2024-07-07T20:30:23.752-0300] {processor.py:840} INFO - DAG(s) 'example_params_trigger_ui' retrieved from /home/johnny/airflow/lib/python3.12/site-packages/airflow/example_dags/example_params_trigger_ui.py
[2024-07-07T20:30:23.807-0300] {logging_mixin.py:188} INFO - [2024-07-07T20:30:23.806-0300] {dag.py:3096} INFO - Sync 1 DAGs
[2024-07-07T20:30:23.819-0300] {logging_mixin.py:188} INFO - [2024-07-07T20:30:23.819-0300] {dag.py:3954} INFO - Setting next_dagrun for example_params_trigger_ui to None, run_after=None
[2024-07-07T20:30:23.845-0300] {processor.py:183} INFO - Processing /home/johnny/airflow/lib/python3.12/site-packages/airflow/example_dags/example_params_trigger_ui.py took 0.143 seconds
[2024-07-07T20:31:25.221-0300] {processor.py:161} INFO - Started process (PID=42825) to work on /home/johnny/airflow/lib/python3.12/site-packages/airflow/example_dags/example_params_trigger_ui.py
[2024-07-07T20:31:25.224-0300] {processor.py:830} INFO - Processing file /home/johnny/airflow/lib/python3.12/site-packages/airflow/example_dags/example_params_trigger_ui.py for tasks to queue
[2024-07-07T20:31:25.227-0300] {logging_mixin.py:188} INFO - [2024-07-07T20:31:25.225-0300] {dagbag.py:545} INFO - Filling up the DagBag from /home/johnny/airflow/lib/python3.12/site-packages/airflow/example_dags/example_params_trigger_ui.py
[2024-07-07T20:31:25.265-0300] {processor.py:840} INFO - DAG(s) 'example_params_trigger_ui' retrieved from /home/johnny/airflow/lib/python3.12/site-packages/airflow/example_dags/example_params_trigger_ui.py
[2024-07-07T20:31:25.379-0300] {logging_mixin.py:188} INFO - [2024-07-07T20:31:25.379-0300] {dag.py:3096} INFO - Sync 1 DAGs
[2024-07-07T20:31:25.412-0300] {logging_mixin.py:188} INFO - [2024-07-07T20:31:25.411-0300] {dag.py:3954} INFO - Setting next_dagrun for example_params_trigger_ui to None, run_after=None
[2024-07-07T20:31:25.467-0300] {processor.py:183} INFO - Processing /home/johnny/airflow/lib/python3.12/site-packages/airflow/example_dags/example_params_trigger_ui.py took 0.262 seconds
[2024-07-07T20:32:25.439-0300] {processor.py:161} INFO - Started process (PID=42995) to work on /home/johnny/airflow/lib/python3.12/site-packages/airflow/example_dags/example_params_trigger_ui.py
[2024-07-07T20:32:25.442-0300] {processor.py:830} INFO - Processing file /home/johnny/airflow/lib/python3.12/site-packages/airflow/example_dags/example_params_trigger_ui.py for tasks to queue
[2024-07-07T20:32:25.444-0300] {logging_mixin.py:188} INFO - [2024-07-07T20:32:25.443-0300] {dagbag.py:545} INFO - Filling up the DagBag from /home/johnny/airflow/lib/python3.12/site-packages/airflow/example_dags/example_params_trigger_ui.py
[2024-07-07T20:32:25.474-0300] {processor.py:840} INFO - DAG(s) 'example_params_trigger_ui' retrieved from /home/johnny/airflow/lib/python3.12/site-packages/airflow/example_dags/example_params_trigger_ui.py
[2024-07-07T20:32:25.543-0300] {logging_mixin.py:188} INFO - [2024-07-07T20:32:25.543-0300] {dag.py:3096} INFO - Sync 1 DAGs
[2024-07-07T20:32:25.569-0300] {logging_mixin.py:188} INFO - [2024-07-07T20:32:25.568-0300] {dag.py:3954} INFO - Setting next_dagrun for example_params_trigger_ui to None, run_after=None
[2024-07-07T20:32:25.617-0300] {processor.py:183} INFO - Processing /home/johnny/airflow/lib/python3.12/site-packages/airflow/example_dags/example_params_trigger_ui.py took 0.189 seconds
[2024-07-07T20:34:03.848-0300] {processor.py:161} INFO - Started process (PID=43289) to work on /home/johnny/airflow/lib/python3.12/site-packages/airflow/example_dags/example_params_trigger_ui.py
[2024-07-07T20:34:03.851-0300] {processor.py:830} INFO - Processing file /home/johnny/airflow/lib/python3.12/site-packages/airflow/example_dags/example_params_trigger_ui.py for tasks to queue
[2024-07-07T20:34:03.853-0300] {logging_mixin.py:188} INFO - [2024-07-07T20:34:03.852-0300] {dagbag.py:545} INFO - Filling up the DagBag from /home/johnny/airflow/lib/python3.12/site-packages/airflow/example_dags/example_params_trigger_ui.py
[2024-07-07T20:34:03.884-0300] {processor.py:840} INFO - DAG(s) 'example_params_trigger_ui' retrieved from /home/johnny/airflow/lib/python3.12/site-packages/airflow/example_dags/example_params_trigger_ui.py
[2024-07-07T20:34:03.967-0300] {logging_mixin.py:188} INFO - [2024-07-07T20:34:03.967-0300] {dag.py:3096} INFO - Sync 1 DAGs
[2024-07-07T20:34:03.985-0300] {logging_mixin.py:188} INFO - [2024-07-07T20:34:03.984-0300] {dag.py:3954} INFO - Setting next_dagrun for example_params_trigger_ui to None, run_after=None
[2024-07-07T20:34:04.028-0300] {processor.py:183} INFO - Processing /home/johnny/airflow/lib/python3.12/site-packages/airflow/example_dags/example_params_trigger_ui.py took 0.192 seconds
[2024-07-07T20:35:07.652-0300] {processor.py:161} INFO - Started process (PID=43458) to work on /home/johnny/airflow/lib/python3.12/site-packages/airflow/example_dags/example_params_trigger_ui.py
[2024-07-07T20:35:07.655-0300] {processor.py:830} INFO - Processing file /home/johnny/airflow/lib/python3.12/site-packages/airflow/example_dags/example_params_trigger_ui.py for tasks to queue
[2024-07-07T20:35:07.657-0300] {logging_mixin.py:188} INFO - [2024-07-07T20:35:07.656-0300] {dagbag.py:545} INFO - Filling up the DagBag from /home/johnny/airflow/lib/python3.12/site-packages/airflow/example_dags/example_params_trigger_ui.py
[2024-07-07T20:35:07.687-0300] {processor.py:840} INFO - DAG(s) 'example_params_trigger_ui' retrieved from /home/johnny/airflow/lib/python3.12/site-packages/airflow/example_dags/example_params_trigger_ui.py
[2024-07-07T20:35:07.748-0300] {logging_mixin.py:188} INFO - [2024-07-07T20:35:07.748-0300] {dag.py:3096} INFO - Sync 1 DAGs
[2024-07-07T20:35:07.762-0300] {logging_mixin.py:188} INFO - [2024-07-07T20:35:07.762-0300] {dag.py:3954} INFO - Setting next_dagrun for example_params_trigger_ui to None, run_after=None
[2024-07-07T20:35:07.801-0300] {processor.py:183} INFO - Processing /home/johnny/airflow/lib/python3.12/site-packages/airflow/example_dags/example_params_trigger_ui.py took 0.161 seconds
[2024-07-07T20:36:08.272-0300] {processor.py:161} INFO - Started process (PID=43626) to work on /home/johnny/airflow/lib/python3.12/site-packages/airflow/example_dags/example_params_trigger_ui.py
[2024-07-07T20:36:08.277-0300] {processor.py:830} INFO - Processing file /home/johnny/airflow/lib/python3.12/site-packages/airflow/example_dags/example_params_trigger_ui.py for tasks to queue
[2024-07-07T20:36:08.279-0300] {logging_mixin.py:188} INFO - [2024-07-07T20:36:08.279-0300] {dagbag.py:545} INFO - Filling up the DagBag from /home/johnny/airflow/lib/python3.12/site-packages/airflow/example_dags/example_params_trigger_ui.py
[2024-07-07T20:36:08.310-0300] {processor.py:840} INFO - DAG(s) 'example_params_trigger_ui' retrieved from /home/johnny/airflow/lib/python3.12/site-packages/airflow/example_dags/example_params_trigger_ui.py
[2024-07-07T20:36:08.376-0300] {logging_mixin.py:188} INFO - [2024-07-07T20:36:08.376-0300] {dag.py:3096} INFO - Sync 1 DAGs
[2024-07-07T20:36:08.391-0300] {logging_mixin.py:188} INFO - [2024-07-07T20:36:08.390-0300] {dag.py:3954} INFO - Setting next_dagrun for example_params_trigger_ui to None, run_after=None
[2024-07-07T20:36:08.418-0300] {processor.py:183} INFO - Processing /home/johnny/airflow/lib/python3.12/site-packages/airflow/example_dags/example_params_trigger_ui.py took 0.158 seconds
[2024-07-07T20:37:14.500-0300] {processor.py:161} INFO - Started process (PID=43801) to work on /home/johnny/airflow/lib/python3.12/site-packages/airflow/example_dags/example_params_trigger_ui.py
[2024-07-07T20:37:14.503-0300] {processor.py:830} INFO - Processing file /home/johnny/airflow/lib/python3.12/site-packages/airflow/example_dags/example_params_trigger_ui.py for tasks to queue
[2024-07-07T20:37:14.507-0300] {logging_mixin.py:188} INFO - [2024-07-07T20:37:14.505-0300] {dagbag.py:545} INFO - Filling up the DagBag from /home/johnny/airflow/lib/python3.12/site-packages/airflow/example_dags/example_params_trigger_ui.py
[2024-07-07T20:37:14.541-0300] {processor.py:840} INFO - DAG(s) 'example_params_trigger_ui' retrieved from /home/johnny/airflow/lib/python3.12/site-packages/airflow/example_dags/example_params_trigger_ui.py
[2024-07-07T20:37:14.632-0300] {logging_mixin.py:188} INFO - [2024-07-07T20:37:14.631-0300] {dag.py:3096} INFO - Sync 1 DAGs
[2024-07-07T20:37:14.652-0300] {logging_mixin.py:188} INFO - [2024-07-07T20:37:14.651-0300] {dag.py:3954} INFO - Setting next_dagrun for example_params_trigger_ui to None, run_after=None
[2024-07-07T20:37:14.693-0300] {processor.py:183} INFO - Processing /home/johnny/airflow/lib/python3.12/site-packages/airflow/example_dags/example_params_trigger_ui.py took 0.206 seconds
[2024-07-07T20:38:17.032-0300] {processor.py:161} INFO - Started process (PID=43975) to work on /home/johnny/airflow/lib/python3.12/site-packages/airflow/example_dags/example_params_trigger_ui.py
[2024-07-07T20:38:17.038-0300] {processor.py:830} INFO - Processing file /home/johnny/airflow/lib/python3.12/site-packages/airflow/example_dags/example_params_trigger_ui.py for tasks to queue
[2024-07-07T20:38:17.041-0300] {logging_mixin.py:188} INFO - [2024-07-07T20:38:17.039-0300] {dagbag.py:545} INFO - Filling up the DagBag from /home/johnny/airflow/lib/python3.12/site-packages/airflow/example_dags/example_params_trigger_ui.py
[2024-07-07T20:38:17.083-0300] {processor.py:840} INFO - DAG(s) 'example_params_trigger_ui' retrieved from /home/johnny/airflow/lib/python3.12/site-packages/airflow/example_dags/example_params_trigger_ui.py
[2024-07-07T20:38:17.159-0300] {logging_mixin.py:188} INFO - [2024-07-07T20:38:17.159-0300] {dag.py:3096} INFO - Sync 1 DAGs
[2024-07-07T20:38:17.184-0300] {logging_mixin.py:188} INFO - [2024-07-07T20:38:17.183-0300] {dag.py:3954} INFO - Setting next_dagrun for example_params_trigger_ui to None, run_after=None
[2024-07-07T20:38:17.220-0300] {processor.py:183} INFO - Processing /home/johnny/airflow/lib/python3.12/site-packages/airflow/example_dags/example_params_trigger_ui.py took 0.194 seconds
[2024-07-07T20:39:22.042-0300] {processor.py:161} INFO - Started process (PID=44141) to work on /home/johnny/airflow/lib/python3.12/site-packages/airflow/example_dags/example_params_trigger_ui.py
[2024-07-07T20:39:22.045-0300] {processor.py:830} INFO - Processing file /home/johnny/airflow/lib/python3.12/site-packages/airflow/example_dags/example_params_trigger_ui.py for tasks to queue
[2024-07-07T20:39:22.047-0300] {logging_mixin.py:188} INFO - [2024-07-07T20:39:22.046-0300] {dagbag.py:545} INFO - Filling up the DagBag from /home/johnny/airflow/lib/python3.12/site-packages/airflow/example_dags/example_params_trigger_ui.py
[2024-07-07T20:39:22.082-0300] {processor.py:840} INFO - DAG(s) 'example_params_trigger_ui' retrieved from /home/johnny/airflow/lib/python3.12/site-packages/airflow/example_dags/example_params_trigger_ui.py
[2024-07-07T20:39:22.148-0300] {logging_mixin.py:188} INFO - [2024-07-07T20:39:22.148-0300] {dag.py:3096} INFO - Sync 1 DAGs
[2024-07-07T20:39:22.162-0300] {logging_mixin.py:188} INFO - [2024-07-07T20:39:22.162-0300] {dag.py:3954} INFO - Setting next_dagrun for example_params_trigger_ui to None, run_after=None
[2024-07-07T20:39:22.190-0300] {processor.py:183} INFO - Processing /home/johnny/airflow/lib/python3.12/site-packages/airflow/example_dags/example_params_trigger_ui.py took 0.199 seconds
[2024-07-07T20:40:28.170-0300] {processor.py:161} INFO - Started process (PID=44319) to work on /home/johnny/airflow/lib/python3.12/site-packages/airflow/example_dags/example_params_trigger_ui.py
[2024-07-07T20:40:28.174-0300] {processor.py:830} INFO - Processing file /home/johnny/airflow/lib/python3.12/site-packages/airflow/example_dags/example_params_trigger_ui.py for tasks to queue
[2024-07-07T20:40:28.177-0300] {logging_mixin.py:188} INFO - [2024-07-07T20:40:28.176-0300] {dagbag.py:545} INFO - Filling up the DagBag from /home/johnny/airflow/lib/python3.12/site-packages/airflow/example_dags/example_params_trigger_ui.py
[2024-07-07T20:40:28.210-0300] {processor.py:840} INFO - DAG(s) 'example_params_trigger_ui' retrieved from /home/johnny/airflow/lib/python3.12/site-packages/airflow/example_dags/example_params_trigger_ui.py
[2024-07-07T20:40:28.311-0300] {logging_mixin.py:188} INFO - [2024-07-07T20:40:28.311-0300] {dag.py:3096} INFO - Sync 1 DAGs
[2024-07-07T20:40:28.343-0300] {logging_mixin.py:188} INFO - [2024-07-07T20:40:28.343-0300] {dag.py:3954} INFO - Setting next_dagrun for example_params_trigger_ui to None, run_after=None
[2024-07-07T20:40:28.403-0300] {processor.py:183} INFO - Processing /home/johnny/airflow/lib/python3.12/site-packages/airflow/example_dags/example_params_trigger_ui.py took 0.251 seconds
[2024-07-07T20:41:39.181-0300] {processor.py:161} INFO - Started process (PID=44513) to work on /home/johnny/airflow/lib/python3.12/site-packages/airflow/example_dags/example_params_trigger_ui.py
[2024-07-07T20:41:39.186-0300] {processor.py:830} INFO - Processing file /home/johnny/airflow/lib/python3.12/site-packages/airflow/example_dags/example_params_trigger_ui.py for tasks to queue
[2024-07-07T20:41:39.188-0300] {logging_mixin.py:188} INFO - [2024-07-07T20:41:39.187-0300] {dagbag.py:545} INFO - Filling up the DagBag from /home/johnny/airflow/lib/python3.12/site-packages/airflow/example_dags/example_params_trigger_ui.py
[2024-07-07T20:41:39.229-0300] {processor.py:840} INFO - DAG(s) 'example_params_trigger_ui' retrieved from /home/johnny/airflow/lib/python3.12/site-packages/airflow/example_dags/example_params_trigger_ui.py
[2024-07-07T20:41:39.318-0300] {logging_mixin.py:188} INFO - [2024-07-07T20:41:39.317-0300] {dag.py:3096} INFO - Sync 1 DAGs
[2024-07-07T20:41:39.352-0300] {logging_mixin.py:188} INFO - [2024-07-07T20:41:39.351-0300] {dag.py:3954} INFO - Setting next_dagrun for example_params_trigger_ui to None, run_after=None
[2024-07-07T20:41:39.393-0300] {processor.py:183} INFO - Processing /home/johnny/airflow/lib/python3.12/site-packages/airflow/example_dags/example_params_trigger_ui.py took 0.223 seconds
[2024-07-07T20:42:45.191-0300] {processor.py:161} INFO - Started process (PID=44691) to work on /home/johnny/airflow/lib/python3.12/site-packages/airflow/example_dags/example_params_trigger_ui.py
[2024-07-07T20:42:45.197-0300] {processor.py:830} INFO - Processing file /home/johnny/airflow/lib/python3.12/site-packages/airflow/example_dags/example_params_trigger_ui.py for tasks to queue
[2024-07-07T20:42:45.199-0300] {logging_mixin.py:188} INFO - [2024-07-07T20:42:45.198-0300] {dagbag.py:545} INFO - Filling up the DagBag from /home/johnny/airflow/lib/python3.12/site-packages/airflow/example_dags/example_params_trigger_ui.py
[2024-07-07T20:42:45.230-0300] {processor.py:840} INFO - DAG(s) 'example_params_trigger_ui' retrieved from /home/johnny/airflow/lib/python3.12/site-packages/airflow/example_dags/example_params_trigger_ui.py
[2024-07-07T20:42:45.325-0300] {logging_mixin.py:188} INFO - [2024-07-07T20:42:45.325-0300] {dag.py:3096} INFO - Sync 1 DAGs
[2024-07-07T20:42:45.353-0300] {logging_mixin.py:188} INFO - [2024-07-07T20:42:45.352-0300] {dag.py:3954} INFO - Setting next_dagrun for example_params_trigger_ui to None, run_after=None
[2024-07-07T20:42:45.411-0300] {processor.py:183} INFO - Processing /home/johnny/airflow/lib/python3.12/site-packages/airflow/example_dags/example_params_trigger_ui.py took 0.231 seconds
[2024-07-07T20:43:48.749-0300] {processor.py:161} INFO - Started process (PID=44866) to work on /home/johnny/airflow/lib/python3.12/site-packages/airflow/example_dags/example_params_trigger_ui.py
[2024-07-07T20:43:48.751-0300] {processor.py:830} INFO - Processing file /home/johnny/airflow/lib/python3.12/site-packages/airflow/example_dags/example_params_trigger_ui.py for tasks to queue
[2024-07-07T20:43:48.753-0300] {logging_mixin.py:188} INFO - [2024-07-07T20:43:48.752-0300] {dagbag.py:545} INFO - Filling up the DagBag from /home/johnny/airflow/lib/python3.12/site-packages/airflow/example_dags/example_params_trigger_ui.py
[2024-07-07T20:43:48.777-0300] {processor.py:840} INFO - DAG(s) 'example_params_trigger_ui' retrieved from /home/johnny/airflow/lib/python3.12/site-packages/airflow/example_dags/example_params_trigger_ui.py
[2024-07-07T20:43:48.843-0300] {logging_mixin.py:188} INFO - [2024-07-07T20:43:48.843-0300] {dag.py:3096} INFO - Sync 1 DAGs
[2024-07-07T20:43:48.870-0300] {logging_mixin.py:188} INFO - [2024-07-07T20:43:48.869-0300] {dag.py:3954} INFO - Setting next_dagrun for example_params_trigger_ui to None, run_after=None
[2024-07-07T20:43:48.926-0300] {processor.py:183} INFO - Processing /home/johnny/airflow/lib/python3.12/site-packages/airflow/example_dags/example_params_trigger_ui.py took 0.188 seconds
[2024-07-07T20:45:02.196-0300] {processor.py:161} INFO - Started process (PID=45060) to work on /home/johnny/airflow/lib/python3.12/site-packages/airflow/example_dags/example_params_trigger_ui.py
[2024-07-07T20:45:02.201-0300] {processor.py:830} INFO - Processing file /home/johnny/airflow/lib/python3.12/site-packages/airflow/example_dags/example_params_trigger_ui.py for tasks to queue
[2024-07-07T20:45:02.203-0300] {logging_mixin.py:188} INFO - [2024-07-07T20:45:02.202-0300] {dagbag.py:545} INFO - Filling up the DagBag from /home/johnny/airflow/lib/python3.12/site-packages/airflow/example_dags/example_params_trigger_ui.py
[2024-07-07T20:45:02.231-0300] {processor.py:840} INFO - DAG(s) 'example_params_trigger_ui' retrieved from /home/johnny/airflow/lib/python3.12/site-packages/airflow/example_dags/example_params_trigger_ui.py
[2024-07-07T20:45:02.311-0300] {logging_mixin.py:188} INFO - [2024-07-07T20:45:02.310-0300] {dag.py:3096} INFO - Sync 1 DAGs
[2024-07-07T20:45:02.339-0300] {logging_mixin.py:188} INFO - [2024-07-07T20:45:02.339-0300] {dag.py:3954} INFO - Setting next_dagrun for example_params_trigger_ui to None, run_after=None
[2024-07-07T20:45:02.390-0300] {processor.py:183} INFO - Processing /home/johnny/airflow/lib/python3.12/site-packages/airflow/example_dags/example_params_trigger_ui.py took 0.207 seconds
[2024-07-07T20:46:05.966-0300] {processor.py:161} INFO - Started process (PID=45237) to work on /home/johnny/airflow/lib/python3.12/site-packages/airflow/example_dags/example_params_trigger_ui.py
[2024-07-07T20:46:05.971-0300] {processor.py:830} INFO - Processing file /home/johnny/airflow/lib/python3.12/site-packages/airflow/example_dags/example_params_trigger_ui.py for tasks to queue
[2024-07-07T20:46:05.974-0300] {logging_mixin.py:188} INFO - [2024-07-07T20:46:05.972-0300] {dagbag.py:545} INFO - Filling up the DagBag from /home/johnny/airflow/lib/python3.12/site-packages/airflow/example_dags/example_params_trigger_ui.py
[2024-07-07T20:46:06.021-0300] {processor.py:840} INFO - DAG(s) 'example_params_trigger_ui' retrieved from /home/johnny/airflow/lib/python3.12/site-packages/airflow/example_dags/example_params_trigger_ui.py
[2024-07-07T20:46:06.111-0300] {logging_mixin.py:188} INFO - [2024-07-07T20:46:06.111-0300] {dag.py:3096} INFO - Sync 1 DAGs
[2024-07-07T20:46:06.132-0300] {logging_mixin.py:188} INFO - [2024-07-07T20:46:06.131-0300] {dag.py:3954} INFO - Setting next_dagrun for example_params_trigger_ui to None, run_after=None
[2024-07-07T20:46:06.173-0300] {processor.py:183} INFO - Processing /home/johnny/airflow/lib/python3.12/site-packages/airflow/example_dags/example_params_trigger_ui.py took 0.214 seconds
[2024-07-07T20:47:12.358-0300] {processor.py:161} INFO - Started process (PID=45415) to work on /home/johnny/airflow/lib/python3.12/site-packages/airflow/example_dags/example_params_trigger_ui.py
[2024-07-07T20:47:12.364-0300] {processor.py:830} INFO - Processing file /home/johnny/airflow/lib/python3.12/site-packages/airflow/example_dags/example_params_trigger_ui.py for tasks to queue
[2024-07-07T20:47:12.366-0300] {logging_mixin.py:188} INFO - [2024-07-07T20:47:12.366-0300] {dagbag.py:545} INFO - Filling up the DagBag from /home/johnny/airflow/lib/python3.12/site-packages/airflow/example_dags/example_params_trigger_ui.py
[2024-07-07T20:47:12.394-0300] {processor.py:840} INFO - DAG(s) 'example_params_trigger_ui' retrieved from /home/johnny/airflow/lib/python3.12/site-packages/airflow/example_dags/example_params_trigger_ui.py
[2024-07-07T20:47:12.458-0300] {logging_mixin.py:188} INFO - [2024-07-07T20:47:12.457-0300] {dag.py:3096} INFO - Sync 1 DAGs
[2024-07-07T20:47:12.474-0300] {logging_mixin.py:188} INFO - [2024-07-07T20:47:12.474-0300] {dag.py:3954} INFO - Setting next_dagrun for example_params_trigger_ui to None, run_after=None
[2024-07-07T20:47:12.507-0300] {processor.py:183} INFO - Processing /home/johnny/airflow/lib/python3.12/site-packages/airflow/example_dags/example_params_trigger_ui.py took 0.160 seconds
[2024-07-07T20:48:18.487-0300] {processor.py:161} INFO - Started process (PID=45591) to work on /home/johnny/airflow/lib/python3.12/site-packages/airflow/example_dags/example_params_trigger_ui.py
[2024-07-07T20:48:18.493-0300] {processor.py:830} INFO - Processing file /home/johnny/airflow/lib/python3.12/site-packages/airflow/example_dags/example_params_trigger_ui.py for tasks to queue
[2024-07-07T20:48:18.495-0300] {logging_mixin.py:188} INFO - [2024-07-07T20:48:18.494-0300] {dagbag.py:545} INFO - Filling up the DagBag from /home/johnny/airflow/lib/python3.12/site-packages/airflow/example_dags/example_params_trigger_ui.py
[2024-07-07T20:48:18.518-0300] {processor.py:840} INFO - DAG(s) 'example_params_trigger_ui' retrieved from /home/johnny/airflow/lib/python3.12/site-packages/airflow/example_dags/example_params_trigger_ui.py
[2024-07-07T20:48:18.576-0300] {logging_mixin.py:188} INFO - [2024-07-07T20:48:18.576-0300] {dag.py:3096} INFO - Sync 1 DAGs
[2024-07-07T20:48:18.604-0300] {logging_mixin.py:188} INFO - [2024-07-07T20:48:18.603-0300] {dag.py:3954} INFO - Setting next_dagrun for example_params_trigger_ui to None, run_after=None
[2024-07-07T20:48:18.656-0300] {processor.py:183} INFO - Processing /home/johnny/airflow/lib/python3.12/site-packages/airflow/example_dags/example_params_trigger_ui.py took 0.184 seconds
[2024-07-07T20:49:25.629-0300] {processor.py:161} INFO - Started process (PID=45769) to work on /home/johnny/airflow/lib/python3.12/site-packages/airflow/example_dags/example_params_trigger_ui.py
[2024-07-07T20:49:25.631-0300] {processor.py:830} INFO - Processing file /home/johnny/airflow/lib/python3.12/site-packages/airflow/example_dags/example_params_trigger_ui.py for tasks to queue
[2024-07-07T20:49:25.634-0300] {logging_mixin.py:188} INFO - [2024-07-07T20:49:25.633-0300] {dagbag.py:545} INFO - Filling up the DagBag from /home/johnny/airflow/lib/python3.12/site-packages/airflow/example_dags/example_params_trigger_ui.py
[2024-07-07T20:49:25.668-0300] {processor.py:840} INFO - DAG(s) 'example_params_trigger_ui' retrieved from /home/johnny/airflow/lib/python3.12/site-packages/airflow/example_dags/example_params_trigger_ui.py
[2024-07-07T20:49:25.779-0300] {logging_mixin.py:188} INFO - [2024-07-07T20:49:25.778-0300] {dag.py:3096} INFO - Sync 1 DAGs
[2024-07-07T20:49:25.803-0300] {logging_mixin.py:188} INFO - [2024-07-07T20:49:25.802-0300] {dag.py:3954} INFO - Setting next_dagrun for example_params_trigger_ui to None, run_after=None
[2024-07-07T20:49:25.858-0300] {processor.py:183} INFO - Processing /home/johnny/airflow/lib/python3.12/site-packages/airflow/example_dags/example_params_trigger_ui.py took 0.246 seconds
[2024-07-07T20:50:37.578-0300] {processor.py:161} INFO - Started process (PID=45959) to work on /home/johnny/airflow/lib/python3.12/site-packages/airflow/example_dags/example_params_trigger_ui.py
[2024-07-07T20:50:37.581-0300] {processor.py:830} INFO - Processing file /home/johnny/airflow/lib/python3.12/site-packages/airflow/example_dags/example_params_trigger_ui.py for tasks to queue
[2024-07-07T20:50:37.584-0300] {logging_mixin.py:188} INFO - [2024-07-07T20:50:37.583-0300] {dagbag.py:545} INFO - Filling up the DagBag from /home/johnny/airflow/lib/python3.12/site-packages/airflow/example_dags/example_params_trigger_ui.py
[2024-07-07T20:50:37.617-0300] {processor.py:840} INFO - DAG(s) 'example_params_trigger_ui' retrieved from /home/johnny/airflow/lib/python3.12/site-packages/airflow/example_dags/example_params_trigger_ui.py
[2024-07-07T20:50:37.699-0300] {logging_mixin.py:188} INFO - [2024-07-07T20:50:37.698-0300] {dag.py:3096} INFO - Sync 1 DAGs
[2024-07-07T20:50:37.723-0300] {logging_mixin.py:188} INFO - [2024-07-07T20:50:37.722-0300] {dag.py:3954} INFO - Setting next_dagrun for example_params_trigger_ui to None, run_after=None
[2024-07-07T20:50:37.786-0300] {processor.py:183} INFO - Processing /home/johnny/airflow/lib/python3.12/site-packages/airflow/example_dags/example_params_trigger_ui.py took 0.221 seconds
[2024-07-07T20:51:49.843-0300] {processor.py:161} INFO - Started process (PID=46153) to work on /home/johnny/airflow/lib/python3.12/site-packages/airflow/example_dags/example_params_trigger_ui.py
[2024-07-07T20:51:49.850-0300] {processor.py:830} INFO - Processing file /home/johnny/airflow/lib/python3.12/site-packages/airflow/example_dags/example_params_trigger_ui.py for tasks to queue
[2024-07-07T20:51:49.852-0300] {logging_mixin.py:188} INFO - [2024-07-07T20:51:49.852-0300] {dagbag.py:545} INFO - Filling up the DagBag from /home/johnny/airflow/lib/python3.12/site-packages/airflow/example_dags/example_params_trigger_ui.py
[2024-07-07T20:51:49.886-0300] {processor.py:840} INFO - DAG(s) 'example_params_trigger_ui' retrieved from /home/johnny/airflow/lib/python3.12/site-packages/airflow/example_dags/example_params_trigger_ui.py
[2024-07-07T20:51:49.965-0300] {logging_mixin.py:188} INFO - [2024-07-07T20:51:49.965-0300] {dag.py:3096} INFO - Sync 1 DAGs
[2024-07-07T20:51:49.984-0300] {logging_mixin.py:188} INFO - [2024-07-07T20:51:49.984-0300] {dag.py:3954} INFO - Setting next_dagrun for example_params_trigger_ui to None, run_after=None
[2024-07-07T20:51:50.022-0300] {processor.py:183} INFO - Processing /home/johnny/airflow/lib/python3.12/site-packages/airflow/example_dags/example_params_trigger_ui.py took 0.192 seconds
[2024-07-07T20:52:58.610-0300] {processor.py:161} INFO - Started process (PID=46338) to work on /home/johnny/airflow/lib/python3.12/site-packages/airflow/example_dags/example_params_trigger_ui.py
[2024-07-07T20:52:58.615-0300] {processor.py:830} INFO - Processing file /home/johnny/airflow/lib/python3.12/site-packages/airflow/example_dags/example_params_trigger_ui.py for tasks to queue
[2024-07-07T20:52:58.617-0300] {logging_mixin.py:188} INFO - [2024-07-07T20:52:58.617-0300] {dagbag.py:545} INFO - Filling up the DagBag from /home/johnny/airflow/lib/python3.12/site-packages/airflow/example_dags/example_params_trigger_ui.py
[2024-07-07T20:52:58.648-0300] {processor.py:840} INFO - DAG(s) 'example_params_trigger_ui' retrieved from /home/johnny/airflow/lib/python3.12/site-packages/airflow/example_dags/example_params_trigger_ui.py
[2024-07-07T20:52:58.782-0300] {logging_mixin.py:188} INFO - [2024-07-07T20:52:58.782-0300] {dag.py:3096} INFO - Sync 1 DAGs
[2024-07-07T20:52:58.801-0300] {logging_mixin.py:188} INFO - [2024-07-07T20:52:58.801-0300] {dag.py:3954} INFO - Setting next_dagrun for example_params_trigger_ui to None, run_after=None
[2024-07-07T20:52:58.850-0300] {processor.py:183} INFO - Processing /home/johnny/airflow/lib/python3.12/site-packages/airflow/example_dags/example_params_trigger_ui.py took 0.251 seconds
[2024-07-07T20:54:03.252-0300] {processor.py:161} INFO - Started process (PID=46504) to work on /home/johnny/airflow/lib/python3.12/site-packages/airflow/example_dags/example_params_trigger_ui.py
[2024-07-07T20:54:03.255-0300] {processor.py:830} INFO - Processing file /home/johnny/airflow/lib/python3.12/site-packages/airflow/example_dags/example_params_trigger_ui.py for tasks to queue
[2024-07-07T20:54:03.258-0300] {logging_mixin.py:188} INFO - [2024-07-07T20:54:03.257-0300] {dagbag.py:545} INFO - Filling up the DagBag from /home/johnny/airflow/lib/python3.12/site-packages/airflow/example_dags/example_params_trigger_ui.py
[2024-07-07T20:54:03.290-0300] {processor.py:840} INFO - DAG(s) 'example_params_trigger_ui' retrieved from /home/johnny/airflow/lib/python3.12/site-packages/airflow/example_dags/example_params_trigger_ui.py
[2024-07-07T20:54:03.380-0300] {logging_mixin.py:188} INFO - [2024-07-07T20:54:03.379-0300] {dag.py:3096} INFO - Sync 1 DAGs
[2024-07-07T20:54:03.397-0300] {logging_mixin.py:188} INFO - [2024-07-07T20:54:03.396-0300] {dag.py:3954} INFO - Setting next_dagrun for example_params_trigger_ui to None, run_after=None
[2024-07-07T20:54:03.445-0300] {processor.py:183} INFO - Processing /home/johnny/airflow/lib/python3.12/site-packages/airflow/example_dags/example_params_trigger_ui.py took 0.204 seconds
[2024-07-07T20:55:14.772-0300] {processor.py:161} INFO - Started process (PID=46700) to work on /home/johnny/airflow/lib/python3.12/site-packages/airflow/example_dags/example_params_trigger_ui.py
[2024-07-07T20:55:14.778-0300] {processor.py:830} INFO - Processing file /home/johnny/airflow/lib/python3.12/site-packages/airflow/example_dags/example_params_trigger_ui.py for tasks to queue
[2024-07-07T20:55:14.780-0300] {logging_mixin.py:188} INFO - [2024-07-07T20:55:14.780-0300] {dagbag.py:545} INFO - Filling up the DagBag from /home/johnny/airflow/lib/python3.12/site-packages/airflow/example_dags/example_params_trigger_ui.py
[2024-07-07T20:55:14.814-0300] {processor.py:840} INFO - DAG(s) 'example_params_trigger_ui' retrieved from /home/johnny/airflow/lib/python3.12/site-packages/airflow/example_dags/example_params_trigger_ui.py
[2024-07-07T20:55:14.914-0300] {logging_mixin.py:188} INFO - [2024-07-07T20:55:14.914-0300] {dag.py:3096} INFO - Sync 1 DAGs
[2024-07-07T20:55:14.962-0300] {logging_mixin.py:188} INFO - [2024-07-07T20:55:14.962-0300] {dag.py:3954} INFO - Setting next_dagrun for example_params_trigger_ui to None, run_after=None
[2024-07-07T20:55:15.013-0300] {processor.py:183} INFO - Processing /home/johnny/airflow/lib/python3.12/site-packages/airflow/example_dags/example_params_trigger_ui.py took 0.252 seconds
[2024-07-07T20:56:19.425-0300] {processor.py:161} INFO - Started process (PID=46868) to work on /home/johnny/airflow/lib/python3.12/site-packages/airflow/example_dags/example_params_trigger_ui.py
[2024-07-07T20:56:19.432-0300] {processor.py:830} INFO - Processing file /home/johnny/airflow/lib/python3.12/site-packages/airflow/example_dags/example_params_trigger_ui.py for tasks to queue
[2024-07-07T20:56:19.434-0300] {logging_mixin.py:188} INFO - [2024-07-07T20:56:19.433-0300] {dagbag.py:545} INFO - Filling up the DagBag from /home/johnny/airflow/lib/python3.12/site-packages/airflow/example_dags/example_params_trigger_ui.py
[2024-07-07T20:56:19.472-0300] {processor.py:840} INFO - DAG(s) 'example_params_trigger_ui' retrieved from /home/johnny/airflow/lib/python3.12/site-packages/airflow/example_dags/example_params_trigger_ui.py
[2024-07-07T20:56:19.565-0300] {logging_mixin.py:188} INFO - [2024-07-07T20:56:19.565-0300] {dag.py:3096} INFO - Sync 1 DAGs
[2024-07-07T20:56:19.584-0300] {logging_mixin.py:188} INFO - [2024-07-07T20:56:19.584-0300] {dag.py:3954} INFO - Setting next_dagrun for example_params_trigger_ui to None, run_after=None
[2024-07-07T20:56:19.634-0300] {processor.py:183} INFO - Processing /home/johnny/airflow/lib/python3.12/site-packages/airflow/example_dags/example_params_trigger_ui.py took 0.221 seconds
[2024-07-07T20:57:31.436-0300] {processor.py:161} INFO - Started process (PID=47068) to work on /home/johnny/airflow/lib/python3.12/site-packages/airflow/example_dags/example_params_trigger_ui.py
[2024-07-07T20:57:31.439-0300] {processor.py:830} INFO - Processing file /home/johnny/airflow/lib/python3.12/site-packages/airflow/example_dags/example_params_trigger_ui.py for tasks to queue
[2024-07-07T20:57:31.449-0300] {logging_mixin.py:188} INFO - [2024-07-07T20:57:31.441-0300] {dagbag.py:545} INFO - Filling up the DagBag from /home/johnny/airflow/lib/python3.12/site-packages/airflow/example_dags/example_params_trigger_ui.py
[2024-07-07T20:57:31.482-0300] {processor.py:840} INFO - DAG(s) 'example_params_trigger_ui' retrieved from /home/johnny/airflow/lib/python3.12/site-packages/airflow/example_dags/example_params_trigger_ui.py
[2024-07-07T20:57:31.573-0300] {logging_mixin.py:188} INFO - [2024-07-07T20:57:31.572-0300] {dag.py:3096} INFO - Sync 1 DAGs
[2024-07-07T20:57:31.584-0300] {logging_mixin.py:188} INFO - [2024-07-07T20:57:31.584-0300] {dag.py:3954} INFO - Setting next_dagrun for example_params_trigger_ui to None, run_after=None
[2024-07-07T20:57:31.626-0300] {processor.py:183} INFO - Processing /home/johnny/airflow/lib/python3.12/site-packages/airflow/example_dags/example_params_trigger_ui.py took 0.208 seconds
[2024-07-07T20:58:41.068-0300] {processor.py:161} INFO - Started process (PID=47279) to work on /home/johnny/airflow/lib/python3.12/site-packages/airflow/example_dags/example_params_trigger_ui.py
[2024-07-07T20:58:41.070-0300] {processor.py:830} INFO - Processing file /home/johnny/airflow/lib/python3.12/site-packages/airflow/example_dags/example_params_trigger_ui.py for tasks to queue
[2024-07-07T20:58:41.072-0300] {logging_mixin.py:188} INFO - [2024-07-07T20:58:41.071-0300] {dagbag.py:545} INFO - Filling up the DagBag from /home/johnny/airflow/lib/python3.12/site-packages/airflow/example_dags/example_params_trigger_ui.py
[2024-07-07T20:58:41.112-0300] {processor.py:840} INFO - DAG(s) 'example_params_trigger_ui' retrieved from /home/johnny/airflow/lib/python3.12/site-packages/airflow/example_dags/example_params_trigger_ui.py
[2024-07-07T20:58:41.209-0300] {logging_mixin.py:188} INFO - [2024-07-07T20:58:41.208-0300] {dag.py:3096} INFO - Sync 1 DAGs
[2024-07-07T20:58:41.231-0300] {logging_mixin.py:188} INFO - [2024-07-07T20:58:41.231-0300] {dag.py:3954} INFO - Setting next_dagrun for example_params_trigger_ui to None, run_after=None
[2024-07-07T20:58:41.288-0300] {processor.py:183} INFO - Processing /home/johnny/airflow/lib/python3.12/site-packages/airflow/example_dags/example_params_trigger_ui.py took 0.230 seconds
[2024-07-07T20:59:52.643-0300] {processor.py:161} INFO - Started process (PID=47483) to work on /home/johnny/airflow/lib/python3.12/site-packages/airflow/example_dags/example_params_trigger_ui.py
[2024-07-07T20:59:52.646-0300] {processor.py:830} INFO - Processing file /home/johnny/airflow/lib/python3.12/site-packages/airflow/example_dags/example_params_trigger_ui.py for tasks to queue
[2024-07-07T20:59:52.648-0300] {logging_mixin.py:188} INFO - [2024-07-07T20:59:52.647-0300] {dagbag.py:545} INFO - Filling up the DagBag from /home/johnny/airflow/lib/python3.12/site-packages/airflow/example_dags/example_params_trigger_ui.py
[2024-07-07T20:59:52.685-0300] {processor.py:840} INFO - DAG(s) 'example_params_trigger_ui' retrieved from /home/johnny/airflow/lib/python3.12/site-packages/airflow/example_dags/example_params_trigger_ui.py
[2024-07-07T20:59:52.762-0300] {logging_mixin.py:188} INFO - [2024-07-07T20:59:52.761-0300] {dag.py:3096} INFO - Sync 1 DAGs
[2024-07-07T20:59:52.792-0300] {logging_mixin.py:188} INFO - [2024-07-07T20:59:52.791-0300] {dag.py:3954} INFO - Setting next_dagrun for example_params_trigger_ui to None, run_after=None
[2024-07-07T20:59:52.850-0300] {processor.py:183} INFO - Processing /home/johnny/airflow/lib/python3.12/site-packages/airflow/example_dags/example_params_trigger_ui.py took 0.220 seconds
