[2024-07-07T14:04:20.726-0300] {processor.py:161} INFO - Started process (PID=2982) to work on /home/johnny/airflow_env/lib/python3.12/site-packages/airflow/example_dags/example_sensor_decorator.py
[2024-07-07T14:04:20.727-0300] {processor.py:830} INFO - Processing file /home/johnny/airflow_env/lib/python3.12/site-packages/airflow/example_dags/example_sensor_decorator.py for tasks to queue
[2024-07-07T14:04:20.730-0300] {logging_mixin.py:188} INFO - [2024-07-07T14:04:20.729-0300] {dagbag.py:545} INFO - Filling up the DagBag from /home/johnny/airflow_env/lib/python3.12/site-packages/airflow/example_dags/example_sensor_decorator.py
[2024-07-07T14:04:20.746-0300] {processor.py:840} INFO - DAG(s) 'example_sensor_decorator' retrieved from /home/johnny/airflow_env/lib/python3.12/site-packages/airflow/example_dags/example_sensor_decorator.py
[2024-07-07T14:04:20.885-0300] {logging_mixin.py:188} INFO - [2024-07-07T14:04:20.884-0300] {override.py:1847} INFO - Created Permission View: can delete on DAG:example_sensor_decorator
[2024-07-07T14:04:20.899-0300] {logging_mixin.py:188} INFO - [2024-07-07T14:04:20.898-0300] {override.py:1847} INFO - Created Permission View: can read on DAG:example_sensor_decorator
[2024-07-07T14:04:20.911-0300] {logging_mixin.py:188} INFO - [2024-07-07T14:04:20.910-0300] {override.py:1847} INFO - Created Permission View: can edit on DAG:example_sensor_decorator
[2024-07-07T14:04:20.911-0300] {logging_mixin.py:188} INFO - [2024-07-07T14:04:20.911-0300] {dag.py:3096} INFO - Sync 1 DAGs
[2024-07-07T14:04:20.929-0300] {logging_mixin.py:188} INFO - [2024-07-07T14:04:20.929-0300] {dag.py:3118} INFO - Creating ORM DAG for example_sensor_decorator
[2024-07-07T14:04:20.931-0300] {logging_mixin.py:188} INFO - [2024-07-07T14:04:20.930-0300] {dag.py:3954} INFO - Setting next_dagrun for example_sensor_decorator to None, run_after=None
[2024-07-07T14:04:20.974-0300] {processor.py:183} INFO - Processing /home/johnny/airflow_env/lib/python3.12/site-packages/airflow/example_dags/example_sensor_decorator.py took 0.259 seconds
[2024-07-07T14:05:29.967-0300] {processor.py:161} INFO - Started process (PID=3033) to work on /home/johnny/airflow_env/lib/python3.12/site-packages/airflow/example_dags/example_sensor_decorator.py
[2024-07-07T14:05:29.970-0300] {processor.py:830} INFO - Processing file /home/johnny/airflow_env/lib/python3.12/site-packages/airflow/example_dags/example_sensor_decorator.py for tasks to queue
[2024-07-07T14:05:29.975-0300] {logging_mixin.py:188} INFO - [2024-07-07T14:05:29.974-0300] {dagbag.py:545} INFO - Filling up the DagBag from /home/johnny/airflow_env/lib/python3.12/site-packages/airflow/example_dags/example_sensor_decorator.py
[2024-07-07T14:05:29.991-0300] {processor.py:840} INFO - DAG(s) 'example_sensor_decorator' retrieved from /home/johnny/airflow_env/lib/python3.12/site-packages/airflow/example_dags/example_sensor_decorator.py
[2024-07-07T14:05:30.031-0300] {logging_mixin.py:188} INFO - [2024-07-07T14:05:30.031-0300] {dag.py:3096} INFO - Sync 1 DAGs
[2024-07-07T14:05:30.057-0300] {logging_mixin.py:188} INFO - [2024-07-07T14:05:30.056-0300] {dag.py:3954} INFO - Setting next_dagrun for example_sensor_decorator to None, run_after=None
[2024-07-07T14:05:30.117-0300] {processor.py:183} INFO - Processing /home/johnny/airflow_env/lib/python3.12/site-packages/airflow/example_dags/example_sensor_decorator.py took 0.163 seconds
[2024-07-07T14:06:26.702-0300] {processor.py:161} INFO - Started process (PID=3084) to work on /home/johnny/airflow_env/lib/python3.12/site-packages/airflow/example_dags/example_sensor_decorator.py
[2024-07-07T14:06:26.704-0300] {processor.py:830} INFO - Processing file /home/johnny/airflow_env/lib/python3.12/site-packages/airflow/example_dags/example_sensor_decorator.py for tasks to queue
[2024-07-07T14:06:26.713-0300] {logging_mixin.py:188} INFO - [2024-07-07T14:06:26.708-0300] {dagbag.py:545} INFO - Filling up the DagBag from /home/johnny/airflow_env/lib/python3.12/site-packages/airflow/example_dags/example_sensor_decorator.py
[2024-07-07T14:06:26.730-0300] {processor.py:840} INFO - DAG(s) 'example_sensor_decorator' retrieved from /home/johnny/airflow_env/lib/python3.12/site-packages/airflow/example_dags/example_sensor_decorator.py
[2024-07-07T14:06:26.757-0300] {logging_mixin.py:188} INFO - [2024-07-07T14:06:26.756-0300] {dag.py:3096} INFO - Sync 1 DAGs
[2024-07-07T14:06:26.773-0300] {logging_mixin.py:188} INFO - [2024-07-07T14:06:26.773-0300] {dag.py:3954} INFO - Setting next_dagrun for example_sensor_decorator to None, run_after=None
[2024-07-07T14:06:26.816-0300] {processor.py:183} INFO - Processing /home/johnny/airflow_env/lib/python3.12/site-packages/airflow/example_dags/example_sensor_decorator.py took 0.121 seconds
[2024-07-07T14:07:24.032-0300] {processor.py:161} INFO - Started process (PID=3134) to work on /home/johnny/airflow_env/lib/python3.12/site-packages/airflow/example_dags/example_sensor_decorator.py
[2024-07-07T14:07:24.034-0300] {processor.py:830} INFO - Processing file /home/johnny/airflow_env/lib/python3.12/site-packages/airflow/example_dags/example_sensor_decorator.py for tasks to queue
[2024-07-07T14:07:24.038-0300] {logging_mixin.py:188} INFO - [2024-07-07T14:07:24.037-0300] {dagbag.py:545} INFO - Filling up the DagBag from /home/johnny/airflow_env/lib/python3.12/site-packages/airflow/example_dags/example_sensor_decorator.py
[2024-07-07T14:07:24.049-0300] {processor.py:840} INFO - DAG(s) 'example_sensor_decorator' retrieved from /home/johnny/airflow_env/lib/python3.12/site-packages/airflow/example_dags/example_sensor_decorator.py
[2024-07-07T14:07:24.079-0300] {logging_mixin.py:188} INFO - [2024-07-07T14:07:24.078-0300] {dag.py:3096} INFO - Sync 1 DAGs
[2024-07-07T14:07:24.098-0300] {logging_mixin.py:188} INFO - [2024-07-07T14:07:24.097-0300] {dag.py:3954} INFO - Setting next_dagrun for example_sensor_decorator to None, run_after=None
[2024-07-07T14:07:24.136-0300] {processor.py:183} INFO - Processing /home/johnny/airflow_env/lib/python3.12/site-packages/airflow/example_dags/example_sensor_decorator.py took 0.115 seconds
[2024-07-07T14:08:19.306-0300] {processor.py:161} INFO - Started process (PID=3184) to work on /home/johnny/airflow_env/lib/python3.12/site-packages/airflow/example_dags/example_sensor_decorator.py
[2024-07-07T14:08:19.308-0300] {processor.py:830} INFO - Processing file /home/johnny/airflow_env/lib/python3.12/site-packages/airflow/example_dags/example_sensor_decorator.py for tasks to queue
[2024-07-07T14:08:19.312-0300] {logging_mixin.py:188} INFO - [2024-07-07T14:08:19.311-0300] {dagbag.py:545} INFO - Filling up the DagBag from /home/johnny/airflow_env/lib/python3.12/site-packages/airflow/example_dags/example_sensor_decorator.py
[2024-07-07T14:08:19.323-0300] {processor.py:840} INFO - DAG(s) 'example_sensor_decorator' retrieved from /home/johnny/airflow_env/lib/python3.12/site-packages/airflow/example_dags/example_sensor_decorator.py
[2024-07-07T14:08:19.352-0300] {logging_mixin.py:188} INFO - [2024-07-07T14:08:19.351-0300] {dag.py:3096} INFO - Sync 1 DAGs
[2024-07-07T14:08:19.380-0300] {logging_mixin.py:188} INFO - [2024-07-07T14:08:19.379-0300] {dag.py:3954} INFO - Setting next_dagrun for example_sensor_decorator to None, run_after=None
[2024-07-07T14:08:19.433-0300] {processor.py:183} INFO - Processing /home/johnny/airflow_env/lib/python3.12/site-packages/airflow/example_dags/example_sensor_decorator.py took 0.137 seconds
[2024-07-07T19:45:30.251-0300] {processor.py:161} INFO - Started process (PID=35262) to work on /home/johnny/airflow/lib/python3.12/site-packages/airflow/example_dags/example_sensor_decorator.py
[2024-07-07T19:45:30.257-0300] {processor.py:830} INFO - Processing file /home/johnny/airflow/lib/python3.12/site-packages/airflow/example_dags/example_sensor_decorator.py for tasks to queue
[2024-07-07T19:45:30.262-0300] {logging_mixin.py:188} INFO - [2024-07-07T19:45:30.260-0300] {dagbag.py:545} INFO - Filling up the DagBag from /home/johnny/airflow/lib/python3.12/site-packages/airflow/example_dags/example_sensor_decorator.py
[2024-07-07T19:45:30.282-0300] {processor.py:840} INFO - DAG(s) 'example_sensor_decorator' retrieved from /home/johnny/airflow/lib/python3.12/site-packages/airflow/example_dags/example_sensor_decorator.py
[2024-07-07T19:45:30.511-0300] {logging_mixin.py:188} INFO - [2024-07-07T19:45:30.510-0300] {dag.py:3096} INFO - Sync 1 DAGs
[2024-07-07T19:45:30.537-0300] {logging_mixin.py:188} INFO - [2024-07-07T19:45:30.536-0300] {dag.py:3954} INFO - Setting next_dagrun for example_sensor_decorator to None, run_after=None
[2024-07-07T19:45:30.611-0300] {processor.py:183} INFO - Processing /home/johnny/airflow/lib/python3.12/site-packages/airflow/example_dags/example_sensor_decorator.py took 0.375 seconds
[2024-07-07T19:46:40.509-0300] {processor.py:161} INFO - Started process (PID=35432) to work on /home/johnny/airflow/lib/python3.12/site-packages/airflow/example_dags/example_sensor_decorator.py
[2024-07-07T19:46:40.515-0300] {processor.py:830} INFO - Processing file /home/johnny/airflow/lib/python3.12/site-packages/airflow/example_dags/example_sensor_decorator.py for tasks to queue
[2024-07-07T19:46:40.520-0300] {logging_mixin.py:188} INFO - [2024-07-07T19:46:40.519-0300] {dagbag.py:545} INFO - Filling up the DagBag from /home/johnny/airflow/lib/python3.12/site-packages/airflow/example_dags/example_sensor_decorator.py
[2024-07-07T19:46:40.537-0300] {processor.py:840} INFO - DAG(s) 'example_sensor_decorator' retrieved from /home/johnny/airflow/lib/python3.12/site-packages/airflow/example_dags/example_sensor_decorator.py
[2024-07-07T19:46:40.583-0300] {logging_mixin.py:188} INFO - [2024-07-07T19:46:40.581-0300] {dag.py:3096} INFO - Sync 1 DAGs
[2024-07-07T19:46:40.620-0300] {logging_mixin.py:188} INFO - [2024-07-07T19:46:40.620-0300] {dag.py:3954} INFO - Setting next_dagrun for example_sensor_decorator to None, run_after=None
[2024-07-07T19:46:40.682-0300] {processor.py:183} INFO - Processing /home/johnny/airflow/lib/python3.12/site-packages/airflow/example_dags/example_sensor_decorator.py took 0.186 seconds
[2024-07-07T19:47:56.384-0300] {processor.py:161} INFO - Started process (PID=35641) to work on /home/johnny/airflow/lib/python3.12/site-packages/airflow/example_dags/example_sensor_decorator.py
[2024-07-07T19:47:56.387-0300] {processor.py:830} INFO - Processing file /home/johnny/airflow/lib/python3.12/site-packages/airflow/example_dags/example_sensor_decorator.py for tasks to queue
[2024-07-07T19:47:56.396-0300] {logging_mixin.py:188} INFO - [2024-07-07T19:47:56.394-0300] {dagbag.py:545} INFO - Filling up the DagBag from /home/johnny/airflow/lib/python3.12/site-packages/airflow/example_dags/example_sensor_decorator.py
[2024-07-07T19:47:56.414-0300] {processor.py:840} INFO - DAG(s) 'example_sensor_decorator' retrieved from /home/johnny/airflow/lib/python3.12/site-packages/airflow/example_dags/example_sensor_decorator.py
[2024-07-07T19:47:56.450-0300] {logging_mixin.py:188} INFO - [2024-07-07T19:47:56.449-0300] {dag.py:3096} INFO - Sync 1 DAGs
[2024-07-07T19:47:56.477-0300] {logging_mixin.py:188} INFO - [2024-07-07T19:47:56.477-0300] {dag.py:3954} INFO - Setting next_dagrun for example_sensor_decorator to None, run_after=None
[2024-07-07T19:47:56.526-0300] {processor.py:183} INFO - Processing /home/johnny/airflow/lib/python3.12/site-packages/airflow/example_dags/example_sensor_decorator.py took 0.160 seconds
[2024-07-07T19:49:01.343-0300] {processor.py:161} INFO - Started process (PID=35842) to work on /home/johnny/airflow/lib/python3.12/site-packages/airflow/example_dags/example_sensor_decorator.py
[2024-07-07T19:49:01.348-0300] {processor.py:830} INFO - Processing file /home/johnny/airflow/lib/python3.12/site-packages/airflow/example_dags/example_sensor_decorator.py for tasks to queue
[2024-07-07T19:49:01.353-0300] {logging_mixin.py:188} INFO - [2024-07-07T19:49:01.352-0300] {dagbag.py:545} INFO - Filling up the DagBag from /home/johnny/airflow/lib/python3.12/site-packages/airflow/example_dags/example_sensor_decorator.py
[2024-07-07T19:49:01.366-0300] {processor.py:840} INFO - DAG(s) 'example_sensor_decorator' retrieved from /home/johnny/airflow/lib/python3.12/site-packages/airflow/example_dags/example_sensor_decorator.py
[2024-07-07T19:49:01.400-0300] {logging_mixin.py:188} INFO - [2024-07-07T19:49:01.398-0300] {dag.py:3096} INFO - Sync 1 DAGs
[2024-07-07T19:49:01.427-0300] {logging_mixin.py:188} INFO - [2024-07-07T19:49:01.427-0300] {dag.py:3954} INFO - Setting next_dagrun for example_sensor_decorator to None, run_after=None
[2024-07-07T19:49:01.477-0300] {processor.py:183} INFO - Processing /home/johnny/airflow/lib/python3.12/site-packages/airflow/example_dags/example_sensor_decorator.py took 0.145 seconds
[2024-07-07T19:50:05.957-0300] {processor.py:161} INFO - Started process (PID=36023) to work on /home/johnny/airflow/lib/python3.12/site-packages/airflow/example_dags/example_sensor_decorator.py
[2024-07-07T19:50:05.960-0300] {processor.py:830} INFO - Processing file /home/johnny/airflow/lib/python3.12/site-packages/airflow/example_dags/example_sensor_decorator.py for tasks to queue
[2024-07-07T19:50:05.964-0300] {logging_mixin.py:188} INFO - [2024-07-07T19:50:05.963-0300] {dagbag.py:545} INFO - Filling up the DagBag from /home/johnny/airflow/lib/python3.12/site-packages/airflow/example_dags/example_sensor_decorator.py
[2024-07-07T19:50:05.981-0300] {processor.py:840} INFO - DAG(s) 'example_sensor_decorator' retrieved from /home/johnny/airflow/lib/python3.12/site-packages/airflow/example_dags/example_sensor_decorator.py
[2024-07-07T19:50:06.013-0300] {logging_mixin.py:188} INFO - [2024-07-07T19:50:06.011-0300] {dag.py:3096} INFO - Sync 1 DAGs
[2024-07-07T19:50:06.043-0300] {logging_mixin.py:188} INFO - [2024-07-07T19:50:06.042-0300] {dag.py:3954} INFO - Setting next_dagrun for example_sensor_decorator to None, run_after=None
[2024-07-07T19:50:06.105-0300] {processor.py:183} INFO - Processing /home/johnny/airflow/lib/python3.12/site-packages/airflow/example_dags/example_sensor_decorator.py took 0.161 seconds
[2024-07-07T19:51:19.991-0300] {processor.py:161} INFO - Started process (PID=36222) to work on /home/johnny/airflow/lib/python3.12/site-packages/airflow/example_dags/example_sensor_decorator.py
[2024-07-07T19:51:19.994-0300] {processor.py:830} INFO - Processing file /home/johnny/airflow/lib/python3.12/site-packages/airflow/example_dags/example_sensor_decorator.py for tasks to queue
[2024-07-07T19:51:19.998-0300] {logging_mixin.py:188} INFO - [2024-07-07T19:51:19.997-0300] {dagbag.py:545} INFO - Filling up the DagBag from /home/johnny/airflow/lib/python3.12/site-packages/airflow/example_dags/example_sensor_decorator.py
[2024-07-07T19:51:20.012-0300] {processor.py:840} INFO - DAG(s) 'example_sensor_decorator' retrieved from /home/johnny/airflow/lib/python3.12/site-packages/airflow/example_dags/example_sensor_decorator.py
[2024-07-07T19:51:20.050-0300] {logging_mixin.py:188} INFO - [2024-07-07T19:51:20.049-0300] {dag.py:3096} INFO - Sync 1 DAGs
[2024-07-07T19:51:20.077-0300] {logging_mixin.py:188} INFO - [2024-07-07T19:51:20.076-0300] {dag.py:3954} INFO - Setting next_dagrun for example_sensor_decorator to None, run_after=None
[2024-07-07T19:51:20.129-0300] {processor.py:183} INFO - Processing /home/johnny/airflow/lib/python3.12/site-packages/airflow/example_dags/example_sensor_decorator.py took 0.155 seconds
[2024-07-07T19:52:28.760-0300] {processor.py:161} INFO - Started process (PID=36407) to work on /home/johnny/airflow/lib/python3.12/site-packages/airflow/example_dags/example_sensor_decorator.py
[2024-07-07T19:52:28.767-0300] {processor.py:830} INFO - Processing file /home/johnny/airflow/lib/python3.12/site-packages/airflow/example_dags/example_sensor_decorator.py for tasks to queue
[2024-07-07T19:52:28.770-0300] {logging_mixin.py:188} INFO - [2024-07-07T19:52:28.769-0300] {dagbag.py:545} INFO - Filling up the DagBag from /home/johnny/airflow/lib/python3.12/site-packages/airflow/example_dags/example_sensor_decorator.py
[2024-07-07T19:52:28.787-0300] {processor.py:840} INFO - DAG(s) 'example_sensor_decorator' retrieved from /home/johnny/airflow/lib/python3.12/site-packages/airflow/example_dags/example_sensor_decorator.py
[2024-07-07T19:52:28.822-0300] {logging_mixin.py:188} INFO - [2024-07-07T19:52:28.821-0300] {dag.py:3096} INFO - Sync 1 DAGs
[2024-07-07T19:52:28.864-0300] {logging_mixin.py:188} INFO - [2024-07-07T19:52:28.863-0300] {dag.py:3954} INFO - Setting next_dagrun for example_sensor_decorator to None, run_after=None
[2024-07-07T19:52:28.921-0300] {processor.py:183} INFO - Processing /home/johnny/airflow/lib/python3.12/site-packages/airflow/example_dags/example_sensor_decorator.py took 0.175 seconds
[2024-07-07T19:53:40.021-0300] {processor.py:161} INFO - Started process (PID=36610) to work on /home/johnny/airflow/lib/python3.12/site-packages/airflow/example_dags/example_sensor_decorator.py
[2024-07-07T19:53:40.026-0300] {processor.py:830} INFO - Processing file /home/johnny/airflow/lib/python3.12/site-packages/airflow/example_dags/example_sensor_decorator.py for tasks to queue
[2024-07-07T19:53:40.031-0300] {logging_mixin.py:188} INFO - [2024-07-07T19:53:40.030-0300] {dagbag.py:545} INFO - Filling up the DagBag from /home/johnny/airflow/lib/python3.12/site-packages/airflow/example_dags/example_sensor_decorator.py
[2024-07-07T19:53:40.049-0300] {processor.py:840} INFO - DAG(s) 'example_sensor_decorator' retrieved from /home/johnny/airflow/lib/python3.12/site-packages/airflow/example_dags/example_sensor_decorator.py
[2024-07-07T19:53:40.093-0300] {logging_mixin.py:188} INFO - [2024-07-07T19:53:40.092-0300] {dag.py:3096} INFO - Sync 1 DAGs
[2024-07-07T19:53:40.147-0300] {logging_mixin.py:188} INFO - [2024-07-07T19:53:40.146-0300] {dag.py:3954} INFO - Setting next_dagrun for example_sensor_decorator to None, run_after=None
[2024-07-07T19:53:40.210-0300] {processor.py:183} INFO - Processing /home/johnny/airflow/lib/python3.12/site-packages/airflow/example_dags/example_sensor_decorator.py took 0.203 seconds
[2024-07-07T19:54:47.945-0300] {processor.py:161} INFO - Started process (PID=36793) to work on /home/johnny/airflow/lib/python3.12/site-packages/airflow/example_dags/example_sensor_decorator.py
[2024-07-07T19:54:47.951-0300] {processor.py:830} INFO - Processing file /home/johnny/airflow/lib/python3.12/site-packages/airflow/example_dags/example_sensor_decorator.py for tasks to queue
[2024-07-07T19:54:47.953-0300] {logging_mixin.py:188} INFO - [2024-07-07T19:54:47.952-0300] {dagbag.py:545} INFO - Filling up the DagBag from /home/johnny/airflow/lib/python3.12/site-packages/airflow/example_dags/example_sensor_decorator.py
[2024-07-07T19:54:47.965-0300] {processor.py:840} INFO - DAG(s) 'example_sensor_decorator' retrieved from /home/johnny/airflow/lib/python3.12/site-packages/airflow/example_dags/example_sensor_decorator.py
[2024-07-07T19:54:47.997-0300] {logging_mixin.py:188} INFO - [2024-07-07T19:54:47.996-0300] {dag.py:3096} INFO - Sync 1 DAGs
[2024-07-07T19:54:48.017-0300] {logging_mixin.py:188} INFO - [2024-07-07T19:54:48.017-0300] {dag.py:3954} INFO - Setting next_dagrun for example_sensor_decorator to None, run_after=None
[2024-07-07T19:54:48.054-0300] {processor.py:183} INFO - Processing /home/johnny/airflow/lib/python3.12/site-packages/airflow/example_dags/example_sensor_decorator.py took 0.121 seconds
[2024-07-07T19:55:59.085-0300] {processor.py:161} INFO - Started process (PID=36982) to work on /home/johnny/airflow/lib/python3.12/site-packages/airflow/example_dags/example_sensor_decorator.py
[2024-07-07T19:55:59.093-0300] {processor.py:830} INFO - Processing file /home/johnny/airflow/lib/python3.12/site-packages/airflow/example_dags/example_sensor_decorator.py for tasks to queue
[2024-07-07T19:55:59.096-0300] {logging_mixin.py:188} INFO - [2024-07-07T19:55:59.094-0300] {dagbag.py:545} INFO - Filling up the DagBag from /home/johnny/airflow/lib/python3.12/site-packages/airflow/example_dags/example_sensor_decorator.py
[2024-07-07T19:55:59.116-0300] {processor.py:840} INFO - DAG(s) 'example_sensor_decorator' retrieved from /home/johnny/airflow/lib/python3.12/site-packages/airflow/example_dags/example_sensor_decorator.py
[2024-07-07T19:55:59.172-0300] {logging_mixin.py:188} INFO - [2024-07-07T19:55:59.171-0300] {dag.py:3096} INFO - Sync 1 DAGs
[2024-07-07T19:55:59.200-0300] {logging_mixin.py:188} INFO - [2024-07-07T19:55:59.199-0300] {dag.py:3954} INFO - Setting next_dagrun for example_sensor_decorator to None, run_after=None
[2024-07-07T19:55:59.250-0300] {processor.py:183} INFO - Processing /home/johnny/airflow/lib/python3.12/site-packages/airflow/example_dags/example_sensor_decorator.py took 0.181 seconds
[2024-07-07T19:57:14.650-0300] {processor.py:161} INFO - Started process (PID=37182) to work on /home/johnny/airflow/lib/python3.12/site-packages/airflow/example_dags/example_sensor_decorator.py
[2024-07-07T19:57:14.653-0300] {processor.py:830} INFO - Processing file /home/johnny/airflow/lib/python3.12/site-packages/airflow/example_dags/example_sensor_decorator.py for tasks to queue
[2024-07-07T19:57:14.657-0300] {logging_mixin.py:188} INFO - [2024-07-07T19:57:14.656-0300] {dagbag.py:545} INFO - Filling up the DagBag from /home/johnny/airflow/lib/python3.12/site-packages/airflow/example_dags/example_sensor_decorator.py
[2024-07-07T19:57:14.680-0300] {processor.py:840} INFO - DAG(s) 'example_sensor_decorator' retrieved from /home/johnny/airflow/lib/python3.12/site-packages/airflow/example_dags/example_sensor_decorator.py
[2024-07-07T19:57:14.736-0300] {logging_mixin.py:188} INFO - [2024-07-07T19:57:14.735-0300] {dag.py:3096} INFO - Sync 1 DAGs
[2024-07-07T19:57:14.764-0300] {logging_mixin.py:188} INFO - [2024-07-07T19:57:14.763-0300] {dag.py:3954} INFO - Setting next_dagrun for example_sensor_decorator to None, run_after=None
[2024-07-07T19:57:14.803-0300] {processor.py:183} INFO - Processing /home/johnny/airflow/lib/python3.12/site-packages/airflow/example_dags/example_sensor_decorator.py took 0.166 seconds
[2024-07-07T19:58:26.032-0300] {processor.py:161} INFO - Started process (PID=37390) to work on /home/johnny/airflow/lib/python3.12/site-packages/airflow/example_dags/example_sensor_decorator.py
[2024-07-07T19:58:26.038-0300] {processor.py:830} INFO - Processing file /home/johnny/airflow/lib/python3.12/site-packages/airflow/example_dags/example_sensor_decorator.py for tasks to queue
[2024-07-07T19:58:26.040-0300] {logging_mixin.py:188} INFO - [2024-07-07T19:58:26.039-0300] {dagbag.py:545} INFO - Filling up the DagBag from /home/johnny/airflow/lib/python3.12/site-packages/airflow/example_dags/example_sensor_decorator.py
[2024-07-07T19:58:26.055-0300] {processor.py:840} INFO - DAG(s) 'example_sensor_decorator' retrieved from /home/johnny/airflow/lib/python3.12/site-packages/airflow/example_dags/example_sensor_decorator.py
[2024-07-07T19:58:26.092-0300] {logging_mixin.py:188} INFO - [2024-07-07T19:58:26.092-0300] {dag.py:3096} INFO - Sync 1 DAGs
[2024-07-07T19:58:26.124-0300] {logging_mixin.py:188} INFO - [2024-07-07T19:58:26.123-0300] {dag.py:3954} INFO - Setting next_dagrun for example_sensor_decorator to None, run_after=None
[2024-07-07T19:58:26.188-0300] {processor.py:183} INFO - Processing /home/johnny/airflow/lib/python3.12/site-packages/airflow/example_dags/example_sensor_decorator.py took 0.169 seconds
[2024-07-07T19:59:30.675-0300] {processor.py:161} INFO - Started process (PID=37569) to work on /home/johnny/airflow/lib/python3.12/site-packages/airflow/example_dags/example_sensor_decorator.py
[2024-07-07T19:59:30.681-0300] {processor.py:830} INFO - Processing file /home/johnny/airflow/lib/python3.12/site-packages/airflow/example_dags/example_sensor_decorator.py for tasks to queue
[2024-07-07T19:59:30.683-0300] {logging_mixin.py:188} INFO - [2024-07-07T19:59:30.682-0300] {dagbag.py:545} INFO - Filling up the DagBag from /home/johnny/airflow/lib/python3.12/site-packages/airflow/example_dags/example_sensor_decorator.py
[2024-07-07T19:59:30.696-0300] {processor.py:840} INFO - DAG(s) 'example_sensor_decorator' retrieved from /home/johnny/airflow/lib/python3.12/site-packages/airflow/example_dags/example_sensor_decorator.py
[2024-07-07T19:59:30.726-0300] {logging_mixin.py:188} INFO - [2024-07-07T19:59:30.725-0300] {dag.py:3096} INFO - Sync 1 DAGs
[2024-07-07T19:59:30.752-0300] {logging_mixin.py:188} INFO - [2024-07-07T19:59:30.751-0300] {dag.py:3954} INFO - Setting next_dagrun for example_sensor_decorator to None, run_after=None
[2024-07-07T19:59:30.815-0300] {processor.py:183} INFO - Processing /home/johnny/airflow/lib/python3.12/site-packages/airflow/example_dags/example_sensor_decorator.py took 0.152 seconds
[2024-07-07T20:00:34.450-0300] {processor.py:161} INFO - Started process (PID=37748) to work on /home/johnny/airflow/lib/python3.12/site-packages/airflow/example_dags/example_sensor_decorator.py
[2024-07-07T20:00:34.454-0300] {processor.py:830} INFO - Processing file /home/johnny/airflow/lib/python3.12/site-packages/airflow/example_dags/example_sensor_decorator.py for tasks to queue
[2024-07-07T20:00:34.456-0300] {logging_mixin.py:188} INFO - [2024-07-07T20:00:34.455-0300] {dagbag.py:545} INFO - Filling up the DagBag from /home/johnny/airflow/lib/python3.12/site-packages/airflow/example_dags/example_sensor_decorator.py
[2024-07-07T20:00:34.469-0300] {processor.py:840} INFO - DAG(s) 'example_sensor_decorator' retrieved from /home/johnny/airflow/lib/python3.12/site-packages/airflow/example_dags/example_sensor_decorator.py
[2024-07-07T20:00:34.499-0300] {logging_mixin.py:188} INFO - [2024-07-07T20:00:34.498-0300] {dag.py:3096} INFO - Sync 1 DAGs
[2024-07-07T20:00:34.534-0300] {logging_mixin.py:188} INFO - [2024-07-07T20:00:34.532-0300] {dag.py:3954} INFO - Setting next_dagrun for example_sensor_decorator to None, run_after=None
[2024-07-07T20:00:34.595-0300] {processor.py:183} INFO - Processing /home/johnny/airflow/lib/python3.12/site-packages/airflow/example_dags/example_sensor_decorator.py took 0.158 seconds
[2024-07-07T20:01:41.050-0300] {processor.py:161} INFO - Started process (PID=37931) to work on /home/johnny/airflow/lib/python3.12/site-packages/airflow/example_dags/example_sensor_decorator.py
[2024-07-07T20:01:41.053-0300] {processor.py:830} INFO - Processing file /home/johnny/airflow/lib/python3.12/site-packages/airflow/example_dags/example_sensor_decorator.py for tasks to queue
[2024-07-07T20:01:41.055-0300] {logging_mixin.py:188} INFO - [2024-07-07T20:01:41.054-0300] {dagbag.py:545} INFO - Filling up the DagBag from /home/johnny/airflow/lib/python3.12/site-packages/airflow/example_dags/example_sensor_decorator.py
[2024-07-07T20:01:41.069-0300] {processor.py:840} INFO - DAG(s) 'example_sensor_decorator' retrieved from /home/johnny/airflow/lib/python3.12/site-packages/airflow/example_dags/example_sensor_decorator.py
[2024-07-07T20:01:41.102-0300] {logging_mixin.py:188} INFO - [2024-07-07T20:01:41.102-0300] {dag.py:3096} INFO - Sync 1 DAGs
[2024-07-07T20:01:41.126-0300] {logging_mixin.py:188} INFO - [2024-07-07T20:01:41.126-0300] {dag.py:3954} INFO - Setting next_dagrun for example_sensor_decorator to None, run_after=None
[2024-07-07T20:01:41.172-0300] {processor.py:183} INFO - Processing /home/johnny/airflow/lib/python3.12/site-packages/airflow/example_dags/example_sensor_decorator.py took 0.132 seconds
[2024-07-07T20:02:46.241-0300] {processor.py:161} INFO - Started process (PID=38109) to work on /home/johnny/airflow/lib/python3.12/site-packages/airflow/example_dags/example_sensor_decorator.py
[2024-07-07T20:02:46.247-0300] {processor.py:830} INFO - Processing file /home/johnny/airflow/lib/python3.12/site-packages/airflow/example_dags/example_sensor_decorator.py for tasks to queue
[2024-07-07T20:02:46.249-0300] {logging_mixin.py:188} INFO - [2024-07-07T20:02:46.248-0300] {dagbag.py:545} INFO - Filling up the DagBag from /home/johnny/airflow/lib/python3.12/site-packages/airflow/example_dags/example_sensor_decorator.py
[2024-07-07T20:02:46.264-0300] {processor.py:840} INFO - DAG(s) 'example_sensor_decorator' retrieved from /home/johnny/airflow/lib/python3.12/site-packages/airflow/example_dags/example_sensor_decorator.py
[2024-07-07T20:02:46.296-0300] {logging_mixin.py:188} INFO - [2024-07-07T20:02:46.295-0300] {dag.py:3096} INFO - Sync 1 DAGs
[2024-07-07T20:02:46.317-0300] {logging_mixin.py:188} INFO - [2024-07-07T20:02:46.317-0300] {dag.py:3954} INFO - Setting next_dagrun for example_sensor_decorator to None, run_after=None
[2024-07-07T20:02:46.356-0300] {processor.py:183} INFO - Processing /home/johnny/airflow/lib/python3.12/site-packages/airflow/example_dags/example_sensor_decorator.py took 0.126 seconds
[2024-07-07T20:04:09.782-0300] {processor.py:161} INFO - Started process (PID=38343) to work on /home/johnny/airflow/lib/python3.12/site-packages/airflow/example_dags/example_sensor_decorator.py
[2024-07-07T20:04:09.788-0300] {processor.py:830} INFO - Processing file /home/johnny/airflow/lib/python3.12/site-packages/airflow/example_dags/example_sensor_decorator.py for tasks to queue
[2024-07-07T20:04:09.791-0300] {logging_mixin.py:188} INFO - [2024-07-07T20:04:09.790-0300] {dagbag.py:545} INFO - Filling up the DagBag from /home/johnny/airflow/lib/python3.12/site-packages/airflow/example_dags/example_sensor_decorator.py
[2024-07-07T20:04:09.804-0300] {processor.py:840} INFO - DAG(s) 'example_sensor_decorator' retrieved from /home/johnny/airflow/lib/python3.12/site-packages/airflow/example_dags/example_sensor_decorator.py
[2024-07-07T20:04:09.834-0300] {logging_mixin.py:188} INFO - [2024-07-07T20:04:09.833-0300] {dag.py:3096} INFO - Sync 1 DAGs
[2024-07-07T20:04:09.852-0300] {logging_mixin.py:188} INFO - [2024-07-07T20:04:09.852-0300] {dag.py:3954} INFO - Setting next_dagrun for example_sensor_decorator to None, run_after=None
[2024-07-07T20:04:09.904-0300] {processor.py:183} INFO - Processing /home/johnny/airflow/lib/python3.12/site-packages/airflow/example_dags/example_sensor_decorator.py took 0.135 seconds
[2024-07-07T20:05:17.621-0300] {processor.py:161} INFO - Started process (PID=38526) to work on /home/johnny/airflow/lib/python3.12/site-packages/airflow/example_dags/example_sensor_decorator.py
[2024-07-07T20:05:17.624-0300] {processor.py:830} INFO - Processing file /home/johnny/airflow/lib/python3.12/site-packages/airflow/example_dags/example_sensor_decorator.py for tasks to queue
[2024-07-07T20:05:17.626-0300] {logging_mixin.py:188} INFO - [2024-07-07T20:05:17.625-0300] {dagbag.py:545} INFO - Filling up the DagBag from /home/johnny/airflow/lib/python3.12/site-packages/airflow/example_dags/example_sensor_decorator.py
[2024-07-07T20:05:17.639-0300] {processor.py:840} INFO - DAG(s) 'example_sensor_decorator' retrieved from /home/johnny/airflow/lib/python3.12/site-packages/airflow/example_dags/example_sensor_decorator.py
[2024-07-07T20:05:17.671-0300] {logging_mixin.py:188} INFO - [2024-07-07T20:05:17.670-0300] {dag.py:3096} INFO - Sync 1 DAGs
[2024-07-07T20:05:17.693-0300] {logging_mixin.py:188} INFO - [2024-07-07T20:05:17.692-0300] {dag.py:3954} INFO - Setting next_dagrun for example_sensor_decorator to None, run_after=None
[2024-07-07T20:05:17.739-0300] {processor.py:183} INFO - Processing /home/johnny/airflow/lib/python3.12/site-packages/airflow/example_dags/example_sensor_decorator.py took 0.128 seconds
[2024-07-07T20:06:17.803-0300] {processor.py:161} INFO - Started process (PID=38698) to work on /home/johnny/airflow/lib/python3.12/site-packages/airflow/example_dags/example_sensor_decorator.py
[2024-07-07T20:06:17.806-0300] {processor.py:830} INFO - Processing file /home/johnny/airflow/lib/python3.12/site-packages/airflow/example_dags/example_sensor_decorator.py for tasks to queue
[2024-07-07T20:06:17.808-0300] {logging_mixin.py:188} INFO - [2024-07-07T20:06:17.807-0300] {dagbag.py:545} INFO - Filling up the DagBag from /home/johnny/airflow/lib/python3.12/site-packages/airflow/example_dags/example_sensor_decorator.py
[2024-07-07T20:06:17.820-0300] {processor.py:840} INFO - DAG(s) 'example_sensor_decorator' retrieved from /home/johnny/airflow/lib/python3.12/site-packages/airflow/example_dags/example_sensor_decorator.py
[2024-07-07T20:06:17.851-0300] {logging_mixin.py:188} INFO - [2024-07-07T20:06:17.851-0300] {dag.py:3096} INFO - Sync 1 DAGs
[2024-07-07T20:06:17.879-0300] {logging_mixin.py:188} INFO - [2024-07-07T20:06:17.878-0300] {dag.py:3954} INFO - Setting next_dagrun for example_sensor_decorator to None, run_after=None
[2024-07-07T20:06:17.940-0300] {processor.py:183} INFO - Processing /home/johnny/airflow/lib/python3.12/site-packages/airflow/example_dags/example_sensor_decorator.py took 0.149 seconds
[2024-07-07T20:07:23.719-0300] {processor.py:161} INFO - Started process (PID=38875) to work on /home/johnny/airflow/lib/python3.12/site-packages/airflow/example_dags/example_sensor_decorator.py
[2024-07-07T20:07:23.721-0300] {processor.py:830} INFO - Processing file /home/johnny/airflow/lib/python3.12/site-packages/airflow/example_dags/example_sensor_decorator.py for tasks to queue
[2024-07-07T20:07:23.723-0300] {logging_mixin.py:188} INFO - [2024-07-07T20:07:23.723-0300] {dagbag.py:545} INFO - Filling up the DagBag from /home/johnny/airflow/lib/python3.12/site-packages/airflow/example_dags/example_sensor_decorator.py
[2024-07-07T20:07:23.736-0300] {processor.py:840} INFO - DAG(s) 'example_sensor_decorator' retrieved from /home/johnny/airflow/lib/python3.12/site-packages/airflow/example_dags/example_sensor_decorator.py
[2024-07-07T20:07:23.767-0300] {logging_mixin.py:188} INFO - [2024-07-07T20:07:23.767-0300] {dag.py:3096} INFO - Sync 1 DAGs
[2024-07-07T20:07:23.789-0300] {logging_mixin.py:188} INFO - [2024-07-07T20:07:23.789-0300] {dag.py:3954} INFO - Setting next_dagrun for example_sensor_decorator to None, run_after=None
[2024-07-07T20:07:23.835-0300] {processor.py:183} INFO - Processing /home/johnny/airflow/lib/python3.12/site-packages/airflow/example_dags/example_sensor_decorator.py took 0.127 seconds
[2024-07-07T20:08:37.242-0300] {processor.py:161} INFO - Started process (PID=39077) to work on /home/johnny/airflow/lib/python3.12/site-packages/airflow/example_dags/example_sensor_decorator.py
[2024-07-07T20:08:37.244-0300] {processor.py:830} INFO - Processing file /home/johnny/airflow/lib/python3.12/site-packages/airflow/example_dags/example_sensor_decorator.py for tasks to queue
[2024-07-07T20:08:37.247-0300] {logging_mixin.py:188} INFO - [2024-07-07T20:08:37.246-0300] {dagbag.py:545} INFO - Filling up the DagBag from /home/johnny/airflow/lib/python3.12/site-packages/airflow/example_dags/example_sensor_decorator.py
[2024-07-07T20:08:37.261-0300] {processor.py:840} INFO - DAG(s) 'example_sensor_decorator' retrieved from /home/johnny/airflow/lib/python3.12/site-packages/airflow/example_dags/example_sensor_decorator.py
[2024-07-07T20:08:37.293-0300] {logging_mixin.py:188} INFO - [2024-07-07T20:08:37.293-0300] {dag.py:3096} INFO - Sync 1 DAGs
[2024-07-07T20:08:37.322-0300] {logging_mixin.py:188} INFO - [2024-07-07T20:08:37.321-0300] {dag.py:3954} INFO - Setting next_dagrun for example_sensor_decorator to None, run_after=None
[2024-07-07T20:08:37.381-0300] {processor.py:183} INFO - Processing /home/johnny/airflow/lib/python3.12/site-packages/airflow/example_dags/example_sensor_decorator.py took 0.155 seconds
[2024-07-07T20:09:45.838-0300] {processor.py:161} INFO - Started process (PID=39272) to work on /home/johnny/airflow/lib/python3.12/site-packages/airflow/example_dags/example_sensor_decorator.py
[2024-07-07T20:09:45.844-0300] {processor.py:830} INFO - Processing file /home/johnny/airflow/lib/python3.12/site-packages/airflow/example_dags/example_sensor_decorator.py for tasks to queue
[2024-07-07T20:09:45.847-0300] {logging_mixin.py:188} INFO - [2024-07-07T20:09:45.846-0300] {dagbag.py:545} INFO - Filling up the DagBag from /home/johnny/airflow/lib/python3.12/site-packages/airflow/example_dags/example_sensor_decorator.py
[2024-07-07T20:09:45.860-0300] {processor.py:840} INFO - DAG(s) 'example_sensor_decorator' retrieved from /home/johnny/airflow/lib/python3.12/site-packages/airflow/example_dags/example_sensor_decorator.py
[2024-07-07T20:09:45.890-0300] {logging_mixin.py:188} INFO - [2024-07-07T20:09:45.889-0300] {dag.py:3096} INFO - Sync 1 DAGs
[2024-07-07T20:09:45.914-0300] {logging_mixin.py:188} INFO - [2024-07-07T20:09:45.914-0300] {dag.py:3954} INFO - Setting next_dagrun for example_sensor_decorator to None, run_after=None
[2024-07-07T20:09:45.949-0300] {processor.py:183} INFO - Processing /home/johnny/airflow/lib/python3.12/site-packages/airflow/example_dags/example_sensor_decorator.py took 0.124 seconds
[2024-07-07T20:10:51.939-0300] {processor.py:161} INFO - Started process (PID=39451) to work on /home/johnny/airflow/lib/python3.12/site-packages/airflow/example_dags/example_sensor_decorator.py
[2024-07-07T20:10:51.942-0300] {processor.py:830} INFO - Processing file /home/johnny/airflow/lib/python3.12/site-packages/airflow/example_dags/example_sensor_decorator.py for tasks to queue
[2024-07-07T20:10:51.945-0300] {logging_mixin.py:188} INFO - [2024-07-07T20:10:51.944-0300] {dagbag.py:545} INFO - Filling up the DagBag from /home/johnny/airflow/lib/python3.12/site-packages/airflow/example_dags/example_sensor_decorator.py
[2024-07-07T20:10:51.957-0300] {processor.py:840} INFO - DAG(s) 'example_sensor_decorator' retrieved from /home/johnny/airflow/lib/python3.12/site-packages/airflow/example_dags/example_sensor_decorator.py
[2024-07-07T20:10:51.985-0300] {logging_mixin.py:188} INFO - [2024-07-07T20:10:51.985-0300] {dag.py:3096} INFO - Sync 1 DAGs
[2024-07-07T20:10:52.004-0300] {logging_mixin.py:188} INFO - [2024-07-07T20:10:52.004-0300] {dag.py:3954} INFO - Setting next_dagrun for example_sensor_decorator to None, run_after=None
[2024-07-07T20:10:52.036-0300] {processor.py:183} INFO - Processing /home/johnny/airflow/lib/python3.12/site-packages/airflow/example_dags/example_sensor_decorator.py took 0.108 seconds
[2024-07-07T20:11:52.017-0300] {processor.py:161} INFO - Started process (PID=39615) to work on /home/johnny/airflow/lib/python3.12/site-packages/airflow/example_dags/example_sensor_decorator.py
[2024-07-07T20:11:52.020-0300] {processor.py:830} INFO - Processing file /home/johnny/airflow/lib/python3.12/site-packages/airflow/example_dags/example_sensor_decorator.py for tasks to queue
[2024-07-07T20:11:52.022-0300] {logging_mixin.py:188} INFO - [2024-07-07T20:11:52.021-0300] {dagbag.py:545} INFO - Filling up the DagBag from /home/johnny/airflow/lib/python3.12/site-packages/airflow/example_dags/example_sensor_decorator.py
[2024-07-07T20:11:52.035-0300] {processor.py:840} INFO - DAG(s) 'example_sensor_decorator' retrieved from /home/johnny/airflow/lib/python3.12/site-packages/airflow/example_dags/example_sensor_decorator.py
[2024-07-07T20:11:52.060-0300] {logging_mixin.py:188} INFO - [2024-07-07T20:11:52.060-0300] {dag.py:3096} INFO - Sync 1 DAGs
[2024-07-07T20:11:52.076-0300] {logging_mixin.py:188} INFO - [2024-07-07T20:11:52.076-0300] {dag.py:3954} INFO - Setting next_dagrun for example_sensor_decorator to None, run_after=None
[2024-07-07T20:11:52.121-0300] {processor.py:183} INFO - Processing /home/johnny/airflow/lib/python3.12/site-packages/airflow/example_dags/example_sensor_decorator.py took 0.117 seconds
[2024-07-07T20:12:55.541-0300] {processor.py:161} INFO - Started process (PID=39791) to work on /home/johnny/airflow/lib/python3.12/site-packages/airflow/example_dags/example_sensor_decorator.py
[2024-07-07T20:12:55.544-0300] {processor.py:830} INFO - Processing file /home/johnny/airflow/lib/python3.12/site-packages/airflow/example_dags/example_sensor_decorator.py for tasks to queue
[2024-07-07T20:12:55.546-0300] {logging_mixin.py:188} INFO - [2024-07-07T20:12:55.545-0300] {dagbag.py:545} INFO - Filling up the DagBag from /home/johnny/airflow/lib/python3.12/site-packages/airflow/example_dags/example_sensor_decorator.py
[2024-07-07T20:12:55.560-0300] {processor.py:840} INFO - DAG(s) 'example_sensor_decorator' retrieved from /home/johnny/airflow/lib/python3.12/site-packages/airflow/example_dags/example_sensor_decorator.py
[2024-07-07T20:12:55.594-0300] {logging_mixin.py:188} INFO - [2024-07-07T20:12:55.594-0300] {dag.py:3096} INFO - Sync 1 DAGs
[2024-07-07T20:12:55.613-0300] {logging_mixin.py:188} INFO - [2024-07-07T20:12:55.613-0300] {dag.py:3954} INFO - Setting next_dagrun for example_sensor_decorator to None, run_after=None
[2024-07-07T20:12:55.652-0300] {processor.py:183} INFO - Processing /home/johnny/airflow/lib/python3.12/site-packages/airflow/example_dags/example_sensor_decorator.py took 0.124 seconds
[2024-07-07T20:13:58.298-0300] {processor.py:161} INFO - Started process (PID=39963) to work on /home/johnny/airflow/lib/python3.12/site-packages/airflow/example_dags/example_sensor_decorator.py
[2024-07-07T20:13:58.301-0300] {processor.py:830} INFO - Processing file /home/johnny/airflow/lib/python3.12/site-packages/airflow/example_dags/example_sensor_decorator.py for tasks to queue
[2024-07-07T20:13:58.304-0300] {logging_mixin.py:188} INFO - [2024-07-07T20:13:58.302-0300] {dagbag.py:545} INFO - Filling up the DagBag from /home/johnny/airflow/lib/python3.12/site-packages/airflow/example_dags/example_sensor_decorator.py
[2024-07-07T20:13:58.318-0300] {processor.py:840} INFO - DAG(s) 'example_sensor_decorator' retrieved from /home/johnny/airflow/lib/python3.12/site-packages/airflow/example_dags/example_sensor_decorator.py
[2024-07-07T20:13:58.347-0300] {logging_mixin.py:188} INFO - [2024-07-07T20:13:58.347-0300] {dag.py:3096} INFO - Sync 1 DAGs
[2024-07-07T20:13:58.367-0300] {logging_mixin.py:188} INFO - [2024-07-07T20:13:58.367-0300] {dag.py:3954} INFO - Setting next_dagrun for example_sensor_decorator to None, run_after=None
[2024-07-07T20:13:58.418-0300] {processor.py:183} INFO - Processing /home/johnny/airflow/lib/python3.12/site-packages/airflow/example_dags/example_sensor_decorator.py took 0.131 seconds
[2024-07-07T20:15:01.737-0300] {processor.py:161} INFO - Started process (PID=40134) to work on /home/johnny/airflow/lib/python3.12/site-packages/airflow/example_dags/example_sensor_decorator.py
[2024-07-07T20:15:01.740-0300] {processor.py:830} INFO - Processing file /home/johnny/airflow/lib/python3.12/site-packages/airflow/example_dags/example_sensor_decorator.py for tasks to queue
[2024-07-07T20:15:01.742-0300] {logging_mixin.py:188} INFO - [2024-07-07T20:15:01.741-0300] {dagbag.py:545} INFO - Filling up the DagBag from /home/johnny/airflow/lib/python3.12/site-packages/airflow/example_dags/example_sensor_decorator.py
[2024-07-07T20:15:01.757-0300] {processor.py:840} INFO - DAG(s) 'example_sensor_decorator' retrieved from /home/johnny/airflow/lib/python3.12/site-packages/airflow/example_dags/example_sensor_decorator.py
[2024-07-07T20:15:01.785-0300] {logging_mixin.py:188} INFO - [2024-07-07T20:15:01.784-0300] {dag.py:3096} INFO - Sync 1 DAGs
[2024-07-07T20:15:01.805-0300] {logging_mixin.py:188} INFO - [2024-07-07T20:15:01.804-0300] {dag.py:3954} INFO - Setting next_dagrun for example_sensor_decorator to None, run_after=None
[2024-07-07T20:15:01.854-0300] {processor.py:183} INFO - Processing /home/johnny/airflow/lib/python3.12/site-packages/airflow/example_dags/example_sensor_decorator.py took 0.131 seconds
[2024-07-07T20:16:02.704-0300] {processor.py:161} INFO - Started process (PID=40316) to work on /home/johnny/airflow/lib/python3.12/site-packages/airflow/example_dags/example_sensor_decorator.py
[2024-07-07T20:16:02.706-0300] {processor.py:830} INFO - Processing file /home/johnny/airflow/lib/python3.12/site-packages/airflow/example_dags/example_sensor_decorator.py for tasks to queue
[2024-07-07T20:16:02.708-0300] {logging_mixin.py:188} INFO - [2024-07-07T20:16:02.707-0300] {dagbag.py:545} INFO - Filling up the DagBag from /home/johnny/airflow/lib/python3.12/site-packages/airflow/example_dags/example_sensor_decorator.py
[2024-07-07T20:16:02.722-0300] {processor.py:840} INFO - DAG(s) 'example_sensor_decorator' retrieved from /home/johnny/airflow/lib/python3.12/site-packages/airflow/example_dags/example_sensor_decorator.py
[2024-07-07T20:16:02.766-0300] {logging_mixin.py:188} INFO - [2024-07-07T20:16:02.765-0300] {dag.py:3096} INFO - Sync 1 DAGs
[2024-07-07T20:16:02.811-0300] {logging_mixin.py:188} INFO - [2024-07-07T20:16:02.811-0300] {dag.py:3954} INFO - Setting next_dagrun for example_sensor_decorator to None, run_after=None
[2024-07-07T20:16:02.865-0300] {processor.py:183} INFO - Processing /home/johnny/airflow/lib/python3.12/site-packages/airflow/example_dags/example_sensor_decorator.py took 0.173 seconds
[2024-07-07T20:17:05.812-0300] {processor.py:161} INFO - Started process (PID=40488) to work on /home/johnny/airflow/lib/python3.12/site-packages/airflow/example_dags/example_sensor_decorator.py
[2024-07-07T20:17:05.814-0300] {processor.py:830} INFO - Processing file /home/johnny/airflow/lib/python3.12/site-packages/airflow/example_dags/example_sensor_decorator.py for tasks to queue
[2024-07-07T20:17:05.816-0300] {logging_mixin.py:188} INFO - [2024-07-07T20:17:05.815-0300] {dagbag.py:545} INFO - Filling up the DagBag from /home/johnny/airflow/lib/python3.12/site-packages/airflow/example_dags/example_sensor_decorator.py
[2024-07-07T20:17:05.828-0300] {processor.py:840} INFO - DAG(s) 'example_sensor_decorator' retrieved from /home/johnny/airflow/lib/python3.12/site-packages/airflow/example_dags/example_sensor_decorator.py
[2024-07-07T20:17:05.857-0300] {logging_mixin.py:188} INFO - [2024-07-07T20:17:05.856-0300] {dag.py:3096} INFO - Sync 1 DAGs
[2024-07-07T20:17:05.876-0300] {logging_mixin.py:188} INFO - [2024-07-07T20:17:05.875-0300] {dag.py:3954} INFO - Setting next_dagrun for example_sensor_decorator to None, run_after=None
[2024-07-07T20:17:05.909-0300] {processor.py:183} INFO - Processing /home/johnny/airflow/lib/python3.12/site-packages/airflow/example_dags/example_sensor_decorator.py took 0.109 seconds
[2024-07-07T20:18:07.829-0300] {processor.py:161} INFO - Started process (PID=40659) to work on /home/johnny/airflow/lib/python3.12/site-packages/airflow/example_dags/example_sensor_decorator.py
[2024-07-07T20:18:07.832-0300] {processor.py:830} INFO - Processing file /home/johnny/airflow/lib/python3.12/site-packages/airflow/example_dags/example_sensor_decorator.py for tasks to queue
[2024-07-07T20:18:07.834-0300] {logging_mixin.py:188} INFO - [2024-07-07T20:18:07.833-0300] {dagbag.py:545} INFO - Filling up the DagBag from /home/johnny/airflow/lib/python3.12/site-packages/airflow/example_dags/example_sensor_decorator.py
[2024-07-07T20:18:07.846-0300] {processor.py:840} INFO - DAG(s) 'example_sensor_decorator' retrieved from /home/johnny/airflow/lib/python3.12/site-packages/airflow/example_dags/example_sensor_decorator.py
[2024-07-07T20:18:07.876-0300] {logging_mixin.py:188} INFO - [2024-07-07T20:18:07.876-0300] {dag.py:3096} INFO - Sync 1 DAGs
[2024-07-07T20:18:07.895-0300] {logging_mixin.py:188} INFO - [2024-07-07T20:18:07.895-0300] {dag.py:3954} INFO - Setting next_dagrun for example_sensor_decorator to None, run_after=None
[2024-07-07T20:18:07.940-0300] {processor.py:183} INFO - Processing /home/johnny/airflow/lib/python3.12/site-packages/airflow/example_dags/example_sensor_decorator.py took 0.122 seconds
[2024-07-07T20:19:11.049-0300] {processor.py:161} INFO - Started process (PID=40833) to work on /home/johnny/airflow/lib/python3.12/site-packages/airflow/example_dags/example_sensor_decorator.py
[2024-07-07T20:19:11.052-0300] {processor.py:830} INFO - Processing file /home/johnny/airflow/lib/python3.12/site-packages/airflow/example_dags/example_sensor_decorator.py for tasks to queue
[2024-07-07T20:19:11.054-0300] {logging_mixin.py:188} INFO - [2024-07-07T20:19:11.053-0300] {dagbag.py:545} INFO - Filling up the DagBag from /home/johnny/airflow/lib/python3.12/site-packages/airflow/example_dags/example_sensor_decorator.py
[2024-07-07T20:19:11.067-0300] {processor.py:840} INFO - DAG(s) 'example_sensor_decorator' retrieved from /home/johnny/airflow/lib/python3.12/site-packages/airflow/example_dags/example_sensor_decorator.py
[2024-07-07T20:19:11.101-0300] {logging_mixin.py:188} INFO - [2024-07-07T20:19:11.100-0300] {dag.py:3096} INFO - Sync 1 DAGs
[2024-07-07T20:19:11.124-0300] {logging_mixin.py:188} INFO - [2024-07-07T20:19:11.123-0300] {dag.py:3954} INFO - Setting next_dagrun for example_sensor_decorator to None, run_after=None
[2024-07-07T20:19:11.171-0300] {processor.py:183} INFO - Processing /home/johnny/airflow/lib/python3.12/site-packages/airflow/example_dags/example_sensor_decorator.py took 0.133 seconds
[2024-07-07T20:20:13.715-0300] {processor.py:161} INFO - Started process (PID=41007) to work on /home/johnny/airflow/lib/python3.12/site-packages/airflow/example_dags/example_sensor_decorator.py
[2024-07-07T20:20:13.718-0300] {processor.py:830} INFO - Processing file /home/johnny/airflow/lib/python3.12/site-packages/airflow/example_dags/example_sensor_decorator.py for tasks to queue
[2024-07-07T20:20:13.721-0300] {logging_mixin.py:188} INFO - [2024-07-07T20:20:13.720-0300] {dagbag.py:545} INFO - Filling up the DagBag from /home/johnny/airflow/lib/python3.12/site-packages/airflow/example_dags/example_sensor_decorator.py
[2024-07-07T20:20:13.733-0300] {processor.py:840} INFO - DAG(s) 'example_sensor_decorator' retrieved from /home/johnny/airflow/lib/python3.12/site-packages/airflow/example_dags/example_sensor_decorator.py
[2024-07-07T20:20:13.769-0300] {logging_mixin.py:188} INFO - [2024-07-07T20:20:13.768-0300] {dag.py:3096} INFO - Sync 1 DAGs
[2024-07-07T20:20:13.791-0300] {logging_mixin.py:188} INFO - [2024-07-07T20:20:13.790-0300] {dag.py:3954} INFO - Setting next_dagrun for example_sensor_decorator to None, run_after=None
[2024-07-07T20:20:13.845-0300] {processor.py:183} INFO - Processing /home/johnny/airflow/lib/python3.12/site-packages/airflow/example_dags/example_sensor_decorator.py took 0.142 seconds
[2024-07-07T20:21:17.296-0300] {processor.py:161} INFO - Started process (PID=41177) to work on /home/johnny/airflow/lib/python3.12/site-packages/airflow/example_dags/example_sensor_decorator.py
[2024-07-07T20:21:17.300-0300] {processor.py:830} INFO - Processing file /home/johnny/airflow/lib/python3.12/site-packages/airflow/example_dags/example_sensor_decorator.py for tasks to queue
[2024-07-07T20:21:17.303-0300] {logging_mixin.py:188} INFO - [2024-07-07T20:21:17.301-0300] {dagbag.py:545} INFO - Filling up the DagBag from /home/johnny/airflow/lib/python3.12/site-packages/airflow/example_dags/example_sensor_decorator.py
[2024-07-07T20:21:17.332-0300] {processor.py:840} INFO - DAG(s) 'example_sensor_decorator' retrieved from /home/johnny/airflow/lib/python3.12/site-packages/airflow/example_dags/example_sensor_decorator.py
[2024-07-07T20:21:17.367-0300] {logging_mixin.py:188} INFO - [2024-07-07T20:21:17.367-0300] {dag.py:3096} INFO - Sync 1 DAGs
[2024-07-07T20:21:17.389-0300] {logging_mixin.py:188} INFO - [2024-07-07T20:21:17.388-0300] {dag.py:3954} INFO - Setting next_dagrun for example_sensor_decorator to None, run_after=None
[2024-07-07T20:21:17.442-0300] {processor.py:183} INFO - Processing /home/johnny/airflow/lib/python3.12/site-packages/airflow/example_dags/example_sensor_decorator.py took 0.160 seconds
[2024-07-07T20:22:20.739-0300] {processor.py:161} INFO - Started process (PID=41344) to work on /home/johnny/airflow/lib/python3.12/site-packages/airflow/example_dags/example_sensor_decorator.py
[2024-07-07T20:22:20.745-0300] {processor.py:830} INFO - Processing file /home/johnny/airflow/lib/python3.12/site-packages/airflow/example_dags/example_sensor_decorator.py for tasks to queue
[2024-07-07T20:22:20.746-0300] {logging_mixin.py:188} INFO - [2024-07-07T20:22:20.746-0300] {dagbag.py:545} INFO - Filling up the DagBag from /home/johnny/airflow/lib/python3.12/site-packages/airflow/example_dags/example_sensor_decorator.py
[2024-07-07T20:22:20.759-0300] {processor.py:840} INFO - DAG(s) 'example_sensor_decorator' retrieved from /home/johnny/airflow/lib/python3.12/site-packages/airflow/example_dags/example_sensor_decorator.py
[2024-07-07T20:22:20.795-0300] {logging_mixin.py:188} INFO - [2024-07-07T20:22:20.794-0300] {dag.py:3096} INFO - Sync 1 DAGs
[2024-07-07T20:22:20.825-0300] {logging_mixin.py:188} INFO - [2024-07-07T20:22:20.824-0300] {dag.py:3954} INFO - Setting next_dagrun for example_sensor_decorator to None, run_after=None
[2024-07-07T20:22:20.893-0300] {processor.py:183} INFO - Processing /home/johnny/airflow/lib/python3.12/site-packages/airflow/example_dags/example_sensor_decorator.py took 0.165 seconds
[2024-07-07T20:23:24.245-0300] {processor.py:161} INFO - Started process (PID=41516) to work on /home/johnny/airflow/lib/python3.12/site-packages/airflow/example_dags/example_sensor_decorator.py
[2024-07-07T20:23:24.251-0300] {processor.py:830} INFO - Processing file /home/johnny/airflow/lib/python3.12/site-packages/airflow/example_dags/example_sensor_decorator.py for tasks to queue
[2024-07-07T20:23:24.253-0300] {logging_mixin.py:188} INFO - [2024-07-07T20:23:24.252-0300] {dagbag.py:545} INFO - Filling up the DagBag from /home/johnny/airflow/lib/python3.12/site-packages/airflow/example_dags/example_sensor_decorator.py
[2024-07-07T20:23:24.265-0300] {processor.py:840} INFO - DAG(s) 'example_sensor_decorator' retrieved from /home/johnny/airflow/lib/python3.12/site-packages/airflow/example_dags/example_sensor_decorator.py
[2024-07-07T20:23:24.287-0300] {logging_mixin.py:188} INFO - [2024-07-07T20:23:24.286-0300] {dag.py:3096} INFO - Sync 1 DAGs
[2024-07-07T20:23:24.302-0300] {logging_mixin.py:188} INFO - [2024-07-07T20:23:24.302-0300] {dag.py:3954} INFO - Setting next_dagrun for example_sensor_decorator to None, run_after=None
[2024-07-07T20:23:24.345-0300] {processor.py:183} INFO - Processing /home/johnny/airflow/lib/python3.12/site-packages/airflow/example_dags/example_sensor_decorator.py took 0.112 seconds
[2024-07-07T20:24:28.454-0300] {processor.py:161} INFO - Started process (PID=41693) to work on /home/johnny/airflow/lib/python3.12/site-packages/airflow/example_dags/example_sensor_decorator.py
[2024-07-07T20:24:28.456-0300] {processor.py:830} INFO - Processing file /home/johnny/airflow/lib/python3.12/site-packages/airflow/example_dags/example_sensor_decorator.py for tasks to queue
[2024-07-07T20:24:28.458-0300] {logging_mixin.py:188} INFO - [2024-07-07T20:24:28.457-0300] {dagbag.py:545} INFO - Filling up the DagBag from /home/johnny/airflow/lib/python3.12/site-packages/airflow/example_dags/example_sensor_decorator.py
[2024-07-07T20:24:28.470-0300] {processor.py:840} INFO - DAG(s) 'example_sensor_decorator' retrieved from /home/johnny/airflow/lib/python3.12/site-packages/airflow/example_dags/example_sensor_decorator.py
[2024-07-07T20:24:28.498-0300] {logging_mixin.py:188} INFO - [2024-07-07T20:24:28.498-0300] {dag.py:3096} INFO - Sync 1 DAGs
[2024-07-07T20:24:28.516-0300] {logging_mixin.py:188} INFO - [2024-07-07T20:24:28.516-0300] {dag.py:3954} INFO - Setting next_dagrun for example_sensor_decorator to None, run_after=None
[2024-07-07T20:24:28.560-0300] {processor.py:183} INFO - Processing /home/johnny/airflow/lib/python3.12/site-packages/airflow/example_dags/example_sensor_decorator.py took 0.118 seconds
[2024-07-07T20:25:28.519-0300] {processor.py:161} INFO - Started process (PID=41846) to work on /home/johnny/airflow/lib/python3.12/site-packages/airflow/example_dags/example_sensor_decorator.py
[2024-07-07T20:25:28.521-0300] {processor.py:830} INFO - Processing file /home/johnny/airflow/lib/python3.12/site-packages/airflow/example_dags/example_sensor_decorator.py for tasks to queue
[2024-07-07T20:25:28.524-0300] {logging_mixin.py:188} INFO - [2024-07-07T20:25:28.523-0300] {dagbag.py:545} INFO - Filling up the DagBag from /home/johnny/airflow/lib/python3.12/site-packages/airflow/example_dags/example_sensor_decorator.py
[2024-07-07T20:25:28.537-0300] {processor.py:840} INFO - DAG(s) 'example_sensor_decorator' retrieved from /home/johnny/airflow/lib/python3.12/site-packages/airflow/example_dags/example_sensor_decorator.py
[2024-07-07T20:25:28.567-0300] {logging_mixin.py:188} INFO - [2024-07-07T20:25:28.567-0300] {dag.py:3096} INFO - Sync 1 DAGs
[2024-07-07T20:25:28.588-0300] {logging_mixin.py:188} INFO - [2024-07-07T20:25:28.588-0300] {dag.py:3954} INFO - Setting next_dagrun for example_sensor_decorator to None, run_after=None
[2024-07-07T20:25:28.677-0300] {processor.py:183} INFO - Processing /home/johnny/airflow/lib/python3.12/site-packages/airflow/example_dags/example_sensor_decorator.py took 0.169 seconds
[2024-07-07T20:26:27.895-0300] {processor.py:161} INFO - Started process (PID=42013) to work on /home/johnny/airflow/lib/python3.12/site-packages/airflow/example_dags/example_sensor_decorator.py
[2024-07-07T20:26:27.898-0300] {processor.py:830} INFO - Processing file /home/johnny/airflow/lib/python3.12/site-packages/airflow/example_dags/example_sensor_decorator.py for tasks to queue
[2024-07-07T20:26:27.900-0300] {logging_mixin.py:188} INFO - [2024-07-07T20:26:27.899-0300] {dagbag.py:545} INFO - Filling up the DagBag from /home/johnny/airflow/lib/python3.12/site-packages/airflow/example_dags/example_sensor_decorator.py
[2024-07-07T20:26:27.912-0300] {processor.py:840} INFO - DAG(s) 'example_sensor_decorator' retrieved from /home/johnny/airflow/lib/python3.12/site-packages/airflow/example_dags/example_sensor_decorator.py
[2024-07-07T20:26:27.943-0300] {logging_mixin.py:188} INFO - [2024-07-07T20:26:27.943-0300] {dag.py:3096} INFO - Sync 1 DAGs
[2024-07-07T20:26:27.973-0300] {logging_mixin.py:188} INFO - [2024-07-07T20:26:27.972-0300] {dag.py:3954} INFO - Setting next_dagrun for example_sensor_decorator to None, run_after=None
[2024-07-07T20:26:28.027-0300] {processor.py:183} INFO - Processing /home/johnny/airflow/lib/python3.12/site-packages/airflow/example_dags/example_sensor_decorator.py took 0.142 seconds
[2024-07-07T20:27:35.033-0300] {processor.py:161} INFO - Started process (PID=42193) to work on /home/johnny/airflow/lib/python3.12/site-packages/airflow/example_dags/example_sensor_decorator.py
[2024-07-07T20:27:35.036-0300] {processor.py:830} INFO - Processing file /home/johnny/airflow/lib/python3.12/site-packages/airflow/example_dags/example_sensor_decorator.py for tasks to queue
[2024-07-07T20:27:35.038-0300] {logging_mixin.py:188} INFO - [2024-07-07T20:27:35.037-0300] {dagbag.py:545} INFO - Filling up the DagBag from /home/johnny/airflow/lib/python3.12/site-packages/airflow/example_dags/example_sensor_decorator.py
[2024-07-07T20:27:35.051-0300] {processor.py:840} INFO - DAG(s) 'example_sensor_decorator' retrieved from /home/johnny/airflow/lib/python3.12/site-packages/airflow/example_dags/example_sensor_decorator.py
[2024-07-07T20:27:35.088-0300] {logging_mixin.py:188} INFO - [2024-07-07T20:27:35.088-0300] {dag.py:3096} INFO - Sync 1 DAGs
[2024-07-07T20:27:35.113-0300] {logging_mixin.py:188} INFO - [2024-07-07T20:27:35.113-0300] {dag.py:3954} INFO - Setting next_dagrun for example_sensor_decorator to None, run_after=None
[2024-07-07T20:27:35.158-0300] {processor.py:183} INFO - Processing /home/johnny/airflow/lib/python3.12/site-packages/airflow/example_dags/example_sensor_decorator.py took 0.154 seconds
[2024-07-07T20:28:46.790-0300] {processor.py:161} INFO - Started process (PID=42389) to work on /home/johnny/airflow/lib/python3.12/site-packages/airflow/example_dags/example_sensor_decorator.py
[2024-07-07T20:28:46.792-0300] {processor.py:830} INFO - Processing file /home/johnny/airflow/lib/python3.12/site-packages/airflow/example_dags/example_sensor_decorator.py for tasks to queue
[2024-07-07T20:28:46.795-0300] {logging_mixin.py:188} INFO - [2024-07-07T20:28:46.794-0300] {dagbag.py:545} INFO - Filling up the DagBag from /home/johnny/airflow/lib/python3.12/site-packages/airflow/example_dags/example_sensor_decorator.py
[2024-07-07T20:28:46.811-0300] {processor.py:840} INFO - DAG(s) 'example_sensor_decorator' retrieved from /home/johnny/airflow/lib/python3.12/site-packages/airflow/example_dags/example_sensor_decorator.py
[2024-07-07T20:28:46.845-0300] {logging_mixin.py:188} INFO - [2024-07-07T20:28:46.844-0300] {dag.py:3096} INFO - Sync 1 DAGs
[2024-07-07T20:28:46.866-0300] {logging_mixin.py:188} INFO - [2024-07-07T20:28:46.866-0300] {dag.py:3954} INFO - Setting next_dagrun for example_sensor_decorator to None, run_after=None
[2024-07-07T20:28:46.912-0300] {processor.py:183} INFO - Processing /home/johnny/airflow/lib/python3.12/site-packages/airflow/example_dags/example_sensor_decorator.py took 0.136 seconds
[2024-07-07T20:29:51.714-0300] {processor.py:161} INFO - Started process (PID=42567) to work on /home/johnny/airflow/lib/python3.12/site-packages/airflow/example_dags/example_sensor_decorator.py
[2024-07-07T20:29:51.720-0300] {processor.py:830} INFO - Processing file /home/johnny/airflow/lib/python3.12/site-packages/airflow/example_dags/example_sensor_decorator.py for tasks to queue
[2024-07-07T20:29:51.722-0300] {logging_mixin.py:188} INFO - [2024-07-07T20:29:51.721-0300] {dagbag.py:545} INFO - Filling up the DagBag from /home/johnny/airflow/lib/python3.12/site-packages/airflow/example_dags/example_sensor_decorator.py
[2024-07-07T20:29:51.734-0300] {processor.py:840} INFO - DAG(s) 'example_sensor_decorator' retrieved from /home/johnny/airflow/lib/python3.12/site-packages/airflow/example_dags/example_sensor_decorator.py
[2024-07-07T20:29:51.766-0300] {logging_mixin.py:188} INFO - [2024-07-07T20:29:51.765-0300] {dag.py:3096} INFO - Sync 1 DAGs
[2024-07-07T20:29:51.787-0300] {logging_mixin.py:188} INFO - [2024-07-07T20:29:51.786-0300] {dag.py:3954} INFO - Setting next_dagrun for example_sensor_decorator to None, run_after=None
[2024-07-07T20:29:51.832-0300] {processor.py:183} INFO - Processing /home/johnny/airflow/lib/python3.12/site-packages/airflow/example_dags/example_sensor_decorator.py took 0.129 seconds
[2024-07-07T20:30:57.521-0300] {processor.py:161} INFO - Started process (PID=42748) to work on /home/johnny/airflow/lib/python3.12/site-packages/airflow/example_dags/example_sensor_decorator.py
[2024-07-07T20:30:57.524-0300] {processor.py:830} INFO - Processing file /home/johnny/airflow/lib/python3.12/site-packages/airflow/example_dags/example_sensor_decorator.py for tasks to queue
[2024-07-07T20:30:57.526-0300] {logging_mixin.py:188} INFO - [2024-07-07T20:30:57.525-0300] {dagbag.py:545} INFO - Filling up the DagBag from /home/johnny/airflow/lib/python3.12/site-packages/airflow/example_dags/example_sensor_decorator.py
[2024-07-07T20:30:57.539-0300] {processor.py:840} INFO - DAG(s) 'example_sensor_decorator' retrieved from /home/johnny/airflow/lib/python3.12/site-packages/airflow/example_dags/example_sensor_decorator.py
[2024-07-07T20:30:57.572-0300] {logging_mixin.py:188} INFO - [2024-07-07T20:30:57.572-0300] {dag.py:3096} INFO - Sync 1 DAGs
[2024-07-07T20:30:57.597-0300] {logging_mixin.py:188} INFO - [2024-07-07T20:30:57.597-0300] {dag.py:3954} INFO - Setting next_dagrun for example_sensor_decorator to None, run_after=None
[2024-07-07T20:30:57.655-0300] {processor.py:183} INFO - Processing /home/johnny/airflow/lib/python3.12/site-packages/airflow/example_dags/example_sensor_decorator.py took 0.146 seconds
[2024-07-07T20:31:58.725-0300] {processor.py:161} INFO - Started process (PID=42920) to work on /home/johnny/airflow/lib/python3.12/site-packages/airflow/example_dags/example_sensor_decorator.py
[2024-07-07T20:31:58.727-0300] {processor.py:830} INFO - Processing file /home/johnny/airflow/lib/python3.12/site-packages/airflow/example_dags/example_sensor_decorator.py for tasks to queue
[2024-07-07T20:31:58.729-0300] {logging_mixin.py:188} INFO - [2024-07-07T20:31:58.728-0300] {dagbag.py:545} INFO - Filling up the DagBag from /home/johnny/airflow/lib/python3.12/site-packages/airflow/example_dags/example_sensor_decorator.py
[2024-07-07T20:31:58.742-0300] {processor.py:840} INFO - DAG(s) 'example_sensor_decorator' retrieved from /home/johnny/airflow/lib/python3.12/site-packages/airflow/example_dags/example_sensor_decorator.py
[2024-07-07T20:31:58.775-0300] {logging_mixin.py:188} INFO - [2024-07-07T20:31:58.775-0300] {dag.py:3096} INFO - Sync 1 DAGs
[2024-07-07T20:31:58.800-0300] {logging_mixin.py:188} INFO - [2024-07-07T20:31:58.800-0300] {dag.py:3954} INFO - Setting next_dagrun for example_sensor_decorator to None, run_after=None
[2024-07-07T20:31:58.845-0300] {processor.py:183} INFO - Processing /home/johnny/airflow/lib/python3.12/site-packages/airflow/example_dags/example_sensor_decorator.py took 0.134 seconds
[2024-07-07T20:33:13.980-0300] {processor.py:161} INFO - Started process (PID=43137) to work on /home/johnny/airflow/lib/python3.12/site-packages/airflow/example_dags/example_sensor_decorator.py
[2024-07-07T20:33:13.986-0300] {processor.py:830} INFO - Processing file /home/johnny/airflow/lib/python3.12/site-packages/airflow/example_dags/example_sensor_decorator.py for tasks to queue
[2024-07-07T20:33:13.989-0300] {logging_mixin.py:188} INFO - [2024-07-07T20:33:13.988-0300] {dagbag.py:545} INFO - Filling up the DagBag from /home/johnny/airflow/lib/python3.12/site-packages/airflow/example_dags/example_sensor_decorator.py
[2024-07-07T20:33:14.007-0300] {processor.py:840} INFO - DAG(s) 'example_sensor_decorator' retrieved from /home/johnny/airflow/lib/python3.12/site-packages/airflow/example_dags/example_sensor_decorator.py
[2024-07-07T20:33:14.044-0300] {logging_mixin.py:188} INFO - [2024-07-07T20:33:14.044-0300] {dag.py:3096} INFO - Sync 1 DAGs
[2024-07-07T20:33:14.072-0300] {logging_mixin.py:188} INFO - [2024-07-07T20:33:14.071-0300] {dag.py:3954} INFO - Setting next_dagrun for example_sensor_decorator to None, run_after=None
[2024-07-07T20:33:14.168-0300] {processor.py:183} INFO - Processing /home/johnny/airflow/lib/python3.12/site-packages/airflow/example_dags/example_sensor_decorator.py took 0.209 seconds
[2024-07-07T20:34:36.499-0300] {processor.py:161} INFO - Started process (PID=43382) to work on /home/johnny/airflow/lib/python3.12/site-packages/airflow/example_dags/example_sensor_decorator.py
[2024-07-07T20:34:36.502-0300] {processor.py:830} INFO - Processing file /home/johnny/airflow/lib/python3.12/site-packages/airflow/example_dags/example_sensor_decorator.py for tasks to queue
[2024-07-07T20:34:36.504-0300] {logging_mixin.py:188} INFO - [2024-07-07T20:34:36.503-0300] {dagbag.py:545} INFO - Filling up the DagBag from /home/johnny/airflow/lib/python3.12/site-packages/airflow/example_dags/example_sensor_decorator.py
[2024-07-07T20:34:36.521-0300] {processor.py:840} INFO - DAG(s) 'example_sensor_decorator' retrieved from /home/johnny/airflow/lib/python3.12/site-packages/airflow/example_dags/example_sensor_decorator.py
[2024-07-07T20:34:36.554-0300] {logging_mixin.py:188} INFO - [2024-07-07T20:34:36.553-0300] {dag.py:3096} INFO - Sync 1 DAGs
[2024-07-07T20:34:36.574-0300] {logging_mixin.py:188} INFO - [2024-07-07T20:34:36.574-0300] {dag.py:3954} INFO - Setting next_dagrun for example_sensor_decorator to None, run_after=None
[2024-07-07T20:34:36.625-0300] {processor.py:183} INFO - Processing /home/johnny/airflow/lib/python3.12/site-packages/airflow/example_dags/example_sensor_decorator.py took 0.143 seconds
[2024-07-07T20:35:39.386-0300] {processor.py:161} INFO - Started process (PID=43550) to work on /home/johnny/airflow/lib/python3.12/site-packages/airflow/example_dags/example_sensor_decorator.py
[2024-07-07T20:35:39.392-0300] {processor.py:830} INFO - Processing file /home/johnny/airflow/lib/python3.12/site-packages/airflow/example_dags/example_sensor_decorator.py for tasks to queue
[2024-07-07T20:35:39.394-0300] {logging_mixin.py:188} INFO - [2024-07-07T20:35:39.393-0300] {dagbag.py:545} INFO - Filling up the DagBag from /home/johnny/airflow/lib/python3.12/site-packages/airflow/example_dags/example_sensor_decorator.py
[2024-07-07T20:35:39.409-0300] {processor.py:840} INFO - DAG(s) 'example_sensor_decorator' retrieved from /home/johnny/airflow/lib/python3.12/site-packages/airflow/example_dags/example_sensor_decorator.py
[2024-07-07T20:35:39.437-0300] {logging_mixin.py:188} INFO - [2024-07-07T20:35:39.437-0300] {dag.py:3096} INFO - Sync 1 DAGs
[2024-07-07T20:35:39.457-0300] {logging_mixin.py:188} INFO - [2024-07-07T20:35:39.456-0300] {dag.py:3954} INFO - Setting next_dagrun for example_sensor_decorator to None, run_after=None
[2024-07-07T20:35:39.500-0300] {processor.py:183} INFO - Processing /home/johnny/airflow/lib/python3.12/site-packages/airflow/example_dags/example_sensor_decorator.py took 0.125 seconds
[2024-07-07T20:36:43.031-0300] {processor.py:161} INFO - Started process (PID=43719) to work on /home/johnny/airflow/lib/python3.12/site-packages/airflow/example_dags/example_sensor_decorator.py
[2024-07-07T20:36:43.034-0300] {processor.py:830} INFO - Processing file /home/johnny/airflow/lib/python3.12/site-packages/airflow/example_dags/example_sensor_decorator.py for tasks to queue
[2024-07-07T20:36:43.037-0300] {logging_mixin.py:188} INFO - [2024-07-07T20:36:43.036-0300] {dagbag.py:545} INFO - Filling up the DagBag from /home/johnny/airflow/lib/python3.12/site-packages/airflow/example_dags/example_sensor_decorator.py
[2024-07-07T20:36:43.054-0300] {processor.py:840} INFO - DAG(s) 'example_sensor_decorator' retrieved from /home/johnny/airflow/lib/python3.12/site-packages/airflow/example_dags/example_sensor_decorator.py
[2024-07-07T20:36:43.094-0300] {logging_mixin.py:188} INFO - [2024-07-07T20:36:43.093-0300] {dag.py:3096} INFO - Sync 1 DAGs
[2024-07-07T20:36:43.125-0300] {logging_mixin.py:188} INFO - [2024-07-07T20:36:43.124-0300] {dag.py:3954} INFO - Setting next_dagrun for example_sensor_decorator to None, run_after=None
[2024-07-07T20:36:43.171-0300] {processor.py:183} INFO - Processing /home/johnny/airflow/lib/python3.12/site-packages/airflow/example_dags/example_sensor_decorator.py took 0.156 seconds
[2024-07-07T20:37:47.973-0300] {processor.py:161} INFO - Started process (PID=43897) to work on /home/johnny/airflow/lib/python3.12/site-packages/airflow/example_dags/example_sensor_decorator.py
[2024-07-07T20:37:47.975-0300] {processor.py:830} INFO - Processing file /home/johnny/airflow/lib/python3.12/site-packages/airflow/example_dags/example_sensor_decorator.py for tasks to queue
[2024-07-07T20:37:47.977-0300] {logging_mixin.py:188} INFO - [2024-07-07T20:37:47.976-0300] {dagbag.py:545} INFO - Filling up the DagBag from /home/johnny/airflow/lib/python3.12/site-packages/airflow/example_dags/example_sensor_decorator.py
[2024-07-07T20:37:47.990-0300] {processor.py:840} INFO - DAG(s) 'example_sensor_decorator' retrieved from /home/johnny/airflow/lib/python3.12/site-packages/airflow/example_dags/example_sensor_decorator.py
[2024-07-07T20:37:48.020-0300] {logging_mixin.py:188} INFO - [2024-07-07T20:37:48.019-0300] {dag.py:3096} INFO - Sync 1 DAGs
[2024-07-07T20:37:48.050-0300] {logging_mixin.py:188} INFO - [2024-07-07T20:37:48.049-0300] {dag.py:3954} INFO - Setting next_dagrun for example_sensor_decorator to None, run_after=None
[2024-07-07T20:37:48.096-0300] {processor.py:183} INFO - Processing /home/johnny/airflow/lib/python3.12/site-packages/airflow/example_dags/example_sensor_decorator.py took 0.134 seconds
[2024-07-07T20:38:47.837-0300] {processor.py:161} INFO - Started process (PID=44058) to work on /home/johnny/airflow/lib/python3.12/site-packages/airflow/example_dags/example_sensor_decorator.py
[2024-07-07T20:38:47.842-0300] {processor.py:830} INFO - Processing file /home/johnny/airflow/lib/python3.12/site-packages/airflow/example_dags/example_sensor_decorator.py for tasks to queue
[2024-07-07T20:38:47.844-0300] {logging_mixin.py:188} INFO - [2024-07-07T20:38:47.843-0300] {dagbag.py:545} INFO - Filling up the DagBag from /home/johnny/airflow/lib/python3.12/site-packages/airflow/example_dags/example_sensor_decorator.py
[2024-07-07T20:38:47.857-0300] {processor.py:840} INFO - DAG(s) 'example_sensor_decorator' retrieved from /home/johnny/airflow/lib/python3.12/site-packages/airflow/example_dags/example_sensor_decorator.py
[2024-07-07T20:38:47.892-0300] {logging_mixin.py:188} INFO - [2024-07-07T20:38:47.891-0300] {dag.py:3096} INFO - Sync 1 DAGs
[2024-07-07T20:38:47.915-0300] {logging_mixin.py:188} INFO - [2024-07-07T20:38:47.914-0300] {dag.py:3954} INFO - Setting next_dagrun for example_sensor_decorator to None, run_after=None
[2024-07-07T20:38:47.966-0300] {processor.py:183} INFO - Processing /home/johnny/airflow/lib/python3.12/site-packages/airflow/example_dags/example_sensor_decorator.py took 0.139 seconds
[2024-07-07T20:39:57.453-0300] {processor.py:161} INFO - Started process (PID=44241) to work on /home/johnny/airflow/lib/python3.12/site-packages/airflow/example_dags/example_sensor_decorator.py
[2024-07-07T20:39:57.456-0300] {processor.py:830} INFO - Processing file /home/johnny/airflow/lib/python3.12/site-packages/airflow/example_dags/example_sensor_decorator.py for tasks to queue
[2024-07-07T20:39:57.458-0300] {logging_mixin.py:188} INFO - [2024-07-07T20:39:57.457-0300] {dagbag.py:545} INFO - Filling up the DagBag from /home/johnny/airflow/lib/python3.12/site-packages/airflow/example_dags/example_sensor_decorator.py
[2024-07-07T20:39:57.469-0300] {processor.py:840} INFO - DAG(s) 'example_sensor_decorator' retrieved from /home/johnny/airflow/lib/python3.12/site-packages/airflow/example_dags/example_sensor_decorator.py
[2024-07-07T20:39:57.514-0300] {logging_mixin.py:188} INFO - [2024-07-07T20:39:57.513-0300] {dag.py:3096} INFO - Sync 1 DAGs
[2024-07-07T20:39:57.538-0300] {logging_mixin.py:188} INFO - [2024-07-07T20:39:57.537-0300] {dag.py:3954} INFO - Setting next_dagrun for example_sensor_decorator to None, run_after=None
[2024-07-07T20:39:57.592-0300] {processor.py:183} INFO - Processing /home/johnny/airflow/lib/python3.12/site-packages/airflow/example_dags/example_sensor_decorator.py took 0.151 seconds
[2024-07-07T20:41:04.470-0300] {processor.py:161} INFO - Started process (PID=44422) to work on /home/johnny/airflow/lib/python3.12/site-packages/airflow/example_dags/example_sensor_decorator.py
[2024-07-07T20:41:04.474-0300] {processor.py:830} INFO - Processing file /home/johnny/airflow/lib/python3.12/site-packages/airflow/example_dags/example_sensor_decorator.py for tasks to queue
[2024-07-07T20:41:04.476-0300] {logging_mixin.py:188} INFO - [2024-07-07T20:41:04.475-0300] {dagbag.py:545} INFO - Filling up the DagBag from /home/johnny/airflow/lib/python3.12/site-packages/airflow/example_dags/example_sensor_decorator.py
[2024-07-07T20:41:04.492-0300] {processor.py:840} INFO - DAG(s) 'example_sensor_decorator' retrieved from /home/johnny/airflow/lib/python3.12/site-packages/airflow/example_dags/example_sensor_decorator.py
[2024-07-07T20:41:04.523-0300] {logging_mixin.py:188} INFO - [2024-07-07T20:41:04.523-0300] {dag.py:3096} INFO - Sync 1 DAGs
[2024-07-07T20:41:04.551-0300] {logging_mixin.py:188} INFO - [2024-07-07T20:41:04.551-0300] {dag.py:3954} INFO - Setting next_dagrun for example_sensor_decorator to None, run_after=None
[2024-07-07T20:41:04.607-0300] {processor.py:183} INFO - Processing /home/johnny/airflow/lib/python3.12/site-packages/airflow/example_dags/example_sensor_decorator.py took 0.150 seconds
[2024-07-07T20:42:14.919-0300] {processor.py:161} INFO - Started process (PID=44615) to work on /home/johnny/airflow/lib/python3.12/site-packages/airflow/example_dags/example_sensor_decorator.py
[2024-07-07T20:42:14.925-0300] {processor.py:830} INFO - Processing file /home/johnny/airflow/lib/python3.12/site-packages/airflow/example_dags/example_sensor_decorator.py for tasks to queue
[2024-07-07T20:42:14.927-0300] {logging_mixin.py:188} INFO - [2024-07-07T20:42:14.926-0300] {dagbag.py:545} INFO - Filling up the DagBag from /home/johnny/airflow/lib/python3.12/site-packages/airflow/example_dags/example_sensor_decorator.py
[2024-07-07T20:42:14.940-0300] {processor.py:840} INFO - DAG(s) 'example_sensor_decorator' retrieved from /home/johnny/airflow/lib/python3.12/site-packages/airflow/example_dags/example_sensor_decorator.py
[2024-07-07T20:42:14.974-0300] {logging_mixin.py:188} INFO - [2024-07-07T20:42:14.973-0300] {dag.py:3096} INFO - Sync 1 DAGs
[2024-07-07T20:42:15.000-0300] {logging_mixin.py:188} INFO - [2024-07-07T20:42:15.000-0300] {dag.py:3954} INFO - Setting next_dagrun for example_sensor_decorator to None, run_after=None
[2024-07-07T20:42:15.057-0300] {processor.py:183} INFO - Processing /home/johnny/airflow/lib/python3.12/site-packages/airflow/example_dags/example_sensor_decorator.py took 0.149 seconds
[2024-07-07T20:43:18.668-0300] {processor.py:161} INFO - Started process (PID=44784) to work on /home/johnny/airflow/lib/python3.12/site-packages/airflow/example_dags/example_sensor_decorator.py
[2024-07-07T20:43:18.674-0300] {processor.py:830} INFO - Processing file /home/johnny/airflow/lib/python3.12/site-packages/airflow/example_dags/example_sensor_decorator.py for tasks to queue
[2024-07-07T20:43:18.676-0300] {logging_mixin.py:188} INFO - [2024-07-07T20:43:18.675-0300] {dagbag.py:545} INFO - Filling up the DagBag from /home/johnny/airflow/lib/python3.12/site-packages/airflow/example_dags/example_sensor_decorator.py
[2024-07-07T20:43:18.691-0300] {processor.py:840} INFO - DAG(s) 'example_sensor_decorator' retrieved from /home/johnny/airflow/lib/python3.12/site-packages/airflow/example_dags/example_sensor_decorator.py
[2024-07-07T20:43:18.723-0300] {logging_mixin.py:188} INFO - [2024-07-07T20:43:18.723-0300] {dag.py:3096} INFO - Sync 1 DAGs
[2024-07-07T20:43:18.754-0300] {logging_mixin.py:188} INFO - [2024-07-07T20:43:18.753-0300] {dag.py:3954} INFO - Setting next_dagrun for example_sensor_decorator to None, run_after=None
[2024-07-07T20:43:18.824-0300] {processor.py:183} INFO - Processing /home/johnny/airflow/lib/python3.12/site-packages/airflow/example_dags/example_sensor_decorator.py took 0.167 seconds
[2024-07-07T20:44:25.778-0300] {processor.py:161} INFO - Started process (PID=44967) to work on /home/johnny/airflow/lib/python3.12/site-packages/airflow/example_dags/example_sensor_decorator.py
[2024-07-07T20:44:25.784-0300] {processor.py:830} INFO - Processing file /home/johnny/airflow/lib/python3.12/site-packages/airflow/example_dags/example_sensor_decorator.py for tasks to queue
[2024-07-07T20:44:25.787-0300] {logging_mixin.py:188} INFO - [2024-07-07T20:44:25.786-0300] {dagbag.py:545} INFO - Filling up the DagBag from /home/johnny/airflow/lib/python3.12/site-packages/airflow/example_dags/example_sensor_decorator.py
[2024-07-07T20:44:25.803-0300] {processor.py:840} INFO - DAG(s) 'example_sensor_decorator' retrieved from /home/johnny/airflow/lib/python3.12/site-packages/airflow/example_dags/example_sensor_decorator.py
[2024-07-07T20:44:25.838-0300] {logging_mixin.py:188} INFO - [2024-07-07T20:44:25.838-0300] {dag.py:3096} INFO - Sync 1 DAGs
[2024-07-07T20:44:25.873-0300] {logging_mixin.py:188} INFO - [2024-07-07T20:44:25.873-0300] {dag.py:3954} INFO - Setting next_dagrun for example_sensor_decorator to None, run_after=None
[2024-07-07T20:44:25.938-0300] {processor.py:183} INFO - Processing /home/johnny/airflow/lib/python3.12/site-packages/airflow/example_dags/example_sensor_decorator.py took 0.171 seconds
[2024-07-07T20:45:34.174-0300] {processor.py:161} INFO - Started process (PID=45154) to work on /home/johnny/airflow/lib/python3.12/site-packages/airflow/example_dags/example_sensor_decorator.py
[2024-07-07T20:45:34.180-0300] {processor.py:830} INFO - Processing file /home/johnny/airflow/lib/python3.12/site-packages/airflow/example_dags/example_sensor_decorator.py for tasks to queue
[2024-07-07T20:45:34.182-0300] {logging_mixin.py:188} INFO - [2024-07-07T20:45:34.181-0300] {dagbag.py:545} INFO - Filling up the DagBag from /home/johnny/airflow/lib/python3.12/site-packages/airflow/example_dags/example_sensor_decorator.py
[2024-07-07T20:45:34.197-0300] {processor.py:840} INFO - DAG(s) 'example_sensor_decorator' retrieved from /home/johnny/airflow/lib/python3.12/site-packages/airflow/example_dags/example_sensor_decorator.py
[2024-07-07T20:45:34.241-0300] {logging_mixin.py:188} INFO - [2024-07-07T20:45:34.241-0300] {dag.py:3096} INFO - Sync 1 DAGs
[2024-07-07T20:45:34.287-0300] {logging_mixin.py:188} INFO - [2024-07-07T20:45:34.287-0300] {dag.py:3954} INFO - Setting next_dagrun for example_sensor_decorator to None, run_after=None
[2024-07-07T20:45:34.356-0300] {processor.py:183} INFO - Processing /home/johnny/airflow/lib/python3.12/site-packages/airflow/example_dags/example_sensor_decorator.py took 0.192 seconds
[2024-07-07T20:46:40.307-0300] {processor.py:161} INFO - Started process (PID=45330) to work on /home/johnny/airflow/lib/python3.12/site-packages/airflow/example_dags/example_sensor_decorator.py
[2024-07-07T20:46:40.313-0300] {processor.py:830} INFO - Processing file /home/johnny/airflow/lib/python3.12/site-packages/airflow/example_dags/example_sensor_decorator.py for tasks to queue
[2024-07-07T20:46:40.317-0300] {logging_mixin.py:188} INFO - [2024-07-07T20:46:40.316-0300] {dagbag.py:545} INFO - Filling up the DagBag from /home/johnny/airflow/lib/python3.12/site-packages/airflow/example_dags/example_sensor_decorator.py
[2024-07-07T20:46:40.334-0300] {processor.py:840} INFO - DAG(s) 'example_sensor_decorator' retrieved from /home/johnny/airflow/lib/python3.12/site-packages/airflow/example_dags/example_sensor_decorator.py
[2024-07-07T20:46:40.382-0300] {logging_mixin.py:188} INFO - [2024-07-07T20:46:40.382-0300] {dag.py:3096} INFO - Sync 1 DAGs
[2024-07-07T20:46:40.429-0300] {logging_mixin.py:188} INFO - [2024-07-07T20:46:40.428-0300] {dag.py:3954} INFO - Setting next_dagrun for example_sensor_decorator to None, run_after=None
[2024-07-07T20:46:40.500-0300] {processor.py:183} INFO - Processing /home/johnny/airflow/lib/python3.12/site-packages/airflow/example_dags/example_sensor_decorator.py took 0.207 seconds
[2024-07-07T20:47:44.995-0300] {processor.py:161} INFO - Started process (PID=45508) to work on /home/johnny/airflow/lib/python3.12/site-packages/airflow/example_dags/example_sensor_decorator.py
[2024-07-07T20:47:44.997-0300] {processor.py:830} INFO - Processing file /home/johnny/airflow/lib/python3.12/site-packages/airflow/example_dags/example_sensor_decorator.py for tasks to queue
[2024-07-07T20:47:44.999-0300] {logging_mixin.py:188} INFO - [2024-07-07T20:47:44.998-0300] {dagbag.py:545} INFO - Filling up the DagBag from /home/johnny/airflow/lib/python3.12/site-packages/airflow/example_dags/example_sensor_decorator.py
[2024-07-07T20:47:45.011-0300] {processor.py:840} INFO - DAG(s) 'example_sensor_decorator' retrieved from /home/johnny/airflow/lib/python3.12/site-packages/airflow/example_dags/example_sensor_decorator.py
[2024-07-07T20:47:45.044-0300] {logging_mixin.py:188} INFO - [2024-07-07T20:47:45.044-0300] {dag.py:3096} INFO - Sync 1 DAGs
[2024-07-07T20:47:45.068-0300] {logging_mixin.py:188} INFO - [2024-07-07T20:47:45.068-0300] {dag.py:3954} INFO - Setting next_dagrun for example_sensor_decorator to None, run_after=None
[2024-07-07T20:47:45.115-0300] {processor.py:183} INFO - Processing /home/johnny/airflow/lib/python3.12/site-packages/airflow/example_dags/example_sensor_decorator.py took 0.132 seconds
[2024-07-07T20:48:53.036-0300] {processor.py:161} INFO - Started process (PID=45689) to work on /home/johnny/airflow/lib/python3.12/site-packages/airflow/example_dags/example_sensor_decorator.py
[2024-07-07T20:48:53.039-0300] {processor.py:830} INFO - Processing file /home/johnny/airflow/lib/python3.12/site-packages/airflow/example_dags/example_sensor_decorator.py for tasks to queue
[2024-07-07T20:48:53.041-0300] {logging_mixin.py:188} INFO - [2024-07-07T20:48:53.040-0300] {dagbag.py:545} INFO - Filling up the DagBag from /home/johnny/airflow/lib/python3.12/site-packages/airflow/example_dags/example_sensor_decorator.py
[2024-07-07T20:48:53.057-0300] {processor.py:840} INFO - DAG(s) 'example_sensor_decorator' retrieved from /home/johnny/airflow/lib/python3.12/site-packages/airflow/example_dags/example_sensor_decorator.py
[2024-07-07T20:48:53.102-0300] {logging_mixin.py:188} INFO - [2024-07-07T20:48:53.101-0300] {dag.py:3096} INFO - Sync 1 DAGs
[2024-07-07T20:48:53.137-0300] {logging_mixin.py:188} INFO - [2024-07-07T20:48:53.136-0300] {dag.py:3954} INFO - Setting next_dagrun for example_sensor_decorator to None, run_after=None
[2024-07-07T20:48:53.183-0300] {processor.py:183} INFO - Processing /home/johnny/airflow/lib/python3.12/site-packages/airflow/example_dags/example_sensor_decorator.py took 0.160 seconds
[2024-07-07T20:50:03.776-0300] {processor.py:161} INFO - Started process (PID=45875) to work on /home/johnny/airflow/lib/python3.12/site-packages/airflow/example_dags/example_sensor_decorator.py
[2024-07-07T20:50:03.781-0300] {processor.py:830} INFO - Processing file /home/johnny/airflow/lib/python3.12/site-packages/airflow/example_dags/example_sensor_decorator.py for tasks to queue
[2024-07-07T20:50:03.783-0300] {logging_mixin.py:188} INFO - [2024-07-07T20:50:03.783-0300] {dagbag.py:545} INFO - Filling up the DagBag from /home/johnny/airflow/lib/python3.12/site-packages/airflow/example_dags/example_sensor_decorator.py
[2024-07-07T20:50:03.796-0300] {processor.py:840} INFO - DAG(s) 'example_sensor_decorator' retrieved from /home/johnny/airflow/lib/python3.12/site-packages/airflow/example_dags/example_sensor_decorator.py
[2024-07-07T20:50:03.826-0300] {logging_mixin.py:188} INFO - [2024-07-07T20:50:03.826-0300] {dag.py:3096} INFO - Sync 1 DAGs
[2024-07-07T20:50:03.854-0300] {logging_mixin.py:188} INFO - [2024-07-07T20:50:03.853-0300] {dag.py:3954} INFO - Setting next_dagrun for example_sensor_decorator to None, run_after=None
[2024-07-07T20:50:03.920-0300] {processor.py:183} INFO - Processing /home/johnny/airflow/lib/python3.12/site-packages/airflow/example_dags/example_sensor_decorator.py took 0.157 seconds
[2024-07-07T20:51:15.495-0300] {processor.py:161} INFO - Started process (PID=46060) to work on /home/johnny/airflow/lib/python3.12/site-packages/airflow/example_dags/example_sensor_decorator.py
[2024-07-07T20:51:15.501-0300] {processor.py:830} INFO - Processing file /home/johnny/airflow/lib/python3.12/site-packages/airflow/example_dags/example_sensor_decorator.py for tasks to queue
[2024-07-07T20:51:15.504-0300] {logging_mixin.py:188} INFO - [2024-07-07T20:51:15.503-0300] {dagbag.py:545} INFO - Filling up the DagBag from /home/johnny/airflow/lib/python3.12/site-packages/airflow/example_dags/example_sensor_decorator.py
[2024-07-07T20:51:15.519-0300] {processor.py:840} INFO - DAG(s) 'example_sensor_decorator' retrieved from /home/johnny/airflow/lib/python3.12/site-packages/airflow/example_dags/example_sensor_decorator.py
[2024-07-07T20:51:15.561-0300] {logging_mixin.py:188} INFO - [2024-07-07T20:51:15.560-0300] {dag.py:3096} INFO - Sync 1 DAGs
[2024-07-07T20:51:15.594-0300] {logging_mixin.py:188} INFO - [2024-07-07T20:51:15.594-0300] {dag.py:3954} INFO - Setting next_dagrun for example_sensor_decorator to None, run_after=None
[2024-07-07T20:51:15.648-0300] {processor.py:183} INFO - Processing /home/johnny/airflow/lib/python3.12/site-packages/airflow/example_dags/example_sensor_decorator.py took 0.165 seconds
[2024-07-07T20:52:26.683-0300] {processor.py:161} INFO - Started process (PID=46254) to work on /home/johnny/airflow/lib/python3.12/site-packages/airflow/example_dags/example_sensor_decorator.py
[2024-07-07T20:52:26.688-0300] {processor.py:830} INFO - Processing file /home/johnny/airflow/lib/python3.12/site-packages/airflow/example_dags/example_sensor_decorator.py for tasks to queue
[2024-07-07T20:52:26.690-0300] {logging_mixin.py:188} INFO - [2024-07-07T20:52:26.690-0300] {dagbag.py:545} INFO - Filling up the DagBag from /home/johnny/airflow/lib/python3.12/site-packages/airflow/example_dags/example_sensor_decorator.py
[2024-07-07T20:52:26.703-0300] {processor.py:840} INFO - DAG(s) 'example_sensor_decorator' retrieved from /home/johnny/airflow/lib/python3.12/site-packages/airflow/example_dags/example_sensor_decorator.py
[2024-07-07T20:52:26.737-0300] {logging_mixin.py:188} INFO - [2024-07-07T20:52:26.736-0300] {dag.py:3096} INFO - Sync 1 DAGs
[2024-07-07T20:52:26.761-0300] {logging_mixin.py:188} INFO - [2024-07-07T20:52:26.761-0300] {dag.py:3954} INFO - Setting next_dagrun for example_sensor_decorator to None, run_after=None
[2024-07-07T20:52:26.798-0300] {processor.py:183} INFO - Processing /home/johnny/airflow/lib/python3.12/site-packages/airflow/example_dags/example_sensor_decorator.py took 0.127 seconds
[2024-07-07T20:53:30.849-0300] {processor.py:161} INFO - Started process (PID=46422) to work on /home/johnny/airflow/lib/python3.12/site-packages/airflow/example_dags/example_sensor_decorator.py
[2024-07-07T20:53:30.855-0300] {processor.py:830} INFO - Processing file /home/johnny/airflow/lib/python3.12/site-packages/airflow/example_dags/example_sensor_decorator.py for tasks to queue
[2024-07-07T20:53:30.857-0300] {logging_mixin.py:188} INFO - [2024-07-07T20:53:30.856-0300] {dagbag.py:545} INFO - Filling up the DagBag from /home/johnny/airflow/lib/python3.12/site-packages/airflow/example_dags/example_sensor_decorator.py
[2024-07-07T20:53:30.871-0300] {processor.py:840} INFO - DAG(s) 'example_sensor_decorator' retrieved from /home/johnny/airflow/lib/python3.12/site-packages/airflow/example_dags/example_sensor_decorator.py
[2024-07-07T20:53:30.925-0300] {logging_mixin.py:188} INFO - [2024-07-07T20:53:30.925-0300] {dag.py:3096} INFO - Sync 1 DAGs
[2024-07-07T20:53:30.968-0300] {logging_mixin.py:188} INFO - [2024-07-07T20:53:30.967-0300] {dag.py:3954} INFO - Setting next_dagrun for example_sensor_decorator to None, run_after=None
[2024-07-07T20:53:31.017-0300] {processor.py:183} INFO - Processing /home/johnny/airflow/lib/python3.12/site-packages/airflow/example_dags/example_sensor_decorator.py took 0.183 seconds
[2024-07-07T20:54:40.349-0300] {processor.py:161} INFO - Started process (PID=46606) to work on /home/johnny/airflow/lib/python3.12/site-packages/airflow/example_dags/example_sensor_decorator.py
[2024-07-07T20:54:40.352-0300] {processor.py:830} INFO - Processing file /home/johnny/airflow/lib/python3.12/site-packages/airflow/example_dags/example_sensor_decorator.py for tasks to queue
[2024-07-07T20:54:40.355-0300] {logging_mixin.py:188} INFO - [2024-07-07T20:54:40.353-0300] {dagbag.py:545} INFO - Filling up the DagBag from /home/johnny/airflow/lib/python3.12/site-packages/airflow/example_dags/example_sensor_decorator.py
[2024-07-07T20:54:40.373-0300] {processor.py:840} INFO - DAG(s) 'example_sensor_decorator' retrieved from /home/johnny/airflow/lib/python3.12/site-packages/airflow/example_dags/example_sensor_decorator.py
[2024-07-07T20:54:40.430-0300] {logging_mixin.py:188} INFO - [2024-07-07T20:54:40.429-0300] {dag.py:3096} INFO - Sync 1 DAGs
[2024-07-07T20:54:40.462-0300] {logging_mixin.py:188} INFO - [2024-07-07T20:54:40.461-0300] {dag.py:3954} INFO - Setting next_dagrun for example_sensor_decorator to None, run_after=None
[2024-07-07T20:54:40.533-0300] {processor.py:183} INFO - Processing /home/johnny/airflow/lib/python3.12/site-packages/airflow/example_dags/example_sensor_decorator.py took 0.199 seconds
[2024-07-07T20:55:47.949-0300] {processor.py:161} INFO - Started process (PID=46788) to work on /home/johnny/airflow/lib/python3.12/site-packages/airflow/example_dags/example_sensor_decorator.py
[2024-07-07T20:55:47.952-0300] {processor.py:830} INFO - Processing file /home/johnny/airflow/lib/python3.12/site-packages/airflow/example_dags/example_sensor_decorator.py for tasks to queue
[2024-07-07T20:55:47.954-0300] {logging_mixin.py:188} INFO - [2024-07-07T20:55:47.953-0300] {dagbag.py:545} INFO - Filling up the DagBag from /home/johnny/airflow/lib/python3.12/site-packages/airflow/example_dags/example_sensor_decorator.py
[2024-07-07T20:55:47.971-0300] {processor.py:840} INFO - DAG(s) 'example_sensor_decorator' retrieved from /home/johnny/airflow/lib/python3.12/site-packages/airflow/example_dags/example_sensor_decorator.py
[2024-07-07T20:55:48.005-0300] {logging_mixin.py:188} INFO - [2024-07-07T20:55:48.005-0300] {dag.py:3096} INFO - Sync 1 DAGs
[2024-07-07T20:55:48.030-0300] {logging_mixin.py:188} INFO - [2024-07-07T20:55:48.029-0300] {dag.py:3954} INFO - Setting next_dagrun for example_sensor_decorator to None, run_after=None
[2024-07-07T20:55:48.085-0300] {processor.py:183} INFO - Processing /home/johnny/airflow/lib/python3.12/site-packages/airflow/example_dags/example_sensor_decorator.py took 0.150 seconds
[2024-07-07T20:56:56.640-0300] {processor.py:161} INFO - Started process (PID=46973) to work on /home/johnny/airflow/lib/python3.12/site-packages/airflow/example_dags/example_sensor_decorator.py
[2024-07-07T20:56:56.646-0300] {processor.py:830} INFO - Processing file /home/johnny/airflow/lib/python3.12/site-packages/airflow/example_dags/example_sensor_decorator.py for tasks to queue
[2024-07-07T20:56:56.649-0300] {logging_mixin.py:188} INFO - [2024-07-07T20:56:56.648-0300] {dagbag.py:545} INFO - Filling up the DagBag from /home/johnny/airflow/lib/python3.12/site-packages/airflow/example_dags/example_sensor_decorator.py
[2024-07-07T20:56:56.665-0300] {processor.py:840} INFO - DAG(s) 'example_sensor_decorator' retrieved from /home/johnny/airflow/lib/python3.12/site-packages/airflow/example_dags/example_sensor_decorator.py
[2024-07-07T20:56:56.709-0300] {logging_mixin.py:188} INFO - [2024-07-07T20:56:56.708-0300] {dag.py:3096} INFO - Sync 1 DAGs
[2024-07-07T20:56:56.742-0300] {logging_mixin.py:188} INFO - [2024-07-07T20:56:56.742-0300] {dag.py:3954} INFO - Setting next_dagrun for example_sensor_decorator to None, run_after=None
[2024-07-07T20:56:56.795-0300] {processor.py:183} INFO - Processing /home/johnny/airflow/lib/python3.12/site-packages/airflow/example_dags/example_sensor_decorator.py took 0.169 seconds
[2024-07-07T20:58:06.792-0300] {processor.py:161} INFO - Started process (PID=47172) to work on /home/johnny/airflow/lib/python3.12/site-packages/airflow/example_dags/example_sensor_decorator.py
[2024-07-07T20:58:06.797-0300] {processor.py:830} INFO - Processing file /home/johnny/airflow/lib/python3.12/site-packages/airflow/example_dags/example_sensor_decorator.py for tasks to queue
[2024-07-07T20:58:06.800-0300] {logging_mixin.py:188} INFO - [2024-07-07T20:58:06.799-0300] {dagbag.py:545} INFO - Filling up the DagBag from /home/johnny/airflow/lib/python3.12/site-packages/airflow/example_dags/example_sensor_decorator.py
[2024-07-07T20:58:06.816-0300] {processor.py:840} INFO - DAG(s) 'example_sensor_decorator' retrieved from /home/johnny/airflow/lib/python3.12/site-packages/airflow/example_dags/example_sensor_decorator.py
[2024-07-07T20:58:06.858-0300] {logging_mixin.py:188} INFO - [2024-07-07T20:58:06.858-0300] {dag.py:3096} INFO - Sync 1 DAGs
[2024-07-07T20:58:06.889-0300] {logging_mixin.py:188} INFO - [2024-07-07T20:58:06.889-0300] {dag.py:3954} INFO - Setting next_dagrun for example_sensor_decorator to None, run_after=None
[2024-07-07T20:58:06.933-0300] {processor.py:183} INFO - Processing /home/johnny/airflow/lib/python3.12/site-packages/airflow/example_dags/example_sensor_decorator.py took 0.153 seconds
[2024-07-07T20:59:17.362-0300] {processor.py:161} INFO - Started process (PID=47379) to work on /home/johnny/airflow/lib/python3.12/site-packages/airflow/example_dags/example_sensor_decorator.py
[2024-07-07T20:59:17.367-0300] {processor.py:830} INFO - Processing file /home/johnny/airflow/lib/python3.12/site-packages/airflow/example_dags/example_sensor_decorator.py for tasks to queue
[2024-07-07T20:59:17.371-0300] {logging_mixin.py:188} INFO - [2024-07-07T20:59:17.368-0300] {dagbag.py:545} INFO - Filling up the DagBag from /home/johnny/airflow/lib/python3.12/site-packages/airflow/example_dags/example_sensor_decorator.py
[2024-07-07T20:59:17.393-0300] {processor.py:840} INFO - DAG(s) 'example_sensor_decorator' retrieved from /home/johnny/airflow/lib/python3.12/site-packages/airflow/example_dags/example_sensor_decorator.py
[2024-07-07T20:59:17.464-0300] {logging_mixin.py:188} INFO - [2024-07-07T20:59:17.463-0300] {dag.py:3096} INFO - Sync 1 DAGs
[2024-07-07T20:59:17.494-0300] {logging_mixin.py:188} INFO - [2024-07-07T20:59:17.493-0300] {dag.py:3954} INFO - Setting next_dagrun for example_sensor_decorator to None, run_after=None
[2024-07-07T20:59:17.613-0300] {processor.py:183} INFO - Processing /home/johnny/airflow/lib/python3.12/site-packages/airflow/example_dags/example_sensor_decorator.py took 0.272 seconds
