[2024-07-07T14:04:56.944-0300] {processor.py:161} INFO - Started process (PID=3008) to work on /home/johnny/airflow_env/lib/python3.12/site-packages/airflow/example_dags/example_kubernetes_executor.py
[2024-07-07T14:04:56.945-0300] {processor.py:830} INFO - Processing file /home/johnny/airflow_env/lib/python3.12/site-packages/airflow/example_dags/example_kubernetes_executor.py for tasks to queue
[2024-07-07T14:04:56.949-0300] {logging_mixin.py:188} INFO - [2024-07-07T14:04:56.948-0300] {dagbag.py:545} INFO - Filling up the DagBag from /home/johnny/airflow_env/lib/python3.12/site-packages/airflow/example_dags/example_kubernetes_executor.py
[2024-07-07T14:04:56.955-0300] {logging_mixin.py:188} INFO - [2024-07-07T14:04:56.955-0300] {example_kubernetes_executor.py:39} WARNING - The example_kubernetes_executor example DAG requires the kubernetes provider. Please install it with: pip install apache-airflow[cncf.kubernetes]
[2024-07-07T14:04:56.956-0300] {processor.py:842} WARNING - No viable dags retrieved from /home/johnny/airflow_env/lib/python3.12/site-packages/airflow/example_dags/example_kubernetes_executor.py
[2024-07-07T14:04:56.977-0300] {processor.py:183} INFO - Processing /home/johnny/airflow_env/lib/python3.12/site-packages/airflow/example_dags/example_kubernetes_executor.py took 0.046 seconds
[2024-07-07T14:06:01.665-0300] {processor.py:161} INFO - Started process (PID=3062) to work on /home/johnny/airflow_env/lib/python3.12/site-packages/airflow/example_dags/example_kubernetes_executor.py
[2024-07-07T14:06:01.668-0300] {processor.py:830} INFO - Processing file /home/johnny/airflow_env/lib/python3.12/site-packages/airflow/example_dags/example_kubernetes_executor.py for tasks to queue
[2024-07-07T14:06:01.671-0300] {logging_mixin.py:188} INFO - [2024-07-07T14:06:01.670-0300] {dagbag.py:545} INFO - Filling up the DagBag from /home/johnny/airflow_env/lib/python3.12/site-packages/airflow/example_dags/example_kubernetes_executor.py
[2024-07-07T14:06:01.677-0300] {logging_mixin.py:188} INFO - [2024-07-07T14:06:01.676-0300] {example_kubernetes_executor.py:39} WARNING - The example_kubernetes_executor example DAG requires the kubernetes provider. Please install it with: pip install apache-airflow[cncf.kubernetes]
[2024-07-07T14:06:01.677-0300] {processor.py:842} WARNING - No viable dags retrieved from /home/johnny/airflow_env/lib/python3.12/site-packages/airflow/example_dags/example_kubernetes_executor.py
[2024-07-07T14:06:01.698-0300] {processor.py:183} INFO - Processing /home/johnny/airflow_env/lib/python3.12/site-packages/airflow/example_dags/example_kubernetes_executor.py took 0.044 seconds
[2024-07-07T14:06:59.711-0300] {processor.py:161} INFO - Started process (PID=3113) to work on /home/johnny/airflow_env/lib/python3.12/site-packages/airflow/example_dags/example_kubernetes_executor.py
[2024-07-07T14:06:59.714-0300] {processor.py:830} INFO - Processing file /home/johnny/airflow_env/lib/python3.12/site-packages/airflow/example_dags/example_kubernetes_executor.py for tasks to queue
[2024-07-07T14:06:59.718-0300] {logging_mixin.py:188} INFO - [2024-07-07T14:06:59.717-0300] {dagbag.py:545} INFO - Filling up the DagBag from /home/johnny/airflow_env/lib/python3.12/site-packages/airflow/example_dags/example_kubernetes_executor.py
[2024-07-07T14:06:59.729-0300] {logging_mixin.py:188} INFO - [2024-07-07T14:06:59.728-0300] {example_kubernetes_executor.py:39} WARNING - The example_kubernetes_executor example DAG requires the kubernetes provider. Please install it with: pip install apache-airflow[cncf.kubernetes]
[2024-07-07T14:06:59.730-0300] {processor.py:842} WARNING - No viable dags retrieved from /home/johnny/airflow_env/lib/python3.12/site-packages/airflow/example_dags/example_kubernetes_executor.py
[2024-07-07T14:06:59.747-0300] {processor.py:183} INFO - Processing /home/johnny/airflow_env/lib/python3.12/site-packages/airflow/example_dags/example_kubernetes_executor.py took 0.053 seconds
[2024-07-07T14:07:57.523-0300] {processor.py:161} INFO - Started process (PID=3164) to work on /home/johnny/airflow_env/lib/python3.12/site-packages/airflow/example_dags/example_kubernetes_executor.py
[2024-07-07T14:07:57.528-0300] {processor.py:830} INFO - Processing file /home/johnny/airflow_env/lib/python3.12/site-packages/airflow/example_dags/example_kubernetes_executor.py for tasks to queue
[2024-07-07T14:07:57.534-0300] {logging_mixin.py:188} INFO - [2024-07-07T14:07:57.533-0300] {dagbag.py:545} INFO - Filling up the DagBag from /home/johnny/airflow_env/lib/python3.12/site-packages/airflow/example_dags/example_kubernetes_executor.py
[2024-07-07T14:07:57.543-0300] {logging_mixin.py:188} INFO - [2024-07-07T14:07:57.542-0300] {example_kubernetes_executor.py:39} WARNING - The example_kubernetes_executor example DAG requires the kubernetes provider. Please install it with: pip install apache-airflow[cncf.kubernetes]
[2024-07-07T14:07:57.544-0300] {processor.py:842} WARNING - No viable dags retrieved from /home/johnny/airflow_env/lib/python3.12/site-packages/airflow/example_dags/example_kubernetes_executor.py
[2024-07-07T14:07:57.569-0300] {processor.py:183} INFO - Processing /home/johnny/airflow_env/lib/python3.12/site-packages/airflow/example_dags/example_kubernetes_executor.py took 0.060 seconds
[2024-07-07T19:45:54.821-0300] {processor.py:161} INFO - Started process (PID=35319) to work on /home/johnny/airflow/lib/python3.12/site-packages/airflow/example_dags/example_kubernetes_executor.py
[2024-07-07T19:45:54.823-0300] {processor.py:830} INFO - Processing file /home/johnny/airflow/lib/python3.12/site-packages/airflow/example_dags/example_kubernetes_executor.py for tasks to queue
[2024-07-07T19:45:54.827-0300] {logging_mixin.py:188} INFO - [2024-07-07T19:45:54.827-0300] {dagbag.py:545} INFO - Filling up the DagBag from /home/johnny/airflow/lib/python3.12/site-packages/airflow/example_dags/example_kubernetes_executor.py
[2024-07-07T19:45:54.835-0300] {logging_mixin.py:188} INFO - [2024-07-07T19:45:54.834-0300] {example_kubernetes_executor.py:39} WARNING - The example_kubernetes_executor example DAG requires the kubernetes provider. Please install it with: pip install apache-airflow[cncf.kubernetes]
[2024-07-07T19:45:54.835-0300] {processor.py:842} WARNING - No viable dags retrieved from /home/johnny/airflow/lib/python3.12/site-packages/airflow/example_dags/example_kubernetes_executor.py
[2024-07-07T19:45:54.857-0300] {processor.py:183} INFO - Processing /home/johnny/airflow/lib/python3.12/site-packages/airflow/example_dags/example_kubernetes_executor.py took 0.049 seconds
[2024-07-07T19:47:14.158-0300] {processor.py:161} INFO - Started process (PID=35521) to work on /home/johnny/airflow/lib/python3.12/site-packages/airflow/example_dags/example_kubernetes_executor.py
[2024-07-07T19:47:14.163-0300] {processor.py:830} INFO - Processing file /home/johnny/airflow/lib/python3.12/site-packages/airflow/example_dags/example_kubernetes_executor.py for tasks to queue
[2024-07-07T19:47:14.167-0300] {logging_mixin.py:188} INFO - [2024-07-07T19:47:14.166-0300] {dagbag.py:545} INFO - Filling up the DagBag from /home/johnny/airflow/lib/python3.12/site-packages/airflow/example_dags/example_kubernetes_executor.py
[2024-07-07T19:47:14.175-0300] {logging_mixin.py:188} INFO - [2024-07-07T19:47:14.174-0300] {example_kubernetes_executor.py:39} WARNING - The example_kubernetes_executor example DAG requires the kubernetes provider. Please install it with: pip install apache-airflow[cncf.kubernetes]
[2024-07-07T19:47:14.176-0300] {processor.py:842} WARNING - No viable dags retrieved from /home/johnny/airflow/lib/python3.12/site-packages/airflow/example_dags/example_kubernetes_executor.py
[2024-07-07T19:47:14.197-0300] {processor.py:183} INFO - Processing /home/johnny/airflow/lib/python3.12/site-packages/airflow/example_dags/example_kubernetes_executor.py took 0.051 seconds
[2024-07-07T19:48:25.610-0300] {processor.py:161} INFO - Started process (PID=35728) to work on /home/johnny/airflow/lib/python3.12/site-packages/airflow/example_dags/example_kubernetes_executor.py
[2024-07-07T19:48:25.613-0300] {processor.py:830} INFO - Processing file /home/johnny/airflow/lib/python3.12/site-packages/airflow/example_dags/example_kubernetes_executor.py for tasks to queue
[2024-07-07T19:48:25.616-0300] {logging_mixin.py:188} INFO - [2024-07-07T19:48:25.616-0300] {dagbag.py:545} INFO - Filling up the DagBag from /home/johnny/airflow/lib/python3.12/site-packages/airflow/example_dags/example_kubernetes_executor.py
[2024-07-07T19:48:25.622-0300] {logging_mixin.py:188} INFO - [2024-07-07T19:48:25.621-0300] {example_kubernetes_executor.py:39} WARNING - The example_kubernetes_executor example DAG requires the kubernetes provider. Please install it with: pip install apache-airflow[cncf.kubernetes]
[2024-07-07T19:48:25.622-0300] {processor.py:842} WARNING - No viable dags retrieved from /home/johnny/airflow/lib/python3.12/site-packages/airflow/example_dags/example_kubernetes_executor.py
[2024-07-07T19:48:25.640-0300] {processor.py:183} INFO - Processing /home/johnny/airflow/lib/python3.12/site-packages/airflow/example_dags/example_kubernetes_executor.py took 0.049 seconds
[2024-07-07T19:49:31.482-0300] {processor.py:161} INFO - Started process (PID=35927) to work on /home/johnny/airflow/lib/python3.12/site-packages/airflow/example_dags/example_kubernetes_executor.py
[2024-07-07T19:49:31.488-0300] {processor.py:830} INFO - Processing file /home/johnny/airflow/lib/python3.12/site-packages/airflow/example_dags/example_kubernetes_executor.py for tasks to queue
[2024-07-07T19:49:31.493-0300] {logging_mixin.py:188} INFO - [2024-07-07T19:49:31.492-0300] {dagbag.py:545} INFO - Filling up the DagBag from /home/johnny/airflow/lib/python3.12/site-packages/airflow/example_dags/example_kubernetes_executor.py
[2024-07-07T19:49:31.507-0300] {logging_mixin.py:188} INFO - [2024-07-07T19:49:31.506-0300] {example_kubernetes_executor.py:39} WARNING - The example_kubernetes_executor example DAG requires the kubernetes provider. Please install it with: pip install apache-airflow[cncf.kubernetes]
[2024-07-07T19:49:31.508-0300] {processor.py:842} WARNING - No viable dags retrieved from /home/johnny/airflow/lib/python3.12/site-packages/airflow/example_dags/example_kubernetes_executor.py
[2024-07-07T19:49:31.543-0300] {processor.py:183} INFO - Processing /home/johnny/airflow/lib/python3.12/site-packages/airflow/example_dags/example_kubernetes_executor.py took 0.077 seconds
[2024-07-07T19:50:37.958-0300] {processor.py:161} INFO - Started process (PID=36106) to work on /home/johnny/airflow/lib/python3.12/site-packages/airflow/example_dags/example_kubernetes_executor.py
[2024-07-07T19:50:37.964-0300] {processor.py:830} INFO - Processing file /home/johnny/airflow/lib/python3.12/site-packages/airflow/example_dags/example_kubernetes_executor.py for tasks to queue
[2024-07-07T19:50:37.968-0300] {logging_mixin.py:188} INFO - [2024-07-07T19:50:37.967-0300] {dagbag.py:545} INFO - Filling up the DagBag from /home/johnny/airflow/lib/python3.12/site-packages/airflow/example_dags/example_kubernetes_executor.py
[2024-07-07T19:50:37.974-0300] {logging_mixin.py:188} INFO - [2024-07-07T19:50:37.974-0300] {example_kubernetes_executor.py:39} WARNING - The example_kubernetes_executor example DAG requires the kubernetes provider. Please install it with: pip install apache-airflow[cncf.kubernetes]
[2024-07-07T19:50:37.975-0300] {processor.py:842} WARNING - No viable dags retrieved from /home/johnny/airflow/lib/python3.12/site-packages/airflow/example_dags/example_kubernetes_executor.py
[2024-07-07T19:50:37.995-0300] {processor.py:183} INFO - Processing /home/johnny/airflow/lib/python3.12/site-packages/airflow/example_dags/example_kubernetes_executor.py took 0.048 seconds
[2024-07-07T19:51:49.363-0300] {processor.py:161} INFO - Started process (PID=36305) to work on /home/johnny/airflow/lib/python3.12/site-packages/airflow/example_dags/example_kubernetes_executor.py
[2024-07-07T19:51:49.370-0300] {processor.py:830} INFO - Processing file /home/johnny/airflow/lib/python3.12/site-packages/airflow/example_dags/example_kubernetes_executor.py for tasks to queue
[2024-07-07T19:51:49.376-0300] {logging_mixin.py:188} INFO - [2024-07-07T19:51:49.374-0300] {dagbag.py:545} INFO - Filling up the DagBag from /home/johnny/airflow/lib/python3.12/site-packages/airflow/example_dags/example_kubernetes_executor.py
[2024-07-07T19:51:49.384-0300] {logging_mixin.py:188} INFO - [2024-07-07T19:51:49.383-0300] {example_kubernetes_executor.py:39} WARNING - The example_kubernetes_executor example DAG requires the kubernetes provider. Please install it with: pip install apache-airflow[cncf.kubernetes]
[2024-07-07T19:51:49.385-0300] {processor.py:842} WARNING - No viable dags retrieved from /home/johnny/airflow/lib/python3.12/site-packages/airflow/example_dags/example_kubernetes_executor.py
[2024-07-07T19:51:49.405-0300] {processor.py:183} INFO - Processing /home/johnny/airflow/lib/python3.12/site-packages/airflow/example_dags/example_kubernetes_executor.py took 0.054 seconds
[2024-07-07T19:53:02.716-0300] {processor.py:161} INFO - Started process (PID=36505) to work on /home/johnny/airflow/lib/python3.12/site-packages/airflow/example_dags/example_kubernetes_executor.py
[2024-07-07T19:53:02.722-0300] {processor.py:830} INFO - Processing file /home/johnny/airflow/lib/python3.12/site-packages/airflow/example_dags/example_kubernetes_executor.py for tasks to queue
[2024-07-07T19:53:02.728-0300] {logging_mixin.py:188} INFO - [2024-07-07T19:53:02.727-0300] {dagbag.py:545} INFO - Filling up the DagBag from /home/johnny/airflow/lib/python3.12/site-packages/airflow/example_dags/example_kubernetes_executor.py
[2024-07-07T19:53:02.735-0300] {logging_mixin.py:188} INFO - [2024-07-07T19:53:02.734-0300] {example_kubernetes_executor.py:39} WARNING - The example_kubernetes_executor example DAG requires the kubernetes provider. Please install it with: pip install apache-airflow[cncf.kubernetes]
[2024-07-07T19:53:02.736-0300] {processor.py:842} WARNING - No viable dags retrieved from /home/johnny/airflow/lib/python3.12/site-packages/airflow/example_dags/example_kubernetes_executor.py
[2024-07-07T19:53:02.757-0300] {processor.py:183} INFO - Processing /home/johnny/airflow/lib/python3.12/site-packages/airflow/example_dags/example_kubernetes_executor.py took 0.055 seconds
[2024-07-07T19:54:10.222-0300] {processor.py:161} INFO - Started process (PID=36687) to work on /home/johnny/airflow/lib/python3.12/site-packages/airflow/example_dags/example_kubernetes_executor.py
[2024-07-07T19:54:10.228-0300] {processor.py:830} INFO - Processing file /home/johnny/airflow/lib/python3.12/site-packages/airflow/example_dags/example_kubernetes_executor.py for tasks to queue
[2024-07-07T19:54:10.230-0300] {logging_mixin.py:188} INFO - [2024-07-07T19:54:10.229-0300] {dagbag.py:545} INFO - Filling up the DagBag from /home/johnny/airflow/lib/python3.12/site-packages/airflow/example_dags/example_kubernetes_executor.py
[2024-07-07T19:54:10.235-0300] {logging_mixin.py:188} INFO - [2024-07-07T19:54:10.235-0300] {example_kubernetes_executor.py:39} WARNING - The example_kubernetes_executor example DAG requires the kubernetes provider. Please install it with: pip install apache-airflow[cncf.kubernetes]
[2024-07-07T19:54:10.236-0300] {processor.py:842} WARNING - No viable dags retrieved from /home/johnny/airflow/lib/python3.12/site-packages/airflow/example_dags/example_kubernetes_executor.py
[2024-07-07T19:54:10.256-0300] {processor.py:183} INFO - Processing /home/johnny/airflow/lib/python3.12/site-packages/airflow/example_dags/example_kubernetes_executor.py took 0.045 seconds
[2024-07-07T19:55:18.232-0300] {processor.py:161} INFO - Started process (PID=36871) to work on /home/johnny/airflow/lib/python3.12/site-packages/airflow/example_dags/example_kubernetes_executor.py
[2024-07-07T19:55:18.238-0300] {processor.py:830} INFO - Processing file /home/johnny/airflow/lib/python3.12/site-packages/airflow/example_dags/example_kubernetes_executor.py for tasks to queue
[2024-07-07T19:55:18.240-0300] {logging_mixin.py:188} INFO - [2024-07-07T19:55:18.239-0300] {dagbag.py:545} INFO - Filling up the DagBag from /home/johnny/airflow/lib/python3.12/site-packages/airflow/example_dags/example_kubernetes_executor.py
[2024-07-07T19:55:18.247-0300] {logging_mixin.py:188} INFO - [2024-07-07T19:55:18.246-0300] {example_kubernetes_executor.py:39} WARNING - The example_kubernetes_executor example DAG requires the kubernetes provider. Please install it with: pip install apache-airflow[cncf.kubernetes]
[2024-07-07T19:55:18.249-0300] {processor.py:842} WARNING - No viable dags retrieved from /home/johnny/airflow/lib/python3.12/site-packages/airflow/example_dags/example_kubernetes_executor.py
[2024-07-07T19:55:18.280-0300] {processor.py:183} INFO - Processing /home/johnny/airflow/lib/python3.12/site-packages/airflow/example_dags/example_kubernetes_executor.py took 0.061 seconds
[2024-07-07T19:56:27.501-0300] {processor.py:161} INFO - Started process (PID=37055) to work on /home/johnny/airflow/lib/python3.12/site-packages/airflow/example_dags/example_kubernetes_executor.py
[2024-07-07T19:56:27.504-0300] {processor.py:830} INFO - Processing file /home/johnny/airflow/lib/python3.12/site-packages/airflow/example_dags/example_kubernetes_executor.py for tasks to queue
[2024-07-07T19:56:27.508-0300] {logging_mixin.py:188} INFO - [2024-07-07T19:56:27.507-0300] {dagbag.py:545} INFO - Filling up the DagBag from /home/johnny/airflow/lib/python3.12/site-packages/airflow/example_dags/example_kubernetes_executor.py
[2024-07-07T19:56:27.516-0300] {logging_mixin.py:188} INFO - [2024-07-07T19:56:27.515-0300] {example_kubernetes_executor.py:39} WARNING - The example_kubernetes_executor example DAG requires the kubernetes provider. Please install it with: pip install apache-airflow[cncf.kubernetes]
[2024-07-07T19:56:27.517-0300] {processor.py:842} WARNING - No viable dags retrieved from /home/johnny/airflow/lib/python3.12/site-packages/airflow/example_dags/example_kubernetes_executor.py
[2024-07-07T19:56:27.539-0300] {processor.py:183} INFO - Processing /home/johnny/airflow/lib/python3.12/site-packages/airflow/example_dags/example_kubernetes_executor.py took 0.061 seconds
[2024-07-07T19:57:48.210-0300] {processor.py:161} INFO - Started process (PID=37282) to work on /home/johnny/airflow/lib/python3.12/site-packages/airflow/example_dags/example_kubernetes_executor.py
[2024-07-07T19:57:48.213-0300] {processor.py:830} INFO - Processing file /home/johnny/airflow/lib/python3.12/site-packages/airflow/example_dags/example_kubernetes_executor.py for tasks to queue
[2024-07-07T19:57:48.215-0300] {logging_mixin.py:188} INFO - [2024-07-07T19:57:48.214-0300] {dagbag.py:545} INFO - Filling up the DagBag from /home/johnny/airflow/lib/python3.12/site-packages/airflow/example_dags/example_kubernetes_executor.py
[2024-07-07T19:57:48.221-0300] {logging_mixin.py:188} INFO - [2024-07-07T19:57:48.221-0300] {example_kubernetes_executor.py:39} WARNING - The example_kubernetes_executor example DAG requires the kubernetes provider. Please install it with: pip install apache-airflow[cncf.kubernetes]
[2024-07-07T19:57:48.222-0300] {processor.py:842} WARNING - No viable dags retrieved from /home/johnny/airflow/lib/python3.12/site-packages/airflow/example_dags/example_kubernetes_executor.py
[2024-07-07T19:57:48.247-0300] {processor.py:183} INFO - Processing /home/johnny/airflow/lib/python3.12/site-packages/airflow/example_dags/example_kubernetes_executor.py took 0.050 seconds
[2024-07-07T19:58:55.112-0300] {processor.py:161} INFO - Started process (PID=37466) to work on /home/johnny/airflow/lib/python3.12/site-packages/airflow/example_dags/example_kubernetes_executor.py
[2024-07-07T19:58:55.114-0300] {processor.py:830} INFO - Processing file /home/johnny/airflow/lib/python3.12/site-packages/airflow/example_dags/example_kubernetes_executor.py for tasks to queue
[2024-07-07T19:58:55.116-0300] {logging_mixin.py:188} INFO - [2024-07-07T19:58:55.116-0300] {dagbag.py:545} INFO - Filling up the DagBag from /home/johnny/airflow/lib/python3.12/site-packages/airflow/example_dags/example_kubernetes_executor.py
[2024-07-07T19:58:55.121-0300] {logging_mixin.py:188} INFO - [2024-07-07T19:58:55.120-0300] {example_kubernetes_executor.py:39} WARNING - The example_kubernetes_executor example DAG requires the kubernetes provider. Please install it with: pip install apache-airflow[cncf.kubernetes]
[2024-07-07T19:58:55.121-0300] {processor.py:842} WARNING - No viable dags retrieved from /home/johnny/airflow/lib/python3.12/site-packages/airflow/example_dags/example_kubernetes_executor.py
[2024-07-07T19:58:55.162-0300] {processor.py:183} INFO - Processing /home/johnny/airflow/lib/python3.12/site-packages/airflow/example_dags/example_kubernetes_executor.py took 0.060 seconds
[2024-07-07T19:59:57.295-0300] {processor.py:161} INFO - Started process (PID=37645) to work on /home/johnny/airflow/lib/python3.12/site-packages/airflow/example_dags/example_kubernetes_executor.py
[2024-07-07T19:59:57.298-0300] {processor.py:830} INFO - Processing file /home/johnny/airflow/lib/python3.12/site-packages/airflow/example_dags/example_kubernetes_executor.py for tasks to queue
[2024-07-07T19:59:57.300-0300] {logging_mixin.py:188} INFO - [2024-07-07T19:59:57.299-0300] {dagbag.py:545} INFO - Filling up the DagBag from /home/johnny/airflow/lib/python3.12/site-packages/airflow/example_dags/example_kubernetes_executor.py
[2024-07-07T19:59:57.307-0300] {logging_mixin.py:188} INFO - [2024-07-07T19:59:57.306-0300] {example_kubernetes_executor.py:39} WARNING - The example_kubernetes_executor example DAG requires the kubernetes provider. Please install it with: pip install apache-airflow[cncf.kubernetes]
[2024-07-07T19:59:57.308-0300] {processor.py:842} WARNING - No viable dags retrieved from /home/johnny/airflow/lib/python3.12/site-packages/airflow/example_dags/example_kubernetes_executor.py
[2024-07-07T19:59:57.327-0300] {processor.py:183} INFO - Processing /home/johnny/airflow/lib/python3.12/site-packages/airflow/example_dags/example_kubernetes_executor.py took 0.046 seconds
[2024-07-07T20:01:06.596-0300] {processor.py:161} INFO - Started process (PID=37844) to work on /home/johnny/airflow/lib/python3.12/site-packages/airflow/example_dags/example_kubernetes_executor.py
[2024-07-07T20:01:06.599-0300] {processor.py:830} INFO - Processing file /home/johnny/airflow/lib/python3.12/site-packages/airflow/example_dags/example_kubernetes_executor.py for tasks to queue
[2024-07-07T20:01:06.602-0300] {logging_mixin.py:188} INFO - [2024-07-07T20:01:06.600-0300] {dagbag.py:545} INFO - Filling up the DagBag from /home/johnny/airflow/lib/python3.12/site-packages/airflow/example_dags/example_kubernetes_executor.py
[2024-07-07T20:01:06.608-0300] {logging_mixin.py:188} INFO - [2024-07-07T20:01:06.607-0300] {example_kubernetes_executor.py:39} WARNING - The example_kubernetes_executor example DAG requires the kubernetes provider. Please install it with: pip install apache-airflow[cncf.kubernetes]
[2024-07-07T20:01:06.609-0300] {processor.py:842} WARNING - No viable dags retrieved from /home/johnny/airflow/lib/python3.12/site-packages/airflow/example_dags/example_kubernetes_executor.py
[2024-07-07T20:01:06.630-0300] {processor.py:183} INFO - Processing /home/johnny/airflow/lib/python3.12/site-packages/airflow/example_dags/example_kubernetes_executor.py took 0.047 seconds
[2024-07-07T20:02:09.246-0300] {processor.py:161} INFO - Started process (PID=38015) to work on /home/johnny/airflow/lib/python3.12/site-packages/airflow/example_dags/example_kubernetes_executor.py
[2024-07-07T20:02:09.249-0300] {processor.py:830} INFO - Processing file /home/johnny/airflow/lib/python3.12/site-packages/airflow/example_dags/example_kubernetes_executor.py for tasks to queue
[2024-07-07T20:02:09.251-0300] {logging_mixin.py:188} INFO - [2024-07-07T20:02:09.250-0300] {dagbag.py:545} INFO - Filling up the DagBag from /home/johnny/airflow/lib/python3.12/site-packages/airflow/example_dags/example_kubernetes_executor.py
[2024-07-07T20:02:09.256-0300] {logging_mixin.py:188} INFO - [2024-07-07T20:02:09.256-0300] {example_kubernetes_executor.py:39} WARNING - The example_kubernetes_executor example DAG requires the kubernetes provider. Please install it with: pip install apache-airflow[cncf.kubernetes]
[2024-07-07T20:02:09.257-0300] {processor.py:842} WARNING - No viable dags retrieved from /home/johnny/airflow/lib/python3.12/site-packages/airflow/example_dags/example_kubernetes_executor.py
[2024-07-07T20:02:09.277-0300] {processor.py:183} INFO - Processing /home/johnny/airflow/lib/python3.12/site-packages/airflow/example_dags/example_kubernetes_executor.py took 0.042 seconds
[2024-07-07T20:03:19.017-0300] {processor.py:161} INFO - Started process (PID=38200) to work on /home/johnny/airflow/lib/python3.12/site-packages/airflow/example_dags/example_kubernetes_executor.py
[2024-07-07T20:03:19.020-0300] {processor.py:830} INFO - Processing file /home/johnny/airflow/lib/python3.12/site-packages/airflow/example_dags/example_kubernetes_executor.py for tasks to queue
[2024-07-07T20:03:19.022-0300] {logging_mixin.py:188} INFO - [2024-07-07T20:03:19.021-0300] {dagbag.py:545} INFO - Filling up the DagBag from /home/johnny/airflow/lib/python3.12/site-packages/airflow/example_dags/example_kubernetes_executor.py
[2024-07-07T20:03:19.028-0300] {logging_mixin.py:188} INFO - [2024-07-07T20:03:19.027-0300] {example_kubernetes_executor.py:39} WARNING - The example_kubernetes_executor example DAG requires the kubernetes provider. Please install it with: pip install apache-airflow[cncf.kubernetes]
[2024-07-07T20:03:19.028-0300] {processor.py:842} WARNING - No viable dags retrieved from /home/johnny/airflow/lib/python3.12/site-packages/airflow/example_dags/example_kubernetes_executor.py
[2024-07-07T20:03:19.048-0300] {processor.py:183} INFO - Processing /home/johnny/airflow/lib/python3.12/site-packages/airflow/example_dags/example_kubernetes_executor.py took 0.043 seconds
[2024-07-07T20:04:41.878-0300] {processor.py:161} INFO - Started process (PID=38435) to work on /home/johnny/airflow/lib/python3.12/site-packages/airflow/example_dags/example_kubernetes_executor.py
[2024-07-07T20:04:41.881-0300] {processor.py:830} INFO - Processing file /home/johnny/airflow/lib/python3.12/site-packages/airflow/example_dags/example_kubernetes_executor.py for tasks to queue
[2024-07-07T20:04:41.885-0300] {logging_mixin.py:188} INFO - [2024-07-07T20:04:41.882-0300] {dagbag.py:545} INFO - Filling up the DagBag from /home/johnny/airflow/lib/python3.12/site-packages/airflow/example_dags/example_kubernetes_executor.py
[2024-07-07T20:04:41.893-0300] {logging_mixin.py:188} INFO - [2024-07-07T20:04:41.893-0300] {example_kubernetes_executor.py:39} WARNING - The example_kubernetes_executor example DAG requires the kubernetes provider. Please install it with: pip install apache-airflow[cncf.kubernetes]
[2024-07-07T20:04:41.895-0300] {processor.py:842} WARNING - No viable dags retrieved from /home/johnny/airflow/lib/python3.12/site-packages/airflow/example_dags/example_kubernetes_executor.py
[2024-07-07T20:04:41.911-0300] {processor.py:183} INFO - Processing /home/johnny/airflow/lib/python3.12/site-packages/airflow/example_dags/example_kubernetes_executor.py took 0.043 seconds
[2024-07-07T20:05:46.062-0300] {processor.py:161} INFO - Started process (PID=38617) to work on /home/johnny/airflow/lib/python3.12/site-packages/airflow/example_dags/example_kubernetes_executor.py
[2024-07-07T20:05:46.068-0300] {processor.py:830} INFO - Processing file /home/johnny/airflow/lib/python3.12/site-packages/airflow/example_dags/example_kubernetes_executor.py for tasks to queue
[2024-07-07T20:05:46.070-0300] {logging_mixin.py:188} INFO - [2024-07-07T20:05:46.069-0300] {dagbag.py:545} INFO - Filling up the DagBag from /home/johnny/airflow/lib/python3.12/site-packages/airflow/example_dags/example_kubernetes_executor.py
[2024-07-07T20:05:46.076-0300] {logging_mixin.py:188} INFO - [2024-07-07T20:05:46.075-0300] {example_kubernetes_executor.py:39} WARNING - The example_kubernetes_executor example DAG requires the kubernetes provider. Please install it with: pip install apache-airflow[cncf.kubernetes]
[2024-07-07T20:05:46.076-0300] {processor.py:842} WARNING - No viable dags retrieved from /home/johnny/airflow/lib/python3.12/site-packages/airflow/example_dags/example_kubernetes_executor.py
[2024-07-07T20:05:46.096-0300] {processor.py:183} INFO - Processing /home/johnny/airflow/lib/python3.12/site-packages/airflow/example_dags/example_kubernetes_executor.py took 0.046 seconds
[2024-07-07T20:06:49.069-0300] {processor.py:161} INFO - Started process (PID=38781) to work on /home/johnny/airflow/lib/python3.12/site-packages/airflow/example_dags/example_kubernetes_executor.py
[2024-07-07T20:06:49.075-0300] {processor.py:830} INFO - Processing file /home/johnny/airflow/lib/python3.12/site-packages/airflow/example_dags/example_kubernetes_executor.py for tasks to queue
[2024-07-07T20:06:49.077-0300] {logging_mixin.py:188} INFO - [2024-07-07T20:06:49.076-0300] {dagbag.py:545} INFO - Filling up the DagBag from /home/johnny/airflow/lib/python3.12/site-packages/airflow/example_dags/example_kubernetes_executor.py
[2024-07-07T20:06:49.082-0300] {logging_mixin.py:188} INFO - [2024-07-07T20:06:49.082-0300] {example_kubernetes_executor.py:39} WARNING - The example_kubernetes_executor example DAG requires the kubernetes provider. Please install it with: pip install apache-airflow[cncf.kubernetes]
[2024-07-07T20:06:49.083-0300] {processor.py:842} WARNING - No viable dags retrieved from /home/johnny/airflow/lib/python3.12/site-packages/airflow/example_dags/example_kubernetes_executor.py
[2024-07-07T20:06:49.103-0300] {processor.py:183} INFO - Processing /home/johnny/airflow/lib/python3.12/site-packages/airflow/example_dags/example_kubernetes_executor.py took 0.045 seconds
[2024-07-07T20:07:55.450-0300] {processor.py:161} INFO - Started process (PID=38965) to work on /home/johnny/airflow/lib/python3.12/site-packages/airflow/example_dags/example_kubernetes_executor.py
[2024-07-07T20:07:55.456-0300] {processor.py:830} INFO - Processing file /home/johnny/airflow/lib/python3.12/site-packages/airflow/example_dags/example_kubernetes_executor.py for tasks to queue
[2024-07-07T20:07:55.459-0300] {logging_mixin.py:188} INFO - [2024-07-07T20:07:55.458-0300] {dagbag.py:545} INFO - Filling up the DagBag from /home/johnny/airflow/lib/python3.12/site-packages/airflow/example_dags/example_kubernetes_executor.py
[2024-07-07T20:07:55.465-0300] {logging_mixin.py:188} INFO - [2024-07-07T20:07:55.464-0300] {example_kubernetes_executor.py:39} WARNING - The example_kubernetes_executor example DAG requires the kubernetes provider. Please install it with: pip install apache-airflow[cncf.kubernetes]
[2024-07-07T20:07:55.467-0300] {processor.py:842} WARNING - No viable dags retrieved from /home/johnny/airflow/lib/python3.12/site-packages/airflow/example_dags/example_kubernetes_executor.py
[2024-07-07T20:07:55.493-0300] {processor.py:183} INFO - Processing /home/johnny/airflow/lib/python3.12/site-packages/airflow/example_dags/example_kubernetes_executor.py took 0.054 seconds
[2024-07-07T20:09:06.811-0300] {processor.py:161} INFO - Started process (PID=39167) to work on /home/johnny/airflow/lib/python3.12/site-packages/airflow/example_dags/example_kubernetes_executor.py
[2024-07-07T20:09:06.814-0300] {processor.py:830} INFO - Processing file /home/johnny/airflow/lib/python3.12/site-packages/airflow/example_dags/example_kubernetes_executor.py for tasks to queue
[2024-07-07T20:09:06.816-0300] {logging_mixin.py:188} INFO - [2024-07-07T20:09:06.815-0300] {dagbag.py:545} INFO - Filling up the DagBag from /home/johnny/airflow/lib/python3.12/site-packages/airflow/example_dags/example_kubernetes_executor.py
[2024-07-07T20:09:06.822-0300] {logging_mixin.py:188} INFO - [2024-07-07T20:09:06.821-0300] {example_kubernetes_executor.py:39} WARNING - The example_kubernetes_executor example DAG requires the kubernetes provider. Please install it with: pip install apache-airflow[cncf.kubernetes]
[2024-07-07T20:09:06.822-0300] {processor.py:842} WARNING - No viable dags retrieved from /home/johnny/airflow/lib/python3.12/site-packages/airflow/example_dags/example_kubernetes_executor.py
[2024-07-07T20:09:06.839-0300] {processor.py:183} INFO - Processing /home/johnny/airflow/lib/python3.12/site-packages/airflow/example_dags/example_kubernetes_executor.py took 0.042 seconds
[2024-07-07T20:10:13.683-0300] {processor.py:161} INFO - Started process (PID=39347) to work on /home/johnny/airflow/lib/python3.12/site-packages/airflow/example_dags/example_kubernetes_executor.py
[2024-07-07T20:10:13.686-0300] {processor.py:830} INFO - Processing file /home/johnny/airflow/lib/python3.12/site-packages/airflow/example_dags/example_kubernetes_executor.py for tasks to queue
[2024-07-07T20:10:13.689-0300] {logging_mixin.py:188} INFO - [2024-07-07T20:10:13.688-0300] {dagbag.py:545} INFO - Filling up the DagBag from /home/johnny/airflow/lib/python3.12/site-packages/airflow/example_dags/example_kubernetes_executor.py
[2024-07-07T20:10:13.695-0300] {logging_mixin.py:188} INFO - [2024-07-07T20:10:13.695-0300] {example_kubernetes_executor.py:39} WARNING - The example_kubernetes_executor example DAG requires the kubernetes provider. Please install it with: pip install apache-airflow[cncf.kubernetes]
[2024-07-07T20:10:13.696-0300] {processor.py:842} WARNING - No viable dags retrieved from /home/johnny/airflow/lib/python3.12/site-packages/airflow/example_dags/example_kubernetes_executor.py
[2024-07-07T20:10:13.716-0300] {processor.py:183} INFO - Processing /home/johnny/airflow/lib/python3.12/site-packages/airflow/example_dags/example_kubernetes_executor.py took 0.046 seconds
[2024-07-07T20:11:18.277-0300] {processor.py:161} INFO - Started process (PID=39528) to work on /home/johnny/airflow/lib/python3.12/site-packages/airflow/example_dags/example_kubernetes_executor.py
[2024-07-07T20:11:18.280-0300] {processor.py:830} INFO - Processing file /home/johnny/airflow/lib/python3.12/site-packages/airflow/example_dags/example_kubernetes_executor.py for tasks to queue
[2024-07-07T20:11:18.283-0300] {logging_mixin.py:188} INFO - [2024-07-07T20:11:18.282-0300] {dagbag.py:545} INFO - Filling up the DagBag from /home/johnny/airflow/lib/python3.12/site-packages/airflow/example_dags/example_kubernetes_executor.py
[2024-07-07T20:11:18.295-0300] {logging_mixin.py:188} INFO - [2024-07-07T20:11:18.295-0300] {example_kubernetes_executor.py:39} WARNING - The example_kubernetes_executor example DAG requires the kubernetes provider. Please install it with: pip install apache-airflow[cncf.kubernetes]
[2024-07-07T20:11:18.296-0300] {processor.py:842} WARNING - No viable dags retrieved from /home/johnny/airflow/lib/python3.12/site-packages/airflow/example_dags/example_kubernetes_executor.py
[2024-07-07T20:11:18.325-0300] {processor.py:183} INFO - Processing /home/johnny/airflow/lib/python3.12/site-packages/airflow/example_dags/example_kubernetes_executor.py took 0.070 seconds
[2024-07-07T20:12:20.804-0300] {processor.py:161} INFO - Started process (PID=39691) to work on /home/johnny/airflow/lib/python3.12/site-packages/airflow/example_dags/example_kubernetes_executor.py
[2024-07-07T20:12:20.807-0300] {processor.py:830} INFO - Processing file /home/johnny/airflow/lib/python3.12/site-packages/airflow/example_dags/example_kubernetes_executor.py for tasks to queue
[2024-07-07T20:12:20.809-0300] {logging_mixin.py:188} INFO - [2024-07-07T20:12:20.808-0300] {dagbag.py:545} INFO - Filling up the DagBag from /home/johnny/airflow/lib/python3.12/site-packages/airflow/example_dags/example_kubernetes_executor.py
[2024-07-07T20:12:20.815-0300] {logging_mixin.py:188} INFO - [2024-07-07T20:12:20.814-0300] {example_kubernetes_executor.py:39} WARNING - The example_kubernetes_executor example DAG requires the kubernetes provider. Please install it with: pip install apache-airflow[cncf.kubernetes]
[2024-07-07T20:12:20.815-0300] {processor.py:842} WARNING - No viable dags retrieved from /home/johnny/airflow/lib/python3.12/site-packages/airflow/example_dags/example_kubernetes_executor.py
[2024-07-07T20:12:20.834-0300] {processor.py:183} INFO - Processing /home/johnny/airflow/lib/python3.12/site-packages/airflow/example_dags/example_kubernetes_executor.py took 0.041 seconds
[2024-07-07T20:13:23.413-0300] {processor.py:161} INFO - Started process (PID=39869) to work on /home/johnny/airflow/lib/python3.12/site-packages/airflow/example_dags/example_kubernetes_executor.py
[2024-07-07T20:13:23.416-0300] {processor.py:830} INFO - Processing file /home/johnny/airflow/lib/python3.12/site-packages/airflow/example_dags/example_kubernetes_executor.py for tasks to queue
[2024-07-07T20:13:23.419-0300] {logging_mixin.py:188} INFO - [2024-07-07T20:13:23.418-0300] {dagbag.py:545} INFO - Filling up the DagBag from /home/johnny/airflow/lib/python3.12/site-packages/airflow/example_dags/example_kubernetes_executor.py
[2024-07-07T20:13:23.424-0300] {logging_mixin.py:188} INFO - [2024-07-07T20:13:23.423-0300] {example_kubernetes_executor.py:39} WARNING - The example_kubernetes_executor example DAG requires the kubernetes provider. Please install it with: pip install apache-airflow[cncf.kubernetes]
[2024-07-07T20:13:23.425-0300] {processor.py:842} WARNING - No viable dags retrieved from /home/johnny/airflow/lib/python3.12/site-packages/airflow/example_dags/example_kubernetes_executor.py
[2024-07-07T20:13:23.444-0300] {processor.py:183} INFO - Processing /home/johnny/airflow/lib/python3.12/site-packages/airflow/example_dags/example_kubernetes_executor.py took 0.043 seconds
[2024-07-07T20:14:27.143-0300] {processor.py:161} INFO - Started process (PID=40039) to work on /home/johnny/airflow/lib/python3.12/site-packages/airflow/example_dags/example_kubernetes_executor.py
[2024-07-07T20:14:27.145-0300] {processor.py:830} INFO - Processing file /home/johnny/airflow/lib/python3.12/site-packages/airflow/example_dags/example_kubernetes_executor.py for tasks to queue
[2024-07-07T20:14:27.148-0300] {logging_mixin.py:188} INFO - [2024-07-07T20:14:27.147-0300] {dagbag.py:545} INFO - Filling up the DagBag from /home/johnny/airflow/lib/python3.12/site-packages/airflow/example_dags/example_kubernetes_executor.py
[2024-07-07T20:14:27.153-0300] {logging_mixin.py:188} INFO - [2024-07-07T20:14:27.153-0300] {example_kubernetes_executor.py:39} WARNING - The example_kubernetes_executor example DAG requires the kubernetes provider. Please install it with: pip install apache-airflow[cncf.kubernetes]
[2024-07-07T20:14:27.154-0300] {processor.py:842} WARNING - No viable dags retrieved from /home/johnny/airflow/lib/python3.12/site-packages/airflow/example_dags/example_kubernetes_executor.py
[2024-07-07T20:14:27.173-0300] {processor.py:183} INFO - Processing /home/johnny/airflow/lib/python3.12/site-packages/airflow/example_dags/example_kubernetes_executor.py took 0.043 seconds
[2024-07-07T20:15:26.177-0300] {processor.py:161} INFO - Started process (PID=40197) to work on /home/johnny/airflow/lib/python3.12/site-packages/airflow/example_dags/example_kubernetes_executor.py
[2024-07-07T20:15:26.182-0300] {processor.py:830} INFO - Processing file /home/johnny/airflow/lib/python3.12/site-packages/airflow/example_dags/example_kubernetes_executor.py for tasks to queue
[2024-07-07T20:15:26.184-0300] {logging_mixin.py:188} INFO - [2024-07-07T20:15:26.184-0300] {dagbag.py:545} INFO - Filling up the DagBag from /home/johnny/airflow/lib/python3.12/site-packages/airflow/example_dags/example_kubernetes_executor.py
[2024-07-07T20:15:26.189-0300] {logging_mixin.py:188} INFO - [2024-07-07T20:15:26.189-0300] {example_kubernetes_executor.py:39} WARNING - The example_kubernetes_executor example DAG requires the kubernetes provider. Please install it with: pip install apache-airflow[cncf.kubernetes]
[2024-07-07T20:15:26.190-0300] {processor.py:842} WARNING - No viable dags retrieved from /home/johnny/airflow/lib/python3.12/site-packages/airflow/example_dags/example_kubernetes_executor.py
[2024-07-07T20:15:26.209-0300] {processor.py:183} INFO - Processing /home/johnny/airflow/lib/python3.12/site-packages/airflow/example_dags/example_kubernetes_executor.py took 0.044 seconds
[2024-07-07T20:16:29.905-0300] {processor.py:161} INFO - Started process (PID=40391) to work on /home/johnny/airflow/lib/python3.12/site-packages/airflow/example_dags/example_kubernetes_executor.py
[2024-07-07T20:16:29.907-0300] {processor.py:830} INFO - Processing file /home/johnny/airflow/lib/python3.12/site-packages/airflow/example_dags/example_kubernetes_executor.py for tasks to queue
[2024-07-07T20:16:29.909-0300] {logging_mixin.py:188} INFO - [2024-07-07T20:16:29.908-0300] {dagbag.py:545} INFO - Filling up the DagBag from /home/johnny/airflow/lib/python3.12/site-packages/airflow/example_dags/example_kubernetes_executor.py
[2024-07-07T20:16:29.915-0300] {logging_mixin.py:188} INFO - [2024-07-07T20:16:29.915-0300] {example_kubernetes_executor.py:39} WARNING - The example_kubernetes_executor example DAG requires the kubernetes provider. Please install it with: pip install apache-airflow[cncf.kubernetes]
[2024-07-07T20:16:29.916-0300] {processor.py:842} WARNING - No viable dags retrieved from /home/johnny/airflow/lib/python3.12/site-packages/airflow/example_dags/example_kubernetes_executor.py
[2024-07-07T20:16:29.936-0300] {processor.py:183} INFO - Processing /home/johnny/airflow/lib/python3.12/site-packages/airflow/example_dags/example_kubernetes_executor.py took 0.044 seconds
[2024-07-07T20:17:32.990-0300] {processor.py:161} INFO - Started process (PID=40565) to work on /home/johnny/airflow/lib/python3.12/site-packages/airflow/example_dags/example_kubernetes_executor.py
[2024-07-07T20:17:32.994-0300] {processor.py:830} INFO - Processing file /home/johnny/airflow/lib/python3.12/site-packages/airflow/example_dags/example_kubernetes_executor.py for tasks to queue
[2024-07-07T20:17:32.997-0300] {logging_mixin.py:188} INFO - [2024-07-07T20:17:32.996-0300] {dagbag.py:545} INFO - Filling up the DagBag from /home/johnny/airflow/lib/python3.12/site-packages/airflow/example_dags/example_kubernetes_executor.py
[2024-07-07T20:17:33.007-0300] {logging_mixin.py:188} INFO - [2024-07-07T20:17:33.006-0300] {example_kubernetes_executor.py:39} WARNING - The example_kubernetes_executor example DAG requires the kubernetes provider. Please install it with: pip install apache-airflow[cncf.kubernetes]
[2024-07-07T20:17:33.009-0300] {processor.py:842} WARNING - No viable dags retrieved from /home/johnny/airflow/lib/python3.12/site-packages/airflow/example_dags/example_kubernetes_executor.py
[2024-07-07T20:17:33.032-0300] {processor.py:183} INFO - Processing /home/johnny/airflow/lib/python3.12/site-packages/airflow/example_dags/example_kubernetes_executor.py took 0.062 seconds
[2024-07-07T20:18:35.949-0300] {processor.py:161} INFO - Started process (PID=40733) to work on /home/johnny/airflow/lib/python3.12/site-packages/airflow/example_dags/example_kubernetes_executor.py
[2024-07-07T20:18:35.951-0300] {processor.py:830} INFO - Processing file /home/johnny/airflow/lib/python3.12/site-packages/airflow/example_dags/example_kubernetes_executor.py for tasks to queue
[2024-07-07T20:18:35.953-0300] {logging_mixin.py:188} INFO - [2024-07-07T20:18:35.952-0300] {dagbag.py:545} INFO - Filling up the DagBag from /home/johnny/airflow/lib/python3.12/site-packages/airflow/example_dags/example_kubernetes_executor.py
[2024-07-07T20:18:35.959-0300] {logging_mixin.py:188} INFO - [2024-07-07T20:18:35.958-0300] {example_kubernetes_executor.py:39} WARNING - The example_kubernetes_executor example DAG requires the kubernetes provider. Please install it with: pip install apache-airflow[cncf.kubernetes]
[2024-07-07T20:18:35.959-0300] {processor.py:842} WARNING - No viable dags retrieved from /home/johnny/airflow/lib/python3.12/site-packages/airflow/example_dags/example_kubernetes_executor.py
[2024-07-07T20:18:35.980-0300] {processor.py:183} INFO - Processing /home/johnny/airflow/lib/python3.12/site-packages/airflow/example_dags/example_kubernetes_executor.py took 0.043 seconds
[2024-07-07T20:19:39.778-0300] {processor.py:161} INFO - Started process (PID=40909) to work on /home/johnny/airflow/lib/python3.12/site-packages/airflow/example_dags/example_kubernetes_executor.py
[2024-07-07T20:19:39.781-0300] {processor.py:830} INFO - Processing file /home/johnny/airflow/lib/python3.12/site-packages/airflow/example_dags/example_kubernetes_executor.py for tasks to queue
[2024-07-07T20:19:39.783-0300] {logging_mixin.py:188} INFO - [2024-07-07T20:19:39.782-0300] {dagbag.py:545} INFO - Filling up the DagBag from /home/johnny/airflow/lib/python3.12/site-packages/airflow/example_dags/example_kubernetes_executor.py
[2024-07-07T20:19:39.789-0300] {logging_mixin.py:188} INFO - [2024-07-07T20:19:39.788-0300] {example_kubernetes_executor.py:39} WARNING - The example_kubernetes_executor example DAG requires the kubernetes provider. Please install it with: pip install apache-airflow[cncf.kubernetes]
[2024-07-07T20:19:39.790-0300] {processor.py:842} WARNING - No viable dags retrieved from /home/johnny/airflow/lib/python3.12/site-packages/airflow/example_dags/example_kubernetes_executor.py
[2024-07-07T20:19:39.809-0300] {processor.py:183} INFO - Processing /home/johnny/airflow/lib/python3.12/site-packages/airflow/example_dags/example_kubernetes_executor.py took 0.042 seconds
[2024-07-07T20:20:40.665-0300] {processor.py:161} INFO - Started process (PID=41078) to work on /home/johnny/airflow/lib/python3.12/site-packages/airflow/example_dags/example_kubernetes_executor.py
[2024-07-07T20:20:40.667-0300] {processor.py:830} INFO - Processing file /home/johnny/airflow/lib/python3.12/site-packages/airflow/example_dags/example_kubernetes_executor.py for tasks to queue
[2024-07-07T20:20:40.670-0300] {logging_mixin.py:188} INFO - [2024-07-07T20:20:40.669-0300] {dagbag.py:545} INFO - Filling up the DagBag from /home/johnny/airflow/lib/python3.12/site-packages/airflow/example_dags/example_kubernetes_executor.py
[2024-07-07T20:20:40.677-0300] {logging_mixin.py:188} INFO - [2024-07-07T20:20:40.676-0300] {example_kubernetes_executor.py:39} WARNING - The example_kubernetes_executor example DAG requires the kubernetes provider. Please install it with: pip install apache-airflow[cncf.kubernetes]
[2024-07-07T20:20:40.678-0300] {processor.py:842} WARNING - No viable dags retrieved from /home/johnny/airflow/lib/python3.12/site-packages/airflow/example_dags/example_kubernetes_executor.py
[2024-07-07T20:20:40.701-0300] {processor.py:183} INFO - Processing /home/johnny/airflow/lib/python3.12/site-packages/airflow/example_dags/example_kubernetes_executor.py took 0.048 seconds
[2024-07-07T20:21:45.122-0300] {processor.py:161} INFO - Started process (PID=41250) to work on /home/johnny/airflow/lib/python3.12/site-packages/airflow/example_dags/example_kubernetes_executor.py
[2024-07-07T20:21:45.125-0300] {processor.py:830} INFO - Processing file /home/johnny/airflow/lib/python3.12/site-packages/airflow/example_dags/example_kubernetes_executor.py for tasks to queue
[2024-07-07T20:21:45.129-0300] {logging_mixin.py:188} INFO - [2024-07-07T20:21:45.127-0300] {dagbag.py:545} INFO - Filling up the DagBag from /home/johnny/airflow/lib/python3.12/site-packages/airflow/example_dags/example_kubernetes_executor.py
[2024-07-07T20:21:45.137-0300] {logging_mixin.py:188} INFO - [2024-07-07T20:21:45.136-0300] {example_kubernetes_executor.py:39} WARNING - The example_kubernetes_executor example DAG requires the kubernetes provider. Please install it with: pip install apache-airflow[cncf.kubernetes]
[2024-07-07T20:21:45.137-0300] {processor.py:842} WARNING - No viable dags retrieved from /home/johnny/airflow/lib/python3.12/site-packages/airflow/example_dags/example_kubernetes_executor.py
[2024-07-07T20:21:45.161-0300] {processor.py:183} INFO - Processing /home/johnny/airflow/lib/python3.12/site-packages/airflow/example_dags/example_kubernetes_executor.py took 0.049 seconds
[2024-07-07T20:22:51.623-0300] {processor.py:161} INFO - Started process (PID=41429) to work on /home/johnny/airflow/lib/python3.12/site-packages/airflow/example_dags/example_kubernetes_executor.py
[2024-07-07T20:22:51.626-0300] {processor.py:830} INFO - Processing file /home/johnny/airflow/lib/python3.12/site-packages/airflow/example_dags/example_kubernetes_executor.py for tasks to queue
[2024-07-07T20:22:51.629-0300] {logging_mixin.py:188} INFO - [2024-07-07T20:22:51.628-0300] {dagbag.py:545} INFO - Filling up the DagBag from /home/johnny/airflow/lib/python3.12/site-packages/airflow/example_dags/example_kubernetes_executor.py
[2024-07-07T20:22:51.634-0300] {logging_mixin.py:188} INFO - [2024-07-07T20:22:51.633-0300] {example_kubernetes_executor.py:39} WARNING - The example_kubernetes_executor example DAG requires the kubernetes provider. Please install it with: pip install apache-airflow[cncf.kubernetes]
[2024-07-07T20:22:51.635-0300] {processor.py:842} WARNING - No viable dags retrieved from /home/johnny/airflow/lib/python3.12/site-packages/airflow/example_dags/example_kubernetes_executor.py
[2024-07-07T20:22:51.659-0300] {processor.py:183} INFO - Processing /home/johnny/airflow/lib/python3.12/site-packages/airflow/example_dags/example_kubernetes_executor.py took 0.048 seconds
[2024-07-07T20:23:53.244-0300] {processor.py:161} INFO - Started process (PID=41599) to work on /home/johnny/airflow/lib/python3.12/site-packages/airflow/example_dags/example_kubernetes_executor.py
[2024-07-07T20:23:53.246-0300] {processor.py:830} INFO - Processing file /home/johnny/airflow/lib/python3.12/site-packages/airflow/example_dags/example_kubernetes_executor.py for tasks to queue
[2024-07-07T20:23:53.248-0300] {logging_mixin.py:188} INFO - [2024-07-07T20:23:53.248-0300] {dagbag.py:545} INFO - Filling up the DagBag from /home/johnny/airflow/lib/python3.12/site-packages/airflow/example_dags/example_kubernetes_executor.py
[2024-07-07T20:23:53.254-0300] {logging_mixin.py:188} INFO - [2024-07-07T20:23:53.253-0300] {example_kubernetes_executor.py:39} WARNING - The example_kubernetes_executor example DAG requires the kubernetes provider. Please install it with: pip install apache-airflow[cncf.kubernetes]
[2024-07-07T20:23:53.255-0300] {processor.py:842} WARNING - No viable dags retrieved from /home/johnny/airflow/lib/python3.12/site-packages/airflow/example_dags/example_kubernetes_executor.py
[2024-07-07T20:23:53.274-0300] {processor.py:183} INFO - Processing /home/johnny/airflow/lib/python3.12/site-packages/airflow/example_dags/example_kubernetes_executor.py took 0.041 seconds
[2024-07-07T20:24:54.778-0300] {processor.py:161} INFO - Started process (PID=41760) to work on /home/johnny/airflow/lib/python3.12/site-packages/airflow/example_dags/example_kubernetes_executor.py
[2024-07-07T20:24:54.783-0300] {processor.py:830} INFO - Processing file /home/johnny/airflow/lib/python3.12/site-packages/airflow/example_dags/example_kubernetes_executor.py for tasks to queue
[2024-07-07T20:24:54.785-0300] {logging_mixin.py:188} INFO - [2024-07-07T20:24:54.785-0300] {dagbag.py:545} INFO - Filling up the DagBag from /home/johnny/airflow/lib/python3.12/site-packages/airflow/example_dags/example_kubernetes_executor.py
[2024-07-07T20:24:54.791-0300] {logging_mixin.py:188} INFO - [2024-07-07T20:24:54.790-0300] {example_kubernetes_executor.py:39} WARNING - The example_kubernetes_executor example DAG requires the kubernetes provider. Please install it with: pip install apache-airflow[cncf.kubernetes]
[2024-07-07T20:24:54.792-0300] {processor.py:842} WARNING - No viable dags retrieved from /home/johnny/airflow/lib/python3.12/site-packages/airflow/example_dags/example_kubernetes_executor.py
[2024-07-07T20:24:54.811-0300] {processor.py:183} INFO - Processing /home/johnny/airflow/lib/python3.12/site-packages/airflow/example_dags/example_kubernetes_executor.py took 0.045 seconds
[2024-07-07T20:25:53.136-0300] {processor.py:161} INFO - Started process (PID=41921) to work on /home/johnny/airflow/lib/python3.12/site-packages/airflow/example_dags/example_kubernetes_executor.py
[2024-07-07T20:25:53.141-0300] {processor.py:830} INFO - Processing file /home/johnny/airflow/lib/python3.12/site-packages/airflow/example_dags/example_kubernetes_executor.py for tasks to queue
[2024-07-07T20:25:53.143-0300] {logging_mixin.py:188} INFO - [2024-07-07T20:25:53.142-0300] {dagbag.py:545} INFO - Filling up the DagBag from /home/johnny/airflow/lib/python3.12/site-packages/airflow/example_dags/example_kubernetes_executor.py
[2024-07-07T20:25:53.148-0300] {logging_mixin.py:188} INFO - [2024-07-07T20:25:53.148-0300] {example_kubernetes_executor.py:39} WARNING - The example_kubernetes_executor example DAG requires the kubernetes provider. Please install it with: pip install apache-airflow[cncf.kubernetes]
[2024-07-07T20:25:53.149-0300] {processor.py:842} WARNING - No viable dags retrieved from /home/johnny/airflow/lib/python3.12/site-packages/airflow/example_dags/example_kubernetes_executor.py
[2024-07-07T20:25:53.169-0300] {processor.py:183} INFO - Processing /home/johnny/airflow/lib/python3.12/site-packages/airflow/example_dags/example_kubernetes_executor.py took 0.044 seconds
[2024-07-07T20:26:54.219-0300] {processor.py:161} INFO - Started process (PID=42084) to work on /home/johnny/airflow/lib/python3.12/site-packages/airflow/example_dags/example_kubernetes_executor.py
[2024-07-07T20:26:54.224-0300] {processor.py:830} INFO - Processing file /home/johnny/airflow/lib/python3.12/site-packages/airflow/example_dags/example_kubernetes_executor.py for tasks to queue
[2024-07-07T20:26:54.226-0300] {logging_mixin.py:188} INFO - [2024-07-07T20:26:54.226-0300] {dagbag.py:545} INFO - Filling up the DagBag from /home/johnny/airflow/lib/python3.12/site-packages/airflow/example_dags/example_kubernetes_executor.py
[2024-07-07T20:26:54.231-0300] {logging_mixin.py:188} INFO - [2024-07-07T20:26:54.231-0300] {example_kubernetes_executor.py:39} WARNING - The example_kubernetes_executor example DAG requires the kubernetes provider. Please install it with: pip install apache-airflow[cncf.kubernetes]
[2024-07-07T20:26:54.232-0300] {processor.py:842} WARNING - No viable dags retrieved from /home/johnny/airflow/lib/python3.12/site-packages/airflow/example_dags/example_kubernetes_executor.py
[2024-07-07T20:26:54.251-0300] {processor.py:183} INFO - Processing /home/johnny/airflow/lib/python3.12/site-packages/airflow/example_dags/example_kubernetes_executor.py took 0.044 seconds
[2024-07-07T20:28:06.581-0300] {processor.py:161} INFO - Started process (PID=42282) to work on /home/johnny/airflow/lib/python3.12/site-packages/airflow/example_dags/example_kubernetes_executor.py
[2024-07-07T20:28:06.584-0300] {processor.py:830} INFO - Processing file /home/johnny/airflow/lib/python3.12/site-packages/airflow/example_dags/example_kubernetes_executor.py for tasks to queue
[2024-07-07T20:28:06.586-0300] {logging_mixin.py:188} INFO - [2024-07-07T20:28:06.585-0300] {dagbag.py:545} INFO - Filling up the DagBag from /home/johnny/airflow/lib/python3.12/site-packages/airflow/example_dags/example_kubernetes_executor.py
[2024-07-07T20:28:06.592-0300] {logging_mixin.py:188} INFO - [2024-07-07T20:28:06.592-0300] {example_kubernetes_executor.py:39} WARNING - The example_kubernetes_executor example DAG requires the kubernetes provider. Please install it with: pip install apache-airflow[cncf.kubernetes]
[2024-07-07T20:28:06.593-0300] {processor.py:842} WARNING - No viable dags retrieved from /home/johnny/airflow/lib/python3.12/site-packages/airflow/example_dags/example_kubernetes_executor.py
[2024-07-07T20:28:06.612-0300] {processor.py:183} INFO - Processing /home/johnny/airflow/lib/python3.12/site-packages/airflow/example_dags/example_kubernetes_executor.py took 0.044 seconds
[2024-07-07T20:29:15.416-0300] {processor.py:161} INFO - Started process (PID=42473) to work on /home/johnny/airflow/lib/python3.12/site-packages/airflow/example_dags/example_kubernetes_executor.py
[2024-07-07T20:29:15.419-0300] {processor.py:830} INFO - Processing file /home/johnny/airflow/lib/python3.12/site-packages/airflow/example_dags/example_kubernetes_executor.py for tasks to queue
[2024-07-07T20:29:15.420-0300] {logging_mixin.py:188} INFO - [2024-07-07T20:29:15.420-0300] {dagbag.py:545} INFO - Filling up the DagBag from /home/johnny/airflow/lib/python3.12/site-packages/airflow/example_dags/example_kubernetes_executor.py
[2024-07-07T20:29:15.426-0300] {logging_mixin.py:188} INFO - [2024-07-07T20:29:15.425-0300] {example_kubernetes_executor.py:39} WARNING - The example_kubernetes_executor example DAG requires the kubernetes provider. Please install it with: pip install apache-airflow[cncf.kubernetes]
[2024-07-07T20:29:15.427-0300] {processor.py:842} WARNING - No viable dags retrieved from /home/johnny/airflow/lib/python3.12/site-packages/airflow/example_dags/example_kubernetes_executor.py
[2024-07-07T20:29:15.445-0300] {processor.py:183} INFO - Processing /home/johnny/airflow/lib/python3.12/site-packages/airflow/example_dags/example_kubernetes_executor.py took 0.040 seconds
[2024-07-07T20:30:21.266-0300] {processor.py:161} INFO - Started process (PID=42652) to work on /home/johnny/airflow/lib/python3.12/site-packages/airflow/example_dags/example_kubernetes_executor.py
[2024-07-07T20:30:21.268-0300] {processor.py:830} INFO - Processing file /home/johnny/airflow/lib/python3.12/site-packages/airflow/example_dags/example_kubernetes_executor.py for tasks to queue
[2024-07-07T20:30:21.270-0300] {logging_mixin.py:188} INFO - [2024-07-07T20:30:21.269-0300] {dagbag.py:545} INFO - Filling up the DagBag from /home/johnny/airflow/lib/python3.12/site-packages/airflow/example_dags/example_kubernetes_executor.py
[2024-07-07T20:30:21.276-0300] {logging_mixin.py:188} INFO - [2024-07-07T20:30:21.275-0300] {example_kubernetes_executor.py:39} WARNING - The example_kubernetes_executor example DAG requires the kubernetes provider. Please install it with: pip install apache-airflow[cncf.kubernetes]
[2024-07-07T20:30:21.277-0300] {processor.py:842} WARNING - No viable dags retrieved from /home/johnny/airflow/lib/python3.12/site-packages/airflow/example_dags/example_kubernetes_executor.py
[2024-07-07T20:30:21.296-0300] {processor.py:183} INFO - Processing /home/johnny/airflow/lib/python3.12/site-packages/airflow/example_dags/example_kubernetes_executor.py took 0.043 seconds
[2024-07-07T20:31:21.378-0300] {processor.py:161} INFO - Started process (PID=42814) to work on /home/johnny/airflow/lib/python3.12/site-packages/airflow/example_dags/example_kubernetes_executor.py
[2024-07-07T20:31:21.381-0300] {processor.py:830} INFO - Processing file /home/johnny/airflow/lib/python3.12/site-packages/airflow/example_dags/example_kubernetes_executor.py for tasks to queue
[2024-07-07T20:31:21.383-0300] {logging_mixin.py:188} INFO - [2024-07-07T20:31:21.382-0300] {dagbag.py:545} INFO - Filling up the DagBag from /home/johnny/airflow/lib/python3.12/site-packages/airflow/example_dags/example_kubernetes_executor.py
[2024-07-07T20:31:21.389-0300] {logging_mixin.py:188} INFO - [2024-07-07T20:31:21.388-0300] {example_kubernetes_executor.py:39} WARNING - The example_kubernetes_executor example DAG requires the kubernetes provider. Please install it with: pip install apache-airflow[cncf.kubernetes]
[2024-07-07T20:31:21.389-0300] {processor.py:842} WARNING - No viable dags retrieved from /home/johnny/airflow/lib/python3.12/site-packages/airflow/example_dags/example_kubernetes_executor.py
[2024-07-07T20:31:21.408-0300] {processor.py:183} INFO - Processing /home/johnny/airflow/lib/python3.12/site-packages/airflow/example_dags/example_kubernetes_executor.py took 0.041 seconds
[2024-07-07T20:32:22.719-0300] {processor.py:161} INFO - Started process (PID=42986) to work on /home/johnny/airflow/lib/python3.12/site-packages/airflow/example_dags/example_kubernetes_executor.py
[2024-07-07T20:32:22.722-0300] {processor.py:830} INFO - Processing file /home/johnny/airflow/lib/python3.12/site-packages/airflow/example_dags/example_kubernetes_executor.py for tasks to queue
[2024-07-07T20:32:22.724-0300] {logging_mixin.py:188} INFO - [2024-07-07T20:32:22.723-0300] {dagbag.py:545} INFO - Filling up the DagBag from /home/johnny/airflow/lib/python3.12/site-packages/airflow/example_dags/example_kubernetes_executor.py
[2024-07-07T20:32:22.729-0300] {logging_mixin.py:188} INFO - [2024-07-07T20:32:22.729-0300] {example_kubernetes_executor.py:39} WARNING - The example_kubernetes_executor example DAG requires the kubernetes provider. Please install it with: pip install apache-airflow[cncf.kubernetes]
[2024-07-07T20:32:22.730-0300] {processor.py:842} WARNING - No viable dags retrieved from /home/johnny/airflow/lib/python3.12/site-packages/airflow/example_dags/example_kubernetes_executor.py
[2024-07-07T20:32:22.749-0300] {processor.py:183} INFO - Processing /home/johnny/airflow/lib/python3.12/site-packages/airflow/example_dags/example_kubernetes_executor.py took 0.041 seconds
[2024-07-07T20:34:00.127-0300] {processor.py:161} INFO - Started process (PID=43277) to work on /home/johnny/airflow/lib/python3.12/site-packages/airflow/example_dags/example_kubernetes_executor.py
[2024-07-07T20:34:00.130-0300] {processor.py:830} INFO - Processing file /home/johnny/airflow/lib/python3.12/site-packages/airflow/example_dags/example_kubernetes_executor.py for tasks to queue
[2024-07-07T20:34:00.133-0300] {logging_mixin.py:188} INFO - [2024-07-07T20:34:00.132-0300] {dagbag.py:545} INFO - Filling up the DagBag from /home/johnny/airflow/lib/python3.12/site-packages/airflow/example_dags/example_kubernetes_executor.py
[2024-07-07T20:34:00.140-0300] {logging_mixin.py:188} INFO - [2024-07-07T20:34:00.140-0300] {example_kubernetes_executor.py:39} WARNING - The example_kubernetes_executor example DAG requires the kubernetes provider. Please install it with: pip install apache-airflow[cncf.kubernetes]
[2024-07-07T20:34:00.141-0300] {processor.py:842} WARNING - No viable dags retrieved from /home/johnny/airflow/lib/python3.12/site-packages/airflow/example_dags/example_kubernetes_executor.py
[2024-07-07T20:34:00.161-0300] {processor.py:183} INFO - Processing /home/johnny/airflow/lib/python3.12/site-packages/airflow/example_dags/example_kubernetes_executor.py took 0.045 seconds
[2024-07-07T20:35:03.952-0300] {processor.py:161} INFO - Started process (PID=43449) to work on /home/johnny/airflow/lib/python3.12/site-packages/airflow/example_dags/example_kubernetes_executor.py
[2024-07-07T20:35:03.954-0300] {processor.py:830} INFO - Processing file /home/johnny/airflow/lib/python3.12/site-packages/airflow/example_dags/example_kubernetes_executor.py for tasks to queue
[2024-07-07T20:35:03.956-0300] {logging_mixin.py:188} INFO - [2024-07-07T20:35:03.955-0300] {dagbag.py:545} INFO - Filling up the DagBag from /home/johnny/airflow/lib/python3.12/site-packages/airflow/example_dags/example_kubernetes_executor.py
[2024-07-07T20:35:03.962-0300] {logging_mixin.py:188} INFO - [2024-07-07T20:35:03.961-0300] {example_kubernetes_executor.py:39} WARNING - The example_kubernetes_executor example DAG requires the kubernetes provider. Please install it with: pip install apache-airflow[cncf.kubernetes]
[2024-07-07T20:35:03.963-0300] {processor.py:842} WARNING - No viable dags retrieved from /home/johnny/airflow/lib/python3.12/site-packages/airflow/example_dags/example_kubernetes_executor.py
[2024-07-07T20:35:03.984-0300] {processor.py:183} INFO - Processing /home/johnny/airflow/lib/python3.12/site-packages/airflow/example_dags/example_kubernetes_executor.py took 0.044 seconds
[2024-07-07T20:36:04.736-0300] {processor.py:161} INFO - Started process (PID=43617) to work on /home/johnny/airflow/lib/python3.12/site-packages/airflow/example_dags/example_kubernetes_executor.py
[2024-07-07T20:36:04.739-0300] {processor.py:830} INFO - Processing file /home/johnny/airflow/lib/python3.12/site-packages/airflow/example_dags/example_kubernetes_executor.py for tasks to queue
[2024-07-07T20:36:04.741-0300] {logging_mixin.py:188} INFO - [2024-07-07T20:36:04.740-0300] {dagbag.py:545} INFO - Filling up the DagBag from /home/johnny/airflow/lib/python3.12/site-packages/airflow/example_dags/example_kubernetes_executor.py
[2024-07-07T20:36:04.746-0300] {logging_mixin.py:188} INFO - [2024-07-07T20:36:04.745-0300] {example_kubernetes_executor.py:39} WARNING - The example_kubernetes_executor example DAG requires the kubernetes provider. Please install it with: pip install apache-airflow[cncf.kubernetes]
[2024-07-07T20:36:04.747-0300] {processor.py:842} WARNING - No viable dags retrieved from /home/johnny/airflow/lib/python3.12/site-packages/airflow/example_dags/example_kubernetes_executor.py
[2024-07-07T20:36:04.765-0300] {processor.py:183} INFO - Processing /home/johnny/airflow/lib/python3.12/site-packages/airflow/example_dags/example_kubernetes_executor.py took 0.042 seconds
[2024-07-07T20:37:11.189-0300] {processor.py:161} INFO - Started process (PID=43792) to work on /home/johnny/airflow/lib/python3.12/site-packages/airflow/example_dags/example_kubernetes_executor.py
[2024-07-07T20:37:11.191-0300] {processor.py:830} INFO - Processing file /home/johnny/airflow/lib/python3.12/site-packages/airflow/example_dags/example_kubernetes_executor.py for tasks to queue
[2024-07-07T20:37:11.193-0300] {logging_mixin.py:188} INFO - [2024-07-07T20:37:11.193-0300] {dagbag.py:545} INFO - Filling up the DagBag from /home/johnny/airflow/lib/python3.12/site-packages/airflow/example_dags/example_kubernetes_executor.py
[2024-07-07T20:37:11.201-0300] {logging_mixin.py:188} INFO - [2024-07-07T20:37:11.200-0300] {example_kubernetes_executor.py:39} WARNING - The example_kubernetes_executor example DAG requires the kubernetes provider. Please install it with: pip install apache-airflow[cncf.kubernetes]
[2024-07-07T20:37:11.202-0300] {processor.py:842} WARNING - No viable dags retrieved from /home/johnny/airflow/lib/python3.12/site-packages/airflow/example_dags/example_kubernetes_executor.py
[2024-07-07T20:37:11.223-0300] {processor.py:183} INFO - Processing /home/johnny/airflow/lib/python3.12/site-packages/airflow/example_dags/example_kubernetes_executor.py took 0.046 seconds
[2024-07-07T20:38:13.905-0300] {processor.py:161} INFO - Started process (PID=43966) to work on /home/johnny/airflow/lib/python3.12/site-packages/airflow/example_dags/example_kubernetes_executor.py
[2024-07-07T20:38:13.907-0300] {processor.py:830} INFO - Processing file /home/johnny/airflow/lib/python3.12/site-packages/airflow/example_dags/example_kubernetes_executor.py for tasks to queue
[2024-07-07T20:38:13.909-0300] {logging_mixin.py:188} INFO - [2024-07-07T20:38:13.908-0300] {dagbag.py:545} INFO - Filling up the DagBag from /home/johnny/airflow/lib/python3.12/site-packages/airflow/example_dags/example_kubernetes_executor.py
[2024-07-07T20:38:13.916-0300] {logging_mixin.py:188} INFO - [2024-07-07T20:38:13.915-0300] {example_kubernetes_executor.py:39} WARNING - The example_kubernetes_executor example DAG requires the kubernetes provider. Please install it with: pip install apache-airflow[cncf.kubernetes]
[2024-07-07T20:38:13.917-0300] {processor.py:842} WARNING - No viable dags retrieved from /home/johnny/airflow/lib/python3.12/site-packages/airflow/example_dags/example_kubernetes_executor.py
[2024-07-07T20:38:13.939-0300] {processor.py:183} INFO - Processing /home/johnny/airflow/lib/python3.12/site-packages/airflow/example_dags/example_kubernetes_executor.py took 0.049 seconds
[2024-07-07T20:39:18.233-0300] {processor.py:161} INFO - Started process (PID=44132) to work on /home/johnny/airflow/lib/python3.12/site-packages/airflow/example_dags/example_kubernetes_executor.py
[2024-07-07T20:39:18.236-0300] {processor.py:830} INFO - Processing file /home/johnny/airflow/lib/python3.12/site-packages/airflow/example_dags/example_kubernetes_executor.py for tasks to queue
[2024-07-07T20:39:18.238-0300] {logging_mixin.py:188} INFO - [2024-07-07T20:39:18.237-0300] {dagbag.py:545} INFO - Filling up the DagBag from /home/johnny/airflow/lib/python3.12/site-packages/airflow/example_dags/example_kubernetes_executor.py
[2024-07-07T20:39:18.244-0300] {logging_mixin.py:188} INFO - [2024-07-07T20:39:18.243-0300] {example_kubernetes_executor.py:39} WARNING - The example_kubernetes_executor example DAG requires the kubernetes provider. Please install it with: pip install apache-airflow[cncf.kubernetes]
[2024-07-07T20:39:18.245-0300] {processor.py:842} WARNING - No viable dags retrieved from /home/johnny/airflow/lib/python3.12/site-packages/airflow/example_dags/example_kubernetes_executor.py
[2024-07-07T20:39:18.267-0300] {processor.py:183} INFO - Processing /home/johnny/airflow/lib/python3.12/site-packages/airflow/example_dags/example_kubernetes_executor.py took 0.047 seconds
[2024-07-07T20:40:24.416-0300] {processor.py:161} INFO - Started process (PID=44310) to work on /home/johnny/airflow/lib/python3.12/site-packages/airflow/example_dags/example_kubernetes_executor.py
[2024-07-07T20:40:24.422-0300] {processor.py:830} INFO - Processing file /home/johnny/airflow/lib/python3.12/site-packages/airflow/example_dags/example_kubernetes_executor.py for tasks to queue
[2024-07-07T20:40:24.425-0300] {logging_mixin.py:188} INFO - [2024-07-07T20:40:24.423-0300] {dagbag.py:545} INFO - Filling up the DagBag from /home/johnny/airflow/lib/python3.12/site-packages/airflow/example_dags/example_kubernetes_executor.py
[2024-07-07T20:40:24.430-0300] {logging_mixin.py:188} INFO - [2024-07-07T20:40:24.430-0300] {example_kubernetes_executor.py:39} WARNING - The example_kubernetes_executor example DAG requires the kubernetes provider. Please install it with: pip install apache-airflow[cncf.kubernetes]
[2024-07-07T20:40:24.431-0300] {processor.py:842} WARNING - No viable dags retrieved from /home/johnny/airflow/lib/python3.12/site-packages/airflow/example_dags/example_kubernetes_executor.py
[2024-07-07T20:40:24.451-0300] {processor.py:183} INFO - Processing /home/johnny/airflow/lib/python3.12/site-packages/airflow/example_dags/example_kubernetes_executor.py took 0.047 seconds
[2024-07-07T20:41:35.295-0300] {processor.py:161} INFO - Started process (PID=44504) to work on /home/johnny/airflow/lib/python3.12/site-packages/airflow/example_dags/example_kubernetes_executor.py
[2024-07-07T20:41:35.301-0300] {processor.py:830} INFO - Processing file /home/johnny/airflow/lib/python3.12/site-packages/airflow/example_dags/example_kubernetes_executor.py for tasks to queue
[2024-07-07T20:41:35.303-0300] {logging_mixin.py:188} INFO - [2024-07-07T20:41:35.302-0300] {dagbag.py:545} INFO - Filling up the DagBag from /home/johnny/airflow/lib/python3.12/site-packages/airflow/example_dags/example_kubernetes_executor.py
[2024-07-07T20:41:35.308-0300] {logging_mixin.py:188} INFO - [2024-07-07T20:41:35.308-0300] {example_kubernetes_executor.py:39} WARNING - The example_kubernetes_executor example DAG requires the kubernetes provider. Please install it with: pip install apache-airflow[cncf.kubernetes]
[2024-07-07T20:41:35.309-0300] {processor.py:842} WARNING - No viable dags retrieved from /home/johnny/airflow/lib/python3.12/site-packages/airflow/example_dags/example_kubernetes_executor.py
[2024-07-07T20:41:35.329-0300] {processor.py:183} INFO - Processing /home/johnny/airflow/lib/python3.12/site-packages/airflow/example_dags/example_kubernetes_executor.py took 0.046 seconds
[2024-07-07T20:42:41.451-0300] {processor.py:161} INFO - Started process (PID=44682) to work on /home/johnny/airflow/lib/python3.12/site-packages/airflow/example_dags/example_kubernetes_executor.py
[2024-07-07T20:42:41.457-0300] {processor.py:830} INFO - Processing file /home/johnny/airflow/lib/python3.12/site-packages/airflow/example_dags/example_kubernetes_executor.py for tasks to queue
[2024-07-07T20:42:41.459-0300] {logging_mixin.py:188} INFO - [2024-07-07T20:42:41.458-0300] {dagbag.py:545} INFO - Filling up the DagBag from /home/johnny/airflow/lib/python3.12/site-packages/airflow/example_dags/example_kubernetes_executor.py
[2024-07-07T20:42:41.465-0300] {logging_mixin.py:188} INFO - [2024-07-07T20:42:41.464-0300] {example_kubernetes_executor.py:39} WARNING - The example_kubernetes_executor example DAG requires the kubernetes provider. Please install it with: pip install apache-airflow[cncf.kubernetes]
[2024-07-07T20:42:41.466-0300] {processor.py:842} WARNING - No viable dags retrieved from /home/johnny/airflow/lib/python3.12/site-packages/airflow/example_dags/example_kubernetes_executor.py
[2024-07-07T20:42:41.486-0300] {processor.py:183} INFO - Processing /home/johnny/airflow/lib/python3.12/site-packages/airflow/example_dags/example_kubernetes_executor.py took 0.047 seconds
[2024-07-07T20:43:45.958-0300] {processor.py:161} INFO - Started process (PID=44857) to work on /home/johnny/airflow/lib/python3.12/site-packages/airflow/example_dags/example_kubernetes_executor.py
[2024-07-07T20:43:45.962-0300] {processor.py:830} INFO - Processing file /home/johnny/airflow/lib/python3.12/site-packages/airflow/example_dags/example_kubernetes_executor.py for tasks to queue
[2024-07-07T20:43:45.969-0300] {logging_mixin.py:188} INFO - [2024-07-07T20:43:45.967-0300] {dagbag.py:545} INFO - Filling up the DagBag from /home/johnny/airflow/lib/python3.12/site-packages/airflow/example_dags/example_kubernetes_executor.py
[2024-07-07T20:43:45.977-0300] {logging_mixin.py:188} INFO - [2024-07-07T20:43:45.976-0300] {example_kubernetes_executor.py:39} WARNING - The example_kubernetes_executor example DAG requires the kubernetes provider. Please install it with: pip install apache-airflow[cncf.kubernetes]
[2024-07-07T20:43:45.978-0300] {processor.py:842} WARNING - No viable dags retrieved from /home/johnny/airflow/lib/python3.12/site-packages/airflow/example_dags/example_kubernetes_executor.py
[2024-07-07T20:43:46.009-0300] {processor.py:183} INFO - Processing /home/johnny/airflow/lib/python3.12/site-packages/airflow/example_dags/example_kubernetes_executor.py took 0.072 seconds
[2024-07-07T20:44:59.318-0300] {processor.py:161} INFO - Started process (PID=45057) to work on /home/johnny/airflow/lib/python3.12/site-packages/airflow/example_dags/example_kubernetes_executor.py
[2024-07-07T20:44:59.324-0300] {processor.py:830} INFO - Processing file /home/johnny/airflow/lib/python3.12/site-packages/airflow/example_dags/example_kubernetes_executor.py for tasks to queue
[2024-07-07T20:44:59.326-0300] {logging_mixin.py:188} INFO - [2024-07-07T20:44:59.325-0300] {dagbag.py:545} INFO - Filling up the DagBag from /home/johnny/airflow/lib/python3.12/site-packages/airflow/example_dags/example_kubernetes_executor.py
[2024-07-07T20:44:59.332-0300] {logging_mixin.py:188} INFO - [2024-07-07T20:44:59.331-0300] {example_kubernetes_executor.py:39} WARNING - The example_kubernetes_executor example DAG requires the kubernetes provider. Please install it with: pip install apache-airflow[cncf.kubernetes]
[2024-07-07T20:44:59.333-0300] {processor.py:842} WARNING - No viable dags retrieved from /home/johnny/airflow/lib/python3.12/site-packages/airflow/example_dags/example_kubernetes_executor.py
[2024-07-07T20:44:59.353-0300] {processor.py:183} INFO - Processing /home/johnny/airflow/lib/python3.12/site-packages/airflow/example_dags/example_kubernetes_executor.py took 0.048 seconds
[2024-07-07T20:46:02.680-0300] {processor.py:161} INFO - Started process (PID=45228) to work on /home/johnny/airflow/lib/python3.12/site-packages/airflow/example_dags/example_kubernetes_executor.py
[2024-07-07T20:46:02.686-0300] {processor.py:830} INFO - Processing file /home/johnny/airflow/lib/python3.12/site-packages/airflow/example_dags/example_kubernetes_executor.py for tasks to queue
[2024-07-07T20:46:02.689-0300] {logging_mixin.py:188} INFO - [2024-07-07T20:46:02.688-0300] {dagbag.py:545} INFO - Filling up the DagBag from /home/johnny/airflow/lib/python3.12/site-packages/airflow/example_dags/example_kubernetes_executor.py
[2024-07-07T20:46:02.696-0300] {logging_mixin.py:188} INFO - [2024-07-07T20:46:02.696-0300] {example_kubernetes_executor.py:39} WARNING - The example_kubernetes_executor example DAG requires the kubernetes provider. Please install it with: pip install apache-airflow[cncf.kubernetes]
[2024-07-07T20:46:02.697-0300] {processor.py:842} WARNING - No viable dags retrieved from /home/johnny/airflow/lib/python3.12/site-packages/airflow/example_dags/example_kubernetes_executor.py
[2024-07-07T20:46:02.717-0300] {processor.py:183} INFO - Processing /home/johnny/airflow/lib/python3.12/site-packages/airflow/example_dags/example_kubernetes_executor.py took 0.050 seconds
[2024-07-07T20:47:09.352-0300] {processor.py:161} INFO - Started process (PID=45406) to work on /home/johnny/airflow/lib/python3.12/site-packages/airflow/example_dags/example_kubernetes_executor.py
[2024-07-07T20:47:09.360-0300] {processor.py:830} INFO - Processing file /home/johnny/airflow/lib/python3.12/site-packages/airflow/example_dags/example_kubernetes_executor.py for tasks to queue
[2024-07-07T20:47:09.364-0300] {logging_mixin.py:188} INFO - [2024-07-07T20:47:09.362-0300] {dagbag.py:545} INFO - Filling up the DagBag from /home/johnny/airflow/lib/python3.12/site-packages/airflow/example_dags/example_kubernetes_executor.py
[2024-07-07T20:47:09.372-0300] {logging_mixin.py:188} INFO - [2024-07-07T20:47:09.371-0300] {example_kubernetes_executor.py:39} WARNING - The example_kubernetes_executor example DAG requires the kubernetes provider. Please install it with: pip install apache-airflow[cncf.kubernetes]
[2024-07-07T20:47:09.376-0300] {processor.py:842} WARNING - No viable dags retrieved from /home/johnny/airflow/lib/python3.12/site-packages/airflow/example_dags/example_kubernetes_executor.py
[2024-07-07T20:47:09.410-0300] {processor.py:183} INFO - Processing /home/johnny/airflow/lib/python3.12/site-packages/airflow/example_dags/example_kubernetes_executor.py took 0.076 seconds
[2024-07-07T20:48:14.758-0300] {processor.py:161} INFO - Started process (PID=45582) to work on /home/johnny/airflow/lib/python3.12/site-packages/airflow/example_dags/example_kubernetes_executor.py
[2024-07-07T20:48:14.762-0300] {processor.py:830} INFO - Processing file /home/johnny/airflow/lib/python3.12/site-packages/airflow/example_dags/example_kubernetes_executor.py for tasks to queue
[2024-07-07T20:48:14.765-0300] {logging_mixin.py:188} INFO - [2024-07-07T20:48:14.764-0300] {dagbag.py:545} INFO - Filling up the DagBag from /home/johnny/airflow/lib/python3.12/site-packages/airflow/example_dags/example_kubernetes_executor.py
[2024-07-07T20:48:14.772-0300] {logging_mixin.py:188} INFO - [2024-07-07T20:48:14.771-0300] {example_kubernetes_executor.py:39} WARNING - The example_kubernetes_executor example DAG requires the kubernetes provider. Please install it with: pip install apache-airflow[cncf.kubernetes]
[2024-07-07T20:48:14.772-0300] {processor.py:842} WARNING - No viable dags retrieved from /home/johnny/airflow/lib/python3.12/site-packages/airflow/example_dags/example_kubernetes_executor.py
[2024-07-07T20:48:14.794-0300] {processor.py:183} INFO - Processing /home/johnny/airflow/lib/python3.12/site-packages/airflow/example_dags/example_kubernetes_executor.py took 0.047 seconds
[2024-07-07T20:49:21.863-0300] {processor.py:161} INFO - Started process (PID=45760) to work on /home/johnny/airflow/lib/python3.12/site-packages/airflow/example_dags/example_kubernetes_executor.py
[2024-07-07T20:49:21.867-0300] {processor.py:830} INFO - Processing file /home/johnny/airflow/lib/python3.12/site-packages/airflow/example_dags/example_kubernetes_executor.py for tasks to queue
[2024-07-07T20:49:21.869-0300] {logging_mixin.py:188} INFO - [2024-07-07T20:49:21.868-0300] {dagbag.py:545} INFO - Filling up the DagBag from /home/johnny/airflow/lib/python3.12/site-packages/airflow/example_dags/example_kubernetes_executor.py
[2024-07-07T20:49:21.882-0300] {logging_mixin.py:188} INFO - [2024-07-07T20:49:21.880-0300] {example_kubernetes_executor.py:39} WARNING - The example_kubernetes_executor example DAG requires the kubernetes provider. Please install it with: pip install apache-airflow[cncf.kubernetes]
[2024-07-07T20:49:21.883-0300] {processor.py:842} WARNING - No viable dags retrieved from /home/johnny/airflow/lib/python3.12/site-packages/airflow/example_dags/example_kubernetes_executor.py
[2024-07-07T20:49:21.913-0300] {processor.py:183} INFO - Processing /home/johnny/airflow/lib/python3.12/site-packages/airflow/example_dags/example_kubernetes_executor.py took 0.068 seconds
[2024-07-07T20:50:33.723-0300] {processor.py:161} INFO - Started process (PID=45950) to work on /home/johnny/airflow/lib/python3.12/site-packages/airflow/example_dags/example_kubernetes_executor.py
[2024-07-07T20:50:33.729-0300] {processor.py:830} INFO - Processing file /home/johnny/airflow/lib/python3.12/site-packages/airflow/example_dags/example_kubernetes_executor.py for tasks to queue
[2024-07-07T20:50:33.732-0300] {logging_mixin.py:188} INFO - [2024-07-07T20:50:33.731-0300] {dagbag.py:545} INFO - Filling up the DagBag from /home/johnny/airflow/lib/python3.12/site-packages/airflow/example_dags/example_kubernetes_executor.py
[2024-07-07T20:50:33.739-0300] {logging_mixin.py:188} INFO - [2024-07-07T20:50:33.738-0300] {example_kubernetes_executor.py:39} WARNING - The example_kubernetes_executor example DAG requires the kubernetes provider. Please install it with: pip install apache-airflow[cncf.kubernetes]
[2024-07-07T20:50:33.740-0300] {processor.py:842} WARNING - No viable dags retrieved from /home/johnny/airflow/lib/python3.12/site-packages/airflow/example_dags/example_kubernetes_executor.py
[2024-07-07T20:50:33.759-0300] {processor.py:183} INFO - Processing /home/johnny/airflow/lib/python3.12/site-packages/airflow/example_dags/example_kubernetes_executor.py took 0.062 seconds
[2024-07-07T20:51:46.337-0300] {processor.py:161} INFO - Started process (PID=46144) to work on /home/johnny/airflow/lib/python3.12/site-packages/airflow/example_dags/example_kubernetes_executor.py
[2024-07-07T20:51:46.342-0300] {processor.py:830} INFO - Processing file /home/johnny/airflow/lib/python3.12/site-packages/airflow/example_dags/example_kubernetes_executor.py for tasks to queue
[2024-07-07T20:51:46.345-0300] {logging_mixin.py:188} INFO - [2024-07-07T20:51:46.343-0300] {dagbag.py:545} INFO - Filling up the DagBag from /home/johnny/airflow/lib/python3.12/site-packages/airflow/example_dags/example_kubernetes_executor.py
[2024-07-07T20:51:46.352-0300] {logging_mixin.py:188} INFO - [2024-07-07T20:51:46.350-0300] {example_kubernetes_executor.py:39} WARNING - The example_kubernetes_executor example DAG requires the kubernetes provider. Please install it with: pip install apache-airflow[cncf.kubernetes]
[2024-07-07T20:51:46.355-0300] {processor.py:842} WARNING - No viable dags retrieved from /home/johnny/airflow/lib/python3.12/site-packages/airflow/example_dags/example_kubernetes_executor.py
[2024-07-07T20:51:46.378-0300] {processor.py:183} INFO - Processing /home/johnny/airflow/lib/python3.12/site-packages/airflow/example_dags/example_kubernetes_executor.py took 0.053 seconds
[2024-07-07T20:52:54.869-0300] {processor.py:161} INFO - Started process (PID=46329) to work on /home/johnny/airflow/lib/python3.12/site-packages/airflow/example_dags/example_kubernetes_executor.py
[2024-07-07T20:52:54.872-0300] {processor.py:830} INFO - Processing file /home/johnny/airflow/lib/python3.12/site-packages/airflow/example_dags/example_kubernetes_executor.py for tasks to queue
[2024-07-07T20:52:54.874-0300] {logging_mixin.py:188} INFO - [2024-07-07T20:52:54.873-0300] {dagbag.py:545} INFO - Filling up the DagBag from /home/johnny/airflow/lib/python3.12/site-packages/airflow/example_dags/example_kubernetes_executor.py
[2024-07-07T20:52:54.881-0300] {logging_mixin.py:188} INFO - [2024-07-07T20:52:54.880-0300] {example_kubernetes_executor.py:39} WARNING - The example_kubernetes_executor example DAG requires the kubernetes provider. Please install it with: pip install apache-airflow[cncf.kubernetes]
[2024-07-07T20:52:54.882-0300] {processor.py:842} WARNING - No viable dags retrieved from /home/johnny/airflow/lib/python3.12/site-packages/airflow/example_dags/example_kubernetes_executor.py
[2024-07-07T20:52:54.907-0300] {processor.py:183} INFO - Processing /home/johnny/airflow/lib/python3.12/site-packages/airflow/example_dags/example_kubernetes_executor.py took 0.051 seconds
[2024-07-07T20:53:59.394-0300] {processor.py:161} INFO - Started process (PID=46495) to work on /home/johnny/airflow/lib/python3.12/site-packages/airflow/example_dags/example_kubernetes_executor.py
[2024-07-07T20:53:59.400-0300] {processor.py:830} INFO - Processing file /home/johnny/airflow/lib/python3.12/site-packages/airflow/example_dags/example_kubernetes_executor.py for tasks to queue
[2024-07-07T20:53:59.402-0300] {logging_mixin.py:188} INFO - [2024-07-07T20:53:59.401-0300] {dagbag.py:545} INFO - Filling up the DagBag from /home/johnny/airflow/lib/python3.12/site-packages/airflow/example_dags/example_kubernetes_executor.py
[2024-07-07T20:53:59.407-0300] {logging_mixin.py:188} INFO - [2024-07-07T20:53:59.407-0300] {example_kubernetes_executor.py:39} WARNING - The example_kubernetes_executor example DAG requires the kubernetes provider. Please install it with: pip install apache-airflow[cncf.kubernetes]
[2024-07-07T20:53:59.408-0300] {processor.py:842} WARNING - No viable dags retrieved from /home/johnny/airflow/lib/python3.12/site-packages/airflow/example_dags/example_kubernetes_executor.py
[2024-07-07T20:53:59.430-0300] {processor.py:183} INFO - Processing /home/johnny/airflow/lib/python3.12/site-packages/airflow/example_dags/example_kubernetes_executor.py took 0.047 seconds
[2024-07-07T20:55:11.019-0300] {processor.py:161} INFO - Started process (PID=46691) to work on /home/johnny/airflow/lib/python3.12/site-packages/airflow/example_dags/example_kubernetes_executor.py
[2024-07-07T20:55:11.022-0300] {processor.py:830} INFO - Processing file /home/johnny/airflow/lib/python3.12/site-packages/airflow/example_dags/example_kubernetes_executor.py for tasks to queue
[2024-07-07T20:55:11.024-0300] {logging_mixin.py:188} INFO - [2024-07-07T20:55:11.023-0300] {dagbag.py:545} INFO - Filling up the DagBag from /home/johnny/airflow/lib/python3.12/site-packages/airflow/example_dags/example_kubernetes_executor.py
[2024-07-07T20:55:11.031-0300] {logging_mixin.py:188} INFO - [2024-07-07T20:55:11.030-0300] {example_kubernetes_executor.py:39} WARNING - The example_kubernetes_executor example DAG requires the kubernetes provider. Please install it with: pip install apache-airflow[cncf.kubernetes]
[2024-07-07T20:55:11.031-0300] {processor.py:842} WARNING - No viable dags retrieved from /home/johnny/airflow/lib/python3.12/site-packages/airflow/example_dags/example_kubernetes_executor.py
[2024-07-07T20:55:11.054-0300] {processor.py:183} INFO - Processing /home/johnny/airflow/lib/python3.12/site-packages/airflow/example_dags/example_kubernetes_executor.py took 0.046 seconds
[2024-07-07T20:56:15.781-0300] {processor.py:161} INFO - Started process (PID=46862) to work on /home/johnny/airflow/lib/python3.12/site-packages/airflow/example_dags/example_kubernetes_executor.py
[2024-07-07T20:56:15.783-0300] {processor.py:830} INFO - Processing file /home/johnny/airflow/lib/python3.12/site-packages/airflow/example_dags/example_kubernetes_executor.py for tasks to queue
[2024-07-07T20:56:15.785-0300] {logging_mixin.py:188} INFO - [2024-07-07T20:56:15.784-0300] {dagbag.py:545} INFO - Filling up the DagBag from /home/johnny/airflow/lib/python3.12/site-packages/airflow/example_dags/example_kubernetes_executor.py
[2024-07-07T20:56:15.789-0300] {logging_mixin.py:188} INFO - [2024-07-07T20:56:15.789-0300] {example_kubernetes_executor.py:39} WARNING - The example_kubernetes_executor example DAG requires the kubernetes provider. Please install it with: pip install apache-airflow[cncf.kubernetes]
[2024-07-07T20:56:15.790-0300] {processor.py:842} WARNING - No viable dags retrieved from /home/johnny/airflow/lib/python3.12/site-packages/airflow/example_dags/example_kubernetes_executor.py
[2024-07-07T20:56:15.807-0300] {processor.py:183} INFO - Processing /home/johnny/airflow/lib/python3.12/site-packages/airflow/example_dags/example_kubernetes_executor.py took 0.036 seconds
[2024-07-07T20:57:27.603-0300] {processor.py:161} INFO - Started process (PID=47059) to work on /home/johnny/airflow/lib/python3.12/site-packages/airflow/example_dags/example_kubernetes_executor.py
[2024-07-07T20:57:27.615-0300] {processor.py:830} INFO - Processing file /home/johnny/airflow/lib/python3.12/site-packages/airflow/example_dags/example_kubernetes_executor.py for tasks to queue
[2024-07-07T20:57:27.618-0300] {logging_mixin.py:188} INFO - [2024-07-07T20:57:27.617-0300] {dagbag.py:545} INFO - Filling up the DagBag from /home/johnny/airflow/lib/python3.12/site-packages/airflow/example_dags/example_kubernetes_executor.py
[2024-07-07T20:57:27.624-0300] {logging_mixin.py:188} INFO - [2024-07-07T20:57:27.624-0300] {example_kubernetes_executor.py:39} WARNING - The example_kubernetes_executor example DAG requires the kubernetes provider. Please install it with: pip install apache-airflow[cncf.kubernetes]
[2024-07-07T20:57:27.625-0300] {processor.py:842} WARNING - No viable dags retrieved from /home/johnny/airflow/lib/python3.12/site-packages/airflow/example_dags/example_kubernetes_executor.py
[2024-07-07T20:57:27.645-0300] {processor.py:183} INFO - Processing /home/johnny/airflow/lib/python3.12/site-packages/airflow/example_dags/example_kubernetes_executor.py took 0.055 seconds
[2024-07-07T20:58:38.394-0300] {processor.py:161} INFO - Started process (PID=47270) to work on /home/johnny/airflow/lib/python3.12/site-packages/airflow/example_dags/example_kubernetes_executor.py
[2024-07-07T20:58:38.398-0300] {processor.py:830} INFO - Processing file /home/johnny/airflow/lib/python3.12/site-packages/airflow/example_dags/example_kubernetes_executor.py for tasks to queue
[2024-07-07T20:58:38.401-0300] {logging_mixin.py:188} INFO - [2024-07-07T20:58:38.400-0300] {dagbag.py:545} INFO - Filling up the DagBag from /home/johnny/airflow/lib/python3.12/site-packages/airflow/example_dags/example_kubernetes_executor.py
[2024-07-07T20:58:38.407-0300] {logging_mixin.py:188} INFO - [2024-07-07T20:58:38.406-0300] {example_kubernetes_executor.py:39} WARNING - The example_kubernetes_executor example DAG requires the kubernetes provider. Please install it with: pip install apache-airflow[cncf.kubernetes]
[2024-07-07T20:58:38.408-0300] {processor.py:842} WARNING - No viable dags retrieved from /home/johnny/airflow/lib/python3.12/site-packages/airflow/example_dags/example_kubernetes_executor.py
[2024-07-07T20:58:38.428-0300] {processor.py:183} INFO - Processing /home/johnny/airflow/lib/python3.12/site-packages/airflow/example_dags/example_kubernetes_executor.py took 0.051 seconds
[2024-07-07T20:59:48.746-0300] {processor.py:161} INFO - Started process (PID=47474) to work on /home/johnny/airflow/lib/python3.12/site-packages/airflow/example_dags/example_kubernetes_executor.py
[2024-07-07T20:59:48.752-0300] {processor.py:830} INFO - Processing file /home/johnny/airflow/lib/python3.12/site-packages/airflow/example_dags/example_kubernetes_executor.py for tasks to queue
[2024-07-07T20:59:48.756-0300] {logging_mixin.py:188} INFO - [2024-07-07T20:59:48.754-0300] {dagbag.py:545} INFO - Filling up the DagBag from /home/johnny/airflow/lib/python3.12/site-packages/airflow/example_dags/example_kubernetes_executor.py
[2024-07-07T20:59:48.764-0300] {logging_mixin.py:188} INFO - [2024-07-07T20:59:48.763-0300] {example_kubernetes_executor.py:39} WARNING - The example_kubernetes_executor example DAG requires the kubernetes provider. Please install it with: pip install apache-airflow[cncf.kubernetes]
[2024-07-07T20:59:48.766-0300] {processor.py:842} WARNING - No viable dags retrieved from /home/johnny/airflow/lib/python3.12/site-packages/airflow/example_dags/example_kubernetes_executor.py
[2024-07-07T20:59:48.792-0300] {processor.py:183} INFO - Processing /home/johnny/airflow/lib/python3.12/site-packages/airflow/example_dags/example_kubernetes_executor.py took 0.059 seconds
