[2024-07-07T14:04:23.352-0300] {processor.py:161} INFO - Started process (PID=2984) to work on /home/johnny/airflow_env/lib/python3.12/site-packages/airflow/example_dags/example_trigger_target_dag.py
[2024-07-07T14:04:23.353-0300] {processor.py:830} INFO - Processing file /home/johnny/airflow_env/lib/python3.12/site-packages/airflow/example_dags/example_trigger_target_dag.py for tasks to queue
[2024-07-07T14:04:23.356-0300] {logging_mixin.py:188} INFO - [2024-07-07T14:04:23.356-0300] {dagbag.py:545} INFO - Filling up the DagBag from /home/johnny/airflow_env/lib/python3.12/site-packages/airflow/example_dags/example_trigger_target_dag.py
[2024-07-07T14:04:23.373-0300] {processor.py:840} INFO - DAG(s) 'example_trigger_target_dag' retrieved from /home/johnny/airflow_env/lib/python3.12/site-packages/airflow/example_dags/example_trigger_target_dag.py
[2024-07-07T14:04:23.591-0300] {logging_mixin.py:188} INFO - [2024-07-07T14:04:23.589-0300] {override.py:1847} INFO - Created Permission View: can delete on DAG:example_trigger_target_dag
[2024-07-07T14:04:23.671-0300] {logging_mixin.py:188} INFO - [2024-07-07T14:04:23.671-0300] {override.py:1847} INFO - Created Permission View: can read on DAG:example_trigger_target_dag
[2024-07-07T14:04:23.689-0300] {logging_mixin.py:188} INFO - [2024-07-07T14:04:23.688-0300] {override.py:1847} INFO - Created Permission View: can edit on DAG:example_trigger_target_dag
[2024-07-07T14:04:23.690-0300] {logging_mixin.py:188} INFO - [2024-07-07T14:04:23.689-0300] {dag.py:3096} INFO - Sync 1 DAGs
[2024-07-07T14:04:23.712-0300] {logging_mixin.py:188} INFO - [2024-07-07T14:04:23.711-0300] {dag.py:3118} INFO - Creating ORM DAG for example_trigger_target_dag
[2024-07-07T14:04:23.713-0300] {logging_mixin.py:188} INFO - [2024-07-07T14:04:23.713-0300] {dag.py:3954} INFO - Setting next_dagrun for example_trigger_target_dag to None, run_after=None
[2024-07-07T14:04:23.758-0300] {processor.py:183} INFO - Processing /home/johnny/airflow_env/lib/python3.12/site-packages/airflow/example_dags/example_trigger_target_dag.py took 0.417 seconds
[2024-07-07T14:05:32.504-0300] {processor.py:161} INFO - Started process (PID=3035) to work on /home/johnny/airflow_env/lib/python3.12/site-packages/airflow/example_dags/example_trigger_target_dag.py
[2024-07-07T14:05:32.507-0300] {processor.py:830} INFO - Processing file /home/johnny/airflow_env/lib/python3.12/site-packages/airflow/example_dags/example_trigger_target_dag.py for tasks to queue
[2024-07-07T14:05:32.510-0300] {logging_mixin.py:188} INFO - [2024-07-07T14:05:32.509-0300] {dagbag.py:545} INFO - Filling up the DagBag from /home/johnny/airflow_env/lib/python3.12/site-packages/airflow/example_dags/example_trigger_target_dag.py
[2024-07-07T14:05:32.523-0300] {processor.py:840} INFO - DAG(s) 'example_trigger_target_dag' retrieved from /home/johnny/airflow_env/lib/python3.12/site-packages/airflow/example_dags/example_trigger_target_dag.py
[2024-07-07T14:05:32.550-0300] {logging_mixin.py:188} INFO - [2024-07-07T14:05:32.549-0300] {dag.py:3096} INFO - Sync 1 DAGs
[2024-07-07T14:05:32.575-0300] {logging_mixin.py:188} INFO - [2024-07-07T14:05:32.574-0300] {dag.py:3954} INFO - Setting next_dagrun for example_trigger_target_dag to None, run_after=None
[2024-07-07T14:05:32.622-0300] {processor.py:183} INFO - Processing /home/johnny/airflow_env/lib/python3.12/site-packages/airflow/example_dags/example_trigger_target_dag.py took 0.129 seconds
[2024-07-07T14:06:28.874-0300] {processor.py:161} INFO - Started process (PID=3086) to work on /home/johnny/airflow_env/lib/python3.12/site-packages/airflow/example_dags/example_trigger_target_dag.py
[2024-07-07T14:06:28.877-0300] {processor.py:830} INFO - Processing file /home/johnny/airflow_env/lib/python3.12/site-packages/airflow/example_dags/example_trigger_target_dag.py for tasks to queue
[2024-07-07T14:06:28.882-0300] {logging_mixin.py:188} INFO - [2024-07-07T14:06:28.881-0300] {dagbag.py:545} INFO - Filling up the DagBag from /home/johnny/airflow_env/lib/python3.12/site-packages/airflow/example_dags/example_trigger_target_dag.py
[2024-07-07T14:06:28.895-0300] {processor.py:840} INFO - DAG(s) 'example_trigger_target_dag' retrieved from /home/johnny/airflow_env/lib/python3.12/site-packages/airflow/example_dags/example_trigger_target_dag.py
[2024-07-07T14:06:28.931-0300] {logging_mixin.py:188} INFO - [2024-07-07T14:06:28.931-0300] {dag.py:3096} INFO - Sync 1 DAGs
[2024-07-07T14:06:28.969-0300] {logging_mixin.py:188} INFO - [2024-07-07T14:06:28.969-0300] {dag.py:3954} INFO - Setting next_dagrun for example_trigger_target_dag to None, run_after=None
[2024-07-07T14:06:29.023-0300] {processor.py:183} INFO - Processing /home/johnny/airflow_env/lib/python3.12/site-packages/airflow/example_dags/example_trigger_target_dag.py took 0.167 seconds
[2024-07-07T14:07:25.809-0300] {processor.py:161} INFO - Started process (PID=3136) to work on /home/johnny/airflow_env/lib/python3.12/site-packages/airflow/example_dags/example_trigger_target_dag.py
[2024-07-07T14:07:25.812-0300] {processor.py:830} INFO - Processing file /home/johnny/airflow_env/lib/python3.12/site-packages/airflow/example_dags/example_trigger_target_dag.py for tasks to queue
[2024-07-07T14:07:25.816-0300] {logging_mixin.py:188} INFO - [2024-07-07T14:07:25.815-0300] {dagbag.py:545} INFO - Filling up the DagBag from /home/johnny/airflow_env/lib/python3.12/site-packages/airflow/example_dags/example_trigger_target_dag.py
[2024-07-07T14:07:25.836-0300] {processor.py:840} INFO - DAG(s) 'example_trigger_target_dag' retrieved from /home/johnny/airflow_env/lib/python3.12/site-packages/airflow/example_dags/example_trigger_target_dag.py
[2024-07-07T14:07:25.922-0300] {logging_mixin.py:188} INFO - [2024-07-07T14:07:25.921-0300] {dag.py:3096} INFO - Sync 1 DAGs
[2024-07-07T14:07:25.943-0300] {logging_mixin.py:188} INFO - [2024-07-07T14:07:25.943-0300] {dag.py:3954} INFO - Setting next_dagrun for example_trigger_target_dag to None, run_after=None
[2024-07-07T14:07:25.980-0300] {processor.py:183} INFO - Processing /home/johnny/airflow_env/lib/python3.12/site-packages/airflow/example_dags/example_trigger_target_dag.py took 0.185 seconds
[2024-07-07T19:45:05.144-0300] {processor.py:161} INFO - Started process (PID=35205) to work on /home/johnny/airflow/lib/python3.12/site-packages/airflow/example_dags/example_trigger_target_dag.py
[2024-07-07T19:45:05.148-0300] {processor.py:830} INFO - Processing file /home/johnny/airflow/lib/python3.12/site-packages/airflow/example_dags/example_trigger_target_dag.py for tasks to queue
[2024-07-07T19:45:05.153-0300] {logging_mixin.py:188} INFO - [2024-07-07T19:45:05.152-0300] {dagbag.py:545} INFO - Filling up the DagBag from /home/johnny/airflow/lib/python3.12/site-packages/airflow/example_dags/example_trigger_target_dag.py
[2024-07-07T19:45:05.171-0300] {processor.py:840} INFO - DAG(s) 'example_trigger_target_dag' retrieved from /home/johnny/airflow/lib/python3.12/site-packages/airflow/example_dags/example_trigger_target_dag.py
[2024-07-07T19:45:05.389-0300] {logging_mixin.py:188} INFO - [2024-07-07T19:45:05.388-0300] {dag.py:3096} INFO - Sync 1 DAGs
[2024-07-07T19:45:05.408-0300] {logging_mixin.py:188} INFO - [2024-07-07T19:45:05.407-0300] {dag.py:3954} INFO - Setting next_dagrun for example_trigger_target_dag to None, run_after=None
[2024-07-07T19:45:05.459-0300] {processor.py:183} INFO - Processing /home/johnny/airflow/lib/python3.12/site-packages/airflow/example_dags/example_trigger_target_dag.py took 0.330 seconds
[2024-07-07T19:46:20.427-0300] {processor.py:161} INFO - Started process (PID=35382) to work on /home/johnny/airflow/lib/python3.12/site-packages/airflow/example_dags/example_trigger_target_dag.py
[2024-07-07T19:46:20.434-0300] {processor.py:830} INFO - Processing file /home/johnny/airflow/lib/python3.12/site-packages/airflow/example_dags/example_trigger_target_dag.py for tasks to queue
[2024-07-07T19:46:20.438-0300] {logging_mixin.py:188} INFO - [2024-07-07T19:46:20.437-0300] {dagbag.py:545} INFO - Filling up the DagBag from /home/johnny/airflow/lib/python3.12/site-packages/airflow/example_dags/example_trigger_target_dag.py
[2024-07-07T19:46:20.450-0300] {processor.py:840} INFO - DAG(s) 'example_trigger_target_dag' retrieved from /home/johnny/airflow/lib/python3.12/site-packages/airflow/example_dags/example_trigger_target_dag.py
[2024-07-07T19:46:20.484-0300] {logging_mixin.py:188} INFO - [2024-07-07T19:46:20.483-0300] {dag.py:3096} INFO - Sync 1 DAGs
[2024-07-07T19:46:20.508-0300] {logging_mixin.py:188} INFO - [2024-07-07T19:46:20.508-0300] {dag.py:3954} INFO - Setting next_dagrun for example_trigger_target_dag to None, run_after=None
[2024-07-07T19:46:20.568-0300] {processor.py:183} INFO - Processing /home/johnny/airflow/lib/python3.12/site-packages/airflow/example_dags/example_trigger_target_dag.py took 0.151 seconds
[2024-07-07T19:47:02.334-0300] {processor.py:161} INFO - Started process (PID=35497) to work on /home/johnny/airflow/lib/python3.12/site-packages/airflow/example_dags/example_trigger_target_dag.py
[2024-07-07T19:47:02.338-0300] {processor.py:830} INFO - Processing file /home/johnny/airflow/lib/python3.12/site-packages/airflow/example_dags/example_trigger_target_dag.py for tasks to queue
[2024-07-07T19:47:02.345-0300] {logging_mixin.py:188} INFO - [2024-07-07T19:47:02.343-0300] {dagbag.py:545} INFO - Filling up the DagBag from /home/johnny/airflow/lib/python3.12/site-packages/airflow/example_dags/example_trigger_target_dag.py
[2024-07-07T19:47:02.367-0300] {processor.py:840} INFO - DAG(s) 'example_trigger_target_dag' retrieved from /home/johnny/airflow/lib/python3.12/site-packages/airflow/example_dags/example_trigger_target_dag.py
[2024-07-07T19:47:02.409-0300] {logging_mixin.py:188} INFO - [2024-07-07T19:47:02.408-0300] {dag.py:3096} INFO - Sync 1 DAGs
[2024-07-07T19:47:02.442-0300] {logging_mixin.py:188} INFO - [2024-07-07T19:47:02.442-0300] {dag.py:3954} INFO - Setting next_dagrun for example_trigger_target_dag to None, run_after=None
[2024-07-07T19:47:02.650-0300] {processor.py:183} INFO - Processing /home/johnny/airflow/lib/python3.12/site-packages/airflow/example_dags/example_trigger_target_dag.py took 0.335 seconds
[2024-07-07T19:48:13.775-0300] {processor.py:161} INFO - Started process (PID=35699) to work on /home/johnny/airflow/lib/python3.12/site-packages/airflow/example_dags/example_trigger_target_dag.py
[2024-07-07T19:48:13.778-0300] {processor.py:830} INFO - Processing file /home/johnny/airflow/lib/python3.12/site-packages/airflow/example_dags/example_trigger_target_dag.py for tasks to queue
[2024-07-07T19:48:13.783-0300] {logging_mixin.py:188} INFO - [2024-07-07T19:48:13.781-0300] {dagbag.py:545} INFO - Filling up the DagBag from /home/johnny/airflow/lib/python3.12/site-packages/airflow/example_dags/example_trigger_target_dag.py
[2024-07-07T19:48:13.799-0300] {processor.py:840} INFO - DAG(s) 'example_trigger_target_dag' retrieved from /home/johnny/airflow/lib/python3.12/site-packages/airflow/example_dags/example_trigger_target_dag.py
[2024-07-07T19:48:13.842-0300] {logging_mixin.py:188} INFO - [2024-07-07T19:48:13.841-0300] {dag.py:3096} INFO - Sync 1 DAGs
[2024-07-07T19:48:13.873-0300] {logging_mixin.py:188} INFO - [2024-07-07T19:48:13.872-0300] {dag.py:3954} INFO - Setting next_dagrun for example_trigger_target_dag to None, run_after=None
[2024-07-07T19:48:13.935-0300] {processor.py:183} INFO - Processing /home/johnny/airflow/lib/python3.12/site-packages/airflow/example_dags/example_trigger_target_dag.py took 0.170 seconds
[2024-07-07T19:49:21.322-0300] {processor.py:161} INFO - Started process (PID=35904) to work on /home/johnny/airflow/lib/python3.12/site-packages/airflow/example_dags/example_trigger_target_dag.py
[2024-07-07T19:49:21.327-0300] {processor.py:830} INFO - Processing file /home/johnny/airflow/lib/python3.12/site-packages/airflow/example_dags/example_trigger_target_dag.py for tasks to queue
[2024-07-07T19:49:21.332-0300] {logging_mixin.py:188} INFO - [2024-07-07T19:49:21.331-0300] {dagbag.py:545} INFO - Filling up the DagBag from /home/johnny/airflow/lib/python3.12/site-packages/airflow/example_dags/example_trigger_target_dag.py
[2024-07-07T19:49:21.347-0300] {processor.py:840} INFO - DAG(s) 'example_trigger_target_dag' retrieved from /home/johnny/airflow/lib/python3.12/site-packages/airflow/example_dags/example_trigger_target_dag.py
[2024-07-07T19:49:21.372-0300] {logging_mixin.py:188} INFO - [2024-07-07T19:49:21.372-0300] {dag.py:3096} INFO - Sync 1 DAGs
[2024-07-07T19:49:21.403-0300] {logging_mixin.py:188} INFO - [2024-07-07T19:49:21.403-0300] {dag.py:3954} INFO - Setting next_dagrun for example_trigger_target_dag to None, run_after=None
[2024-07-07T19:49:21.461-0300] {processor.py:183} INFO - Processing /home/johnny/airflow/lib/python3.12/site-packages/airflow/example_dags/example_trigger_target_dag.py took 0.152 seconds
[2024-07-07T19:50:26.393-0300] {processor.py:161} INFO - Started process (PID=36079) to work on /home/johnny/airflow/lib/python3.12/site-packages/airflow/example_dags/example_trigger_target_dag.py
[2024-07-07T19:50:26.399-0300] {processor.py:830} INFO - Processing file /home/johnny/airflow/lib/python3.12/site-packages/airflow/example_dags/example_trigger_target_dag.py for tasks to queue
[2024-07-07T19:50:26.402-0300] {logging_mixin.py:188} INFO - [2024-07-07T19:50:26.402-0300] {dagbag.py:545} INFO - Filling up the DagBag from /home/johnny/airflow/lib/python3.12/site-packages/airflow/example_dags/example_trigger_target_dag.py
[2024-07-07T19:50:26.416-0300] {processor.py:840} INFO - DAG(s) 'example_trigger_target_dag' retrieved from /home/johnny/airflow/lib/python3.12/site-packages/airflow/example_dags/example_trigger_target_dag.py
[2024-07-07T19:50:26.448-0300] {logging_mixin.py:188} INFO - [2024-07-07T19:50:26.447-0300] {dag.py:3096} INFO - Sync 1 DAGs
[2024-07-07T19:50:26.489-0300] {logging_mixin.py:188} INFO - [2024-07-07T19:50:26.487-0300] {dag.py:3954} INFO - Setting next_dagrun for example_trigger_target_dag to None, run_after=None
[2024-07-07T19:50:26.550-0300] {processor.py:183} INFO - Processing /home/johnny/airflow/lib/python3.12/site-packages/airflow/example_dags/example_trigger_target_dag.py took 0.169 seconds
[2024-07-07T19:51:38.666-0300] {processor.py:161} INFO - Started process (PID=36284) to work on /home/johnny/airflow/lib/python3.12/site-packages/airflow/example_dags/example_trigger_target_dag.py
[2024-07-07T19:51:38.669-0300] {processor.py:830} INFO - Processing file /home/johnny/airflow/lib/python3.12/site-packages/airflow/example_dags/example_trigger_target_dag.py for tasks to queue
[2024-07-07T19:51:38.673-0300] {logging_mixin.py:188} INFO - [2024-07-07T19:51:38.672-0300] {dagbag.py:545} INFO - Filling up the DagBag from /home/johnny/airflow/lib/python3.12/site-packages/airflow/example_dags/example_trigger_target_dag.py
[2024-07-07T19:51:38.693-0300] {processor.py:840} INFO - DAG(s) 'example_trigger_target_dag' retrieved from /home/johnny/airflow/lib/python3.12/site-packages/airflow/example_dags/example_trigger_target_dag.py
[2024-07-07T19:51:38.734-0300] {logging_mixin.py:188} INFO - [2024-07-07T19:51:38.733-0300] {dag.py:3096} INFO - Sync 1 DAGs
[2024-07-07T19:51:38.764-0300] {logging_mixin.py:188} INFO - [2024-07-07T19:51:38.763-0300] {dag.py:3954} INFO - Setting next_dagrun for example_trigger_target_dag to None, run_after=None
[2024-07-07T19:51:38.826-0300] {processor.py:183} INFO - Processing /home/johnny/airflow/lib/python3.12/site-packages/airflow/example_dags/example_trigger_target_dag.py took 0.179 seconds
[2024-07-07T19:52:50.203-0300] {processor.py:161} INFO - Started process (PID=36472) to work on /home/johnny/airflow/lib/python3.12/site-packages/airflow/example_dags/example_trigger_target_dag.py
[2024-07-07T19:52:50.210-0300] {processor.py:830} INFO - Processing file /home/johnny/airflow/lib/python3.12/site-packages/airflow/example_dags/example_trigger_target_dag.py for tasks to queue
[2024-07-07T19:52:50.214-0300] {logging_mixin.py:188} INFO - [2024-07-07T19:52:50.213-0300] {dagbag.py:545} INFO - Filling up the DagBag from /home/johnny/airflow/lib/python3.12/site-packages/airflow/example_dags/example_trigger_target_dag.py
[2024-07-07T19:52:50.227-0300] {processor.py:840} INFO - DAG(s) 'example_trigger_target_dag' retrieved from /home/johnny/airflow/lib/python3.12/site-packages/airflow/example_dags/example_trigger_target_dag.py
[2024-07-07T19:52:50.256-0300] {logging_mixin.py:188} INFO - [2024-07-07T19:52:50.256-0300] {dag.py:3096} INFO - Sync 1 DAGs
[2024-07-07T19:52:50.276-0300] {logging_mixin.py:188} INFO - [2024-07-07T19:52:50.276-0300] {dag.py:3954} INFO - Setting next_dagrun for example_trigger_target_dag to None, run_after=None
[2024-07-07T19:52:50.313-0300] {processor.py:183} INFO - Processing /home/johnny/airflow/lib/python3.12/site-packages/airflow/example_dags/example_trigger_target_dag.py took 0.126 seconds
[2024-07-07T19:53:56.766-0300] {processor.py:161} INFO - Started process (PID=36656) to work on /home/johnny/airflow/lib/python3.12/site-packages/airflow/example_dags/example_trigger_target_dag.py
[2024-07-07T19:53:56.771-0300] {processor.py:830} INFO - Processing file /home/johnny/airflow/lib/python3.12/site-packages/airflow/example_dags/example_trigger_target_dag.py for tasks to queue
[2024-07-07T19:53:56.775-0300] {logging_mixin.py:188} INFO - [2024-07-07T19:53:56.774-0300] {dagbag.py:545} INFO - Filling up the DagBag from /home/johnny/airflow/lib/python3.12/site-packages/airflow/example_dags/example_trigger_target_dag.py
[2024-07-07T19:53:56.789-0300] {processor.py:840} INFO - DAG(s) 'example_trigger_target_dag' retrieved from /home/johnny/airflow/lib/python3.12/site-packages/airflow/example_dags/example_trigger_target_dag.py
[2024-07-07T19:53:56.822-0300] {logging_mixin.py:188} INFO - [2024-07-07T19:53:56.821-0300] {dag.py:3096} INFO - Sync 1 DAGs
[2024-07-07T19:53:56.855-0300] {logging_mixin.py:188} INFO - [2024-07-07T19:53:56.854-0300] {dag.py:3954} INFO - Setting next_dagrun for example_trigger_target_dag to None, run_after=None
[2024-07-07T19:53:56.915-0300] {processor.py:183} INFO - Processing /home/johnny/airflow/lib/python3.12/site-packages/airflow/example_dags/example_trigger_target_dag.py took 0.161 seconds
[2024-07-07T19:55:04.562-0300] {processor.py:161} INFO - Started process (PID=36842) to work on /home/johnny/airflow/lib/python3.12/site-packages/airflow/example_dags/example_trigger_target_dag.py
[2024-07-07T19:55:04.564-0300] {processor.py:830} INFO - Processing file /home/johnny/airflow/lib/python3.12/site-packages/airflow/example_dags/example_trigger_target_dag.py for tasks to queue
[2024-07-07T19:55:04.566-0300] {logging_mixin.py:188} INFO - [2024-07-07T19:55:04.566-0300] {dagbag.py:545} INFO - Filling up the DagBag from /home/johnny/airflow/lib/python3.12/site-packages/airflow/example_dags/example_trigger_target_dag.py
[2024-07-07T19:55:04.580-0300] {processor.py:840} INFO - DAG(s) 'example_trigger_target_dag' retrieved from /home/johnny/airflow/lib/python3.12/site-packages/airflow/example_dags/example_trigger_target_dag.py
[2024-07-07T19:55:04.612-0300] {logging_mixin.py:188} INFO - [2024-07-07T19:55:04.612-0300] {dag.py:3096} INFO - Sync 1 DAGs
[2024-07-07T19:55:04.642-0300] {logging_mixin.py:188} INFO - [2024-07-07T19:55:04.642-0300] {dag.py:3954} INFO - Setting next_dagrun for example_trigger_target_dag to None, run_after=None
[2024-07-07T19:55:04.695-0300] {processor.py:183} INFO - Processing /home/johnny/airflow/lib/python3.12/site-packages/airflow/example_dags/example_trigger_target_dag.py took 0.149 seconds
[2024-07-07T19:56:14.511-0300] {processor.py:161} INFO - Started process (PID=37026) to work on /home/johnny/airflow/lib/python3.12/site-packages/airflow/example_dags/example_trigger_target_dag.py
[2024-07-07T19:56:14.514-0300] {processor.py:830} INFO - Processing file /home/johnny/airflow/lib/python3.12/site-packages/airflow/example_dags/example_trigger_target_dag.py for tasks to queue
[2024-07-07T19:56:14.518-0300] {logging_mixin.py:188} INFO - [2024-07-07T19:56:14.517-0300] {dagbag.py:545} INFO - Filling up the DagBag from /home/johnny/airflow/lib/python3.12/site-packages/airflow/example_dags/example_trigger_target_dag.py
[2024-07-07T19:56:14.535-0300] {processor.py:840} INFO - DAG(s) 'example_trigger_target_dag' retrieved from /home/johnny/airflow/lib/python3.12/site-packages/airflow/example_dags/example_trigger_target_dag.py
[2024-07-07T19:56:14.567-0300] {logging_mixin.py:188} INFO - [2024-07-07T19:56:14.567-0300] {dag.py:3096} INFO - Sync 1 DAGs
[2024-07-07T19:56:14.596-0300] {logging_mixin.py:188} INFO - [2024-07-07T19:56:14.596-0300] {dag.py:3954} INFO - Setting next_dagrun for example_trigger_target_dag to None, run_after=None
[2024-07-07T19:56:14.653-0300] {processor.py:183} INFO - Processing /home/johnny/airflow/lib/python3.12/site-packages/airflow/example_dags/example_trigger_target_dag.py took 0.158 seconds
[2024-07-07T19:57:32.421-0300] {processor.py:161} INFO - Started process (PID=37240) to work on /home/johnny/airflow/lib/python3.12/site-packages/airflow/example_dags/example_trigger_target_dag.py
[2024-07-07T19:57:32.427-0300] {processor.py:830} INFO - Processing file /home/johnny/airflow/lib/python3.12/site-packages/airflow/example_dags/example_trigger_target_dag.py for tasks to queue
[2024-07-07T19:57:32.429-0300] {logging_mixin.py:188} INFO - [2024-07-07T19:57:32.428-0300] {dagbag.py:545} INFO - Filling up the DagBag from /home/johnny/airflow/lib/python3.12/site-packages/airflow/example_dags/example_trigger_target_dag.py
[2024-07-07T19:57:32.443-0300] {processor.py:840} INFO - DAG(s) 'example_trigger_target_dag' retrieved from /home/johnny/airflow/lib/python3.12/site-packages/airflow/example_dags/example_trigger_target_dag.py
[2024-07-07T19:57:32.479-0300] {logging_mixin.py:188} INFO - [2024-07-07T19:57:32.478-0300] {dag.py:3096} INFO - Sync 1 DAGs
[2024-07-07T19:57:32.516-0300] {logging_mixin.py:188} INFO - [2024-07-07T19:57:32.515-0300] {dag.py:3954} INFO - Setting next_dagrun for example_trigger_target_dag to None, run_after=None
[2024-07-07T19:57:32.579-0300] {processor.py:183} INFO - Processing /home/johnny/airflow/lib/python3.12/site-packages/airflow/example_dags/example_trigger_target_dag.py took 0.171 seconds
[2024-07-07T19:58:12.266-0300] {processor.py:161} INFO - Started process (PID=37359) to work on /home/johnny/airflow/lib/python3.12/site-packages/airflow/example_dags/example_trigger_target_dag.py
[2024-07-07T19:58:12.272-0300] {processor.py:830} INFO - Processing file /home/johnny/airflow/lib/python3.12/site-packages/airflow/example_dags/example_trigger_target_dag.py for tasks to queue
[2024-07-07T19:58:12.276-0300] {logging_mixin.py:188} INFO - [2024-07-07T19:58:12.275-0300] {dagbag.py:545} INFO - Filling up the DagBag from /home/johnny/airflow/lib/python3.12/site-packages/airflow/example_dags/example_trigger_target_dag.py
[2024-07-07T19:58:12.287-0300] {processor.py:840} INFO - DAG(s) 'example_trigger_target_dag' retrieved from /home/johnny/airflow/lib/python3.12/site-packages/airflow/example_dags/example_trigger_target_dag.py
[2024-07-07T19:58:12.323-0300] {logging_mixin.py:188} INFO - [2024-07-07T19:58:12.322-0300] {dag.py:3096} INFO - Sync 1 DAGs
[2024-07-07T19:58:12.359-0300] {logging_mixin.py:188} INFO - [2024-07-07T19:58:12.358-0300] {dag.py:3954} INFO - Setting next_dagrun for example_trigger_target_dag to None, run_after=None
[2024-07-07T19:58:12.428-0300] {processor.py:183} INFO - Processing /home/johnny/airflow/lib/python3.12/site-packages/airflow/example_dags/example_trigger_target_dag.py took 0.174 seconds
[2024-07-07T19:59:16.555-0300] {processor.py:161} INFO - Started process (PID=37532) to work on /home/johnny/airflow/lib/python3.12/site-packages/airflow/example_dags/example_trigger_target_dag.py
[2024-07-07T19:59:16.558-0300] {processor.py:830} INFO - Processing file /home/johnny/airflow/lib/python3.12/site-packages/airflow/example_dags/example_trigger_target_dag.py for tasks to queue
[2024-07-07T19:59:16.560-0300] {logging_mixin.py:188} INFO - [2024-07-07T19:59:16.559-0300] {dagbag.py:545} INFO - Filling up the DagBag from /home/johnny/airflow/lib/python3.12/site-packages/airflow/example_dags/example_trigger_target_dag.py
[2024-07-07T19:59:16.570-0300] {processor.py:840} INFO - DAG(s) 'example_trigger_target_dag' retrieved from /home/johnny/airflow/lib/python3.12/site-packages/airflow/example_dags/example_trigger_target_dag.py
[2024-07-07T19:59:16.602-0300] {logging_mixin.py:188} INFO - [2024-07-07T19:59:16.602-0300] {dag.py:3096} INFO - Sync 1 DAGs
[2024-07-07T19:59:16.629-0300] {logging_mixin.py:188} INFO - [2024-07-07T19:59:16.628-0300] {dag.py:3954} INFO - Setting next_dagrun for example_trigger_target_dag to None, run_after=None
[2024-07-07T19:59:16.681-0300] {processor.py:183} INFO - Processing /home/johnny/airflow/lib/python3.12/site-packages/airflow/example_dags/example_trigger_target_dag.py took 0.137 seconds
[2024-07-07T20:00:19.163-0300] {processor.py:161} INFO - Started process (PID=37709) to work on /home/johnny/airflow/lib/python3.12/site-packages/airflow/example_dags/example_trigger_target_dag.py
[2024-07-07T20:00:19.168-0300] {processor.py:830} INFO - Processing file /home/johnny/airflow/lib/python3.12/site-packages/airflow/example_dags/example_trigger_target_dag.py for tasks to queue
[2024-07-07T20:00:19.170-0300] {logging_mixin.py:188} INFO - [2024-07-07T20:00:19.169-0300] {dagbag.py:545} INFO - Filling up the DagBag from /home/johnny/airflow/lib/python3.12/site-packages/airflow/example_dags/example_trigger_target_dag.py
[2024-07-07T20:00:19.182-0300] {processor.py:840} INFO - DAG(s) 'example_trigger_target_dag' retrieved from /home/johnny/airflow/lib/python3.12/site-packages/airflow/example_dags/example_trigger_target_dag.py
[2024-07-07T20:00:19.224-0300] {logging_mixin.py:188} INFO - [2024-07-07T20:00:19.223-0300] {dag.py:3096} INFO - Sync 1 DAGs
[2024-07-07T20:00:19.262-0300] {logging_mixin.py:188} INFO - [2024-07-07T20:00:19.261-0300] {dag.py:3954} INFO - Setting next_dagrun for example_trigger_target_dag to None, run_after=None
[2024-07-07T20:00:19.337-0300] {processor.py:183} INFO - Processing /home/johnny/airflow/lib/python3.12/site-packages/airflow/example_dags/example_trigger_target_dag.py took 0.186 seconds
[2024-07-07T20:01:26.332-0300] {processor.py:161} INFO - Started process (PID=37900) to work on /home/johnny/airflow/lib/python3.12/site-packages/airflow/example_dags/example_trigger_target_dag.py
[2024-07-07T20:01:26.335-0300] {processor.py:830} INFO - Processing file /home/johnny/airflow/lib/python3.12/site-packages/airflow/example_dags/example_trigger_target_dag.py for tasks to queue
[2024-07-07T20:01:26.337-0300] {logging_mixin.py:188} INFO - [2024-07-07T20:01:26.336-0300] {dagbag.py:545} INFO - Filling up the DagBag from /home/johnny/airflow/lib/python3.12/site-packages/airflow/example_dags/example_trigger_target_dag.py
[2024-07-07T20:01:26.351-0300] {processor.py:840} INFO - DAG(s) 'example_trigger_target_dag' retrieved from /home/johnny/airflow/lib/python3.12/site-packages/airflow/example_dags/example_trigger_target_dag.py
[2024-07-07T20:01:26.385-0300] {logging_mixin.py:188} INFO - [2024-07-07T20:01:26.385-0300] {dag.py:3096} INFO - Sync 1 DAGs
[2024-07-07T20:01:26.413-0300] {logging_mixin.py:188} INFO - [2024-07-07T20:01:26.412-0300] {dag.py:3954} INFO - Setting next_dagrun for example_trigger_target_dag to None, run_after=None
[2024-07-07T20:01:26.461-0300] {processor.py:183} INFO - Processing /home/johnny/airflow/lib/python3.12/site-packages/airflow/example_dags/example_trigger_target_dag.py took 0.141 seconds
[2024-07-07T20:02:31.554-0300] {processor.py:161} INFO - Started process (PID=38072) to work on /home/johnny/airflow/lib/python3.12/site-packages/airflow/example_dags/example_trigger_target_dag.py
[2024-07-07T20:02:31.558-0300] {processor.py:830} INFO - Processing file /home/johnny/airflow/lib/python3.12/site-packages/airflow/example_dags/example_trigger_target_dag.py for tasks to queue
[2024-07-07T20:02:31.561-0300] {logging_mixin.py:188} INFO - [2024-07-07T20:02:31.560-0300] {dagbag.py:545} INFO - Filling up the DagBag from /home/johnny/airflow/lib/python3.12/site-packages/airflow/example_dags/example_trigger_target_dag.py
[2024-07-07T20:02:31.574-0300] {processor.py:840} INFO - DAG(s) 'example_trigger_target_dag' retrieved from /home/johnny/airflow/lib/python3.12/site-packages/airflow/example_dags/example_trigger_target_dag.py
[2024-07-07T20:02:31.608-0300] {logging_mixin.py:188} INFO - [2024-07-07T20:02:31.607-0300] {dag.py:3096} INFO - Sync 1 DAGs
[2024-07-07T20:02:31.632-0300] {logging_mixin.py:188} INFO - [2024-07-07T20:02:31.631-0300] {dag.py:3954} INFO - Setting next_dagrun for example_trigger_target_dag to None, run_after=None
[2024-07-07T20:02:31.679-0300] {processor.py:183} INFO - Processing /home/johnny/airflow/lib/python3.12/site-packages/airflow/example_dags/example_trigger_target_dag.py took 0.137 seconds
[2024-07-07T20:03:52.753-0300] {processor.py:161} INFO - Started process (PID=38303) to work on /home/johnny/airflow/lib/python3.12/site-packages/airflow/example_dags/example_trigger_target_dag.py
[2024-07-07T20:03:52.756-0300] {processor.py:830} INFO - Processing file /home/johnny/airflow/lib/python3.12/site-packages/airflow/example_dags/example_trigger_target_dag.py for tasks to queue
[2024-07-07T20:03:52.759-0300] {logging_mixin.py:188} INFO - [2024-07-07T20:03:52.758-0300] {dagbag.py:545} INFO - Filling up the DagBag from /home/johnny/airflow/lib/python3.12/site-packages/airflow/example_dags/example_trigger_target_dag.py
[2024-07-07T20:03:52.771-0300] {processor.py:840} INFO - DAG(s) 'example_trigger_target_dag' retrieved from /home/johnny/airflow/lib/python3.12/site-packages/airflow/example_dags/example_trigger_target_dag.py
[2024-07-07T20:03:52.800-0300] {logging_mixin.py:188} INFO - [2024-07-07T20:03:52.799-0300] {dag.py:3096} INFO - Sync 1 DAGs
[2024-07-07T20:03:52.819-0300] {logging_mixin.py:188} INFO - [2024-07-07T20:03:52.819-0300] {dag.py:3954} INFO - Setting next_dagrun for example_trigger_target_dag to None, run_after=None
[2024-07-07T20:03:52.854-0300] {processor.py:183} INFO - Processing /home/johnny/airflow/lib/python3.12/site-packages/airflow/example_dags/example_trigger_target_dag.py took 0.111 seconds
[2024-07-07T20:05:00.907-0300] {processor.py:161} INFO - Started process (PID=38486) to work on /home/johnny/airflow/lib/python3.12/site-packages/airflow/example_dags/example_trigger_target_dag.py
[2024-07-07T20:05:00.910-0300] {processor.py:830} INFO - Processing file /home/johnny/airflow/lib/python3.12/site-packages/airflow/example_dags/example_trigger_target_dag.py for tasks to queue
[2024-07-07T20:05:00.912-0300] {logging_mixin.py:188} INFO - [2024-07-07T20:05:00.911-0300] {dagbag.py:545} INFO - Filling up the DagBag from /home/johnny/airflow/lib/python3.12/site-packages/airflow/example_dags/example_trigger_target_dag.py
[2024-07-07T20:05:00.924-0300] {processor.py:840} INFO - DAG(s) 'example_trigger_target_dag' retrieved from /home/johnny/airflow/lib/python3.12/site-packages/airflow/example_dags/example_trigger_target_dag.py
[2024-07-07T20:05:00.956-0300] {logging_mixin.py:188} INFO - [2024-07-07T20:05:00.955-0300] {dag.py:3096} INFO - Sync 1 DAGs
[2024-07-07T20:05:00.978-0300] {logging_mixin.py:188} INFO - [2024-07-07T20:05:00.978-0300] {dag.py:3954} INFO - Setting next_dagrun for example_trigger_target_dag to None, run_after=None
[2024-07-07T20:05:01.016-0300] {processor.py:183} INFO - Processing /home/johnny/airflow/lib/python3.12/site-packages/airflow/example_dags/example_trigger_target_dag.py took 0.120 seconds
[2024-07-07T20:06:00.747-0300] {processor.py:161} INFO - Started process (PID=38658) to work on /home/johnny/airflow/lib/python3.12/site-packages/airflow/example_dags/example_trigger_target_dag.py
[2024-07-07T20:06:00.751-0300] {processor.py:830} INFO - Processing file /home/johnny/airflow/lib/python3.12/site-packages/airflow/example_dags/example_trigger_target_dag.py for tasks to queue
[2024-07-07T20:06:00.753-0300] {logging_mixin.py:188} INFO - [2024-07-07T20:06:00.752-0300] {dagbag.py:545} INFO - Filling up the DagBag from /home/johnny/airflow/lib/python3.12/site-packages/airflow/example_dags/example_trigger_target_dag.py
[2024-07-07T20:06:00.773-0300] {processor.py:840} INFO - DAG(s) 'example_trigger_target_dag' retrieved from /home/johnny/airflow/lib/python3.12/site-packages/airflow/example_dags/example_trigger_target_dag.py
[2024-07-07T20:06:00.809-0300] {logging_mixin.py:188} INFO - [2024-07-07T20:06:00.808-0300] {dag.py:3096} INFO - Sync 1 DAGs
[2024-07-07T20:06:00.830-0300] {logging_mixin.py:188} INFO - [2024-07-07T20:06:00.830-0300] {dag.py:3954} INFO - Setting next_dagrun for example_trigger_target_dag to None, run_after=None
[2024-07-07T20:06:00.891-0300] {processor.py:183} INFO - Processing /home/johnny/airflow/lib/python3.12/site-packages/airflow/example_dags/example_trigger_target_dag.py took 0.163 seconds
[2024-07-07T20:07:08.370-0300] {processor.py:161} INFO - Started process (PID=38836) to work on /home/johnny/airflow/lib/python3.12/site-packages/airflow/example_dags/example_trigger_target_dag.py
[2024-07-07T20:07:08.373-0300] {processor.py:830} INFO - Processing file /home/johnny/airflow/lib/python3.12/site-packages/airflow/example_dags/example_trigger_target_dag.py for tasks to queue
[2024-07-07T20:07:08.375-0300] {logging_mixin.py:188} INFO - [2024-07-07T20:07:08.374-0300] {dagbag.py:545} INFO - Filling up the DagBag from /home/johnny/airflow/lib/python3.12/site-packages/airflow/example_dags/example_trigger_target_dag.py
[2024-07-07T20:07:08.387-0300] {processor.py:840} INFO - DAG(s) 'example_trigger_target_dag' retrieved from /home/johnny/airflow/lib/python3.12/site-packages/airflow/example_dags/example_trigger_target_dag.py
[2024-07-07T20:07:08.415-0300] {logging_mixin.py:188} INFO - [2024-07-07T20:07:08.415-0300] {dag.py:3096} INFO - Sync 1 DAGs
[2024-07-07T20:07:08.434-0300] {logging_mixin.py:188} INFO - [2024-07-07T20:07:08.434-0300] {dag.py:3954} INFO - Setting next_dagrun for example_trigger_target_dag to None, run_after=None
[2024-07-07T20:07:08.477-0300] {processor.py:183} INFO - Processing /home/johnny/airflow/lib/python3.12/site-packages/airflow/example_dags/example_trigger_target_dag.py took 0.119 seconds
[2024-07-07T20:08:18.894-0300] {processor.py:161} INFO - Started process (PID=39037) to work on /home/johnny/airflow/lib/python3.12/site-packages/airflow/example_dags/example_trigger_target_dag.py
[2024-07-07T20:08:18.898-0300] {processor.py:830} INFO - Processing file /home/johnny/airflow/lib/python3.12/site-packages/airflow/example_dags/example_trigger_target_dag.py for tasks to queue
[2024-07-07T20:08:18.902-0300] {logging_mixin.py:188} INFO - [2024-07-07T20:08:18.900-0300] {dagbag.py:545} INFO - Filling up the DagBag from /home/johnny/airflow/lib/python3.12/site-packages/airflow/example_dags/example_trigger_target_dag.py
[2024-07-07T20:08:18.920-0300] {processor.py:840} INFO - DAG(s) 'example_trigger_target_dag' retrieved from /home/johnny/airflow/lib/python3.12/site-packages/airflow/example_dags/example_trigger_target_dag.py
[2024-07-07T20:08:18.960-0300] {logging_mixin.py:188} INFO - [2024-07-07T20:08:18.959-0300] {dag.py:3096} INFO - Sync 1 DAGs
[2024-07-07T20:08:18.982-0300] {logging_mixin.py:188} INFO - [2024-07-07T20:08:18.982-0300] {dag.py:3954} INFO - Setting next_dagrun for example_trigger_target_dag to None, run_after=None
[2024-07-07T20:08:19.023-0300] {processor.py:183} INFO - Processing /home/johnny/airflow/lib/python3.12/site-packages/airflow/example_dags/example_trigger_target_dag.py took 0.149 seconds
[2024-07-07T20:09:29.270-0300] {processor.py:161} INFO - Started process (PID=39232) to work on /home/johnny/airflow/lib/python3.12/site-packages/airflow/example_dags/example_trigger_target_dag.py
[2024-07-07T20:09:29.276-0300] {processor.py:830} INFO - Processing file /home/johnny/airflow/lib/python3.12/site-packages/airflow/example_dags/example_trigger_target_dag.py for tasks to queue
[2024-07-07T20:09:29.278-0300] {logging_mixin.py:188} INFO - [2024-07-07T20:09:29.277-0300] {dagbag.py:545} INFO - Filling up the DagBag from /home/johnny/airflow/lib/python3.12/site-packages/airflow/example_dags/example_trigger_target_dag.py
[2024-07-07T20:09:29.290-0300] {processor.py:840} INFO - DAG(s) 'example_trigger_target_dag' retrieved from /home/johnny/airflow/lib/python3.12/site-packages/airflow/example_dags/example_trigger_target_dag.py
[2024-07-07T20:09:29.321-0300] {logging_mixin.py:188} INFO - [2024-07-07T20:09:29.321-0300] {dag.py:3096} INFO - Sync 1 DAGs
[2024-07-07T20:09:29.342-0300] {logging_mixin.py:188} INFO - [2024-07-07T20:09:29.342-0300] {dag.py:3954} INFO - Setting next_dagrun for example_trigger_target_dag to None, run_after=None
[2024-07-07T20:09:29.387-0300] {processor.py:183} INFO - Processing /home/johnny/airflow/lib/python3.12/site-packages/airflow/example_dags/example_trigger_target_dag.py took 0.128 seconds
[2024-07-07T20:10:36.145-0300] {processor.py:161} INFO - Started process (PID=39412) to work on /home/johnny/airflow/lib/python3.12/site-packages/airflow/example_dags/example_trigger_target_dag.py
[2024-07-07T20:10:36.147-0300] {processor.py:830} INFO - Processing file /home/johnny/airflow/lib/python3.12/site-packages/airflow/example_dags/example_trigger_target_dag.py for tasks to queue
[2024-07-07T20:10:36.150-0300] {logging_mixin.py:188} INFO - [2024-07-07T20:10:36.149-0300] {dagbag.py:545} INFO - Filling up the DagBag from /home/johnny/airflow/lib/python3.12/site-packages/airflow/example_dags/example_trigger_target_dag.py
[2024-07-07T20:10:36.162-0300] {processor.py:840} INFO - DAG(s) 'example_trigger_target_dag' retrieved from /home/johnny/airflow/lib/python3.12/site-packages/airflow/example_dags/example_trigger_target_dag.py
[2024-07-07T20:10:36.201-0300] {logging_mixin.py:188} INFO - [2024-07-07T20:10:36.200-0300] {dag.py:3096} INFO - Sync 1 DAGs
[2024-07-07T20:10:36.234-0300] {logging_mixin.py:188} INFO - [2024-07-07T20:10:36.233-0300] {dag.py:3954} INFO - Setting next_dagrun for example_trigger_target_dag to None, run_after=None
[2024-07-07T20:10:36.283-0300] {processor.py:183} INFO - Processing /home/johnny/airflow/lib/python3.12/site-packages/airflow/example_dags/example_trigger_target_dag.py took 0.150 seconds
[2024-07-07T20:11:35.195-0300] {processor.py:161} INFO - Started process (PID=39575) to work on /home/johnny/airflow/lib/python3.12/site-packages/airflow/example_dags/example_trigger_target_dag.py
[2024-07-07T20:11:35.198-0300] {processor.py:830} INFO - Processing file /home/johnny/airflow/lib/python3.12/site-packages/airflow/example_dags/example_trigger_target_dag.py for tasks to queue
[2024-07-07T20:11:35.201-0300] {logging_mixin.py:188} INFO - [2024-07-07T20:11:35.199-0300] {dagbag.py:545} INFO - Filling up the DagBag from /home/johnny/airflow/lib/python3.12/site-packages/airflow/example_dags/example_trigger_target_dag.py
[2024-07-07T20:11:35.217-0300] {processor.py:840} INFO - DAG(s) 'example_trigger_target_dag' retrieved from /home/johnny/airflow/lib/python3.12/site-packages/airflow/example_dags/example_trigger_target_dag.py
[2024-07-07T20:11:35.253-0300] {logging_mixin.py:188} INFO - [2024-07-07T20:11:35.252-0300] {dag.py:3096} INFO - Sync 1 DAGs
[2024-07-07T20:11:35.283-0300] {logging_mixin.py:188} INFO - [2024-07-07T20:11:35.282-0300] {dag.py:3954} INFO - Setting next_dagrun for example_trigger_target_dag to None, run_after=None
[2024-07-07T20:11:35.335-0300] {processor.py:183} INFO - Processing /home/johnny/airflow/lib/python3.12/site-packages/airflow/example_dags/example_trigger_target_dag.py took 0.156 seconds
[2024-07-07T20:12:39.882-0300] {processor.py:161} INFO - Started process (PID=39753) to work on /home/johnny/airflow/lib/python3.12/site-packages/airflow/example_dags/example_trigger_target_dag.py
[2024-07-07T20:12:39.885-0300] {processor.py:830} INFO - Processing file /home/johnny/airflow/lib/python3.12/site-packages/airflow/example_dags/example_trigger_target_dag.py for tasks to queue
[2024-07-07T20:12:39.889-0300] {logging_mixin.py:188} INFO - [2024-07-07T20:12:39.887-0300] {dagbag.py:545} INFO - Filling up the DagBag from /home/johnny/airflow/lib/python3.12/site-packages/airflow/example_dags/example_trigger_target_dag.py
[2024-07-07T20:12:39.906-0300] {processor.py:840} INFO - DAG(s) 'example_trigger_target_dag' retrieved from /home/johnny/airflow/lib/python3.12/site-packages/airflow/example_dags/example_trigger_target_dag.py
[2024-07-07T20:12:39.942-0300] {logging_mixin.py:188} INFO - [2024-07-07T20:12:39.941-0300] {dag.py:3096} INFO - Sync 1 DAGs
[2024-07-07T20:12:39.990-0300] {logging_mixin.py:188} INFO - [2024-07-07T20:12:39.989-0300] {dag.py:3954} INFO - Setting next_dagrun for example_trigger_target_dag to None, run_after=None
[2024-07-07T20:12:40.061-0300] {processor.py:183} INFO - Processing /home/johnny/airflow/lib/python3.12/site-packages/airflow/example_dags/example_trigger_target_dag.py took 0.194 seconds
[2024-07-07T20:13:41.544-0300] {processor.py:161} INFO - Started process (PID=39925) to work on /home/johnny/airflow/lib/python3.12/site-packages/airflow/example_dags/example_trigger_target_dag.py
[2024-07-07T20:13:41.546-0300] {processor.py:830} INFO - Processing file /home/johnny/airflow/lib/python3.12/site-packages/airflow/example_dags/example_trigger_target_dag.py for tasks to queue
[2024-07-07T20:13:41.548-0300] {logging_mixin.py:188} INFO - [2024-07-07T20:13:41.547-0300] {dagbag.py:545} INFO - Filling up the DagBag from /home/johnny/airflow/lib/python3.12/site-packages/airflow/example_dags/example_trigger_target_dag.py
[2024-07-07T20:13:41.560-0300] {processor.py:840} INFO - DAG(s) 'example_trigger_target_dag' retrieved from /home/johnny/airflow/lib/python3.12/site-packages/airflow/example_dags/example_trigger_target_dag.py
[2024-07-07T20:13:41.589-0300] {logging_mixin.py:188} INFO - [2024-07-07T20:13:41.589-0300] {dag.py:3096} INFO - Sync 1 DAGs
[2024-07-07T20:13:41.608-0300] {logging_mixin.py:188} INFO - [2024-07-07T20:13:41.608-0300] {dag.py:3954} INFO - Setting next_dagrun for example_trigger_target_dag to None, run_after=None
[2024-07-07T20:13:41.655-0300] {processor.py:183} INFO - Processing /home/johnny/airflow/lib/python3.12/site-packages/airflow/example_dags/example_trigger_target_dag.py took 0.123 seconds
[2024-07-07T20:14:47.182-0300] {processor.py:161} INFO - Started process (PID=40102) to work on /home/johnny/airflow/lib/python3.12/site-packages/airflow/example_dags/example_trigger_target_dag.py
[2024-07-07T20:14:47.187-0300] {processor.py:830} INFO - Processing file /home/johnny/airflow/lib/python3.12/site-packages/airflow/example_dags/example_trigger_target_dag.py for tasks to queue
[2024-07-07T20:14:47.189-0300] {logging_mixin.py:188} INFO - [2024-07-07T20:14:47.188-0300] {dagbag.py:545} INFO - Filling up the DagBag from /home/johnny/airflow/lib/python3.12/site-packages/airflow/example_dags/example_trigger_target_dag.py
[2024-07-07T20:14:47.201-0300] {processor.py:840} INFO - DAG(s) 'example_trigger_target_dag' retrieved from /home/johnny/airflow/lib/python3.12/site-packages/airflow/example_dags/example_trigger_target_dag.py
[2024-07-07T20:14:47.237-0300] {logging_mixin.py:188} INFO - [2024-07-07T20:14:47.237-0300] {dag.py:3096} INFO - Sync 1 DAGs
[2024-07-07T20:14:47.260-0300] {logging_mixin.py:188} INFO - [2024-07-07T20:14:47.260-0300] {dag.py:3954} INFO - Setting next_dagrun for example_trigger_target_dag to None, run_after=None
[2024-07-07T20:14:47.311-0300] {processor.py:183} INFO - Processing /home/johnny/airflow/lib/python3.12/site-packages/airflow/example_dags/example_trigger_target_dag.py took 0.140 seconds
[2024-07-07T20:15:47.784-0300] {processor.py:161} INFO - Started process (PID=40283) to work on /home/johnny/airflow/lib/python3.12/site-packages/airflow/example_dags/example_trigger_target_dag.py
[2024-07-07T20:15:47.789-0300] {processor.py:830} INFO - Processing file /home/johnny/airflow/lib/python3.12/site-packages/airflow/example_dags/example_trigger_target_dag.py for tasks to queue
[2024-07-07T20:15:47.791-0300] {logging_mixin.py:188} INFO - [2024-07-07T20:15:47.790-0300] {dagbag.py:545} INFO - Filling up the DagBag from /home/johnny/airflow/lib/python3.12/site-packages/airflow/example_dags/example_trigger_target_dag.py
[2024-07-07T20:15:47.803-0300] {processor.py:840} INFO - DAG(s) 'example_trigger_target_dag' retrieved from /home/johnny/airflow/lib/python3.12/site-packages/airflow/example_dags/example_trigger_target_dag.py
[2024-07-07T20:15:47.833-0300] {logging_mixin.py:188} INFO - [2024-07-07T20:15:47.833-0300] {dag.py:3096} INFO - Sync 1 DAGs
[2024-07-07T20:15:47.853-0300] {logging_mixin.py:188} INFO - [2024-07-07T20:15:47.852-0300] {dag.py:3954} INFO - Setting next_dagrun for example_trigger_target_dag to None, run_after=None
[2024-07-07T20:15:47.895-0300] {processor.py:183} INFO - Processing /home/johnny/airflow/lib/python3.12/site-packages/airflow/example_dags/example_trigger_target_dag.py took 0.123 seconds
[2024-07-07T20:16:50.929-0300] {processor.py:161} INFO - Started process (PID=40453) to work on /home/johnny/airflow/lib/python3.12/site-packages/airflow/example_dags/example_trigger_target_dag.py
[2024-07-07T20:16:50.931-0300] {processor.py:830} INFO - Processing file /home/johnny/airflow/lib/python3.12/site-packages/airflow/example_dags/example_trigger_target_dag.py for tasks to queue
[2024-07-07T20:16:50.934-0300] {logging_mixin.py:188} INFO - [2024-07-07T20:16:50.933-0300] {dagbag.py:545} INFO - Filling up the DagBag from /home/johnny/airflow/lib/python3.12/site-packages/airflow/example_dags/example_trigger_target_dag.py
[2024-07-07T20:16:50.946-0300] {processor.py:840} INFO - DAG(s) 'example_trigger_target_dag' retrieved from /home/johnny/airflow/lib/python3.12/site-packages/airflow/example_dags/example_trigger_target_dag.py
[2024-07-07T20:16:50.985-0300] {logging_mixin.py:188} INFO - [2024-07-07T20:16:50.984-0300] {dag.py:3096} INFO - Sync 1 DAGs
[2024-07-07T20:16:51.014-0300] {logging_mixin.py:188} INFO - [2024-07-07T20:16:51.013-0300] {dag.py:3954} INFO - Setting next_dagrun for example_trigger_target_dag to None, run_after=None
[2024-07-07T20:16:51.062-0300] {processor.py:183} INFO - Processing /home/johnny/airflow/lib/python3.12/site-packages/airflow/example_dags/example_trigger_target_dag.py took 0.145 seconds
[2024-07-07T20:17:52.560-0300] {processor.py:161} INFO - Started process (PID=40627) to work on /home/johnny/airflow/lib/python3.12/site-packages/airflow/example_dags/example_trigger_target_dag.py
[2024-07-07T20:17:52.564-0300] {processor.py:830} INFO - Processing file /home/johnny/airflow/lib/python3.12/site-packages/airflow/example_dags/example_trigger_target_dag.py for tasks to queue
[2024-07-07T20:17:52.566-0300] {logging_mixin.py:188} INFO - [2024-07-07T20:17:52.565-0300] {dagbag.py:545} INFO - Filling up the DagBag from /home/johnny/airflow/lib/python3.12/site-packages/airflow/example_dags/example_trigger_target_dag.py
[2024-07-07T20:17:52.579-0300] {processor.py:840} INFO - DAG(s) 'example_trigger_target_dag' retrieved from /home/johnny/airflow/lib/python3.12/site-packages/airflow/example_dags/example_trigger_target_dag.py
[2024-07-07T20:17:52.611-0300] {logging_mixin.py:188} INFO - [2024-07-07T20:17:52.611-0300] {dag.py:3096} INFO - Sync 1 DAGs
[2024-07-07T20:17:52.633-0300] {logging_mixin.py:188} INFO - [2024-07-07T20:17:52.632-0300] {dag.py:3954} INFO - Setting next_dagrun for example_trigger_target_dag to None, run_after=None
[2024-07-07T20:17:52.666-0300] {processor.py:183} INFO - Processing /home/johnny/airflow/lib/python3.12/site-packages/airflow/example_dags/example_trigger_target_dag.py took 0.118 seconds
[2024-07-07T20:18:56.630-0300] {processor.py:161} INFO - Started process (PID=40795) to work on /home/johnny/airflow/lib/python3.12/site-packages/airflow/example_dags/example_trigger_target_dag.py
[2024-07-07T20:18:56.634-0300] {processor.py:830} INFO - Processing file /home/johnny/airflow/lib/python3.12/site-packages/airflow/example_dags/example_trigger_target_dag.py for tasks to queue
[2024-07-07T20:18:56.636-0300] {logging_mixin.py:188} INFO - [2024-07-07T20:18:56.635-0300] {dagbag.py:545} INFO - Filling up the DagBag from /home/johnny/airflow/lib/python3.12/site-packages/airflow/example_dags/example_trigger_target_dag.py
[2024-07-07T20:18:56.650-0300] {processor.py:840} INFO - DAG(s) 'example_trigger_target_dag' retrieved from /home/johnny/airflow/lib/python3.12/site-packages/airflow/example_dags/example_trigger_target_dag.py
[2024-07-07T20:18:56.685-0300] {logging_mixin.py:188} INFO - [2024-07-07T20:18:56.684-0300] {dag.py:3096} INFO - Sync 1 DAGs
[2024-07-07T20:18:56.712-0300] {logging_mixin.py:188} INFO - [2024-07-07T20:18:56.711-0300] {dag.py:3954} INFO - Setting next_dagrun for example_trigger_target_dag to None, run_after=None
[2024-07-07T20:18:56.771-0300] {processor.py:183} INFO - Processing /home/johnny/airflow/lib/python3.12/site-packages/airflow/example_dags/example_trigger_target_dag.py took 0.155 seconds
[2024-07-07T20:19:57.906-0300] {processor.py:161} INFO - Started process (PID=40967) to work on /home/johnny/airflow/lib/python3.12/site-packages/airflow/example_dags/example_trigger_target_dag.py
[2024-07-07T20:19:57.909-0300] {processor.py:830} INFO - Processing file /home/johnny/airflow/lib/python3.12/site-packages/airflow/example_dags/example_trigger_target_dag.py for tasks to queue
[2024-07-07T20:19:57.911-0300] {logging_mixin.py:188} INFO - [2024-07-07T20:19:57.910-0300] {dagbag.py:545} INFO - Filling up the DagBag from /home/johnny/airflow/lib/python3.12/site-packages/airflow/example_dags/example_trigger_target_dag.py
[2024-07-07T20:19:57.923-0300] {processor.py:840} INFO - DAG(s) 'example_trigger_target_dag' retrieved from /home/johnny/airflow/lib/python3.12/site-packages/airflow/example_dags/example_trigger_target_dag.py
[2024-07-07T20:19:57.952-0300] {logging_mixin.py:188} INFO - [2024-07-07T20:19:57.952-0300] {dag.py:3096} INFO - Sync 1 DAGs
[2024-07-07T20:19:57.971-0300] {logging_mixin.py:188} INFO - [2024-07-07T20:19:57.971-0300] {dag.py:3954} INFO - Setting next_dagrun for example_trigger_target_dag to None, run_after=None
[2024-07-07T20:19:58.019-0300] {processor.py:183} INFO - Processing /home/johnny/airflow/lib/python3.12/site-packages/airflow/example_dags/example_trigger_target_dag.py took 0.126 seconds
[2024-07-07T20:21:03.287-0300] {processor.py:161} INFO - Started process (PID=41145) to work on /home/johnny/airflow/lib/python3.12/site-packages/airflow/example_dags/example_trigger_target_dag.py
[2024-07-07T20:21:03.289-0300] {processor.py:830} INFO - Processing file /home/johnny/airflow/lib/python3.12/site-packages/airflow/example_dags/example_trigger_target_dag.py for tasks to queue
[2024-07-07T20:21:03.292-0300] {logging_mixin.py:188} INFO - [2024-07-07T20:21:03.291-0300] {dagbag.py:545} INFO - Filling up the DagBag from /home/johnny/airflow/lib/python3.12/site-packages/airflow/example_dags/example_trigger_target_dag.py
[2024-07-07T20:21:03.305-0300] {processor.py:840} INFO - DAG(s) 'example_trigger_target_dag' retrieved from /home/johnny/airflow/lib/python3.12/site-packages/airflow/example_dags/example_trigger_target_dag.py
[2024-07-07T20:21:03.341-0300] {logging_mixin.py:188} INFO - [2024-07-07T20:21:03.341-0300] {dag.py:3096} INFO - Sync 1 DAGs
[2024-07-07T20:21:03.363-0300] {logging_mixin.py:188} INFO - [2024-07-07T20:21:03.362-0300] {dag.py:3954} INFO - Setting next_dagrun for example_trigger_target_dag to None, run_after=None
[2024-07-07T20:21:03.417-0300] {processor.py:183} INFO - Processing /home/johnny/airflow/lib/python3.12/site-packages/airflow/example_dags/example_trigger_target_dag.py took 0.140 seconds
[2024-07-07T20:22:02.641-0300] {processor.py:161} INFO - Started process (PID=41298) to work on /home/johnny/airflow/lib/python3.12/site-packages/airflow/example_dags/example_trigger_target_dag.py
[2024-07-07T20:22:02.643-0300] {processor.py:830} INFO - Processing file /home/johnny/airflow/lib/python3.12/site-packages/airflow/example_dags/example_trigger_target_dag.py for tasks to queue
[2024-07-07T20:22:02.644-0300] {logging_mixin.py:188} INFO - [2024-07-07T20:22:02.643-0300] {dagbag.py:545} INFO - Filling up the DagBag from /home/johnny/airflow/lib/python3.12/site-packages/airflow/example_dags/example_trigger_target_dag.py
[2024-07-07T20:22:02.654-0300] {processor.py:840} INFO - DAG(s) 'example_trigger_target_dag' retrieved from /home/johnny/airflow/lib/python3.12/site-packages/airflow/example_dags/example_trigger_target_dag.py
[2024-07-07T20:22:02.677-0300] {logging_mixin.py:188} INFO - [2024-07-07T20:22:02.676-0300] {dag.py:3096} INFO - Sync 1 DAGs
[2024-07-07T20:22:02.692-0300] {logging_mixin.py:188} INFO - [2024-07-07T20:22:02.691-0300] {dag.py:3954} INFO - Setting next_dagrun for example_trigger_target_dag to None, run_after=None
[2024-07-07T20:22:02.720-0300] {processor.py:183} INFO - Processing /home/johnny/airflow/lib/python3.12/site-packages/airflow/example_dags/example_trigger_target_dag.py took 0.085 seconds
[2024-07-07T20:23:06.934-0300] {processor.py:161} INFO - Started process (PID=41478) to work on /home/johnny/airflow/lib/python3.12/site-packages/airflow/example_dags/example_trigger_target_dag.py
[2024-07-07T20:23:06.936-0300] {processor.py:830} INFO - Processing file /home/johnny/airflow/lib/python3.12/site-packages/airflow/example_dags/example_trigger_target_dag.py for tasks to queue
[2024-07-07T20:23:06.938-0300] {logging_mixin.py:188} INFO - [2024-07-07T20:23:06.937-0300] {dagbag.py:545} INFO - Filling up the DagBag from /home/johnny/airflow/lib/python3.12/site-packages/airflow/example_dags/example_trigger_target_dag.py
[2024-07-07T20:23:06.949-0300] {processor.py:840} INFO - DAG(s) 'example_trigger_target_dag' retrieved from /home/johnny/airflow/lib/python3.12/site-packages/airflow/example_dags/example_trigger_target_dag.py
[2024-07-07T20:23:06.978-0300] {logging_mixin.py:188} INFO - [2024-07-07T20:23:06.978-0300] {dag.py:3096} INFO - Sync 1 DAGs
[2024-07-07T20:23:07.002-0300] {logging_mixin.py:188} INFO - [2024-07-07T20:23:07.002-0300] {dag.py:3954} INFO - Setting next_dagrun for example_trigger_target_dag to None, run_after=None
[2024-07-07T20:23:07.047-0300] {processor.py:183} INFO - Processing /home/johnny/airflow/lib/python3.12/site-packages/airflow/example_dags/example_trigger_target_dag.py took 0.124 seconds
[2024-07-07T20:24:12.685-0300] {processor.py:161} INFO - Started process (PID=41653) to work on /home/johnny/airflow/lib/python3.12/site-packages/airflow/example_dags/example_trigger_target_dag.py
[2024-07-07T20:24:12.690-0300] {processor.py:830} INFO - Processing file /home/johnny/airflow/lib/python3.12/site-packages/airflow/example_dags/example_trigger_target_dag.py for tasks to queue
[2024-07-07T20:24:12.692-0300] {logging_mixin.py:188} INFO - [2024-07-07T20:24:12.691-0300] {dagbag.py:545} INFO - Filling up the DagBag from /home/johnny/airflow/lib/python3.12/site-packages/airflow/example_dags/example_trigger_target_dag.py
[2024-07-07T20:24:12.704-0300] {processor.py:840} INFO - DAG(s) 'example_trigger_target_dag' retrieved from /home/johnny/airflow/lib/python3.12/site-packages/airflow/example_dags/example_trigger_target_dag.py
[2024-07-07T20:24:12.734-0300] {logging_mixin.py:188} INFO - [2024-07-07T20:24:12.733-0300] {dag.py:3096} INFO - Sync 1 DAGs
[2024-07-07T20:24:12.754-0300] {logging_mixin.py:188} INFO - [2024-07-07T20:24:12.754-0300] {dag.py:3954} INFO - Setting next_dagrun for example_trigger_target_dag to None, run_after=None
[2024-07-07T20:24:12.846-0300] {processor.py:183} INFO - Processing /home/johnny/airflow/lib/python3.12/site-packages/airflow/example_dags/example_trigger_target_dag.py took 0.173 seconds
[2024-07-07T20:25:13.298-0300] {processor.py:161} INFO - Started process (PID=41814) to work on /home/johnny/airflow/lib/python3.12/site-packages/airflow/example_dags/example_trigger_target_dag.py
[2024-07-07T20:25:13.303-0300] {processor.py:830} INFO - Processing file /home/johnny/airflow/lib/python3.12/site-packages/airflow/example_dags/example_trigger_target_dag.py for tasks to queue
[2024-07-07T20:25:13.306-0300] {logging_mixin.py:188} INFO - [2024-07-07T20:25:13.305-0300] {dagbag.py:545} INFO - Filling up the DagBag from /home/johnny/airflow/lib/python3.12/site-packages/airflow/example_dags/example_trigger_target_dag.py
[2024-07-07T20:25:13.317-0300] {processor.py:840} INFO - DAG(s) 'example_trigger_target_dag' retrieved from /home/johnny/airflow/lib/python3.12/site-packages/airflow/example_dags/example_trigger_target_dag.py
[2024-07-07T20:25:13.349-0300] {logging_mixin.py:188} INFO - [2024-07-07T20:25:13.348-0300] {dag.py:3096} INFO - Sync 1 DAGs
[2024-07-07T20:25:13.370-0300] {logging_mixin.py:188} INFO - [2024-07-07T20:25:13.370-0300] {dag.py:3954} INFO - Setting next_dagrun for example_trigger_target_dag to None, run_after=None
[2024-07-07T20:25:13.418-0300] {processor.py:183} INFO - Processing /home/johnny/airflow/lib/python3.12/site-packages/airflow/example_dags/example_trigger_target_dag.py took 0.131 seconds
[2024-07-07T20:26:11.802-0300] {processor.py:161} INFO - Started process (PID=41975) to work on /home/johnny/airflow/lib/python3.12/site-packages/airflow/example_dags/example_trigger_target_dag.py
[2024-07-07T20:26:11.805-0300] {processor.py:830} INFO - Processing file /home/johnny/airflow/lib/python3.12/site-packages/airflow/example_dags/example_trigger_target_dag.py for tasks to queue
[2024-07-07T20:26:11.807-0300] {logging_mixin.py:188} INFO - [2024-07-07T20:26:11.806-0300] {dagbag.py:545} INFO - Filling up the DagBag from /home/johnny/airflow/lib/python3.12/site-packages/airflow/example_dags/example_trigger_target_dag.py
[2024-07-07T20:26:11.819-0300] {processor.py:840} INFO - DAG(s) 'example_trigger_target_dag' retrieved from /home/johnny/airflow/lib/python3.12/site-packages/airflow/example_dags/example_trigger_target_dag.py
[2024-07-07T20:26:11.849-0300] {logging_mixin.py:188} INFO - [2024-07-07T20:26:11.849-0300] {dag.py:3096} INFO - Sync 1 DAGs
[2024-07-07T20:26:11.873-0300] {logging_mixin.py:188} INFO - [2024-07-07T20:26:11.873-0300] {dag.py:3954} INFO - Setting next_dagrun for example_trigger_target_dag to None, run_after=None
[2024-07-07T20:26:11.910-0300] {processor.py:183} INFO - Processing /home/johnny/airflow/lib/python3.12/site-packages/airflow/example_dags/example_trigger_target_dag.py took 0.119 seconds
[2024-07-07T20:27:18.031-0300] {processor.py:161} INFO - Started process (PID=42154) to work on /home/johnny/airflow/lib/python3.12/site-packages/airflow/example_dags/example_trigger_target_dag.py
[2024-07-07T20:27:18.037-0300] {processor.py:830} INFO - Processing file /home/johnny/airflow/lib/python3.12/site-packages/airflow/example_dags/example_trigger_target_dag.py for tasks to queue
[2024-07-07T20:27:18.039-0300] {logging_mixin.py:188} INFO - [2024-07-07T20:27:18.038-0300] {dagbag.py:545} INFO - Filling up the DagBag from /home/johnny/airflow/lib/python3.12/site-packages/airflow/example_dags/example_trigger_target_dag.py
[2024-07-07T20:27:18.050-0300] {processor.py:840} INFO - DAG(s) 'example_trigger_target_dag' retrieved from /home/johnny/airflow/lib/python3.12/site-packages/airflow/example_dags/example_trigger_target_dag.py
[2024-07-07T20:27:18.082-0300] {logging_mixin.py:188} INFO - [2024-07-07T20:27:18.081-0300] {dag.py:3096} INFO - Sync 1 DAGs
[2024-07-07T20:27:18.108-0300] {logging_mixin.py:188} INFO - [2024-07-07T20:27:18.107-0300] {dag.py:3954} INFO - Setting next_dagrun for example_trigger_target_dag to None, run_after=None
[2024-07-07T20:27:18.153-0300] {processor.py:183} INFO - Processing /home/johnny/airflow/lib/python3.12/site-packages/airflow/example_dags/example_trigger_target_dag.py took 0.132 seconds
[2024-07-07T20:28:28.907-0300] {processor.py:161} INFO - Started process (PID=42347) to work on /home/johnny/airflow/lib/python3.12/site-packages/airflow/example_dags/example_trigger_target_dag.py
[2024-07-07T20:28:28.914-0300] {processor.py:830} INFO - Processing file /home/johnny/airflow/lib/python3.12/site-packages/airflow/example_dags/example_trigger_target_dag.py for tasks to queue
[2024-07-07T20:28:28.917-0300] {logging_mixin.py:188} INFO - [2024-07-07T20:28:28.916-0300] {dagbag.py:545} INFO - Filling up the DagBag from /home/johnny/airflow/lib/python3.12/site-packages/airflow/example_dags/example_trigger_target_dag.py
[2024-07-07T20:28:28.933-0300] {processor.py:840} INFO - DAG(s) 'example_trigger_target_dag' retrieved from /home/johnny/airflow/lib/python3.12/site-packages/airflow/example_dags/example_trigger_target_dag.py
[2024-07-07T20:28:28.968-0300] {logging_mixin.py:188} INFO - [2024-07-07T20:28:28.967-0300] {dag.py:3096} INFO - Sync 1 DAGs
[2024-07-07T20:28:28.989-0300] {logging_mixin.py:188} INFO - [2024-07-07T20:28:28.988-0300] {dag.py:3954} INFO - Setting next_dagrun for example_trigger_target_dag to None, run_after=None
[2024-07-07T20:28:29.041-0300] {processor.py:183} INFO - Processing /home/johnny/airflow/lib/python3.12/site-packages/airflow/example_dags/example_trigger_target_dag.py took 0.148 seconds
[2024-07-07T20:29:33.806-0300] {processor.py:161} INFO - Started process (PID=42527) to work on /home/johnny/airflow/lib/python3.12/site-packages/airflow/example_dags/example_trigger_target_dag.py
[2024-07-07T20:29:33.811-0300] {processor.py:830} INFO - Processing file /home/johnny/airflow/lib/python3.12/site-packages/airflow/example_dags/example_trigger_target_dag.py for tasks to queue
[2024-07-07T20:29:33.815-0300] {logging_mixin.py:188} INFO - [2024-07-07T20:29:33.813-0300] {dagbag.py:545} INFO - Filling up the DagBag from /home/johnny/airflow/lib/python3.12/site-packages/airflow/example_dags/example_trigger_target_dag.py
[2024-07-07T20:29:33.826-0300] {processor.py:840} INFO - DAG(s) 'example_trigger_target_dag' retrieved from /home/johnny/airflow/lib/python3.12/site-packages/airflow/example_dags/example_trigger_target_dag.py
[2024-07-07T20:29:33.855-0300] {logging_mixin.py:188} INFO - [2024-07-07T20:29:33.855-0300] {dag.py:3096} INFO - Sync 1 DAGs
[2024-07-07T20:29:33.876-0300] {logging_mixin.py:188} INFO - [2024-07-07T20:29:33.876-0300] {dag.py:3954} INFO - Setting next_dagrun for example_trigger_target_dag to None, run_after=None
[2024-07-07T20:29:33.920-0300] {processor.py:183} INFO - Processing /home/johnny/airflow/lib/python3.12/site-packages/airflow/example_dags/example_trigger_target_dag.py took 0.126 seconds
[2024-07-07T20:30:41.640-0300] {processor.py:161} INFO - Started process (PID=42710) to work on /home/johnny/airflow/lib/python3.12/site-packages/airflow/example_dags/example_trigger_target_dag.py
[2024-07-07T20:30:41.643-0300] {processor.py:830} INFO - Processing file /home/johnny/airflow/lib/python3.12/site-packages/airflow/example_dags/example_trigger_target_dag.py for tasks to queue
[2024-07-07T20:30:41.645-0300] {logging_mixin.py:188} INFO - [2024-07-07T20:30:41.644-0300] {dagbag.py:545} INFO - Filling up the DagBag from /home/johnny/airflow/lib/python3.12/site-packages/airflow/example_dags/example_trigger_target_dag.py
[2024-07-07T20:30:41.656-0300] {processor.py:840} INFO - DAG(s) 'example_trigger_target_dag' retrieved from /home/johnny/airflow/lib/python3.12/site-packages/airflow/example_dags/example_trigger_target_dag.py
[2024-07-07T20:30:41.686-0300] {logging_mixin.py:188} INFO - [2024-07-07T20:30:41.686-0300] {dag.py:3096} INFO - Sync 1 DAGs
[2024-07-07T20:30:41.704-0300] {logging_mixin.py:188} INFO - [2024-07-07T20:30:41.704-0300] {dag.py:3954} INFO - Setting next_dagrun for example_trigger_target_dag to None, run_after=None
[2024-07-07T20:30:41.738-0300] {processor.py:183} INFO - Processing /home/johnny/airflow/lib/python3.12/site-packages/airflow/example_dags/example_trigger_target_dag.py took 0.110 seconds
[2024-07-07T20:31:43.670-0300] {processor.py:161} INFO - Started process (PID=42888) to work on /home/johnny/airflow/lib/python3.12/site-packages/airflow/example_dags/example_trigger_target_dag.py
[2024-07-07T20:31:43.674-0300] {processor.py:830} INFO - Processing file /home/johnny/airflow/lib/python3.12/site-packages/airflow/example_dags/example_trigger_target_dag.py for tasks to queue
[2024-07-07T20:31:43.676-0300] {logging_mixin.py:188} INFO - [2024-07-07T20:31:43.675-0300] {dagbag.py:545} INFO - Filling up the DagBag from /home/johnny/airflow/lib/python3.12/site-packages/airflow/example_dags/example_trigger_target_dag.py
[2024-07-07T20:31:43.692-0300] {processor.py:840} INFO - DAG(s) 'example_trigger_target_dag' retrieved from /home/johnny/airflow/lib/python3.12/site-packages/airflow/example_dags/example_trigger_target_dag.py
[2024-07-07T20:31:43.733-0300] {logging_mixin.py:188} INFO - [2024-07-07T20:31:43.733-0300] {dag.py:3096} INFO - Sync 1 DAGs
[2024-07-07T20:31:43.755-0300] {logging_mixin.py:188} INFO - [2024-07-07T20:31:43.755-0300] {dag.py:3954} INFO - Setting next_dagrun for example_trigger_target_dag to None, run_after=None
[2024-07-07T20:31:43.800-0300] {processor.py:183} INFO - Processing /home/johnny/airflow/lib/python3.12/site-packages/airflow/example_dags/example_trigger_target_dag.py took 0.143 seconds
[2024-07-07T20:32:45.785-0300] {processor.py:161} INFO - Started process (PID=43067) to work on /home/johnny/airflow/lib/python3.12/site-packages/airflow/example_dags/example_trigger_target_dag.py
[2024-07-07T20:32:45.787-0300] {processor.py:830} INFO - Processing file /home/johnny/airflow/lib/python3.12/site-packages/airflow/example_dags/example_trigger_target_dag.py for tasks to queue
[2024-07-07T20:32:45.789-0300] {logging_mixin.py:188} INFO - [2024-07-07T20:32:45.788-0300] {dagbag.py:545} INFO - Filling up the DagBag from /home/johnny/airflow/lib/python3.12/site-packages/airflow/example_dags/example_trigger_target_dag.py
[2024-07-07T20:32:45.801-0300] {processor.py:840} INFO - DAG(s) 'example_trigger_target_dag' retrieved from /home/johnny/airflow/lib/python3.12/site-packages/airflow/example_dags/example_trigger_target_dag.py
[2024-07-07T20:32:45.830-0300] {logging_mixin.py:188} INFO - [2024-07-07T20:32:45.830-0300] {dag.py:3096} INFO - Sync 1 DAGs
[2024-07-07T20:32:45.849-0300] {logging_mixin.py:188} INFO - [2024-07-07T20:32:45.849-0300] {dag.py:3954} INFO - Setting next_dagrun for example_trigger_target_dag to None, run_after=None
[2024-07-07T20:32:45.887-0300] {processor.py:183} INFO - Processing /home/johnny/airflow/lib/python3.12/site-packages/airflow/example_dags/example_trigger_target_dag.py took 0.115 seconds
[2024-07-07T20:33:37.063-0300] {processor.py:161} INFO - Started process (PID=43215) to work on /home/johnny/airflow/lib/python3.12/site-packages/airflow/example_dags/example_trigger_target_dag.py
[2024-07-07T20:33:37.066-0300] {processor.py:830} INFO - Processing file /home/johnny/airflow/lib/python3.12/site-packages/airflow/example_dags/example_trigger_target_dag.py for tasks to queue
[2024-07-07T20:33:37.068-0300] {logging_mixin.py:188} INFO - [2024-07-07T20:33:37.067-0300] {dagbag.py:545} INFO - Filling up the DagBag from /home/johnny/airflow/lib/python3.12/site-packages/airflow/example_dags/example_trigger_target_dag.py
[2024-07-07T20:33:37.079-0300] {processor.py:840} INFO - DAG(s) 'example_trigger_target_dag' retrieved from /home/johnny/airflow/lib/python3.12/site-packages/airflow/example_dags/example_trigger_target_dag.py
[2024-07-07T20:33:37.110-0300] {logging_mixin.py:188} INFO - [2024-07-07T20:33:37.110-0300] {dag.py:3096} INFO - Sync 1 DAGs
[2024-07-07T20:33:37.131-0300] {logging_mixin.py:188} INFO - [2024-07-07T20:33:37.131-0300] {dag.py:3954} INFO - Setting next_dagrun for example_trigger_target_dag to None, run_after=None
[2024-07-07T20:33:37.174-0300] {processor.py:183} INFO - Processing /home/johnny/airflow/lib/python3.12/site-packages/airflow/example_dags/example_trigger_target_dag.py took 0.124 seconds
[2024-07-07T20:34:23.261-0300] {processor.py:161} INFO - Started process (PID=43346) to work on /home/johnny/airflow/lib/python3.12/site-packages/airflow/example_dags/example_trigger_target_dag.py
[2024-07-07T20:34:23.264-0300] {processor.py:830} INFO - Processing file /home/johnny/airflow/lib/python3.12/site-packages/airflow/example_dags/example_trigger_target_dag.py for tasks to queue
[2024-07-07T20:34:23.267-0300] {logging_mixin.py:188} INFO - [2024-07-07T20:34:23.266-0300] {dagbag.py:545} INFO - Filling up the DagBag from /home/johnny/airflow/lib/python3.12/site-packages/airflow/example_dags/example_trigger_target_dag.py
[2024-07-07T20:34:23.282-0300] {processor.py:840} INFO - DAG(s) 'example_trigger_target_dag' retrieved from /home/johnny/airflow/lib/python3.12/site-packages/airflow/example_dags/example_trigger_target_dag.py
[2024-07-07T20:34:23.315-0300] {logging_mixin.py:188} INFO - [2024-07-07T20:34:23.314-0300] {dag.py:3096} INFO - Sync 1 DAGs
[2024-07-07T20:34:23.336-0300] {logging_mixin.py:188} INFO - [2024-07-07T20:34:23.335-0300] {dag.py:3954} INFO - Setting next_dagrun for example_trigger_target_dag to None, run_after=None
[2024-07-07T20:34:23.389-0300] {processor.py:183} INFO - Processing /home/johnny/airflow/lib/python3.12/site-packages/airflow/example_dags/example_trigger_target_dag.py took 0.145 seconds
[2024-07-07T20:35:25.177-0300] {processor.py:161} INFO - Started process (PID=43514) to work on /home/johnny/airflow/lib/python3.12/site-packages/airflow/example_dags/example_trigger_target_dag.py
[2024-07-07T20:35:25.180-0300] {processor.py:830} INFO - Processing file /home/johnny/airflow/lib/python3.12/site-packages/airflow/example_dags/example_trigger_target_dag.py for tasks to queue
[2024-07-07T20:35:25.183-0300] {logging_mixin.py:188} INFO - [2024-07-07T20:35:25.182-0300] {dagbag.py:545} INFO - Filling up the DagBag from /home/johnny/airflow/lib/python3.12/site-packages/airflow/example_dags/example_trigger_target_dag.py
[2024-07-07T20:35:25.205-0300] {processor.py:840} INFO - DAG(s) 'example_trigger_target_dag' retrieved from /home/johnny/airflow/lib/python3.12/site-packages/airflow/example_dags/example_trigger_target_dag.py
[2024-07-07T20:35:25.253-0300] {logging_mixin.py:188} INFO - [2024-07-07T20:35:25.252-0300] {dag.py:3096} INFO - Sync 1 DAGs
[2024-07-07T20:35:25.279-0300] {logging_mixin.py:188} INFO - [2024-07-07T20:35:25.279-0300] {dag.py:3954} INFO - Setting next_dagrun for example_trigger_target_dag to None, run_after=None
[2024-07-07T20:35:25.328-0300] {processor.py:183} INFO - Processing /home/johnny/airflow/lib/python3.12/site-packages/airflow/example_dags/example_trigger_target_dag.py took 0.168 seconds
[2024-07-07T20:36:30.301-0300] {processor.py:161} INFO - Started process (PID=43688) to work on /home/johnny/airflow/lib/python3.12/site-packages/airflow/example_dags/example_trigger_target_dag.py
[2024-07-07T20:36:30.303-0300] {processor.py:830} INFO - Processing file /home/johnny/airflow/lib/python3.12/site-packages/airflow/example_dags/example_trigger_target_dag.py for tasks to queue
[2024-07-07T20:36:30.305-0300] {logging_mixin.py:188} INFO - [2024-07-07T20:36:30.305-0300] {dagbag.py:545} INFO - Filling up the DagBag from /home/johnny/airflow/lib/python3.12/site-packages/airflow/example_dags/example_trigger_target_dag.py
[2024-07-07T20:36:30.317-0300] {processor.py:840} INFO - DAG(s) 'example_trigger_target_dag' retrieved from /home/johnny/airflow/lib/python3.12/site-packages/airflow/example_dags/example_trigger_target_dag.py
[2024-07-07T20:36:30.347-0300] {logging_mixin.py:188} INFO - [2024-07-07T20:36:30.347-0300] {dag.py:3096} INFO - Sync 1 DAGs
[2024-07-07T20:36:30.372-0300] {logging_mixin.py:188} INFO - [2024-07-07T20:36:30.372-0300] {dag.py:3954} INFO - Setting next_dagrun for example_trigger_target_dag to None, run_after=None
[2024-07-07T20:36:30.417-0300] {processor.py:183} INFO - Processing /home/johnny/airflow/lib/python3.12/site-packages/airflow/example_dags/example_trigger_target_dag.py took 0.127 seconds
[2024-07-07T20:37:32.288-0300] {processor.py:161} INFO - Started process (PID=43858) to work on /home/johnny/airflow/lib/python3.12/site-packages/airflow/example_dags/example_trigger_target_dag.py
[2024-07-07T20:37:32.290-0300] {processor.py:830} INFO - Processing file /home/johnny/airflow/lib/python3.12/site-packages/airflow/example_dags/example_trigger_target_dag.py for tasks to queue
[2024-07-07T20:37:32.292-0300] {logging_mixin.py:188} INFO - [2024-07-07T20:37:32.291-0300] {dagbag.py:545} INFO - Filling up the DagBag from /home/johnny/airflow/lib/python3.12/site-packages/airflow/example_dags/example_trigger_target_dag.py
[2024-07-07T20:37:32.304-0300] {processor.py:840} INFO - DAG(s) 'example_trigger_target_dag' retrieved from /home/johnny/airflow/lib/python3.12/site-packages/airflow/example_dags/example_trigger_target_dag.py
[2024-07-07T20:37:32.332-0300] {logging_mixin.py:188} INFO - [2024-07-07T20:37:32.332-0300] {dag.py:3096} INFO - Sync 1 DAGs
[2024-07-07T20:37:32.352-0300] {logging_mixin.py:188} INFO - [2024-07-07T20:37:32.351-0300] {dag.py:3954} INFO - Setting next_dagrun for example_trigger_target_dag to None, run_after=None
[2024-07-07T20:37:32.387-0300] {processor.py:183} INFO - Processing /home/johnny/airflow/lib/python3.12/site-packages/airflow/example_dags/example_trigger_target_dag.py took 0.111 seconds
[2024-07-07T20:38:33.269-0300] {processor.py:161} INFO - Started process (PID=44021) to work on /home/johnny/airflow/lib/python3.12/site-packages/airflow/example_dags/example_trigger_target_dag.py
[2024-07-07T20:38:33.271-0300] {processor.py:830} INFO - Processing file /home/johnny/airflow/lib/python3.12/site-packages/airflow/example_dags/example_trigger_target_dag.py for tasks to queue
[2024-07-07T20:38:33.273-0300] {logging_mixin.py:188} INFO - [2024-07-07T20:38:33.273-0300] {dagbag.py:545} INFO - Filling up the DagBag from /home/johnny/airflow/lib/python3.12/site-packages/airflow/example_dags/example_trigger_target_dag.py
[2024-07-07T20:38:33.283-0300] {processor.py:840} INFO - DAG(s) 'example_trigger_target_dag' retrieved from /home/johnny/airflow/lib/python3.12/site-packages/airflow/example_dags/example_trigger_target_dag.py
[2024-07-07T20:38:33.321-0300] {logging_mixin.py:188} INFO - [2024-07-07T20:38:33.320-0300] {dag.py:3096} INFO - Sync 1 DAGs
[2024-07-07T20:38:33.345-0300] {logging_mixin.py:188} INFO - [2024-07-07T20:38:33.344-0300] {dag.py:3954} INFO - Setting next_dagrun for example_trigger_target_dag to None, run_after=None
[2024-07-07T20:38:33.392-0300] {processor.py:183} INFO - Processing /home/johnny/airflow/lib/python3.12/site-packages/airflow/example_dags/example_trigger_target_dag.py took 0.137 seconds
[2024-07-07T20:39:42.312-0300] {processor.py:161} INFO - Started process (PID=44203) to work on /home/johnny/airflow/lib/python3.12/site-packages/airflow/example_dags/example_trigger_target_dag.py
[2024-07-07T20:39:42.318-0300] {processor.py:830} INFO - Processing file /home/johnny/airflow/lib/python3.12/site-packages/airflow/example_dags/example_trigger_target_dag.py for tasks to queue
[2024-07-07T20:39:42.320-0300] {logging_mixin.py:188} INFO - [2024-07-07T20:39:42.319-0300] {dagbag.py:545} INFO - Filling up the DagBag from /home/johnny/airflow/lib/python3.12/site-packages/airflow/example_dags/example_trigger_target_dag.py
[2024-07-07T20:39:42.332-0300] {processor.py:840} INFO - DAG(s) 'example_trigger_target_dag' retrieved from /home/johnny/airflow/lib/python3.12/site-packages/airflow/example_dags/example_trigger_target_dag.py
[2024-07-07T20:39:42.351-0300] {logging_mixin.py:188} INFO - [2024-07-07T20:39:42.351-0300] {dag.py:3096} INFO - Sync 1 DAGs
[2024-07-07T20:39:42.366-0300] {logging_mixin.py:188} INFO - [2024-07-07T20:39:42.365-0300] {dag.py:3954} INFO - Setting next_dagrun for example_trigger_target_dag to None, run_after=None
[2024-07-07T20:39:42.426-0300] {processor.py:183} INFO - Processing /home/johnny/airflow/lib/python3.12/site-packages/airflow/example_dags/example_trigger_target_dag.py took 0.125 seconds
[2024-07-07T20:40:47.694-0300] {processor.py:161} INFO - Started process (PID=44384) to work on /home/johnny/airflow/lib/python3.12/site-packages/airflow/example_dags/example_trigger_target_dag.py
[2024-07-07T20:40:47.700-0300] {processor.py:830} INFO - Processing file /home/johnny/airflow/lib/python3.12/site-packages/airflow/example_dags/example_trigger_target_dag.py for tasks to queue
[2024-07-07T20:40:47.702-0300] {logging_mixin.py:188} INFO - [2024-07-07T20:40:47.701-0300] {dagbag.py:545} INFO - Filling up the DagBag from /home/johnny/airflow/lib/python3.12/site-packages/airflow/example_dags/example_trigger_target_dag.py
[2024-07-07T20:40:47.716-0300] {processor.py:840} INFO - DAG(s) 'example_trigger_target_dag' retrieved from /home/johnny/airflow/lib/python3.12/site-packages/airflow/example_dags/example_trigger_target_dag.py
[2024-07-07T20:40:47.759-0300] {logging_mixin.py:188} INFO - [2024-07-07T20:40:47.759-0300] {dag.py:3096} INFO - Sync 1 DAGs
[2024-07-07T20:40:47.789-0300] {logging_mixin.py:188} INFO - [2024-07-07T20:40:47.788-0300] {dag.py:3954} INFO - Setting next_dagrun for example_trigger_target_dag to None, run_after=None
[2024-07-07T20:40:47.844-0300] {processor.py:183} INFO - Processing /home/johnny/airflow/lib/python3.12/site-packages/airflow/example_dags/example_trigger_target_dag.py took 0.168 seconds
[2024-07-07T20:41:59.291-0300] {processor.py:161} INFO - Started process (PID=44575) to work on /home/johnny/airflow/lib/python3.12/site-packages/airflow/example_dags/example_trigger_target_dag.py
[2024-07-07T20:41:59.296-0300] {processor.py:830} INFO - Processing file /home/johnny/airflow/lib/python3.12/site-packages/airflow/example_dags/example_trigger_target_dag.py for tasks to queue
[2024-07-07T20:41:59.298-0300] {logging_mixin.py:188} INFO - [2024-07-07T20:41:59.298-0300] {dagbag.py:545} INFO - Filling up the DagBag from /home/johnny/airflow/lib/python3.12/site-packages/airflow/example_dags/example_trigger_target_dag.py
[2024-07-07T20:41:59.309-0300] {processor.py:840} INFO - DAG(s) 'example_trigger_target_dag' retrieved from /home/johnny/airflow/lib/python3.12/site-packages/airflow/example_dags/example_trigger_target_dag.py
[2024-07-07T20:41:59.334-0300] {logging_mixin.py:188} INFO - [2024-07-07T20:41:59.333-0300] {dag.py:3096} INFO - Sync 1 DAGs
[2024-07-07T20:41:59.351-0300] {logging_mixin.py:188} INFO - [2024-07-07T20:41:59.350-0300] {dag.py:3954} INFO - Setting next_dagrun for example_trigger_target_dag to None, run_after=None
[2024-07-07T20:41:59.385-0300] {processor.py:183} INFO - Processing /home/johnny/airflow/lib/python3.12/site-packages/airflow/example_dags/example_trigger_target_dag.py took 0.106 seconds
[2024-07-07T20:43:03.322-0300] {processor.py:161} INFO - Started process (PID=44752) to work on /home/johnny/airflow/lib/python3.12/site-packages/airflow/example_dags/example_trigger_target_dag.py
[2024-07-07T20:43:03.327-0300] {processor.py:830} INFO - Processing file /home/johnny/airflow/lib/python3.12/site-packages/airflow/example_dags/example_trigger_target_dag.py for tasks to queue
[2024-07-07T20:43:03.330-0300] {logging_mixin.py:188} INFO - [2024-07-07T20:43:03.329-0300] {dagbag.py:545} INFO - Filling up the DagBag from /home/johnny/airflow/lib/python3.12/site-packages/airflow/example_dags/example_trigger_target_dag.py
[2024-07-07T20:43:03.341-0300] {processor.py:840} INFO - DAG(s) 'example_trigger_target_dag' retrieved from /home/johnny/airflow/lib/python3.12/site-packages/airflow/example_dags/example_trigger_target_dag.py
[2024-07-07T20:43:03.366-0300] {logging_mixin.py:188} INFO - [2024-07-07T20:43:03.366-0300] {dag.py:3096} INFO - Sync 1 DAGs
[2024-07-07T20:43:03.384-0300] {logging_mixin.py:188} INFO - [2024-07-07T20:43:03.383-0300] {dag.py:3954} INFO - Setting next_dagrun for example_trigger_target_dag to None, run_after=None
[2024-07-07T20:43:03.421-0300] {processor.py:183} INFO - Processing /home/johnny/airflow/lib/python3.12/site-packages/airflow/example_dags/example_trigger_target_dag.py took 0.112 seconds
[2024-07-07T20:44:07.772-0300] {processor.py:161} INFO - Started process (PID=44923) to work on /home/johnny/airflow/lib/python3.12/site-packages/airflow/example_dags/example_trigger_target_dag.py
[2024-07-07T20:44:07.778-0300] {processor.py:830} INFO - Processing file /home/johnny/airflow/lib/python3.12/site-packages/airflow/example_dags/example_trigger_target_dag.py for tasks to queue
[2024-07-07T20:44:07.780-0300] {logging_mixin.py:188} INFO - [2024-07-07T20:44:07.779-0300] {dagbag.py:545} INFO - Filling up the DagBag from /home/johnny/airflow/lib/python3.12/site-packages/airflow/example_dags/example_trigger_target_dag.py
[2024-07-07T20:44:07.792-0300] {processor.py:840} INFO - DAG(s) 'example_trigger_target_dag' retrieved from /home/johnny/airflow/lib/python3.12/site-packages/airflow/example_dags/example_trigger_target_dag.py
[2024-07-07T20:44:07.825-0300] {logging_mixin.py:188} INFO - [2024-07-07T20:44:07.825-0300] {dag.py:3096} INFO - Sync 1 DAGs
[2024-07-07T20:44:07.847-0300] {logging_mixin.py:188} INFO - [2024-07-07T20:44:07.847-0300] {dag.py:3954} INFO - Setting next_dagrun for example_trigger_target_dag to None, run_after=None
[2024-07-07T20:44:07.892-0300] {processor.py:183} INFO - Processing /home/johnny/airflow/lib/python3.12/site-packages/airflow/example_dags/example_trigger_target_dag.py took 0.139 seconds
[2024-07-07T20:45:18.329-0300] {processor.py:161} INFO - Started process (PID=45114) to work on /home/johnny/airflow/lib/python3.12/site-packages/airflow/example_dags/example_trigger_target_dag.py
[2024-07-07T20:45:18.335-0300] {processor.py:830} INFO - Processing file /home/johnny/airflow/lib/python3.12/site-packages/airflow/example_dags/example_trigger_target_dag.py for tasks to queue
[2024-07-07T20:45:18.338-0300] {logging_mixin.py:188} INFO - [2024-07-07T20:45:18.337-0300] {dagbag.py:545} INFO - Filling up the DagBag from /home/johnny/airflow/lib/python3.12/site-packages/airflow/example_dags/example_trigger_target_dag.py
[2024-07-07T20:45:18.350-0300] {processor.py:840} INFO - DAG(s) 'example_trigger_target_dag' retrieved from /home/johnny/airflow/lib/python3.12/site-packages/airflow/example_dags/example_trigger_target_dag.py
[2024-07-07T20:45:18.383-0300] {logging_mixin.py:188} INFO - [2024-07-07T20:45:18.383-0300] {dag.py:3096} INFO - Sync 1 DAGs
[2024-07-07T20:45:18.420-0300] {logging_mixin.py:188} INFO - [2024-07-07T20:45:18.420-0300] {dag.py:3954} INFO - Setting next_dagrun for example_trigger_target_dag to None, run_after=None
[2024-07-07T20:45:18.475-0300] {processor.py:183} INFO - Processing /home/johnny/airflow/lib/python3.12/site-packages/airflow/example_dags/example_trigger_target_dag.py took 0.158 seconds
[2024-07-07T20:46:23.696-0300] {processor.py:161} INFO - Started process (PID=45292) to work on /home/johnny/airflow/lib/python3.12/site-packages/airflow/example_dags/example_trigger_target_dag.py
[2024-07-07T20:46:23.702-0300] {processor.py:830} INFO - Processing file /home/johnny/airflow/lib/python3.12/site-packages/airflow/example_dags/example_trigger_target_dag.py for tasks to queue
[2024-07-07T20:46:23.704-0300] {logging_mixin.py:188} INFO - [2024-07-07T20:46:23.703-0300] {dagbag.py:545} INFO - Filling up the DagBag from /home/johnny/airflow/lib/python3.12/site-packages/airflow/example_dags/example_trigger_target_dag.py
[2024-07-07T20:46:23.717-0300] {processor.py:840} INFO - DAG(s) 'example_trigger_target_dag' retrieved from /home/johnny/airflow/lib/python3.12/site-packages/airflow/example_dags/example_trigger_target_dag.py
[2024-07-07T20:46:23.762-0300] {logging_mixin.py:188} INFO - [2024-07-07T20:46:23.761-0300] {dag.py:3096} INFO - Sync 1 DAGs
[2024-07-07T20:46:23.803-0300] {logging_mixin.py:188} INFO - [2024-07-07T20:46:23.802-0300] {dag.py:3954} INFO - Setting next_dagrun for example_trigger_target_dag to None, run_after=None
[2024-07-07T20:46:23.873-0300] {processor.py:183} INFO - Processing /home/johnny/airflow/lib/python3.12/site-packages/airflow/example_dags/example_trigger_target_dag.py took 0.189 seconds
[2024-07-07T20:47:29.880-0300] {processor.py:161} INFO - Started process (PID=45470) to work on /home/johnny/airflow/lib/python3.12/site-packages/airflow/example_dags/example_trigger_target_dag.py
[2024-07-07T20:47:29.886-0300] {processor.py:830} INFO - Processing file /home/johnny/airflow/lib/python3.12/site-packages/airflow/example_dags/example_trigger_target_dag.py for tasks to queue
[2024-07-07T20:47:29.888-0300] {logging_mixin.py:188} INFO - [2024-07-07T20:47:29.887-0300] {dagbag.py:545} INFO - Filling up the DagBag from /home/johnny/airflow/lib/python3.12/site-packages/airflow/example_dags/example_trigger_target_dag.py
[2024-07-07T20:47:29.900-0300] {processor.py:840} INFO - DAG(s) 'example_trigger_target_dag' retrieved from /home/johnny/airflow/lib/python3.12/site-packages/airflow/example_dags/example_trigger_target_dag.py
[2024-07-07T20:47:29.947-0300] {logging_mixin.py:188} INFO - [2024-07-07T20:47:29.946-0300] {dag.py:3096} INFO - Sync 1 DAGs
[2024-07-07T20:47:29.978-0300] {logging_mixin.py:188} INFO - [2024-07-07T20:47:29.978-0300] {dag.py:3954} INFO - Setting next_dagrun for example_trigger_target_dag to None, run_after=None
[2024-07-07T20:47:30.026-0300] {processor.py:183} INFO - Processing /home/johnny/airflow/lib/python3.12/site-packages/airflow/example_dags/example_trigger_target_dag.py took 0.159 seconds
[2024-07-07T20:48:36.589-0300] {processor.py:161} INFO - Started process (PID=45649) to work on /home/johnny/airflow/lib/python3.12/site-packages/airflow/example_dags/example_trigger_target_dag.py
[2024-07-07T20:48:36.592-0300] {processor.py:830} INFO - Processing file /home/johnny/airflow/lib/python3.12/site-packages/airflow/example_dags/example_trigger_target_dag.py for tasks to queue
[2024-07-07T20:48:36.595-0300] {logging_mixin.py:188} INFO - [2024-07-07T20:48:36.593-0300] {dagbag.py:545} INFO - Filling up the DagBag from /home/johnny/airflow/lib/python3.12/site-packages/airflow/example_dags/example_trigger_target_dag.py
[2024-07-07T20:48:36.608-0300] {processor.py:840} INFO - DAG(s) 'example_trigger_target_dag' retrieved from /home/johnny/airflow/lib/python3.12/site-packages/airflow/example_dags/example_trigger_target_dag.py
[2024-07-07T20:48:36.641-0300] {logging_mixin.py:188} INFO - [2024-07-07T20:48:36.641-0300] {dag.py:3096} INFO - Sync 1 DAGs
[2024-07-07T20:48:36.669-0300] {logging_mixin.py:188} INFO - [2024-07-07T20:48:36.668-0300] {dag.py:3954} INFO - Setting next_dagrun for example_trigger_target_dag to None, run_after=None
[2024-07-07T20:48:36.714-0300] {processor.py:183} INFO - Processing /home/johnny/airflow/lib/python3.12/site-packages/airflow/example_dags/example_trigger_target_dag.py took 0.142 seconds
[2024-07-07T20:49:47.701-0300] {processor.py:161} INFO - Started process (PID=45837) to work on /home/johnny/airflow/lib/python3.12/site-packages/airflow/example_dags/example_trigger_target_dag.py
[2024-07-07T20:49:47.706-0300] {processor.py:830} INFO - Processing file /home/johnny/airflow/lib/python3.12/site-packages/airflow/example_dags/example_trigger_target_dag.py for tasks to queue
[2024-07-07T20:49:47.709-0300] {logging_mixin.py:188} INFO - [2024-07-07T20:49:47.707-0300] {dagbag.py:545} INFO - Filling up the DagBag from /home/johnny/airflow/lib/python3.12/site-packages/airflow/example_dags/example_trigger_target_dag.py
[2024-07-07T20:49:47.722-0300] {processor.py:840} INFO - DAG(s) 'example_trigger_target_dag' retrieved from /home/johnny/airflow/lib/python3.12/site-packages/airflow/example_dags/example_trigger_target_dag.py
[2024-07-07T20:49:47.749-0300] {logging_mixin.py:188} INFO - [2024-07-07T20:49:47.748-0300] {dag.py:3096} INFO - Sync 1 DAGs
[2024-07-07T20:49:47.766-0300] {logging_mixin.py:188} INFO - [2024-07-07T20:49:47.766-0300] {dag.py:3954} INFO - Setting next_dagrun for example_trigger_target_dag to None, run_after=None
[2024-07-07T20:49:47.802-0300] {processor.py:183} INFO - Processing /home/johnny/airflow/lib/python3.12/site-packages/airflow/example_dags/example_trigger_target_dag.py took 0.113 seconds
[2024-07-07T20:50:58.053-0300] {processor.py:161} INFO - Started process (PID=46021) to work on /home/johnny/airflow/lib/python3.12/site-packages/airflow/example_dags/example_trigger_target_dag.py
[2024-07-07T20:50:58.059-0300] {processor.py:830} INFO - Processing file /home/johnny/airflow/lib/python3.12/site-packages/airflow/example_dags/example_trigger_target_dag.py for tasks to queue
[2024-07-07T20:50:58.062-0300] {logging_mixin.py:188} INFO - [2024-07-07T20:50:58.061-0300] {dagbag.py:545} INFO - Filling up the DagBag from /home/johnny/airflow/lib/python3.12/site-packages/airflow/example_dags/example_trigger_target_dag.py
[2024-07-07T20:50:58.078-0300] {processor.py:840} INFO - DAG(s) 'example_trigger_target_dag' retrieved from /home/johnny/airflow/lib/python3.12/site-packages/airflow/example_dags/example_trigger_target_dag.py
[2024-07-07T20:50:58.128-0300] {logging_mixin.py:188} INFO - [2024-07-07T20:50:58.128-0300] {dag.py:3096} INFO - Sync 1 DAGs
[2024-07-07T20:50:58.174-0300] {logging_mixin.py:188} INFO - [2024-07-07T20:50:58.173-0300] {dag.py:3954} INFO - Setting next_dagrun for example_trigger_target_dag to None, run_after=None
[2024-07-07T20:50:58.235-0300] {processor.py:183} INFO - Processing /home/johnny/airflow/lib/python3.12/site-packages/airflow/example_dags/example_trigger_target_dag.py took 0.198 seconds
[2024-07-07T20:52:10.826-0300] {processor.py:161} INFO - Started process (PID=46214) to work on /home/johnny/airflow/lib/python3.12/site-packages/airflow/example_dags/example_trigger_target_dag.py
[2024-07-07T20:52:10.829-0300] {processor.py:830} INFO - Processing file /home/johnny/airflow/lib/python3.12/site-packages/airflow/example_dags/example_trigger_target_dag.py for tasks to queue
[2024-07-07T20:52:10.832-0300] {logging_mixin.py:188} INFO - [2024-07-07T20:52:10.830-0300] {dagbag.py:545} INFO - Filling up the DagBag from /home/johnny/airflow/lib/python3.12/site-packages/airflow/example_dags/example_trigger_target_dag.py
[2024-07-07T20:52:10.842-0300] {processor.py:840} INFO - DAG(s) 'example_trigger_target_dag' retrieved from /home/johnny/airflow/lib/python3.12/site-packages/airflow/example_dags/example_trigger_target_dag.py
[2024-07-07T20:52:10.861-0300] {logging_mixin.py:188} INFO - [2024-07-07T20:52:10.860-0300] {dag.py:3096} INFO - Sync 1 DAGs
[2024-07-07T20:52:10.874-0300] {logging_mixin.py:188} INFO - [2024-07-07T20:52:10.873-0300] {dag.py:3954} INFO - Setting next_dagrun for example_trigger_target_dag to None, run_after=None
[2024-07-07T20:52:10.905-0300] {processor.py:183} INFO - Processing /home/johnny/airflow/lib/python3.12/site-packages/airflow/example_dags/example_trigger_target_dag.py took 0.090 seconds
[2024-07-07T20:53:13.585-0300] {processor.py:161} INFO - Started process (PID=46380) to work on /home/johnny/airflow/lib/python3.12/site-packages/airflow/example_dags/example_trigger_target_dag.py
[2024-07-07T20:53:13.588-0300] {processor.py:830} INFO - Processing file /home/johnny/airflow/lib/python3.12/site-packages/airflow/example_dags/example_trigger_target_dag.py for tasks to queue
[2024-07-07T20:53:13.590-0300] {logging_mixin.py:188} INFO - [2024-07-07T20:53:13.589-0300] {dagbag.py:545} INFO - Filling up the DagBag from /home/johnny/airflow/lib/python3.12/site-packages/airflow/example_dags/example_trigger_target_dag.py
[2024-07-07T20:53:13.605-0300] {processor.py:840} INFO - DAG(s) 'example_trigger_target_dag' retrieved from /home/johnny/airflow/lib/python3.12/site-packages/airflow/example_dags/example_trigger_target_dag.py
[2024-07-07T20:53:13.643-0300] {logging_mixin.py:188} INFO - [2024-07-07T20:53:13.643-0300] {dag.py:3096} INFO - Sync 1 DAGs
[2024-07-07T20:53:13.673-0300] {logging_mixin.py:188} INFO - [2024-07-07T20:53:13.673-0300] {dag.py:3954} INFO - Setting next_dagrun for example_trigger_target_dag to None, run_after=None
[2024-07-07T20:53:13.736-0300] {processor.py:183} INFO - Processing /home/johnny/airflow/lib/python3.12/site-packages/airflow/example_dags/example_trigger_target_dag.py took 0.164 seconds
[2024-07-07T20:54:21.103-0300] {processor.py:161} INFO - Started process (PID=46561) to work on /home/johnny/airflow/lib/python3.12/site-packages/airflow/example_dags/example_trigger_target_dag.py
[2024-07-07T20:54:21.105-0300] {processor.py:830} INFO - Processing file /home/johnny/airflow/lib/python3.12/site-packages/airflow/example_dags/example_trigger_target_dag.py for tasks to queue
[2024-07-07T20:54:21.107-0300] {logging_mixin.py:188} INFO - [2024-07-07T20:54:21.107-0300] {dagbag.py:545} INFO - Filling up the DagBag from /home/johnny/airflow/lib/python3.12/site-packages/airflow/example_dags/example_trigger_target_dag.py
[2024-07-07T20:54:21.119-0300] {processor.py:840} INFO - DAG(s) 'example_trigger_target_dag' retrieved from /home/johnny/airflow/lib/python3.12/site-packages/airflow/example_dags/example_trigger_target_dag.py
[2024-07-07T20:54:21.152-0300] {logging_mixin.py:188} INFO - [2024-07-07T20:54:21.152-0300] {dag.py:3096} INFO - Sync 1 DAGs
[2024-07-07T20:54:21.181-0300] {logging_mixin.py:188} INFO - [2024-07-07T20:54:21.181-0300] {dag.py:3954} INFO - Setting next_dagrun for example_trigger_target_dag to None, run_after=None
[2024-07-07T20:54:21.228-0300] {processor.py:183} INFO - Processing /home/johnny/airflow/lib/python3.12/site-packages/airflow/example_dags/example_trigger_target_dag.py took 0.137 seconds
[2024-07-07T20:55:29.445-0300] {processor.py:161} INFO - Started process (PID=46741) to work on /home/johnny/airflow/lib/python3.12/site-packages/airflow/example_dags/example_trigger_target_dag.py
[2024-07-07T20:55:29.450-0300] {processor.py:830} INFO - Processing file /home/johnny/airflow/lib/python3.12/site-packages/airflow/example_dags/example_trigger_target_dag.py for tasks to queue
[2024-07-07T20:55:29.453-0300] {logging_mixin.py:188} INFO - [2024-07-07T20:55:29.452-0300] {dagbag.py:545} INFO - Filling up the DagBag from /home/johnny/airflow/lib/python3.12/site-packages/airflow/example_dags/example_trigger_target_dag.py
[2024-07-07T20:55:29.469-0300] {processor.py:840} INFO - DAG(s) 'example_trigger_target_dag' retrieved from /home/johnny/airflow/lib/python3.12/site-packages/airflow/example_dags/example_trigger_target_dag.py
[2024-07-07T20:55:29.502-0300] {logging_mixin.py:188} INFO - [2024-07-07T20:55:29.501-0300] {dag.py:3096} INFO - Sync 1 DAGs
[2024-07-07T20:55:29.531-0300] {logging_mixin.py:188} INFO - [2024-07-07T20:55:29.531-0300] {dag.py:3954} INFO - Setting next_dagrun for example_trigger_target_dag to None, run_after=None
[2024-07-07T20:55:29.586-0300] {processor.py:183} INFO - Processing /home/johnny/airflow/lib/python3.12/site-packages/airflow/example_dags/example_trigger_target_dag.py took 0.153 seconds
[2024-07-07T20:56:38.807-0300] {processor.py:161} INFO - Started process (PID=46931) to work on /home/johnny/airflow/lib/python3.12/site-packages/airflow/example_dags/example_trigger_target_dag.py
[2024-07-07T20:56:38.813-0300] {processor.py:830} INFO - Processing file /home/johnny/airflow/lib/python3.12/site-packages/airflow/example_dags/example_trigger_target_dag.py for tasks to queue
[2024-07-07T20:56:38.815-0300] {logging_mixin.py:188} INFO - [2024-07-07T20:56:38.814-0300] {dagbag.py:545} INFO - Filling up the DagBag from /home/johnny/airflow/lib/python3.12/site-packages/airflow/example_dags/example_trigger_target_dag.py
[2024-07-07T20:56:38.828-0300] {processor.py:840} INFO - DAG(s) 'example_trigger_target_dag' retrieved from /home/johnny/airflow/lib/python3.12/site-packages/airflow/example_dags/example_trigger_target_dag.py
[2024-07-07T20:56:38.863-0300] {logging_mixin.py:188} INFO - [2024-07-07T20:56:38.862-0300] {dag.py:3096} INFO - Sync 1 DAGs
[2024-07-07T20:56:38.886-0300] {logging_mixin.py:188} INFO - [2024-07-07T20:56:38.885-0300] {dag.py:3954} INFO - Setting next_dagrun for example_trigger_target_dag to None, run_after=None
[2024-07-07T20:56:38.945-0300] {processor.py:183} INFO - Processing /home/johnny/airflow/lib/python3.12/site-packages/airflow/example_dags/example_trigger_target_dag.py took 0.151 seconds
[2024-07-07T20:57:47.312-0300] {processor.py:161} INFO - Started process (PID=47116) to work on /home/johnny/airflow/lib/python3.12/site-packages/airflow/example_dags/example_trigger_target_dag.py
[2024-07-07T20:57:47.315-0300] {processor.py:830} INFO - Processing file /home/johnny/airflow/lib/python3.12/site-packages/airflow/example_dags/example_trigger_target_dag.py for tasks to queue
[2024-07-07T20:57:47.319-0300] {logging_mixin.py:188} INFO - [2024-07-07T20:57:47.317-0300] {dagbag.py:545} INFO - Filling up the DagBag from /home/johnny/airflow/lib/python3.12/site-packages/airflow/example_dags/example_trigger_target_dag.py
[2024-07-07T20:57:47.340-0300] {processor.py:840} INFO - DAG(s) 'example_trigger_target_dag' retrieved from /home/johnny/airflow/lib/python3.12/site-packages/airflow/example_dags/example_trigger_target_dag.py
[2024-07-07T20:57:47.391-0300] {logging_mixin.py:188} INFO - [2024-07-07T20:57:47.391-0300] {dag.py:3096} INFO - Sync 1 DAGs
[2024-07-07T20:57:47.422-0300] {logging_mixin.py:188} INFO - [2024-07-07T20:57:47.422-0300] {dag.py:3954} INFO - Setting next_dagrun for example_trigger_target_dag to None, run_after=None
[2024-07-07T20:57:47.487-0300] {processor.py:183} INFO - Processing /home/johnny/airflow/lib/python3.12/site-packages/airflow/example_dags/example_trigger_target_dag.py took 0.188 seconds
[2024-07-07T20:58:59.422-0300] {processor.py:161} INFO - Started process (PID=47336) to work on /home/johnny/airflow/lib/python3.12/site-packages/airflow/example_dags/example_trigger_target_dag.py
[2024-07-07T20:58:59.425-0300] {processor.py:830} INFO - Processing file /home/johnny/airflow/lib/python3.12/site-packages/airflow/example_dags/example_trigger_target_dag.py for tasks to queue
[2024-07-07T20:58:59.426-0300] {logging_mixin.py:188} INFO - [2024-07-07T20:58:59.426-0300] {dagbag.py:545} INFO - Filling up the DagBag from /home/johnny/airflow/lib/python3.12/site-packages/airflow/example_dags/example_trigger_target_dag.py
[2024-07-07T20:58:59.436-0300] {processor.py:840} INFO - DAG(s) 'example_trigger_target_dag' retrieved from /home/johnny/airflow/lib/python3.12/site-packages/airflow/example_dags/example_trigger_target_dag.py
[2024-07-07T20:58:59.469-0300] {logging_mixin.py:188} INFO - [2024-07-07T20:58:59.468-0300] {dag.py:3096} INFO - Sync 1 DAGs
[2024-07-07T20:58:59.492-0300] {logging_mixin.py:188} INFO - [2024-07-07T20:58:59.491-0300] {dag.py:3954} INFO - Setting next_dagrun for example_trigger_target_dag to None, run_after=None
[2024-07-07T20:58:59.542-0300] {processor.py:183} INFO - Processing /home/johnny/airflow/lib/python3.12/site-packages/airflow/example_dags/example_trigger_target_dag.py took 0.130 seconds
