[2024-07-07T14:05:07.464-0300] {processor.py:161} INFO - Started process (PID=3016) to work on /home/johnny/airflow_env/lib/python3.12/site-packages/airflow/example_dags/example_bash_operator.py
[2024-07-07T14:05:07.465-0300] {processor.py:830} INFO - Processing file /home/johnny/airflow_env/lib/python3.12/site-packages/airflow/example_dags/example_bash_operator.py for tasks to queue
[2024-07-07T14:05:07.469-0300] {logging_mixin.py:188} INFO - [2024-07-07T14:05:07.468-0300] {dagbag.py:545} INFO - Filling up the DagBag from /home/johnny/airflow_env/lib/python3.12/site-packages/airflow/example_dags/example_bash_operator.py
[2024-07-07T14:05:07.498-0300] {processor.py:840} INFO - DAG(s) 'example_bash_operator' retrieved from /home/johnny/airflow_env/lib/python3.12/site-packages/airflow/example_dags/example_bash_operator.py
[2024-07-07T14:05:07.642-0300] {logging_mixin.py:188} INFO - [2024-07-07T14:05:07.641-0300] {override.py:1847} INFO - Created Permission View: can delete on DAG:example_bash_operator
[2024-07-07T14:05:07.658-0300] {logging_mixin.py:188} INFO - [2024-07-07T14:05:07.658-0300] {override.py:1847} INFO - Created Permission View: can read on DAG:example_bash_operator
[2024-07-07T14:05:07.674-0300] {logging_mixin.py:188} INFO - [2024-07-07T14:05:07.673-0300] {override.py:1847} INFO - Created Permission View: can edit on DAG:example_bash_operator
[2024-07-07T14:05:07.675-0300] {logging_mixin.py:188} INFO - [2024-07-07T14:05:07.675-0300] {dag.py:3096} INFO - Sync 1 DAGs
[2024-07-07T14:05:07.700-0300] {logging_mixin.py:188} INFO - [2024-07-07T14:05:07.699-0300] {dag.py:3118} INFO - Creating ORM DAG for example_bash_operator
[2024-07-07T14:05:07.721-0300] {logging_mixin.py:188} INFO - [2024-07-07T14:05:07.721-0300] {dag.py:3954} INFO - Setting next_dagrun for example_bash_operator to 2024-07-06 00:00:00+00:00, run_after=2024-07-07 00:00:00+00:00
[2024-07-07T14:05:07.768-0300] {processor.py:183} INFO - Processing /home/johnny/airflow_env/lib/python3.12/site-packages/airflow/example_dags/example_bash_operator.py took 0.314 seconds
[2024-07-07T14:06:10.737-0300] {processor.py:161} INFO - Started process (PID=3070) to work on /home/johnny/airflow_env/lib/python3.12/site-packages/airflow/example_dags/example_bash_operator.py
[2024-07-07T14:06:10.740-0300] {processor.py:830} INFO - Processing file /home/johnny/airflow_env/lib/python3.12/site-packages/airflow/example_dags/example_bash_operator.py for tasks to queue
[2024-07-07T14:06:10.744-0300] {logging_mixin.py:188} INFO - [2024-07-07T14:06:10.743-0300] {dagbag.py:545} INFO - Filling up the DagBag from /home/johnny/airflow_env/lib/python3.12/site-packages/airflow/example_dags/example_bash_operator.py
[2024-07-07T14:06:10.768-0300] {processor.py:840} INFO - DAG(s) 'example_bash_operator' retrieved from /home/johnny/airflow_env/lib/python3.12/site-packages/airflow/example_dags/example_bash_operator.py
[2024-07-07T14:06:10.812-0300] {logging_mixin.py:188} INFO - [2024-07-07T14:06:10.811-0300] {dag.py:3096} INFO - Sync 1 DAGs
[2024-07-07T14:06:10.841-0300] {logging_mixin.py:188} INFO - [2024-07-07T14:06:10.840-0300] {dag.py:3954} INFO - Setting next_dagrun for example_bash_operator to 2024-07-06 00:00:00+00:00, run_after=2024-07-07 00:00:00+00:00
[2024-07-07T14:06:10.880-0300] {processor.py:183} INFO - Processing /home/johnny/airflow_env/lib/python3.12/site-packages/airflow/example_dags/example_bash_operator.py took 0.153 seconds
[2024-07-07T14:07:08.416-0300] {processor.py:161} INFO - Started process (PID=3121) to work on /home/johnny/airflow_env/lib/python3.12/site-packages/airflow/example_dags/example_bash_operator.py
[2024-07-07T14:07:08.418-0300] {processor.py:830} INFO - Processing file /home/johnny/airflow_env/lib/python3.12/site-packages/airflow/example_dags/example_bash_operator.py for tasks to queue
[2024-07-07T14:07:08.425-0300] {logging_mixin.py:188} INFO - [2024-07-07T14:07:08.423-0300] {dagbag.py:545} INFO - Filling up the DagBag from /home/johnny/airflow_env/lib/python3.12/site-packages/airflow/example_dags/example_bash_operator.py
[2024-07-07T14:07:08.457-0300] {processor.py:840} INFO - DAG(s) 'example_bash_operator' retrieved from /home/johnny/airflow_env/lib/python3.12/site-packages/airflow/example_dags/example_bash_operator.py
[2024-07-07T14:07:08.497-0300] {logging_mixin.py:188} INFO - [2024-07-07T14:07:08.497-0300] {dag.py:3096} INFO - Sync 1 DAGs
[2024-07-07T14:07:08.537-0300] {logging_mixin.py:188} INFO - [2024-07-07T14:07:08.537-0300] {dag.py:3954} INFO - Setting next_dagrun for example_bash_operator to 2024-07-06 00:00:00+00:00, run_after=2024-07-07 00:00:00+00:00
[2024-07-07T14:07:08.586-0300] {processor.py:183} INFO - Processing /home/johnny/airflow_env/lib/python3.12/site-packages/airflow/example_dags/example_bash_operator.py took 0.186 seconds
[2024-07-07T14:08:06.804-0300] {processor.py:161} INFO - Started process (PID=3172) to work on /home/johnny/airflow_env/lib/python3.12/site-packages/airflow/example_dags/example_bash_operator.py
[2024-07-07T14:08:06.807-0300] {processor.py:830} INFO - Processing file /home/johnny/airflow_env/lib/python3.12/site-packages/airflow/example_dags/example_bash_operator.py for tasks to queue
[2024-07-07T14:08:06.810-0300] {logging_mixin.py:188} INFO - [2024-07-07T14:08:06.810-0300] {dagbag.py:545} INFO - Filling up the DagBag from /home/johnny/airflow_env/lib/python3.12/site-packages/airflow/example_dags/example_bash_operator.py
[2024-07-07T14:08:06.836-0300] {processor.py:840} INFO - DAG(s) 'example_bash_operator' retrieved from /home/johnny/airflow_env/lib/python3.12/site-packages/airflow/example_dags/example_bash_operator.py
[2024-07-07T14:08:06.882-0300] {logging_mixin.py:188} INFO - [2024-07-07T14:08:06.882-0300] {dag.py:3096} INFO - Sync 1 DAGs
[2024-07-07T14:08:06.924-0300] {logging_mixin.py:188} INFO - [2024-07-07T14:08:06.924-0300] {dag.py:3954} INFO - Setting next_dagrun for example_bash_operator to 2024-07-06 00:00:00+00:00, run_after=2024-07-07 00:00:00+00:00
[2024-07-07T14:08:06.961-0300] {processor.py:183} INFO - Processing /home/johnny/airflow_env/lib/python3.12/site-packages/airflow/example_dags/example_bash_operator.py took 0.172 seconds
[2024-07-07T19:46:02.159-0300] {processor.py:161} INFO - Started process (PID=35336) to work on /home/johnny/airflow/lib/python3.12/site-packages/airflow/example_dags/example_bash_operator.py
[2024-07-07T19:46:02.162-0300] {processor.py:830} INFO - Processing file /home/johnny/airflow/lib/python3.12/site-packages/airflow/example_dags/example_bash_operator.py for tasks to queue
[2024-07-07T19:46:02.165-0300] {logging_mixin.py:188} INFO - [2024-07-07T19:46:02.164-0300] {dagbag.py:545} INFO - Filling up the DagBag from /home/johnny/airflow/lib/python3.12/site-packages/airflow/example_dags/example_bash_operator.py
[2024-07-07T19:46:02.192-0300] {processor.py:840} INFO - DAG(s) 'example_bash_operator' retrieved from /home/johnny/airflow/lib/python3.12/site-packages/airflow/example_dags/example_bash_operator.py
[2024-07-07T19:46:02.629-0300] {logging_mixin.py:188} INFO - [2024-07-07T19:46:02.628-0300] {dag.py:3096} INFO - Sync 1 DAGs
[2024-07-07T19:46:02.656-0300] {logging_mixin.py:188} INFO - [2024-07-07T19:46:02.655-0300] {dag.py:3954} INFO - Setting next_dagrun for example_bash_operator to 2024-07-06 00:00:00+00:00, run_after=2024-07-07 00:00:00+00:00
[2024-07-07T19:46:02.709-0300] {processor.py:183} INFO - Processing /home/johnny/airflow/lib/python3.12/site-packages/airflow/example_dags/example_bash_operator.py took 0.563 seconds
[2024-07-07T19:47:20.394-0300] {processor.py:161} INFO - Started process (PID=35540) to work on /home/johnny/airflow/lib/python3.12/site-packages/airflow/example_dags/example_bash_operator.py
[2024-07-07T19:47:20.397-0300] {processor.py:830} INFO - Processing file /home/johnny/airflow/lib/python3.12/site-packages/airflow/example_dags/example_bash_operator.py for tasks to queue
[2024-07-07T19:47:20.402-0300] {logging_mixin.py:188} INFO - [2024-07-07T19:47:20.401-0300] {dagbag.py:545} INFO - Filling up the DagBag from /home/johnny/airflow/lib/python3.12/site-packages/airflow/example_dags/example_bash_operator.py
[2024-07-07T19:47:20.689-0300] {processor.py:840} INFO - DAG(s) 'example_bash_operator' retrieved from /home/johnny/airflow/lib/python3.12/site-packages/airflow/example_dags/example_bash_operator.py
[2024-07-07T19:47:20.733-0300] {logging_mixin.py:188} INFO - [2024-07-07T19:47:20.733-0300] {dag.py:3096} INFO - Sync 1 DAGs
[2024-07-07T19:47:20.779-0300] {logging_mixin.py:188} INFO - [2024-07-07T19:47:20.779-0300] {dag.py:3954} INFO - Setting next_dagrun for example_bash_operator to 2024-07-06 00:00:00+00:00, run_after=2024-07-07 00:00:00+00:00
[2024-07-07T19:47:20.822-0300] {processor.py:183} INFO - Processing /home/johnny/airflow/lib/python3.12/site-packages/airflow/example_dags/example_bash_operator.py took 0.440 seconds
[2024-07-07T19:48:31.121-0300] {processor.py:161} INFO - Started process (PID=35742) to work on /home/johnny/airflow/lib/python3.12/site-packages/airflow/example_dags/example_bash_operator.py
[2024-07-07T19:48:31.125-0300] {processor.py:830} INFO - Processing file /home/johnny/airflow/lib/python3.12/site-packages/airflow/example_dags/example_bash_operator.py for tasks to queue
[2024-07-07T19:48:31.129-0300] {logging_mixin.py:188} INFO - [2024-07-07T19:48:31.128-0300] {dagbag.py:545} INFO - Filling up the DagBag from /home/johnny/airflow/lib/python3.12/site-packages/airflow/example_dags/example_bash_operator.py
[2024-07-07T19:48:31.171-0300] {processor.py:840} INFO - DAG(s) 'example_bash_operator' retrieved from /home/johnny/airflow/lib/python3.12/site-packages/airflow/example_dags/example_bash_operator.py
[2024-07-07T19:48:31.231-0300] {logging_mixin.py:188} INFO - [2024-07-07T19:48:31.231-0300] {dag.py:3096} INFO - Sync 1 DAGs
[2024-07-07T19:48:31.267-0300] {logging_mixin.py:188} INFO - [2024-07-07T19:48:31.267-0300] {dag.py:3954} INFO - Setting next_dagrun for example_bash_operator to 2024-07-06 00:00:00+00:00, run_after=2024-07-07 00:00:00+00:00
[2024-07-07T19:48:31.320-0300] {processor.py:183} INFO - Processing /home/johnny/airflow/lib/python3.12/site-packages/airflow/example_dags/example_bash_operator.py took 0.211 seconds
[2024-07-07T19:49:37.149-0300] {processor.py:161} INFO - Started process (PID=35944) to work on /home/johnny/airflow/lib/python3.12/site-packages/airflow/example_dags/example_bash_operator.py
[2024-07-07T19:49:37.155-0300] {processor.py:830} INFO - Processing file /home/johnny/airflow/lib/python3.12/site-packages/airflow/example_dags/example_bash_operator.py for tasks to queue
[2024-07-07T19:49:37.160-0300] {logging_mixin.py:188} INFO - [2024-07-07T19:49:37.159-0300] {dagbag.py:545} INFO - Filling up the DagBag from /home/johnny/airflow/lib/python3.12/site-packages/airflow/example_dags/example_bash_operator.py
[2024-07-07T19:49:37.186-0300] {processor.py:840} INFO - DAG(s) 'example_bash_operator' retrieved from /home/johnny/airflow/lib/python3.12/site-packages/airflow/example_dags/example_bash_operator.py
[2024-07-07T19:49:37.241-0300] {logging_mixin.py:188} INFO - [2024-07-07T19:49:37.240-0300] {dag.py:3096} INFO - Sync 1 DAGs
[2024-07-07T19:49:37.271-0300] {logging_mixin.py:188} INFO - [2024-07-07T19:49:37.271-0300] {dag.py:3954} INFO - Setting next_dagrun for example_bash_operator to 2024-07-06 00:00:00+00:00, run_after=2024-07-07 00:00:00+00:00
[2024-07-07T19:49:37.321-0300] {processor.py:183} INFO - Processing /home/johnny/airflow/lib/python3.12/site-packages/airflow/example_dags/example_bash_operator.py took 0.186 seconds
[2024-07-07T19:50:44.443-0300] {processor.py:161} INFO - Started process (PID=36123) to work on /home/johnny/airflow/lib/python3.12/site-packages/airflow/example_dags/example_bash_operator.py
[2024-07-07T19:50:44.449-0300] {processor.py:830} INFO - Processing file /home/johnny/airflow/lib/python3.12/site-packages/airflow/example_dags/example_bash_operator.py for tasks to queue
[2024-07-07T19:50:44.453-0300] {logging_mixin.py:188} INFO - [2024-07-07T19:50:44.452-0300] {dagbag.py:545} INFO - Filling up the DagBag from /home/johnny/airflow/lib/python3.12/site-packages/airflow/example_dags/example_bash_operator.py
[2024-07-07T19:50:44.479-0300] {processor.py:840} INFO - DAG(s) 'example_bash_operator' retrieved from /home/johnny/airflow/lib/python3.12/site-packages/airflow/example_dags/example_bash_operator.py
[2024-07-07T19:50:44.531-0300] {logging_mixin.py:188} INFO - [2024-07-07T19:50:44.531-0300] {dag.py:3096} INFO - Sync 1 DAGs
[2024-07-07T19:50:44.592-0300] {logging_mixin.py:188} INFO - [2024-07-07T19:50:44.591-0300] {dag.py:3954} INFO - Setting next_dagrun for example_bash_operator to 2024-07-06 00:00:00+00:00, run_after=2024-07-07 00:00:00+00:00
[2024-07-07T19:50:44.647-0300] {processor.py:183} INFO - Processing /home/johnny/airflow/lib/python3.12/site-packages/airflow/example_dags/example_bash_operator.py took 0.215 seconds
[2024-07-07T19:51:54.888-0300] {processor.py:161} INFO - Started process (PID=36322) to work on /home/johnny/airflow/lib/python3.12/site-packages/airflow/example_dags/example_bash_operator.py
[2024-07-07T19:51:54.894-0300] {processor.py:830} INFO - Processing file /home/johnny/airflow/lib/python3.12/site-packages/airflow/example_dags/example_bash_operator.py for tasks to queue
[2024-07-07T19:51:54.900-0300] {logging_mixin.py:188} INFO - [2024-07-07T19:51:54.898-0300] {dagbag.py:545} INFO - Filling up the DagBag from /home/johnny/airflow/lib/python3.12/site-packages/airflow/example_dags/example_bash_operator.py
[2024-07-07T19:51:54.927-0300] {processor.py:840} INFO - DAG(s) 'example_bash_operator' retrieved from /home/johnny/airflow/lib/python3.12/site-packages/airflow/example_dags/example_bash_operator.py
[2024-07-07T19:51:54.999-0300] {logging_mixin.py:188} INFO - [2024-07-07T19:51:54.999-0300] {dag.py:3096} INFO - Sync 1 DAGs
[2024-07-07T19:51:55.054-0300] {logging_mixin.py:188} INFO - [2024-07-07T19:51:55.053-0300] {dag.py:3954} INFO - Setting next_dagrun for example_bash_operator to 2024-07-06 00:00:00+00:00, run_after=2024-07-07 00:00:00+00:00
[2024-07-07T19:51:55.107-0300] {processor.py:183} INFO - Processing /home/johnny/airflow/lib/python3.12/site-packages/airflow/example_dags/example_bash_operator.py took 0.236 seconds
[2024-07-07T19:53:07.961-0300] {processor.py:161} INFO - Started process (PID=36518) to work on /home/johnny/airflow/lib/python3.12/site-packages/airflow/example_dags/example_bash_operator.py
[2024-07-07T19:53:07.966-0300] {processor.py:830} INFO - Processing file /home/johnny/airflow/lib/python3.12/site-packages/airflow/example_dags/example_bash_operator.py for tasks to queue
[2024-07-07T19:53:07.970-0300] {logging_mixin.py:188} INFO - [2024-07-07T19:53:07.970-0300] {dagbag.py:545} INFO - Filling up the DagBag from /home/johnny/airflow/lib/python3.12/site-packages/airflow/example_dags/example_bash_operator.py
[2024-07-07T19:53:07.996-0300] {processor.py:840} INFO - DAG(s) 'example_bash_operator' retrieved from /home/johnny/airflow/lib/python3.12/site-packages/airflow/example_dags/example_bash_operator.py
[2024-07-07T19:53:08.040-0300] {logging_mixin.py:188} INFO - [2024-07-07T19:53:08.040-0300] {dag.py:3096} INFO - Sync 1 DAGs
[2024-07-07T19:53:08.079-0300] {logging_mixin.py:188} INFO - [2024-07-07T19:53:08.079-0300] {dag.py:3954} INFO - Setting next_dagrun for example_bash_operator to 2024-07-06 00:00:00+00:00, run_after=2024-07-07 00:00:00+00:00
[2024-07-07T19:53:08.108-0300] {processor.py:183} INFO - Processing /home/johnny/airflow/lib/python3.12/site-packages/airflow/example_dags/example_bash_operator.py took 0.160 seconds
[2024-07-07T19:54:16.436-0300] {processor.py:161} INFO - Started process (PID=36698) to work on /home/johnny/airflow/lib/python3.12/site-packages/airflow/example_dags/example_bash_operator.py
[2024-07-07T19:54:16.447-0300] {processor.py:830} INFO - Processing file /home/johnny/airflow/lib/python3.12/site-packages/airflow/example_dags/example_bash_operator.py for tasks to queue
[2024-07-07T19:54:16.449-0300] {logging_mixin.py:188} INFO - [2024-07-07T19:54:16.448-0300] {dagbag.py:545} INFO - Filling up the DagBag from /home/johnny/airflow/lib/python3.12/site-packages/airflow/example_dags/example_bash_operator.py
[2024-07-07T19:54:16.475-0300] {processor.py:840} INFO - DAG(s) 'example_bash_operator' retrieved from /home/johnny/airflow/lib/python3.12/site-packages/airflow/example_dags/example_bash_operator.py
[2024-07-07T19:54:16.531-0300] {logging_mixin.py:188} INFO - [2024-07-07T19:54:16.530-0300] {dag.py:3096} INFO - Sync 1 DAGs
[2024-07-07T19:54:16.574-0300] {logging_mixin.py:188} INFO - [2024-07-07T19:54:16.574-0300] {dag.py:3954} INFO - Setting next_dagrun for example_bash_operator to 2024-07-06 00:00:00+00:00, run_after=2024-07-07 00:00:00+00:00
[2024-07-07T19:54:16.624-0300] {processor.py:183} INFO - Processing /home/johnny/airflow/lib/python3.12/site-packages/airflow/example_dags/example_bash_operator.py took 0.204 seconds
[2024-07-07T19:55:24.981-0300] {processor.py:161} INFO - Started process (PID=36888) to work on /home/johnny/airflow/lib/python3.12/site-packages/airflow/example_dags/example_bash_operator.py
[2024-07-07T19:55:24.986-0300] {processor.py:830} INFO - Processing file /home/johnny/airflow/lib/python3.12/site-packages/airflow/example_dags/example_bash_operator.py for tasks to queue
[2024-07-07T19:55:24.989-0300] {logging_mixin.py:188} INFO - [2024-07-07T19:55:24.988-0300] {dagbag.py:545} INFO - Filling up the DagBag from /home/johnny/airflow/lib/python3.12/site-packages/airflow/example_dags/example_bash_operator.py
[2024-07-07T19:55:25.014-0300] {processor.py:840} INFO - DAG(s) 'example_bash_operator' retrieved from /home/johnny/airflow/lib/python3.12/site-packages/airflow/example_dags/example_bash_operator.py
[2024-07-07T19:55:25.057-0300] {logging_mixin.py:188} INFO - [2024-07-07T19:55:25.056-0300] {dag.py:3096} INFO - Sync 1 DAGs
[2024-07-07T19:55:25.088-0300] {logging_mixin.py:188} INFO - [2024-07-07T19:55:25.088-0300] {dag.py:3954} INFO - Setting next_dagrun for example_bash_operator to 2024-07-06 00:00:00+00:00, run_after=2024-07-07 00:00:00+00:00
[2024-07-07T19:55:25.129-0300] {processor.py:183} INFO - Processing /home/johnny/airflow/lib/python3.12/site-packages/airflow/example_dags/example_bash_operator.py took 0.163 seconds
[2024-07-07T19:56:33.248-0300] {processor.py:161} INFO - Started process (PID=37066) to work on /home/johnny/airflow/lib/python3.12/site-packages/airflow/example_dags/example_bash_operator.py
[2024-07-07T19:56:33.254-0300] {processor.py:830} INFO - Processing file /home/johnny/airflow/lib/python3.12/site-packages/airflow/example_dags/example_bash_operator.py for tasks to queue
[2024-07-07T19:56:33.257-0300] {logging_mixin.py:188} INFO - [2024-07-07T19:56:33.256-0300] {dagbag.py:545} INFO - Filling up the DagBag from /home/johnny/airflow/lib/python3.12/site-packages/airflow/example_dags/example_bash_operator.py
[2024-07-07T19:56:33.286-0300] {processor.py:840} INFO - DAG(s) 'example_bash_operator' retrieved from /home/johnny/airflow/lib/python3.12/site-packages/airflow/example_dags/example_bash_operator.py
[2024-07-07T19:56:33.335-0300] {logging_mixin.py:188} INFO - [2024-07-07T19:56:33.334-0300] {dag.py:3096} INFO - Sync 1 DAGs
[2024-07-07T19:56:33.370-0300] {logging_mixin.py:188} INFO - [2024-07-07T19:56:33.370-0300] {dag.py:3954} INFO - Setting next_dagrun for example_bash_operator to 2024-07-06 00:00:00+00:00, run_after=2024-07-07 00:00:00+00:00
[2024-07-07T19:56:33.407-0300] {processor.py:183} INFO - Processing /home/johnny/airflow/lib/python3.12/site-packages/airflow/example_dags/example_bash_operator.py took 0.173 seconds
[2024-07-07T19:57:54.738-0300] {processor.py:161} INFO - Started process (PID=37301) to work on /home/johnny/airflow/lib/python3.12/site-packages/airflow/example_dags/example_bash_operator.py
[2024-07-07T19:57:54.744-0300] {processor.py:830} INFO - Processing file /home/johnny/airflow/lib/python3.12/site-packages/airflow/example_dags/example_bash_operator.py for tasks to queue
[2024-07-07T19:57:54.746-0300] {logging_mixin.py:188} INFO - [2024-07-07T19:57:54.745-0300] {dagbag.py:545} INFO - Filling up the DagBag from /home/johnny/airflow/lib/python3.12/site-packages/airflow/example_dags/example_bash_operator.py
[2024-07-07T19:57:54.770-0300] {processor.py:840} INFO - DAG(s) 'example_bash_operator' retrieved from /home/johnny/airflow/lib/python3.12/site-packages/airflow/example_dags/example_bash_operator.py
[2024-07-07T19:57:54.826-0300] {logging_mixin.py:188} INFO - [2024-07-07T19:57:54.825-0300] {dag.py:3096} INFO - Sync 1 DAGs
[2024-07-07T19:57:54.875-0300] {logging_mixin.py:188} INFO - [2024-07-07T19:57:54.875-0300] {dag.py:3954} INFO - Setting next_dagrun for example_bash_operator to 2024-07-06 00:00:00+00:00, run_after=2024-07-07 00:00:00+00:00
[2024-07-07T19:57:54.936-0300] {processor.py:183} INFO - Processing /home/johnny/airflow/lib/python3.12/site-packages/airflow/example_dags/example_bash_operator.py took 0.210 seconds
[2024-07-07T19:59:01.155-0300] {processor.py:161} INFO - Started process (PID=37483) to work on /home/johnny/airflow/lib/python3.12/site-packages/airflow/example_dags/example_bash_operator.py
[2024-07-07T19:59:01.157-0300] {processor.py:830} INFO - Processing file /home/johnny/airflow/lib/python3.12/site-packages/airflow/example_dags/example_bash_operator.py for tasks to queue
[2024-07-07T19:59:01.160-0300] {logging_mixin.py:188} INFO - [2024-07-07T19:59:01.159-0300] {dagbag.py:545} INFO - Filling up the DagBag from /home/johnny/airflow/lib/python3.12/site-packages/airflow/example_dags/example_bash_operator.py
[2024-07-07T19:59:01.195-0300] {processor.py:840} INFO - DAG(s) 'example_bash_operator' retrieved from /home/johnny/airflow/lib/python3.12/site-packages/airflow/example_dags/example_bash_operator.py
[2024-07-07T19:59:01.257-0300] {logging_mixin.py:188} INFO - [2024-07-07T19:59:01.256-0300] {dag.py:3096} INFO - Sync 1 DAGs
[2024-07-07T19:59:01.310-0300] {logging_mixin.py:188} INFO - [2024-07-07T19:59:01.309-0300] {dag.py:3954} INFO - Setting next_dagrun for example_bash_operator to 2024-07-06 00:00:00+00:00, run_after=2024-07-07 00:00:00+00:00
[2024-07-07T19:59:01.369-0300] {processor.py:183} INFO - Processing /home/johnny/airflow/lib/python3.12/site-packages/airflow/example_dags/example_bash_operator.py took 0.226 seconds
[2024-07-07T20:00:03.972-0300] {processor.py:161} INFO - Started process (PID=37663) to work on /home/johnny/airflow/lib/python3.12/site-packages/airflow/example_dags/example_bash_operator.py
[2024-07-07T20:00:03.976-0300] {processor.py:830} INFO - Processing file /home/johnny/airflow/lib/python3.12/site-packages/airflow/example_dags/example_bash_operator.py for tasks to queue
[2024-07-07T20:00:03.980-0300] {logging_mixin.py:188} INFO - [2024-07-07T20:00:03.978-0300] {dagbag.py:545} INFO - Filling up the DagBag from /home/johnny/airflow/lib/python3.12/site-packages/airflow/example_dags/example_bash_operator.py
[2024-07-07T20:00:04.013-0300] {processor.py:840} INFO - DAG(s) 'example_bash_operator' retrieved from /home/johnny/airflow/lib/python3.12/site-packages/airflow/example_dags/example_bash_operator.py
[2024-07-07T20:00:04.058-0300] {logging_mixin.py:188} INFO - [2024-07-07T20:00:04.057-0300] {dag.py:3096} INFO - Sync 1 DAGs
[2024-07-07T20:00:04.111-0300] {logging_mixin.py:188} INFO - [2024-07-07T20:00:04.111-0300] {dag.py:3954} INFO - Setting next_dagrun for example_bash_operator to 2024-07-06 00:00:00+00:00, run_after=2024-07-07 00:00:00+00:00
[2024-07-07T20:00:04.161-0300] {processor.py:183} INFO - Processing /home/johnny/airflow/lib/python3.12/site-packages/airflow/example_dags/example_bash_operator.py took 0.201 seconds
[2024-07-07T20:01:12.093-0300] {processor.py:161} INFO - Started process (PID=37855) to work on /home/johnny/airflow/lib/python3.12/site-packages/airflow/example_dags/example_bash_operator.py
[2024-07-07T20:01:12.096-0300] {processor.py:830} INFO - Processing file /home/johnny/airflow/lib/python3.12/site-packages/airflow/example_dags/example_bash_operator.py for tasks to queue
[2024-07-07T20:01:12.098-0300] {logging_mixin.py:188} INFO - [2024-07-07T20:01:12.097-0300] {dagbag.py:545} INFO - Filling up the DagBag from /home/johnny/airflow/lib/python3.12/site-packages/airflow/example_dags/example_bash_operator.py
[2024-07-07T20:01:12.122-0300] {processor.py:840} INFO - DAG(s) 'example_bash_operator' retrieved from /home/johnny/airflow/lib/python3.12/site-packages/airflow/example_dags/example_bash_operator.py
[2024-07-07T20:01:12.167-0300] {logging_mixin.py:188} INFO - [2024-07-07T20:01:12.167-0300] {dag.py:3096} INFO - Sync 1 DAGs
[2024-07-07T20:01:12.211-0300] {logging_mixin.py:188} INFO - [2024-07-07T20:01:12.211-0300] {dag.py:3954} INFO - Setting next_dagrun for example_bash_operator to 2024-07-06 00:00:00+00:00, run_after=2024-07-07 00:00:00+00:00
[2024-07-07T20:01:12.253-0300] {processor.py:183} INFO - Processing /home/johnny/airflow/lib/python3.12/site-packages/airflow/example_dags/example_bash_operator.py took 0.171 seconds
[2024-07-07T20:02:15.847-0300] {processor.py:161} INFO - Started process (PID=38032) to work on /home/johnny/airflow/lib/python3.12/site-packages/airflow/example_dags/example_bash_operator.py
[2024-07-07T20:02:15.849-0300] {processor.py:830} INFO - Processing file /home/johnny/airflow/lib/python3.12/site-packages/airflow/example_dags/example_bash_operator.py for tasks to queue
[2024-07-07T20:02:15.850-0300] {logging_mixin.py:188} INFO - [2024-07-07T20:02:15.850-0300] {dagbag.py:545} INFO - Filling up the DagBag from /home/johnny/airflow/lib/python3.12/site-packages/airflow/example_dags/example_bash_operator.py
[2024-07-07T20:02:15.867-0300] {processor.py:840} INFO - DAG(s) 'example_bash_operator' retrieved from /home/johnny/airflow/lib/python3.12/site-packages/airflow/example_dags/example_bash_operator.py
[2024-07-07T20:02:15.894-0300] {logging_mixin.py:188} INFO - [2024-07-07T20:02:15.893-0300] {dag.py:3096} INFO - Sync 1 DAGs
[2024-07-07T20:02:15.917-0300] {logging_mixin.py:188} INFO - [2024-07-07T20:02:15.917-0300] {dag.py:3954} INFO - Setting next_dagrun for example_bash_operator to 2024-07-06 00:00:00+00:00, run_after=2024-07-07 00:00:00+00:00
[2024-07-07T20:02:15.954-0300] {processor.py:183} INFO - Processing /home/johnny/airflow/lib/python3.12/site-packages/airflow/example_dags/example_bash_operator.py took 0.120 seconds
[2024-07-07T20:03:24.998-0300] {processor.py:161} INFO - Started process (PID=38211) to work on /home/johnny/airflow/lib/python3.12/site-packages/airflow/example_dags/example_bash_operator.py
[2024-07-07T20:03:25.000-0300] {processor.py:830} INFO - Processing file /home/johnny/airflow/lib/python3.12/site-packages/airflow/example_dags/example_bash_operator.py for tasks to queue
[2024-07-07T20:03:25.002-0300] {logging_mixin.py:188} INFO - [2024-07-07T20:03:25.002-0300] {dagbag.py:545} INFO - Filling up the DagBag from /home/johnny/airflow/lib/python3.12/site-packages/airflow/example_dags/example_bash_operator.py
[2024-07-07T20:03:25.032-0300] {processor.py:840} INFO - DAG(s) 'example_bash_operator' retrieved from /home/johnny/airflow/lib/python3.12/site-packages/airflow/example_dags/example_bash_operator.py
[2024-07-07T20:03:25.081-0300] {logging_mixin.py:188} INFO - [2024-07-07T20:03:25.081-0300] {dag.py:3096} INFO - Sync 1 DAGs
[2024-07-07T20:03:25.115-0300] {logging_mixin.py:188} INFO - [2024-07-07T20:03:25.114-0300] {dag.py:3954} INFO - Setting next_dagrun for example_bash_operator to 2024-07-06 00:00:00+00:00, run_after=2024-07-07 00:00:00+00:00
[2024-07-07T20:03:25.161-0300] {processor.py:183} INFO - Processing /home/johnny/airflow/lib/python3.12/site-packages/airflow/example_dags/example_bash_operator.py took 0.177 seconds
[2024-07-07T20:04:48.517-0300] {processor.py:161} INFO - Started process (PID=38448) to work on /home/johnny/airflow/lib/python3.12/site-packages/airflow/example_dags/example_bash_operator.py
[2024-07-07T20:04:48.519-0300] {processor.py:830} INFO - Processing file /home/johnny/airflow/lib/python3.12/site-packages/airflow/example_dags/example_bash_operator.py for tasks to queue
[2024-07-07T20:04:48.521-0300] {logging_mixin.py:188} INFO - [2024-07-07T20:04:48.521-0300] {dagbag.py:545} INFO - Filling up the DagBag from /home/johnny/airflow/lib/python3.12/site-packages/airflow/example_dags/example_bash_operator.py
[2024-07-07T20:04:48.547-0300] {processor.py:840} INFO - DAG(s) 'example_bash_operator' retrieved from /home/johnny/airflow/lib/python3.12/site-packages/airflow/example_dags/example_bash_operator.py
[2024-07-07T20:04:48.589-0300] {logging_mixin.py:188} INFO - [2024-07-07T20:04:48.588-0300] {dag.py:3096} INFO - Sync 1 DAGs
[2024-07-07T20:04:48.619-0300] {logging_mixin.py:188} INFO - [2024-07-07T20:04:48.619-0300] {dag.py:3954} INFO - Setting next_dagrun for example_bash_operator to 2024-07-06 00:00:00+00:00, run_after=2024-07-07 00:00:00+00:00
[2024-07-07T20:04:48.648-0300] {processor.py:183} INFO - Processing /home/johnny/airflow/lib/python3.12/site-packages/airflow/example_dags/example_bash_operator.py took 0.143 seconds
[2024-07-07T20:05:50.918-0300] {processor.py:161} INFO - Started process (PID=38628) to work on /home/johnny/airflow/lib/python3.12/site-packages/airflow/example_dags/example_bash_operator.py
[2024-07-07T20:05:50.923-0300] {processor.py:830} INFO - Processing file /home/johnny/airflow/lib/python3.12/site-packages/airflow/example_dags/example_bash_operator.py for tasks to queue
[2024-07-07T20:05:50.926-0300] {logging_mixin.py:188} INFO - [2024-07-07T20:05:50.925-0300] {dagbag.py:545} INFO - Filling up the DagBag from /home/johnny/airflow/lib/python3.12/site-packages/airflow/example_dags/example_bash_operator.py
[2024-07-07T20:05:50.949-0300] {processor.py:840} INFO - DAG(s) 'example_bash_operator' retrieved from /home/johnny/airflow/lib/python3.12/site-packages/airflow/example_dags/example_bash_operator.py
[2024-07-07T20:05:50.992-0300] {logging_mixin.py:188} INFO - [2024-07-07T20:05:50.992-0300] {dag.py:3096} INFO - Sync 1 DAGs
[2024-07-07T20:05:51.022-0300] {logging_mixin.py:188} INFO - [2024-07-07T20:05:51.022-0300] {dag.py:3954} INFO - Setting next_dagrun for example_bash_operator to 2024-07-06 00:00:00+00:00, run_after=2024-07-07 00:00:00+00:00
[2024-07-07T20:05:51.053-0300] {processor.py:183} INFO - Processing /home/johnny/airflow/lib/python3.12/site-packages/airflow/example_dags/example_bash_operator.py took 0.146 seconds
[2024-07-07T20:06:54.472-0300] {processor.py:161} INFO - Started process (PID=38798) to work on /home/johnny/airflow/lib/python3.12/site-packages/airflow/example_dags/example_bash_operator.py
[2024-07-07T20:06:54.474-0300] {processor.py:830} INFO - Processing file /home/johnny/airflow/lib/python3.12/site-packages/airflow/example_dags/example_bash_operator.py for tasks to queue
[2024-07-07T20:06:54.476-0300] {logging_mixin.py:188} INFO - [2024-07-07T20:06:54.475-0300] {dagbag.py:545} INFO - Filling up the DagBag from /home/johnny/airflow/lib/python3.12/site-packages/airflow/example_dags/example_bash_operator.py
[2024-07-07T20:06:54.501-0300] {processor.py:840} INFO - DAG(s) 'example_bash_operator' retrieved from /home/johnny/airflow/lib/python3.12/site-packages/airflow/example_dags/example_bash_operator.py
[2024-07-07T20:06:54.544-0300] {logging_mixin.py:188} INFO - [2024-07-07T20:06:54.544-0300] {dag.py:3096} INFO - Sync 1 DAGs
[2024-07-07T20:06:54.575-0300] {logging_mixin.py:188} INFO - [2024-07-07T20:06:54.575-0300] {dag.py:3954} INFO - Setting next_dagrun for example_bash_operator to 2024-07-06 00:00:00+00:00, run_after=2024-07-07 00:00:00+00:00
[2024-07-07T20:06:54.608-0300] {processor.py:183} INFO - Processing /home/johnny/airflow/lib/python3.12/site-packages/airflow/example_dags/example_bash_operator.py took 0.148 seconds
[2024-07-07T20:08:01.832-0300] {processor.py:161} INFO - Started process (PID=38982) to work on /home/johnny/airflow/lib/python3.12/site-packages/airflow/example_dags/example_bash_operator.py
[2024-07-07T20:08:01.835-0300] {processor.py:830} INFO - Processing file /home/johnny/airflow/lib/python3.12/site-packages/airflow/example_dags/example_bash_operator.py for tasks to queue
[2024-07-07T20:08:01.837-0300] {logging_mixin.py:188} INFO - [2024-07-07T20:08:01.836-0300] {dagbag.py:545} INFO - Filling up the DagBag from /home/johnny/airflow/lib/python3.12/site-packages/airflow/example_dags/example_bash_operator.py
[2024-07-07T20:08:01.862-0300] {processor.py:840} INFO - DAG(s) 'example_bash_operator' retrieved from /home/johnny/airflow/lib/python3.12/site-packages/airflow/example_dags/example_bash_operator.py
[2024-07-07T20:08:01.914-0300] {logging_mixin.py:188} INFO - [2024-07-07T20:08:01.913-0300] {dag.py:3096} INFO - Sync 1 DAGs
[2024-07-07T20:08:01.951-0300] {logging_mixin.py:188} INFO - [2024-07-07T20:08:01.951-0300] {dag.py:3954} INFO - Setting next_dagrun for example_bash_operator to 2024-07-06 00:00:00+00:00, run_after=2024-07-07 00:00:00+00:00
[2024-07-07T20:08:01.996-0300] {processor.py:183} INFO - Processing /home/johnny/airflow/lib/python3.12/site-packages/airflow/example_dags/example_bash_operator.py took 0.174 seconds
[2024-07-07T20:09:12.817-0300] {processor.py:161} INFO - Started process (PID=39178) to work on /home/johnny/airflow/lib/python3.12/site-packages/airflow/example_dags/example_bash_operator.py
[2024-07-07T20:09:12.823-0300] {processor.py:830} INFO - Processing file /home/johnny/airflow/lib/python3.12/site-packages/airflow/example_dags/example_bash_operator.py for tasks to queue
[2024-07-07T20:09:12.826-0300] {logging_mixin.py:188} INFO - [2024-07-07T20:09:12.825-0300] {dagbag.py:545} INFO - Filling up the DagBag from /home/johnny/airflow/lib/python3.12/site-packages/airflow/example_dags/example_bash_operator.py
[2024-07-07T20:09:12.859-0300] {processor.py:840} INFO - DAG(s) 'example_bash_operator' retrieved from /home/johnny/airflow/lib/python3.12/site-packages/airflow/example_dags/example_bash_operator.py
[2024-07-07T20:09:12.911-0300] {logging_mixin.py:188} INFO - [2024-07-07T20:09:12.910-0300] {dag.py:3096} INFO - Sync 1 DAGs
[2024-07-07T20:09:12.940-0300] {logging_mixin.py:188} INFO - [2024-07-07T20:09:12.939-0300] {dag.py:3954} INFO - Setting next_dagrun for example_bash_operator to 2024-07-06 00:00:00+00:00, run_after=2024-07-07 00:00:00+00:00
[2024-07-07T20:09:12.992-0300] {processor.py:183} INFO - Processing /home/johnny/airflow/lib/python3.12/site-packages/airflow/example_dags/example_bash_operator.py took 0.191 seconds
[2024-07-07T20:10:20.081-0300] {processor.py:161} INFO - Started process (PID=39358) to work on /home/johnny/airflow/lib/python3.12/site-packages/airflow/example_dags/example_bash_operator.py
[2024-07-07T20:10:20.084-0300] {processor.py:830} INFO - Processing file /home/johnny/airflow/lib/python3.12/site-packages/airflow/example_dags/example_bash_operator.py for tasks to queue
[2024-07-07T20:10:20.086-0300] {logging_mixin.py:188} INFO - [2024-07-07T20:10:20.086-0300] {dagbag.py:545} INFO - Filling up the DagBag from /home/johnny/airflow/lib/python3.12/site-packages/airflow/example_dags/example_bash_operator.py
[2024-07-07T20:10:20.111-0300] {processor.py:840} INFO - DAG(s) 'example_bash_operator' retrieved from /home/johnny/airflow/lib/python3.12/site-packages/airflow/example_dags/example_bash_operator.py
[2024-07-07T20:10:20.156-0300] {logging_mixin.py:188} INFO - [2024-07-07T20:10:20.156-0300] {dag.py:3096} INFO - Sync 1 DAGs
[2024-07-07T20:10:20.208-0300] {logging_mixin.py:188} INFO - [2024-07-07T20:10:20.207-0300] {dag.py:3954} INFO - Setting next_dagrun for example_bash_operator to 2024-07-06 00:00:00+00:00, run_after=2024-07-07 00:00:00+00:00
[2024-07-07T20:10:20.382-0300] {processor.py:183} INFO - Processing /home/johnny/airflow/lib/python3.12/site-packages/airflow/example_dags/example_bash_operator.py took 0.313 seconds
[2024-07-07T20:11:23.460-0300] {processor.py:161} INFO - Started process (PID=39545) to work on /home/johnny/airflow/lib/python3.12/site-packages/airflow/example_dags/example_bash_operator.py
[2024-07-07T20:11:23.463-0300] {processor.py:830} INFO - Processing file /home/johnny/airflow/lib/python3.12/site-packages/airflow/example_dags/example_bash_operator.py for tasks to queue
[2024-07-07T20:11:23.465-0300] {logging_mixin.py:188} INFO - [2024-07-07T20:11:23.464-0300] {dagbag.py:545} INFO - Filling up the DagBag from /home/johnny/airflow/lib/python3.12/site-packages/airflow/example_dags/example_bash_operator.py
[2024-07-07T20:11:23.490-0300] {processor.py:840} INFO - DAG(s) 'example_bash_operator' retrieved from /home/johnny/airflow/lib/python3.12/site-packages/airflow/example_dags/example_bash_operator.py
[2024-07-07T20:11:23.533-0300] {logging_mixin.py:188} INFO - [2024-07-07T20:11:23.532-0300] {dag.py:3096} INFO - Sync 1 DAGs
[2024-07-07T20:11:23.576-0300] {logging_mixin.py:188} INFO - [2024-07-07T20:11:23.575-0300] {dag.py:3954} INFO - Setting next_dagrun for example_bash_operator to 2024-07-06 00:00:00+00:00, run_after=2024-07-07 00:00:00+00:00
[2024-07-07T20:11:23.620-0300] {processor.py:183} INFO - Processing /home/johnny/airflow/lib/python3.12/site-packages/airflow/example_dags/example_bash_operator.py took 0.171 seconds
[2024-07-07T20:12:26.299-0300] {processor.py:161} INFO - Started process (PID=39709) to work on /home/johnny/airflow/lib/python3.12/site-packages/airflow/example_dags/example_bash_operator.py
[2024-07-07T20:12:26.301-0300] {processor.py:830} INFO - Processing file /home/johnny/airflow/lib/python3.12/site-packages/airflow/example_dags/example_bash_operator.py for tasks to queue
[2024-07-07T20:12:26.303-0300] {logging_mixin.py:188} INFO - [2024-07-07T20:12:26.302-0300] {dagbag.py:545} INFO - Filling up the DagBag from /home/johnny/airflow/lib/python3.12/site-packages/airflow/example_dags/example_bash_operator.py
[2024-07-07T20:12:26.328-0300] {processor.py:840} INFO - DAG(s) 'example_bash_operator' retrieved from /home/johnny/airflow/lib/python3.12/site-packages/airflow/example_dags/example_bash_operator.py
[2024-07-07T20:12:26.382-0300] {logging_mixin.py:188} INFO - [2024-07-07T20:12:26.382-0300] {dag.py:3096} INFO - Sync 1 DAGs
[2024-07-07T20:12:26.421-0300] {logging_mixin.py:188} INFO - [2024-07-07T20:12:26.421-0300] {dag.py:3954} INFO - Setting next_dagrun for example_bash_operator to 2024-07-06 00:00:00+00:00, run_after=2024-07-07 00:00:00+00:00
[2024-07-07T20:12:26.470-0300] {processor.py:183} INFO - Processing /home/johnny/airflow/lib/python3.12/site-packages/airflow/example_dags/example_bash_operator.py took 0.182 seconds
[2024-07-07T20:13:29.762-0300] {processor.py:161} INFO - Started process (PID=39880) to work on /home/johnny/airflow/lib/python3.12/site-packages/airflow/example_dags/example_bash_operator.py
[2024-07-07T20:13:29.765-0300] {processor.py:830} INFO - Processing file /home/johnny/airflow/lib/python3.12/site-packages/airflow/example_dags/example_bash_operator.py for tasks to queue
[2024-07-07T20:13:29.767-0300] {logging_mixin.py:188} INFO - [2024-07-07T20:13:29.767-0300] {dagbag.py:545} INFO - Filling up the DagBag from /home/johnny/airflow/lib/python3.12/site-packages/airflow/example_dags/example_bash_operator.py
[2024-07-07T20:13:29.793-0300] {processor.py:840} INFO - DAG(s) 'example_bash_operator' retrieved from /home/johnny/airflow/lib/python3.12/site-packages/airflow/example_dags/example_bash_operator.py
[2024-07-07T20:13:29.832-0300] {logging_mixin.py:188} INFO - [2024-07-07T20:13:29.832-0300] {dag.py:3096} INFO - Sync 1 DAGs
[2024-07-07T20:13:29.865-0300] {logging_mixin.py:188} INFO - [2024-07-07T20:13:29.865-0300] {dag.py:3954} INFO - Setting next_dagrun for example_bash_operator to 2024-07-06 00:00:00+00:00, run_after=2024-07-07 00:00:00+00:00
[2024-07-07T20:13:29.892-0300] {processor.py:183} INFO - Processing /home/johnny/airflow/lib/python3.12/site-packages/airflow/example_dags/example_bash_operator.py took 0.141 seconds
[2024-07-07T20:14:33.537-0300] {processor.py:161} INFO - Started process (PID=40057) to work on /home/johnny/airflow/lib/python3.12/site-packages/airflow/example_dags/example_bash_operator.py
[2024-07-07T20:14:33.539-0300] {processor.py:830} INFO - Processing file /home/johnny/airflow/lib/python3.12/site-packages/airflow/example_dags/example_bash_operator.py for tasks to queue
[2024-07-07T20:14:33.541-0300] {logging_mixin.py:188} INFO - [2024-07-07T20:14:33.540-0300] {dagbag.py:545} INFO - Filling up the DagBag from /home/johnny/airflow/lib/python3.12/site-packages/airflow/example_dags/example_bash_operator.py
[2024-07-07T20:14:33.566-0300] {processor.py:840} INFO - DAG(s) 'example_bash_operator' retrieved from /home/johnny/airflow/lib/python3.12/site-packages/airflow/example_dags/example_bash_operator.py
[2024-07-07T20:14:33.603-0300] {logging_mixin.py:188} INFO - [2024-07-07T20:14:33.603-0300] {dag.py:3096} INFO - Sync 1 DAGs
[2024-07-07T20:14:33.638-0300] {logging_mixin.py:188} INFO - [2024-07-07T20:14:33.638-0300] {dag.py:3954} INFO - Setting next_dagrun for example_bash_operator to 2024-07-06 00:00:00+00:00, run_after=2024-07-07 00:00:00+00:00
[2024-07-07T20:14:33.686-0300] {processor.py:183} INFO - Processing /home/johnny/airflow/lib/python3.12/site-packages/airflow/example_dags/example_bash_operator.py took 0.161 seconds
[2024-07-07T20:15:32.436-0300] {processor.py:161} INFO - Started process (PID=40230) to work on /home/johnny/airflow/lib/python3.12/site-packages/airflow/example_dags/example_bash_operator.py
[2024-07-07T20:15:32.439-0300] {processor.py:830} INFO - Processing file /home/johnny/airflow/lib/python3.12/site-packages/airflow/example_dags/example_bash_operator.py for tasks to queue
[2024-07-07T20:15:32.442-0300] {logging_mixin.py:188} INFO - [2024-07-07T20:15:32.441-0300] {dagbag.py:545} INFO - Filling up the DagBag from /home/johnny/airflow/lib/python3.12/site-packages/airflow/example_dags/example_bash_operator.py
[2024-07-07T20:15:32.469-0300] {processor.py:840} INFO - DAG(s) 'example_bash_operator' retrieved from /home/johnny/airflow/lib/python3.12/site-packages/airflow/example_dags/example_bash_operator.py
[2024-07-07T20:15:32.508-0300] {logging_mixin.py:188} INFO - [2024-07-07T20:15:32.507-0300] {dag.py:3096} INFO - Sync 1 DAGs
[2024-07-07T20:15:32.555-0300] {logging_mixin.py:188} INFO - [2024-07-07T20:15:32.554-0300] {dag.py:3954} INFO - Setting next_dagrun for example_bash_operator to 2024-07-06 00:00:00+00:00, run_after=2024-07-07 00:00:00+00:00
[2024-07-07T20:15:32.597-0300] {processor.py:183} INFO - Processing /home/johnny/airflow/lib/python3.12/site-packages/airflow/example_dags/example_bash_operator.py took 0.173 seconds
[2024-07-07T20:16:35.287-0300] {processor.py:161} INFO - Started process (PID=40402) to work on /home/johnny/airflow/lib/python3.12/site-packages/airflow/example_dags/example_bash_operator.py
[2024-07-07T20:16:35.289-0300] {processor.py:830} INFO - Processing file /home/johnny/airflow/lib/python3.12/site-packages/airflow/example_dags/example_bash_operator.py for tasks to queue
[2024-07-07T20:16:35.291-0300] {logging_mixin.py:188} INFO - [2024-07-07T20:16:35.290-0300] {dagbag.py:545} INFO - Filling up the DagBag from /home/johnny/airflow/lib/python3.12/site-packages/airflow/example_dags/example_bash_operator.py
[2024-07-07T20:16:35.315-0300] {processor.py:840} INFO - DAG(s) 'example_bash_operator' retrieved from /home/johnny/airflow/lib/python3.12/site-packages/airflow/example_dags/example_bash_operator.py
[2024-07-07T20:16:35.354-0300] {logging_mixin.py:188} INFO - [2024-07-07T20:16:35.354-0300] {dag.py:3096} INFO - Sync 1 DAGs
[2024-07-07T20:16:35.384-0300] {logging_mixin.py:188} INFO - [2024-07-07T20:16:35.384-0300] {dag.py:3954} INFO - Setting next_dagrun for example_bash_operator to 2024-07-06 00:00:00+00:00, run_after=2024-07-07 00:00:00+00:00
[2024-07-07T20:16:35.411-0300] {processor.py:183} INFO - Processing /home/johnny/airflow/lib/python3.12/site-packages/airflow/example_dags/example_bash_operator.py took 0.135 seconds
[2024-07-07T20:17:38.559-0300] {processor.py:161} INFO - Started process (PID=40576) to work on /home/johnny/airflow/lib/python3.12/site-packages/airflow/example_dags/example_bash_operator.py
[2024-07-07T20:17:38.565-0300] {processor.py:830} INFO - Processing file /home/johnny/airflow/lib/python3.12/site-packages/airflow/example_dags/example_bash_operator.py for tasks to queue
[2024-07-07T20:17:38.568-0300] {logging_mixin.py:188} INFO - [2024-07-07T20:17:38.567-0300] {dagbag.py:545} INFO - Filling up the DagBag from /home/johnny/airflow/lib/python3.12/site-packages/airflow/example_dags/example_bash_operator.py
[2024-07-07T20:17:38.590-0300] {processor.py:840} INFO - DAG(s) 'example_bash_operator' retrieved from /home/johnny/airflow/lib/python3.12/site-packages/airflow/example_dags/example_bash_operator.py
[2024-07-07T20:17:38.630-0300] {logging_mixin.py:188} INFO - [2024-07-07T20:17:38.630-0300] {dag.py:3096} INFO - Sync 1 DAGs
[2024-07-07T20:17:38.659-0300] {logging_mixin.py:188} INFO - [2024-07-07T20:17:38.659-0300] {dag.py:3954} INFO - Setting next_dagrun for example_bash_operator to 2024-07-06 00:00:00+00:00, run_after=2024-07-07 00:00:00+00:00
[2024-07-07T20:17:38.687-0300] {processor.py:183} INFO - Processing /home/johnny/airflow/lib/python3.12/site-packages/airflow/example_dags/example_bash_operator.py took 0.139 seconds
[2024-07-07T20:18:41.457-0300] {processor.py:161} INFO - Started process (PID=40750) to work on /home/johnny/airflow/lib/python3.12/site-packages/airflow/example_dags/example_bash_operator.py
[2024-07-07T20:18:41.459-0300] {processor.py:830} INFO - Processing file /home/johnny/airflow/lib/python3.12/site-packages/airflow/example_dags/example_bash_operator.py for tasks to queue
[2024-07-07T20:18:41.462-0300] {logging_mixin.py:188} INFO - [2024-07-07T20:18:41.460-0300] {dagbag.py:545} INFO - Filling up the DagBag from /home/johnny/airflow/lib/python3.12/site-packages/airflow/example_dags/example_bash_operator.py
[2024-07-07T20:18:41.487-0300] {processor.py:840} INFO - DAG(s) 'example_bash_operator' retrieved from /home/johnny/airflow/lib/python3.12/site-packages/airflow/example_dags/example_bash_operator.py
[2024-07-07T20:18:41.538-0300] {logging_mixin.py:188} INFO - [2024-07-07T20:18:41.538-0300] {dag.py:3096} INFO - Sync 1 DAGs
[2024-07-07T20:18:41.584-0300] {logging_mixin.py:188} INFO - [2024-07-07T20:18:41.584-0300] {dag.py:3954} INFO - Setting next_dagrun for example_bash_operator to 2024-07-06 00:00:00+00:00, run_after=2024-07-07 00:00:00+00:00
[2024-07-07T20:18:41.630-0300] {processor.py:183} INFO - Processing /home/johnny/airflow/lib/python3.12/site-packages/airflow/example_dags/example_bash_operator.py took 0.185 seconds
[2024-07-07T20:19:45.502-0300] {processor.py:161} INFO - Started process (PID=40920) to work on /home/johnny/airflow/lib/python3.12/site-packages/airflow/example_dags/example_bash_operator.py
[2024-07-07T20:19:45.505-0300] {processor.py:830} INFO - Processing file /home/johnny/airflow/lib/python3.12/site-packages/airflow/example_dags/example_bash_operator.py for tasks to queue
[2024-07-07T20:19:45.508-0300] {logging_mixin.py:188} INFO - [2024-07-07T20:19:45.506-0300] {dagbag.py:545} INFO - Filling up the DagBag from /home/johnny/airflow/lib/python3.12/site-packages/airflow/example_dags/example_bash_operator.py
[2024-07-07T20:19:45.537-0300] {processor.py:840} INFO - DAG(s) 'example_bash_operator' retrieved from /home/johnny/airflow/lib/python3.12/site-packages/airflow/example_dags/example_bash_operator.py
[2024-07-07T20:19:45.587-0300] {logging_mixin.py:188} INFO - [2024-07-07T20:19:45.587-0300] {dag.py:3096} INFO - Sync 1 DAGs
[2024-07-07T20:19:45.634-0300] {logging_mixin.py:188} INFO - [2024-07-07T20:19:45.634-0300] {dag.py:3954} INFO - Setting next_dagrun for example_bash_operator to 2024-07-06 00:00:00+00:00, run_after=2024-07-07 00:00:00+00:00
[2024-07-07T20:19:45.685-0300] {processor.py:183} INFO - Processing /home/johnny/airflow/lib/python3.12/site-packages/airflow/example_dags/example_bash_operator.py took 0.196 seconds
[2024-07-07T20:20:46.672-0300] {processor.py:161} INFO - Started process (PID=41093) to work on /home/johnny/airflow/lib/python3.12/site-packages/airflow/example_dags/example_bash_operator.py
[2024-07-07T20:20:46.675-0300] {processor.py:830} INFO - Processing file /home/johnny/airflow/lib/python3.12/site-packages/airflow/example_dags/example_bash_operator.py for tasks to queue
[2024-07-07T20:20:46.677-0300] {logging_mixin.py:188} INFO - [2024-07-07T20:20:46.676-0300] {dagbag.py:545} INFO - Filling up the DagBag from /home/johnny/airflow/lib/python3.12/site-packages/airflow/example_dags/example_bash_operator.py
[2024-07-07T20:20:46.701-0300] {processor.py:840} INFO - DAG(s) 'example_bash_operator' retrieved from /home/johnny/airflow/lib/python3.12/site-packages/airflow/example_dags/example_bash_operator.py
[2024-07-07T20:20:46.739-0300] {logging_mixin.py:188} INFO - [2024-07-07T20:20:46.739-0300] {dag.py:3096} INFO - Sync 1 DAGs
[2024-07-07T20:20:46.774-0300] {logging_mixin.py:188} INFO - [2024-07-07T20:20:46.773-0300] {dag.py:3954} INFO - Setting next_dagrun for example_bash_operator to 2024-07-06 00:00:00+00:00, run_after=2024-07-07 00:00:00+00:00
[2024-07-07T20:20:46.806-0300] {processor.py:183} INFO - Processing /home/johnny/airflow/lib/python3.12/site-packages/airflow/example_dags/example_bash_operator.py took 0.145 seconds
[2024-07-07T20:21:50.293-0300] {processor.py:161} INFO - Started process (PID=41261) to work on /home/johnny/airflow/lib/python3.12/site-packages/airflow/example_dags/example_bash_operator.py
[2024-07-07T20:21:50.299-0300] {processor.py:830} INFO - Processing file /home/johnny/airflow/lib/python3.12/site-packages/airflow/example_dags/example_bash_operator.py for tasks to queue
[2024-07-07T20:21:50.302-0300] {logging_mixin.py:188} INFO - [2024-07-07T20:21:50.301-0300] {dagbag.py:545} INFO - Filling up the DagBag from /home/johnny/airflow/lib/python3.12/site-packages/airflow/example_dags/example_bash_operator.py
[2024-07-07T20:21:50.331-0300] {processor.py:840} INFO - DAG(s) 'example_bash_operator' retrieved from /home/johnny/airflow/lib/python3.12/site-packages/airflow/example_dags/example_bash_operator.py
[2024-07-07T20:21:50.380-0300] {logging_mixin.py:188} INFO - [2024-07-07T20:21:50.380-0300] {dag.py:3096} INFO - Sync 1 DAGs
[2024-07-07T20:21:50.415-0300] {logging_mixin.py:188} INFO - [2024-07-07T20:21:50.415-0300] {dag.py:3954} INFO - Setting next_dagrun for example_bash_operator to 2024-07-06 00:00:00+00:00, run_after=2024-07-07 00:00:00+00:00
[2024-07-07T20:21:50.444-0300] {processor.py:183} INFO - Processing /home/johnny/airflow/lib/python3.12/site-packages/airflow/example_dags/example_bash_operator.py took 0.164 seconds
[2024-07-07T20:22:56.819-0300] {processor.py:161} INFO - Started process (PID=41448) to work on /home/johnny/airflow/lib/python3.12/site-packages/airflow/example_dags/example_bash_operator.py
[2024-07-07T20:22:56.822-0300] {processor.py:830} INFO - Processing file /home/johnny/airflow/lib/python3.12/site-packages/airflow/example_dags/example_bash_operator.py for tasks to queue
[2024-07-07T20:22:56.824-0300] {logging_mixin.py:188} INFO - [2024-07-07T20:22:56.823-0300] {dagbag.py:545} INFO - Filling up the DagBag from /home/johnny/airflow/lib/python3.12/site-packages/airflow/example_dags/example_bash_operator.py
[2024-07-07T20:22:56.852-0300] {processor.py:840} INFO - DAG(s) 'example_bash_operator' retrieved from /home/johnny/airflow/lib/python3.12/site-packages/airflow/example_dags/example_bash_operator.py
[2024-07-07T20:22:56.900-0300] {logging_mixin.py:188} INFO - [2024-07-07T20:22:56.899-0300] {dag.py:3096} INFO - Sync 1 DAGs
[2024-07-07T20:22:56.930-0300] {logging_mixin.py:188} INFO - [2024-07-07T20:22:56.930-0300] {dag.py:3954} INFO - Setting next_dagrun for example_bash_operator to 2024-07-06 00:00:00+00:00, run_after=2024-07-07 00:00:00+00:00
[2024-07-07T20:22:56.969-0300] {processor.py:183} INFO - Processing /home/johnny/airflow/lib/python3.12/site-packages/airflow/example_dags/example_bash_operator.py took 0.163 seconds
[2024-07-07T20:23:58.516-0300] {processor.py:161} INFO - Started process (PID=41616) to work on /home/johnny/airflow/lib/python3.12/site-packages/airflow/example_dags/example_bash_operator.py
[2024-07-07T20:23:58.519-0300] {processor.py:830} INFO - Processing file /home/johnny/airflow/lib/python3.12/site-packages/airflow/example_dags/example_bash_operator.py for tasks to queue
[2024-07-07T20:23:58.521-0300] {logging_mixin.py:188} INFO - [2024-07-07T20:23:58.520-0300] {dagbag.py:545} INFO - Filling up the DagBag from /home/johnny/airflow/lib/python3.12/site-packages/airflow/example_dags/example_bash_operator.py
[2024-07-07T20:23:58.545-0300] {processor.py:840} INFO - DAG(s) 'example_bash_operator' retrieved from /home/johnny/airflow/lib/python3.12/site-packages/airflow/example_dags/example_bash_operator.py
[2024-07-07T20:23:58.588-0300] {logging_mixin.py:188} INFO - [2024-07-07T20:23:58.588-0300] {dag.py:3096} INFO - Sync 1 DAGs
[2024-07-07T20:23:58.618-0300] {logging_mixin.py:188} INFO - [2024-07-07T20:23:58.618-0300] {dag.py:3954} INFO - Setting next_dagrun for example_bash_operator to 2024-07-06 00:00:00+00:00, run_after=2024-07-07 00:00:00+00:00
[2024-07-07T20:23:58.661-0300] {processor.py:183} INFO - Processing /home/johnny/airflow/lib/python3.12/site-packages/airflow/example_dags/example_bash_operator.py took 0.156 seconds
[2024-07-07T20:25:00.194-0300] {processor.py:161} INFO - Started process (PID=41774) to work on /home/johnny/airflow/lib/python3.12/site-packages/airflow/example_dags/example_bash_operator.py
[2024-07-07T20:25:00.197-0300] {processor.py:830} INFO - Processing file /home/johnny/airflow/lib/python3.12/site-packages/airflow/example_dags/example_bash_operator.py for tasks to queue
[2024-07-07T20:25:00.202-0300] {logging_mixin.py:188} INFO - [2024-07-07T20:25:00.200-0300] {dagbag.py:545} INFO - Filling up the DagBag from /home/johnny/airflow/lib/python3.12/site-packages/airflow/example_dags/example_bash_operator.py
[2024-07-07T20:25:00.234-0300] {processor.py:840} INFO - DAG(s) 'example_bash_operator' retrieved from /home/johnny/airflow/lib/python3.12/site-packages/airflow/example_dags/example_bash_operator.py
[2024-07-07T20:25:00.275-0300] {logging_mixin.py:188} INFO - [2024-07-07T20:25:00.274-0300] {dag.py:3096} INFO - Sync 1 DAGs
[2024-07-07T20:25:00.338-0300] {logging_mixin.py:188} INFO - [2024-07-07T20:25:00.338-0300] {dag.py:3954} INFO - Setting next_dagrun for example_bash_operator to 2024-07-06 00:00:00+00:00, run_after=2024-07-07 00:00:00+00:00
[2024-07-07T20:25:00.398-0300] {processor.py:183} INFO - Processing /home/johnny/airflow/lib/python3.12/site-packages/airflow/example_dags/example_bash_operator.py took 0.223 seconds
[2024-07-07T20:25:58.185-0300] {processor.py:161} INFO - Started process (PID=41938) to work on /home/johnny/airflow/lib/python3.12/site-packages/airflow/example_dags/example_bash_operator.py
[2024-07-07T20:25:58.188-0300] {processor.py:830} INFO - Processing file /home/johnny/airflow/lib/python3.12/site-packages/airflow/example_dags/example_bash_operator.py for tasks to queue
[2024-07-07T20:25:58.189-0300] {logging_mixin.py:188} INFO - [2024-07-07T20:25:58.189-0300] {dagbag.py:545} INFO - Filling up the DagBag from /home/johnny/airflow/lib/python3.12/site-packages/airflow/example_dags/example_bash_operator.py
[2024-07-07T20:25:58.215-0300] {processor.py:840} INFO - DAG(s) 'example_bash_operator' retrieved from /home/johnny/airflow/lib/python3.12/site-packages/airflow/example_dags/example_bash_operator.py
[2024-07-07T20:25:58.262-0300] {logging_mixin.py:188} INFO - [2024-07-07T20:25:58.261-0300] {dag.py:3096} INFO - Sync 1 DAGs
[2024-07-07T20:25:58.297-0300] {logging_mixin.py:188} INFO - [2024-07-07T20:25:58.296-0300] {dag.py:3954} INFO - Setting next_dagrun for example_bash_operator to 2024-07-06 00:00:00+00:00, run_after=2024-07-07 00:00:00+00:00
[2024-07-07T20:25:58.337-0300] {processor.py:183} INFO - Processing /home/johnny/airflow/lib/python3.12/site-packages/airflow/example_dags/example_bash_operator.py took 0.165 seconds
[2024-07-07T20:27:00.738-0300] {processor.py:161} INFO - Started process (PID=42101) to work on /home/johnny/airflow/lib/python3.12/site-packages/airflow/example_dags/example_bash_operator.py
[2024-07-07T20:27:00.741-0300] {processor.py:830} INFO - Processing file /home/johnny/airflow/lib/python3.12/site-packages/airflow/example_dags/example_bash_operator.py for tasks to queue
[2024-07-07T20:27:00.743-0300] {logging_mixin.py:188} INFO - [2024-07-07T20:27:00.742-0300] {dagbag.py:545} INFO - Filling up the DagBag from /home/johnny/airflow/lib/python3.12/site-packages/airflow/example_dags/example_bash_operator.py
[2024-07-07T20:27:00.779-0300] {processor.py:840} INFO - DAG(s) 'example_bash_operator' retrieved from /home/johnny/airflow/lib/python3.12/site-packages/airflow/example_dags/example_bash_operator.py
[2024-07-07T20:27:00.827-0300] {logging_mixin.py:188} INFO - [2024-07-07T20:27:00.827-0300] {dag.py:3096} INFO - Sync 1 DAGs
[2024-07-07T20:27:00.867-0300] {logging_mixin.py:188} INFO - [2024-07-07T20:27:00.867-0300] {dag.py:3954} INFO - Setting next_dagrun for example_bash_operator to 2024-07-06 00:00:00+00:00, run_after=2024-07-07 00:00:00+00:00
[2024-07-07T20:27:00.912-0300] {processor.py:183} INFO - Processing /home/johnny/airflow/lib/python3.12/site-packages/airflow/example_dags/example_bash_operator.py took 0.188 seconds
[2024-07-07T20:28:11.881-0300] {processor.py:161} INFO - Started process (PID=42293) to work on /home/johnny/airflow/lib/python3.12/site-packages/airflow/example_dags/example_bash_operator.py
[2024-07-07T20:28:11.883-0300] {processor.py:830} INFO - Processing file /home/johnny/airflow/lib/python3.12/site-packages/airflow/example_dags/example_bash_operator.py for tasks to queue
[2024-07-07T20:28:11.885-0300] {logging_mixin.py:188} INFO - [2024-07-07T20:28:11.885-0300] {dagbag.py:545} INFO - Filling up the DagBag from /home/johnny/airflow/lib/python3.12/site-packages/airflow/example_dags/example_bash_operator.py
[2024-07-07T20:28:11.909-0300] {processor.py:840} INFO - DAG(s) 'example_bash_operator' retrieved from /home/johnny/airflow/lib/python3.12/site-packages/airflow/example_dags/example_bash_operator.py
[2024-07-07T20:28:11.950-0300] {logging_mixin.py:188} INFO - [2024-07-07T20:28:11.950-0300] {dag.py:3096} INFO - Sync 1 DAGs
[2024-07-07T20:28:11.980-0300] {logging_mixin.py:188} INFO - [2024-07-07T20:28:11.979-0300] {dag.py:3954} INFO - Setting next_dagrun for example_bash_operator to 2024-07-06 00:00:00+00:00, run_after=2024-07-07 00:00:00+00:00
[2024-07-07T20:28:12.010-0300] {processor.py:183} INFO - Processing /home/johnny/airflow/lib/python3.12/site-packages/airflow/example_dags/example_bash_operator.py took 0.140 seconds
[2024-07-07T20:29:21.820-0300] {processor.py:161} INFO - Started process (PID=42490) to work on /home/johnny/airflow/lib/python3.12/site-packages/airflow/example_dags/example_bash_operator.py
[2024-07-07T20:29:21.825-0300] {processor.py:830} INFO - Processing file /home/johnny/airflow/lib/python3.12/site-packages/airflow/example_dags/example_bash_operator.py for tasks to queue
[2024-07-07T20:29:21.827-0300] {logging_mixin.py:188} INFO - [2024-07-07T20:29:21.826-0300] {dagbag.py:545} INFO - Filling up the DagBag from /home/johnny/airflow/lib/python3.12/site-packages/airflow/example_dags/example_bash_operator.py
[2024-07-07T20:29:21.852-0300] {processor.py:840} INFO - DAG(s) 'example_bash_operator' retrieved from /home/johnny/airflow/lib/python3.12/site-packages/airflow/example_dags/example_bash_operator.py
[2024-07-07T20:29:21.906-0300] {logging_mixin.py:188} INFO - [2024-07-07T20:29:21.905-0300] {dag.py:3096} INFO - Sync 1 DAGs
[2024-07-07T20:29:21.943-0300] {logging_mixin.py:188} INFO - [2024-07-07T20:29:21.942-0300] {dag.py:3954} INFO - Setting next_dagrun for example_bash_operator to 2024-07-06 00:00:00+00:00, run_after=2024-07-07 00:00:00+00:00
[2024-07-07T20:29:21.997-0300] {processor.py:183} INFO - Processing /home/johnny/airflow/lib/python3.12/site-packages/airflow/example_dags/example_bash_operator.py took 0.187 seconds
[2024-07-07T20:30:26.371-0300] {processor.py:161} INFO - Started process (PID=42671) to work on /home/johnny/airflow/lib/python3.12/site-packages/airflow/example_dags/example_bash_operator.py
[2024-07-07T20:30:26.374-0300] {processor.py:830} INFO - Processing file /home/johnny/airflow/lib/python3.12/site-packages/airflow/example_dags/example_bash_operator.py for tasks to queue
[2024-07-07T20:30:26.376-0300] {logging_mixin.py:188} INFO - [2024-07-07T20:30:26.375-0300] {dagbag.py:545} INFO - Filling up the DagBag from /home/johnny/airflow/lib/python3.12/site-packages/airflow/example_dags/example_bash_operator.py
[2024-07-07T20:30:26.400-0300] {processor.py:840} INFO - DAG(s) 'example_bash_operator' retrieved from /home/johnny/airflow/lib/python3.12/site-packages/airflow/example_dags/example_bash_operator.py
[2024-07-07T20:30:26.439-0300] {logging_mixin.py:188} INFO - [2024-07-07T20:30:26.439-0300] {dag.py:3096} INFO - Sync 1 DAGs
[2024-07-07T20:30:26.486-0300] {logging_mixin.py:188} INFO - [2024-07-07T20:30:26.486-0300] {dag.py:3954} INFO - Setting next_dagrun for example_bash_operator to 2024-07-06 00:00:00+00:00, run_after=2024-07-07 00:00:00+00:00
[2024-07-07T20:30:26.530-0300] {processor.py:183} INFO - Processing /home/johnny/airflow/lib/python3.12/site-packages/airflow/example_dags/example_bash_operator.py took 0.170 seconds
[2024-07-07T20:31:27.909-0300] {processor.py:161} INFO - Started process (PID=42833) to work on /home/johnny/airflow/lib/python3.12/site-packages/airflow/example_dags/example_bash_operator.py
[2024-07-07T20:31:27.912-0300] {processor.py:830} INFO - Processing file /home/johnny/airflow/lib/python3.12/site-packages/airflow/example_dags/example_bash_operator.py for tasks to queue
[2024-07-07T20:31:27.914-0300] {logging_mixin.py:188} INFO - [2024-07-07T20:31:27.913-0300] {dagbag.py:545} INFO - Filling up the DagBag from /home/johnny/airflow/lib/python3.12/site-packages/airflow/example_dags/example_bash_operator.py
[2024-07-07T20:31:27.937-0300] {processor.py:840} INFO - DAG(s) 'example_bash_operator' retrieved from /home/johnny/airflow/lib/python3.12/site-packages/airflow/example_dags/example_bash_operator.py
[2024-07-07T20:31:27.984-0300] {logging_mixin.py:188} INFO - [2024-07-07T20:31:27.984-0300] {dag.py:3096} INFO - Sync 1 DAGs
[2024-07-07T20:31:28.027-0300] {logging_mixin.py:188} INFO - [2024-07-07T20:31:28.027-0300] {dag.py:3954} INFO - Setting next_dagrun for example_bash_operator to 2024-07-06 00:00:00+00:00, run_after=2024-07-07 00:00:00+00:00
[2024-07-07T20:31:28.072-0300] {processor.py:183} INFO - Processing /home/johnny/airflow/lib/python3.12/site-packages/airflow/example_dags/example_bash_operator.py took 0.174 seconds
[2024-07-07T20:32:28.107-0300] {processor.py:161} INFO - Started process (PID=42997) to work on /home/johnny/airflow/lib/python3.12/site-packages/airflow/example_dags/example_bash_operator.py
[2024-07-07T20:32:28.113-0300] {processor.py:830} INFO - Processing file /home/johnny/airflow/lib/python3.12/site-packages/airflow/example_dags/example_bash_operator.py for tasks to queue
[2024-07-07T20:32:28.115-0300] {logging_mixin.py:188} INFO - [2024-07-07T20:32:28.114-0300] {dagbag.py:545} INFO - Filling up the DagBag from /home/johnny/airflow/lib/python3.12/site-packages/airflow/example_dags/example_bash_operator.py
[2024-07-07T20:32:28.141-0300] {processor.py:840} INFO - DAG(s) 'example_bash_operator' retrieved from /home/johnny/airflow/lib/python3.12/site-packages/airflow/example_dags/example_bash_operator.py
[2024-07-07T20:32:28.198-0300] {logging_mixin.py:188} INFO - [2024-07-07T20:32:28.197-0300] {dag.py:3096} INFO - Sync 1 DAGs
[2024-07-07T20:32:28.242-0300] {logging_mixin.py:188} INFO - [2024-07-07T20:32:28.242-0300] {dag.py:3954} INFO - Setting next_dagrun for example_bash_operator to 2024-07-06 00:00:00+00:00, run_after=2024-07-07 00:00:00+00:00
[2024-07-07T20:32:28.291-0300] {processor.py:183} INFO - Processing /home/johnny/airflow/lib/python3.12/site-packages/airflow/example_dags/example_bash_operator.py took 0.196 seconds
[2024-07-07T20:34:06.520-0300] {processor.py:161} INFO - Started process (PID=43292) to work on /home/johnny/airflow/lib/python3.12/site-packages/airflow/example_dags/example_bash_operator.py
[2024-07-07T20:34:06.522-0300] {processor.py:830} INFO - Processing file /home/johnny/airflow/lib/python3.12/site-packages/airflow/example_dags/example_bash_operator.py for tasks to queue
[2024-07-07T20:34:06.525-0300] {logging_mixin.py:188} INFO - [2024-07-07T20:34:06.524-0300] {dagbag.py:545} INFO - Filling up the DagBag from /home/johnny/airflow/lib/python3.12/site-packages/airflow/example_dags/example_bash_operator.py
[2024-07-07T20:34:06.557-0300] {processor.py:840} INFO - DAG(s) 'example_bash_operator' retrieved from /home/johnny/airflow/lib/python3.12/site-packages/airflow/example_dags/example_bash_operator.py
[2024-07-07T20:34:06.599-0300] {logging_mixin.py:188} INFO - [2024-07-07T20:34:06.599-0300] {dag.py:3096} INFO - Sync 1 DAGs
[2024-07-07T20:34:06.626-0300] {logging_mixin.py:188} INFO - [2024-07-07T20:34:06.626-0300] {dag.py:3954} INFO - Setting next_dagrun for example_bash_operator to 2024-07-06 00:00:00+00:00, run_after=2024-07-07 00:00:00+00:00
[2024-07-07T20:34:06.664-0300] {processor.py:183} INFO - Processing /home/johnny/airflow/lib/python3.12/site-packages/airflow/example_dags/example_bash_operator.py took 0.157 seconds
[2024-07-07T20:35:09.213-0300] {processor.py:161} INFO - Started process (PID=43463) to work on /home/johnny/airflow/lib/python3.12/site-packages/airflow/example_dags/example_bash_operator.py
[2024-07-07T20:35:09.216-0300] {processor.py:830} INFO - Processing file /home/johnny/airflow/lib/python3.12/site-packages/airflow/example_dags/example_bash_operator.py for tasks to queue
[2024-07-07T20:35:09.218-0300] {logging_mixin.py:188} INFO - [2024-07-07T20:35:09.217-0300] {dagbag.py:545} INFO - Filling up the DagBag from /home/johnny/airflow/lib/python3.12/site-packages/airflow/example_dags/example_bash_operator.py
[2024-07-07T20:35:09.245-0300] {processor.py:840} INFO - DAG(s) 'example_bash_operator' retrieved from /home/johnny/airflow/lib/python3.12/site-packages/airflow/example_dags/example_bash_operator.py
[2024-07-07T20:35:09.287-0300] {logging_mixin.py:188} INFO - [2024-07-07T20:35:09.287-0300] {dag.py:3096} INFO - Sync 1 DAGs
[2024-07-07T20:35:09.317-0300] {logging_mixin.py:188} INFO - [2024-07-07T20:35:09.317-0300] {dag.py:3954} INFO - Setting next_dagrun for example_bash_operator to 2024-07-06 00:00:00+00:00, run_after=2024-07-07 00:00:00+00:00
[2024-07-07T20:35:09.362-0300] {processor.py:183} INFO - Processing /home/johnny/airflow/lib/python3.12/site-packages/airflow/example_dags/example_bash_operator.py took 0.161 seconds
[2024-07-07T20:36:10.861-0300] {processor.py:161} INFO - Started process (PID=43628) to work on /home/johnny/airflow/lib/python3.12/site-packages/airflow/example_dags/example_bash_operator.py
[2024-07-07T20:36:10.864-0300] {processor.py:830} INFO - Processing file /home/johnny/airflow/lib/python3.12/site-packages/airflow/example_dags/example_bash_operator.py for tasks to queue
[2024-07-07T20:36:10.866-0300] {logging_mixin.py:188} INFO - [2024-07-07T20:36:10.865-0300] {dagbag.py:545} INFO - Filling up the DagBag from /home/johnny/airflow/lib/python3.12/site-packages/airflow/example_dags/example_bash_operator.py
[2024-07-07T20:36:10.890-0300] {processor.py:840} INFO - DAG(s) 'example_bash_operator' retrieved from /home/johnny/airflow/lib/python3.12/site-packages/airflow/example_dags/example_bash_operator.py
[2024-07-07T20:36:10.938-0300] {logging_mixin.py:188} INFO - [2024-07-07T20:36:10.937-0300] {dag.py:3096} INFO - Sync 1 DAGs
[2024-07-07T20:36:10.980-0300] {logging_mixin.py:188} INFO - [2024-07-07T20:36:10.980-0300] {dag.py:3954} INFO - Setting next_dagrun for example_bash_operator to 2024-07-06 00:00:00+00:00, run_after=2024-07-07 00:00:00+00:00
[2024-07-07T20:36:11.024-0300] {processor.py:183} INFO - Processing /home/johnny/airflow/lib/python3.12/site-packages/airflow/example_dags/example_bash_operator.py took 0.173 seconds
[2024-07-07T20:37:16.637-0300] {processor.py:161} INFO - Started process (PID=43803) to work on /home/johnny/airflow/lib/python3.12/site-packages/airflow/example_dags/example_bash_operator.py
[2024-07-07T20:37:16.640-0300] {processor.py:830} INFO - Processing file /home/johnny/airflow/lib/python3.12/site-packages/airflow/example_dags/example_bash_operator.py for tasks to queue
[2024-07-07T20:37:16.644-0300] {logging_mixin.py:188} INFO - [2024-07-07T20:37:16.643-0300] {dagbag.py:545} INFO - Filling up the DagBag from /home/johnny/airflow/lib/python3.12/site-packages/airflow/example_dags/example_bash_operator.py
[2024-07-07T20:37:16.683-0300] {processor.py:840} INFO - DAG(s) 'example_bash_operator' retrieved from /home/johnny/airflow/lib/python3.12/site-packages/airflow/example_dags/example_bash_operator.py
[2024-07-07T20:37:16.739-0300] {logging_mixin.py:188} INFO - [2024-07-07T20:37:16.738-0300] {dag.py:3096} INFO - Sync 1 DAGs
[2024-07-07T20:37:16.799-0300] {logging_mixin.py:188} INFO - [2024-07-07T20:37:16.798-0300] {dag.py:3954} INFO - Setting next_dagrun for example_bash_operator to 2024-07-06 00:00:00+00:00, run_after=2024-07-07 00:00:00+00:00
[2024-07-07T20:37:16.866-0300] {processor.py:183} INFO - Processing /home/johnny/airflow/lib/python3.12/site-packages/airflow/example_dags/example_bash_operator.py took 0.253 seconds
[2024-07-07T20:38:19.111-0300] {processor.py:161} INFO - Started process (PID=43983) to work on /home/johnny/airflow/lib/python3.12/site-packages/airflow/example_dags/example_bash_operator.py
[2024-07-07T20:38:19.114-0300] {processor.py:830} INFO - Processing file /home/johnny/airflow/lib/python3.12/site-packages/airflow/example_dags/example_bash_operator.py for tasks to queue
[2024-07-07T20:38:19.117-0300] {logging_mixin.py:188} INFO - [2024-07-07T20:38:19.116-0300] {dagbag.py:545} INFO - Filling up the DagBag from /home/johnny/airflow/lib/python3.12/site-packages/airflow/example_dags/example_bash_operator.py
[2024-07-07T20:38:19.146-0300] {processor.py:840} INFO - DAG(s) 'example_bash_operator' retrieved from /home/johnny/airflow/lib/python3.12/site-packages/airflow/example_dags/example_bash_operator.py
[2024-07-07T20:38:19.190-0300] {logging_mixin.py:188} INFO - [2024-07-07T20:38:19.189-0300] {dag.py:3096} INFO - Sync 1 DAGs
[2024-07-07T20:38:19.224-0300] {logging_mixin.py:188} INFO - [2024-07-07T20:38:19.223-0300] {dag.py:3954} INFO - Setting next_dagrun for example_bash_operator to 2024-07-06 00:00:00+00:00, run_after=2024-07-07 00:00:00+00:00
[2024-07-07T20:38:19.254-0300] {processor.py:183} INFO - Processing /home/johnny/airflow/lib/python3.12/site-packages/airflow/example_dags/example_bash_operator.py took 0.157 seconds
[2024-07-07T20:39:24.843-0300] {processor.py:161} INFO - Started process (PID=44149) to work on /home/johnny/airflow/lib/python3.12/site-packages/airflow/example_dags/example_bash_operator.py
[2024-07-07T20:39:24.847-0300] {processor.py:830} INFO - Processing file /home/johnny/airflow/lib/python3.12/site-packages/airflow/example_dags/example_bash_operator.py for tasks to queue
[2024-07-07T20:39:24.849-0300] {logging_mixin.py:188} INFO - [2024-07-07T20:39:24.848-0300] {dagbag.py:545} INFO - Filling up the DagBag from /home/johnny/airflow/lib/python3.12/site-packages/airflow/example_dags/example_bash_operator.py
[2024-07-07T20:39:24.882-0300] {processor.py:840} INFO - DAG(s) 'example_bash_operator' retrieved from /home/johnny/airflow/lib/python3.12/site-packages/airflow/example_dags/example_bash_operator.py
[2024-07-07T20:39:24.950-0300] {logging_mixin.py:188} INFO - [2024-07-07T20:39:24.949-0300] {dag.py:3096} INFO - Sync 1 DAGs
[2024-07-07T20:39:25.002-0300] {logging_mixin.py:188} INFO - [2024-07-07T20:39:25.001-0300] {dag.py:3954} INFO - Setting next_dagrun for example_bash_operator to 2024-07-06 00:00:00+00:00, run_after=2024-07-07 00:00:00+00:00
[2024-07-07T20:39:25.048-0300] {processor.py:183} INFO - Processing /home/johnny/airflow/lib/python3.12/site-packages/airflow/example_dags/example_bash_operator.py took 0.219 seconds
[2024-07-07T20:40:30.959-0300] {processor.py:161} INFO - Started process (PID=44329) to work on /home/johnny/airflow/lib/python3.12/site-packages/airflow/example_dags/example_bash_operator.py
[2024-07-07T20:40:30.962-0300] {processor.py:830} INFO - Processing file /home/johnny/airflow/lib/python3.12/site-packages/airflow/example_dags/example_bash_operator.py for tasks to queue
[2024-07-07T20:40:30.965-0300] {logging_mixin.py:188} INFO - [2024-07-07T20:40:30.964-0300] {dagbag.py:545} INFO - Filling up the DagBag from /home/johnny/airflow/lib/python3.12/site-packages/airflow/example_dags/example_bash_operator.py
[2024-07-07T20:40:30.994-0300] {processor.py:840} INFO - DAG(s) 'example_bash_operator' retrieved from /home/johnny/airflow/lib/python3.12/site-packages/airflow/example_dags/example_bash_operator.py
[2024-07-07T20:40:31.025-0300] {logging_mixin.py:188} INFO - [2024-07-07T20:40:31.025-0300] {dag.py:3096} INFO - Sync 1 DAGs
[2024-07-07T20:40:31.068-0300] {logging_mixin.py:188} INFO - [2024-07-07T20:40:31.067-0300] {dag.py:3954} INFO - Setting next_dagrun for example_bash_operator to 2024-07-06 00:00:00+00:00, run_after=2024-07-07 00:00:00+00:00
[2024-07-07T20:40:31.119-0300] {processor.py:183} INFO - Processing /home/johnny/airflow/lib/python3.12/site-packages/airflow/example_dags/example_bash_operator.py took 0.179 seconds
[2024-07-07T20:41:41.911-0300] {processor.py:161} INFO - Started process (PID=44521) to work on /home/johnny/airflow/lib/python3.12/site-packages/airflow/example_dags/example_bash_operator.py
[2024-07-07T20:41:41.913-0300] {processor.py:830} INFO - Processing file /home/johnny/airflow/lib/python3.12/site-packages/airflow/example_dags/example_bash_operator.py for tasks to queue
[2024-07-07T20:41:41.915-0300] {logging_mixin.py:188} INFO - [2024-07-07T20:41:41.914-0300] {dagbag.py:545} INFO - Filling up the DagBag from /home/johnny/airflow/lib/python3.12/site-packages/airflow/example_dags/example_bash_operator.py
[2024-07-07T20:41:41.948-0300] {processor.py:840} INFO - DAG(s) 'example_bash_operator' retrieved from /home/johnny/airflow/lib/python3.12/site-packages/airflow/example_dags/example_bash_operator.py
[2024-07-07T20:41:42.005-0300] {logging_mixin.py:188} INFO - [2024-07-07T20:41:42.005-0300] {dag.py:3096} INFO - Sync 1 DAGs
[2024-07-07T20:41:42.034-0300] {logging_mixin.py:188} INFO - [2024-07-07T20:41:42.034-0300] {dag.py:3954} INFO - Setting next_dagrun for example_bash_operator to 2024-07-06 00:00:00+00:00, run_after=2024-07-07 00:00:00+00:00
[2024-07-07T20:41:42.078-0300] {processor.py:183} INFO - Processing /home/johnny/airflow/lib/python3.12/site-packages/airflow/example_dags/example_bash_operator.py took 0.178 seconds
[2024-07-07T20:42:47.907-0300] {processor.py:161} INFO - Started process (PID=44699) to work on /home/johnny/airflow/lib/python3.12/site-packages/airflow/example_dags/example_bash_operator.py
[2024-07-07T20:42:47.912-0300] {processor.py:830} INFO - Processing file /home/johnny/airflow/lib/python3.12/site-packages/airflow/example_dags/example_bash_operator.py for tasks to queue
[2024-07-07T20:42:47.915-0300] {logging_mixin.py:188} INFO - [2024-07-07T20:42:47.913-0300] {dagbag.py:545} INFO - Filling up the DagBag from /home/johnny/airflow/lib/python3.12/site-packages/airflow/example_dags/example_bash_operator.py
[2024-07-07T20:42:47.940-0300] {processor.py:840} INFO - DAG(s) 'example_bash_operator' retrieved from /home/johnny/airflow/lib/python3.12/site-packages/airflow/example_dags/example_bash_operator.py
[2024-07-07T20:42:47.988-0300] {logging_mixin.py:188} INFO - [2024-07-07T20:42:47.987-0300] {dag.py:3096} INFO - Sync 1 DAGs
[2024-07-07T20:42:48.038-0300] {logging_mixin.py:188} INFO - [2024-07-07T20:42:48.038-0300] {dag.py:3954} INFO - Setting next_dagrun for example_bash_operator to 2024-07-06 00:00:00+00:00, run_after=2024-07-07 00:00:00+00:00
[2024-07-07T20:42:48.095-0300] {processor.py:183} INFO - Processing /home/johnny/airflow/lib/python3.12/site-packages/airflow/example_dags/example_bash_operator.py took 0.200 seconds
[2024-07-07T20:43:51.403-0300] {processor.py:161} INFO - Started process (PID=44868) to work on /home/johnny/airflow/lib/python3.12/site-packages/airflow/example_dags/example_bash_operator.py
[2024-07-07T20:43:51.409-0300] {processor.py:830} INFO - Processing file /home/johnny/airflow/lib/python3.12/site-packages/airflow/example_dags/example_bash_operator.py for tasks to queue
[2024-07-07T20:43:51.411-0300] {logging_mixin.py:188} INFO - [2024-07-07T20:43:51.410-0300] {dagbag.py:545} INFO - Filling up the DagBag from /home/johnny/airflow/lib/python3.12/site-packages/airflow/example_dags/example_bash_operator.py
[2024-07-07T20:43:51.436-0300] {processor.py:840} INFO - DAG(s) 'example_bash_operator' retrieved from /home/johnny/airflow/lib/python3.12/site-packages/airflow/example_dags/example_bash_operator.py
[2024-07-07T20:43:51.488-0300] {logging_mixin.py:188} INFO - [2024-07-07T20:43:51.487-0300] {dag.py:3096} INFO - Sync 1 DAGs
[2024-07-07T20:43:51.545-0300] {logging_mixin.py:188} INFO - [2024-07-07T20:43:51.545-0300] {dag.py:3954} INFO - Setting next_dagrun for example_bash_operator to 2024-07-06 00:00:00+00:00, run_after=2024-07-07 00:00:00+00:00
[2024-07-07T20:43:51.595-0300] {processor.py:183} INFO - Processing /home/johnny/airflow/lib/python3.12/site-packages/airflow/example_dags/example_bash_operator.py took 0.203 seconds
[2024-07-07T20:45:05.073-0300] {processor.py:161} INFO - Started process (PID=45068) to work on /home/johnny/airflow/lib/python3.12/site-packages/airflow/example_dags/example_bash_operator.py
[2024-07-07T20:45:05.079-0300] {processor.py:830} INFO - Processing file /home/johnny/airflow/lib/python3.12/site-packages/airflow/example_dags/example_bash_operator.py for tasks to queue
[2024-07-07T20:45:05.083-0300] {logging_mixin.py:188} INFO - [2024-07-07T20:45:05.082-0300] {dagbag.py:545} INFO - Filling up the DagBag from /home/johnny/airflow/lib/python3.12/site-packages/airflow/example_dags/example_bash_operator.py
[2024-07-07T20:45:05.117-0300] {processor.py:840} INFO - DAG(s) 'example_bash_operator' retrieved from /home/johnny/airflow/lib/python3.12/site-packages/airflow/example_dags/example_bash_operator.py
[2024-07-07T20:45:05.173-0300] {logging_mixin.py:188} INFO - [2024-07-07T20:45:05.173-0300] {dag.py:3096} INFO - Sync 1 DAGs
[2024-07-07T20:45:05.199-0300] {logging_mixin.py:188} INFO - [2024-07-07T20:45:05.199-0300] {dag.py:3954} INFO - Setting next_dagrun for example_bash_operator to 2024-07-06 00:00:00+00:00, run_after=2024-07-07 00:00:00+00:00
[2024-07-07T20:45:05.266-0300] {processor.py:183} INFO - Processing /home/johnny/airflow/lib/python3.12/site-packages/airflow/example_dags/example_bash_operator.py took 0.209 seconds
[2024-07-07T20:46:08.314-0300] {processor.py:161} INFO - Started process (PID=45239) to work on /home/johnny/airflow/lib/python3.12/site-packages/airflow/example_dags/example_bash_operator.py
[2024-07-07T20:46:08.320-0300] {processor.py:830} INFO - Processing file /home/johnny/airflow/lib/python3.12/site-packages/airflow/example_dags/example_bash_operator.py for tasks to queue
[2024-07-07T20:46:08.323-0300] {logging_mixin.py:188} INFO - [2024-07-07T20:46:08.322-0300] {dagbag.py:545} INFO - Filling up the DagBag from /home/johnny/airflow/lib/python3.12/site-packages/airflow/example_dags/example_bash_operator.py
[2024-07-07T20:46:08.354-0300] {processor.py:840} INFO - DAG(s) 'example_bash_operator' retrieved from /home/johnny/airflow/lib/python3.12/site-packages/airflow/example_dags/example_bash_operator.py
[2024-07-07T20:46:08.413-0300] {logging_mixin.py:188} INFO - [2024-07-07T20:46:08.413-0300] {dag.py:3096} INFO - Sync 1 DAGs
[2024-07-07T20:46:08.450-0300] {logging_mixin.py:188} INFO - [2024-07-07T20:46:08.450-0300] {dag.py:3954} INFO - Setting next_dagrun for example_bash_operator to 2024-07-06 00:00:00+00:00, run_after=2024-07-07 00:00:00+00:00
[2024-07-07T20:46:08.527-0300] {processor.py:183} INFO - Processing /home/johnny/airflow/lib/python3.12/site-packages/airflow/example_dags/example_bash_operator.py took 0.226 seconds
[2024-07-07T20:47:14.158-0300] {processor.py:161} INFO - Started process (PID=45417) to work on /home/johnny/airflow/lib/python3.12/site-packages/airflow/example_dags/example_bash_operator.py
[2024-07-07T20:47:14.163-0300] {processor.py:830} INFO - Processing file /home/johnny/airflow/lib/python3.12/site-packages/airflow/example_dags/example_bash_operator.py for tasks to queue
[2024-07-07T20:47:14.165-0300] {logging_mixin.py:188} INFO - [2024-07-07T20:47:14.165-0300] {dagbag.py:545} INFO - Filling up the DagBag from /home/johnny/airflow/lib/python3.12/site-packages/airflow/example_dags/example_bash_operator.py
[2024-07-07T20:47:14.190-0300] {processor.py:840} INFO - DAG(s) 'example_bash_operator' retrieved from /home/johnny/airflow/lib/python3.12/site-packages/airflow/example_dags/example_bash_operator.py
[2024-07-07T20:47:14.235-0300] {logging_mixin.py:188} INFO - [2024-07-07T20:47:14.235-0300] {dag.py:3096} INFO - Sync 1 DAGs
[2024-07-07T20:47:14.270-0300] {logging_mixin.py:188} INFO - [2024-07-07T20:47:14.270-0300] {dag.py:3954} INFO - Setting next_dagrun for example_bash_operator to 2024-07-06 00:00:00+00:00, run_after=2024-07-07 00:00:00+00:00
[2024-07-07T20:47:14.324-0300] {processor.py:183} INFO - Processing /home/johnny/airflow/lib/python3.12/site-packages/airflow/example_dags/example_bash_operator.py took 0.178 seconds
[2024-07-07T20:48:21.174-0300] {processor.py:161} INFO - Started process (PID=45599) to work on /home/johnny/airflow/lib/python3.12/site-packages/airflow/example_dags/example_bash_operator.py
[2024-07-07T20:48:21.180-0300] {processor.py:830} INFO - Processing file /home/johnny/airflow/lib/python3.12/site-packages/airflow/example_dags/example_bash_operator.py for tasks to queue
[2024-07-07T20:48:21.182-0300] {logging_mixin.py:188} INFO - [2024-07-07T20:48:21.181-0300] {dagbag.py:545} INFO - Filling up the DagBag from /home/johnny/airflow/lib/python3.12/site-packages/airflow/example_dags/example_bash_operator.py
[2024-07-07T20:48:21.207-0300] {processor.py:840} INFO - DAG(s) 'example_bash_operator' retrieved from /home/johnny/airflow/lib/python3.12/site-packages/airflow/example_dags/example_bash_operator.py
[2024-07-07T20:48:21.244-0300] {logging_mixin.py:188} INFO - [2024-07-07T20:48:21.243-0300] {dag.py:3096} INFO - Sync 1 DAGs
[2024-07-07T20:48:21.274-0300] {logging_mixin.py:188} INFO - [2024-07-07T20:48:21.273-0300] {dag.py:3954} INFO - Setting next_dagrun for example_bash_operator to 2024-07-06 00:00:00+00:00, run_after=2024-07-07 00:00:00+00:00
[2024-07-07T20:48:21.303-0300] {processor.py:183} INFO - Processing /home/johnny/airflow/lib/python3.12/site-packages/airflow/example_dags/example_bash_operator.py took 0.141 seconds
[2024-07-07T20:49:28.085-0300] {processor.py:161} INFO - Started process (PID=45777) to work on /home/johnny/airflow/lib/python3.12/site-packages/airflow/example_dags/example_bash_operator.py
[2024-07-07T20:49:28.091-0300] {processor.py:830} INFO - Processing file /home/johnny/airflow/lib/python3.12/site-packages/airflow/example_dags/example_bash_operator.py for tasks to queue
[2024-07-07T20:49:28.093-0300] {logging_mixin.py:188} INFO - [2024-07-07T20:49:28.092-0300] {dagbag.py:545} INFO - Filling up the DagBag from /home/johnny/airflow/lib/python3.12/site-packages/airflow/example_dags/example_bash_operator.py
[2024-07-07T20:49:28.114-0300] {processor.py:840} INFO - DAG(s) 'example_bash_operator' retrieved from /home/johnny/airflow/lib/python3.12/site-packages/airflow/example_dags/example_bash_operator.py
[2024-07-07T20:49:28.148-0300] {logging_mixin.py:188} INFO - [2024-07-07T20:49:28.147-0300] {dag.py:3096} INFO - Sync 1 DAGs
[2024-07-07T20:49:28.175-0300] {logging_mixin.py:188} INFO - [2024-07-07T20:49:28.175-0300] {dag.py:3954} INFO - Setting next_dagrun for example_bash_operator to 2024-07-06 00:00:00+00:00, run_after=2024-07-07 00:00:00+00:00
[2024-07-07T20:49:28.222-0300] {processor.py:183} INFO - Processing /home/johnny/airflow/lib/python3.12/site-packages/airflow/example_dags/example_bash_operator.py took 0.149 seconds
[2024-07-07T20:50:40.437-0300] {processor.py:161} INFO - Started process (PID=45961) to work on /home/johnny/airflow/lib/python3.12/site-packages/airflow/example_dags/example_bash_operator.py
[2024-07-07T20:50:40.443-0300] {processor.py:830} INFO - Processing file /home/johnny/airflow/lib/python3.12/site-packages/airflow/example_dags/example_bash_operator.py for tasks to queue
[2024-07-07T20:50:40.446-0300] {logging_mixin.py:188} INFO - [2024-07-07T20:50:40.445-0300] {dagbag.py:545} INFO - Filling up the DagBag from /home/johnny/airflow/lib/python3.12/site-packages/airflow/example_dags/example_bash_operator.py
[2024-07-07T20:50:40.477-0300] {processor.py:840} INFO - DAG(s) 'example_bash_operator' retrieved from /home/johnny/airflow/lib/python3.12/site-packages/airflow/example_dags/example_bash_operator.py
[2024-07-07T20:50:40.555-0300] {logging_mixin.py:188} INFO - [2024-07-07T20:50:40.554-0300] {dag.py:3096} INFO - Sync 1 DAGs
[2024-07-07T20:50:40.629-0300] {logging_mixin.py:188} INFO - [2024-07-07T20:50:40.628-0300] {dag.py:3954} INFO - Setting next_dagrun for example_bash_operator to 2024-07-06 00:00:00+00:00, run_after=2024-07-07 00:00:00+00:00
[2024-07-07T20:50:40.686-0300] {processor.py:183} INFO - Processing /home/johnny/airflow/lib/python3.12/site-packages/airflow/example_dags/example_bash_operator.py took 0.269 seconds
[2024-07-07T20:51:52.610-0300] {processor.py:161} INFO - Started process (PID=46161) to work on /home/johnny/airflow/lib/python3.12/site-packages/airflow/example_dags/example_bash_operator.py
[2024-07-07T20:51:52.615-0300] {processor.py:830} INFO - Processing file /home/johnny/airflow/lib/python3.12/site-packages/airflow/example_dags/example_bash_operator.py for tasks to queue
[2024-07-07T20:51:52.618-0300] {logging_mixin.py:188} INFO - [2024-07-07T20:51:52.617-0300] {dagbag.py:545} INFO - Filling up the DagBag from /home/johnny/airflow/lib/python3.12/site-packages/airflow/example_dags/example_bash_operator.py
[2024-07-07T20:51:52.643-0300] {processor.py:840} INFO - DAG(s) 'example_bash_operator' retrieved from /home/johnny/airflow/lib/python3.12/site-packages/airflow/example_dags/example_bash_operator.py
[2024-07-07T20:51:52.677-0300] {logging_mixin.py:188} INFO - [2024-07-07T20:51:52.676-0300] {dag.py:3096} INFO - Sync 1 DAGs
[2024-07-07T20:51:52.709-0300] {logging_mixin.py:188} INFO - [2024-07-07T20:51:52.708-0300] {dag.py:3954} INFO - Setting next_dagrun for example_bash_operator to 2024-07-06 00:00:00+00:00, run_after=2024-07-07 00:00:00+00:00
[2024-07-07T20:51:52.738-0300] {processor.py:183} INFO - Processing /home/johnny/airflow/lib/python3.12/site-packages/airflow/example_dags/example_bash_operator.py took 0.141 seconds
[2024-07-07T20:53:01.381-0300] {processor.py:161} INFO - Started process (PID=46346) to work on /home/johnny/airflow/lib/python3.12/site-packages/airflow/example_dags/example_bash_operator.py
[2024-07-07T20:53:01.383-0300] {processor.py:830} INFO - Processing file /home/johnny/airflow/lib/python3.12/site-packages/airflow/example_dags/example_bash_operator.py for tasks to queue
[2024-07-07T20:53:01.386-0300] {logging_mixin.py:188} INFO - [2024-07-07T20:53:01.385-0300] {dagbag.py:545} INFO - Filling up the DagBag from /home/johnny/airflow/lib/python3.12/site-packages/airflow/example_dags/example_bash_operator.py
[2024-07-07T20:53:01.420-0300] {processor.py:840} INFO - DAG(s) 'example_bash_operator' retrieved from /home/johnny/airflow/lib/python3.12/site-packages/airflow/example_dags/example_bash_operator.py
[2024-07-07T20:53:01.482-0300] {logging_mixin.py:188} INFO - [2024-07-07T20:53:01.481-0300] {dag.py:3096} INFO - Sync 1 DAGs
[2024-07-07T20:53:01.528-0300] {logging_mixin.py:188} INFO - [2024-07-07T20:53:01.528-0300] {dag.py:3954} INFO - Setting next_dagrun for example_bash_operator to 2024-07-06 00:00:00+00:00, run_after=2024-07-07 00:00:00+00:00
[2024-07-07T20:53:01.580-0300] {processor.py:183} INFO - Processing /home/johnny/airflow/lib/python3.12/site-packages/airflow/example_dags/example_bash_operator.py took 0.214 seconds
[2024-07-07T20:54:05.733-0300] {processor.py:161} INFO - Started process (PID=46506) to work on /home/johnny/airflow/lib/python3.12/site-packages/airflow/example_dags/example_bash_operator.py
[2024-07-07T20:54:05.738-0300] {processor.py:830} INFO - Processing file /home/johnny/airflow/lib/python3.12/site-packages/airflow/example_dags/example_bash_operator.py for tasks to queue
[2024-07-07T20:54:05.740-0300] {logging_mixin.py:188} INFO - [2024-07-07T20:54:05.739-0300] {dagbag.py:545} INFO - Filling up the DagBag from /home/johnny/airflow/lib/python3.12/site-packages/airflow/example_dags/example_bash_operator.py
[2024-07-07T20:54:05.765-0300] {processor.py:840} INFO - DAG(s) 'example_bash_operator' retrieved from /home/johnny/airflow/lib/python3.12/site-packages/airflow/example_dags/example_bash_operator.py
[2024-07-07T20:54:05.818-0300] {logging_mixin.py:188} INFO - [2024-07-07T20:54:05.817-0300] {dag.py:3096} INFO - Sync 1 DAGs
[2024-07-07T20:54:05.879-0300] {logging_mixin.py:188} INFO - [2024-07-07T20:54:05.878-0300] {dag.py:3954} INFO - Setting next_dagrun for example_bash_operator to 2024-07-06 00:00:00+00:00, run_after=2024-07-07 00:00:00+00:00
[2024-07-07T20:54:05.937-0300] {processor.py:183} INFO - Processing /home/johnny/airflow/lib/python3.12/site-packages/airflow/example_dags/example_bash_operator.py took 0.215 seconds
[2024-07-07T20:55:16.632-0300] {processor.py:161} INFO - Started process (PID=46702) to work on /home/johnny/airflow/lib/python3.12/site-packages/airflow/example_dags/example_bash_operator.py
[2024-07-07T20:55:16.638-0300] {processor.py:830} INFO - Processing file /home/johnny/airflow/lib/python3.12/site-packages/airflow/example_dags/example_bash_operator.py for tasks to queue
[2024-07-07T20:55:16.640-0300] {logging_mixin.py:188} INFO - [2024-07-07T20:55:16.639-0300] {dagbag.py:545} INFO - Filling up the DagBag from /home/johnny/airflow/lib/python3.12/site-packages/airflow/example_dags/example_bash_operator.py
[2024-07-07T20:55:16.667-0300] {processor.py:840} INFO - DAG(s) 'example_bash_operator' retrieved from /home/johnny/airflow/lib/python3.12/site-packages/airflow/example_dags/example_bash_operator.py
[2024-07-07T20:55:16.724-0300] {logging_mixin.py:188} INFO - [2024-07-07T20:55:16.723-0300] {dag.py:3096} INFO - Sync 1 DAGs
[2024-07-07T20:55:16.767-0300] {logging_mixin.py:188} INFO - [2024-07-07T20:55:16.767-0300] {dag.py:3954} INFO - Setting next_dagrun for example_bash_operator to 2024-07-06 00:00:00+00:00, run_after=2024-07-07 00:00:00+00:00
[2024-07-07T20:55:16.828-0300] {processor.py:183} INFO - Processing /home/johnny/airflow/lib/python3.12/site-packages/airflow/example_dags/example_bash_operator.py took 0.207 seconds
[2024-07-07T20:56:21.690-0300] {processor.py:161} INFO - Started process (PID=46873) to work on /home/johnny/airflow/lib/python3.12/site-packages/airflow/example_dags/example_bash_operator.py
[2024-07-07T20:56:21.695-0300] {processor.py:830} INFO - Processing file /home/johnny/airflow/lib/python3.12/site-packages/airflow/example_dags/example_bash_operator.py for tasks to queue
[2024-07-07T20:56:21.698-0300] {logging_mixin.py:188} INFO - [2024-07-07T20:56:21.697-0300] {dagbag.py:545} INFO - Filling up the DagBag from /home/johnny/airflow/lib/python3.12/site-packages/airflow/example_dags/example_bash_operator.py
[2024-07-07T20:56:21.733-0300] {processor.py:840} INFO - DAG(s) 'example_bash_operator' retrieved from /home/johnny/airflow/lib/python3.12/site-packages/airflow/example_dags/example_bash_operator.py
[2024-07-07T20:56:21.809-0300] {logging_mixin.py:188} INFO - [2024-07-07T20:56:21.808-0300] {dag.py:3096} INFO - Sync 1 DAGs
[2024-07-07T20:56:21.857-0300] {logging_mixin.py:188} INFO - [2024-07-07T20:56:21.856-0300] {dag.py:3954} INFO - Setting next_dagrun for example_bash_operator to 2024-07-06 00:00:00+00:00, run_after=2024-07-07 00:00:00+00:00
[2024-07-07T20:56:21.899-0300] {processor.py:183} INFO - Processing /home/johnny/airflow/lib/python3.12/site-packages/airflow/example_dags/example_bash_operator.py took 0.225 seconds
[2024-07-07T20:57:33.384-0300] {processor.py:161} INFO - Started process (PID=47070) to work on /home/johnny/airflow/lib/python3.12/site-packages/airflow/example_dags/example_bash_operator.py
[2024-07-07T20:57:33.387-0300] {processor.py:830} INFO - Processing file /home/johnny/airflow/lib/python3.12/site-packages/airflow/example_dags/example_bash_operator.py for tasks to queue
[2024-07-07T20:57:33.389-0300] {logging_mixin.py:188} INFO - [2024-07-07T20:57:33.388-0300] {dagbag.py:545} INFO - Filling up the DagBag from /home/johnny/airflow/lib/python3.12/site-packages/airflow/example_dags/example_bash_operator.py
[2024-07-07T20:57:33.416-0300] {processor.py:840} INFO - DAG(s) 'example_bash_operator' retrieved from /home/johnny/airflow/lib/python3.12/site-packages/airflow/example_dags/example_bash_operator.py
[2024-07-07T20:57:33.478-0300] {logging_mixin.py:188} INFO - [2024-07-07T20:57:33.477-0300] {dag.py:3096} INFO - Sync 1 DAGs
[2024-07-07T20:57:33.545-0300] {logging_mixin.py:188} INFO - [2024-07-07T20:57:33.545-0300] {dag.py:3954} INFO - Setting next_dagrun for example_bash_operator to 2024-07-06 00:00:00+00:00, run_after=2024-07-07 00:00:00+00:00
[2024-07-07T20:57:33.598-0300] {processor.py:183} INFO - Processing /home/johnny/airflow/lib/python3.12/site-packages/airflow/example_dags/example_bash_operator.py took 0.226 seconds
[2024-07-07T20:58:43.932-0300] {processor.py:161} INFO - Started process (PID=47281) to work on /home/johnny/airflow/lib/python3.12/site-packages/airflow/example_dags/example_bash_operator.py
[2024-07-07T20:58:43.938-0300] {processor.py:830} INFO - Processing file /home/johnny/airflow/lib/python3.12/site-packages/airflow/example_dags/example_bash_operator.py for tasks to queue
[2024-07-07T20:58:43.940-0300] {logging_mixin.py:188} INFO - [2024-07-07T20:58:43.939-0300] {dagbag.py:545} INFO - Filling up the DagBag from /home/johnny/airflow/lib/python3.12/site-packages/airflow/example_dags/example_bash_operator.py
[2024-07-07T20:58:43.966-0300] {processor.py:840} INFO - DAG(s) 'example_bash_operator' retrieved from /home/johnny/airflow/lib/python3.12/site-packages/airflow/example_dags/example_bash_operator.py
[2024-07-07T20:58:44.012-0300] {logging_mixin.py:188} INFO - [2024-07-07T20:58:44.012-0300] {dag.py:3096} INFO - Sync 1 DAGs
[2024-07-07T20:58:44.067-0300] {logging_mixin.py:188} INFO - [2024-07-07T20:58:44.067-0300] {dag.py:3954} INFO - Setting next_dagrun for example_bash_operator to 2024-07-06 00:00:00+00:00, run_after=2024-07-07 00:00:00+00:00
[2024-07-07T20:58:44.123-0300] {processor.py:183} INFO - Processing /home/johnny/airflow/lib/python3.12/site-packages/airflow/example_dags/example_bash_operator.py took 0.201 seconds
[2024-07-07T20:59:55.361-0300] {processor.py:161} INFO - Started process (PID=47493) to work on /home/johnny/airflow/lib/python3.12/site-packages/airflow/example_dags/example_bash_operator.py
[2024-07-07T20:59:55.367-0300] {processor.py:830} INFO - Processing file /home/johnny/airflow/lib/python3.12/site-packages/airflow/example_dags/example_bash_operator.py for tasks to queue
[2024-07-07T20:59:55.369-0300] {logging_mixin.py:188} INFO - [2024-07-07T20:59:55.368-0300] {dagbag.py:545} INFO - Filling up the DagBag from /home/johnny/airflow/lib/python3.12/site-packages/airflow/example_dags/example_bash_operator.py
[2024-07-07T20:59:55.393-0300] {processor.py:840} INFO - DAG(s) 'example_bash_operator' retrieved from /home/johnny/airflow/lib/python3.12/site-packages/airflow/example_dags/example_bash_operator.py
[2024-07-07T20:59:55.453-0300] {logging_mixin.py:188} INFO - [2024-07-07T20:59:55.453-0300] {dag.py:3096} INFO - Sync 1 DAGs
[2024-07-07T20:59:55.496-0300] {logging_mixin.py:188} INFO - [2024-07-07T20:59:55.495-0300] {dag.py:3954} INFO - Setting next_dagrun for example_bash_operator to 2024-07-06 00:00:00+00:00, run_after=2024-07-07 00:00:00+00:00
[2024-07-07T20:59:55.550-0300] {processor.py:183} INFO - Processing /home/johnny/airflow/lib/python3.12/site-packages/airflow/example_dags/example_bash_operator.py took 0.200 seconds
