[2024-07-07T14:05:15.401-0300] {processor.py:161} INFO - Started process (PID=3022) to work on /home/johnny/airflow_env/lib/python3.12/site-packages/airflow/example_dags/example_branch_operator.py
[2024-07-07T14:05:15.403-0300] {processor.py:830} INFO - Processing file /home/johnny/airflow_env/lib/python3.12/site-packages/airflow/example_dags/example_branch_operator.py for tasks to queue
[2024-07-07T14:05:15.406-0300] {logging_mixin.py:188} INFO - [2024-07-07T14:05:15.405-0300] {dagbag.py:545} INFO - Filling up the DagBag from /home/johnny/airflow_env/lib/python3.12/site-packages/airflow/example_dags/example_branch_operator.py
[2024-07-07T14:05:15.441-0300] {processor.py:840} INFO - DAG(s) 'example_branch_operator' retrieved from /home/johnny/airflow_env/lib/python3.12/site-packages/airflow/example_dags/example_branch_operator.py
[2024-07-07T14:05:15.682-0300] {logging_mixin.py:188} INFO - [2024-07-07T14:05:15.681-0300] {override.py:1847} INFO - Created Permission View: can delete on DAG:example_branch_operator
[2024-07-07T14:05:15.761-0300] {logging_mixin.py:188} INFO - [2024-07-07T14:05:15.760-0300] {override.py:1847} INFO - Created Permission View: can read on DAG:example_branch_operator
[2024-07-07T14:05:15.779-0300] {logging_mixin.py:188} INFO - [2024-07-07T14:05:15.779-0300] {override.py:1847} INFO - Created Permission View: can edit on DAG:example_branch_operator
[2024-07-07T14:05:15.780-0300] {logging_mixin.py:188} INFO - [2024-07-07T14:05:15.780-0300] {dag.py:3096} INFO - Sync 1 DAGs
[2024-07-07T14:05:15.806-0300] {logging_mixin.py:188} INFO - [2024-07-07T14:05:15.805-0300] {dag.py:3118} INFO - Creating ORM DAG for example_branch_operator
[2024-07-07T14:05:15.827-0300] {logging_mixin.py:188} INFO - [2024-07-07T14:05:15.827-0300] {dag.py:3954} INFO - Setting next_dagrun for example_branch_operator to 2024-07-06 00:00:00+00:00, run_after=2024-07-07 00:00:00+00:00
[2024-07-07T14:05:15.873-0300] {processor.py:183} INFO - Processing /home/johnny/airflow_env/lib/python3.12/site-packages/airflow/example_dags/example_branch_operator.py took 0.483 seconds
[2024-07-07T14:06:17.212-0300] {processor.py:161} INFO - Started process (PID=3076) to work on /home/johnny/airflow_env/lib/python3.12/site-packages/airflow/example_dags/example_branch_operator.py
[2024-07-07T14:06:17.214-0300] {processor.py:830} INFO - Processing file /home/johnny/airflow_env/lib/python3.12/site-packages/airflow/example_dags/example_branch_operator.py for tasks to queue
[2024-07-07T14:06:17.217-0300] {logging_mixin.py:188} INFO - [2024-07-07T14:06:17.217-0300] {dagbag.py:545} INFO - Filling up the DagBag from /home/johnny/airflow_env/lib/python3.12/site-packages/airflow/example_dags/example_branch_operator.py
[2024-07-07T14:06:17.253-0300] {processor.py:840} INFO - DAG(s) 'example_branch_operator' retrieved from /home/johnny/airflow_env/lib/python3.12/site-packages/airflow/example_dags/example_branch_operator.py
[2024-07-07T14:06:17.303-0300] {logging_mixin.py:188} INFO - [2024-07-07T14:06:17.302-0300] {dag.py:3096} INFO - Sync 1 DAGs
[2024-07-07T14:06:17.335-0300] {logging_mixin.py:188} INFO - [2024-07-07T14:06:17.335-0300] {dag.py:3954} INFO - Setting next_dagrun for example_branch_operator to 2024-07-06 00:00:00+00:00, run_after=2024-07-07 00:00:00+00:00
[2024-07-07T14:06:17.368-0300] {processor.py:183} INFO - Processing /home/johnny/airflow_env/lib/python3.12/site-packages/airflow/example_dags/example_branch_operator.py took 0.167 seconds
[2024-07-07T14:07:16.292-0300] {processor.py:161} INFO - Started process (PID=3127) to work on /home/johnny/airflow_env/lib/python3.12/site-packages/airflow/example_dags/example_branch_operator.py
[2024-07-07T14:07:16.295-0300] {processor.py:830} INFO - Processing file /home/johnny/airflow_env/lib/python3.12/site-packages/airflow/example_dags/example_branch_operator.py for tasks to queue
[2024-07-07T14:07:16.298-0300] {logging_mixin.py:188} INFO - [2024-07-07T14:07:16.297-0300] {dagbag.py:545} INFO - Filling up the DagBag from /home/johnny/airflow_env/lib/python3.12/site-packages/airflow/example_dags/example_branch_operator.py
[2024-07-07T14:07:16.336-0300] {processor.py:840} INFO - DAG(s) 'example_branch_operator' retrieved from /home/johnny/airflow_env/lib/python3.12/site-packages/airflow/example_dags/example_branch_operator.py
[2024-07-07T14:07:16.374-0300] {logging_mixin.py:188} INFO - [2024-07-07T14:07:16.373-0300] {dag.py:3096} INFO - Sync 1 DAGs
[2024-07-07T14:07:16.400-0300] {logging_mixin.py:188} INFO - [2024-07-07T14:07:16.400-0300] {dag.py:3954} INFO - Setting next_dagrun for example_branch_operator to 2024-07-06 00:00:00+00:00, run_after=2024-07-07 00:00:00+00:00
[2024-07-07T14:07:16.437-0300] {processor.py:183} INFO - Processing /home/johnny/airflow_env/lib/python3.12/site-packages/airflow/example_dags/example_branch_operator.py took 0.158 seconds
[2024-07-07T14:08:13.382-0300] {processor.py:161} INFO - Started process (PID=3178) to work on /home/johnny/airflow_env/lib/python3.12/site-packages/airflow/example_dags/example_branch_operator.py
[2024-07-07T14:08:13.384-0300] {processor.py:830} INFO - Processing file /home/johnny/airflow_env/lib/python3.12/site-packages/airflow/example_dags/example_branch_operator.py for tasks to queue
[2024-07-07T14:08:13.388-0300] {logging_mixin.py:188} INFO - [2024-07-07T14:08:13.387-0300] {dagbag.py:545} INFO - Filling up the DagBag from /home/johnny/airflow_env/lib/python3.12/site-packages/airflow/example_dags/example_branch_operator.py
[2024-07-07T14:08:13.440-0300] {processor.py:840} INFO - DAG(s) 'example_branch_operator' retrieved from /home/johnny/airflow_env/lib/python3.12/site-packages/airflow/example_dags/example_branch_operator.py
[2024-07-07T14:08:13.499-0300] {logging_mixin.py:188} INFO - [2024-07-07T14:08:13.499-0300] {dag.py:3096} INFO - Sync 1 DAGs
[2024-07-07T14:08:13.555-0300] {logging_mixin.py:188} INFO - [2024-07-07T14:08:13.554-0300] {dag.py:3954} INFO - Setting next_dagrun for example_branch_operator to 2024-07-06 00:00:00+00:00, run_after=2024-07-07 00:00:00+00:00
[2024-07-07T14:08:13.609-0300] {processor.py:183} INFO - Processing /home/johnny/airflow_env/lib/python3.12/site-packages/airflow/example_dags/example_branch_operator.py took 0.241 seconds
[2024-07-07T19:46:09.550-0300] {processor.py:161} INFO - Started process (PID=35353) to work on /home/johnny/airflow/lib/python3.12/site-packages/airflow/example_dags/example_branch_operator.py
[2024-07-07T19:46:09.553-0300] {processor.py:830} INFO - Processing file /home/johnny/airflow/lib/python3.12/site-packages/airflow/example_dags/example_branch_operator.py for tasks to queue
[2024-07-07T19:46:09.559-0300] {logging_mixin.py:188} INFO - [2024-07-07T19:46:09.557-0300] {dagbag.py:545} INFO - Filling up the DagBag from /home/johnny/airflow/lib/python3.12/site-packages/airflow/example_dags/example_branch_operator.py
[2024-07-07T19:46:09.593-0300] {processor.py:840} INFO - DAG(s) 'example_branch_operator' retrieved from /home/johnny/airflow/lib/python3.12/site-packages/airflow/example_dags/example_branch_operator.py
[2024-07-07T19:46:09.938-0300] {logging_mixin.py:188} INFO - [2024-07-07T19:46:09.936-0300] {dag.py:3096} INFO - Sync 1 DAGs
[2024-07-07T19:46:09.986-0300] {logging_mixin.py:188} INFO - [2024-07-07T19:46:09.985-0300] {dag.py:3954} INFO - Setting next_dagrun for example_branch_operator to 2024-07-06 00:00:00+00:00, run_after=2024-07-07 00:00:00+00:00
[2024-07-07T19:46:10.047-0300] {processor.py:183} INFO - Processing /home/johnny/airflow/lib/python3.12/site-packages/airflow/example_dags/example_branch_operator.py took 0.510 seconds
[2024-07-07T19:47:26.590-0300] {processor.py:161} INFO - Started process (PID=35554) to work on /home/johnny/airflow/lib/python3.12/site-packages/airflow/example_dags/example_branch_operator.py
[2024-07-07T19:47:26.596-0300] {processor.py:830} INFO - Processing file /home/johnny/airflow/lib/python3.12/site-packages/airflow/example_dags/example_branch_operator.py for tasks to queue
[2024-07-07T19:47:26.600-0300] {logging_mixin.py:188} INFO - [2024-07-07T19:47:26.599-0300] {dagbag.py:545} INFO - Filling up the DagBag from /home/johnny/airflow/lib/python3.12/site-packages/airflow/example_dags/example_branch_operator.py
[2024-07-07T19:47:26.661-0300] {processor.py:840} INFO - DAG(s) 'example_branch_operator' retrieved from /home/johnny/airflow/lib/python3.12/site-packages/airflow/example_dags/example_branch_operator.py
[2024-07-07T19:47:26.732-0300] {logging_mixin.py:188} INFO - [2024-07-07T19:47:26.729-0300] {dag.py:3096} INFO - Sync 1 DAGs
[2024-07-07T19:47:26.774-0300] {logging_mixin.py:188} INFO - [2024-07-07T19:47:26.774-0300] {dag.py:3954} INFO - Setting next_dagrun for example_branch_operator to 2024-07-06 00:00:00+00:00, run_after=2024-07-07 00:00:00+00:00
[2024-07-07T19:47:26.822-0300] {processor.py:183} INFO - Processing /home/johnny/airflow/lib/python3.12/site-packages/airflow/example_dags/example_branch_operator.py took 0.251 seconds
[2024-07-07T19:48:36.428-0300] {processor.py:161} INFO - Started process (PID=35753) to work on /home/johnny/airflow/lib/python3.12/site-packages/airflow/example_dags/example_branch_operator.py
[2024-07-07T19:48:36.435-0300] {processor.py:830} INFO - Processing file /home/johnny/airflow/lib/python3.12/site-packages/airflow/example_dags/example_branch_operator.py for tasks to queue
[2024-07-07T19:48:36.438-0300] {logging_mixin.py:188} INFO - [2024-07-07T19:48:36.438-0300] {dagbag.py:545} INFO - Filling up the DagBag from /home/johnny/airflow/lib/python3.12/site-packages/airflow/example_dags/example_branch_operator.py
[2024-07-07T19:48:36.490-0300] {processor.py:840} INFO - DAG(s) 'example_branch_operator' retrieved from /home/johnny/airflow/lib/python3.12/site-packages/airflow/example_dags/example_branch_operator.py
[2024-07-07T19:48:36.546-0300] {logging_mixin.py:188} INFO - [2024-07-07T19:48:36.545-0300] {dag.py:3096} INFO - Sync 1 DAGs
[2024-07-07T19:48:36.579-0300] {logging_mixin.py:188} INFO - [2024-07-07T19:48:36.579-0300] {dag.py:3954} INFO - Setting next_dagrun for example_branch_operator to 2024-07-06 00:00:00+00:00, run_after=2024-07-07 00:00:00+00:00
[2024-07-07T19:48:36.632-0300] {processor.py:183} INFO - Processing /home/johnny/airflow/lib/python3.12/site-packages/airflow/example_dags/example_branch_operator.py took 0.227 seconds
[2024-07-07T19:49:43.464-0300] {processor.py:161} INFO - Started process (PID=35957) to work on /home/johnny/airflow/lib/python3.12/site-packages/airflow/example_dags/example_branch_operator.py
[2024-07-07T19:49:43.466-0300] {processor.py:830} INFO - Processing file /home/johnny/airflow/lib/python3.12/site-packages/airflow/example_dags/example_branch_operator.py for tasks to queue
[2024-07-07T19:49:43.469-0300] {logging_mixin.py:188} INFO - [2024-07-07T19:49:43.468-0300] {dagbag.py:545} INFO - Filling up the DagBag from /home/johnny/airflow/lib/python3.12/site-packages/airflow/example_dags/example_branch_operator.py
[2024-07-07T19:49:43.500-0300] {processor.py:840} INFO - DAG(s) 'example_branch_operator' retrieved from /home/johnny/airflow/lib/python3.12/site-packages/airflow/example_dags/example_branch_operator.py
[2024-07-07T19:49:43.555-0300] {logging_mixin.py:188} INFO - [2024-07-07T19:49:43.554-0300] {dag.py:3096} INFO - Sync 1 DAGs
[2024-07-07T19:49:43.605-0300] {logging_mixin.py:188} INFO - [2024-07-07T19:49:43.604-0300] {dag.py:3954} INFO - Setting next_dagrun for example_branch_operator to 2024-07-06 00:00:00+00:00, run_after=2024-07-07 00:00:00+00:00
[2024-07-07T19:49:43.660-0300] {processor.py:183} INFO - Processing /home/johnny/airflow/lib/python3.12/site-packages/airflow/example_dags/example_branch_operator.py took 0.207 seconds
[2024-07-07T19:50:51.233-0300] {processor.py:161} INFO - Started process (PID=36136) to work on /home/johnny/airflow/lib/python3.12/site-packages/airflow/example_dags/example_branch_operator.py
[2024-07-07T19:50:51.237-0300] {processor.py:830} INFO - Processing file /home/johnny/airflow/lib/python3.12/site-packages/airflow/example_dags/example_branch_operator.py for tasks to queue
[2024-07-07T19:50:51.246-0300] {logging_mixin.py:188} INFO - [2024-07-07T19:50:51.243-0300] {dagbag.py:545} INFO - Filling up the DagBag from /home/johnny/airflow/lib/python3.12/site-packages/airflow/example_dags/example_branch_operator.py
[2024-07-07T19:50:51.356-0300] {processor.py:840} INFO - DAG(s) 'example_branch_operator' retrieved from /home/johnny/airflow/lib/python3.12/site-packages/airflow/example_dags/example_branch_operator.py
[2024-07-07T19:50:51.428-0300] {logging_mixin.py:188} INFO - [2024-07-07T19:50:51.427-0300] {dag.py:3096} INFO - Sync 1 DAGs
[2024-07-07T19:50:51.465-0300] {logging_mixin.py:188} INFO - [2024-07-07T19:50:51.465-0300] {dag.py:3954} INFO - Setting next_dagrun for example_branch_operator to 2024-07-06 00:00:00+00:00, run_after=2024-07-07 00:00:00+00:00
[2024-07-07T19:50:51.513-0300] {processor.py:183} INFO - Processing /home/johnny/airflow/lib/python3.12/site-packages/airflow/example_dags/example_branch_operator.py took 0.307 seconds
[2024-07-07T19:52:01.469-0300] {processor.py:161} INFO - Started process (PID=36333) to work on /home/johnny/airflow/lib/python3.12/site-packages/airflow/example_dags/example_branch_operator.py
[2024-07-07T19:52:01.472-0300] {processor.py:830} INFO - Processing file /home/johnny/airflow/lib/python3.12/site-packages/airflow/example_dags/example_branch_operator.py for tasks to queue
[2024-07-07T19:52:01.476-0300] {logging_mixin.py:188} INFO - [2024-07-07T19:52:01.475-0300] {dagbag.py:545} INFO - Filling up the DagBag from /home/johnny/airflow/lib/python3.12/site-packages/airflow/example_dags/example_branch_operator.py
[2024-07-07T19:52:01.533-0300] {processor.py:840} INFO - DAG(s) 'example_branch_operator' retrieved from /home/johnny/airflow/lib/python3.12/site-packages/airflow/example_dags/example_branch_operator.py
[2024-07-07T19:52:01.583-0300] {logging_mixin.py:188} INFO - [2024-07-07T19:52:01.583-0300] {dag.py:3096} INFO - Sync 1 DAGs
[2024-07-07T19:52:01.612-0300] {logging_mixin.py:188} INFO - [2024-07-07T19:52:01.612-0300] {dag.py:3954} INFO - Setting next_dagrun for example_branch_operator to 2024-07-06 00:00:00+00:00, run_after=2024-07-07 00:00:00+00:00
[2024-07-07T19:52:01.653-0300] {processor.py:183} INFO - Processing /home/johnny/airflow/lib/python3.12/site-packages/airflow/example_dags/example_branch_operator.py took 0.208 seconds
[2024-07-07T19:53:14.745-0300] {processor.py:161} INFO - Started process (PID=36535) to work on /home/johnny/airflow/lib/python3.12/site-packages/airflow/example_dags/example_branch_operator.py
[2024-07-07T19:53:14.751-0300] {processor.py:830} INFO - Processing file /home/johnny/airflow/lib/python3.12/site-packages/airflow/example_dags/example_branch_operator.py for tasks to queue
[2024-07-07T19:53:14.755-0300] {logging_mixin.py:188} INFO - [2024-07-07T19:53:14.754-0300] {dagbag.py:545} INFO - Filling up the DagBag from /home/johnny/airflow/lib/python3.12/site-packages/airflow/example_dags/example_branch_operator.py
[2024-07-07T19:53:14.796-0300] {processor.py:840} INFO - DAG(s) 'example_branch_operator' retrieved from /home/johnny/airflow/lib/python3.12/site-packages/airflow/example_dags/example_branch_operator.py
[2024-07-07T19:53:14.863-0300] {logging_mixin.py:188} INFO - [2024-07-07T19:53:14.862-0300] {dag.py:3096} INFO - Sync 1 DAGs
[2024-07-07T19:53:14.913-0300] {logging_mixin.py:188} INFO - [2024-07-07T19:53:14.913-0300] {dag.py:3954} INFO - Setting next_dagrun for example_branch_operator to 2024-07-06 00:00:00+00:00, run_after=2024-07-07 00:00:00+00:00
[2024-07-07T19:53:14.970-0300] {processor.py:183} INFO - Processing /home/johnny/airflow/lib/python3.12/site-packages/airflow/example_dags/example_branch_operator.py took 0.237 seconds
[2024-07-07T19:54:22.398-0300] {processor.py:161} INFO - Started process (PID=36715) to work on /home/johnny/airflow/lib/python3.12/site-packages/airflow/example_dags/example_branch_operator.py
[2024-07-07T19:54:22.404-0300] {processor.py:830} INFO - Processing file /home/johnny/airflow/lib/python3.12/site-packages/airflow/example_dags/example_branch_operator.py for tasks to queue
[2024-07-07T19:54:22.407-0300] {logging_mixin.py:188} INFO - [2024-07-07T19:54:22.406-0300] {dagbag.py:545} INFO - Filling up the DagBag from /home/johnny/airflow/lib/python3.12/site-packages/airflow/example_dags/example_branch_operator.py
[2024-07-07T19:54:22.459-0300] {processor.py:840} INFO - DAG(s) 'example_branch_operator' retrieved from /home/johnny/airflow/lib/python3.12/site-packages/airflow/example_dags/example_branch_operator.py
[2024-07-07T19:54:22.525-0300] {logging_mixin.py:188} INFO - [2024-07-07T19:54:22.524-0300] {dag.py:3096} INFO - Sync 1 DAGs
[2024-07-07T19:54:22.579-0300] {logging_mixin.py:188} INFO - [2024-07-07T19:54:22.579-0300] {dag.py:3954} INFO - Setting next_dagrun for example_branch_operator to 2024-07-06 00:00:00+00:00, run_after=2024-07-07 00:00:00+00:00
[2024-07-07T19:54:22.665-0300] {processor.py:183} INFO - Processing /home/johnny/airflow/lib/python3.12/site-packages/airflow/example_dags/example_branch_operator.py took 0.283 seconds
[2024-07-07T19:55:31.357-0300] {processor.py:161} INFO - Started process (PID=36899) to work on /home/johnny/airflow/lib/python3.12/site-packages/airflow/example_dags/example_branch_operator.py
[2024-07-07T19:55:31.364-0300] {processor.py:830} INFO - Processing file /home/johnny/airflow/lib/python3.12/site-packages/airflow/example_dags/example_branch_operator.py for tasks to queue
[2024-07-07T19:55:31.366-0300] {logging_mixin.py:188} INFO - [2024-07-07T19:55:31.365-0300] {dagbag.py:545} INFO - Filling up the DagBag from /home/johnny/airflow/lib/python3.12/site-packages/airflow/example_dags/example_branch_operator.py
[2024-07-07T19:55:31.409-0300] {processor.py:840} INFO - DAG(s) 'example_branch_operator' retrieved from /home/johnny/airflow/lib/python3.12/site-packages/airflow/example_dags/example_branch_operator.py
[2024-07-07T19:55:31.474-0300] {logging_mixin.py:188} INFO - [2024-07-07T19:55:31.473-0300] {dag.py:3096} INFO - Sync 1 DAGs
[2024-07-07T19:55:31.521-0300] {logging_mixin.py:188} INFO - [2024-07-07T19:55:31.520-0300] {dag.py:3954} INFO - Setting next_dagrun for example_branch_operator to 2024-07-06 00:00:00+00:00, run_after=2024-07-07 00:00:00+00:00
[2024-07-07T19:55:31.581-0300] {processor.py:183} INFO - Processing /home/johnny/airflow/lib/python3.12/site-packages/airflow/example_dags/example_branch_operator.py took 0.236 seconds
[2024-07-07T19:56:38.964-0300] {processor.py:161} INFO - Started process (PID=37083) to work on /home/johnny/airflow/lib/python3.12/site-packages/airflow/example_dags/example_branch_operator.py
[2024-07-07T19:56:38.970-0300] {processor.py:830} INFO - Processing file /home/johnny/airflow/lib/python3.12/site-packages/airflow/example_dags/example_branch_operator.py for tasks to queue
[2024-07-07T19:56:38.972-0300] {logging_mixin.py:188} INFO - [2024-07-07T19:56:38.972-0300] {dagbag.py:545} INFO - Filling up the DagBag from /home/johnny/airflow/lib/python3.12/site-packages/airflow/example_dags/example_branch_operator.py
[2024-07-07T19:56:39.010-0300] {processor.py:840} INFO - DAG(s) 'example_branch_operator' retrieved from /home/johnny/airflow/lib/python3.12/site-packages/airflow/example_dags/example_branch_operator.py
[2024-07-07T19:56:39.051-0300] {logging_mixin.py:188} INFO - [2024-07-07T19:56:39.050-0300] {dag.py:3096} INFO - Sync 1 DAGs
[2024-07-07T19:56:39.079-0300] {logging_mixin.py:188} INFO - [2024-07-07T19:56:39.079-0300] {dag.py:3954} INFO - Setting next_dagrun for example_branch_operator to 2024-07-06 00:00:00+00:00, run_after=2024-07-07 00:00:00+00:00
[2024-07-07T19:56:39.125-0300] {processor.py:183} INFO - Processing /home/johnny/airflow/lib/python3.12/site-packages/airflow/example_dags/example_branch_operator.py took 0.173 seconds
[2024-07-07T19:58:00.803-0300] {processor.py:161} INFO - Started process (PID=37314) to work on /home/johnny/airflow/lib/python3.12/site-packages/airflow/example_dags/example_branch_operator.py
[2024-07-07T19:58:00.807-0300] {processor.py:830} INFO - Processing file /home/johnny/airflow/lib/python3.12/site-packages/airflow/example_dags/example_branch_operator.py for tasks to queue
[2024-07-07T19:58:00.811-0300] {logging_mixin.py:188} INFO - [2024-07-07T19:58:00.809-0300] {dagbag.py:545} INFO - Filling up the DagBag from /home/johnny/airflow/lib/python3.12/site-packages/airflow/example_dags/example_branch_operator.py
[2024-07-07T19:58:00.856-0300] {processor.py:840} INFO - DAG(s) 'example_branch_operator' retrieved from /home/johnny/airflow/lib/python3.12/site-packages/airflow/example_dags/example_branch_operator.py
[2024-07-07T19:58:00.893-0300] {logging_mixin.py:188} INFO - [2024-07-07T19:58:00.893-0300] {dag.py:3096} INFO - Sync 1 DAGs
[2024-07-07T19:58:00.920-0300] {logging_mixin.py:188} INFO - [2024-07-07T19:58:00.920-0300] {dag.py:3954} INFO - Setting next_dagrun for example_branch_operator to 2024-07-06 00:00:00+00:00, run_after=2024-07-07 00:00:00+00:00
[2024-07-07T19:58:00.961-0300] {processor.py:183} INFO - Processing /home/johnny/airflow/lib/python3.12/site-packages/airflow/example_dags/example_branch_operator.py took 0.174 seconds
[2024-07-07T19:59:06.649-0300] {processor.py:161} INFO - Started process (PID=37496) to work on /home/johnny/airflow/lib/python3.12/site-packages/airflow/example_dags/example_branch_operator.py
[2024-07-07T19:59:06.651-0300] {processor.py:830} INFO - Processing file /home/johnny/airflow/lib/python3.12/site-packages/airflow/example_dags/example_branch_operator.py for tasks to queue
[2024-07-07T19:59:06.654-0300] {logging_mixin.py:188} INFO - [2024-07-07T19:59:06.653-0300] {dagbag.py:545} INFO - Filling up the DagBag from /home/johnny/airflow/lib/python3.12/site-packages/airflow/example_dags/example_branch_operator.py
[2024-07-07T19:59:06.694-0300] {processor.py:840} INFO - DAG(s) 'example_branch_operator' retrieved from /home/johnny/airflow/lib/python3.12/site-packages/airflow/example_dags/example_branch_operator.py
[2024-07-07T19:59:06.737-0300] {logging_mixin.py:188} INFO - [2024-07-07T19:59:06.736-0300] {dag.py:3096} INFO - Sync 1 DAGs
[2024-07-07T19:59:06.775-0300] {logging_mixin.py:188} INFO - [2024-07-07T19:59:06.774-0300] {dag.py:3954} INFO - Setting next_dagrun for example_branch_operator to 2024-07-06 00:00:00+00:00, run_after=2024-07-07 00:00:00+00:00
[2024-07-07T19:59:06.828-0300] {processor.py:183} INFO - Processing /home/johnny/airflow/lib/python3.12/site-packages/airflow/example_dags/example_branch_operator.py took 0.238 seconds
[2024-07-07T20:00:10.466-0300] {processor.py:161} INFO - Started process (PID=37674) to work on /home/johnny/airflow/lib/python3.12/site-packages/airflow/example_dags/example_branch_operator.py
[2024-07-07T20:00:10.469-0300] {processor.py:830} INFO - Processing file /home/johnny/airflow/lib/python3.12/site-packages/airflow/example_dags/example_branch_operator.py for tasks to queue
[2024-07-07T20:00:10.471-0300] {logging_mixin.py:188} INFO - [2024-07-07T20:00:10.470-0300] {dagbag.py:545} INFO - Filling up the DagBag from /home/johnny/airflow/lib/python3.12/site-packages/airflow/example_dags/example_branch_operator.py
[2024-07-07T20:00:10.521-0300] {processor.py:840} INFO - DAG(s) 'example_branch_operator' retrieved from /home/johnny/airflow/lib/python3.12/site-packages/airflow/example_dags/example_branch_operator.py
[2024-07-07T20:00:10.596-0300] {logging_mixin.py:188} INFO - [2024-07-07T20:00:10.596-0300] {dag.py:3096} INFO - Sync 1 DAGs
[2024-07-07T20:00:10.644-0300] {logging_mixin.py:188} INFO - [2024-07-07T20:00:10.644-0300] {dag.py:3954} INFO - Setting next_dagrun for example_branch_operator to 2024-07-06 00:00:00+00:00, run_after=2024-07-07 00:00:00+00:00
[2024-07-07T20:00:10.699-0300] {processor.py:183} INFO - Processing /home/johnny/airflow/lib/python3.12/site-packages/airflow/example_dags/example_branch_operator.py took 0.246 seconds
[2024-07-07T20:01:18.066-0300] {processor.py:161} INFO - Started process (PID=37872) to work on /home/johnny/airflow/lib/python3.12/site-packages/airflow/example_dags/example_branch_operator.py
[2024-07-07T20:01:18.069-0300] {processor.py:830} INFO - Processing file /home/johnny/airflow/lib/python3.12/site-packages/airflow/example_dags/example_branch_operator.py for tasks to queue
[2024-07-07T20:01:18.071-0300] {logging_mixin.py:188} INFO - [2024-07-07T20:01:18.071-0300] {dagbag.py:545} INFO - Filling up the DagBag from /home/johnny/airflow/lib/python3.12/site-packages/airflow/example_dags/example_branch_operator.py
[2024-07-07T20:01:18.113-0300] {processor.py:840} INFO - DAG(s) 'example_branch_operator' retrieved from /home/johnny/airflow/lib/python3.12/site-packages/airflow/example_dags/example_branch_operator.py
[2024-07-07T20:01:18.161-0300] {logging_mixin.py:188} INFO - [2024-07-07T20:01:18.160-0300] {dag.py:3096} INFO - Sync 1 DAGs
[2024-07-07T20:01:18.205-0300] {logging_mixin.py:188} INFO - [2024-07-07T20:01:18.205-0300] {dag.py:3954} INFO - Setting next_dagrun for example_branch_operator to 2024-07-06 00:00:00+00:00, run_after=2024-07-07 00:00:00+00:00
[2024-07-07T20:01:18.249-0300] {processor.py:183} INFO - Processing /home/johnny/airflow/lib/python3.12/site-packages/airflow/example_dags/example_branch_operator.py took 0.195 seconds
[2024-07-07T20:02:22.256-0300] {processor.py:161} INFO - Started process (PID=38044) to work on /home/johnny/airflow/lib/python3.12/site-packages/airflow/example_dags/example_branch_operator.py
[2024-07-07T20:02:22.259-0300] {processor.py:830} INFO - Processing file /home/johnny/airflow/lib/python3.12/site-packages/airflow/example_dags/example_branch_operator.py for tasks to queue
[2024-07-07T20:02:22.262-0300] {logging_mixin.py:188} INFO - [2024-07-07T20:02:22.260-0300] {dagbag.py:545} INFO - Filling up the DagBag from /home/johnny/airflow/lib/python3.12/site-packages/airflow/example_dags/example_branch_operator.py
[2024-07-07T20:02:22.297-0300] {processor.py:840} INFO - DAG(s) 'example_branch_operator' retrieved from /home/johnny/airflow/lib/python3.12/site-packages/airflow/example_dags/example_branch_operator.py
[2024-07-07T20:02:22.333-0300] {logging_mixin.py:188} INFO - [2024-07-07T20:02:22.333-0300] {dag.py:3096} INFO - Sync 1 DAGs
[2024-07-07T20:02:22.362-0300] {logging_mixin.py:188} INFO - [2024-07-07T20:02:22.362-0300] {dag.py:3954} INFO - Setting next_dagrun for example_branch_operator to 2024-07-06 00:00:00+00:00, run_after=2024-07-07 00:00:00+00:00
[2024-07-07T20:02:22.408-0300] {processor.py:183} INFO - Processing /home/johnny/airflow/lib/python3.12/site-packages/airflow/example_dags/example_branch_operator.py took 0.167 seconds
[2024-07-07T20:03:31.418-0300] {processor.py:161} INFO - Started process (PID=38230) to work on /home/johnny/airflow/lib/python3.12/site-packages/airflow/example_dags/example_branch_operator.py
[2024-07-07T20:03:31.422-0300] {processor.py:830} INFO - Processing file /home/johnny/airflow/lib/python3.12/site-packages/airflow/example_dags/example_branch_operator.py for tasks to queue
[2024-07-07T20:03:31.424-0300] {logging_mixin.py:188} INFO - [2024-07-07T20:03:31.423-0300] {dagbag.py:545} INFO - Filling up the DagBag from /home/johnny/airflow/lib/python3.12/site-packages/airflow/example_dags/example_branch_operator.py
[2024-07-07T20:03:31.471-0300] {processor.py:840} INFO - DAG(s) 'example_branch_operator' retrieved from /home/johnny/airflow/lib/python3.12/site-packages/airflow/example_dags/example_branch_operator.py
[2024-07-07T20:03:31.541-0300] {logging_mixin.py:188} INFO - [2024-07-07T20:03:31.540-0300] {dag.py:3096} INFO - Sync 1 DAGs
[2024-07-07T20:03:31.597-0300] {logging_mixin.py:188} INFO - [2024-07-07T20:03:31.596-0300] {dag.py:3954} INFO - Setting next_dagrun for example_branch_operator to 2024-07-06 00:00:00+00:00, run_after=2024-07-07 00:00:00+00:00
[2024-07-07T20:03:31.660-0300] {processor.py:183} INFO - Processing /home/johnny/airflow/lib/python3.12/site-packages/airflow/example_dags/example_branch_operator.py took 0.258 seconds
[2024-07-07T20:04:53.834-0300] {processor.py:161} INFO - Started process (PID=38462) to work on /home/johnny/airflow/lib/python3.12/site-packages/airflow/example_dags/example_branch_operator.py
[2024-07-07T20:04:53.837-0300] {processor.py:830} INFO - Processing file /home/johnny/airflow/lib/python3.12/site-packages/airflow/example_dags/example_branch_operator.py for tasks to queue
[2024-07-07T20:04:53.840-0300] {logging_mixin.py:188} INFO - [2024-07-07T20:04:53.839-0300] {dagbag.py:545} INFO - Filling up the DagBag from /home/johnny/airflow/lib/python3.12/site-packages/airflow/example_dags/example_branch_operator.py
[2024-07-07T20:04:53.884-0300] {processor.py:840} INFO - DAG(s) 'example_branch_operator' retrieved from /home/johnny/airflow/lib/python3.12/site-packages/airflow/example_dags/example_branch_operator.py
[2024-07-07T20:04:53.925-0300] {logging_mixin.py:188} INFO - [2024-07-07T20:04:53.925-0300] {dag.py:3096} INFO - Sync 1 DAGs
[2024-07-07T20:04:53.951-0300] {logging_mixin.py:188} INFO - [2024-07-07T20:04:53.950-0300] {dag.py:3954} INFO - Setting next_dagrun for example_branch_operator to 2024-07-06 00:00:00+00:00, run_after=2024-07-07 00:00:00+00:00
[2024-07-07T20:04:54.024-0300] {processor.py:183} INFO - Processing /home/johnny/airflow/lib/python3.12/site-packages/airflow/example_dags/example_branch_operator.py took 0.206 seconds
[2024-07-07T20:05:55.447-0300] {processor.py:161} INFO - Started process (PID=38641) to work on /home/johnny/airflow/lib/python3.12/site-packages/airflow/example_dags/example_branch_operator.py
[2024-07-07T20:05:55.450-0300] {processor.py:830} INFO - Processing file /home/johnny/airflow/lib/python3.12/site-packages/airflow/example_dags/example_branch_operator.py for tasks to queue
[2024-07-07T20:05:55.452-0300] {logging_mixin.py:188} INFO - [2024-07-07T20:05:55.451-0300] {dagbag.py:545} INFO - Filling up the DagBag from /home/johnny/airflow/lib/python3.12/site-packages/airflow/example_dags/example_branch_operator.py
[2024-07-07T20:05:55.487-0300] {processor.py:840} INFO - DAG(s) 'example_branch_operator' retrieved from /home/johnny/airflow/lib/python3.12/site-packages/airflow/example_dags/example_branch_operator.py
[2024-07-07T20:05:55.523-0300] {logging_mixin.py:188} INFO - [2024-07-07T20:05:55.523-0300] {dag.py:3096} INFO - Sync 1 DAGs
[2024-07-07T20:05:55.549-0300] {logging_mixin.py:188} INFO - [2024-07-07T20:05:55.549-0300] {dag.py:3954} INFO - Setting next_dagrun for example_branch_operator to 2024-07-06 00:00:00+00:00, run_after=2024-07-07 00:00:00+00:00
[2024-07-07T20:05:55.576-0300] {processor.py:183} INFO - Processing /home/johnny/airflow/lib/python3.12/site-packages/airflow/example_dags/example_branch_operator.py took 0.140 seconds
[2024-07-07T20:07:00.732-0300] {processor.py:161} INFO - Started process (PID=38809) to work on /home/johnny/airflow/lib/python3.12/site-packages/airflow/example_dags/example_branch_operator.py
[2024-07-07T20:07:00.734-0300] {processor.py:830} INFO - Processing file /home/johnny/airflow/lib/python3.12/site-packages/airflow/example_dags/example_branch_operator.py for tasks to queue
[2024-07-07T20:07:00.736-0300] {logging_mixin.py:188} INFO - [2024-07-07T20:07:00.736-0300] {dagbag.py:545} INFO - Filling up the DagBag from /home/johnny/airflow/lib/python3.12/site-packages/airflow/example_dags/example_branch_operator.py
[2024-07-07T20:07:00.782-0300] {processor.py:840} INFO - DAG(s) 'example_branch_operator' retrieved from /home/johnny/airflow/lib/python3.12/site-packages/airflow/example_dags/example_branch_operator.py
[2024-07-07T20:07:00.835-0300] {logging_mixin.py:188} INFO - [2024-07-07T20:07:00.834-0300] {dag.py:3096} INFO - Sync 1 DAGs
[2024-07-07T20:07:00.868-0300] {logging_mixin.py:188} INFO - [2024-07-07T20:07:00.867-0300] {dag.py:3954} INFO - Setting next_dagrun for example_branch_operator to 2024-07-06 00:00:00+00:00, run_after=2024-07-07 00:00:00+00:00
[2024-07-07T20:07:00.909-0300] {processor.py:183} INFO - Processing /home/johnny/airflow/lib/python3.12/site-packages/airflow/example_dags/example_branch_operator.py took 0.189 seconds
[2024-07-07T20:08:08.380-0300] {processor.py:161} INFO - Started process (PID=38993) to work on /home/johnny/airflow/lib/python3.12/site-packages/airflow/example_dags/example_branch_operator.py
[2024-07-07T20:08:08.382-0300] {processor.py:830} INFO - Processing file /home/johnny/airflow/lib/python3.12/site-packages/airflow/example_dags/example_branch_operator.py for tasks to queue
[2024-07-07T20:08:08.384-0300] {logging_mixin.py:188} INFO - [2024-07-07T20:08:08.383-0300] {dagbag.py:545} INFO - Filling up the DagBag from /home/johnny/airflow/lib/python3.12/site-packages/airflow/example_dags/example_branch_operator.py
[2024-07-07T20:08:08.420-0300] {processor.py:840} INFO - DAG(s) 'example_branch_operator' retrieved from /home/johnny/airflow/lib/python3.12/site-packages/airflow/example_dags/example_branch_operator.py
[2024-07-07T20:08:08.464-0300] {logging_mixin.py:188} INFO - [2024-07-07T20:08:08.463-0300] {dag.py:3096} INFO - Sync 1 DAGs
[2024-07-07T20:08:08.534-0300] {logging_mixin.py:188} INFO - [2024-07-07T20:08:08.533-0300] {dag.py:3954} INFO - Setting next_dagrun for example_branch_operator to 2024-07-06 00:00:00+00:00, run_after=2024-07-07 00:00:00+00:00
[2024-07-07T20:08:08.574-0300] {processor.py:183} INFO - Processing /home/johnny/airflow/lib/python3.12/site-packages/airflow/example_dags/example_branch_operator.py took 0.206 seconds
[2024-07-07T20:09:20.660-0300] {processor.py:161} INFO - Started process (PID=39195) to work on /home/johnny/airflow/lib/python3.12/site-packages/airflow/example_dags/example_branch_operator.py
[2024-07-07T20:09:20.664-0300] {processor.py:830} INFO - Processing file /home/johnny/airflow/lib/python3.12/site-packages/airflow/example_dags/example_branch_operator.py for tasks to queue
[2024-07-07T20:09:20.667-0300] {logging_mixin.py:188} INFO - [2024-07-07T20:09:20.666-0300] {dagbag.py:545} INFO - Filling up the DagBag from /home/johnny/airflow/lib/python3.12/site-packages/airflow/example_dags/example_branch_operator.py
[2024-07-07T20:09:20.719-0300] {processor.py:840} INFO - DAG(s) 'example_branch_operator' retrieved from /home/johnny/airflow/lib/python3.12/site-packages/airflow/example_dags/example_branch_operator.py
[2024-07-07T20:09:20.789-0300] {logging_mixin.py:188} INFO - [2024-07-07T20:09:20.788-0300] {dag.py:3096} INFO - Sync 1 DAGs
[2024-07-07T20:09:20.828-0300] {logging_mixin.py:188} INFO - [2024-07-07T20:09:20.827-0300] {dag.py:3954} INFO - Setting next_dagrun for example_branch_operator to 2024-07-06 00:00:00+00:00, run_after=2024-07-07 00:00:00+00:00
[2024-07-07T20:09:20.873-0300] {processor.py:183} INFO - Processing /home/johnny/airflow/lib/python3.12/site-packages/airflow/example_dags/example_branch_operator.py took 0.224 seconds
[2024-07-07T20:10:26.881-0300] {processor.py:161} INFO - Started process (PID=39375) to work on /home/johnny/airflow/lib/python3.12/site-packages/airflow/example_dags/example_branch_operator.py
[2024-07-07T20:10:26.884-0300] {processor.py:830} INFO - Processing file /home/johnny/airflow/lib/python3.12/site-packages/airflow/example_dags/example_branch_operator.py for tasks to queue
[2024-07-07T20:10:26.886-0300] {logging_mixin.py:188} INFO - [2024-07-07T20:10:26.885-0300] {dagbag.py:545} INFO - Filling up the DagBag from /home/johnny/airflow/lib/python3.12/site-packages/airflow/example_dags/example_branch_operator.py
[2024-07-07T20:10:26.919-0300] {processor.py:840} INFO - DAG(s) 'example_branch_operator' retrieved from /home/johnny/airflow/lib/python3.12/site-packages/airflow/example_dags/example_branch_operator.py
[2024-07-07T20:10:26.969-0300] {logging_mixin.py:188} INFO - [2024-07-07T20:10:26.969-0300] {dag.py:3096} INFO - Sync 1 DAGs
[2024-07-07T20:10:27.018-0300] {logging_mixin.py:188} INFO - [2024-07-07T20:10:27.017-0300] {dag.py:3954} INFO - Setting next_dagrun for example_branch_operator to 2024-07-06 00:00:00+00:00, run_after=2024-07-07 00:00:00+00:00
[2024-07-07T20:10:27.079-0300] {processor.py:183} INFO - Processing /home/johnny/airflow/lib/python3.12/site-packages/airflow/example_dags/example_branch_operator.py took 0.211 seconds
[2024-07-07T20:11:29.981-0300] {processor.py:161} INFO - Started process (PID=39556) to work on /home/johnny/airflow/lib/python3.12/site-packages/airflow/example_dags/example_branch_operator.py
[2024-07-07T20:11:29.984-0300] {processor.py:830} INFO - Processing file /home/johnny/airflow/lib/python3.12/site-packages/airflow/example_dags/example_branch_operator.py for tasks to queue
[2024-07-07T20:11:29.987-0300] {logging_mixin.py:188} INFO - [2024-07-07T20:11:29.986-0300] {dagbag.py:545} INFO - Filling up the DagBag from /home/johnny/airflow/lib/python3.12/site-packages/airflow/example_dags/example_branch_operator.py
[2024-07-07T20:11:30.040-0300] {processor.py:840} INFO - DAG(s) 'example_branch_operator' retrieved from /home/johnny/airflow/lib/python3.12/site-packages/airflow/example_dags/example_branch_operator.py
[2024-07-07T20:11:30.104-0300] {logging_mixin.py:188} INFO - [2024-07-07T20:11:30.103-0300] {dag.py:3096} INFO - Sync 1 DAGs
[2024-07-07T20:11:30.166-0300] {logging_mixin.py:188} INFO - [2024-07-07T20:11:30.166-0300] {dag.py:3954} INFO - Setting next_dagrun for example_branch_operator to 2024-07-06 00:00:00+00:00, run_after=2024-07-07 00:00:00+00:00
[2024-07-07T20:11:30.221-0300] {processor.py:183} INFO - Processing /home/johnny/airflow/lib/python3.12/site-packages/airflow/example_dags/example_branch_operator.py took 0.255 seconds
[2024-07-07T20:12:31.962-0300] {processor.py:161} INFO - Started process (PID=39720) to work on /home/johnny/airflow/lib/python3.12/site-packages/airflow/example_dags/example_branch_operator.py
[2024-07-07T20:12:31.964-0300] {processor.py:830} INFO - Processing file /home/johnny/airflow/lib/python3.12/site-packages/airflow/example_dags/example_branch_operator.py for tasks to queue
[2024-07-07T20:12:31.967-0300] {logging_mixin.py:188} INFO - [2024-07-07T20:12:31.966-0300] {dagbag.py:545} INFO - Filling up the DagBag from /home/johnny/airflow/lib/python3.12/site-packages/airflow/example_dags/example_branch_operator.py
[2024-07-07T20:12:32.029-0300] {processor.py:840} INFO - DAG(s) 'example_branch_operator' retrieved from /home/johnny/airflow/lib/python3.12/site-packages/airflow/example_dags/example_branch_operator.py
[2024-07-07T20:12:32.107-0300] {logging_mixin.py:188} INFO - [2024-07-07T20:12:32.106-0300] {dag.py:3096} INFO - Sync 1 DAGs
[2024-07-07T20:12:32.147-0300] {logging_mixin.py:188} INFO - [2024-07-07T20:12:32.146-0300] {dag.py:3954} INFO - Setting next_dagrun for example_branch_operator to 2024-07-06 00:00:00+00:00, run_after=2024-07-07 00:00:00+00:00
[2024-07-07T20:12:32.196-0300] {processor.py:183} INFO - Processing /home/johnny/airflow/lib/python3.12/site-packages/airflow/example_dags/example_branch_operator.py took 0.246 seconds
[2024-07-07T20:13:35.063-0300] {processor.py:161} INFO - Started process (PID=39892) to work on /home/johnny/airflow/lib/python3.12/site-packages/airflow/example_dags/example_branch_operator.py
[2024-07-07T20:13:35.066-0300] {processor.py:830} INFO - Processing file /home/johnny/airflow/lib/python3.12/site-packages/airflow/example_dags/example_branch_operator.py for tasks to queue
[2024-07-07T20:13:35.068-0300] {logging_mixin.py:188} INFO - [2024-07-07T20:13:35.067-0300] {dagbag.py:545} INFO - Filling up the DagBag from /home/johnny/airflow/lib/python3.12/site-packages/airflow/example_dags/example_branch_operator.py
[2024-07-07T20:13:35.102-0300] {processor.py:840} INFO - DAG(s) 'example_branch_operator' retrieved from /home/johnny/airflow/lib/python3.12/site-packages/airflow/example_dags/example_branch_operator.py
[2024-07-07T20:13:35.139-0300] {logging_mixin.py:188} INFO - [2024-07-07T20:13:35.139-0300] {dag.py:3096} INFO - Sync 1 DAGs
[2024-07-07T20:13:35.167-0300] {logging_mixin.py:188} INFO - [2024-07-07T20:13:35.166-0300] {dag.py:3954} INFO - Setting next_dagrun for example_branch_operator to 2024-07-06 00:00:00+00:00, run_after=2024-07-07 00:00:00+00:00
[2024-07-07T20:13:35.197-0300] {processor.py:183} INFO - Processing /home/johnny/airflow/lib/python3.12/site-packages/airflow/example_dags/example_branch_operator.py took 0.145 seconds
[2024-07-07T20:14:38.839-0300] {processor.py:161} INFO - Started process (PID=40068) to work on /home/johnny/airflow/lib/python3.12/site-packages/airflow/example_dags/example_branch_operator.py
[2024-07-07T20:14:38.842-0300] {processor.py:830} INFO - Processing file /home/johnny/airflow/lib/python3.12/site-packages/airflow/example_dags/example_branch_operator.py for tasks to queue
[2024-07-07T20:14:38.844-0300] {logging_mixin.py:188} INFO - [2024-07-07T20:14:38.843-0300] {dagbag.py:545} INFO - Filling up the DagBag from /home/johnny/airflow/lib/python3.12/site-packages/airflow/example_dags/example_branch_operator.py
[2024-07-07T20:14:38.880-0300] {processor.py:840} INFO - DAG(s) 'example_branch_operator' retrieved from /home/johnny/airflow/lib/python3.12/site-packages/airflow/example_dags/example_branch_operator.py
[2024-07-07T20:14:38.934-0300] {logging_mixin.py:188} INFO - [2024-07-07T20:14:38.933-0300] {dag.py:3096} INFO - Sync 1 DAGs
[2024-07-07T20:14:38.961-0300] {logging_mixin.py:188} INFO - [2024-07-07T20:14:38.961-0300] {dag.py:3954} INFO - Setting next_dagrun for example_branch_operator to 2024-07-06 00:00:00+00:00, run_after=2024-07-07 00:00:00+00:00
[2024-07-07T20:14:38.993-0300] {processor.py:183} INFO - Processing /home/johnny/airflow/lib/python3.12/site-packages/airflow/example_dags/example_branch_operator.py took 0.164 seconds
[2024-07-07T20:15:38.933-0300] {processor.py:161} INFO - Started process (PID=40242) to work on /home/johnny/airflow/lib/python3.12/site-packages/airflow/example_dags/example_branch_operator.py
[2024-07-07T20:15:38.935-0300] {processor.py:830} INFO - Processing file /home/johnny/airflow/lib/python3.12/site-packages/airflow/example_dags/example_branch_operator.py for tasks to queue
[2024-07-07T20:15:38.938-0300] {logging_mixin.py:188} INFO - [2024-07-07T20:15:38.937-0300] {dagbag.py:545} INFO - Filling up the DagBag from /home/johnny/airflow/lib/python3.12/site-packages/airflow/example_dags/example_branch_operator.py
[2024-07-07T20:15:38.979-0300] {processor.py:840} INFO - DAG(s) 'example_branch_operator' retrieved from /home/johnny/airflow/lib/python3.12/site-packages/airflow/example_dags/example_branch_operator.py
[2024-07-07T20:15:39.025-0300] {logging_mixin.py:188} INFO - [2024-07-07T20:15:39.024-0300] {dag.py:3096} INFO - Sync 1 DAGs
[2024-07-07T20:15:39.068-0300] {logging_mixin.py:188} INFO - [2024-07-07T20:15:39.068-0300] {dag.py:3954} INFO - Setting next_dagrun for example_branch_operator to 2024-07-06 00:00:00+00:00, run_after=2024-07-07 00:00:00+00:00
[2024-07-07T20:15:39.115-0300] {processor.py:183} INFO - Processing /home/johnny/airflow/lib/python3.12/site-packages/airflow/example_dags/example_branch_operator.py took 0.193 seconds
[2024-07-07T20:16:41.455-0300] {processor.py:161} INFO - Started process (PID=40417) to work on /home/johnny/airflow/lib/python3.12/site-packages/airflow/example_dags/example_branch_operator.py
[2024-07-07T20:16:41.458-0300] {processor.py:830} INFO - Processing file /home/johnny/airflow/lib/python3.12/site-packages/airflow/example_dags/example_branch_operator.py for tasks to queue
[2024-07-07T20:16:41.465-0300] {logging_mixin.py:188} INFO - [2024-07-07T20:16:41.463-0300] {dagbag.py:545} INFO - Filling up the DagBag from /home/johnny/airflow/lib/python3.12/site-packages/airflow/example_dags/example_branch_operator.py
[2024-07-07T20:16:41.510-0300] {processor.py:840} INFO - DAG(s) 'example_branch_operator' retrieved from /home/johnny/airflow/lib/python3.12/site-packages/airflow/example_dags/example_branch_operator.py
[2024-07-07T20:16:41.571-0300] {logging_mixin.py:188} INFO - [2024-07-07T20:16:41.571-0300] {dag.py:3096} INFO - Sync 1 DAGs
[2024-07-07T20:16:41.637-0300] {logging_mixin.py:188} INFO - [2024-07-07T20:16:41.637-0300] {dag.py:3954} INFO - Setting next_dagrun for example_branch_operator to 2024-07-06 00:00:00+00:00, run_after=2024-07-07 00:00:00+00:00
[2024-07-07T20:16:41.687-0300] {processor.py:183} INFO - Processing /home/johnny/airflow/lib/python3.12/site-packages/airflow/example_dags/example_branch_operator.py took 0.251 seconds
[2024-07-07T20:17:44.587-0300] {processor.py:161} INFO - Started process (PID=40593) to work on /home/johnny/airflow/lib/python3.12/site-packages/airflow/example_dags/example_branch_operator.py
[2024-07-07T20:17:44.590-0300] {processor.py:830} INFO - Processing file /home/johnny/airflow/lib/python3.12/site-packages/airflow/example_dags/example_branch_operator.py for tasks to queue
[2024-07-07T20:17:44.592-0300] {logging_mixin.py:188} INFO - [2024-07-07T20:17:44.591-0300] {dagbag.py:545} INFO - Filling up the DagBag from /home/johnny/airflow/lib/python3.12/site-packages/airflow/example_dags/example_branch_operator.py
[2024-07-07T20:17:44.627-0300] {processor.py:840} INFO - DAG(s) 'example_branch_operator' retrieved from /home/johnny/airflow/lib/python3.12/site-packages/airflow/example_dags/example_branch_operator.py
[2024-07-07T20:17:44.673-0300] {logging_mixin.py:188} INFO - [2024-07-07T20:17:44.671-0300] {dag.py:3096} INFO - Sync 1 DAGs
[2024-07-07T20:17:44.721-0300] {logging_mixin.py:188} INFO - [2024-07-07T20:17:44.721-0300] {dag.py:3954} INFO - Setting next_dagrun for example_branch_operator to 2024-07-06 00:00:00+00:00, run_after=2024-07-07 00:00:00+00:00
[2024-07-07T20:17:44.781-0300] {processor.py:183} INFO - Processing /home/johnny/airflow/lib/python3.12/site-packages/airflow/example_dags/example_branch_operator.py took 0.205 seconds
[2024-07-07T20:18:47.510-0300] {processor.py:161} INFO - Started process (PID=40761) to work on /home/johnny/airflow/lib/python3.12/site-packages/airflow/example_dags/example_branch_operator.py
[2024-07-07T20:18:47.513-0300] {processor.py:830} INFO - Processing file /home/johnny/airflow/lib/python3.12/site-packages/airflow/example_dags/example_branch_operator.py for tasks to queue
[2024-07-07T20:18:47.515-0300] {logging_mixin.py:188} INFO - [2024-07-07T20:18:47.514-0300] {dagbag.py:545} INFO - Filling up the DagBag from /home/johnny/airflow/lib/python3.12/site-packages/airflow/example_dags/example_branch_operator.py
[2024-07-07T20:18:47.551-0300] {processor.py:840} INFO - DAG(s) 'example_branch_operator' retrieved from /home/johnny/airflow/lib/python3.12/site-packages/airflow/example_dags/example_branch_operator.py
[2024-07-07T20:18:47.591-0300] {logging_mixin.py:188} INFO - [2024-07-07T20:18:47.591-0300] {dag.py:3096} INFO - Sync 1 DAGs
[2024-07-07T20:18:47.643-0300] {logging_mixin.py:188} INFO - [2024-07-07T20:18:47.642-0300] {dag.py:3954} INFO - Setting next_dagrun for example_branch_operator to 2024-07-06 00:00:00+00:00, run_after=2024-07-07 00:00:00+00:00
[2024-07-07T20:18:47.688-0300] {processor.py:183} INFO - Processing /home/johnny/airflow/lib/python3.12/site-packages/airflow/example_dags/example_branch_operator.py took 0.191 seconds
[2024-07-07T20:19:51.435-0300] {processor.py:161} INFO - Started process (PID=40939) to work on /home/johnny/airflow/lib/python3.12/site-packages/airflow/example_dags/example_branch_operator.py
[2024-07-07T20:19:51.438-0300] {processor.py:830} INFO - Processing file /home/johnny/airflow/lib/python3.12/site-packages/airflow/example_dags/example_branch_operator.py for tasks to queue
[2024-07-07T20:19:51.440-0300] {logging_mixin.py:188} INFO - [2024-07-07T20:19:51.439-0300] {dagbag.py:545} INFO - Filling up the DagBag from /home/johnny/airflow/lib/python3.12/site-packages/airflow/example_dags/example_branch_operator.py
[2024-07-07T20:19:51.478-0300] {processor.py:840} INFO - DAG(s) 'example_branch_operator' retrieved from /home/johnny/airflow/lib/python3.12/site-packages/airflow/example_dags/example_branch_operator.py
[2024-07-07T20:19:51.522-0300] {logging_mixin.py:188} INFO - [2024-07-07T20:19:51.522-0300] {dag.py:3096} INFO - Sync 1 DAGs
[2024-07-07T20:19:51.551-0300] {logging_mixin.py:188} INFO - [2024-07-07T20:19:51.550-0300] {dag.py:3954} INFO - Setting next_dagrun for example_branch_operator to 2024-07-06 00:00:00+00:00, run_after=2024-07-07 00:00:00+00:00
[2024-07-07T20:19:51.590-0300] {processor.py:183} INFO - Processing /home/johnny/airflow/lib/python3.12/site-packages/airflow/example_dags/example_branch_operator.py took 0.166 seconds
[2024-07-07T20:20:53.195-0300] {processor.py:161} INFO - Started process (PID=41110) to work on /home/johnny/airflow/lib/python3.12/site-packages/airflow/example_dags/example_branch_operator.py
[2024-07-07T20:20:53.198-0300] {processor.py:830} INFO - Processing file /home/johnny/airflow/lib/python3.12/site-packages/airflow/example_dags/example_branch_operator.py for tasks to queue
[2024-07-07T20:20:53.201-0300] {logging_mixin.py:188} INFO - [2024-07-07T20:20:53.200-0300] {dagbag.py:545} INFO - Filling up the DagBag from /home/johnny/airflow/lib/python3.12/site-packages/airflow/example_dags/example_branch_operator.py
[2024-07-07T20:20:53.239-0300] {processor.py:840} INFO - DAG(s) 'example_branch_operator' retrieved from /home/johnny/airflow/lib/python3.12/site-packages/airflow/example_dags/example_branch_operator.py
[2024-07-07T20:20:53.288-0300] {logging_mixin.py:188} INFO - [2024-07-07T20:20:53.287-0300] {dag.py:3096} INFO - Sync 1 DAGs
[2024-07-07T20:20:53.326-0300] {logging_mixin.py:188} INFO - [2024-07-07T20:20:53.325-0300] {dag.py:3954} INFO - Setting next_dagrun for example_branch_operator to 2024-07-06 00:00:00+00:00, run_after=2024-07-07 00:00:00+00:00
[2024-07-07T20:20:53.368-0300] {processor.py:183} INFO - Processing /home/johnny/airflow/lib/python3.12/site-packages/airflow/example_dags/example_branch_operator.py took 0.183 seconds
[2024-07-07T20:21:55.911-0300] {processor.py:161} INFO - Started process (PID=41278) to work on /home/johnny/airflow/lib/python3.12/site-packages/airflow/example_dags/example_branch_operator.py
[2024-07-07T20:21:55.913-0300] {processor.py:830} INFO - Processing file /home/johnny/airflow/lib/python3.12/site-packages/airflow/example_dags/example_branch_operator.py for tasks to queue
[2024-07-07T20:21:55.915-0300] {logging_mixin.py:188} INFO - [2024-07-07T20:21:55.915-0300] {dagbag.py:545} INFO - Filling up the DagBag from /home/johnny/airflow/lib/python3.12/site-packages/airflow/example_dags/example_branch_operator.py
[2024-07-07T20:21:55.950-0300] {processor.py:840} INFO - DAG(s) 'example_branch_operator' retrieved from /home/johnny/airflow/lib/python3.12/site-packages/airflow/example_dags/example_branch_operator.py
[2024-07-07T20:21:55.992-0300] {logging_mixin.py:188} INFO - [2024-07-07T20:21:55.992-0300] {dag.py:3096} INFO - Sync 1 DAGs
[2024-07-07T20:21:56.041-0300] {logging_mixin.py:188} INFO - [2024-07-07T20:21:56.041-0300] {dag.py:3954} INFO - Setting next_dagrun for example_branch_operator to 2024-07-06 00:00:00+00:00, run_after=2024-07-07 00:00:00+00:00
[2024-07-07T20:21:56.091-0300] {processor.py:183} INFO - Processing /home/johnny/airflow/lib/python3.12/site-packages/airflow/example_dags/example_branch_operator.py took 0.191 seconds
[2024-07-07T20:23:02.119-0300] {processor.py:161} INFO - Started process (PID=41459) to work on /home/johnny/airflow/lib/python3.12/site-packages/airflow/example_dags/example_branch_operator.py
[2024-07-07T20:23:02.121-0300] {processor.py:830} INFO - Processing file /home/johnny/airflow/lib/python3.12/site-packages/airflow/example_dags/example_branch_operator.py for tasks to queue
[2024-07-07T20:23:02.123-0300] {logging_mixin.py:188} INFO - [2024-07-07T20:23:02.122-0300] {dagbag.py:545} INFO - Filling up the DagBag from /home/johnny/airflow/lib/python3.12/site-packages/airflow/example_dags/example_branch_operator.py
[2024-07-07T20:23:02.159-0300] {processor.py:840} INFO - DAG(s) 'example_branch_operator' retrieved from /home/johnny/airflow/lib/python3.12/site-packages/airflow/example_dags/example_branch_operator.py
[2024-07-07T20:23:02.199-0300] {logging_mixin.py:188} INFO - [2024-07-07T20:23:02.199-0300] {dag.py:3096} INFO - Sync 1 DAGs
[2024-07-07T20:23:02.256-0300] {logging_mixin.py:188} INFO - [2024-07-07T20:23:02.256-0300] {dag.py:3954} INFO - Setting next_dagrun for example_branch_operator to 2024-07-06 00:00:00+00:00, run_after=2024-07-07 00:00:00+00:00
[2024-07-07T20:23:02.294-0300] {processor.py:183} INFO - Processing /home/johnny/airflow/lib/python3.12/site-packages/airflow/example_dags/example_branch_operator.py took 0.186 seconds
[2024-07-07T20:24:05.046-0300] {processor.py:161} INFO - Started process (PID=41627) to work on /home/johnny/airflow/lib/python3.12/site-packages/airflow/example_dags/example_branch_operator.py
[2024-07-07T20:24:05.049-0300] {processor.py:830} INFO - Processing file /home/johnny/airflow/lib/python3.12/site-packages/airflow/example_dags/example_branch_operator.py for tasks to queue
[2024-07-07T20:24:05.052-0300] {logging_mixin.py:188} INFO - [2024-07-07T20:24:05.051-0300] {dagbag.py:545} INFO - Filling up the DagBag from /home/johnny/airflow/lib/python3.12/site-packages/airflow/example_dags/example_branch_operator.py
[2024-07-07T20:24:05.084-0300] {processor.py:840} INFO - DAG(s) 'example_branch_operator' retrieved from /home/johnny/airflow/lib/python3.12/site-packages/airflow/example_dags/example_branch_operator.py
[2024-07-07T20:24:05.118-0300] {logging_mixin.py:188} INFO - [2024-07-07T20:24:05.117-0300] {dag.py:3096} INFO - Sync 1 DAGs
[2024-07-07T20:24:05.164-0300] {logging_mixin.py:188} INFO - [2024-07-07T20:24:05.164-0300] {dag.py:3954} INFO - Setting next_dagrun for example_branch_operator to 2024-07-06 00:00:00+00:00, run_after=2024-07-07 00:00:00+00:00
[2024-07-07T20:24:05.208-0300] {processor.py:183} INFO - Processing /home/johnny/airflow/lib/python3.12/site-packages/airflow/example_dags/example_branch_operator.py took 0.173 seconds
[2024-07-07T20:25:05.335-0300] {processor.py:161} INFO - Started process (PID=41788) to work on /home/johnny/airflow/lib/python3.12/site-packages/airflow/example_dags/example_branch_operator.py
[2024-07-07T20:25:05.341-0300] {processor.py:830} INFO - Processing file /home/johnny/airflow/lib/python3.12/site-packages/airflow/example_dags/example_branch_operator.py for tasks to queue
[2024-07-07T20:25:05.343-0300] {logging_mixin.py:188} INFO - [2024-07-07T20:25:05.342-0300] {dagbag.py:545} INFO - Filling up the DagBag from /home/johnny/airflow/lib/python3.12/site-packages/airflow/example_dags/example_branch_operator.py
[2024-07-07T20:25:05.367-0300] {processor.py:840} INFO - DAG(s) 'example_branch_operator' retrieved from /home/johnny/airflow/lib/python3.12/site-packages/airflow/example_dags/example_branch_operator.py
[2024-07-07T20:25:05.392-0300] {logging_mixin.py:188} INFO - [2024-07-07T20:25:05.392-0300] {dag.py:3096} INFO - Sync 1 DAGs
[2024-07-07T20:25:05.413-0300] {logging_mixin.py:188} INFO - [2024-07-07T20:25:05.412-0300] {dag.py:3954} INFO - Setting next_dagrun for example_branch_operator to 2024-07-06 00:00:00+00:00, run_after=2024-07-07 00:00:00+00:00
[2024-07-07T20:25:05.453-0300] {processor.py:183} INFO - Processing /home/johnny/airflow/lib/python3.12/site-packages/airflow/example_dags/example_branch_operator.py took 0.132 seconds
[2024-07-07T20:26:03.529-0300] {processor.py:161} INFO - Started process (PID=41949) to work on /home/johnny/airflow/lib/python3.12/site-packages/airflow/example_dags/example_branch_operator.py
[2024-07-07T20:26:03.534-0300] {processor.py:830} INFO - Processing file /home/johnny/airflow/lib/python3.12/site-packages/airflow/example_dags/example_branch_operator.py for tasks to queue
[2024-07-07T20:26:03.536-0300] {logging_mixin.py:188} INFO - [2024-07-07T20:26:03.536-0300] {dagbag.py:545} INFO - Filling up the DagBag from /home/johnny/airflow/lib/python3.12/site-packages/airflow/example_dags/example_branch_operator.py
[2024-07-07T20:26:03.573-0300] {processor.py:840} INFO - DAG(s) 'example_branch_operator' retrieved from /home/johnny/airflow/lib/python3.12/site-packages/airflow/example_dags/example_branch_operator.py
[2024-07-07T20:26:03.619-0300] {logging_mixin.py:188} INFO - [2024-07-07T20:26:03.619-0300] {dag.py:3096} INFO - Sync 1 DAGs
[2024-07-07T20:26:03.650-0300] {logging_mixin.py:188} INFO - [2024-07-07T20:26:03.649-0300] {dag.py:3954} INFO - Setting next_dagrun for example_branch_operator to 2024-07-06 00:00:00+00:00, run_after=2024-07-07 00:00:00+00:00
[2024-07-07T20:26:03.691-0300] {processor.py:183} INFO - Processing /home/johnny/airflow/lib/python3.12/site-packages/airflow/example_dags/example_branch_operator.py took 0.174 seconds
[2024-07-07T20:27:07.161-0300] {processor.py:161} INFO - Started process (PID=42112) to work on /home/johnny/airflow/lib/python3.12/site-packages/airflow/example_dags/example_branch_operator.py
[2024-07-07T20:27:07.163-0300] {processor.py:830} INFO - Processing file /home/johnny/airflow/lib/python3.12/site-packages/airflow/example_dags/example_branch_operator.py for tasks to queue
[2024-07-07T20:27:07.166-0300] {logging_mixin.py:188} INFO - [2024-07-07T20:27:07.165-0300] {dagbag.py:545} INFO - Filling up the DagBag from /home/johnny/airflow/lib/python3.12/site-packages/airflow/example_dags/example_branch_operator.py
[2024-07-07T20:27:07.207-0300] {processor.py:840} INFO - DAG(s) 'example_branch_operator' retrieved from /home/johnny/airflow/lib/python3.12/site-packages/airflow/example_dags/example_branch_operator.py
[2024-07-07T20:27:07.257-0300] {logging_mixin.py:188} INFO - [2024-07-07T20:27:07.257-0300] {dag.py:3096} INFO - Sync 1 DAGs
[2024-07-07T20:27:07.289-0300] {logging_mixin.py:188} INFO - [2024-07-07T20:27:07.289-0300] {dag.py:3954} INFO - Setting next_dagrun for example_branch_operator to 2024-07-06 00:00:00+00:00, run_after=2024-07-07 00:00:00+00:00
[2024-07-07T20:27:07.332-0300] {processor.py:183} INFO - Processing /home/johnny/airflow/lib/python3.12/site-packages/airflow/example_dags/example_branch_operator.py took 0.184 seconds
[2024-07-07T20:28:18.318-0300] {processor.py:161} INFO - Started process (PID=42310) to work on /home/johnny/airflow/lib/python3.12/site-packages/airflow/example_dags/example_branch_operator.py
[2024-07-07T20:28:18.321-0300] {processor.py:830} INFO - Processing file /home/johnny/airflow/lib/python3.12/site-packages/airflow/example_dags/example_branch_operator.py for tasks to queue
[2024-07-07T20:28:18.323-0300] {logging_mixin.py:188} INFO - [2024-07-07T20:28:18.322-0300] {dagbag.py:545} INFO - Filling up the DagBag from /home/johnny/airflow/lib/python3.12/site-packages/airflow/example_dags/example_branch_operator.py
[2024-07-07T20:28:18.367-0300] {processor.py:840} INFO - DAG(s) 'example_branch_operator' retrieved from /home/johnny/airflow/lib/python3.12/site-packages/airflow/example_dags/example_branch_operator.py
[2024-07-07T20:28:18.433-0300] {logging_mixin.py:188} INFO - [2024-07-07T20:28:18.431-0300] {dag.py:3096} INFO - Sync 1 DAGs
[2024-07-07T20:28:18.481-0300] {logging_mixin.py:188} INFO - [2024-07-07T20:28:18.481-0300] {dag.py:3954} INFO - Setting next_dagrun for example_branch_operator to 2024-07-06 00:00:00+00:00, run_after=2024-07-07 00:00:00+00:00
[2024-07-07T20:28:18.526-0300] {processor.py:183} INFO - Processing /home/johnny/airflow/lib/python3.12/site-packages/airflow/example_dags/example_branch_operator.py took 0.220 seconds
[2024-07-07T20:29:27.097-0300] {processor.py:161} INFO - Started process (PID=42501) to work on /home/johnny/airflow/lib/python3.12/site-packages/airflow/example_dags/example_branch_operator.py
[2024-07-07T20:29:27.103-0300] {processor.py:830} INFO - Processing file /home/johnny/airflow/lib/python3.12/site-packages/airflow/example_dags/example_branch_operator.py for tasks to queue
[2024-07-07T20:29:27.105-0300] {logging_mixin.py:188} INFO - [2024-07-07T20:29:27.104-0300] {dagbag.py:545} INFO - Filling up the DagBag from /home/johnny/airflow/lib/python3.12/site-packages/airflow/example_dags/example_branch_operator.py
[2024-07-07T20:29:27.141-0300] {processor.py:840} INFO - DAG(s) 'example_branch_operator' retrieved from /home/johnny/airflow/lib/python3.12/site-packages/airflow/example_dags/example_branch_operator.py
[2024-07-07T20:29:27.182-0300] {logging_mixin.py:188} INFO - [2024-07-07T20:29:27.182-0300] {dag.py:3096} INFO - Sync 1 DAGs
[2024-07-07T20:29:27.211-0300] {logging_mixin.py:188} INFO - [2024-07-07T20:29:27.210-0300] {dag.py:3954} INFO - Setting next_dagrun for example_branch_operator to 2024-07-06 00:00:00+00:00, run_after=2024-07-07 00:00:00+00:00
[2024-07-07T20:29:27.248-0300] {processor.py:183} INFO - Processing /home/johnny/airflow/lib/python3.12/site-packages/airflow/example_dags/example_branch_operator.py took 0.162 seconds
[2024-07-07T20:30:32.721-0300] {processor.py:161} INFO - Started process (PID=42683) to work on /home/johnny/airflow/lib/python3.12/site-packages/airflow/example_dags/example_branch_operator.py
[2024-07-07T20:30:32.723-0300] {processor.py:830} INFO - Processing file /home/johnny/airflow/lib/python3.12/site-packages/airflow/example_dags/example_branch_operator.py for tasks to queue
[2024-07-07T20:30:32.726-0300] {logging_mixin.py:188} INFO - [2024-07-07T20:30:32.725-0300] {dagbag.py:545} INFO - Filling up the DagBag from /home/johnny/airflow/lib/python3.12/site-packages/airflow/example_dags/example_branch_operator.py
[2024-07-07T20:30:32.761-0300] {processor.py:840} INFO - DAG(s) 'example_branch_operator' retrieved from /home/johnny/airflow/lib/python3.12/site-packages/airflow/example_dags/example_branch_operator.py
[2024-07-07T20:30:32.810-0300] {logging_mixin.py:188} INFO - [2024-07-07T20:30:32.809-0300] {dag.py:3096} INFO - Sync 1 DAGs
[2024-07-07T20:30:32.849-0300] {logging_mixin.py:188} INFO - [2024-07-07T20:30:32.849-0300] {dag.py:3954} INFO - Setting next_dagrun for example_branch_operator to 2024-07-06 00:00:00+00:00, run_after=2024-07-07 00:00:00+00:00
[2024-07-07T20:30:32.885-0300] {processor.py:183} INFO - Processing /home/johnny/airflow/lib/python3.12/site-packages/airflow/example_dags/example_branch_operator.py took 0.176 seconds
[2024-07-07T20:31:34.377-0300] {processor.py:161} INFO - Started process (PID=42845) to work on /home/johnny/airflow/lib/python3.12/site-packages/airflow/example_dags/example_branch_operator.py
[2024-07-07T20:31:34.379-0300] {processor.py:830} INFO - Processing file /home/johnny/airflow/lib/python3.12/site-packages/airflow/example_dags/example_branch_operator.py for tasks to queue
[2024-07-07T20:31:34.381-0300] {logging_mixin.py:188} INFO - [2024-07-07T20:31:34.380-0300] {dagbag.py:545} INFO - Filling up the DagBag from /home/johnny/airflow/lib/python3.12/site-packages/airflow/example_dags/example_branch_operator.py
[2024-07-07T20:31:34.417-0300] {processor.py:840} INFO - DAG(s) 'example_branch_operator' retrieved from /home/johnny/airflow/lib/python3.12/site-packages/airflow/example_dags/example_branch_operator.py
[2024-07-07T20:31:34.469-0300] {logging_mixin.py:188} INFO - [2024-07-07T20:31:34.468-0300] {dag.py:3096} INFO - Sync 1 DAGs
[2024-07-07T20:31:34.504-0300] {logging_mixin.py:188} INFO - [2024-07-07T20:31:34.504-0300] {dag.py:3954} INFO - Setting next_dagrun for example_branch_operator to 2024-07-06 00:00:00+00:00, run_after=2024-07-07 00:00:00+00:00
[2024-07-07T20:31:34.550-0300] {processor.py:183} INFO - Processing /home/johnny/airflow/lib/python3.12/site-packages/airflow/example_dags/example_branch_operator.py took 0.184 seconds
[2024-07-07T20:32:34.563-0300] {processor.py:161} INFO - Started process (PID=43015) to work on /home/johnny/airflow/lib/python3.12/site-packages/airflow/example_dags/example_branch_operator.py
[2024-07-07T20:32:34.566-0300] {processor.py:830} INFO - Processing file /home/johnny/airflow/lib/python3.12/site-packages/airflow/example_dags/example_branch_operator.py for tasks to queue
[2024-07-07T20:32:34.567-0300] {logging_mixin.py:188} INFO - [2024-07-07T20:32:34.567-0300] {dagbag.py:545} INFO - Filling up the DagBag from /home/johnny/airflow/lib/python3.12/site-packages/airflow/example_dags/example_branch_operator.py
[2024-07-07T20:32:34.584-0300] {processor.py:840} INFO - DAG(s) 'example_branch_operator' retrieved from /home/johnny/airflow/lib/python3.12/site-packages/airflow/example_dags/example_branch_operator.py
[2024-07-07T20:32:34.608-0300] {logging_mixin.py:188} INFO - [2024-07-07T20:32:34.608-0300] {dag.py:3096} INFO - Sync 1 DAGs
[2024-07-07T20:32:34.655-0300] {logging_mixin.py:188} INFO - [2024-07-07T20:32:34.654-0300] {dag.py:3954} INFO - Setting next_dagrun for example_branch_operator to 2024-07-06 00:00:00+00:00, run_after=2024-07-07 00:00:00+00:00
[2024-07-07T20:32:34.738-0300] {processor.py:183} INFO - Processing /home/johnny/airflow/lib/python3.12/site-packages/airflow/example_dags/example_branch_operator.py took 0.185 seconds
[2024-07-07T20:34:11.547-0300] {processor.py:161} INFO - Started process (PID=43303) to work on /home/johnny/airflow/lib/python3.12/site-packages/airflow/example_dags/example_branch_operator.py
[2024-07-07T20:34:11.549-0300] {processor.py:830} INFO - Processing file /home/johnny/airflow/lib/python3.12/site-packages/airflow/example_dags/example_branch_operator.py for tasks to queue
[2024-07-07T20:34:11.550-0300] {logging_mixin.py:188} INFO - [2024-07-07T20:34:11.550-0300] {dagbag.py:545} INFO - Filling up the DagBag from /home/johnny/airflow/lib/python3.12/site-packages/airflow/example_dags/example_branch_operator.py
[2024-07-07T20:34:11.580-0300] {processor.py:840} INFO - DAG(s) 'example_branch_operator' retrieved from /home/johnny/airflow/lib/python3.12/site-packages/airflow/example_dags/example_branch_operator.py
[2024-07-07T20:34:11.622-0300] {logging_mixin.py:188} INFO - [2024-07-07T20:34:11.621-0300] {dag.py:3096} INFO - Sync 1 DAGs
[2024-07-07T20:34:11.665-0300] {logging_mixin.py:188} INFO - [2024-07-07T20:34:11.665-0300] {dag.py:3954} INFO - Setting next_dagrun for example_branch_operator to 2024-07-06 00:00:00+00:00, run_after=2024-07-07 00:00:00+00:00
[2024-07-07T20:34:11.716-0300] {processor.py:183} INFO - Processing /home/johnny/airflow/lib/python3.12/site-packages/airflow/example_dags/example_branch_operator.py took 0.180 seconds
[2024-07-07T20:35:14.621-0300] {processor.py:161} INFO - Started process (PID=43477) to work on /home/johnny/airflow/lib/python3.12/site-packages/airflow/example_dags/example_branch_operator.py
[2024-07-07T20:35:14.623-0300] {processor.py:830} INFO - Processing file /home/johnny/airflow/lib/python3.12/site-packages/airflow/example_dags/example_branch_operator.py for tasks to queue
[2024-07-07T20:35:14.626-0300] {logging_mixin.py:188} INFO - [2024-07-07T20:35:14.625-0300] {dagbag.py:545} INFO - Filling up the DagBag from /home/johnny/airflow/lib/python3.12/site-packages/airflow/example_dags/example_branch_operator.py
[2024-07-07T20:35:14.663-0300] {processor.py:840} INFO - DAG(s) 'example_branch_operator' retrieved from /home/johnny/airflow/lib/python3.12/site-packages/airflow/example_dags/example_branch_operator.py
[2024-07-07T20:35:14.703-0300] {logging_mixin.py:188} INFO - [2024-07-07T20:35:14.703-0300] {dag.py:3096} INFO - Sync 1 DAGs
[2024-07-07T20:35:14.748-0300] {logging_mixin.py:188} INFO - [2024-07-07T20:35:14.747-0300] {dag.py:3954} INFO - Setting next_dagrun for example_branch_operator to 2024-07-06 00:00:00+00:00, run_after=2024-07-07 00:00:00+00:00
[2024-07-07T20:35:14.789-0300] {processor.py:183} INFO - Processing /home/johnny/airflow/lib/python3.12/site-packages/airflow/example_dags/example_branch_operator.py took 0.179 seconds
[2024-07-07T20:36:17.582-0300] {processor.py:161} INFO - Started process (PID=43645) to work on /home/johnny/airflow/lib/python3.12/site-packages/airflow/example_dags/example_branch_operator.py
[2024-07-07T20:36:17.585-0300] {processor.py:830} INFO - Processing file /home/johnny/airflow/lib/python3.12/site-packages/airflow/example_dags/example_branch_operator.py for tasks to queue
[2024-07-07T20:36:17.588-0300] {logging_mixin.py:188} INFO - [2024-07-07T20:36:17.587-0300] {dagbag.py:545} INFO - Filling up the DagBag from /home/johnny/airflow/lib/python3.12/site-packages/airflow/example_dags/example_branch_operator.py
[2024-07-07T20:36:17.636-0300] {processor.py:840} INFO - DAG(s) 'example_branch_operator' retrieved from /home/johnny/airflow/lib/python3.12/site-packages/airflow/example_dags/example_branch_operator.py
[2024-07-07T20:36:17.703-0300] {logging_mixin.py:188} INFO - [2024-07-07T20:36:17.703-0300] {dag.py:3096} INFO - Sync 1 DAGs
[2024-07-07T20:36:17.763-0300] {logging_mixin.py:188} INFO - [2024-07-07T20:36:17.762-0300] {dag.py:3954} INFO - Setting next_dagrun for example_branch_operator to 2024-07-06 00:00:00+00:00, run_after=2024-07-07 00:00:00+00:00
[2024-07-07T20:36:17.823-0300] {processor.py:183} INFO - Processing /home/johnny/airflow/lib/python3.12/site-packages/airflow/example_dags/example_branch_operator.py took 0.256 seconds
[2024-07-07T20:37:23.310-0300] {processor.py:161} INFO - Started process (PID=43822) to work on /home/johnny/airflow/lib/python3.12/site-packages/airflow/example_dags/example_branch_operator.py
[2024-07-07T20:37:23.312-0300] {processor.py:830} INFO - Processing file /home/johnny/airflow/lib/python3.12/site-packages/airflow/example_dags/example_branch_operator.py for tasks to queue
[2024-07-07T20:37:23.315-0300] {logging_mixin.py:188} INFO - [2024-07-07T20:37:23.314-0300] {dagbag.py:545} INFO - Filling up the DagBag from /home/johnny/airflow/lib/python3.12/site-packages/airflow/example_dags/example_branch_operator.py
[2024-07-07T20:37:23.352-0300] {processor.py:840} INFO - DAG(s) 'example_branch_operator' retrieved from /home/johnny/airflow/lib/python3.12/site-packages/airflow/example_dags/example_branch_operator.py
[2024-07-07T20:37:23.393-0300] {logging_mixin.py:188} INFO - [2024-07-07T20:37:23.392-0300] {dag.py:3096} INFO - Sync 1 DAGs
[2024-07-07T20:37:23.424-0300] {logging_mixin.py:188} INFO - [2024-07-07T20:37:23.423-0300] {dag.py:3954} INFO - Setting next_dagrun for example_branch_operator to 2024-07-06 00:00:00+00:00, run_after=2024-07-07 00:00:00+00:00
[2024-07-07T20:37:23.471-0300] {processor.py:183} INFO - Processing /home/johnny/airflow/lib/python3.12/site-packages/airflow/example_dags/example_branch_operator.py took 0.173 seconds
[2024-07-07T20:38:25.696-0300] {processor.py:161} INFO - Started process (PID=43994) to work on /home/johnny/airflow/lib/python3.12/site-packages/airflow/example_dags/example_branch_operator.py
[2024-07-07T20:38:25.702-0300] {processor.py:830} INFO - Processing file /home/johnny/airflow/lib/python3.12/site-packages/airflow/example_dags/example_branch_operator.py for tasks to queue
[2024-07-07T20:38:25.704-0300] {logging_mixin.py:188} INFO - [2024-07-07T20:38:25.703-0300] {dagbag.py:545} INFO - Filling up the DagBag from /home/johnny/airflow/lib/python3.12/site-packages/airflow/example_dags/example_branch_operator.py
[2024-07-07T20:38:25.746-0300] {processor.py:840} INFO - DAG(s) 'example_branch_operator' retrieved from /home/johnny/airflow/lib/python3.12/site-packages/airflow/example_dags/example_branch_operator.py
[2024-07-07T20:38:25.792-0300] {logging_mixin.py:188} INFO - [2024-07-07T20:38:25.792-0300] {dag.py:3096} INFO - Sync 1 DAGs
[2024-07-07T20:38:25.822-0300] {logging_mixin.py:188} INFO - [2024-07-07T20:38:25.821-0300] {dag.py:3954} INFO - Setting next_dagrun for example_branch_operator to 2024-07-06 00:00:00+00:00, run_after=2024-07-07 00:00:00+00:00
[2024-07-07T20:38:25.856-0300] {processor.py:183} INFO - Processing /home/johnny/airflow/lib/python3.12/site-packages/airflow/example_dags/example_branch_operator.py took 0.173 seconds
[2024-07-07T20:39:30.966-0300] {processor.py:161} INFO - Started process (PID=44160) to work on /home/johnny/airflow/lib/python3.12/site-packages/airflow/example_dags/example_branch_operator.py
[2024-07-07T20:39:30.972-0300] {processor.py:830} INFO - Processing file /home/johnny/airflow/lib/python3.12/site-packages/airflow/example_dags/example_branch_operator.py for tasks to queue
[2024-07-07T20:39:30.974-0300] {logging_mixin.py:188} INFO - [2024-07-07T20:39:30.973-0300] {dagbag.py:545} INFO - Filling up the DagBag from /home/johnny/airflow/lib/python3.12/site-packages/airflow/example_dags/example_branch_operator.py
[2024-07-07T20:39:31.012-0300] {processor.py:840} INFO - DAG(s) 'example_branch_operator' retrieved from /home/johnny/airflow/lib/python3.12/site-packages/airflow/example_dags/example_branch_operator.py
[2024-07-07T20:39:31.074-0300] {logging_mixin.py:188} INFO - [2024-07-07T20:39:31.073-0300] {dag.py:3096} INFO - Sync 1 DAGs
[2024-07-07T20:39:31.107-0300] {logging_mixin.py:188} INFO - [2024-07-07T20:39:31.106-0300] {dag.py:3954} INFO - Setting next_dagrun for example_branch_operator to 2024-07-06 00:00:00+00:00, run_after=2024-07-07 00:00:00+00:00
[2024-07-07T20:39:31.154-0300] {processor.py:183} INFO - Processing /home/johnny/airflow/lib/python3.12/site-packages/airflow/example_dags/example_branch_operator.py took 0.200 seconds
[2024-07-07T20:40:37.350-0300] {processor.py:161} INFO - Started process (PID=44342) to work on /home/johnny/airflow/lib/python3.12/site-packages/airflow/example_dags/example_branch_operator.py
[2024-07-07T20:40:37.357-0300] {processor.py:830} INFO - Processing file /home/johnny/airflow/lib/python3.12/site-packages/airflow/example_dags/example_branch_operator.py for tasks to queue
[2024-07-07T20:40:37.360-0300] {logging_mixin.py:188} INFO - [2024-07-07T20:40:37.359-0300] {dagbag.py:545} INFO - Filling up the DagBag from /home/johnny/airflow/lib/python3.12/site-packages/airflow/example_dags/example_branch_operator.py
[2024-07-07T20:40:37.395-0300] {processor.py:840} INFO - DAG(s) 'example_branch_operator' retrieved from /home/johnny/airflow/lib/python3.12/site-packages/airflow/example_dags/example_branch_operator.py
[2024-07-07T20:40:37.439-0300] {logging_mixin.py:188} INFO - [2024-07-07T20:40:37.438-0300] {dag.py:3096} INFO - Sync 1 DAGs
[2024-07-07T20:40:37.468-0300] {logging_mixin.py:188} INFO - [2024-07-07T20:40:37.468-0300] {dag.py:3954} INFO - Setting next_dagrun for example_branch_operator to 2024-07-06 00:00:00+00:00, run_after=2024-07-07 00:00:00+00:00
[2024-07-07T20:40:37.513-0300] {processor.py:183} INFO - Processing /home/johnny/airflow/lib/python3.12/site-packages/airflow/example_dags/example_branch_operator.py took 0.183 seconds
[2024-07-07T20:41:48.273-0300] {processor.py:161} INFO - Started process (PID=44532) to work on /home/johnny/airflow/lib/python3.12/site-packages/airflow/example_dags/example_branch_operator.py
[2024-07-07T20:41:48.279-0300] {processor.py:830} INFO - Processing file /home/johnny/airflow/lib/python3.12/site-packages/airflow/example_dags/example_branch_operator.py for tasks to queue
[2024-07-07T20:41:48.287-0300] {logging_mixin.py:188} INFO - [2024-07-07T20:41:48.280-0300] {dagbag.py:545} INFO - Filling up the DagBag from /home/johnny/airflow/lib/python3.12/site-packages/airflow/example_dags/example_branch_operator.py
[2024-07-07T20:41:48.370-0300] {processor.py:840} INFO - DAG(s) 'example_branch_operator' retrieved from /home/johnny/airflow/lib/python3.12/site-packages/airflow/example_dags/example_branch_operator.py
[2024-07-07T20:41:48.430-0300] {logging_mixin.py:188} INFO - [2024-07-07T20:41:48.430-0300] {dag.py:3096} INFO - Sync 1 DAGs
[2024-07-07T20:41:48.457-0300] {logging_mixin.py:188} INFO - [2024-07-07T20:41:48.457-0300] {dag.py:3954} INFO - Setting next_dagrun for example_branch_operator to 2024-07-06 00:00:00+00:00, run_after=2024-07-07 00:00:00+00:00
[2024-07-07T20:41:48.503-0300] {processor.py:183} INFO - Processing /home/johnny/airflow/lib/python3.12/site-packages/airflow/example_dags/example_branch_operator.py took 0.243 seconds
[2024-07-07T20:42:53.425-0300] {processor.py:161} INFO - Started process (PID=44710) to work on /home/johnny/airflow/lib/python3.12/site-packages/airflow/example_dags/example_branch_operator.py
[2024-07-07T20:42:53.427-0300] {processor.py:830} INFO - Processing file /home/johnny/airflow/lib/python3.12/site-packages/airflow/example_dags/example_branch_operator.py for tasks to queue
[2024-07-07T20:42:53.430-0300] {logging_mixin.py:188} INFO - [2024-07-07T20:42:53.429-0300] {dagbag.py:545} INFO - Filling up the DagBag from /home/johnny/airflow/lib/python3.12/site-packages/airflow/example_dags/example_branch_operator.py
[2024-07-07T20:42:53.471-0300] {processor.py:840} INFO - DAG(s) 'example_branch_operator' retrieved from /home/johnny/airflow/lib/python3.12/site-packages/airflow/example_dags/example_branch_operator.py
[2024-07-07T20:42:53.549-0300] {logging_mixin.py:188} INFO - [2024-07-07T20:42:53.548-0300] {dag.py:3096} INFO - Sync 1 DAGs
[2024-07-07T20:42:53.587-0300] {logging_mixin.py:188} INFO - [2024-07-07T20:42:53.586-0300] {dag.py:3954} INFO - Setting next_dagrun for example_branch_operator to 2024-07-06 00:00:00+00:00, run_after=2024-07-07 00:00:00+00:00
[2024-07-07T20:42:53.625-0300] {processor.py:183} INFO - Processing /home/johnny/airflow/lib/python3.12/site-packages/airflow/example_dags/example_branch_operator.py took 0.213 seconds
[2024-07-07T20:43:57.509-0300] {processor.py:161} INFO - Started process (PID=44885) to work on /home/johnny/airflow/lib/python3.12/site-packages/airflow/example_dags/example_branch_operator.py
[2024-07-07T20:43:57.520-0300] {processor.py:830} INFO - Processing file /home/johnny/airflow/lib/python3.12/site-packages/airflow/example_dags/example_branch_operator.py for tasks to queue
[2024-07-07T20:43:57.523-0300] {logging_mixin.py:188} INFO - [2024-07-07T20:43:57.522-0300] {dagbag.py:545} INFO - Filling up the DagBag from /home/johnny/airflow/lib/python3.12/site-packages/airflow/example_dags/example_branch_operator.py
[2024-07-07T20:43:57.610-0300] {processor.py:840} INFO - DAG(s) 'example_branch_operator' retrieved from /home/johnny/airflow/lib/python3.12/site-packages/airflow/example_dags/example_branch_operator.py
[2024-07-07T20:43:57.664-0300] {logging_mixin.py:188} INFO - [2024-07-07T20:43:57.664-0300] {dag.py:3096} INFO - Sync 1 DAGs
[2024-07-07T20:43:57.707-0300] {logging_mixin.py:188} INFO - [2024-07-07T20:43:57.706-0300] {dag.py:3954} INFO - Setting next_dagrun for example_branch_operator to 2024-07-06 00:00:00+00:00, run_after=2024-07-07 00:00:00+00:00
[2024-07-07T20:43:57.738-0300] {processor.py:183} INFO - Processing /home/johnny/airflow/lib/python3.12/site-packages/airflow/example_dags/example_branch_operator.py took 0.264 seconds
[2024-07-07T20:45:10.414-0300] {processor.py:161} INFO - Started process (PID=45079) to work on /home/johnny/airflow/lib/python3.12/site-packages/airflow/example_dags/example_branch_operator.py
[2024-07-07T20:45:10.420-0300] {processor.py:830} INFO - Processing file /home/johnny/airflow/lib/python3.12/site-packages/airflow/example_dags/example_branch_operator.py for tasks to queue
[2024-07-07T20:45:10.422-0300] {logging_mixin.py:188} INFO - [2024-07-07T20:45:10.421-0300] {dagbag.py:545} INFO - Filling up the DagBag from /home/johnny/airflow/lib/python3.12/site-packages/airflow/example_dags/example_branch_operator.py
[2024-07-07T20:45:10.463-0300] {processor.py:840} INFO - DAG(s) 'example_branch_operator' retrieved from /home/johnny/airflow/lib/python3.12/site-packages/airflow/example_dags/example_branch_operator.py
[2024-07-07T20:45:10.510-0300] {logging_mixin.py:188} INFO - [2024-07-07T20:45:10.510-0300] {dag.py:3096} INFO - Sync 1 DAGs
[2024-07-07T20:45:10.539-0300] {logging_mixin.py:188} INFO - [2024-07-07T20:45:10.538-0300] {dag.py:3954} INFO - Setting next_dagrun for example_branch_operator to 2024-07-06 00:00:00+00:00, run_after=2024-07-07 00:00:00+00:00
[2024-07-07T20:45:10.579-0300] {processor.py:183} INFO - Processing /home/johnny/airflow/lib/python3.12/site-packages/airflow/example_dags/example_branch_operator.py took 0.178 seconds
[2024-07-07T20:46:14.159-0300] {processor.py:161} INFO - Started process (PID=45256) to work on /home/johnny/airflow/lib/python3.12/site-packages/airflow/example_dags/example_branch_operator.py
[2024-07-07T20:46:14.165-0300] {processor.py:830} INFO - Processing file /home/johnny/airflow/lib/python3.12/site-packages/airflow/example_dags/example_branch_operator.py for tasks to queue
[2024-07-07T20:46:14.167-0300] {logging_mixin.py:188} INFO - [2024-07-07T20:46:14.166-0300] {dagbag.py:545} INFO - Filling up the DagBag from /home/johnny/airflow/lib/python3.12/site-packages/airflow/example_dags/example_branch_operator.py
[2024-07-07T20:46:14.210-0300] {processor.py:840} INFO - DAG(s) 'example_branch_operator' retrieved from /home/johnny/airflow/lib/python3.12/site-packages/airflow/example_dags/example_branch_operator.py
[2024-07-07T20:46:14.281-0300] {logging_mixin.py:188} INFO - [2024-07-07T20:46:14.280-0300] {dag.py:3096} INFO - Sync 1 DAGs
[2024-07-07T20:46:14.341-0300] {logging_mixin.py:188} INFO - [2024-07-07T20:46:14.341-0300] {dag.py:3954} INFO - Setting next_dagrun for example_branch_operator to 2024-07-06 00:00:00+00:00, run_after=2024-07-07 00:00:00+00:00
[2024-07-07T20:46:14.410-0300] {processor.py:183} INFO - Processing /home/johnny/airflow/lib/python3.12/site-packages/airflow/example_dags/example_branch_operator.py took 0.265 seconds
[2024-07-07T20:47:20.349-0300] {processor.py:161} INFO - Started process (PID=45434) to work on /home/johnny/airflow/lib/python3.12/site-packages/airflow/example_dags/example_branch_operator.py
[2024-07-07T20:47:20.355-0300] {processor.py:830} INFO - Processing file /home/johnny/airflow/lib/python3.12/site-packages/airflow/example_dags/example_branch_operator.py for tasks to queue
[2024-07-07T20:47:20.357-0300] {logging_mixin.py:188} INFO - [2024-07-07T20:47:20.356-0300] {dagbag.py:545} INFO - Filling up the DagBag from /home/johnny/airflow/lib/python3.12/site-packages/airflow/example_dags/example_branch_operator.py
[2024-07-07T20:47:20.394-0300] {processor.py:840} INFO - DAG(s) 'example_branch_operator' retrieved from /home/johnny/airflow/lib/python3.12/site-packages/airflow/example_dags/example_branch_operator.py
[2024-07-07T20:47:20.457-0300] {logging_mixin.py:188} INFO - [2024-07-07T20:47:20.456-0300] {dag.py:3096} INFO - Sync 1 DAGs
[2024-07-07T20:47:20.494-0300] {logging_mixin.py:188} INFO - [2024-07-07T20:47:20.494-0300] {dag.py:3954} INFO - Setting next_dagrun for example_branch_operator to 2024-07-06 00:00:00+00:00, run_after=2024-07-07 00:00:00+00:00
[2024-07-07T20:47:20.556-0300] {processor.py:183} INFO - Processing /home/johnny/airflow/lib/python3.12/site-packages/airflow/example_dags/example_branch_operator.py took 0.218 seconds
[2024-07-07T20:48:26.208-0300] {processor.py:161} INFO - Started process (PID=45610) to work on /home/johnny/airflow/lib/python3.12/site-packages/airflow/example_dags/example_branch_operator.py
[2024-07-07T20:48:26.214-0300] {processor.py:830} INFO - Processing file /home/johnny/airflow/lib/python3.12/site-packages/airflow/example_dags/example_branch_operator.py for tasks to queue
[2024-07-07T20:48:26.217-0300] {logging_mixin.py:188} INFO - [2024-07-07T20:48:26.216-0300] {dagbag.py:545} INFO - Filling up the DagBag from /home/johnny/airflow/lib/python3.12/site-packages/airflow/example_dags/example_branch_operator.py
[2024-07-07T20:48:26.266-0300] {processor.py:840} INFO - DAG(s) 'example_branch_operator' retrieved from /home/johnny/airflow/lib/python3.12/site-packages/airflow/example_dags/example_branch_operator.py
[2024-07-07T20:48:26.320-0300] {logging_mixin.py:188} INFO - [2024-07-07T20:48:26.319-0300] {dag.py:3096} INFO - Sync 1 DAGs
[2024-07-07T20:48:26.360-0300] {logging_mixin.py:188} INFO - [2024-07-07T20:48:26.359-0300] {dag.py:3954} INFO - Setting next_dagrun for example_branch_operator to 2024-07-06 00:00:00+00:00, run_after=2024-07-07 00:00:00+00:00
[2024-07-07T20:48:26.416-0300] {processor.py:183} INFO - Processing /home/johnny/airflow/lib/python3.12/site-packages/airflow/example_dags/example_branch_operator.py took 0.223 seconds
[2024-07-07T20:49:34.693-0300] {processor.py:161} INFO - Started process (PID=45794) to work on /home/johnny/airflow/lib/python3.12/site-packages/airflow/example_dags/example_branch_operator.py
[2024-07-07T20:49:34.699-0300] {processor.py:830} INFO - Processing file /home/johnny/airflow/lib/python3.12/site-packages/airflow/example_dags/example_branch_operator.py for tasks to queue
[2024-07-07T20:49:34.701-0300] {logging_mixin.py:188} INFO - [2024-07-07T20:49:34.700-0300] {dagbag.py:545} INFO - Filling up the DagBag from /home/johnny/airflow/lib/python3.12/site-packages/airflow/example_dags/example_branch_operator.py
[2024-07-07T20:49:34.737-0300] {processor.py:840} INFO - DAG(s) 'example_branch_operator' retrieved from /home/johnny/airflow/lib/python3.12/site-packages/airflow/example_dags/example_branch_operator.py
[2024-07-07T20:49:34.792-0300] {logging_mixin.py:188} INFO - [2024-07-07T20:49:34.791-0300] {dag.py:3096} INFO - Sync 1 DAGs
[2024-07-07T20:49:34.837-0300] {logging_mixin.py:188} INFO - [2024-07-07T20:49:34.837-0300] {dag.py:3954} INFO - Setting next_dagrun for example_branch_operator to 2024-07-06 00:00:00+00:00, run_after=2024-07-07 00:00:00+00:00
[2024-07-07T20:49:34.883-0300] {processor.py:183} INFO - Processing /home/johnny/airflow/lib/python3.12/site-packages/airflow/example_dags/example_branch_operator.py took 0.201 seconds
[2024-07-07T20:50:46.288-0300] {processor.py:161} INFO - Started process (PID=45978) to work on /home/johnny/airflow/lib/python3.12/site-packages/airflow/example_dags/example_branch_operator.py
[2024-07-07T20:50:46.293-0300] {processor.py:830} INFO - Processing file /home/johnny/airflow/lib/python3.12/site-packages/airflow/example_dags/example_branch_operator.py for tasks to queue
[2024-07-07T20:50:46.296-0300] {logging_mixin.py:188} INFO - [2024-07-07T20:50:46.295-0300] {dagbag.py:545} INFO - Filling up the DagBag from /home/johnny/airflow/lib/python3.12/site-packages/airflow/example_dags/example_branch_operator.py
[2024-07-07T20:50:46.340-0300] {processor.py:840} INFO - DAG(s) 'example_branch_operator' retrieved from /home/johnny/airflow/lib/python3.12/site-packages/airflow/example_dags/example_branch_operator.py
[2024-07-07T20:50:46.382-0300] {logging_mixin.py:188} INFO - [2024-07-07T20:50:46.381-0300] {dag.py:3096} INFO - Sync 1 DAGs
[2024-07-07T20:50:46.409-0300] {logging_mixin.py:188} INFO - [2024-07-07T20:50:46.408-0300] {dag.py:3954} INFO - Setting next_dagrun for example_branch_operator to 2024-07-06 00:00:00+00:00, run_after=2024-07-07 00:00:00+00:00
[2024-07-07T20:50:46.450-0300] {processor.py:183} INFO - Processing /home/johnny/airflow/lib/python3.12/site-packages/airflow/example_dags/example_branch_operator.py took 0.174 seconds
[2024-07-07T20:51:59.130-0300] {processor.py:161} INFO - Started process (PID=46172) to work on /home/johnny/airflow/lib/python3.12/site-packages/airflow/example_dags/example_branch_operator.py
[2024-07-07T20:51:59.134-0300] {processor.py:830} INFO - Processing file /home/johnny/airflow/lib/python3.12/site-packages/airflow/example_dags/example_branch_operator.py for tasks to queue
[2024-07-07T20:51:59.136-0300] {logging_mixin.py:188} INFO - [2024-07-07T20:51:59.135-0300] {dagbag.py:545} INFO - Filling up the DagBag from /home/johnny/airflow/lib/python3.12/site-packages/airflow/example_dags/example_branch_operator.py
[2024-07-07T20:51:59.192-0300] {processor.py:840} INFO - DAG(s) 'example_branch_operator' retrieved from /home/johnny/airflow/lib/python3.12/site-packages/airflow/example_dags/example_branch_operator.py
[2024-07-07T20:51:59.259-0300] {logging_mixin.py:188} INFO - [2024-07-07T20:51:59.258-0300] {dag.py:3096} INFO - Sync 1 DAGs
[2024-07-07T20:51:59.338-0300] {logging_mixin.py:188} INFO - [2024-07-07T20:51:59.338-0300] {dag.py:3954} INFO - Setting next_dagrun for example_branch_operator to 2024-07-06 00:00:00+00:00, run_after=2024-07-07 00:00:00+00:00
[2024-07-07T20:51:59.391-0300] {processor.py:183} INFO - Processing /home/johnny/airflow/lib/python3.12/site-packages/airflow/example_dags/example_branch_operator.py took 0.274 seconds
[2024-07-07T20:53:06.315-0300] {processor.py:161} INFO - Started process (PID=46357) to work on /home/johnny/airflow/lib/python3.12/site-packages/airflow/example_dags/example_branch_operator.py
[2024-07-07T20:53:06.321-0300] {processor.py:830} INFO - Processing file /home/johnny/airflow/lib/python3.12/site-packages/airflow/example_dags/example_branch_operator.py for tasks to queue
[2024-07-07T20:53:06.323-0300] {logging_mixin.py:188} INFO - [2024-07-07T20:53:06.322-0300] {dagbag.py:545} INFO - Filling up the DagBag from /home/johnny/airflow/lib/python3.12/site-packages/airflow/example_dags/example_branch_operator.py
[2024-07-07T20:53:06.363-0300] {processor.py:840} INFO - DAG(s) 'example_branch_operator' retrieved from /home/johnny/airflow/lib/python3.12/site-packages/airflow/example_dags/example_branch_operator.py
[2024-07-07T20:53:06.421-0300] {logging_mixin.py:188} INFO - [2024-07-07T20:53:06.420-0300] {dag.py:3096} INFO - Sync 1 DAGs
[2024-07-07T20:53:06.465-0300] {logging_mixin.py:188} INFO - [2024-07-07T20:53:06.464-0300] {dag.py:3954} INFO - Setting next_dagrun for example_branch_operator to 2024-07-06 00:00:00+00:00, run_after=2024-07-07 00:00:00+00:00
[2024-07-07T20:53:06.516-0300] {processor.py:183} INFO - Processing /home/johnny/airflow/lib/python3.12/site-packages/airflow/example_dags/example_branch_operator.py took 0.212 seconds
[2024-07-07T20:54:11.331-0300] {processor.py:161} INFO - Started process (PID=46517) to work on /home/johnny/airflow/lib/python3.12/site-packages/airflow/example_dags/example_branch_operator.py
[2024-07-07T20:54:11.336-0300] {processor.py:830} INFO - Processing file /home/johnny/airflow/lib/python3.12/site-packages/airflow/example_dags/example_branch_operator.py for tasks to queue
[2024-07-07T20:54:11.339-0300] {logging_mixin.py:188} INFO - [2024-07-07T20:54:11.338-0300] {dagbag.py:545} INFO - Filling up the DagBag from /home/johnny/airflow/lib/python3.12/site-packages/airflow/example_dags/example_branch_operator.py
[2024-07-07T20:54:11.392-0300] {processor.py:840} INFO - DAG(s) 'example_branch_operator' retrieved from /home/johnny/airflow/lib/python3.12/site-packages/airflow/example_dags/example_branch_operator.py
[2024-07-07T20:54:11.450-0300] {logging_mixin.py:188} INFO - [2024-07-07T20:54:11.449-0300] {dag.py:3096} INFO - Sync 1 DAGs
[2024-07-07T20:54:11.504-0300] {logging_mixin.py:188} INFO - [2024-07-07T20:54:11.504-0300] {dag.py:3954} INFO - Setting next_dagrun for example_branch_operator to 2024-07-06 00:00:00+00:00, run_after=2024-07-07 00:00:00+00:00
[2024-07-07T20:54:11.557-0300] {processor.py:183} INFO - Processing /home/johnny/airflow/lib/python3.12/site-packages/airflow/example_dags/example_branch_operator.py took 0.240 seconds
[2024-07-07T20:55:22.738-0300] {processor.py:161} INFO - Started process (PID=46719) to work on /home/johnny/airflow/lib/python3.12/site-packages/airflow/example_dags/example_branch_operator.py
[2024-07-07T20:55:22.744-0300] {processor.py:830} INFO - Processing file /home/johnny/airflow/lib/python3.12/site-packages/airflow/example_dags/example_branch_operator.py for tasks to queue
[2024-07-07T20:55:22.747-0300] {logging_mixin.py:188} INFO - [2024-07-07T20:55:22.746-0300] {dagbag.py:545} INFO - Filling up the DagBag from /home/johnny/airflow/lib/python3.12/site-packages/airflow/example_dags/example_branch_operator.py
[2024-07-07T20:55:22.792-0300] {processor.py:840} INFO - DAG(s) 'example_branch_operator' retrieved from /home/johnny/airflow/lib/python3.12/site-packages/airflow/example_dags/example_branch_operator.py
[2024-07-07T20:55:22.864-0300] {logging_mixin.py:188} INFO - [2024-07-07T20:55:22.864-0300] {dag.py:3096} INFO - Sync 1 DAGs
[2024-07-07T20:55:22.921-0300] {logging_mixin.py:188} INFO - [2024-07-07T20:55:22.921-0300] {dag.py:3954} INFO - Setting next_dagrun for example_branch_operator to 2024-07-06 00:00:00+00:00, run_after=2024-07-07 00:00:00+00:00
[2024-07-07T20:55:22.970-0300] {processor.py:183} INFO - Processing /home/johnny/airflow/lib/python3.12/site-packages/airflow/example_dags/example_branch_operator.py took 0.246 seconds
[2024-07-07T20:56:27.440-0300] {processor.py:161} INFO - Started process (PID=46887) to work on /home/johnny/airflow/lib/python3.12/site-packages/airflow/example_dags/example_branch_operator.py
[2024-07-07T20:56:27.442-0300] {processor.py:830} INFO - Processing file /home/johnny/airflow/lib/python3.12/site-packages/airflow/example_dags/example_branch_operator.py for tasks to queue
[2024-07-07T20:56:27.444-0300] {logging_mixin.py:188} INFO - [2024-07-07T20:56:27.444-0300] {dagbag.py:545} INFO - Filling up the DagBag from /home/johnny/airflow/lib/python3.12/site-packages/airflow/example_dags/example_branch_operator.py
[2024-07-07T20:56:27.488-0300] {processor.py:840} INFO - DAG(s) 'example_branch_operator' retrieved from /home/johnny/airflow/lib/python3.12/site-packages/airflow/example_dags/example_branch_operator.py
[2024-07-07T20:56:27.598-0300] {logging_mixin.py:188} INFO - [2024-07-07T20:56:27.598-0300] {dag.py:3096} INFO - Sync 1 DAGs
[2024-07-07T20:56:27.660-0300] {logging_mixin.py:188} INFO - [2024-07-07T20:56:27.660-0300] {dag.py:3954} INFO - Setting next_dagrun for example_branch_operator to 2024-07-06 00:00:00+00:00, run_after=2024-07-07 00:00:00+00:00
[2024-07-07T20:56:27.704-0300] {processor.py:183} INFO - Processing /home/johnny/airflow/lib/python3.12/site-packages/airflow/example_dags/example_branch_operator.py took 0.277 seconds
[2024-07-07T20:57:39.476-0300] {processor.py:161} INFO - Started process (PID=47089) to work on /home/johnny/airflow/lib/python3.12/site-packages/airflow/example_dags/example_branch_operator.py
[2024-07-07T20:57:39.479-0300] {processor.py:830} INFO - Processing file /home/johnny/airflow/lib/python3.12/site-packages/airflow/example_dags/example_branch_operator.py for tasks to queue
[2024-07-07T20:57:39.481-0300] {logging_mixin.py:188} INFO - [2024-07-07T20:57:39.480-0300] {dagbag.py:545} INFO - Filling up the DagBag from /home/johnny/airflow/lib/python3.12/site-packages/airflow/example_dags/example_branch_operator.py
[2024-07-07T20:57:39.526-0300] {processor.py:840} INFO - DAG(s) 'example_branch_operator' retrieved from /home/johnny/airflow/lib/python3.12/site-packages/airflow/example_dags/example_branch_operator.py
[2024-07-07T20:57:39.613-0300] {logging_mixin.py:188} INFO - [2024-07-07T20:57:39.613-0300] {dag.py:3096} INFO - Sync 1 DAGs
[2024-07-07T20:57:39.686-0300] {logging_mixin.py:188} INFO - [2024-07-07T20:57:39.684-0300] {dag.py:3954} INFO - Setting next_dagrun for example_branch_operator to 2024-07-06 00:00:00+00:00, run_after=2024-07-07 00:00:00+00:00
[2024-07-07T20:57:39.739-0300] {processor.py:183} INFO - Processing /home/johnny/airflow/lib/python3.12/site-packages/airflow/example_dags/example_branch_operator.py took 0.274 seconds
[2024-07-07T20:58:49.774-0300] {processor.py:161} INFO - Started process (PID=47298) to work on /home/johnny/airflow/lib/python3.12/site-packages/airflow/example_dags/example_branch_operator.py
[2024-07-07T20:58:49.780-0300] {processor.py:830} INFO - Processing file /home/johnny/airflow/lib/python3.12/site-packages/airflow/example_dags/example_branch_operator.py for tasks to queue
[2024-07-07T20:58:49.782-0300] {logging_mixin.py:188} INFO - [2024-07-07T20:58:49.781-0300] {dagbag.py:545} INFO - Filling up the DagBag from /home/johnny/airflow/lib/python3.12/site-packages/airflow/example_dags/example_branch_operator.py
[2024-07-07T20:58:49.823-0300] {processor.py:840} INFO - DAG(s) 'example_branch_operator' retrieved from /home/johnny/airflow/lib/python3.12/site-packages/airflow/example_dags/example_branch_operator.py
[2024-07-07T20:58:49.912-0300] {logging_mixin.py:188} INFO - [2024-07-07T20:58:49.912-0300] {dag.py:3096} INFO - Sync 1 DAGs
[2024-07-07T20:58:49.965-0300] {logging_mixin.py:188} INFO - [2024-07-07T20:58:49.964-0300] {dag.py:3954} INFO - Setting next_dagrun for example_branch_operator to 2024-07-06 00:00:00+00:00, run_after=2024-07-07 00:00:00+00:00
[2024-07-07T20:58:50.021-0300] {processor.py:183} INFO - Processing /home/johnny/airflow/lib/python3.12/site-packages/airflow/example_dags/example_branch_operator.py took 0.260 seconds
