[2024-07-07T14:04:55.971-0300] {processor.py:161} INFO - Started process (PID=3007) to work on /home/johnny/airflow_env/lib/python3.12/site-packages/airflow/example_dags/example_xcom.py
[2024-07-07T14:04:55.973-0300] {processor.py:830} INFO - Processing file /home/johnny/airflow_env/lib/python3.12/site-packages/airflow/example_dags/example_xcom.py for tasks to queue
[2024-07-07T14:04:55.976-0300] {logging_mixin.py:188} INFO - [2024-07-07T14:04:55.975-0300] {dagbag.py:545} INFO - Filling up the DagBag from /home/johnny/airflow_env/lib/python3.12/site-packages/airflow/example_dags/example_xcom.py
[2024-07-07T14:04:55.991-0300] {processor.py:840} INFO - DAG(s) 'example_xcom' retrieved from /home/johnny/airflow_env/lib/python3.12/site-packages/airflow/example_dags/example_xcom.py
[2024-07-07T14:04:56.243-0300] {logging_mixin.py:188} INFO - [2024-07-07T14:04:56.242-0300] {override.py:1847} INFO - Created Permission View: can delete on DAG:example_xcom
[2024-07-07T14:04:56.266-0300] {logging_mixin.py:188} INFO - [2024-07-07T14:04:56.266-0300] {override.py:1847} INFO - Created Permission View: can read on DAG:example_xcom
[2024-07-07T14:04:56.284-0300] {logging_mixin.py:188} INFO - [2024-07-07T14:04:56.283-0300] {override.py:1847} INFO - Created Permission View: can edit on DAG:example_xcom
[2024-07-07T14:04:56.285-0300] {logging_mixin.py:188} INFO - [2024-07-07T14:04:56.284-0300] {dag.py:3096} INFO - Sync 1 DAGs
[2024-07-07T14:04:56.308-0300] {logging_mixin.py:188} INFO - [2024-07-07T14:04:56.307-0300] {dag.py:3118} INFO - Creating ORM DAG for example_xcom
[2024-07-07T14:04:56.325-0300] {logging_mixin.py:188} INFO - [2024-07-07T14:04:56.325-0300] {dag.py:3954} INFO - Setting next_dagrun for example_xcom to 2021-01-01 00:00:00+00:00, run_after=2021-01-01 00:00:00+00:00
[2024-07-07T14:04:56.366-0300] {processor.py:183} INFO - Processing /home/johnny/airflow_env/lib/python3.12/site-packages/airflow/example_dags/example_xcom.py took 0.405 seconds
[2024-07-07T14:06:00.374-0300] {processor.py:161} INFO - Started process (PID=3061) to work on /home/johnny/airflow_env/lib/python3.12/site-packages/airflow/example_dags/example_xcom.py
[2024-07-07T14:06:00.377-0300] {processor.py:830} INFO - Processing file /home/johnny/airflow_env/lib/python3.12/site-packages/airflow/example_dags/example_xcom.py for tasks to queue
[2024-07-07T14:06:00.380-0300] {logging_mixin.py:188} INFO - [2024-07-07T14:06:00.379-0300] {dagbag.py:545} INFO - Filling up the DagBag from /home/johnny/airflow_env/lib/python3.12/site-packages/airflow/example_dags/example_xcom.py
[2024-07-07T14:06:00.396-0300] {processor.py:840} INFO - DAG(s) 'example_xcom' retrieved from /home/johnny/airflow_env/lib/python3.12/site-packages/airflow/example_dags/example_xcom.py
[2024-07-07T14:06:00.432-0300] {logging_mixin.py:188} INFO - [2024-07-07T14:06:00.431-0300] {dag.py:3096} INFO - Sync 1 DAGs
[2024-07-07T14:06:00.464-0300] {logging_mixin.py:188} INFO - [2024-07-07T14:06:00.464-0300] {dag.py:3954} INFO - Setting next_dagrun for example_xcom to 2021-01-01 00:00:00+00:00, run_after=2021-01-01 00:00:00+00:00
[2024-07-07T14:06:00.506-0300] {processor.py:183} INFO - Processing /home/johnny/airflow_env/lib/python3.12/site-packages/airflow/example_dags/example_xcom.py took 0.142 seconds
[2024-07-07T14:06:58.428-0300] {processor.py:161} INFO - Started process (PID=3112) to work on /home/johnny/airflow_env/lib/python3.12/site-packages/airflow/example_dags/example_xcom.py
[2024-07-07T14:06:58.430-0300] {processor.py:830} INFO - Processing file /home/johnny/airflow_env/lib/python3.12/site-packages/airflow/example_dags/example_xcom.py for tasks to queue
[2024-07-07T14:06:58.435-0300] {logging_mixin.py:188} INFO - [2024-07-07T14:06:58.434-0300] {dagbag.py:545} INFO - Filling up the DagBag from /home/johnny/airflow_env/lib/python3.12/site-packages/airflow/example_dags/example_xcom.py
[2024-07-07T14:06:58.456-0300] {processor.py:840} INFO - DAG(s) 'example_xcom' retrieved from /home/johnny/airflow_env/lib/python3.12/site-packages/airflow/example_dags/example_xcom.py
[2024-07-07T14:06:58.511-0300] {logging_mixin.py:188} INFO - [2024-07-07T14:06:58.511-0300] {dag.py:3096} INFO - Sync 1 DAGs
[2024-07-07T14:06:58.554-0300] {logging_mixin.py:188} INFO - [2024-07-07T14:06:58.553-0300] {dag.py:3954} INFO - Setting next_dagrun for example_xcom to 2021-01-01 00:00:00+00:00, run_after=2021-01-01 00:00:00+00:00
[2024-07-07T14:06:58.595-0300] {processor.py:183} INFO - Processing /home/johnny/airflow_env/lib/python3.12/site-packages/airflow/example_dags/example_xcom.py took 0.181 seconds
[2024-07-07T14:07:56.226-0300] {processor.py:161} INFO - Started process (PID=3163) to work on /home/johnny/airflow_env/lib/python3.12/site-packages/airflow/example_dags/example_xcom.py
[2024-07-07T14:07:56.229-0300] {processor.py:830} INFO - Processing file /home/johnny/airflow_env/lib/python3.12/site-packages/airflow/example_dags/example_xcom.py for tasks to queue
[2024-07-07T14:07:56.232-0300] {logging_mixin.py:188} INFO - [2024-07-07T14:07:56.231-0300] {dagbag.py:545} INFO - Filling up the DagBag from /home/johnny/airflow_env/lib/python3.12/site-packages/airflow/example_dags/example_xcom.py
[2024-07-07T14:07:56.247-0300] {processor.py:840} INFO - DAG(s) 'example_xcom' retrieved from /home/johnny/airflow_env/lib/python3.12/site-packages/airflow/example_dags/example_xcom.py
[2024-07-07T14:07:56.290-0300] {logging_mixin.py:188} INFO - [2024-07-07T14:07:56.290-0300] {dag.py:3096} INFO - Sync 1 DAGs
[2024-07-07T14:07:56.342-0300] {logging_mixin.py:188} INFO - [2024-07-07T14:07:56.341-0300] {dag.py:3954} INFO - Setting next_dagrun for example_xcom to 2021-01-01 00:00:00+00:00, run_after=2021-01-01 00:00:00+00:00
[2024-07-07T14:07:56.386-0300] {processor.py:183} INFO - Processing /home/johnny/airflow_env/lib/python3.12/site-packages/airflow/example_dags/example_xcom.py took 0.169 seconds
[2024-07-07T19:45:23.278-0300] {processor.py:161} INFO - Started process (PID=35251) to work on /home/johnny/airflow/lib/python3.12/site-packages/airflow/example_dags/example_xcom.py
[2024-07-07T19:45:23.282-0300] {processor.py:830} INFO - Processing file /home/johnny/airflow/lib/python3.12/site-packages/airflow/example_dags/example_xcom.py for tasks to queue
[2024-07-07T19:45:23.288-0300] {logging_mixin.py:188} INFO - [2024-07-07T19:45:23.287-0300] {dagbag.py:545} INFO - Filling up the DagBag from /home/johnny/airflow/lib/python3.12/site-packages/airflow/example_dags/example_xcom.py
[2024-07-07T19:45:23.306-0300] {processor.py:840} INFO - DAG(s) 'example_xcom' retrieved from /home/johnny/airflow/lib/python3.12/site-packages/airflow/example_dags/example_xcom.py
[2024-07-07T19:45:23.574-0300] {logging_mixin.py:188} INFO - [2024-07-07T19:45:23.573-0300] {dag.py:3096} INFO - Sync 1 DAGs
[2024-07-07T19:45:23.613-0300] {logging_mixin.py:188} INFO - [2024-07-07T19:45:23.612-0300] {dag.py:3954} INFO - Setting next_dagrun for example_xcom to 2021-01-01 00:00:00+00:00, run_after=2021-01-01 00:00:00+00:00
[2024-07-07T19:45:23.982-0300] {processor.py:183} INFO - Processing /home/johnny/airflow/lib/python3.12/site-packages/airflow/example_dags/example_xcom.py took 0.716 seconds
[2024-07-07T19:46:34.981-0300] {processor.py:161} INFO - Started process (PID=35421) to work on /home/johnny/airflow/lib/python3.12/site-packages/airflow/example_dags/example_xcom.py
[2024-07-07T19:46:34.984-0300] {processor.py:830} INFO - Processing file /home/johnny/airflow/lib/python3.12/site-packages/airflow/example_dags/example_xcom.py for tasks to queue
[2024-07-07T19:46:34.988-0300] {logging_mixin.py:188} INFO - [2024-07-07T19:46:34.987-0300] {dagbag.py:545} INFO - Filling up the DagBag from /home/johnny/airflow/lib/python3.12/site-packages/airflow/example_dags/example_xcom.py
[2024-07-07T19:46:35.005-0300] {processor.py:840} INFO - DAG(s) 'example_xcom' retrieved from /home/johnny/airflow/lib/python3.12/site-packages/airflow/example_dags/example_xcom.py
[2024-07-07T19:46:35.043-0300] {logging_mixin.py:188} INFO - [2024-07-07T19:46:35.041-0300] {dag.py:3096} INFO - Sync 1 DAGs
[2024-07-07T19:46:35.088-0300] {logging_mixin.py:188} INFO - [2024-07-07T19:46:35.087-0300] {dag.py:3954} INFO - Setting next_dagrun for example_xcom to 2021-01-01 00:00:00+00:00, run_after=2021-01-01 00:00:00+00:00
[2024-07-07T19:46:35.128-0300] {processor.py:183} INFO - Processing /home/johnny/airflow/lib/python3.12/site-packages/airflow/example_dags/example_xcom.py took 0.158 seconds
[2024-07-07T19:47:50.810-0300] {processor.py:161} INFO - Started process (PID=35627) to work on /home/johnny/airflow/lib/python3.12/site-packages/airflow/example_dags/example_xcom.py
[2024-07-07T19:47:50.816-0300] {processor.py:830} INFO - Processing file /home/johnny/airflow/lib/python3.12/site-packages/airflow/example_dags/example_xcom.py for tasks to queue
[2024-07-07T19:47:50.820-0300] {logging_mixin.py:188} INFO - [2024-07-07T19:47:50.819-0300] {dagbag.py:545} INFO - Filling up the DagBag from /home/johnny/airflow/lib/python3.12/site-packages/airflow/example_dags/example_xcom.py
[2024-07-07T19:47:50.840-0300] {processor.py:840} INFO - DAG(s) 'example_xcom' retrieved from /home/johnny/airflow/lib/python3.12/site-packages/airflow/example_dags/example_xcom.py
[2024-07-07T19:47:50.896-0300] {logging_mixin.py:188} INFO - [2024-07-07T19:47:50.895-0300] {dag.py:3096} INFO - Sync 1 DAGs
[2024-07-07T19:47:50.971-0300] {logging_mixin.py:188} INFO - [2024-07-07T19:47:50.970-0300] {dag.py:3954} INFO - Setting next_dagrun for example_xcom to 2021-01-01 00:00:00+00:00, run_after=2021-01-01 00:00:00+00:00
[2024-07-07T19:47:51.068-0300] {processor.py:183} INFO - Processing /home/johnny/airflow/lib/python3.12/site-packages/airflow/example_dags/example_xcom.py took 0.269 seconds
[2024-07-07T19:48:56.055-0300] {processor.py:161} INFO - Started process (PID=35830) to work on /home/johnny/airflow/lib/python3.12/site-packages/airflow/example_dags/example_xcom.py
[2024-07-07T19:48:56.061-0300] {processor.py:830} INFO - Processing file /home/johnny/airflow/lib/python3.12/site-packages/airflow/example_dags/example_xcom.py for tasks to queue
[2024-07-07T19:48:56.065-0300] {logging_mixin.py:188} INFO - [2024-07-07T19:48:56.064-0300] {dagbag.py:545} INFO - Filling up the DagBag from /home/johnny/airflow/lib/python3.12/site-packages/airflow/example_dags/example_xcom.py
[2024-07-07T19:48:56.081-0300] {processor.py:840} INFO - DAG(s) 'example_xcom' retrieved from /home/johnny/airflow/lib/python3.12/site-packages/airflow/example_dags/example_xcom.py
[2024-07-07T19:48:56.117-0300] {logging_mixin.py:188} INFO - [2024-07-07T19:48:56.116-0300] {dag.py:3096} INFO - Sync 1 DAGs
[2024-07-07T19:48:56.146-0300] {logging_mixin.py:188} INFO - [2024-07-07T19:48:56.146-0300] {dag.py:3954} INFO - Setting next_dagrun for example_xcom to 2021-01-01 00:00:00+00:00, run_after=2021-01-01 00:00:00+00:00
[2024-07-07T19:48:56.211-0300] {processor.py:183} INFO - Processing /home/johnny/airflow/lib/python3.12/site-packages/airflow/example_dags/example_xcom.py took 0.167 seconds
[2024-07-07T19:50:00.891-0300] {processor.py:161} INFO - Started process (PID=36004) to work on /home/johnny/airflow/lib/python3.12/site-packages/airflow/example_dags/example_xcom.py
[2024-07-07T19:50:00.893-0300] {processor.py:830} INFO - Processing file /home/johnny/airflow/lib/python3.12/site-packages/airflow/example_dags/example_xcom.py for tasks to queue
[2024-07-07T19:50:00.896-0300] {logging_mixin.py:188} INFO - [2024-07-07T19:50:00.895-0300] {dagbag.py:545} INFO - Filling up the DagBag from /home/johnny/airflow/lib/python3.12/site-packages/airflow/example_dags/example_xcom.py
[2024-07-07T19:50:00.915-0300] {processor.py:840} INFO - DAG(s) 'example_xcom' retrieved from /home/johnny/airflow/lib/python3.12/site-packages/airflow/example_dags/example_xcom.py
[2024-07-07T19:50:00.943-0300] {logging_mixin.py:188} INFO - [2024-07-07T19:50:00.943-0300] {dag.py:3096} INFO - Sync 1 DAGs
[2024-07-07T19:50:00.985-0300] {logging_mixin.py:188} INFO - [2024-07-07T19:50:00.984-0300] {dag.py:3954} INFO - Setting next_dagrun for example_xcom to 2021-01-01 00:00:00+00:00, run_after=2021-01-01 00:00:00+00:00
[2024-07-07T19:50:01.018-0300] {processor.py:183} INFO - Processing /home/johnny/airflow/lib/python3.12/site-packages/airflow/example_dags/example_xcom.py took 0.137 seconds
[2024-07-07T19:51:13.677-0300] {processor.py:161} INFO - Started process (PID=36209) to work on /home/johnny/airflow/lib/python3.12/site-packages/airflow/example_dags/example_xcom.py
[2024-07-07T19:51:13.679-0300] {processor.py:830} INFO - Processing file /home/johnny/airflow/lib/python3.12/site-packages/airflow/example_dags/example_xcom.py for tasks to queue
[2024-07-07T19:51:13.683-0300] {logging_mixin.py:188} INFO - [2024-07-07T19:51:13.681-0300] {dagbag.py:545} INFO - Filling up the DagBag from /home/johnny/airflow/lib/python3.12/site-packages/airflow/example_dags/example_xcom.py
[2024-07-07T19:51:13.717-0300] {processor.py:840} INFO - DAG(s) 'example_xcom' retrieved from /home/johnny/airflow/lib/python3.12/site-packages/airflow/example_dags/example_xcom.py
[2024-07-07T19:51:13.750-0300] {logging_mixin.py:188} INFO - [2024-07-07T19:51:13.750-0300] {dag.py:3096} INFO - Sync 1 DAGs
[2024-07-07T19:51:13.797-0300] {logging_mixin.py:188} INFO - [2024-07-07T19:51:13.796-0300] {dag.py:3954} INFO - Setting next_dagrun for example_xcom to 2021-01-01 00:00:00+00:00, run_after=2021-01-01 00:00:00+00:00
[2024-07-07T19:51:13.860-0300] {processor.py:183} INFO - Processing /home/johnny/airflow/lib/python3.12/site-packages/airflow/example_dags/example_xcom.py took 0.202 seconds
[2024-07-07T19:52:22.237-0300] {processor.py:161} INFO - Started process (PID=36390) to work on /home/johnny/airflow/lib/python3.12/site-packages/airflow/example_dags/example_xcom.py
[2024-07-07T19:52:22.242-0300] {processor.py:830} INFO - Processing file /home/johnny/airflow/lib/python3.12/site-packages/airflow/example_dags/example_xcom.py for tasks to queue
[2024-07-07T19:52:22.248-0300] {logging_mixin.py:188} INFO - [2024-07-07T19:52:22.247-0300] {dagbag.py:545} INFO - Filling up the DagBag from /home/johnny/airflow/lib/python3.12/site-packages/airflow/example_dags/example_xcom.py
[2024-07-07T19:52:22.264-0300] {processor.py:840} INFO - DAG(s) 'example_xcom' retrieved from /home/johnny/airflow/lib/python3.12/site-packages/airflow/example_dags/example_xcom.py
[2024-07-07T19:52:22.297-0300] {logging_mixin.py:188} INFO - [2024-07-07T19:52:22.296-0300] {dag.py:3096} INFO - Sync 1 DAGs
[2024-07-07T19:52:22.354-0300] {logging_mixin.py:188} INFO - [2024-07-07T19:52:22.353-0300] {dag.py:3954} INFO - Setting next_dagrun for example_xcom to 2021-01-01 00:00:00+00:00, run_after=2021-01-01 00:00:00+00:00
[2024-07-07T19:52:22.410-0300] {processor.py:183} INFO - Processing /home/johnny/airflow/lib/python3.12/site-packages/airflow/example_dags/example_xcom.py took 0.185 seconds
[2024-07-07T19:53:33.739-0300] {processor.py:161} INFO - Started process (PID=36593) to work on /home/johnny/airflow/lib/python3.12/site-packages/airflow/example_dags/example_xcom.py
[2024-07-07T19:53:33.741-0300] {processor.py:830} INFO - Processing file /home/johnny/airflow/lib/python3.12/site-packages/airflow/example_dags/example_xcom.py for tasks to queue
[2024-07-07T19:53:33.748-0300] {logging_mixin.py:188} INFO - [2024-07-07T19:53:33.746-0300] {dagbag.py:545} INFO - Filling up the DagBag from /home/johnny/airflow/lib/python3.12/site-packages/airflow/example_dags/example_xcom.py
[2024-07-07T19:53:33.770-0300] {processor.py:840} INFO - DAG(s) 'example_xcom' retrieved from /home/johnny/airflow/lib/python3.12/site-packages/airflow/example_dags/example_xcom.py
[2024-07-07T19:53:33.816-0300] {logging_mixin.py:188} INFO - [2024-07-07T19:53:33.815-0300] {dag.py:3096} INFO - Sync 1 DAGs
[2024-07-07T19:53:33.861-0300] {logging_mixin.py:188} INFO - [2024-07-07T19:53:33.860-0300] {dag.py:3954} INFO - Setting next_dagrun for example_xcom to 2021-01-01 00:00:00+00:00, run_after=2021-01-01 00:00:00+00:00
[2024-07-07T19:53:33.924-0300] {processor.py:183} INFO - Processing /home/johnny/airflow/lib/python3.12/site-packages/airflow/example_dags/example_xcom.py took 0.194 seconds
[2024-07-07T19:54:42.414-0300] {processor.py:161} INFO - Started process (PID=36781) to work on /home/johnny/airflow/lib/python3.12/site-packages/airflow/example_dags/example_xcom.py
[2024-07-07T19:54:42.416-0300] {processor.py:830} INFO - Processing file /home/johnny/airflow/lib/python3.12/site-packages/airflow/example_dags/example_xcom.py for tasks to queue
[2024-07-07T19:54:42.418-0300] {logging_mixin.py:188} INFO - [2024-07-07T19:54:42.417-0300] {dagbag.py:545} INFO - Filling up the DagBag from /home/johnny/airflow/lib/python3.12/site-packages/airflow/example_dags/example_xcom.py
[2024-07-07T19:54:42.435-0300] {processor.py:840} INFO - DAG(s) 'example_xcom' retrieved from /home/johnny/airflow/lib/python3.12/site-packages/airflow/example_dags/example_xcom.py
[2024-07-07T19:54:42.479-0300] {logging_mixin.py:188} INFO - [2024-07-07T19:54:42.479-0300] {dag.py:3096} INFO - Sync 1 DAGs
[2024-07-07T19:54:42.514-0300] {logging_mixin.py:188} INFO - [2024-07-07T19:54:42.514-0300] {dag.py:3954} INFO - Setting next_dagrun for example_xcom to 2021-01-01 00:00:00+00:00, run_after=2021-01-01 00:00:00+00:00
[2024-07-07T19:54:42.564-0300] {processor.py:183} INFO - Processing /home/johnny/airflow/lib/python3.12/site-packages/airflow/example_dags/example_xcom.py took 0.164 seconds
[2024-07-07T19:55:53.783-0300] {processor.py:161} INFO - Started process (PID=36971) to work on /home/johnny/airflow/lib/python3.12/site-packages/airflow/example_dags/example_xcom.py
[2024-07-07T19:55:53.789-0300] {processor.py:830} INFO - Processing file /home/johnny/airflow/lib/python3.12/site-packages/airflow/example_dags/example_xcom.py for tasks to queue
[2024-07-07T19:55:53.791-0300] {logging_mixin.py:188} INFO - [2024-07-07T19:55:53.790-0300] {dagbag.py:545} INFO - Filling up the DagBag from /home/johnny/airflow/lib/python3.12/site-packages/airflow/example_dags/example_xcom.py
[2024-07-07T19:55:53.809-0300] {processor.py:840} INFO - DAG(s) 'example_xcom' retrieved from /home/johnny/airflow/lib/python3.12/site-packages/airflow/example_dags/example_xcom.py
[2024-07-07T19:55:53.843-0300] {logging_mixin.py:188} INFO - [2024-07-07T19:55:53.843-0300] {dag.py:3096} INFO - Sync 1 DAGs
[2024-07-07T19:55:53.879-0300] {logging_mixin.py:188} INFO - [2024-07-07T19:55:53.878-0300] {dag.py:3954} INFO - Setting next_dagrun for example_xcom to 2021-01-01 00:00:00+00:00, run_after=2021-01-01 00:00:00+00:00
[2024-07-07T19:55:53.915-0300] {processor.py:183} INFO - Processing /home/johnny/airflow/lib/python3.12/site-packages/airflow/example_dags/example_xcom.py took 0.150 seconds
[2024-07-07T19:57:08.541-0300] {processor.py:161} INFO - Started process (PID=37169) to work on /home/johnny/airflow/lib/python3.12/site-packages/airflow/example_dags/example_xcom.py
[2024-07-07T19:57:08.543-0300] {processor.py:830} INFO - Processing file /home/johnny/airflow/lib/python3.12/site-packages/airflow/example_dags/example_xcom.py for tasks to queue
[2024-07-07T19:57:08.545-0300] {logging_mixin.py:188} INFO - [2024-07-07T19:57:08.545-0300] {dagbag.py:545} INFO - Filling up the DagBag from /home/johnny/airflow/lib/python3.12/site-packages/airflow/example_dags/example_xcom.py
[2024-07-07T19:57:08.569-0300] {processor.py:840} INFO - DAG(s) 'example_xcom' retrieved from /home/johnny/airflow/lib/python3.12/site-packages/airflow/example_dags/example_xcom.py
[2024-07-07T19:57:08.624-0300] {logging_mixin.py:188} INFO - [2024-07-07T19:57:08.622-0300] {dag.py:3096} INFO - Sync 1 DAGs
[2024-07-07T19:57:08.716-0300] {logging_mixin.py:188} INFO - [2024-07-07T19:57:08.716-0300] {dag.py:3954} INFO - Setting next_dagrun for example_xcom to 2021-01-01 00:00:00+00:00, run_after=2021-01-01 00:00:00+00:00
[2024-07-07T19:57:08.765-0300] {processor.py:183} INFO - Processing /home/johnny/airflow/lib/python3.12/site-packages/airflow/example_dags/example_xcom.py took 0.250 seconds
[2024-07-07T19:58:20.717-0300] {processor.py:161} INFO - Started process (PID=37379) to work on /home/johnny/airflow/lib/python3.12/site-packages/airflow/example_dags/example_xcom.py
[2024-07-07T19:58:20.724-0300] {processor.py:830} INFO - Processing file /home/johnny/airflow/lib/python3.12/site-packages/airflow/example_dags/example_xcom.py for tasks to queue
[2024-07-07T19:58:20.726-0300] {logging_mixin.py:188} INFO - [2024-07-07T19:58:20.725-0300] {dagbag.py:545} INFO - Filling up the DagBag from /home/johnny/airflow/lib/python3.12/site-packages/airflow/example_dags/example_xcom.py
[2024-07-07T19:58:20.746-0300] {processor.py:840} INFO - DAG(s) 'example_xcom' retrieved from /home/johnny/airflow/lib/python3.12/site-packages/airflow/example_dags/example_xcom.py
[2024-07-07T19:58:20.779-0300] {logging_mixin.py:188} INFO - [2024-07-07T19:58:20.778-0300] {dag.py:3096} INFO - Sync 1 DAGs
[2024-07-07T19:58:20.809-0300] {logging_mixin.py:188} INFO - [2024-07-07T19:58:20.809-0300] {dag.py:3954} INFO - Setting next_dagrun for example_xcom to 2021-01-01 00:00:00+00:00, run_after=2021-01-01 00:00:00+00:00
[2024-07-07T19:58:20.857-0300] {processor.py:183} INFO - Processing /home/johnny/airflow/lib/python3.12/site-packages/airflow/example_dags/example_xcom.py took 0.152 seconds
[2024-07-07T19:59:24.473-0300] {processor.py:161} INFO - Started process (PID=37552) to work on /home/johnny/airflow/lib/python3.12/site-packages/airflow/example_dags/example_xcom.py
[2024-07-07T19:59:24.479-0300] {processor.py:830} INFO - Processing file /home/johnny/airflow/lib/python3.12/site-packages/airflow/example_dags/example_xcom.py for tasks to queue
[2024-07-07T19:59:24.482-0300] {logging_mixin.py:188} INFO - [2024-07-07T19:59:24.481-0300] {dagbag.py:545} INFO - Filling up the DagBag from /home/johnny/airflow/lib/python3.12/site-packages/airflow/example_dags/example_xcom.py
[2024-07-07T19:59:24.502-0300] {processor.py:840} INFO - DAG(s) 'example_xcom' retrieved from /home/johnny/airflow/lib/python3.12/site-packages/airflow/example_dags/example_xcom.py
[2024-07-07T19:59:24.552-0300] {logging_mixin.py:188} INFO - [2024-07-07T19:59:24.551-0300] {dag.py:3096} INFO - Sync 1 DAGs
[2024-07-07T19:59:24.610-0300] {logging_mixin.py:188} INFO - [2024-07-07T19:59:24.609-0300] {dag.py:3954} INFO - Setting next_dagrun for example_xcom to 2021-01-01 00:00:00+00:00, run_after=2021-01-01 00:00:00+00:00
[2024-07-07T19:59:24.654-0300] {processor.py:183} INFO - Processing /home/johnny/airflow/lib/python3.12/site-packages/airflow/example_dags/example_xcom.py took 0.196 seconds
[2024-07-07T20:00:28.889-0300] {processor.py:161} INFO - Started process (PID=37737) to work on /home/johnny/airflow/lib/python3.12/site-packages/airflow/example_dags/example_xcom.py
[2024-07-07T20:00:28.895-0300] {processor.py:830} INFO - Processing file /home/johnny/airflow/lib/python3.12/site-packages/airflow/example_dags/example_xcom.py for tasks to queue
[2024-07-07T20:00:28.897-0300] {logging_mixin.py:188} INFO - [2024-07-07T20:00:28.896-0300] {dagbag.py:545} INFO - Filling up the DagBag from /home/johnny/airflow/lib/python3.12/site-packages/airflow/example_dags/example_xcom.py
[2024-07-07T20:00:28.916-0300] {processor.py:840} INFO - DAG(s) 'example_xcom' retrieved from /home/johnny/airflow/lib/python3.12/site-packages/airflow/example_dags/example_xcom.py
[2024-07-07T20:00:28.949-0300] {logging_mixin.py:188} INFO - [2024-07-07T20:00:28.948-0300] {dag.py:3096} INFO - Sync 1 DAGs
[2024-07-07T20:00:28.986-0300] {logging_mixin.py:188} INFO - [2024-07-07T20:00:28.985-0300] {dag.py:3954} INFO - Setting next_dagrun for example_xcom to 2021-01-01 00:00:00+00:00, run_after=2021-01-01 00:00:00+00:00
[2024-07-07T20:00:29.040-0300] {processor.py:183} INFO - Processing /home/johnny/airflow/lib/python3.12/site-packages/airflow/example_dags/example_xcom.py took 0.167 seconds
[2024-07-07T20:01:35.128-0300] {processor.py:161} INFO - Started process (PID=37920) to work on /home/johnny/airflow/lib/python3.12/site-packages/airflow/example_dags/example_xcom.py
[2024-07-07T20:01:35.131-0300] {processor.py:830} INFO - Processing file /home/johnny/airflow/lib/python3.12/site-packages/airflow/example_dags/example_xcom.py for tasks to queue
[2024-07-07T20:01:35.133-0300] {logging_mixin.py:188} INFO - [2024-07-07T20:01:35.132-0300] {dagbag.py:545} INFO - Filling up the DagBag from /home/johnny/airflow/lib/python3.12/site-packages/airflow/example_dags/example_xcom.py
[2024-07-07T20:01:35.155-0300] {processor.py:840} INFO - DAG(s) 'example_xcom' retrieved from /home/johnny/airflow/lib/python3.12/site-packages/airflow/example_dags/example_xcom.py
[2024-07-07T20:01:35.193-0300] {logging_mixin.py:188} INFO - [2024-07-07T20:01:35.192-0300] {dag.py:3096} INFO - Sync 1 DAGs
[2024-07-07T20:01:35.225-0300] {logging_mixin.py:188} INFO - [2024-07-07T20:01:35.225-0300] {dag.py:3954} INFO - Setting next_dagrun for example_xcom to 2021-01-01 00:00:00+00:00, run_after=2021-01-01 00:00:00+00:00
[2024-07-07T20:01:35.272-0300] {processor.py:183} INFO - Processing /home/johnny/airflow/lib/python3.12/site-packages/airflow/example_dags/example_xcom.py took 0.157 seconds
[2024-07-07T20:02:40.118-0300] {processor.py:161} INFO - Started process (PID=38092) to work on /home/johnny/airflow/lib/python3.12/site-packages/airflow/example_dags/example_xcom.py
[2024-07-07T20:02:40.121-0300] {processor.py:830} INFO - Processing file /home/johnny/airflow/lib/python3.12/site-packages/airflow/example_dags/example_xcom.py for tasks to queue
[2024-07-07T20:02:40.123-0300] {logging_mixin.py:188} INFO - [2024-07-07T20:02:40.122-0300] {dagbag.py:545} INFO - Filling up the DagBag from /home/johnny/airflow/lib/python3.12/site-packages/airflow/example_dags/example_xcom.py
[2024-07-07T20:02:40.141-0300] {processor.py:840} INFO - DAG(s) 'example_xcom' retrieved from /home/johnny/airflow/lib/python3.12/site-packages/airflow/example_dags/example_xcom.py
[2024-07-07T20:02:40.172-0300] {logging_mixin.py:188} INFO - [2024-07-07T20:02:40.172-0300] {dag.py:3096} INFO - Sync 1 DAGs
[2024-07-07T20:02:40.220-0300] {logging_mixin.py:188} INFO - [2024-07-07T20:02:40.219-0300] {dag.py:3954} INFO - Setting next_dagrun for example_xcom to 2021-01-01 00:00:00+00:00, run_after=2021-01-01 00:00:00+00:00
[2024-07-07T20:02:40.275-0300] {processor.py:183} INFO - Processing /home/johnny/airflow/lib/python3.12/site-packages/airflow/example_dags/example_xcom.py took 0.169 seconds
[2024-07-07T20:04:04.488-0300] {processor.py:161} INFO - Started process (PID=38332) to work on /home/johnny/airflow/lib/python3.12/site-packages/airflow/example_dags/example_xcom.py
[2024-07-07T20:04:04.491-0300] {processor.py:830} INFO - Processing file /home/johnny/airflow/lib/python3.12/site-packages/airflow/example_dags/example_xcom.py for tasks to queue
[2024-07-07T20:04:04.493-0300] {logging_mixin.py:188} INFO - [2024-07-07T20:04:04.492-0300] {dagbag.py:545} INFO - Filling up the DagBag from /home/johnny/airflow/lib/python3.12/site-packages/airflow/example_dags/example_xcom.py
[2024-07-07T20:04:04.510-0300] {processor.py:840} INFO - DAG(s) 'example_xcom' retrieved from /home/johnny/airflow/lib/python3.12/site-packages/airflow/example_dags/example_xcom.py
[2024-07-07T20:04:04.539-0300] {logging_mixin.py:188} INFO - [2024-07-07T20:04:04.539-0300] {dag.py:3096} INFO - Sync 1 DAGs
[2024-07-07T20:04:04.567-0300] {logging_mixin.py:188} INFO - [2024-07-07T20:04:04.566-0300] {dag.py:3954} INFO - Setting next_dagrun for example_xcom to 2021-01-01 00:00:00+00:00, run_after=2021-01-01 00:00:00+00:00
[2024-07-07T20:04:04.597-0300] {processor.py:183} INFO - Processing /home/johnny/airflow/lib/python3.12/site-packages/airflow/example_dags/example_xcom.py took 0.121 seconds
[2024-07-07T20:05:11.228-0300] {processor.py:161} INFO - Started process (PID=38515) to work on /home/johnny/airflow/lib/python3.12/site-packages/airflow/example_dags/example_xcom.py
[2024-07-07T20:05:11.234-0300] {processor.py:830} INFO - Processing file /home/johnny/airflow/lib/python3.12/site-packages/airflow/example_dags/example_xcom.py for tasks to queue
[2024-07-07T20:05:11.236-0300] {logging_mixin.py:188} INFO - [2024-07-07T20:05:11.235-0300] {dagbag.py:545} INFO - Filling up the DagBag from /home/johnny/airflow/lib/python3.12/site-packages/airflow/example_dags/example_xcom.py
[2024-07-07T20:05:11.253-0300] {processor.py:840} INFO - DAG(s) 'example_xcom' retrieved from /home/johnny/airflow/lib/python3.12/site-packages/airflow/example_dags/example_xcom.py
[2024-07-07T20:05:11.285-0300] {logging_mixin.py:188} INFO - [2024-07-07T20:05:11.285-0300] {dag.py:3096} INFO - Sync 1 DAGs
[2024-07-07T20:05:11.315-0300] {logging_mixin.py:188} INFO - [2024-07-07T20:05:11.315-0300] {dag.py:3954} INFO - Setting next_dagrun for example_xcom to 2021-01-01 00:00:00+00:00, run_after=2021-01-01 00:00:00+00:00
[2024-07-07T20:05:11.367-0300] {processor.py:183} INFO - Processing /home/johnny/airflow/lib/python3.12/site-packages/airflow/example_dags/example_xcom.py took 0.150 seconds
[2024-07-07T20:06:11.387-0300] {processor.py:161} INFO - Started process (PID=38679) to work on /home/johnny/airflow/lib/python3.12/site-packages/airflow/example_dags/example_xcom.py
[2024-07-07T20:06:11.390-0300] {processor.py:830} INFO - Processing file /home/johnny/airflow/lib/python3.12/site-packages/airflow/example_dags/example_xcom.py for tasks to queue
[2024-07-07T20:06:11.392-0300] {logging_mixin.py:188} INFO - [2024-07-07T20:06:11.391-0300] {dagbag.py:545} INFO - Filling up the DagBag from /home/johnny/airflow/lib/python3.12/site-packages/airflow/example_dags/example_xcom.py
[2024-07-07T20:06:11.410-0300] {processor.py:840} INFO - DAG(s) 'example_xcom' retrieved from /home/johnny/airflow/lib/python3.12/site-packages/airflow/example_dags/example_xcom.py
[2024-07-07T20:06:11.441-0300] {logging_mixin.py:188} INFO - [2024-07-07T20:06:11.440-0300] {dag.py:3096} INFO - Sync 1 DAGs
[2024-07-07T20:06:11.477-0300] {logging_mixin.py:188} INFO - [2024-07-07T20:06:11.476-0300] {dag.py:3954} INFO - Setting next_dagrun for example_xcom to 2021-01-01 00:00:00+00:00, run_after=2021-01-01 00:00:00+00:00
[2024-07-07T20:06:11.523-0300] {processor.py:183} INFO - Processing /home/johnny/airflow/lib/python3.12/site-packages/airflow/example_dags/example_xcom.py took 0.147 seconds
[2024-07-07T20:07:18.093-0300] {processor.py:161} INFO - Started process (PID=38857) to work on /home/johnny/airflow/lib/python3.12/site-packages/airflow/example_dags/example_xcom.py
[2024-07-07T20:07:18.096-0300] {processor.py:830} INFO - Processing file /home/johnny/airflow/lib/python3.12/site-packages/airflow/example_dags/example_xcom.py for tasks to queue
[2024-07-07T20:07:18.098-0300] {logging_mixin.py:188} INFO - [2024-07-07T20:07:18.097-0300] {dagbag.py:545} INFO - Filling up the DagBag from /home/johnny/airflow/lib/python3.12/site-packages/airflow/example_dags/example_xcom.py
[2024-07-07T20:07:18.118-0300] {processor.py:840} INFO - DAG(s) 'example_xcom' retrieved from /home/johnny/airflow/lib/python3.12/site-packages/airflow/example_dags/example_xcom.py
[2024-07-07T20:07:18.157-0300] {logging_mixin.py:188} INFO - [2024-07-07T20:07:18.156-0300] {dag.py:3096} INFO - Sync 1 DAGs
[2024-07-07T20:07:18.202-0300] {logging_mixin.py:188} INFO - [2024-07-07T20:07:18.202-0300] {dag.py:3954} INFO - Setting next_dagrun for example_xcom to 2021-01-01 00:00:00+00:00, run_after=2021-01-01 00:00:00+00:00
[2024-07-07T20:07:18.245-0300] {processor.py:183} INFO - Processing /home/johnny/airflow/lib/python3.12/site-packages/airflow/example_dags/example_xcom.py took 0.166 seconds
[2024-07-07T20:08:30.773-0300] {processor.py:161} INFO - Started process (PID=39066) to work on /home/johnny/airflow/lib/python3.12/site-packages/airflow/example_dags/example_xcom.py
[2024-07-07T20:08:30.776-0300] {processor.py:830} INFO - Processing file /home/johnny/airflow/lib/python3.12/site-packages/airflow/example_dags/example_xcom.py for tasks to queue
[2024-07-07T20:08:30.779-0300] {logging_mixin.py:188} INFO - [2024-07-07T20:08:30.778-0300] {dagbag.py:545} INFO - Filling up the DagBag from /home/johnny/airflow/lib/python3.12/site-packages/airflow/example_dags/example_xcom.py
[2024-07-07T20:08:30.804-0300] {processor.py:840} INFO - DAG(s) 'example_xcom' retrieved from /home/johnny/airflow/lib/python3.12/site-packages/airflow/example_dags/example_xcom.py
[2024-07-07T20:08:30.849-0300] {logging_mixin.py:188} INFO - [2024-07-07T20:08:30.848-0300] {dag.py:3096} INFO - Sync 1 DAGs
[2024-07-07T20:08:30.899-0300] {logging_mixin.py:188} INFO - [2024-07-07T20:08:30.899-0300] {dag.py:3954} INFO - Setting next_dagrun for example_xcom to 2021-01-01 00:00:00+00:00, run_after=2021-01-01 00:00:00+00:00
[2024-07-07T20:08:30.949-0300] {processor.py:183} INFO - Processing /home/johnny/airflow/lib/python3.12/site-packages/airflow/example_dags/example_xcom.py took 0.187 seconds
[2024-07-07T20:09:39.553-0300] {processor.py:161} INFO - Started process (PID=39254) to work on /home/johnny/airflow/lib/python3.12/site-packages/airflow/example_dags/example_xcom.py
[2024-07-07T20:09:39.557-0300] {processor.py:830} INFO - Processing file /home/johnny/airflow/lib/python3.12/site-packages/airflow/example_dags/example_xcom.py for tasks to queue
[2024-07-07T20:09:39.561-0300] {logging_mixin.py:188} INFO - [2024-07-07T20:09:39.559-0300] {dagbag.py:545} INFO - Filling up the DagBag from /home/johnny/airflow/lib/python3.12/site-packages/airflow/example_dags/example_xcom.py
[2024-07-07T20:09:39.598-0300] {processor.py:840} INFO - DAG(s) 'example_xcom' retrieved from /home/johnny/airflow/lib/python3.12/site-packages/airflow/example_dags/example_xcom.py
[2024-07-07T20:09:39.661-0300] {logging_mixin.py:188} INFO - [2024-07-07T20:09:39.660-0300] {dag.py:3096} INFO - Sync 1 DAGs
[2024-07-07T20:09:39.724-0300] {logging_mixin.py:188} INFO - [2024-07-07T20:09:39.723-0300] {dag.py:3954} INFO - Setting next_dagrun for example_xcom to 2021-01-01 00:00:00+00:00, run_after=2021-01-01 00:00:00+00:00
[2024-07-07T20:09:39.768-0300] {processor.py:183} INFO - Processing /home/johnny/airflow/lib/python3.12/site-packages/airflow/example_dags/example_xcom.py took 0.230 seconds
[2024-07-07T20:10:46.648-0300] {processor.py:161} INFO - Started process (PID=39440) to work on /home/johnny/airflow/lib/python3.12/site-packages/airflow/example_dags/example_xcom.py
[2024-07-07T20:10:46.651-0300] {processor.py:830} INFO - Processing file /home/johnny/airflow/lib/python3.12/site-packages/airflow/example_dags/example_xcom.py for tasks to queue
[2024-07-07T20:10:46.653-0300] {logging_mixin.py:188} INFO - [2024-07-07T20:10:46.652-0300] {dagbag.py:545} INFO - Filling up the DagBag from /home/johnny/airflow/lib/python3.12/site-packages/airflow/example_dags/example_xcom.py
[2024-07-07T20:10:46.670-0300] {processor.py:840} INFO - DAG(s) 'example_xcom' retrieved from /home/johnny/airflow/lib/python3.12/site-packages/airflow/example_dags/example_xcom.py
[2024-07-07T20:10:46.699-0300] {logging_mixin.py:188} INFO - [2024-07-07T20:10:46.699-0300] {dag.py:3096} INFO - Sync 1 DAGs
[2024-07-07T20:10:46.728-0300] {logging_mixin.py:188} INFO - [2024-07-07T20:10:46.728-0300] {dag.py:3954} INFO - Setting next_dagrun for example_xcom to 2021-01-01 00:00:00+00:00, run_after=2021-01-01 00:00:00+00:00
[2024-07-07T20:10:46.768-0300] {processor.py:183} INFO - Processing /home/johnny/airflow/lib/python3.12/site-packages/airflow/example_dags/example_xcom.py took 0.131 seconds
[2024-07-07T20:11:46.171-0300] {processor.py:161} INFO - Started process (PID=39604) to work on /home/johnny/airflow/lib/python3.12/site-packages/airflow/example_dags/example_xcom.py
[2024-07-07T20:11:46.174-0300] {processor.py:830} INFO - Processing file /home/johnny/airflow/lib/python3.12/site-packages/airflow/example_dags/example_xcom.py for tasks to queue
[2024-07-07T20:11:46.176-0300] {logging_mixin.py:188} INFO - [2024-07-07T20:11:46.175-0300] {dagbag.py:545} INFO - Filling up the DagBag from /home/johnny/airflow/lib/python3.12/site-packages/airflow/example_dags/example_xcom.py
[2024-07-07T20:11:46.192-0300] {processor.py:840} INFO - DAG(s) 'example_xcom' retrieved from /home/johnny/airflow/lib/python3.12/site-packages/airflow/example_dags/example_xcom.py
[2024-07-07T20:11:46.222-0300] {logging_mixin.py:188} INFO - [2024-07-07T20:11:46.221-0300] {dag.py:3096} INFO - Sync 1 DAGs
[2024-07-07T20:11:46.252-0300] {logging_mixin.py:188} INFO - [2024-07-07T20:11:46.252-0300] {dag.py:3954} INFO - Setting next_dagrun for example_xcom to 2021-01-01 00:00:00+00:00, run_after=2021-01-01 00:00:00+00:00
[2024-07-07T20:11:46.282-0300] {processor.py:183} INFO - Processing /home/johnny/airflow/lib/python3.12/site-packages/airflow/example_dags/example_xcom.py took 0.122 seconds
[2024-07-07T20:12:49.146-0300] {processor.py:161} INFO - Started process (PID=39774) to work on /home/johnny/airflow/lib/python3.12/site-packages/airflow/example_dags/example_xcom.py
[2024-07-07T20:12:49.149-0300] {processor.py:830} INFO - Processing file /home/johnny/airflow/lib/python3.12/site-packages/airflow/example_dags/example_xcom.py for tasks to queue
[2024-07-07T20:12:49.151-0300] {logging_mixin.py:188} INFO - [2024-07-07T20:12:49.150-0300] {dagbag.py:545} INFO - Filling up the DagBag from /home/johnny/airflow/lib/python3.12/site-packages/airflow/example_dags/example_xcom.py
[2024-07-07T20:12:49.167-0300] {processor.py:840} INFO - DAG(s) 'example_xcom' retrieved from /home/johnny/airflow/lib/python3.12/site-packages/airflow/example_dags/example_xcom.py
[2024-07-07T20:12:49.209-0300] {logging_mixin.py:188} INFO - [2024-07-07T20:12:49.208-0300] {dag.py:3096} INFO - Sync 1 DAGs
[2024-07-07T20:12:49.258-0300] {logging_mixin.py:188} INFO - [2024-07-07T20:12:49.257-0300] {dag.py:3954} INFO - Setting next_dagrun for example_xcom to 2021-01-01 00:00:00+00:00, run_after=2021-01-01 00:00:00+00:00
[2024-07-07T20:12:49.303-0300] {processor.py:183} INFO - Processing /home/johnny/airflow/lib/python3.12/site-packages/airflow/example_dags/example_xcom.py took 0.168 seconds
[2024-07-07T20:13:51.942-0300] {processor.py:161} INFO - Started process (PID=39949) to work on /home/johnny/airflow/lib/python3.12/site-packages/airflow/example_dags/example_xcom.py
[2024-07-07T20:13:51.945-0300] {processor.py:830} INFO - Processing file /home/johnny/airflow/lib/python3.12/site-packages/airflow/example_dags/example_xcom.py for tasks to queue
[2024-07-07T20:13:51.948-0300] {logging_mixin.py:188} INFO - [2024-07-07T20:13:51.947-0300] {dagbag.py:545} INFO - Filling up the DagBag from /home/johnny/airflow/lib/python3.12/site-packages/airflow/example_dags/example_xcom.py
[2024-07-07T20:13:51.965-0300] {processor.py:840} INFO - DAG(s) 'example_xcom' retrieved from /home/johnny/airflow/lib/python3.12/site-packages/airflow/example_dags/example_xcom.py
[2024-07-07T20:13:51.998-0300] {logging_mixin.py:188} INFO - [2024-07-07T20:13:51.997-0300] {dag.py:3096} INFO - Sync 1 DAGs
[2024-07-07T20:13:52.027-0300] {logging_mixin.py:188} INFO - [2024-07-07T20:13:52.027-0300] {dag.py:3954} INFO - Setting next_dagrun for example_xcom to 2021-01-01 00:00:00+00:00, run_after=2021-01-01 00:00:00+00:00
[2024-07-07T20:13:52.081-0300] {processor.py:183} INFO - Processing /home/johnny/airflow/lib/python3.12/site-packages/airflow/example_dags/example_xcom.py took 0.150 seconds
[2024-07-07T20:14:56.648-0300] {processor.py:161} INFO - Started process (PID=40123) to work on /home/johnny/airflow/lib/python3.12/site-packages/airflow/example_dags/example_xcom.py
[2024-07-07T20:14:56.650-0300] {processor.py:830} INFO - Processing file /home/johnny/airflow/lib/python3.12/site-packages/airflow/example_dags/example_xcom.py for tasks to queue
[2024-07-07T20:14:56.652-0300] {logging_mixin.py:188} INFO - [2024-07-07T20:14:56.652-0300] {dagbag.py:545} INFO - Filling up the DagBag from /home/johnny/airflow/lib/python3.12/site-packages/airflow/example_dags/example_xcom.py
[2024-07-07T20:14:56.668-0300] {processor.py:840} INFO - DAG(s) 'example_xcom' retrieved from /home/johnny/airflow/lib/python3.12/site-packages/airflow/example_dags/example_xcom.py
[2024-07-07T20:14:56.698-0300] {logging_mixin.py:188} INFO - [2024-07-07T20:14:56.698-0300] {dag.py:3096} INFO - Sync 1 DAGs
[2024-07-07T20:14:56.726-0300] {logging_mixin.py:188} INFO - [2024-07-07T20:14:56.725-0300] {dag.py:3954} INFO - Setting next_dagrun for example_xcom to 2021-01-01 00:00:00+00:00, run_after=2021-01-01 00:00:00+00:00
[2024-07-07T20:14:56.756-0300] {processor.py:183} INFO - Processing /home/johnny/airflow/lib/python3.12/site-packages/airflow/example_dags/example_xcom.py took 0.119 seconds
[2024-07-07T20:15:57.177-0300] {processor.py:161} INFO - Started process (PID=40305) to work on /home/johnny/airflow/lib/python3.12/site-packages/airflow/example_dags/example_xcom.py
[2024-07-07T20:15:57.179-0300] {processor.py:830} INFO - Processing file /home/johnny/airflow/lib/python3.12/site-packages/airflow/example_dags/example_xcom.py for tasks to queue
[2024-07-07T20:15:57.181-0300] {logging_mixin.py:188} INFO - [2024-07-07T20:15:57.180-0300] {dagbag.py:545} INFO - Filling up the DagBag from /home/johnny/airflow/lib/python3.12/site-packages/airflow/example_dags/example_xcom.py
[2024-07-07T20:15:57.198-0300] {processor.py:840} INFO - DAG(s) 'example_xcom' retrieved from /home/johnny/airflow/lib/python3.12/site-packages/airflow/example_dags/example_xcom.py
[2024-07-07T20:15:57.227-0300] {logging_mixin.py:188} INFO - [2024-07-07T20:15:57.227-0300] {dag.py:3096} INFO - Sync 1 DAGs
[2024-07-07T20:15:57.255-0300] {logging_mixin.py:188} INFO - [2024-07-07T20:15:57.255-0300] {dag.py:3954} INFO - Setting next_dagrun for example_xcom to 2021-01-01 00:00:00+00:00, run_after=2021-01-01 00:00:00+00:00
[2024-07-07T20:15:57.287-0300] {processor.py:183} INFO - Processing /home/johnny/airflow/lib/python3.12/site-packages/airflow/example_dags/example_xcom.py took 0.122 seconds
[2024-07-07T20:17:00.343-0300] {processor.py:161} INFO - Started process (PID=40474) to work on /home/johnny/airflow/lib/python3.12/site-packages/airflow/example_dags/example_xcom.py
[2024-07-07T20:17:00.346-0300] {processor.py:830} INFO - Processing file /home/johnny/airflow/lib/python3.12/site-packages/airflow/example_dags/example_xcom.py for tasks to queue
[2024-07-07T20:17:00.349-0300] {logging_mixin.py:188} INFO - [2024-07-07T20:17:00.348-0300] {dagbag.py:545} INFO - Filling up the DagBag from /home/johnny/airflow/lib/python3.12/site-packages/airflow/example_dags/example_xcom.py
[2024-07-07T20:17:00.368-0300] {processor.py:840} INFO - DAG(s) 'example_xcom' retrieved from /home/johnny/airflow/lib/python3.12/site-packages/airflow/example_dags/example_xcom.py
[2024-07-07T20:17:00.413-0300] {logging_mixin.py:188} INFO - [2024-07-07T20:17:00.413-0300] {dag.py:3096} INFO - Sync 1 DAGs
[2024-07-07T20:17:00.456-0300] {logging_mixin.py:188} INFO - [2024-07-07T20:17:00.456-0300] {dag.py:3954} INFO - Setting next_dagrun for example_xcom to 2021-01-01 00:00:00+00:00, run_after=2021-01-01 00:00:00+00:00
[2024-07-07T20:17:00.499-0300] {processor.py:183} INFO - Processing /home/johnny/airflow/lib/python3.12/site-packages/airflow/example_dags/example_xcom.py took 0.166 seconds
[2024-07-07T20:18:02.891-0300] {processor.py:161} INFO - Started process (PID=40648) to work on /home/johnny/airflow/lib/python3.12/site-packages/airflow/example_dags/example_xcom.py
[2024-07-07T20:18:02.893-0300] {processor.py:830} INFO - Processing file /home/johnny/airflow/lib/python3.12/site-packages/airflow/example_dags/example_xcom.py for tasks to queue
[2024-07-07T20:18:02.896-0300] {logging_mixin.py:188} INFO - [2024-07-07T20:18:02.895-0300] {dagbag.py:545} INFO - Filling up the DagBag from /home/johnny/airflow/lib/python3.12/site-packages/airflow/example_dags/example_xcom.py
[2024-07-07T20:18:02.912-0300] {processor.py:840} INFO - DAG(s) 'example_xcom' retrieved from /home/johnny/airflow/lib/python3.12/site-packages/airflow/example_dags/example_xcom.py
[2024-07-07T20:18:02.947-0300] {logging_mixin.py:188} INFO - [2024-07-07T20:18:02.946-0300] {dag.py:3096} INFO - Sync 1 DAGs
[2024-07-07T20:18:02.998-0300] {logging_mixin.py:188} INFO - [2024-07-07T20:18:02.997-0300] {dag.py:3954} INFO - Setting next_dagrun for example_xcom to 2021-01-01 00:00:00+00:00, run_after=2021-01-01 00:00:00+00:00
[2024-07-07T20:18:03.043-0300] {processor.py:183} INFO - Processing /home/johnny/airflow/lib/python3.12/site-packages/airflow/example_dags/example_xcom.py took 0.163 seconds
[2024-07-07T20:19:06.033-0300] {processor.py:161} INFO - Started process (PID=40822) to work on /home/johnny/airflow/lib/python3.12/site-packages/airflow/example_dags/example_xcom.py
[2024-07-07T20:19:06.036-0300] {processor.py:830} INFO - Processing file /home/johnny/airflow/lib/python3.12/site-packages/airflow/example_dags/example_xcom.py for tasks to queue
[2024-07-07T20:19:06.038-0300] {logging_mixin.py:188} INFO - [2024-07-07T20:19:06.037-0300] {dagbag.py:545} INFO - Filling up the DagBag from /home/johnny/airflow/lib/python3.12/site-packages/airflow/example_dags/example_xcom.py
[2024-07-07T20:19:06.056-0300] {processor.py:840} INFO - DAG(s) 'example_xcom' retrieved from /home/johnny/airflow/lib/python3.12/site-packages/airflow/example_dags/example_xcom.py
[2024-07-07T20:19:06.094-0300] {logging_mixin.py:188} INFO - [2024-07-07T20:19:06.093-0300] {dag.py:3096} INFO - Sync 1 DAGs
[2024-07-07T20:19:06.127-0300] {logging_mixin.py:188} INFO - [2024-07-07T20:19:06.127-0300] {dag.py:3954} INFO - Setting next_dagrun for example_xcom to 2021-01-01 00:00:00+00:00, run_after=2021-01-01 00:00:00+00:00
[2024-07-07T20:19:06.158-0300] {processor.py:183} INFO - Processing /home/johnny/airflow/lib/python3.12/site-packages/airflow/example_dags/example_xcom.py took 0.136 seconds
[2024-07-07T20:20:08.414-0300] {processor.py:161} INFO - Started process (PID=40995) to work on /home/johnny/airflow/lib/python3.12/site-packages/airflow/example_dags/example_xcom.py
[2024-07-07T20:20:08.417-0300] {processor.py:830} INFO - Processing file /home/johnny/airflow/lib/python3.12/site-packages/airflow/example_dags/example_xcom.py for tasks to queue
[2024-07-07T20:20:08.419-0300] {logging_mixin.py:188} INFO - [2024-07-07T20:20:08.418-0300] {dagbag.py:545} INFO - Filling up the DagBag from /home/johnny/airflow/lib/python3.12/site-packages/airflow/example_dags/example_xcom.py
[2024-07-07T20:20:08.435-0300] {processor.py:840} INFO - DAG(s) 'example_xcom' retrieved from /home/johnny/airflow/lib/python3.12/site-packages/airflow/example_dags/example_xcom.py
[2024-07-07T20:20:08.488-0300] {logging_mixin.py:188} INFO - [2024-07-07T20:20:08.488-0300] {dag.py:3096} INFO - Sync 1 DAGs
[2024-07-07T20:20:08.531-0300] {logging_mixin.py:188} INFO - [2024-07-07T20:20:08.530-0300] {dag.py:3954} INFO - Setting next_dagrun for example_xcom to 2021-01-01 00:00:00+00:00, run_after=2021-01-01 00:00:00+00:00
[2024-07-07T20:20:08.572-0300] {processor.py:183} INFO - Processing /home/johnny/airflow/lib/python3.12/site-packages/airflow/example_dags/example_xcom.py took 0.169 seconds
[2024-07-07T20:21:12.019-0300] {processor.py:161} INFO - Started process (PID=41166) to work on /home/johnny/airflow/lib/python3.12/site-packages/airflow/example_dags/example_xcom.py
[2024-07-07T20:21:12.022-0300] {processor.py:830} INFO - Processing file /home/johnny/airflow/lib/python3.12/site-packages/airflow/example_dags/example_xcom.py for tasks to queue
[2024-07-07T20:21:12.025-0300] {logging_mixin.py:188} INFO - [2024-07-07T20:21:12.023-0300] {dagbag.py:545} INFO - Filling up the DagBag from /home/johnny/airflow/lib/python3.12/site-packages/airflow/example_dags/example_xcom.py
[2024-07-07T20:21:12.041-0300] {processor.py:840} INFO - DAG(s) 'example_xcom' retrieved from /home/johnny/airflow/lib/python3.12/site-packages/airflow/example_dags/example_xcom.py
[2024-07-07T20:21:12.069-0300] {logging_mixin.py:188} INFO - [2024-07-07T20:21:12.069-0300] {dag.py:3096} INFO - Sync 1 DAGs
[2024-07-07T20:21:12.092-0300] {logging_mixin.py:188} INFO - [2024-07-07T20:21:12.092-0300] {dag.py:3954} INFO - Setting next_dagrun for example_xcom to 2021-01-01 00:00:00+00:00, run_after=2021-01-01 00:00:00+00:00
[2024-07-07T20:21:12.142-0300] {processor.py:183} INFO - Processing /home/johnny/airflow/lib/python3.12/site-packages/airflow/example_dags/example_xcom.py took 0.160 seconds
[2024-07-07T20:22:14.350-0300] {processor.py:161} INFO - Started process (PID=41327) to work on /home/johnny/airflow/lib/python3.12/site-packages/airflow/example_dags/example_xcom.py
[2024-07-07T20:22:14.356-0300] {processor.py:830} INFO - Processing file /home/johnny/airflow/lib/python3.12/site-packages/airflow/example_dags/example_xcom.py for tasks to queue
[2024-07-07T20:22:14.358-0300] {logging_mixin.py:188} INFO - [2024-07-07T20:22:14.357-0300] {dagbag.py:545} INFO - Filling up the DagBag from /home/johnny/airflow/lib/python3.12/site-packages/airflow/example_dags/example_xcom.py
[2024-07-07T20:22:14.376-0300] {processor.py:840} INFO - DAG(s) 'example_xcom' retrieved from /home/johnny/airflow/lib/python3.12/site-packages/airflow/example_dags/example_xcom.py
[2024-07-07T20:22:14.411-0300] {logging_mixin.py:188} INFO - [2024-07-07T20:22:14.410-0300] {dag.py:3096} INFO - Sync 1 DAGs
[2024-07-07T20:22:14.448-0300] {logging_mixin.py:188} INFO - [2024-07-07T20:22:14.448-0300] {dag.py:3954} INFO - Setting next_dagrun for example_xcom to 2021-01-01 00:00:00+00:00, run_after=2021-01-01 00:00:00+00:00
[2024-07-07T20:22:14.495-0300] {processor.py:183} INFO - Processing /home/johnny/airflow/lib/python3.12/site-packages/airflow/example_dags/example_xcom.py took 0.159 seconds
[2024-07-07T20:23:17.821-0300] {processor.py:161} INFO - Started process (PID=41505) to work on /home/johnny/airflow/lib/python3.12/site-packages/airflow/example_dags/example_xcom.py
[2024-07-07T20:23:17.824-0300] {processor.py:830} INFO - Processing file /home/johnny/airflow/lib/python3.12/site-packages/airflow/example_dags/example_xcom.py for tasks to queue
[2024-07-07T20:23:17.826-0300] {logging_mixin.py:188} INFO - [2024-07-07T20:23:17.825-0300] {dagbag.py:545} INFO - Filling up the DagBag from /home/johnny/airflow/lib/python3.12/site-packages/airflow/example_dags/example_xcom.py
[2024-07-07T20:23:17.845-0300] {processor.py:840} INFO - DAG(s) 'example_xcom' retrieved from /home/johnny/airflow/lib/python3.12/site-packages/airflow/example_dags/example_xcom.py
[2024-07-07T20:23:17.881-0300] {logging_mixin.py:188} INFO - [2024-07-07T20:23:17.881-0300] {dag.py:3096} INFO - Sync 1 DAGs
[2024-07-07T20:23:17.905-0300] {logging_mixin.py:188} INFO - [2024-07-07T20:23:17.905-0300] {dag.py:3954} INFO - Setting next_dagrun for example_xcom to 2021-01-01 00:00:00+00:00, run_after=2021-01-01 00:00:00+00:00
[2024-07-07T20:23:17.949-0300] {processor.py:183} INFO - Processing /home/johnny/airflow/lib/python3.12/site-packages/airflow/example_dags/example_xcom.py took 0.141 seconds
[2024-07-07T20:24:23.177-0300] {processor.py:161} INFO - Started process (PID=41680) to work on /home/johnny/airflow/lib/python3.12/site-packages/airflow/example_dags/example_xcom.py
[2024-07-07T20:24:23.180-0300] {processor.py:830} INFO - Processing file /home/johnny/airflow/lib/python3.12/site-packages/airflow/example_dags/example_xcom.py for tasks to queue
[2024-07-07T20:24:23.182-0300] {logging_mixin.py:188} INFO - [2024-07-07T20:24:23.181-0300] {dagbag.py:545} INFO - Filling up the DagBag from /home/johnny/airflow/lib/python3.12/site-packages/airflow/example_dags/example_xcom.py
[2024-07-07T20:24:23.199-0300] {processor.py:840} INFO - DAG(s) 'example_xcom' retrieved from /home/johnny/airflow/lib/python3.12/site-packages/airflow/example_dags/example_xcom.py
[2024-07-07T20:24:23.234-0300] {logging_mixin.py:188} INFO - [2024-07-07T20:24:23.234-0300] {dag.py:3096} INFO - Sync 1 DAGs
[2024-07-07T20:24:23.270-0300] {logging_mixin.py:188} INFO - [2024-07-07T20:24:23.269-0300] {dag.py:3954} INFO - Setting next_dagrun for example_xcom to 2021-01-01 00:00:00+00:00, run_after=2021-01-01 00:00:00+00:00
[2024-07-07T20:24:23.311-0300] {processor.py:183} INFO - Processing /home/johnny/airflow/lib/python3.12/site-packages/airflow/example_dags/example_xcom.py took 0.144 seconds
[2024-07-07T20:25:22.767-0300] {processor.py:161} INFO - Started process (PID=41835) to work on /home/johnny/airflow/lib/python3.12/site-packages/airflow/example_dags/example_xcom.py
[2024-07-07T20:25:22.772-0300] {processor.py:830} INFO - Processing file /home/johnny/airflow/lib/python3.12/site-packages/airflow/example_dags/example_xcom.py for tasks to queue
[2024-07-07T20:25:22.774-0300] {logging_mixin.py:188} INFO - [2024-07-07T20:25:22.773-0300] {dagbag.py:545} INFO - Filling up the DagBag from /home/johnny/airflow/lib/python3.12/site-packages/airflow/example_dags/example_xcom.py
[2024-07-07T20:25:22.790-0300] {processor.py:840} INFO - DAG(s) 'example_xcom' retrieved from /home/johnny/airflow/lib/python3.12/site-packages/airflow/example_dags/example_xcom.py
[2024-07-07T20:25:22.822-0300] {logging_mixin.py:188} INFO - [2024-07-07T20:25:22.821-0300] {dag.py:3096} INFO - Sync 1 DAGs
[2024-07-07T20:25:22.853-0300] {logging_mixin.py:188} INFO - [2024-07-07T20:25:22.852-0300] {dag.py:3954} INFO - Setting next_dagrun for example_xcom to 2021-01-01 00:00:00+00:00, run_after=2021-01-01 00:00:00+00:00
[2024-07-07T20:25:22.888-0300] {processor.py:183} INFO - Processing /home/johnny/airflow/lib/python3.12/site-packages/airflow/example_dags/example_xcom.py took 0.134 seconds
[2024-07-07T20:26:22.518-0300] {processor.py:161} INFO - Started process (PID=41999) to work on /home/johnny/airflow/lib/python3.12/site-packages/airflow/example_dags/example_xcom.py
[2024-07-07T20:26:22.520-0300] {processor.py:830} INFO - Processing file /home/johnny/airflow/lib/python3.12/site-packages/airflow/example_dags/example_xcom.py for tasks to queue
[2024-07-07T20:26:22.523-0300] {logging_mixin.py:188} INFO - [2024-07-07T20:26:22.522-0300] {dagbag.py:545} INFO - Filling up the DagBag from /home/johnny/airflow/lib/python3.12/site-packages/airflow/example_dags/example_xcom.py
[2024-07-07T20:26:22.540-0300] {processor.py:840} INFO - DAG(s) 'example_xcom' retrieved from /home/johnny/airflow/lib/python3.12/site-packages/airflow/example_dags/example_xcom.py
[2024-07-07T20:26:22.590-0300] {logging_mixin.py:188} INFO - [2024-07-07T20:26:22.590-0300] {dag.py:3096} INFO - Sync 1 DAGs
[2024-07-07T20:26:22.632-0300] {logging_mixin.py:188} INFO - [2024-07-07T20:26:22.631-0300] {dag.py:3954} INFO - Setting next_dagrun for example_xcom to 2021-01-01 00:00:00+00:00, run_after=2021-01-01 00:00:00+00:00
[2024-07-07T20:26:22.723-0300] {processor.py:183} INFO - Processing /home/johnny/airflow/lib/python3.12/site-packages/airflow/example_dags/example_xcom.py took 0.223 seconds
[2024-07-07T20:27:28.526-0300] {processor.py:161} INFO - Started process (PID=42182) to work on /home/johnny/airflow/lib/python3.12/site-packages/airflow/example_dags/example_xcom.py
[2024-07-07T20:27:28.529-0300] {processor.py:830} INFO - Processing file /home/johnny/airflow/lib/python3.12/site-packages/airflow/example_dags/example_xcom.py for tasks to queue
[2024-07-07T20:27:28.531-0300] {logging_mixin.py:188} INFO - [2024-07-07T20:27:28.530-0300] {dagbag.py:545} INFO - Filling up the DagBag from /home/johnny/airflow/lib/python3.12/site-packages/airflow/example_dags/example_xcom.py
[2024-07-07T20:27:28.548-0300] {processor.py:840} INFO - DAG(s) 'example_xcom' retrieved from /home/johnny/airflow/lib/python3.12/site-packages/airflow/example_dags/example_xcom.py
[2024-07-07T20:27:28.581-0300] {logging_mixin.py:188} INFO - [2024-07-07T20:27:28.581-0300] {dag.py:3096} INFO - Sync 1 DAGs
[2024-07-07T20:27:28.615-0300] {logging_mixin.py:188} INFO - [2024-07-07T20:27:28.614-0300] {dag.py:3954} INFO - Setting next_dagrun for example_xcom to 2021-01-01 00:00:00+00:00, run_after=2021-01-01 00:00:00+00:00
[2024-07-07T20:27:28.653-0300] {processor.py:183} INFO - Processing /home/johnny/airflow/lib/python3.12/site-packages/airflow/example_dags/example_xcom.py took 0.139 seconds
[2024-07-07T20:28:40.381-0300] {processor.py:161} INFO - Started process (PID=42375) to work on /home/johnny/airflow/lib/python3.12/site-packages/airflow/example_dags/example_xcom.py
[2024-07-07T20:28:40.384-0300] {processor.py:830} INFO - Processing file /home/johnny/airflow/lib/python3.12/site-packages/airflow/example_dags/example_xcom.py for tasks to queue
[2024-07-07T20:28:40.386-0300] {logging_mixin.py:188} INFO - [2024-07-07T20:28:40.385-0300] {dagbag.py:545} INFO - Filling up the DagBag from /home/johnny/airflow/lib/python3.12/site-packages/airflow/example_dags/example_xcom.py
[2024-07-07T20:28:40.402-0300] {processor.py:840} INFO - DAG(s) 'example_xcom' retrieved from /home/johnny/airflow/lib/python3.12/site-packages/airflow/example_dags/example_xcom.py
[2024-07-07T20:28:40.437-0300] {logging_mixin.py:188} INFO - [2024-07-07T20:28:40.437-0300] {dag.py:3096} INFO - Sync 1 DAGs
[2024-07-07T20:28:40.487-0300] {logging_mixin.py:188} INFO - [2024-07-07T20:28:40.486-0300] {dag.py:3954} INFO - Setting next_dagrun for example_xcom to 2021-01-01 00:00:00+00:00, run_after=2021-01-01 00:00:00+00:00
[2024-07-07T20:28:40.536-0300] {processor.py:183} INFO - Processing /home/johnny/airflow/lib/python3.12/site-packages/airflow/example_dags/example_xcom.py took 0.167 seconds
[2024-07-07T20:29:45.347-0300] {processor.py:161} INFO - Started process (PID=42554) to work on /home/johnny/airflow/lib/python3.12/site-packages/airflow/example_dags/example_xcom.py
[2024-07-07T20:29:45.350-0300] {processor.py:830} INFO - Processing file /home/johnny/airflow/lib/python3.12/site-packages/airflow/example_dags/example_xcom.py for tasks to queue
[2024-07-07T20:29:45.352-0300] {logging_mixin.py:188} INFO - [2024-07-07T20:29:45.351-0300] {dagbag.py:545} INFO - Filling up the DagBag from /home/johnny/airflow/lib/python3.12/site-packages/airflow/example_dags/example_xcom.py
[2024-07-07T20:29:45.369-0300] {processor.py:840} INFO - DAG(s) 'example_xcom' retrieved from /home/johnny/airflow/lib/python3.12/site-packages/airflow/example_dags/example_xcom.py
[2024-07-07T20:29:45.404-0300] {logging_mixin.py:188} INFO - [2024-07-07T20:29:45.403-0300] {dag.py:3096} INFO - Sync 1 DAGs
[2024-07-07T20:29:45.451-0300] {logging_mixin.py:188} INFO - [2024-07-07T20:29:45.450-0300] {dag.py:3954} INFO - Setting next_dagrun for example_xcom to 2021-01-01 00:00:00+00:00, run_after=2021-01-01 00:00:00+00:00
[2024-07-07T20:29:45.502-0300] {processor.py:183} INFO - Processing /home/johnny/airflow/lib/python3.12/site-packages/airflow/example_dags/example_xcom.py took 0.167 seconds
[2024-07-07T20:30:52.221-0300] {processor.py:161} INFO - Started process (PID=42737) to work on /home/johnny/airflow/lib/python3.12/site-packages/airflow/example_dags/example_xcom.py
[2024-07-07T20:30:52.226-0300] {processor.py:830} INFO - Processing file /home/johnny/airflow/lib/python3.12/site-packages/airflow/example_dags/example_xcom.py for tasks to queue
[2024-07-07T20:30:52.228-0300] {logging_mixin.py:188} INFO - [2024-07-07T20:30:52.227-0300] {dagbag.py:545} INFO - Filling up the DagBag from /home/johnny/airflow/lib/python3.12/site-packages/airflow/example_dags/example_xcom.py
[2024-07-07T20:30:52.245-0300] {processor.py:840} INFO - DAG(s) 'example_xcom' retrieved from /home/johnny/airflow/lib/python3.12/site-packages/airflow/example_dags/example_xcom.py
[2024-07-07T20:30:52.274-0300] {logging_mixin.py:188} INFO - [2024-07-07T20:30:52.274-0300] {dag.py:3096} INFO - Sync 1 DAGs
[2024-07-07T20:30:52.302-0300] {logging_mixin.py:188} INFO - [2024-07-07T20:30:52.302-0300] {dag.py:3954} INFO - Setting next_dagrun for example_xcom to 2021-01-01 00:00:00+00:00, run_after=2021-01-01 00:00:00+00:00
[2024-07-07T20:30:52.333-0300] {processor.py:183} INFO - Processing /home/johnny/airflow/lib/python3.12/site-packages/airflow/example_dags/example_xcom.py took 0.123 seconds
[2024-07-07T20:31:54.057-0300] {processor.py:161} INFO - Started process (PID=42909) to work on /home/johnny/airflow/lib/python3.12/site-packages/airflow/example_dags/example_xcom.py
[2024-07-07T20:31:54.059-0300] {processor.py:830} INFO - Processing file /home/johnny/airflow/lib/python3.12/site-packages/airflow/example_dags/example_xcom.py for tasks to queue
[2024-07-07T20:31:54.062-0300] {logging_mixin.py:188} INFO - [2024-07-07T20:31:54.061-0300] {dagbag.py:545} INFO - Filling up the DagBag from /home/johnny/airflow/lib/python3.12/site-packages/airflow/example_dags/example_xcom.py
[2024-07-07T20:31:54.078-0300] {processor.py:840} INFO - DAG(s) 'example_xcom' retrieved from /home/johnny/airflow/lib/python3.12/site-packages/airflow/example_dags/example_xcom.py
[2024-07-07T20:31:54.108-0300] {logging_mixin.py:188} INFO - [2024-07-07T20:31:54.108-0300] {dag.py:3096} INFO - Sync 1 DAGs
[2024-07-07T20:31:54.138-0300] {logging_mixin.py:188} INFO - [2024-07-07T20:31:54.137-0300] {dag.py:3954} INFO - Setting next_dagrun for example_xcom to 2021-01-01 00:00:00+00:00, run_after=2021-01-01 00:00:00+00:00
[2024-07-07T20:31:54.172-0300] {processor.py:183} INFO - Processing /home/johnny/airflow/lib/python3.12/site-packages/airflow/example_dags/example_xcom.py took 0.126 seconds
[2024-07-07T20:33:07.669-0300] {processor.py:161} INFO - Started process (PID=43121) to work on /home/johnny/airflow/lib/python3.12/site-packages/airflow/example_dags/example_xcom.py
[2024-07-07T20:33:07.672-0300] {processor.py:830} INFO - Processing file /home/johnny/airflow/lib/python3.12/site-packages/airflow/example_dags/example_xcom.py for tasks to queue
[2024-07-07T20:33:07.674-0300] {logging_mixin.py:188} INFO - [2024-07-07T20:33:07.673-0300] {dagbag.py:545} INFO - Filling up the DagBag from /home/johnny/airflow/lib/python3.12/site-packages/airflow/example_dags/example_xcom.py
[2024-07-07T20:33:07.690-0300] {processor.py:840} INFO - DAG(s) 'example_xcom' retrieved from /home/johnny/airflow/lib/python3.12/site-packages/airflow/example_dags/example_xcom.py
[2024-07-07T20:33:07.720-0300] {logging_mixin.py:188} INFO - [2024-07-07T20:33:07.720-0300] {dag.py:3096} INFO - Sync 1 DAGs
[2024-07-07T20:33:07.748-0300] {logging_mixin.py:188} INFO - [2024-07-07T20:33:07.748-0300] {dag.py:3954} INFO - Setting next_dagrun for example_xcom to 2021-01-01 00:00:00+00:00, run_after=2021-01-01 00:00:00+00:00
[2024-07-07T20:33:07.794-0300] {processor.py:183} INFO - Processing /home/johnny/airflow/lib/python3.12/site-packages/airflow/example_dags/example_xcom.py took 0.135 seconds
[2024-07-07T20:34:30.423-0300] {processor.py:161} INFO - Started process (PID=43365) to work on /home/johnny/airflow/lib/python3.12/site-packages/airflow/example_dags/example_xcom.py
[2024-07-07T20:34:30.426-0300] {processor.py:830} INFO - Processing file /home/johnny/airflow/lib/python3.12/site-packages/airflow/example_dags/example_xcom.py for tasks to queue
[2024-07-07T20:34:30.429-0300] {logging_mixin.py:188} INFO - [2024-07-07T20:34:30.428-0300] {dagbag.py:545} INFO - Filling up the DagBag from /home/johnny/airflow/lib/python3.12/site-packages/airflow/example_dags/example_xcom.py
[2024-07-07T20:34:30.446-0300] {processor.py:840} INFO - DAG(s) 'example_xcom' retrieved from /home/johnny/airflow/lib/python3.12/site-packages/airflow/example_dags/example_xcom.py
[2024-07-07T20:34:30.484-0300] {logging_mixin.py:188} INFO - [2024-07-07T20:34:30.483-0300] {dag.py:3096} INFO - Sync 1 DAGs
[2024-07-07T20:34:30.510-0300] {logging_mixin.py:188} INFO - [2024-07-07T20:34:30.510-0300] {dag.py:3954} INFO - Setting next_dagrun for example_xcom to 2021-01-01 00:00:00+00:00, run_after=2021-01-01 00:00:00+00:00
[2024-07-07T20:34:30.556-0300] {processor.py:183} INFO - Processing /home/johnny/airflow/lib/python3.12/site-packages/airflow/example_dags/example_xcom.py took 0.142 seconds
[2024-07-07T20:35:33.803-0300] {processor.py:161} INFO - Started process (PID=43533) to work on /home/johnny/airflow/lib/python3.12/site-packages/airflow/example_dags/example_xcom.py
[2024-07-07T20:35:33.808-0300] {processor.py:830} INFO - Processing file /home/johnny/airflow/lib/python3.12/site-packages/airflow/example_dags/example_xcom.py for tasks to queue
[2024-07-07T20:35:33.810-0300] {logging_mixin.py:188} INFO - [2024-07-07T20:35:33.809-0300] {dagbag.py:545} INFO - Filling up the DagBag from /home/johnny/airflow/lib/python3.12/site-packages/airflow/example_dags/example_xcom.py
[2024-07-07T20:35:33.827-0300] {processor.py:840} INFO - DAG(s) 'example_xcom' retrieved from /home/johnny/airflow/lib/python3.12/site-packages/airflow/example_dags/example_xcom.py
[2024-07-07T20:35:33.859-0300] {logging_mixin.py:188} INFO - [2024-07-07T20:35:33.859-0300] {dag.py:3096} INFO - Sync 1 DAGs
[2024-07-07T20:35:33.888-0300] {logging_mixin.py:188} INFO - [2024-07-07T20:35:33.888-0300] {dag.py:3954} INFO - Setting next_dagrun for example_xcom to 2021-01-01 00:00:00+00:00, run_after=2021-01-01 00:00:00+00:00
[2024-07-07T20:35:33.939-0300] {processor.py:183} INFO - Processing /home/johnny/airflow/lib/python3.12/site-packages/airflow/example_dags/example_xcom.py took 0.148 seconds
[2024-07-07T20:36:38.564-0300] {processor.py:161} INFO - Started process (PID=43708) to work on /home/johnny/airflow/lib/python3.12/site-packages/airflow/example_dags/example_xcom.py
[2024-07-07T20:36:38.567-0300] {processor.py:830} INFO - Processing file /home/johnny/airflow/lib/python3.12/site-packages/airflow/example_dags/example_xcom.py for tasks to queue
[2024-07-07T20:36:38.569-0300] {logging_mixin.py:188} INFO - [2024-07-07T20:36:38.568-0300] {dagbag.py:545} INFO - Filling up the DagBag from /home/johnny/airflow/lib/python3.12/site-packages/airflow/example_dags/example_xcom.py
[2024-07-07T20:36:38.593-0300] {processor.py:840} INFO - DAG(s) 'example_xcom' retrieved from /home/johnny/airflow/lib/python3.12/site-packages/airflow/example_dags/example_xcom.py
[2024-07-07T20:36:38.630-0300] {logging_mixin.py:188} INFO - [2024-07-07T20:36:38.629-0300] {dag.py:3096} INFO - Sync 1 DAGs
[2024-07-07T20:36:38.672-0300] {logging_mixin.py:188} INFO - [2024-07-07T20:36:38.672-0300] {dag.py:3954} INFO - Setting next_dagrun for example_xcom to 2021-01-01 00:00:00+00:00, run_after=2021-01-01 00:00:00+00:00
[2024-07-07T20:36:38.712-0300] {processor.py:183} INFO - Processing /home/johnny/airflow/lib/python3.12/site-packages/airflow/example_dags/example_xcom.py took 0.163 seconds
[2024-07-07T20:37:42.696-0300] {processor.py:161} INFO - Started process (PID=43886) to work on /home/johnny/airflow/lib/python3.12/site-packages/airflow/example_dags/example_xcom.py
[2024-07-07T20:37:42.699-0300] {processor.py:830} INFO - Processing file /home/johnny/airflow/lib/python3.12/site-packages/airflow/example_dags/example_xcom.py for tasks to queue
[2024-07-07T20:37:42.701-0300] {logging_mixin.py:188} INFO - [2024-07-07T20:37:42.700-0300] {dagbag.py:545} INFO - Filling up the DagBag from /home/johnny/airflow/lib/python3.12/site-packages/airflow/example_dags/example_xcom.py
[2024-07-07T20:37:42.720-0300] {processor.py:840} INFO - DAG(s) 'example_xcom' retrieved from /home/johnny/airflow/lib/python3.12/site-packages/airflow/example_dags/example_xcom.py
[2024-07-07T20:37:42.765-0300] {logging_mixin.py:188} INFO - [2024-07-07T20:37:42.765-0300] {dag.py:3096} INFO - Sync 1 DAGs
[2024-07-07T20:37:42.822-0300] {logging_mixin.py:188} INFO - [2024-07-07T20:37:42.822-0300] {dag.py:3954} INFO - Setting next_dagrun for example_xcom to 2021-01-01 00:00:00+00:00, run_after=2021-01-01 00:00:00+00:00
[2024-07-07T20:37:42.876-0300] {processor.py:183} INFO - Processing /home/johnny/airflow/lib/python3.12/site-packages/airflow/example_dags/example_xcom.py took 0.198 seconds
[2024-07-07T20:38:42.675-0300] {processor.py:161} INFO - Started process (PID=44041) to work on /home/johnny/airflow/lib/python3.12/site-packages/airflow/example_dags/example_xcom.py
[2024-07-07T20:38:42.678-0300] {processor.py:830} INFO - Processing file /home/johnny/airflow/lib/python3.12/site-packages/airflow/example_dags/example_xcom.py for tasks to queue
[2024-07-07T20:38:42.680-0300] {logging_mixin.py:188} INFO - [2024-07-07T20:38:42.680-0300] {dagbag.py:545} INFO - Filling up the DagBag from /home/johnny/airflow/lib/python3.12/site-packages/airflow/example_dags/example_xcom.py
[2024-07-07T20:38:42.699-0300] {processor.py:840} INFO - DAG(s) 'example_xcom' retrieved from /home/johnny/airflow/lib/python3.12/site-packages/airflow/example_dags/example_xcom.py
[2024-07-07T20:38:42.733-0300] {logging_mixin.py:188} INFO - [2024-07-07T20:38:42.732-0300] {dag.py:3096} INFO - Sync 1 DAGs
[2024-07-07T20:38:42.773-0300] {logging_mixin.py:188} INFO - [2024-07-07T20:38:42.772-0300] {dag.py:3954} INFO - Setting next_dagrun for example_xcom to 2021-01-01 00:00:00+00:00, run_after=2021-01-01 00:00:00+00:00
[2024-07-07T20:38:42.826-0300] {processor.py:183} INFO - Processing /home/johnny/airflow/lib/python3.12/site-packages/airflow/example_dags/example_xcom.py took 0.164 seconds
[2024-07-07T20:39:51.931-0300] {processor.py:161} INFO - Started process (PID=44224) to work on /home/johnny/airflow/lib/python3.12/site-packages/airflow/example_dags/example_xcom.py
[2024-07-07T20:39:51.969-0300] {processor.py:830} INFO - Processing file /home/johnny/airflow/lib/python3.12/site-packages/airflow/example_dags/example_xcom.py for tasks to queue
[2024-07-07T20:39:51.971-0300] {logging_mixin.py:188} INFO - [2024-07-07T20:39:51.970-0300] {dagbag.py:545} INFO - Filling up the DagBag from /home/johnny/airflow/lib/python3.12/site-packages/airflow/example_dags/example_xcom.py
[2024-07-07T20:39:51.991-0300] {processor.py:840} INFO - DAG(s) 'example_xcom' retrieved from /home/johnny/airflow/lib/python3.12/site-packages/airflow/example_dags/example_xcom.py
[2024-07-07T20:39:52.041-0300] {logging_mixin.py:188} INFO - [2024-07-07T20:39:52.040-0300] {dag.py:3096} INFO - Sync 1 DAGs
[2024-07-07T20:39:52.112-0300] {logging_mixin.py:188} INFO - [2024-07-07T20:39:52.111-0300] {dag.py:3954} INFO - Setting next_dagrun for example_xcom to 2021-01-01 00:00:00+00:00, run_after=2021-01-01 00:00:00+00:00
[2024-07-07T20:39:52.151-0300] {processor.py:183} INFO - Processing /home/johnny/airflow/lib/python3.12/site-packages/airflow/example_dags/example_xcom.py took 0.232 seconds
[2024-07-07T20:40:59.309-0300] {processor.py:161} INFO - Started process (PID=44411) to work on /home/johnny/airflow/lib/python3.12/site-packages/airflow/example_dags/example_xcom.py
[2024-07-07T20:40:59.312-0300] {processor.py:830} INFO - Processing file /home/johnny/airflow/lib/python3.12/site-packages/airflow/example_dags/example_xcom.py for tasks to queue
[2024-07-07T20:40:59.314-0300] {logging_mixin.py:188} INFO - [2024-07-07T20:40:59.313-0300] {dagbag.py:545} INFO - Filling up the DagBag from /home/johnny/airflow/lib/python3.12/site-packages/airflow/example_dags/example_xcom.py
[2024-07-07T20:40:59.332-0300] {processor.py:840} INFO - DAG(s) 'example_xcom' retrieved from /home/johnny/airflow/lib/python3.12/site-packages/airflow/example_dags/example_xcom.py
[2024-07-07T20:40:59.368-0300] {logging_mixin.py:188} INFO - [2024-07-07T20:40:59.368-0300] {dag.py:3096} INFO - Sync 1 DAGs
[2024-07-07T20:40:59.413-0300] {logging_mixin.py:188} INFO - [2024-07-07T20:40:59.413-0300] {dag.py:3954} INFO - Setting next_dagrun for example_xcom to 2021-01-01 00:00:00+00:00, run_after=2021-01-01 00:00:00+00:00
[2024-07-07T20:40:59.473-0300] {processor.py:183} INFO - Processing /home/johnny/airflow/lib/python3.12/site-packages/airflow/example_dags/example_xcom.py took 0.175 seconds
[2024-07-07T20:42:09.628-0300] {processor.py:161} INFO - Started process (PID=44602) to work on /home/johnny/airflow/lib/python3.12/site-packages/airflow/example_dags/example_xcom.py
[2024-07-07T20:42:09.630-0300] {processor.py:830} INFO - Processing file /home/johnny/airflow/lib/python3.12/site-packages/airflow/example_dags/example_xcom.py for tasks to queue
[2024-07-07T20:42:09.632-0300] {logging_mixin.py:188} INFO - [2024-07-07T20:42:09.631-0300] {dagbag.py:545} INFO - Filling up the DagBag from /home/johnny/airflow/lib/python3.12/site-packages/airflow/example_dags/example_xcom.py
[2024-07-07T20:42:09.651-0300] {processor.py:840} INFO - DAG(s) 'example_xcom' retrieved from /home/johnny/airflow/lib/python3.12/site-packages/airflow/example_dags/example_xcom.py
[2024-07-07T20:42:09.687-0300] {logging_mixin.py:188} INFO - [2024-07-07T20:42:09.686-0300] {dag.py:3096} INFO - Sync 1 DAGs
[2024-07-07T20:42:09.737-0300] {logging_mixin.py:188} INFO - [2024-07-07T20:42:09.736-0300] {dag.py:3954} INFO - Setting next_dagrun for example_xcom to 2021-01-01 00:00:00+00:00, run_after=2021-01-01 00:00:00+00:00
[2024-07-07T20:42:09.786-0300] {processor.py:183} INFO - Processing /home/johnny/airflow/lib/python3.12/site-packages/airflow/example_dags/example_xcom.py took 0.166 seconds
[2024-07-07T20:43:12.766-0300] {processor.py:161} INFO - Started process (PID=44773) to work on /home/johnny/airflow/lib/python3.12/site-packages/airflow/example_dags/example_xcom.py
[2024-07-07T20:43:12.772-0300] {processor.py:830} INFO - Processing file /home/johnny/airflow/lib/python3.12/site-packages/airflow/example_dags/example_xcom.py for tasks to queue
[2024-07-07T20:43:12.774-0300] {logging_mixin.py:188} INFO - [2024-07-07T20:43:12.773-0300] {dagbag.py:545} INFO - Filling up the DagBag from /home/johnny/airflow/lib/python3.12/site-packages/airflow/example_dags/example_xcom.py
[2024-07-07T20:43:12.791-0300] {processor.py:840} INFO - DAG(s) 'example_xcom' retrieved from /home/johnny/airflow/lib/python3.12/site-packages/airflow/example_dags/example_xcom.py
[2024-07-07T20:43:12.824-0300] {logging_mixin.py:188} INFO - [2024-07-07T20:43:12.824-0300] {dag.py:3096} INFO - Sync 1 DAGs
[2024-07-07T20:43:12.881-0300] {logging_mixin.py:188} INFO - [2024-07-07T20:43:12.881-0300] {dag.py:3954} INFO - Setting next_dagrun for example_xcom to 2021-01-01 00:00:00+00:00, run_after=2021-01-01 00:00:00+00:00
[2024-07-07T20:43:12.942-0300] {processor.py:183} INFO - Processing /home/johnny/airflow/lib/python3.12/site-packages/airflow/example_dags/example_xcom.py took 0.187 seconds
[2024-07-07T20:44:19.278-0300] {processor.py:161} INFO - Started process (PID=44950) to work on /home/johnny/airflow/lib/python3.12/site-packages/airflow/example_dags/example_xcom.py
[2024-07-07T20:44:19.283-0300] {processor.py:830} INFO - Processing file /home/johnny/airflow/lib/python3.12/site-packages/airflow/example_dags/example_xcom.py for tasks to queue
[2024-07-07T20:44:19.285-0300] {logging_mixin.py:188} INFO - [2024-07-07T20:44:19.285-0300] {dagbag.py:545} INFO - Filling up the DagBag from /home/johnny/airflow/lib/python3.12/site-packages/airflow/example_dags/example_xcom.py
[2024-07-07T20:44:19.300-0300] {processor.py:840} INFO - DAG(s) 'example_xcom' retrieved from /home/johnny/airflow/lib/python3.12/site-packages/airflow/example_dags/example_xcom.py
[2024-07-07T20:44:19.326-0300] {logging_mixin.py:188} INFO - [2024-07-07T20:44:19.326-0300] {dag.py:3096} INFO - Sync 1 DAGs
[2024-07-07T20:44:19.374-0300] {logging_mixin.py:188} INFO - [2024-07-07T20:44:19.373-0300] {dag.py:3954} INFO - Setting next_dagrun for example_xcom to 2021-01-01 00:00:00+00:00, run_after=2021-01-01 00:00:00+00:00
[2024-07-07T20:44:19.409-0300] {processor.py:183} INFO - Processing /home/johnny/airflow/lib/python3.12/site-packages/airflow/example_dags/example_xcom.py took 0.144 seconds
[2024-07-07T20:45:28.868-0300] {processor.py:161} INFO - Started process (PID=45141) to work on /home/johnny/airflow/lib/python3.12/site-packages/airflow/example_dags/example_xcom.py
[2024-07-07T20:45:28.872-0300] {processor.py:830} INFO - Processing file /home/johnny/airflow/lib/python3.12/site-packages/airflow/example_dags/example_xcom.py for tasks to queue
[2024-07-07T20:45:28.875-0300] {logging_mixin.py:188} INFO - [2024-07-07T20:45:28.873-0300] {dagbag.py:545} INFO - Filling up the DagBag from /home/johnny/airflow/lib/python3.12/site-packages/airflow/example_dags/example_xcom.py
[2024-07-07T20:45:28.893-0300] {processor.py:840} INFO - DAG(s) 'example_xcom' retrieved from /home/johnny/airflow/lib/python3.12/site-packages/airflow/example_dags/example_xcom.py
[2024-07-07T20:45:28.922-0300] {logging_mixin.py:188} INFO - [2024-07-07T20:45:28.922-0300] {dag.py:3096} INFO - Sync 1 DAGs
[2024-07-07T20:45:28.977-0300] {logging_mixin.py:188} INFO - [2024-07-07T20:45:28.977-0300] {dag.py:3954} INFO - Setting next_dagrun for example_xcom to 2021-01-01 00:00:00+00:00, run_after=2021-01-01 00:00:00+00:00
[2024-07-07T20:45:29.029-0300] {processor.py:183} INFO - Processing /home/johnny/airflow/lib/python3.12/site-packages/airflow/example_dags/example_xcom.py took 0.177 seconds
[2024-07-07T20:46:34.592-0300] {processor.py:161} INFO - Started process (PID=45319) to work on /home/johnny/airflow/lib/python3.12/site-packages/airflow/example_dags/example_xcom.py
[2024-07-07T20:46:34.595-0300] {processor.py:830} INFO - Processing file /home/johnny/airflow/lib/python3.12/site-packages/airflow/example_dags/example_xcom.py for tasks to queue
[2024-07-07T20:46:34.597-0300] {logging_mixin.py:188} INFO - [2024-07-07T20:46:34.596-0300] {dagbag.py:545} INFO - Filling up the DagBag from /home/johnny/airflow/lib/python3.12/site-packages/airflow/example_dags/example_xcom.py
[2024-07-07T20:46:34.612-0300] {processor.py:840} INFO - DAG(s) 'example_xcom' retrieved from /home/johnny/airflow/lib/python3.12/site-packages/airflow/example_dags/example_xcom.py
[2024-07-07T20:46:34.639-0300] {logging_mixin.py:188} INFO - [2024-07-07T20:46:34.638-0300] {dag.py:3096} INFO - Sync 1 DAGs
[2024-07-07T20:46:34.668-0300] {logging_mixin.py:188} INFO - [2024-07-07T20:46:34.668-0300] {dag.py:3954} INFO - Setting next_dagrun for example_xcom to 2021-01-01 00:00:00+00:00, run_after=2021-01-01 00:00:00+00:00
[2024-07-07T20:46:34.717-0300] {processor.py:183} INFO - Processing /home/johnny/airflow/lib/python3.12/site-packages/airflow/example_dags/example_xcom.py took 0.136 seconds
[2024-07-07T20:47:39.499-0300] {processor.py:161} INFO - Started process (PID=45497) to work on /home/johnny/airflow/lib/python3.12/site-packages/airflow/example_dags/example_xcom.py
[2024-07-07T20:47:39.505-0300] {processor.py:830} INFO - Processing file /home/johnny/airflow/lib/python3.12/site-packages/airflow/example_dags/example_xcom.py for tasks to queue
[2024-07-07T20:47:39.508-0300] {logging_mixin.py:188} INFO - [2024-07-07T20:47:39.506-0300] {dagbag.py:545} INFO - Filling up the DagBag from /home/johnny/airflow/lib/python3.12/site-packages/airflow/example_dags/example_xcom.py
[2024-07-07T20:47:39.526-0300] {processor.py:840} INFO - DAG(s) 'example_xcom' retrieved from /home/johnny/airflow/lib/python3.12/site-packages/airflow/example_dags/example_xcom.py
[2024-07-07T20:47:39.561-0300] {logging_mixin.py:188} INFO - [2024-07-07T20:47:39.561-0300] {dag.py:3096} INFO - Sync 1 DAGs
[2024-07-07T20:47:39.616-0300] {logging_mixin.py:188} INFO - [2024-07-07T20:47:39.616-0300] {dag.py:3954} INFO - Setting next_dagrun for example_xcom to 2021-01-01 00:00:00+00:00, run_after=2021-01-01 00:00:00+00:00
[2024-07-07T20:47:39.657-0300] {processor.py:183} INFO - Processing /home/johnny/airflow/lib/python3.12/site-packages/airflow/example_dags/example_xcom.py took 0.171 seconds
[2024-07-07T20:48:46.859-0300] {processor.py:161} INFO - Started process (PID=45675) to work on /home/johnny/airflow/lib/python3.12/site-packages/airflow/example_dags/example_xcom.py
[2024-07-07T20:48:46.865-0300] {processor.py:830} INFO - Processing file /home/johnny/airflow/lib/python3.12/site-packages/airflow/example_dags/example_xcom.py for tasks to queue
[2024-07-07T20:48:46.868-0300] {logging_mixin.py:188} INFO - [2024-07-07T20:48:46.867-0300] {dagbag.py:545} INFO - Filling up the DagBag from /home/johnny/airflow/lib/python3.12/site-packages/airflow/example_dags/example_xcom.py
[2024-07-07T20:48:46.888-0300] {processor.py:840} INFO - DAG(s) 'example_xcom' retrieved from /home/johnny/airflow/lib/python3.12/site-packages/airflow/example_dags/example_xcom.py
[2024-07-07T20:48:46.930-0300] {logging_mixin.py:188} INFO - [2024-07-07T20:48:46.930-0300] {dag.py:3096} INFO - Sync 1 DAGs
[2024-07-07T20:48:46.965-0300] {logging_mixin.py:188} INFO - [2024-07-07T20:48:46.965-0300] {dag.py:3954} INFO - Setting next_dagrun for example_xcom to 2021-01-01 00:00:00+00:00, run_after=2021-01-01 00:00:00+00:00
[2024-07-07T20:48:47.013-0300] {processor.py:183} INFO - Processing /home/johnny/airflow/lib/python3.12/site-packages/airflow/example_dags/example_xcom.py took 0.168 seconds
[2024-07-07T20:49:58.214-0300] {processor.py:161} INFO - Started process (PID=45858) to work on /home/johnny/airflow/lib/python3.12/site-packages/airflow/example_dags/example_xcom.py
[2024-07-07T20:49:58.217-0300] {processor.py:830} INFO - Processing file /home/johnny/airflow/lib/python3.12/site-packages/airflow/example_dags/example_xcom.py for tasks to queue
[2024-07-07T20:49:58.219-0300] {logging_mixin.py:188} INFO - [2024-07-07T20:49:58.218-0300] {dagbag.py:545} INFO - Filling up the DagBag from /home/johnny/airflow/lib/python3.12/site-packages/airflow/example_dags/example_xcom.py
[2024-07-07T20:49:58.235-0300] {processor.py:840} INFO - DAG(s) 'example_xcom' retrieved from /home/johnny/airflow/lib/python3.12/site-packages/airflow/example_dags/example_xcom.py
[2024-07-07T20:49:58.272-0300] {logging_mixin.py:188} INFO - [2024-07-07T20:49:58.271-0300] {dag.py:3096} INFO - Sync 1 DAGs
[2024-07-07T20:49:58.298-0300] {logging_mixin.py:188} INFO - [2024-07-07T20:49:58.298-0300] {dag.py:3954} INFO - Setting next_dagrun for example_xcom to 2021-01-01 00:00:00+00:00, run_after=2021-01-01 00:00:00+00:00
[2024-07-07T20:49:58.331-0300] {processor.py:183} INFO - Processing /home/johnny/airflow/lib/python3.12/site-packages/airflow/example_dags/example_xcom.py took 0.130 seconds
[2024-07-07T20:51:09.045-0300] {processor.py:161} INFO - Started process (PID=46043) to work on /home/johnny/airflow/lib/python3.12/site-packages/airflow/example_dags/example_xcom.py
[2024-07-07T20:51:09.051-0300] {processor.py:830} INFO - Processing file /home/johnny/airflow/lib/python3.12/site-packages/airflow/example_dags/example_xcom.py for tasks to queue
[2024-07-07T20:51:09.053-0300] {logging_mixin.py:188} INFO - [2024-07-07T20:51:09.052-0300] {dagbag.py:545} INFO - Filling up the DagBag from /home/johnny/airflow/lib/python3.12/site-packages/airflow/example_dags/example_xcom.py
[2024-07-07T20:51:09.070-0300] {processor.py:840} INFO - DAG(s) 'example_xcom' retrieved from /home/johnny/airflow/lib/python3.12/site-packages/airflow/example_dags/example_xcom.py
[2024-07-07T20:51:09.114-0300] {logging_mixin.py:188} INFO - [2024-07-07T20:51:09.114-0300] {dag.py:3096} INFO - Sync 1 DAGs
[2024-07-07T20:51:09.160-0300] {logging_mixin.py:188} INFO - [2024-07-07T20:51:09.159-0300] {dag.py:3954} INFO - Setting next_dagrun for example_xcom to 2021-01-01 00:00:00+00:00, run_after=2021-01-01 00:00:00+00:00
[2024-07-07T20:51:09.213-0300] {processor.py:183} INFO - Processing /home/johnny/airflow/lib/python3.12/site-packages/airflow/example_dags/example_xcom.py took 0.179 seconds
[2024-07-07T20:52:21.392-0300] {processor.py:161} INFO - Started process (PID=46242) to work on /home/johnny/airflow/lib/python3.12/site-packages/airflow/example_dags/example_xcom.py
[2024-07-07T20:52:21.395-0300] {processor.py:830} INFO - Processing file /home/johnny/airflow/lib/python3.12/site-packages/airflow/example_dags/example_xcom.py for tasks to queue
[2024-07-07T20:52:21.398-0300] {logging_mixin.py:188} INFO - [2024-07-07T20:52:21.397-0300] {dagbag.py:545} INFO - Filling up the DagBag from /home/johnny/airflow/lib/python3.12/site-packages/airflow/example_dags/example_xcom.py
[2024-07-07T20:52:21.417-0300] {processor.py:840} INFO - DAG(s) 'example_xcom' retrieved from /home/johnny/airflow/lib/python3.12/site-packages/airflow/example_dags/example_xcom.py
[2024-07-07T20:52:21.455-0300] {logging_mixin.py:188} INFO - [2024-07-07T20:52:21.454-0300] {dag.py:3096} INFO - Sync 1 DAGs
[2024-07-07T20:52:21.514-0300] {logging_mixin.py:188} INFO - [2024-07-07T20:52:21.513-0300] {dag.py:3954} INFO - Setting next_dagrun for example_xcom to 2021-01-01 00:00:00+00:00, run_after=2021-01-01 00:00:00+00:00
[2024-07-07T20:52:21.575-0300] {processor.py:183} INFO - Processing /home/johnny/airflow/lib/python3.12/site-packages/airflow/example_dags/example_xcom.py took 0.195 seconds
[2024-07-07T20:53:24.243-0300] {processor.py:161} INFO - Started process (PID=46405) to work on /home/johnny/airflow/lib/python3.12/site-packages/airflow/example_dags/example_xcom.py
[2024-07-07T20:53:24.246-0300] {processor.py:830} INFO - Processing file /home/johnny/airflow/lib/python3.12/site-packages/airflow/example_dags/example_xcom.py for tasks to queue
[2024-07-07T20:53:24.248-0300] {logging_mixin.py:188} INFO - [2024-07-07T20:53:24.247-0300] {dagbag.py:545} INFO - Filling up the DagBag from /home/johnny/airflow/lib/python3.12/site-packages/airflow/example_dags/example_xcom.py
[2024-07-07T20:53:24.262-0300] {processor.py:840} INFO - DAG(s) 'example_xcom' retrieved from /home/johnny/airflow/lib/python3.12/site-packages/airflow/example_dags/example_xcom.py
[2024-07-07T20:53:24.290-0300] {logging_mixin.py:188} INFO - [2024-07-07T20:53:24.289-0300] {dag.py:3096} INFO - Sync 1 DAGs
[2024-07-07T20:53:24.312-0300] {logging_mixin.py:188} INFO - [2024-07-07T20:53:24.311-0300] {dag.py:3954} INFO - Setting next_dagrun for example_xcom to 2021-01-01 00:00:00+00:00, run_after=2021-01-01 00:00:00+00:00
[2024-07-07T20:53:24.341-0300] {processor.py:183} INFO - Processing /home/johnny/airflow/lib/python3.12/site-packages/airflow/example_dags/example_xcom.py took 0.114 seconds
[2024-07-07T20:54:33.735-0300] {processor.py:161} INFO - Started process (PID=46589) to work on /home/johnny/airflow/lib/python3.12/site-packages/airflow/example_dags/example_xcom.py
[2024-07-07T20:54:33.737-0300] {processor.py:830} INFO - Processing file /home/johnny/airflow/lib/python3.12/site-packages/airflow/example_dags/example_xcom.py for tasks to queue
[2024-07-07T20:54:33.740-0300] {logging_mixin.py:188} INFO - [2024-07-07T20:54:33.739-0300] {dagbag.py:545} INFO - Filling up the DagBag from /home/johnny/airflow/lib/python3.12/site-packages/airflow/example_dags/example_xcom.py
[2024-07-07T20:54:33.759-0300] {processor.py:840} INFO - DAG(s) 'example_xcom' retrieved from /home/johnny/airflow/lib/python3.12/site-packages/airflow/example_dags/example_xcom.py
[2024-07-07T20:54:33.791-0300] {logging_mixin.py:188} INFO - [2024-07-07T20:54:33.790-0300] {dag.py:3096} INFO - Sync 1 DAGs
[2024-07-07T20:54:33.816-0300] {logging_mixin.py:188} INFO - [2024-07-07T20:54:33.815-0300] {dag.py:3954} INFO - Setting next_dagrun for example_xcom to 2021-01-01 00:00:00+00:00, run_after=2021-01-01 00:00:00+00:00
[2024-07-07T20:54:33.873-0300] {processor.py:183} INFO - Processing /home/johnny/airflow/lib/python3.12/site-packages/airflow/example_dags/example_xcom.py took 0.151 seconds
[2024-07-07T20:55:41.265-0300] {processor.py:161} INFO - Started process (PID=46769) to work on /home/johnny/airflow/lib/python3.12/site-packages/airflow/example_dags/example_xcom.py
[2024-07-07T20:55:41.267-0300] {processor.py:830} INFO - Processing file /home/johnny/airflow/lib/python3.12/site-packages/airflow/example_dags/example_xcom.py for tasks to queue
[2024-07-07T20:55:41.270-0300] {logging_mixin.py:188} INFO - [2024-07-07T20:55:41.269-0300] {dagbag.py:545} INFO - Filling up the DagBag from /home/johnny/airflow/lib/python3.12/site-packages/airflow/example_dags/example_xcom.py
[2024-07-07T20:55:41.291-0300] {processor.py:840} INFO - DAG(s) 'example_xcom' retrieved from /home/johnny/airflow/lib/python3.12/site-packages/airflow/example_dags/example_xcom.py
[2024-07-07T20:55:41.327-0300] {logging_mixin.py:188} INFO - [2024-07-07T20:55:41.327-0300] {dag.py:3096} INFO - Sync 1 DAGs
[2024-07-07T20:55:41.376-0300] {logging_mixin.py:188} INFO - [2024-07-07T20:55:41.375-0300] {dag.py:3954} INFO - Setting next_dagrun for example_xcom to 2021-01-01 00:00:00+00:00, run_after=2021-01-01 00:00:00+00:00
[2024-07-07T20:55:41.424-0300] {processor.py:183} INFO - Processing /home/johnny/airflow/lib/python3.12/site-packages/airflow/example_dags/example_xcom.py took 0.174 seconds
[2024-07-07T20:56:51.091-0300] {processor.py:161} INFO - Started process (PID=46959) to work on /home/johnny/airflow/lib/python3.12/site-packages/airflow/example_dags/example_xcom.py
[2024-07-07T20:56:51.097-0300] {processor.py:830} INFO - Processing file /home/johnny/airflow/lib/python3.12/site-packages/airflow/example_dags/example_xcom.py for tasks to queue
[2024-07-07T20:56:51.100-0300] {logging_mixin.py:188} INFO - [2024-07-07T20:56:51.098-0300] {dagbag.py:545} INFO - Filling up the DagBag from /home/johnny/airflow/lib/python3.12/site-packages/airflow/example_dags/example_xcom.py
[2024-07-07T20:56:51.137-0300] {processor.py:840} INFO - DAG(s) 'example_xcom' retrieved from /home/johnny/airflow/lib/python3.12/site-packages/airflow/example_dags/example_xcom.py
[2024-07-07T20:56:51.205-0300] {logging_mixin.py:188} INFO - [2024-07-07T20:56:51.204-0300] {dag.py:3096} INFO - Sync 1 DAGs
[2024-07-07T20:56:51.248-0300] {logging_mixin.py:188} INFO - [2024-07-07T20:56:51.248-0300] {dag.py:3954} INFO - Setting next_dagrun for example_xcom to 2021-01-01 00:00:00+00:00, run_after=2021-01-01 00:00:00+00:00
[2024-07-07T20:56:51.301-0300] {processor.py:183} INFO - Processing /home/johnny/airflow/lib/python3.12/site-packages/airflow/example_dags/example_xcom.py took 0.225 seconds
[2024-07-07T20:58:00.361-0300] {processor.py:161} INFO - Started process (PID=47145) to work on /home/johnny/airflow/lib/python3.12/site-packages/airflow/example_dags/example_xcom.py
[2024-07-07T20:58:00.364-0300] {processor.py:830} INFO - Processing file /home/johnny/airflow/lib/python3.12/site-packages/airflow/example_dags/example_xcom.py for tasks to queue
[2024-07-07T20:58:00.367-0300] {logging_mixin.py:188} INFO - [2024-07-07T20:58:00.366-0300] {dagbag.py:545} INFO - Filling up the DagBag from /home/johnny/airflow/lib/python3.12/site-packages/airflow/example_dags/example_xcom.py
[2024-07-07T20:58:00.385-0300] {processor.py:840} INFO - DAG(s) 'example_xcom' retrieved from /home/johnny/airflow/lib/python3.12/site-packages/airflow/example_dags/example_xcom.py
[2024-07-07T20:58:00.421-0300] {logging_mixin.py:188} INFO - [2024-07-07T20:58:00.420-0300] {dag.py:3096} INFO - Sync 1 DAGs
[2024-07-07T20:58:00.486-0300] {logging_mixin.py:188} INFO - [2024-07-07T20:58:00.486-0300] {dag.py:3954} INFO - Setting next_dagrun for example_xcom to 2021-01-01 00:00:00+00:00, run_after=2021-01-01 00:00:00+00:00
[2024-07-07T20:58:00.542-0300] {processor.py:183} INFO - Processing /home/johnny/airflow/lib/python3.12/site-packages/airflow/example_dags/example_xcom.py took 0.196 seconds
[2024-07-07T20:59:10.655-0300] {processor.py:161} INFO - Started process (PID=47364) to work on /home/johnny/airflow/lib/python3.12/site-packages/airflow/example_dags/example_xcom.py
[2024-07-07T20:59:10.658-0300] {processor.py:830} INFO - Processing file /home/johnny/airflow/lib/python3.12/site-packages/airflow/example_dags/example_xcom.py for tasks to queue
[2024-07-07T20:59:10.660-0300] {logging_mixin.py:188} INFO - [2024-07-07T20:59:10.659-0300] {dagbag.py:545} INFO - Filling up the DagBag from /home/johnny/airflow/lib/python3.12/site-packages/airflow/example_dags/example_xcom.py
[2024-07-07T20:59:10.677-0300] {processor.py:840} INFO - DAG(s) 'example_xcom' retrieved from /home/johnny/airflow/lib/python3.12/site-packages/airflow/example_dags/example_xcom.py
[2024-07-07T20:59:10.713-0300] {logging_mixin.py:188} INFO - [2024-07-07T20:59:10.713-0300] {dag.py:3096} INFO - Sync 1 DAGs
[2024-07-07T20:59:10.773-0300] {logging_mixin.py:188} INFO - [2024-07-07T20:59:10.772-0300] {dag.py:3954} INFO - Setting next_dagrun for example_xcom to 2021-01-01 00:00:00+00:00, run_after=2021-01-01 00:00:00+00:00
[2024-07-07T20:59:10.860-0300] {processor.py:183} INFO - Processing /home/johnny/airflow/lib/python3.12/site-packages/airflow/example_dags/example_xcom.py took 0.218 seconds
