[2024-07-07T14:04:32.096-0300] {processor.py:161} INFO - Started process (PID=2990) to work on /home/johnny/airflow_env/lib/python3.12/site-packages/airflow/example_dags/example_python_operator.py
[2024-07-07T14:04:32.098-0300] {processor.py:830} INFO - Processing file /home/johnny/airflow_env/lib/python3.12/site-packages/airflow/example_dags/example_python_operator.py for tasks to queue
[2024-07-07T14:04:32.101-0300] {logging_mixin.py:188} INFO - [2024-07-07T14:04:32.100-0300] {dagbag.py:545} INFO - Filling up the DagBag from /home/johnny/airflow_env/lib/python3.12/site-packages/airflow/example_dags/example_python_operator.py
[2024-07-07T14:04:32.129-0300] {processor.py:840} INFO - DAG(s) 'example_python_operator' retrieved from /home/johnny/airflow_env/lib/python3.12/site-packages/airflow/example_dags/example_python_operator.py
[2024-07-07T14:04:32.260-0300] {logging_mixin.py:188} INFO - [2024-07-07T14:04:32.259-0300] {override.py:1847} INFO - Created Permission View: can delete on DAG:example_python_operator
[2024-07-07T14:04:32.278-0300] {logging_mixin.py:188} INFO - [2024-07-07T14:04:32.277-0300] {override.py:1847} INFO - Created Permission View: can read on DAG:example_python_operator
[2024-07-07T14:04:32.349-0300] {logging_mixin.py:188} INFO - [2024-07-07T14:04:32.348-0300] {override.py:1847} INFO - Created Permission View: can edit on DAG:example_python_operator
[2024-07-07T14:04:32.350-0300] {logging_mixin.py:188} INFO - [2024-07-07T14:04:32.350-0300] {dag.py:3096} INFO - Sync 1 DAGs
[2024-07-07T14:04:32.373-0300] {logging_mixin.py:188} INFO - [2024-07-07T14:04:32.372-0300] {dag.py:3118} INFO - Creating ORM DAG for example_python_operator
[2024-07-07T14:04:32.374-0300] {logging_mixin.py:188} INFO - [2024-07-07T14:04:32.374-0300] {dag.py:3954} INFO - Setting next_dagrun for example_python_operator to None, run_after=None
[2024-07-07T14:04:32.419-0300] {processor.py:183} INFO - Processing /home/johnny/airflow_env/lib/python3.12/site-packages/airflow/example_dags/example_python_operator.py took 0.334 seconds
[2024-07-07T14:05:38.675-0300] {processor.py:161} INFO - Started process (PID=3041) to work on /home/johnny/airflow_env/lib/python3.12/site-packages/airflow/example_dags/example_python_operator.py
[2024-07-07T14:05:38.678-0300] {processor.py:830} INFO - Processing file /home/johnny/airflow_env/lib/python3.12/site-packages/airflow/example_dags/example_python_operator.py for tasks to queue
[2024-07-07T14:05:38.681-0300] {logging_mixin.py:188} INFO - [2024-07-07T14:05:38.680-0300] {dagbag.py:545} INFO - Filling up the DagBag from /home/johnny/airflow_env/lib/python3.12/site-packages/airflow/example_dags/example_python_operator.py
[2024-07-07T14:05:38.703-0300] {processor.py:840} INFO - DAG(s) 'example_python_operator' retrieved from /home/johnny/airflow_env/lib/python3.12/site-packages/airflow/example_dags/example_python_operator.py
[2024-07-07T14:05:38.735-0300] {logging_mixin.py:188} INFO - [2024-07-07T14:05:38.734-0300] {dag.py:3096} INFO - Sync 1 DAGs
[2024-07-07T14:05:38.751-0300] {logging_mixin.py:188} INFO - [2024-07-07T14:05:38.750-0300] {dag.py:3954} INFO - Setting next_dagrun for example_python_operator to None, run_after=None
[2024-07-07T14:05:38.782-0300] {processor.py:183} INFO - Processing /home/johnny/airflow_env/lib/python3.12/site-packages/airflow/example_dags/example_python_operator.py took 0.118 seconds
[2024-07-07T14:06:35.861-0300] {processor.py:161} INFO - Started process (PID=3092) to work on /home/johnny/airflow_env/lib/python3.12/site-packages/airflow/example_dags/example_python_operator.py
[2024-07-07T14:06:35.864-0300] {processor.py:830} INFO - Processing file /home/johnny/airflow_env/lib/python3.12/site-packages/airflow/example_dags/example_python_operator.py for tasks to queue
[2024-07-07T14:06:35.867-0300] {logging_mixin.py:188} INFO - [2024-07-07T14:06:35.866-0300] {dagbag.py:545} INFO - Filling up the DagBag from /home/johnny/airflow_env/lib/python3.12/site-packages/airflow/example_dags/example_python_operator.py
[2024-07-07T14:06:35.889-0300] {processor.py:840} INFO - DAG(s) 'example_python_operator' retrieved from /home/johnny/airflow_env/lib/python3.12/site-packages/airflow/example_dags/example_python_operator.py
[2024-07-07T14:06:35.926-0300] {logging_mixin.py:188} INFO - [2024-07-07T14:06:35.926-0300] {dag.py:3096} INFO - Sync 1 DAGs
[2024-07-07T14:06:35.948-0300] {logging_mixin.py:188} INFO - [2024-07-07T14:06:35.947-0300] {dag.py:3954} INFO - Setting next_dagrun for example_python_operator to None, run_after=None
[2024-07-07T14:06:35.991-0300] {processor.py:183} INFO - Processing /home/johnny/airflow_env/lib/python3.12/site-packages/airflow/example_dags/example_python_operator.py took 0.140 seconds
[2024-07-07T14:07:32.210-0300] {processor.py:161} INFO - Started process (PID=3142) to work on /home/johnny/airflow_env/lib/python3.12/site-packages/airflow/example_dags/example_python_operator.py
[2024-07-07T14:07:32.213-0300] {processor.py:830} INFO - Processing file /home/johnny/airflow_env/lib/python3.12/site-packages/airflow/example_dags/example_python_operator.py for tasks to queue
[2024-07-07T14:07:32.219-0300] {logging_mixin.py:188} INFO - [2024-07-07T14:07:32.217-0300] {dagbag.py:545} INFO - Filling up the DagBag from /home/johnny/airflow_env/lib/python3.12/site-packages/airflow/example_dags/example_python_operator.py
[2024-07-07T14:07:32.247-0300] {processor.py:840} INFO - DAG(s) 'example_python_operator' retrieved from /home/johnny/airflow_env/lib/python3.12/site-packages/airflow/example_dags/example_python_operator.py
[2024-07-07T14:07:32.295-0300] {logging_mixin.py:188} INFO - [2024-07-07T14:07:32.295-0300] {dag.py:3096} INFO - Sync 1 DAGs
[2024-07-07T14:07:32.320-0300] {logging_mixin.py:188} INFO - [2024-07-07T14:07:32.319-0300] {dag.py:3954} INFO - Setting next_dagrun for example_python_operator to None, run_after=None
[2024-07-07T14:07:32.376-0300] {processor.py:183} INFO - Processing /home/johnny/airflow_env/lib/python3.12/site-packages/airflow/example_dags/example_python_operator.py took 0.179 seconds
[2024-07-07T19:45:38.171-0300] {processor.py:161} INFO - Started process (PID=35282) to work on /home/johnny/airflow/lib/python3.12/site-packages/airflow/example_dags/example_python_operator.py
[2024-07-07T19:45:38.177-0300] {processor.py:830} INFO - Processing file /home/johnny/airflow/lib/python3.12/site-packages/airflow/example_dags/example_python_operator.py for tasks to queue
[2024-07-07T19:45:38.183-0300] {logging_mixin.py:188} INFO - [2024-07-07T19:45:38.181-0300] {dagbag.py:545} INFO - Filling up the DagBag from /home/johnny/airflow/lib/python3.12/site-packages/airflow/example_dags/example_python_operator.py
[2024-07-07T19:45:38.208-0300] {processor.py:840} INFO - DAG(s) 'example_python_operator' retrieved from /home/johnny/airflow/lib/python3.12/site-packages/airflow/example_dags/example_python_operator.py
[2024-07-07T19:45:38.389-0300] {logging_mixin.py:188} INFO - [2024-07-07T19:45:38.388-0300] {dag.py:3096} INFO - Sync 1 DAGs
[2024-07-07T19:45:38.421-0300] {logging_mixin.py:188} INFO - [2024-07-07T19:45:38.421-0300] {dag.py:3954} INFO - Setting next_dagrun for example_python_operator to None, run_after=None
[2024-07-07T19:45:38.687-0300] {processor.py:183} INFO - Processing /home/johnny/airflow/lib/python3.12/site-packages/airflow/example_dags/example_python_operator.py took 0.529 seconds
[2024-07-07T19:46:46.908-0300] {processor.py:161} INFO - Started process (PID=35449) to work on /home/johnny/airflow/lib/python3.12/site-packages/airflow/example_dags/example_python_operator.py
[2024-07-07T19:46:46.915-0300] {processor.py:830} INFO - Processing file /home/johnny/airflow/lib/python3.12/site-packages/airflow/example_dags/example_python_operator.py for tasks to queue
[2024-07-07T19:46:46.919-0300] {logging_mixin.py:188} INFO - [2024-07-07T19:46:46.918-0300] {dagbag.py:545} INFO - Filling up the DagBag from /home/johnny/airflow/lib/python3.12/site-packages/airflow/example_dags/example_python_operator.py
[2024-07-07T19:46:46.947-0300] {processor.py:840} INFO - DAG(s) 'example_python_operator' retrieved from /home/johnny/airflow/lib/python3.12/site-packages/airflow/example_dags/example_python_operator.py
[2024-07-07T19:46:46.978-0300] {logging_mixin.py:188} INFO - [2024-07-07T19:46:46.977-0300] {dag.py:3096} INFO - Sync 1 DAGs
[2024-07-07T19:46:46.998-0300] {logging_mixin.py:188} INFO - [2024-07-07T19:46:46.998-0300] {dag.py:3954} INFO - Setting next_dagrun for example_python_operator to None, run_after=None
[2024-07-07T19:46:47.043-0300] {processor.py:183} INFO - Processing /home/johnny/airflow/lib/python3.12/site-packages/airflow/example_dags/example_python_operator.py took 0.150 seconds
[2024-07-07T19:48:01.183-0300] {processor.py:161} INFO - Started process (PID=35655) to work on /home/johnny/airflow/lib/python3.12/site-packages/airflow/example_dags/example_python_operator.py
[2024-07-07T19:48:01.185-0300] {processor.py:830} INFO - Processing file /home/johnny/airflow/lib/python3.12/site-packages/airflow/example_dags/example_python_operator.py for tasks to queue
[2024-07-07T19:48:01.188-0300] {logging_mixin.py:188} INFO - [2024-07-07T19:48:01.187-0300] {dagbag.py:545} INFO - Filling up the DagBag from /home/johnny/airflow/lib/python3.12/site-packages/airflow/example_dags/example_python_operator.py
[2024-07-07T19:48:01.213-0300] {processor.py:840} INFO - DAG(s) 'example_python_operator' retrieved from /home/johnny/airflow/lib/python3.12/site-packages/airflow/example_dags/example_python_operator.py
[2024-07-07T19:48:01.268-0300] {logging_mixin.py:188} INFO - [2024-07-07T19:48:01.266-0300] {dag.py:3096} INFO - Sync 1 DAGs
[2024-07-07T19:48:01.307-0300] {logging_mixin.py:188} INFO - [2024-07-07T19:48:01.307-0300] {dag.py:3954} INFO - Setting next_dagrun for example_python_operator to None, run_after=None
[2024-07-07T19:48:01.360-0300] {processor.py:183} INFO - Processing /home/johnny/airflow/lib/python3.12/site-packages/airflow/example_dags/example_python_operator.py took 0.185 seconds
[2024-07-07T19:49:07.763-0300] {processor.py:161} INFO - Started process (PID=35859) to work on /home/johnny/airflow/lib/python3.12/site-packages/airflow/example_dags/example_python_operator.py
[2024-07-07T19:49:07.769-0300] {processor.py:830} INFO - Processing file /home/johnny/airflow/lib/python3.12/site-packages/airflow/example_dags/example_python_operator.py for tasks to queue
[2024-07-07T19:49:07.774-0300] {logging_mixin.py:188} INFO - [2024-07-07T19:49:07.772-0300] {dagbag.py:545} INFO - Filling up the DagBag from /home/johnny/airflow/lib/python3.12/site-packages/airflow/example_dags/example_python_operator.py
[2024-07-07T19:49:07.807-0300] {processor.py:840} INFO - DAG(s) 'example_python_operator' retrieved from /home/johnny/airflow/lib/python3.12/site-packages/airflow/example_dags/example_python_operator.py
[2024-07-07T19:49:07.861-0300] {logging_mixin.py:188} INFO - [2024-07-07T19:49:07.860-0300] {dag.py:3096} INFO - Sync 1 DAGs
[2024-07-07T19:49:07.887-0300] {logging_mixin.py:188} INFO - [2024-07-07T19:49:07.887-0300] {dag.py:3954} INFO - Setting next_dagrun for example_python_operator to None, run_after=None
[2024-07-07T19:49:07.936-0300] {processor.py:183} INFO - Processing /home/johnny/airflow/lib/python3.12/site-packages/airflow/example_dags/example_python_operator.py took 0.189 seconds
[2024-07-07T19:50:12.128-0300] {processor.py:161} INFO - Started process (PID=36034) to work on /home/johnny/airflow/lib/python3.12/site-packages/airflow/example_dags/example_python_operator.py
[2024-07-07T19:50:12.133-0300] {processor.py:830} INFO - Processing file /home/johnny/airflow/lib/python3.12/site-packages/airflow/example_dags/example_python_operator.py for tasks to queue
[2024-07-07T19:50:12.137-0300] {logging_mixin.py:188} INFO - [2024-07-07T19:50:12.136-0300] {dagbag.py:545} INFO - Filling up the DagBag from /home/johnny/airflow/lib/python3.12/site-packages/airflow/example_dags/example_python_operator.py
[2024-07-07T19:50:12.160-0300] {processor.py:840} INFO - DAG(s) 'example_python_operator' retrieved from /home/johnny/airflow/lib/python3.12/site-packages/airflow/example_dags/example_python_operator.py
[2024-07-07T19:50:12.196-0300] {logging_mixin.py:188} INFO - [2024-07-07T19:50:12.196-0300] {dag.py:3096} INFO - Sync 1 DAGs
[2024-07-07T19:50:12.214-0300] {logging_mixin.py:188} INFO - [2024-07-07T19:50:12.214-0300] {dag.py:3954} INFO - Setting next_dagrun for example_python_operator to None, run_after=None
[2024-07-07T19:50:12.266-0300] {processor.py:183} INFO - Processing /home/johnny/airflow/lib/python3.12/site-packages/airflow/example_dags/example_python_operator.py took 0.149 seconds
[2024-07-07T19:51:25.655-0300] {processor.py:161} INFO - Started process (PID=36239) to work on /home/johnny/airflow/lib/python3.12/site-packages/airflow/example_dags/example_python_operator.py
[2024-07-07T19:51:25.660-0300] {processor.py:830} INFO - Processing file /home/johnny/airflow/lib/python3.12/site-packages/airflow/example_dags/example_python_operator.py for tasks to queue
[2024-07-07T19:51:25.664-0300] {logging_mixin.py:188} INFO - [2024-07-07T19:51:25.663-0300] {dagbag.py:545} INFO - Filling up the DagBag from /home/johnny/airflow/lib/python3.12/site-packages/airflow/example_dags/example_python_operator.py
[2024-07-07T19:51:25.687-0300] {processor.py:840} INFO - DAG(s) 'example_python_operator' retrieved from /home/johnny/airflow/lib/python3.12/site-packages/airflow/example_dags/example_python_operator.py
[2024-07-07T19:51:25.727-0300] {logging_mixin.py:188} INFO - [2024-07-07T19:51:25.726-0300] {dag.py:3096} INFO - Sync 1 DAGs
[2024-07-07T19:51:25.763-0300] {logging_mixin.py:188} INFO - [2024-07-07T19:51:25.763-0300] {dag.py:3954} INFO - Setting next_dagrun for example_python_operator to None, run_after=None
[2024-07-07T19:51:25.821-0300] {processor.py:183} INFO - Processing /home/johnny/airflow/lib/python3.12/site-packages/airflow/example_dags/example_python_operator.py took 0.179 seconds
[2024-07-07T19:52:35.226-0300] {processor.py:161} INFO - Started process (PID=36420) to work on /home/johnny/airflow/lib/python3.12/site-packages/airflow/example_dags/example_python_operator.py
[2024-07-07T19:52:35.231-0300] {processor.py:830} INFO - Processing file /home/johnny/airflow/lib/python3.12/site-packages/airflow/example_dags/example_python_operator.py for tasks to queue
[2024-07-07T19:52:35.236-0300] {logging_mixin.py:188} INFO - [2024-07-07T19:52:35.235-0300] {dagbag.py:545} INFO - Filling up the DagBag from /home/johnny/airflow/lib/python3.12/site-packages/airflow/example_dags/example_python_operator.py
[2024-07-07T19:52:35.269-0300] {processor.py:840} INFO - DAG(s) 'example_python_operator' retrieved from /home/johnny/airflow/lib/python3.12/site-packages/airflow/example_dags/example_python_operator.py
[2024-07-07T19:52:35.309-0300] {logging_mixin.py:188} INFO - [2024-07-07T19:52:35.308-0300] {dag.py:3096} INFO - Sync 1 DAGs
[2024-07-07T19:52:35.349-0300] {logging_mixin.py:188} INFO - [2024-07-07T19:52:35.349-0300] {dag.py:3954} INFO - Setting next_dagrun for example_python_operator to None, run_after=None
[2024-07-07T19:52:35.425-0300] {processor.py:183} INFO - Processing /home/johnny/airflow/lib/python3.12/site-packages/airflow/example_dags/example_python_operator.py took 0.212 seconds
[2024-07-07T19:53:46.779-0300] {processor.py:161} INFO - Started process (PID=36621) to work on /home/johnny/airflow/lib/python3.12/site-packages/airflow/example_dags/example_python_operator.py
[2024-07-07T19:53:46.782-0300] {processor.py:830} INFO - Processing file /home/johnny/airflow/lib/python3.12/site-packages/airflow/example_dags/example_python_operator.py for tasks to queue
[2024-07-07T19:53:46.786-0300] {logging_mixin.py:188} INFO - [2024-07-07T19:53:46.785-0300] {dagbag.py:545} INFO - Filling up the DagBag from /home/johnny/airflow/lib/python3.12/site-packages/airflow/example_dags/example_python_operator.py
[2024-07-07T19:53:46.812-0300] {processor.py:840} INFO - DAG(s) 'example_python_operator' retrieved from /home/johnny/airflow/lib/python3.12/site-packages/airflow/example_dags/example_python_operator.py
[2024-07-07T19:53:46.849-0300] {logging_mixin.py:188} INFO - [2024-07-07T19:53:46.848-0300] {dag.py:3096} INFO - Sync 1 DAGs
[2024-07-07T19:53:46.879-0300] {logging_mixin.py:188} INFO - [2024-07-07T19:53:46.878-0300] {dag.py:3954} INFO - Setting next_dagrun for example_python_operator to None, run_after=None
[2024-07-07T19:53:46.935-0300] {processor.py:183} INFO - Processing /home/johnny/airflow/lib/python3.12/site-packages/airflow/example_dags/example_python_operator.py took 0.169 seconds
[2024-07-07T19:54:53.964-0300] {processor.py:161} INFO - Started process (PID=36804) to work on /home/johnny/airflow/lib/python3.12/site-packages/airflow/example_dags/example_python_operator.py
[2024-07-07T19:54:53.966-0300] {processor.py:830} INFO - Processing file /home/johnny/airflow/lib/python3.12/site-packages/airflow/example_dags/example_python_operator.py for tasks to queue
[2024-07-07T19:54:53.969-0300] {logging_mixin.py:188} INFO - [2024-07-07T19:54:53.968-0300] {dagbag.py:545} INFO - Filling up the DagBag from /home/johnny/airflow/lib/python3.12/site-packages/airflow/example_dags/example_python_operator.py
[2024-07-07T19:54:53.997-0300] {processor.py:840} INFO - DAG(s) 'example_python_operator' retrieved from /home/johnny/airflow/lib/python3.12/site-packages/airflow/example_dags/example_python_operator.py
[2024-07-07T19:54:54.038-0300] {logging_mixin.py:188} INFO - [2024-07-07T19:54:54.037-0300] {dag.py:3096} INFO - Sync 1 DAGs
[2024-07-07T19:54:54.073-0300] {logging_mixin.py:188} INFO - [2024-07-07T19:54:54.072-0300] {dag.py:3954} INFO - Setting next_dagrun for example_python_operator to None, run_after=None
[2024-07-07T19:54:54.124-0300] {processor.py:183} INFO - Processing /home/johnny/airflow/lib/python3.12/site-packages/airflow/example_dags/example_python_operator.py took 0.200 seconds
[2024-07-07T19:56:05.773-0300] {processor.py:161} INFO - Started process (PID=36999) to work on /home/johnny/airflow/lib/python3.12/site-packages/airflow/example_dags/example_python_operator.py
[2024-07-07T19:56:05.780-0300] {processor.py:830} INFO - Processing file /home/johnny/airflow/lib/python3.12/site-packages/airflow/example_dags/example_python_operator.py for tasks to queue
[2024-07-07T19:56:05.782-0300] {logging_mixin.py:188} INFO - [2024-07-07T19:56:05.781-0300] {dagbag.py:545} INFO - Filling up the DagBag from /home/johnny/airflow/lib/python3.12/site-packages/airflow/example_dags/example_python_operator.py
[2024-07-07T19:56:05.807-0300] {processor.py:840} INFO - DAG(s) 'example_python_operator' retrieved from /home/johnny/airflow/lib/python3.12/site-packages/airflow/example_dags/example_python_operator.py
[2024-07-07T19:56:05.851-0300] {logging_mixin.py:188} INFO - [2024-07-07T19:56:05.851-0300] {dag.py:3096} INFO - Sync 1 DAGs
[2024-07-07T19:56:05.888-0300] {logging_mixin.py:188} INFO - [2024-07-07T19:56:05.888-0300] {dag.py:3954} INFO - Setting next_dagrun for example_python_operator to None, run_after=None
[2024-07-07T19:56:05.945-0300] {processor.py:183} INFO - Processing /home/johnny/airflow/lib/python3.12/site-packages/airflow/example_dags/example_python_operator.py took 0.184 seconds
[2024-07-07T19:57:20.076-0300] {processor.py:161} INFO - Started process (PID=37194) to work on /home/johnny/airflow/lib/python3.12/site-packages/airflow/example_dags/example_python_operator.py
[2024-07-07T19:57:20.082-0300] {processor.py:830} INFO - Processing file /home/johnny/airflow/lib/python3.12/site-packages/airflow/example_dags/example_python_operator.py for tasks to queue
[2024-07-07T19:57:20.085-0300] {logging_mixin.py:188} INFO - [2024-07-07T19:57:20.084-0300] {dagbag.py:545} INFO - Filling up the DagBag from /home/johnny/airflow/lib/python3.12/site-packages/airflow/example_dags/example_python_operator.py
[2024-07-07T19:57:20.111-0300] {processor.py:840} INFO - DAG(s) 'example_python_operator' retrieved from /home/johnny/airflow/lib/python3.12/site-packages/airflow/example_dags/example_python_operator.py
[2024-07-07T19:57:20.148-0300] {logging_mixin.py:188} INFO - [2024-07-07T19:57:20.147-0300] {dag.py:3096} INFO - Sync 1 DAGs
[2024-07-07T19:57:20.188-0300] {logging_mixin.py:188} INFO - [2024-07-07T19:57:20.187-0300] {dag.py:3954} INFO - Setting next_dagrun for example_python_operator to None, run_after=None
[2024-07-07T19:57:20.241-0300] {processor.py:183} INFO - Processing /home/johnny/airflow/lib/python3.12/site-packages/airflow/example_dags/example_python_operator.py took 0.179 seconds
[2024-07-07T19:58:31.663-0300] {processor.py:161} INFO - Started process (PID=37407) to work on /home/johnny/airflow/lib/python3.12/site-packages/airflow/example_dags/example_python_operator.py
[2024-07-07T19:58:31.669-0300] {processor.py:830} INFO - Processing file /home/johnny/airflow/lib/python3.12/site-packages/airflow/example_dags/example_python_operator.py for tasks to queue
[2024-07-07T19:58:31.672-0300] {logging_mixin.py:188} INFO - [2024-07-07T19:58:31.671-0300] {dagbag.py:545} INFO - Filling up the DagBag from /home/johnny/airflow/lib/python3.12/site-packages/airflow/example_dags/example_python_operator.py
[2024-07-07T19:58:31.695-0300] {processor.py:840} INFO - DAG(s) 'example_python_operator' retrieved from /home/johnny/airflow/lib/python3.12/site-packages/airflow/example_dags/example_python_operator.py
[2024-07-07T19:58:31.736-0300] {logging_mixin.py:188} INFO - [2024-07-07T19:58:31.735-0300] {dag.py:3096} INFO - Sync 1 DAGs
[2024-07-07T19:58:31.763-0300] {logging_mixin.py:188} INFO - [2024-07-07T19:58:31.762-0300] {dag.py:3954} INFO - Setting next_dagrun for example_python_operator to None, run_after=None
[2024-07-07T19:58:31.820-0300] {processor.py:183} INFO - Processing /home/johnny/airflow/lib/python3.12/site-packages/airflow/example_dags/example_python_operator.py took 0.171 seconds
[2024-07-07T19:59:35.970-0300] {processor.py:161} INFO - Started process (PID=37583) to work on /home/johnny/airflow/lib/python3.12/site-packages/airflow/example_dags/example_python_operator.py
[2024-07-07T19:59:35.973-0300] {processor.py:830} INFO - Processing file /home/johnny/airflow/lib/python3.12/site-packages/airflow/example_dags/example_python_operator.py for tasks to queue
[2024-07-07T19:59:35.976-0300] {logging_mixin.py:188} INFO - [2024-07-07T19:59:35.975-0300] {dagbag.py:545} INFO - Filling up the DagBag from /home/johnny/airflow/lib/python3.12/site-packages/airflow/example_dags/example_python_operator.py
[2024-07-07T19:59:36.009-0300] {processor.py:840} INFO - DAG(s) 'example_python_operator' retrieved from /home/johnny/airflow/lib/python3.12/site-packages/airflow/example_dags/example_python_operator.py
[2024-07-07T19:59:36.051-0300] {logging_mixin.py:188} INFO - [2024-07-07T19:59:36.050-0300] {dag.py:3096} INFO - Sync 1 DAGs
[2024-07-07T19:59:36.082-0300] {logging_mixin.py:188} INFO - [2024-07-07T19:59:36.081-0300] {dag.py:3954} INFO - Setting next_dagrun for example_python_operator to None, run_after=None
[2024-07-07T19:59:36.142-0300] {processor.py:183} INFO - Processing /home/johnny/airflow/lib/python3.12/site-packages/airflow/example_dags/example_python_operator.py took 0.184 seconds
[2024-07-07T20:00:40.461-0300] {processor.py:161} INFO - Started process (PID=37768) to work on /home/johnny/airflow/lib/python3.12/site-packages/airflow/example_dags/example_python_operator.py
[2024-07-07T20:00:40.464-0300] {processor.py:830} INFO - Processing file /home/johnny/airflow/lib/python3.12/site-packages/airflow/example_dags/example_python_operator.py for tasks to queue
[2024-07-07T20:00:40.466-0300] {logging_mixin.py:188} INFO - [2024-07-07T20:00:40.465-0300] {dagbag.py:545} INFO - Filling up the DagBag from /home/johnny/airflow/lib/python3.12/site-packages/airflow/example_dags/example_python_operator.py
[2024-07-07T20:00:40.487-0300] {processor.py:840} INFO - DAG(s) 'example_python_operator' retrieved from /home/johnny/airflow/lib/python3.12/site-packages/airflow/example_dags/example_python_operator.py
[2024-07-07T20:00:40.523-0300] {logging_mixin.py:188} INFO - [2024-07-07T20:00:40.523-0300] {dag.py:3096} INFO - Sync 1 DAGs
[2024-07-07T20:00:40.548-0300] {logging_mixin.py:188} INFO - [2024-07-07T20:00:40.548-0300] {dag.py:3954} INFO - Setting next_dagrun for example_python_operator to None, run_after=None
[2024-07-07T20:00:40.594-0300] {processor.py:183} INFO - Processing /home/johnny/airflow/lib/python3.12/site-packages/airflow/example_dags/example_python_operator.py took 0.145 seconds
[2024-07-07T20:01:47.471-0300] {processor.py:161} INFO - Started process (PID=37950) to work on /home/johnny/airflow/lib/python3.12/site-packages/airflow/example_dags/example_python_operator.py
[2024-07-07T20:01:47.474-0300] {processor.py:830} INFO - Processing file /home/johnny/airflow/lib/python3.12/site-packages/airflow/example_dags/example_python_operator.py for tasks to queue
[2024-07-07T20:01:47.477-0300] {logging_mixin.py:188} INFO - [2024-07-07T20:01:47.476-0300] {dagbag.py:545} INFO - Filling up the DagBag from /home/johnny/airflow/lib/python3.12/site-packages/airflow/example_dags/example_python_operator.py
[2024-07-07T20:01:47.501-0300] {processor.py:840} INFO - DAG(s) 'example_python_operator' retrieved from /home/johnny/airflow/lib/python3.12/site-packages/airflow/example_dags/example_python_operator.py
[2024-07-07T20:01:47.536-0300] {logging_mixin.py:188} INFO - [2024-07-07T20:01:47.536-0300] {dag.py:3096} INFO - Sync 1 DAGs
[2024-07-07T20:01:47.556-0300] {logging_mixin.py:188} INFO - [2024-07-07T20:01:47.556-0300] {dag.py:3954} INFO - Setting next_dagrun for example_python_operator to None, run_after=None
[2024-07-07T20:01:47.599-0300] {processor.py:183} INFO - Processing /home/johnny/airflow/lib/python3.12/site-packages/airflow/example_dags/example_python_operator.py took 0.143 seconds
[2024-07-07T20:02:52.870-0300] {processor.py:161} INFO - Started process (PID=38122) to work on /home/johnny/airflow/lib/python3.12/site-packages/airflow/example_dags/example_python_operator.py
[2024-07-07T20:02:52.873-0300] {processor.py:830} INFO - Processing file /home/johnny/airflow/lib/python3.12/site-packages/airflow/example_dags/example_python_operator.py for tasks to queue
[2024-07-07T20:02:52.876-0300] {logging_mixin.py:188} INFO - [2024-07-07T20:02:52.874-0300] {dagbag.py:545} INFO - Filling up the DagBag from /home/johnny/airflow/lib/python3.12/site-packages/airflow/example_dags/example_python_operator.py
[2024-07-07T20:02:52.897-0300] {processor.py:840} INFO - DAG(s) 'example_python_operator' retrieved from /home/johnny/airflow/lib/python3.12/site-packages/airflow/example_dags/example_python_operator.py
[2024-07-07T20:02:52.920-0300] {logging_mixin.py:188} INFO - [2024-07-07T20:02:52.920-0300] {dag.py:3096} INFO - Sync 1 DAGs
[2024-07-07T20:02:52.935-0300] {logging_mixin.py:188} INFO - [2024-07-07T20:02:52.934-0300] {dag.py:3954} INFO - Setting next_dagrun for example_python_operator to None, run_after=None
[2024-07-07T20:02:52.981-0300] {processor.py:183} INFO - Processing /home/johnny/airflow/lib/python3.12/site-packages/airflow/example_dags/example_python_operator.py took 0.124 seconds
[2024-07-07T20:04:16.280-0300] {processor.py:161} INFO - Started process (PID=38354) to work on /home/johnny/airflow/lib/python3.12/site-packages/airflow/example_dags/example_python_operator.py
[2024-07-07T20:04:16.282-0300] {processor.py:830} INFO - Processing file /home/johnny/airflow/lib/python3.12/site-packages/airflow/example_dags/example_python_operator.py for tasks to queue
[2024-07-07T20:04:16.284-0300] {logging_mixin.py:188} INFO - [2024-07-07T20:04:16.284-0300] {dagbag.py:545} INFO - Filling up the DagBag from /home/johnny/airflow/lib/python3.12/site-packages/airflow/example_dags/example_python_operator.py
[2024-07-07T20:04:16.309-0300] {processor.py:840} INFO - DAG(s) 'example_python_operator' retrieved from /home/johnny/airflow/lib/python3.12/site-packages/airflow/example_dags/example_python_operator.py
[2024-07-07T20:04:16.356-0300] {logging_mixin.py:188} INFO - [2024-07-07T20:04:16.355-0300] {dag.py:3096} INFO - Sync 1 DAGs
[2024-07-07T20:04:16.386-0300] {logging_mixin.py:188} INFO - [2024-07-07T20:04:16.385-0300] {dag.py:3954} INFO - Setting next_dagrun for example_python_operator to None, run_after=None
[2024-07-07T20:04:16.437-0300] {processor.py:183} INFO - Processing /home/johnny/airflow/lib/python3.12/site-packages/airflow/example_dags/example_python_operator.py took 0.175 seconds
[2024-07-07T20:05:24.044-0300] {processor.py:161} INFO - Started process (PID=38543) to work on /home/johnny/airflow/lib/python3.12/site-packages/airflow/example_dags/example_python_operator.py
[2024-07-07T20:05:24.047-0300] {processor.py:830} INFO - Processing file /home/johnny/airflow/lib/python3.12/site-packages/airflow/example_dags/example_python_operator.py for tasks to queue
[2024-07-07T20:05:24.049-0300] {logging_mixin.py:188} INFO - [2024-07-07T20:05:24.048-0300] {dagbag.py:545} INFO - Filling up the DagBag from /home/johnny/airflow/lib/python3.12/site-packages/airflow/example_dags/example_python_operator.py
[2024-07-07T20:05:24.072-0300] {processor.py:840} INFO - DAG(s) 'example_python_operator' retrieved from /home/johnny/airflow/lib/python3.12/site-packages/airflow/example_dags/example_python_operator.py
[2024-07-07T20:05:24.107-0300] {logging_mixin.py:188} INFO - [2024-07-07T20:05:24.106-0300] {dag.py:3096} INFO - Sync 1 DAGs
[2024-07-07T20:05:24.126-0300] {logging_mixin.py:188} INFO - [2024-07-07T20:05:24.125-0300] {dag.py:3954} INFO - Setting next_dagrun for example_python_operator to None, run_after=None
[2024-07-07T20:05:24.168-0300] {processor.py:183} INFO - Processing /home/johnny/airflow/lib/python3.12/site-packages/airflow/example_dags/example_python_operator.py took 0.136 seconds
[2024-07-07T20:06:24.166-0300] {processor.py:161} INFO - Started process (PID=38709) to work on /home/johnny/airflow/lib/python3.12/site-packages/airflow/example_dags/example_python_operator.py
[2024-07-07T20:06:24.169-0300] {processor.py:830} INFO - Processing file /home/johnny/airflow/lib/python3.12/site-packages/airflow/example_dags/example_python_operator.py for tasks to queue
[2024-07-07T20:06:24.171-0300] {logging_mixin.py:188} INFO - [2024-07-07T20:06:24.170-0300] {dagbag.py:545} INFO - Filling up the DagBag from /home/johnny/airflow/lib/python3.12/site-packages/airflow/example_dags/example_python_operator.py
[2024-07-07T20:06:24.193-0300] {processor.py:840} INFO - DAG(s) 'example_python_operator' retrieved from /home/johnny/airflow/lib/python3.12/site-packages/airflow/example_dags/example_python_operator.py
[2024-07-07T20:06:24.224-0300] {logging_mixin.py:188} INFO - [2024-07-07T20:06:24.224-0300] {dag.py:3096} INFO - Sync 1 DAGs
[2024-07-07T20:06:24.241-0300] {logging_mixin.py:188} INFO - [2024-07-07T20:06:24.241-0300] {dag.py:3954} INFO - Setting next_dagrun for example_python_operator to None, run_after=None
[2024-07-07T20:06:24.284-0300] {processor.py:183} INFO - Processing /home/johnny/airflow/lib/python3.12/site-packages/airflow/example_dags/example_python_operator.py took 0.129 seconds
[2024-07-07T20:07:29.942-0300] {processor.py:161} INFO - Started process (PID=38888) to work on /home/johnny/airflow/lib/python3.12/site-packages/airflow/example_dags/example_python_operator.py
[2024-07-07T20:07:29.945-0300] {processor.py:830} INFO - Processing file /home/johnny/airflow/lib/python3.12/site-packages/airflow/example_dags/example_python_operator.py for tasks to queue
[2024-07-07T20:07:29.947-0300] {logging_mixin.py:188} INFO - [2024-07-07T20:07:29.946-0300] {dagbag.py:545} INFO - Filling up the DagBag from /home/johnny/airflow/lib/python3.12/site-packages/airflow/example_dags/example_python_operator.py
[2024-07-07T20:07:29.977-0300] {processor.py:840} INFO - DAG(s) 'example_python_operator' retrieved from /home/johnny/airflow/lib/python3.12/site-packages/airflow/example_dags/example_python_operator.py
[2024-07-07T20:07:30.052-0300] {logging_mixin.py:188} INFO - [2024-07-07T20:07:30.052-0300] {dag.py:3096} INFO - Sync 1 DAGs
[2024-07-07T20:07:30.095-0300] {logging_mixin.py:188} INFO - [2024-07-07T20:07:30.094-0300] {dag.py:3954} INFO - Setting next_dagrun for example_python_operator to None, run_after=None
[2024-07-07T20:07:30.154-0300] {processor.py:183} INFO - Processing /home/johnny/airflow/lib/python3.12/site-packages/airflow/example_dags/example_python_operator.py took 0.244 seconds
[2024-07-07T20:08:43.542-0300] {processor.py:161} INFO - Started process (PID=39094) to work on /home/johnny/airflow/lib/python3.12/site-packages/airflow/example_dags/example_python_operator.py
[2024-07-07T20:08:43.545-0300] {processor.py:830} INFO - Processing file /home/johnny/airflow/lib/python3.12/site-packages/airflow/example_dags/example_python_operator.py for tasks to queue
[2024-07-07T20:08:43.547-0300] {logging_mixin.py:188} INFO - [2024-07-07T20:08:43.546-0300] {dagbag.py:545} INFO - Filling up the DagBag from /home/johnny/airflow/lib/python3.12/site-packages/airflow/example_dags/example_python_operator.py
[2024-07-07T20:08:43.572-0300] {processor.py:840} INFO - DAG(s) 'example_python_operator' retrieved from /home/johnny/airflow/lib/python3.12/site-packages/airflow/example_dags/example_python_operator.py
[2024-07-07T20:08:43.607-0300] {logging_mixin.py:188} INFO - [2024-07-07T20:08:43.607-0300] {dag.py:3096} INFO - Sync 1 DAGs
[2024-07-07T20:08:43.644-0300] {logging_mixin.py:188} INFO - [2024-07-07T20:08:43.644-0300] {dag.py:3954} INFO - Setting next_dagrun for example_python_operator to None, run_after=None
[2024-07-07T20:08:43.714-0300] {processor.py:183} INFO - Processing /home/johnny/airflow/lib/python3.12/site-packages/airflow/example_dags/example_python_operator.py took 0.183 seconds
[2024-07-07T20:09:51.123-0300] {processor.py:161} INFO - Started process (PID=39283) to work on /home/johnny/airflow/lib/python3.12/site-packages/airflow/example_dags/example_python_operator.py
[2024-07-07T20:09:51.128-0300] {processor.py:830} INFO - Processing file /home/johnny/airflow/lib/python3.12/site-packages/airflow/example_dags/example_python_operator.py for tasks to queue
[2024-07-07T20:09:51.130-0300] {logging_mixin.py:188} INFO - [2024-07-07T20:09:51.130-0300] {dagbag.py:545} INFO - Filling up the DagBag from /home/johnny/airflow/lib/python3.12/site-packages/airflow/example_dags/example_python_operator.py
[2024-07-07T20:09:51.152-0300] {processor.py:840} INFO - DAG(s) 'example_python_operator' retrieved from /home/johnny/airflow/lib/python3.12/site-packages/airflow/example_dags/example_python_operator.py
[2024-07-07T20:09:51.183-0300] {logging_mixin.py:188} INFO - [2024-07-07T20:09:51.183-0300] {dag.py:3096} INFO - Sync 1 DAGs
[2024-07-07T20:09:51.201-0300] {logging_mixin.py:188} INFO - [2024-07-07T20:09:51.200-0300] {dag.py:3954} INFO - Setting next_dagrun for example_python_operator to None, run_after=None
[2024-07-07T20:09:51.251-0300] {processor.py:183} INFO - Processing /home/johnny/airflow/lib/python3.12/site-packages/airflow/example_dags/example_python_operator.py took 0.139 seconds
[2024-07-07T20:10:58.450-0300] {processor.py:161} INFO - Started process (PID=39465) to work on /home/johnny/airflow/lib/python3.12/site-packages/airflow/example_dags/example_python_operator.py
[2024-07-07T20:10:58.453-0300] {processor.py:830} INFO - Processing file /home/johnny/airflow/lib/python3.12/site-packages/airflow/example_dags/example_python_operator.py for tasks to queue
[2024-07-07T20:10:58.455-0300] {logging_mixin.py:188} INFO - [2024-07-07T20:10:58.454-0300] {dagbag.py:545} INFO - Filling up the DagBag from /home/johnny/airflow/lib/python3.12/site-packages/airflow/example_dags/example_python_operator.py
[2024-07-07T20:10:58.487-0300] {processor.py:840} INFO - DAG(s) 'example_python_operator' retrieved from /home/johnny/airflow/lib/python3.12/site-packages/airflow/example_dags/example_python_operator.py
[2024-07-07T20:10:58.518-0300] {logging_mixin.py:188} INFO - [2024-07-07T20:10:58.518-0300] {dag.py:3096} INFO - Sync 1 DAGs
[2024-07-07T20:10:58.536-0300] {logging_mixin.py:188} INFO - [2024-07-07T20:10:58.536-0300] {dag.py:3954} INFO - Setting next_dagrun for example_python_operator to None, run_after=None
[2024-07-07T20:10:58.577-0300] {processor.py:183} INFO - Processing /home/johnny/airflow/lib/python3.12/site-packages/airflow/example_dags/example_python_operator.py took 0.141 seconds
[2024-07-07T20:11:57.581-0300] {processor.py:161} INFO - Started process (PID=39632) to work on /home/johnny/airflow/lib/python3.12/site-packages/airflow/example_dags/example_python_operator.py
[2024-07-07T20:11:57.584-0300] {processor.py:830} INFO - Processing file /home/johnny/airflow/lib/python3.12/site-packages/airflow/example_dags/example_python_operator.py for tasks to queue
[2024-07-07T20:11:57.587-0300] {logging_mixin.py:188} INFO - [2024-07-07T20:11:57.586-0300] {dagbag.py:545} INFO - Filling up the DagBag from /home/johnny/airflow/lib/python3.12/site-packages/airflow/example_dags/example_python_operator.py
[2024-07-07T20:11:57.609-0300] {processor.py:840} INFO - DAG(s) 'example_python_operator' retrieved from /home/johnny/airflow/lib/python3.12/site-packages/airflow/example_dags/example_python_operator.py
[2024-07-07T20:11:57.643-0300] {logging_mixin.py:188} INFO - [2024-07-07T20:11:57.643-0300] {dag.py:3096} INFO - Sync 1 DAGs
[2024-07-07T20:11:57.670-0300] {logging_mixin.py:188} INFO - [2024-07-07T20:11:57.670-0300] {dag.py:3954} INFO - Setting next_dagrun for example_python_operator to None, run_after=None
[2024-07-07T20:11:57.711-0300] {processor.py:183} INFO - Processing /home/johnny/airflow/lib/python3.12/site-packages/airflow/example_dags/example_python_operator.py took 0.142 seconds
[2024-07-07T20:13:01.917-0300] {processor.py:161} INFO - Started process (PID=39805) to work on /home/johnny/airflow/lib/python3.12/site-packages/airflow/example_dags/example_python_operator.py
[2024-07-07T20:13:01.920-0300] {processor.py:830} INFO - Processing file /home/johnny/airflow/lib/python3.12/site-packages/airflow/example_dags/example_python_operator.py for tasks to queue
[2024-07-07T20:13:01.922-0300] {logging_mixin.py:188} INFO - [2024-07-07T20:13:01.921-0300] {dagbag.py:545} INFO - Filling up the DagBag from /home/johnny/airflow/lib/python3.12/site-packages/airflow/example_dags/example_python_operator.py
[2024-07-07T20:13:01.945-0300] {processor.py:840} INFO - DAG(s) 'example_python_operator' retrieved from /home/johnny/airflow/lib/python3.12/site-packages/airflow/example_dags/example_python_operator.py
[2024-07-07T20:13:01.981-0300] {logging_mixin.py:188} INFO - [2024-07-07T20:13:01.980-0300] {dag.py:3096} INFO - Sync 1 DAGs
[2024-07-07T20:13:02.000-0300] {logging_mixin.py:188} INFO - [2024-07-07T20:13:02.000-0300] {dag.py:3954} INFO - Setting next_dagrun for example_python_operator to None, run_after=None
[2024-07-07T20:13:02.042-0300] {processor.py:183} INFO - Processing /home/johnny/airflow/lib/python3.12/site-packages/airflow/example_dags/example_python_operator.py took 0.136 seconds
[2024-07-07T20:14:03.591-0300] {processor.py:161} INFO - Started process (PID=39974) to work on /home/johnny/airflow/lib/python3.12/site-packages/airflow/example_dags/example_python_operator.py
[2024-07-07T20:14:03.594-0300] {processor.py:830} INFO - Processing file /home/johnny/airflow/lib/python3.12/site-packages/airflow/example_dags/example_python_operator.py for tasks to queue
[2024-07-07T20:14:03.596-0300] {logging_mixin.py:188} INFO - [2024-07-07T20:14:03.595-0300] {dagbag.py:545} INFO - Filling up the DagBag from /home/johnny/airflow/lib/python3.12/site-packages/airflow/example_dags/example_python_operator.py
[2024-07-07T20:14:03.619-0300] {processor.py:840} INFO - DAG(s) 'example_python_operator' retrieved from /home/johnny/airflow/lib/python3.12/site-packages/airflow/example_dags/example_python_operator.py
[2024-07-07T20:14:03.654-0300] {logging_mixin.py:188} INFO - [2024-07-07T20:14:03.654-0300] {dag.py:3096} INFO - Sync 1 DAGs
[2024-07-07T20:14:03.673-0300] {logging_mixin.py:188} INFO - [2024-07-07T20:14:03.673-0300] {dag.py:3954} INFO - Setting next_dagrun for example_python_operator to None, run_after=None
[2024-07-07T20:14:03.708-0300] {processor.py:183} INFO - Processing /home/johnny/airflow/lib/python3.12/site-packages/airflow/example_dags/example_python_operator.py took 0.129 seconds
[2024-07-07T20:15:07.239-0300] {processor.py:161} INFO - Started process (PID=40151) to work on /home/johnny/airflow/lib/python3.12/site-packages/airflow/example_dags/example_python_operator.py
[2024-07-07T20:15:07.242-0300] {processor.py:830} INFO - Processing file /home/johnny/airflow/lib/python3.12/site-packages/airflow/example_dags/example_python_operator.py for tasks to queue
[2024-07-07T20:15:07.243-0300] {logging_mixin.py:188} INFO - [2024-07-07T20:15:07.243-0300] {dagbag.py:545} INFO - Filling up the DagBag from /home/johnny/airflow/lib/python3.12/site-packages/airflow/example_dags/example_python_operator.py
[2024-07-07T20:15:07.266-0300] {processor.py:840} INFO - DAG(s) 'example_python_operator' retrieved from /home/johnny/airflow/lib/python3.12/site-packages/airflow/example_dags/example_python_operator.py
[2024-07-07T20:15:07.298-0300] {logging_mixin.py:188} INFO - [2024-07-07T20:15:07.297-0300] {dag.py:3096} INFO - Sync 1 DAGs
[2024-07-07T20:15:07.315-0300] {logging_mixin.py:188} INFO - [2024-07-07T20:15:07.315-0300] {dag.py:3954} INFO - Setting next_dagrun for example_python_operator to None, run_after=None
[2024-07-07T20:15:07.356-0300] {processor.py:183} INFO - Processing /home/johnny/airflow/lib/python3.12/site-packages/airflow/example_dags/example_python_operator.py took 0.128 seconds
[2024-07-07T20:16:07.562-0300] {processor.py:161} INFO - Started process (PID=40327) to work on /home/johnny/airflow/lib/python3.12/site-packages/airflow/example_dags/example_python_operator.py
[2024-07-07T20:16:07.568-0300] {processor.py:830} INFO - Processing file /home/johnny/airflow/lib/python3.12/site-packages/airflow/example_dags/example_python_operator.py for tasks to queue
[2024-07-07T20:16:07.570-0300] {logging_mixin.py:188} INFO - [2024-07-07T20:16:07.569-0300] {dagbag.py:545} INFO - Filling up the DagBag from /home/johnny/airflow/lib/python3.12/site-packages/airflow/example_dags/example_python_operator.py
[2024-07-07T20:16:07.598-0300] {processor.py:840} INFO - DAG(s) 'example_python_operator' retrieved from /home/johnny/airflow/lib/python3.12/site-packages/airflow/example_dags/example_python_operator.py
[2024-07-07T20:16:07.632-0300] {logging_mixin.py:188} INFO - [2024-07-07T20:16:07.631-0300] {dag.py:3096} INFO - Sync 1 DAGs
[2024-07-07T20:16:07.648-0300] {logging_mixin.py:188} INFO - [2024-07-07T20:16:07.648-0300] {dag.py:3954} INFO - Setting next_dagrun for example_python_operator to None, run_after=None
[2024-07-07T20:16:07.683-0300] {processor.py:183} INFO - Processing /home/johnny/airflow/lib/python3.12/site-packages/airflow/example_dags/example_python_operator.py took 0.132 seconds
[2024-07-07T20:17:11.864-0300] {processor.py:161} INFO - Started process (PID=40505) to work on /home/johnny/airflow/lib/python3.12/site-packages/airflow/example_dags/example_python_operator.py
[2024-07-07T20:17:11.866-0300] {processor.py:830} INFO - Processing file /home/johnny/airflow/lib/python3.12/site-packages/airflow/example_dags/example_python_operator.py for tasks to queue
[2024-07-07T20:17:11.868-0300] {logging_mixin.py:188} INFO - [2024-07-07T20:17:11.867-0300] {dagbag.py:545} INFO - Filling up the DagBag from /home/johnny/airflow/lib/python3.12/site-packages/airflow/example_dags/example_python_operator.py
[2024-07-07T20:17:11.890-0300] {processor.py:840} INFO - DAG(s) 'example_python_operator' retrieved from /home/johnny/airflow/lib/python3.12/site-packages/airflow/example_dags/example_python_operator.py
[2024-07-07T20:17:11.921-0300] {logging_mixin.py:188} INFO - [2024-07-07T20:17:11.920-0300] {dag.py:3096} INFO - Sync 1 DAGs
[2024-07-07T20:17:11.938-0300] {logging_mixin.py:188} INFO - [2024-07-07T20:17:11.937-0300] {dag.py:3954} INFO - Setting next_dagrun for example_python_operator to None, run_after=None
[2024-07-07T20:17:11.982-0300] {processor.py:183} INFO - Processing /home/johnny/airflow/lib/python3.12/site-packages/airflow/example_dags/example_python_operator.py took 0.130 seconds
[2024-07-07T20:18:13.496-0300] {processor.py:161} INFO - Started process (PID=40676) to work on /home/johnny/airflow/lib/python3.12/site-packages/airflow/example_dags/example_python_operator.py
[2024-07-07T20:18:13.501-0300] {processor.py:830} INFO - Processing file /home/johnny/airflow/lib/python3.12/site-packages/airflow/example_dags/example_python_operator.py for tasks to queue
[2024-07-07T20:18:13.503-0300] {logging_mixin.py:188} INFO - [2024-07-07T20:18:13.502-0300] {dagbag.py:545} INFO - Filling up the DagBag from /home/johnny/airflow/lib/python3.12/site-packages/airflow/example_dags/example_python_operator.py
[2024-07-07T20:18:13.526-0300] {processor.py:840} INFO - DAG(s) 'example_python_operator' retrieved from /home/johnny/airflow/lib/python3.12/site-packages/airflow/example_dags/example_python_operator.py
[2024-07-07T20:18:13.559-0300] {logging_mixin.py:188} INFO - [2024-07-07T20:18:13.558-0300] {dag.py:3096} INFO - Sync 1 DAGs
[2024-07-07T20:18:13.577-0300] {logging_mixin.py:188} INFO - [2024-07-07T20:18:13.577-0300] {dag.py:3954} INFO - Setting next_dagrun for example_python_operator to None, run_after=None
[2024-07-07T20:18:13.611-0300] {processor.py:183} INFO - Processing /home/johnny/airflow/lib/python3.12/site-packages/airflow/example_dags/example_python_operator.py took 0.127 seconds
[2024-07-07T20:19:16.350-0300] {processor.py:161} INFO - Started process (PID=40844) to work on /home/johnny/airflow/lib/python3.12/site-packages/airflow/example_dags/example_python_operator.py
[2024-07-07T20:19:16.356-0300] {processor.py:830} INFO - Processing file /home/johnny/airflow/lib/python3.12/site-packages/airflow/example_dags/example_python_operator.py for tasks to queue
[2024-07-07T20:19:16.358-0300] {logging_mixin.py:188} INFO - [2024-07-07T20:19:16.357-0300] {dagbag.py:545} INFO - Filling up the DagBag from /home/johnny/airflow/lib/python3.12/site-packages/airflow/example_dags/example_python_operator.py
[2024-07-07T20:19:16.381-0300] {processor.py:840} INFO - DAG(s) 'example_python_operator' retrieved from /home/johnny/airflow/lib/python3.12/site-packages/airflow/example_dags/example_python_operator.py
[2024-07-07T20:19:16.417-0300] {logging_mixin.py:188} INFO - [2024-07-07T20:19:16.416-0300] {dag.py:3096} INFO - Sync 1 DAGs
[2024-07-07T20:19:16.436-0300] {logging_mixin.py:188} INFO - [2024-07-07T20:19:16.436-0300] {dag.py:3954} INFO - Setting next_dagrun for example_python_operator to None, run_after=None
[2024-07-07T20:19:16.480-0300] {processor.py:183} INFO - Processing /home/johnny/airflow/lib/python3.12/site-packages/airflow/example_dags/example_python_operator.py took 0.141 seconds
[2024-07-07T20:20:19.010-0300] {processor.py:161} INFO - Started process (PID=41018) to work on /home/johnny/airflow/lib/python3.12/site-packages/airflow/example_dags/example_python_operator.py
[2024-07-07T20:20:19.016-0300] {processor.py:830} INFO - Processing file /home/johnny/airflow/lib/python3.12/site-packages/airflow/example_dags/example_python_operator.py for tasks to queue
[2024-07-07T20:20:19.018-0300] {logging_mixin.py:188} INFO - [2024-07-07T20:20:19.017-0300] {dagbag.py:545} INFO - Filling up the DagBag from /home/johnny/airflow/lib/python3.12/site-packages/airflow/example_dags/example_python_operator.py
[2024-07-07T20:20:19.040-0300] {processor.py:840} INFO - DAG(s) 'example_python_operator' retrieved from /home/johnny/airflow/lib/python3.12/site-packages/airflow/example_dags/example_python_operator.py
[2024-07-07T20:20:19.075-0300] {logging_mixin.py:188} INFO - [2024-07-07T20:20:19.074-0300] {dag.py:3096} INFO - Sync 1 DAGs
[2024-07-07T20:20:19.092-0300] {logging_mixin.py:188} INFO - [2024-07-07T20:20:19.092-0300] {dag.py:3954} INFO - Setting next_dagrun for example_python_operator to None, run_after=None
[2024-07-07T20:20:19.127-0300] {processor.py:183} INFO - Processing /home/johnny/airflow/lib/python3.12/site-packages/airflow/example_dags/example_python_operator.py took 0.128 seconds
[2024-07-07T20:21:23.294-0300] {processor.py:161} INFO - Started process (PID=41194) to work on /home/johnny/airflow/lib/python3.12/site-packages/airflow/example_dags/example_python_operator.py
[2024-07-07T20:21:23.297-0300] {processor.py:830} INFO - Processing file /home/johnny/airflow/lib/python3.12/site-packages/airflow/example_dags/example_python_operator.py for tasks to queue
[2024-07-07T20:21:23.299-0300] {logging_mixin.py:188} INFO - [2024-07-07T20:21:23.298-0300] {dagbag.py:545} INFO - Filling up the DagBag from /home/johnny/airflow/lib/python3.12/site-packages/airflow/example_dags/example_python_operator.py
[2024-07-07T20:21:23.321-0300] {processor.py:840} INFO - DAG(s) 'example_python_operator' retrieved from /home/johnny/airflow/lib/python3.12/site-packages/airflow/example_dags/example_python_operator.py
[2024-07-07T20:21:23.359-0300] {logging_mixin.py:188} INFO - [2024-07-07T20:21:23.359-0300] {dag.py:3096} INFO - Sync 1 DAGs
[2024-07-07T20:21:23.385-0300] {logging_mixin.py:188} INFO - [2024-07-07T20:21:23.385-0300] {dag.py:3954} INFO - Setting next_dagrun for example_python_operator to None, run_after=None
[2024-07-07T20:21:23.451-0300] {processor.py:183} INFO - Processing /home/johnny/airflow/lib/python3.12/site-packages/airflow/example_dags/example_python_operator.py took 0.168 seconds
[2024-07-07T20:22:27.208-0300] {processor.py:161} INFO - Started process (PID=41356) to work on /home/johnny/airflow/lib/python3.12/site-packages/airflow/example_dags/example_python_operator.py
[2024-07-07T20:22:27.211-0300] {processor.py:830} INFO - Processing file /home/johnny/airflow/lib/python3.12/site-packages/airflow/example_dags/example_python_operator.py for tasks to queue
[2024-07-07T20:22:27.213-0300] {logging_mixin.py:188} INFO - [2024-07-07T20:22:27.212-0300] {dagbag.py:545} INFO - Filling up the DagBag from /home/johnny/airflow/lib/python3.12/site-packages/airflow/example_dags/example_python_operator.py
[2024-07-07T20:22:27.236-0300] {processor.py:840} INFO - DAG(s) 'example_python_operator' retrieved from /home/johnny/airflow/lib/python3.12/site-packages/airflow/example_dags/example_python_operator.py
[2024-07-07T20:22:27.265-0300] {logging_mixin.py:188} INFO - [2024-07-07T20:22:27.264-0300] {dag.py:3096} INFO - Sync 1 DAGs
[2024-07-07T20:22:27.282-0300] {logging_mixin.py:188} INFO - [2024-07-07T20:22:27.282-0300] {dag.py:3954} INFO - Setting next_dagrun for example_python_operator to None, run_after=None
[2024-07-07T20:22:27.312-0300] {processor.py:183} INFO - Processing /home/johnny/airflow/lib/python3.12/site-packages/airflow/example_dags/example_python_operator.py took 0.118 seconds
[2024-07-07T20:23:30.558-0300] {processor.py:161} INFO - Started process (PID=41533) to work on /home/johnny/airflow/lib/python3.12/site-packages/airflow/example_dags/example_python_operator.py
[2024-07-07T20:23:30.561-0300] {processor.py:830} INFO - Processing file /home/johnny/airflow/lib/python3.12/site-packages/airflow/example_dags/example_python_operator.py for tasks to queue
[2024-07-07T20:23:30.563-0300] {logging_mixin.py:188} INFO - [2024-07-07T20:23:30.562-0300] {dagbag.py:545} INFO - Filling up the DagBag from /home/johnny/airflow/lib/python3.12/site-packages/airflow/example_dags/example_python_operator.py
[2024-07-07T20:23:30.587-0300] {processor.py:840} INFO - DAG(s) 'example_python_operator' retrieved from /home/johnny/airflow/lib/python3.12/site-packages/airflow/example_dags/example_python_operator.py
[2024-07-07T20:23:30.629-0300] {logging_mixin.py:188} INFO - [2024-07-07T20:23:30.629-0300] {dag.py:3096} INFO - Sync 1 DAGs
[2024-07-07T20:23:30.652-0300] {logging_mixin.py:188} INFO - [2024-07-07T20:23:30.652-0300] {dag.py:3954} INFO - Setting next_dagrun for example_python_operator to None, run_after=None
[2024-07-07T20:23:30.693-0300] {processor.py:183} INFO - Processing /home/johnny/airflow/lib/python3.12/site-packages/airflow/example_dags/example_python_operator.py took 0.147 seconds
[2024-07-07T20:24:33.748-0300] {processor.py:161} INFO - Started process (PID=41704) to work on /home/johnny/airflow/lib/python3.12/site-packages/airflow/example_dags/example_python_operator.py
[2024-07-07T20:24:33.750-0300] {processor.py:830} INFO - Processing file /home/johnny/airflow/lib/python3.12/site-packages/airflow/example_dags/example_python_operator.py for tasks to queue
[2024-07-07T20:24:33.752-0300] {logging_mixin.py:188} INFO - [2024-07-07T20:24:33.751-0300] {dagbag.py:545} INFO - Filling up the DagBag from /home/johnny/airflow/lib/python3.12/site-packages/airflow/example_dags/example_python_operator.py
[2024-07-07T20:24:33.774-0300] {processor.py:840} INFO - DAG(s) 'example_python_operator' retrieved from /home/johnny/airflow/lib/python3.12/site-packages/airflow/example_dags/example_python_operator.py
[2024-07-07T20:24:33.804-0300] {logging_mixin.py:188} INFO - [2024-07-07T20:24:33.804-0300] {dag.py:3096} INFO - Sync 1 DAGs
[2024-07-07T20:24:33.821-0300] {logging_mixin.py:188} INFO - [2024-07-07T20:24:33.821-0300] {dag.py:3954} INFO - Setting next_dagrun for example_python_operator to None, run_after=None
[2024-07-07T20:24:33.852-0300] {processor.py:183} INFO - Processing /home/johnny/airflow/lib/python3.12/site-packages/airflow/example_dags/example_python_operator.py took 0.115 seconds
[2024-07-07T20:25:34.141-0300] {processor.py:161} INFO - Started process (PID=41863) to work on /home/johnny/airflow/lib/python3.12/site-packages/airflow/example_dags/example_python_operator.py
[2024-07-07T20:25:34.146-0300] {processor.py:830} INFO - Processing file /home/johnny/airflow/lib/python3.12/site-packages/airflow/example_dags/example_python_operator.py for tasks to queue
[2024-07-07T20:25:34.148-0300] {logging_mixin.py:188} INFO - [2024-07-07T20:25:34.148-0300] {dagbag.py:545} INFO - Filling up the DagBag from /home/johnny/airflow/lib/python3.12/site-packages/airflow/example_dags/example_python_operator.py
[2024-07-07T20:25:34.171-0300] {processor.py:840} INFO - DAG(s) 'example_python_operator' retrieved from /home/johnny/airflow/lib/python3.12/site-packages/airflow/example_dags/example_python_operator.py
[2024-07-07T20:25:34.210-0300] {logging_mixin.py:188} INFO - [2024-07-07T20:25:34.209-0300] {dag.py:3096} INFO - Sync 1 DAGs
[2024-07-07T20:25:34.233-0300] {logging_mixin.py:188} INFO - [2024-07-07T20:25:34.233-0300] {dag.py:3954} INFO - Setting next_dagrun for example_python_operator to None, run_after=None
[2024-07-07T20:25:34.275-0300] {processor.py:183} INFO - Processing /home/johnny/airflow/lib/python3.12/site-packages/airflow/example_dags/example_python_operator.py took 0.145 seconds
[2024-07-07T20:26:33.253-0300] {processor.py:161} INFO - Started process (PID=42024) to work on /home/johnny/airflow/lib/python3.12/site-packages/airflow/example_dags/example_python_operator.py
[2024-07-07T20:26:33.256-0300] {processor.py:830} INFO - Processing file /home/johnny/airflow/lib/python3.12/site-packages/airflow/example_dags/example_python_operator.py for tasks to queue
[2024-07-07T20:26:33.258-0300] {logging_mixin.py:188} INFO - [2024-07-07T20:26:33.257-0300] {dagbag.py:545} INFO - Filling up the DagBag from /home/johnny/airflow/lib/python3.12/site-packages/airflow/example_dags/example_python_operator.py
[2024-07-07T20:26:33.283-0300] {processor.py:840} INFO - DAG(s) 'example_python_operator' retrieved from /home/johnny/airflow/lib/python3.12/site-packages/airflow/example_dags/example_python_operator.py
[2024-07-07T20:26:33.320-0300] {logging_mixin.py:188} INFO - [2024-07-07T20:26:33.319-0300] {dag.py:3096} INFO - Sync 1 DAGs
[2024-07-07T20:26:33.339-0300] {logging_mixin.py:188} INFO - [2024-07-07T20:26:33.339-0300] {dag.py:3954} INFO - Setting next_dagrun for example_python_operator to None, run_after=None
[2024-07-07T20:26:33.384-0300] {processor.py:183} INFO - Processing /home/johnny/airflow/lib/python3.12/site-packages/airflow/example_dags/example_python_operator.py took 0.144 seconds
[2024-07-07T20:27:41.345-0300] {processor.py:161} INFO - Started process (PID=42210) to work on /home/johnny/airflow/lib/python3.12/site-packages/airflow/example_dags/example_python_operator.py
[2024-07-07T20:27:41.352-0300] {processor.py:830} INFO - Processing file /home/johnny/airflow/lib/python3.12/site-packages/airflow/example_dags/example_python_operator.py for tasks to queue
[2024-07-07T20:27:41.354-0300] {logging_mixin.py:188} INFO - [2024-07-07T20:27:41.353-0300] {dagbag.py:545} INFO - Filling up the DagBag from /home/johnny/airflow/lib/python3.12/site-packages/airflow/example_dags/example_python_operator.py
[2024-07-07T20:27:41.387-0300] {processor.py:840} INFO - DAG(s) 'example_python_operator' retrieved from /home/johnny/airflow/lib/python3.12/site-packages/airflow/example_dags/example_python_operator.py
[2024-07-07T20:27:41.455-0300] {logging_mixin.py:188} INFO - [2024-07-07T20:27:41.455-0300] {dag.py:3096} INFO - Sync 1 DAGs
[2024-07-07T20:27:41.519-0300] {logging_mixin.py:188} INFO - [2024-07-07T20:27:41.519-0300] {dag.py:3954} INFO - Setting next_dagrun for example_python_operator to None, run_after=None
[2024-07-07T20:27:41.587-0300] {processor.py:183} INFO - Processing /home/johnny/airflow/lib/python3.12/site-packages/airflow/example_dags/example_python_operator.py took 0.256 seconds
[2024-07-07T20:28:53.089-0300] {processor.py:161} INFO - Started process (PID=42404) to work on /home/johnny/airflow/lib/python3.12/site-packages/airflow/example_dags/example_python_operator.py
[2024-07-07T20:28:53.095-0300] {processor.py:830} INFO - Processing file /home/johnny/airflow/lib/python3.12/site-packages/airflow/example_dags/example_python_operator.py for tasks to queue
[2024-07-07T20:28:53.097-0300] {logging_mixin.py:188} INFO - [2024-07-07T20:28:53.096-0300] {dagbag.py:545} INFO - Filling up the DagBag from /home/johnny/airflow/lib/python3.12/site-packages/airflow/example_dags/example_python_operator.py
[2024-07-07T20:28:53.118-0300] {processor.py:840} INFO - DAG(s) 'example_python_operator' retrieved from /home/johnny/airflow/lib/python3.12/site-packages/airflow/example_dags/example_python_operator.py
[2024-07-07T20:28:53.144-0300] {logging_mixin.py:188} INFO - [2024-07-07T20:28:53.144-0300] {dag.py:3096} INFO - Sync 1 DAGs
[2024-07-07T20:28:53.160-0300] {logging_mixin.py:188} INFO - [2024-07-07T20:28:53.160-0300] {dag.py:3954} INFO - Setting next_dagrun for example_python_operator to None, run_after=None
[2024-07-07T20:28:53.191-0300] {processor.py:183} INFO - Processing /home/johnny/airflow/lib/python3.12/site-packages/airflow/example_dags/example_python_operator.py took 0.115 seconds
[2024-07-07T20:29:58.024-0300] {processor.py:161} INFO - Started process (PID=42585) to work on /home/johnny/airflow/lib/python3.12/site-packages/airflow/example_dags/example_python_operator.py
[2024-07-07T20:29:58.030-0300] {processor.py:830} INFO - Processing file /home/johnny/airflow/lib/python3.12/site-packages/airflow/example_dags/example_python_operator.py for tasks to queue
[2024-07-07T20:29:58.032-0300] {logging_mixin.py:188} INFO - [2024-07-07T20:29:58.031-0300] {dagbag.py:545} INFO - Filling up the DagBag from /home/johnny/airflow/lib/python3.12/site-packages/airflow/example_dags/example_python_operator.py
[2024-07-07T20:29:58.056-0300] {processor.py:840} INFO - DAG(s) 'example_python_operator' retrieved from /home/johnny/airflow/lib/python3.12/site-packages/airflow/example_dags/example_python_operator.py
[2024-07-07T20:29:58.091-0300] {logging_mixin.py:188} INFO - [2024-07-07T20:29:58.090-0300] {dag.py:3096} INFO - Sync 1 DAGs
[2024-07-07T20:29:58.112-0300] {logging_mixin.py:188} INFO - [2024-07-07T20:29:58.111-0300] {dag.py:3954} INFO - Setting next_dagrun for example_python_operator to None, run_after=None
[2024-07-07T20:29:58.155-0300] {processor.py:183} INFO - Processing /home/johnny/airflow/lib/python3.12/site-packages/airflow/example_dags/example_python_operator.py took 0.142 seconds
[2024-07-07T20:31:04.053-0300] {processor.py:161} INFO - Started process (PID=42765) to work on /home/johnny/airflow/lib/python3.12/site-packages/airflow/example_dags/example_python_operator.py
[2024-07-07T20:31:04.055-0300] {processor.py:830} INFO - Processing file /home/johnny/airflow/lib/python3.12/site-packages/airflow/example_dags/example_python_operator.py for tasks to queue
[2024-07-07T20:31:04.058-0300] {logging_mixin.py:188} INFO - [2024-07-07T20:31:04.057-0300] {dagbag.py:545} INFO - Filling up the DagBag from /home/johnny/airflow/lib/python3.12/site-packages/airflow/example_dags/example_python_operator.py
[2024-07-07T20:31:04.089-0300] {processor.py:840} INFO - DAG(s) 'example_python_operator' retrieved from /home/johnny/airflow/lib/python3.12/site-packages/airflow/example_dags/example_python_operator.py
[2024-07-07T20:31:04.130-0300] {logging_mixin.py:188} INFO - [2024-07-07T20:31:04.130-0300] {dag.py:3096} INFO - Sync 1 DAGs
[2024-07-07T20:31:04.162-0300] {logging_mixin.py:188} INFO - [2024-07-07T20:31:04.162-0300] {dag.py:3954} INFO - Setting next_dagrun for example_python_operator to None, run_after=None
[2024-07-07T20:31:04.219-0300] {processor.py:183} INFO - Processing /home/johnny/airflow/lib/python3.12/site-packages/airflow/example_dags/example_python_operator.py took 0.174 seconds
[2024-07-07T20:32:04.555-0300] {processor.py:161} INFO - Started process (PID=42937) to work on /home/johnny/airflow/lib/python3.12/site-packages/airflow/example_dags/example_python_operator.py
[2024-07-07T20:32:04.558-0300] {processor.py:830} INFO - Processing file /home/johnny/airflow/lib/python3.12/site-packages/airflow/example_dags/example_python_operator.py for tasks to queue
[2024-07-07T20:32:04.561-0300] {logging_mixin.py:188} INFO - [2024-07-07T20:32:04.559-0300] {dagbag.py:545} INFO - Filling up the DagBag from /home/johnny/airflow/lib/python3.12/site-packages/airflow/example_dags/example_python_operator.py
[2024-07-07T20:32:04.583-0300] {processor.py:840} INFO - DAG(s) 'example_python_operator' retrieved from /home/johnny/airflow/lib/python3.12/site-packages/airflow/example_dags/example_python_operator.py
[2024-07-07T20:32:04.621-0300] {logging_mixin.py:188} INFO - [2024-07-07T20:32:04.620-0300] {dag.py:3096} INFO - Sync 1 DAGs
[2024-07-07T20:32:04.644-0300] {logging_mixin.py:188} INFO - [2024-07-07T20:32:04.643-0300] {dag.py:3954} INFO - Setting next_dagrun for example_python_operator to None, run_after=None
[2024-07-07T20:32:04.692-0300] {processor.py:183} INFO - Processing /home/johnny/airflow/lib/python3.12/site-packages/airflow/example_dags/example_python_operator.py took 0.148 seconds
[2024-07-07T20:33:25.028-0300] {processor.py:161} INFO - Started process (PID=43170) to work on /home/johnny/airflow/lib/python3.12/site-packages/airflow/example_dags/example_python_operator.py
[2024-07-07T20:33:25.031-0300] {processor.py:830} INFO - Processing file /home/johnny/airflow/lib/python3.12/site-packages/airflow/example_dags/example_python_operator.py for tasks to queue
[2024-07-07T20:33:25.033-0300] {logging_mixin.py:188} INFO - [2024-07-07T20:33:25.032-0300] {dagbag.py:545} INFO - Filling up the DagBag from /home/johnny/airflow/lib/python3.12/site-packages/airflow/example_dags/example_python_operator.py
[2024-07-07T20:33:25.057-0300] {processor.py:840} INFO - DAG(s) 'example_python_operator' retrieved from /home/johnny/airflow/lib/python3.12/site-packages/airflow/example_dags/example_python_operator.py
[2024-07-07T20:33:25.102-0300] {logging_mixin.py:188} INFO - [2024-07-07T20:33:25.102-0300] {dag.py:3096} INFO - Sync 1 DAGs
[2024-07-07T20:33:25.130-0300] {logging_mixin.py:188} INFO - [2024-07-07T20:33:25.130-0300] {dag.py:3954} INFO - Setting next_dagrun for example_python_operator to None, run_after=None
[2024-07-07T20:33:25.190-0300] {processor.py:183} INFO - Processing /home/johnny/airflow/lib/python3.12/site-packages/airflow/example_dags/example_python_operator.py took 0.175 seconds
[2024-07-07T20:34:41.786-0300] {processor.py:161} INFO - Started process (PID=43393) to work on /home/johnny/airflow/lib/python3.12/site-packages/airflow/example_dags/example_python_operator.py
[2024-07-07T20:34:41.789-0300] {processor.py:830} INFO - Processing file /home/johnny/airflow/lib/python3.12/site-packages/airflow/example_dags/example_python_operator.py for tasks to queue
[2024-07-07T20:34:41.791-0300] {logging_mixin.py:188} INFO - [2024-07-07T20:34:41.790-0300] {dagbag.py:545} INFO - Filling up the DagBag from /home/johnny/airflow/lib/python3.12/site-packages/airflow/example_dags/example_python_operator.py
[2024-07-07T20:34:41.813-0300] {processor.py:840} INFO - DAG(s) 'example_python_operator' retrieved from /home/johnny/airflow/lib/python3.12/site-packages/airflow/example_dags/example_python_operator.py
[2024-07-07T20:34:41.847-0300] {logging_mixin.py:188} INFO - [2024-07-07T20:34:41.847-0300] {dag.py:3096} INFO - Sync 1 DAGs
[2024-07-07T20:34:41.866-0300] {logging_mixin.py:188} INFO - [2024-07-07T20:34:41.865-0300] {dag.py:3954} INFO - Setting next_dagrun for example_python_operator to None, run_after=None
[2024-07-07T20:34:41.899-0300] {processor.py:183} INFO - Processing /home/johnny/airflow/lib/python3.12/site-packages/airflow/example_dags/example_python_operator.py took 0.125 seconds
[2024-07-07T20:35:44.674-0300] {processor.py:161} INFO - Started process (PID=43561) to work on /home/johnny/airflow/lib/python3.12/site-packages/airflow/example_dags/example_python_operator.py
[2024-07-07T20:35:44.676-0300] {processor.py:830} INFO - Processing file /home/johnny/airflow/lib/python3.12/site-packages/airflow/example_dags/example_python_operator.py for tasks to queue
[2024-07-07T20:35:44.678-0300] {logging_mixin.py:188} INFO - [2024-07-07T20:35:44.678-0300] {dagbag.py:545} INFO - Filling up the DagBag from /home/johnny/airflow/lib/python3.12/site-packages/airflow/example_dags/example_python_operator.py
[2024-07-07T20:35:44.701-0300] {processor.py:840} INFO - DAG(s) 'example_python_operator' retrieved from /home/johnny/airflow/lib/python3.12/site-packages/airflow/example_dags/example_python_operator.py
[2024-07-07T20:35:44.732-0300] {logging_mixin.py:188} INFO - [2024-07-07T20:35:44.732-0300] {dag.py:3096} INFO - Sync 1 DAGs
[2024-07-07T20:35:44.749-0300] {logging_mixin.py:188} INFO - [2024-07-07T20:35:44.749-0300] {dag.py:3954} INFO - Setting next_dagrun for example_python_operator to None, run_after=None
[2024-07-07T20:35:44.782-0300] {processor.py:183} INFO - Processing /home/johnny/airflow/lib/python3.12/site-packages/airflow/example_dags/example_python_operator.py took 0.120 seconds
[2024-07-07T20:36:49.158-0300] {processor.py:161} INFO - Started process (PID=43736) to work on /home/johnny/airflow/lib/python3.12/site-packages/airflow/example_dags/example_python_operator.py
[2024-07-07T20:36:49.160-0300] {processor.py:830} INFO - Processing file /home/johnny/airflow/lib/python3.12/site-packages/airflow/example_dags/example_python_operator.py for tasks to queue
[2024-07-07T20:36:49.162-0300] {logging_mixin.py:188} INFO - [2024-07-07T20:36:49.161-0300] {dagbag.py:545} INFO - Filling up the DagBag from /home/johnny/airflow/lib/python3.12/site-packages/airflow/example_dags/example_python_operator.py
[2024-07-07T20:36:49.179-0300] {processor.py:840} INFO - DAG(s) 'example_python_operator' retrieved from /home/johnny/airflow/lib/python3.12/site-packages/airflow/example_dags/example_python_operator.py
[2024-07-07T20:36:49.214-0300] {logging_mixin.py:188} INFO - [2024-07-07T20:36:49.213-0300] {dag.py:3096} INFO - Sync 1 DAGs
[2024-07-07T20:36:49.258-0300] {logging_mixin.py:188} INFO - [2024-07-07T20:36:49.257-0300] {dag.py:3954} INFO - Setting next_dagrun for example_python_operator to None, run_after=None
[2024-07-07T20:36:49.328-0300] {processor.py:183} INFO - Processing /home/johnny/airflow/lib/python3.12/site-packages/airflow/example_dags/example_python_operator.py took 0.186 seconds
[2024-07-07T20:37:54.359-0300] {processor.py:161} INFO - Started process (PID=43914) to work on /home/johnny/airflow/lib/python3.12/site-packages/airflow/example_dags/example_python_operator.py
[2024-07-07T20:37:54.361-0300] {processor.py:830} INFO - Processing file /home/johnny/airflow/lib/python3.12/site-packages/airflow/example_dags/example_python_operator.py for tasks to queue
[2024-07-07T20:37:54.363-0300] {logging_mixin.py:188} INFO - [2024-07-07T20:37:54.362-0300] {dagbag.py:545} INFO - Filling up the DagBag from /home/johnny/airflow/lib/python3.12/site-packages/airflow/example_dags/example_python_operator.py
[2024-07-07T20:37:54.384-0300] {processor.py:840} INFO - DAG(s) 'example_python_operator' retrieved from /home/johnny/airflow/lib/python3.12/site-packages/airflow/example_dags/example_python_operator.py
[2024-07-07T20:37:54.427-0300] {logging_mixin.py:188} INFO - [2024-07-07T20:37:54.426-0300] {dag.py:3096} INFO - Sync 1 DAGs
[2024-07-07T20:37:54.450-0300] {logging_mixin.py:188} INFO - [2024-07-07T20:37:54.450-0300] {dag.py:3954} INFO - Setting next_dagrun for example_python_operator to None, run_after=None
[2024-07-07T20:37:54.480-0300] {processor.py:183} INFO - Processing /home/johnny/airflow/lib/python3.12/site-packages/airflow/example_dags/example_python_operator.py took 0.132 seconds
[2024-07-07T20:38:54.330-0300] {processor.py:161} INFO - Started process (PID=44069) to work on /home/johnny/airflow/lib/python3.12/site-packages/airflow/example_dags/example_python_operator.py
[2024-07-07T20:38:54.332-0300] {processor.py:830} INFO - Processing file /home/johnny/airflow/lib/python3.12/site-packages/airflow/example_dags/example_python_operator.py for tasks to queue
[2024-07-07T20:38:54.335-0300] {logging_mixin.py:188} INFO - [2024-07-07T20:38:54.333-0300] {dagbag.py:545} INFO - Filling up the DagBag from /home/johnny/airflow/lib/python3.12/site-packages/airflow/example_dags/example_python_operator.py
[2024-07-07T20:38:54.362-0300] {processor.py:840} INFO - DAG(s) 'example_python_operator' retrieved from /home/johnny/airflow/lib/python3.12/site-packages/airflow/example_dags/example_python_operator.py
[2024-07-07T20:38:54.401-0300] {logging_mixin.py:188} INFO - [2024-07-07T20:38:54.401-0300] {dag.py:3096} INFO - Sync 1 DAGs
[2024-07-07T20:38:54.426-0300] {logging_mixin.py:188} INFO - [2024-07-07T20:38:54.425-0300] {dag.py:3954} INFO - Setting next_dagrun for example_python_operator to None, run_after=None
[2024-07-07T20:38:54.466-0300] {processor.py:183} INFO - Processing /home/johnny/airflow/lib/python3.12/site-packages/airflow/example_dags/example_python_operator.py took 0.147 seconds
[2024-07-07T20:40:02.861-0300] {processor.py:161} INFO - Started process (PID=44254) to work on /home/johnny/airflow/lib/python3.12/site-packages/airflow/example_dags/example_python_operator.py
[2024-07-07T20:40:02.865-0300] {processor.py:830} INFO - Processing file /home/johnny/airflow/lib/python3.12/site-packages/airflow/example_dags/example_python_operator.py for tasks to queue
[2024-07-07T20:40:02.868-0300] {logging_mixin.py:188} INFO - [2024-07-07T20:40:02.867-0300] {dagbag.py:545} INFO - Filling up the DagBag from /home/johnny/airflow/lib/python3.12/site-packages/airflow/example_dags/example_python_operator.py
[2024-07-07T20:40:02.895-0300] {processor.py:840} INFO - DAG(s) 'example_python_operator' retrieved from /home/johnny/airflow/lib/python3.12/site-packages/airflow/example_dags/example_python_operator.py
[2024-07-07T20:40:02.942-0300] {logging_mixin.py:188} INFO - [2024-07-07T20:40:02.941-0300] {dag.py:3096} INFO - Sync 1 DAGs
[2024-07-07T20:40:02.975-0300] {logging_mixin.py:188} INFO - [2024-07-07T20:40:02.975-0300] {dag.py:3954} INFO - Setting next_dagrun for example_python_operator to None, run_after=None
[2024-07-07T20:40:03.032-0300] {processor.py:183} INFO - Processing /home/johnny/airflow/lib/python3.12/site-packages/airflow/example_dags/example_python_operator.py took 0.181 seconds
[2024-07-07T20:41:11.012-0300] {processor.py:161} INFO - Started process (PID=44433) to work on /home/johnny/airflow/lib/python3.12/site-packages/airflow/example_dags/example_python_operator.py
[2024-07-07T20:41:11.017-0300] {processor.py:830} INFO - Processing file /home/johnny/airflow/lib/python3.12/site-packages/airflow/example_dags/example_python_operator.py for tasks to queue
[2024-07-07T20:41:11.020-0300] {logging_mixin.py:188} INFO - [2024-07-07T20:41:11.019-0300] {dagbag.py:545} INFO - Filling up the DagBag from /home/johnny/airflow/lib/python3.12/site-packages/airflow/example_dags/example_python_operator.py
[2024-07-07T20:41:11.046-0300] {processor.py:840} INFO - DAG(s) 'example_python_operator' retrieved from /home/johnny/airflow/lib/python3.12/site-packages/airflow/example_dags/example_python_operator.py
[2024-07-07T20:41:11.084-0300] {logging_mixin.py:188} INFO - [2024-07-07T20:41:11.084-0300] {dag.py:3096} INFO - Sync 1 DAGs
[2024-07-07T20:41:11.114-0300] {logging_mixin.py:188} INFO - [2024-07-07T20:41:11.113-0300] {dag.py:3954} INFO - Setting next_dagrun for example_python_operator to None, run_after=None
[2024-07-07T20:41:11.157-0300] {processor.py:183} INFO - Processing /home/johnny/airflow/lib/python3.12/site-packages/airflow/example_dags/example_python_operator.py took 0.157 seconds
[2024-07-07T20:42:20.215-0300] {processor.py:161} INFO - Started process (PID=44626) to work on /home/johnny/airflow/lib/python3.12/site-packages/airflow/example_dags/example_python_operator.py
[2024-07-07T20:42:20.222-0300] {processor.py:830} INFO - Processing file /home/johnny/airflow/lib/python3.12/site-packages/airflow/example_dags/example_python_operator.py for tasks to queue
[2024-07-07T20:42:20.224-0300] {logging_mixin.py:188} INFO - [2024-07-07T20:42:20.223-0300] {dagbag.py:545} INFO - Filling up the DagBag from /home/johnny/airflow/lib/python3.12/site-packages/airflow/example_dags/example_python_operator.py
[2024-07-07T20:42:20.244-0300] {processor.py:840} INFO - DAG(s) 'example_python_operator' retrieved from /home/johnny/airflow/lib/python3.12/site-packages/airflow/example_dags/example_python_operator.py
[2024-07-07T20:42:20.272-0300] {logging_mixin.py:188} INFO - [2024-07-07T20:42:20.271-0300] {dag.py:3096} INFO - Sync 1 DAGs
[2024-07-07T20:42:20.288-0300] {logging_mixin.py:188} INFO - [2024-07-07T20:42:20.287-0300] {dag.py:3954} INFO - Setting next_dagrun for example_python_operator to None, run_after=None
[2024-07-07T20:42:20.333-0300] {processor.py:183} INFO - Processing /home/johnny/airflow/lib/python3.12/site-packages/airflow/example_dags/example_python_operator.py took 0.130 seconds
[2024-07-07T20:43:24.489-0300] {processor.py:161} INFO - Started process (PID=44801) to work on /home/johnny/airflow/lib/python3.12/site-packages/airflow/example_dags/example_python_operator.py
[2024-07-07T20:43:24.495-0300] {processor.py:830} INFO - Processing file /home/johnny/airflow/lib/python3.12/site-packages/airflow/example_dags/example_python_operator.py for tasks to queue
[2024-07-07T20:43:24.497-0300] {logging_mixin.py:188} INFO - [2024-07-07T20:43:24.496-0300] {dagbag.py:545} INFO - Filling up the DagBag from /home/johnny/airflow/lib/python3.12/site-packages/airflow/example_dags/example_python_operator.py
[2024-07-07T20:43:24.520-0300] {processor.py:840} INFO - DAG(s) 'example_python_operator' retrieved from /home/johnny/airflow/lib/python3.12/site-packages/airflow/example_dags/example_python_operator.py
[2024-07-07T20:43:24.560-0300] {logging_mixin.py:188} INFO - [2024-07-07T20:43:24.559-0300] {dag.py:3096} INFO - Sync 1 DAGs
[2024-07-07T20:43:24.585-0300] {logging_mixin.py:188} INFO - [2024-07-07T20:43:24.584-0300] {dag.py:3954} INFO - Setting next_dagrun for example_python_operator to None, run_after=None
[2024-07-07T20:43:24.615-0300] {processor.py:183} INFO - Processing /home/johnny/airflow/lib/python3.12/site-packages/airflow/example_dags/example_python_operator.py took 0.137 seconds
[2024-07-07T20:44:32.252-0300] {processor.py:161} INFO - Started process (PID=44978) to work on /home/johnny/airflow/lib/python3.12/site-packages/airflow/example_dags/example_python_operator.py
[2024-07-07T20:44:32.258-0300] {processor.py:830} INFO - Processing file /home/johnny/airflow/lib/python3.12/site-packages/airflow/example_dags/example_python_operator.py for tasks to queue
[2024-07-07T20:44:32.260-0300] {logging_mixin.py:188} INFO - [2024-07-07T20:44:32.259-0300] {dagbag.py:545} INFO - Filling up the DagBag from /home/johnny/airflow/lib/python3.12/site-packages/airflow/example_dags/example_python_operator.py
[2024-07-07T20:44:32.287-0300] {processor.py:840} INFO - DAG(s) 'example_python_operator' retrieved from /home/johnny/airflow/lib/python3.12/site-packages/airflow/example_dags/example_python_operator.py
[2024-07-07T20:44:32.324-0300] {logging_mixin.py:188} INFO - [2024-07-07T20:44:32.324-0300] {dag.py:3096} INFO - Sync 1 DAGs
[2024-07-07T20:44:32.353-0300] {logging_mixin.py:188} INFO - [2024-07-07T20:44:32.353-0300] {dag.py:3954} INFO - Setting next_dagrun for example_python_operator to None, run_after=None
[2024-07-07T20:44:32.400-0300] {processor.py:183} INFO - Processing /home/johnny/airflow/lib/python3.12/site-packages/airflow/example_dags/example_python_operator.py took 0.160 seconds
[2024-07-07T20:45:39.524-0300] {processor.py:161} INFO - Started process (PID=45165) to work on /home/johnny/airflow/lib/python3.12/site-packages/airflow/example_dags/example_python_operator.py
[2024-07-07T20:45:39.528-0300] {processor.py:830} INFO - Processing file /home/johnny/airflow/lib/python3.12/site-packages/airflow/example_dags/example_python_operator.py for tasks to queue
[2024-07-07T20:45:39.531-0300] {logging_mixin.py:188} INFO - [2024-07-07T20:45:39.529-0300] {dagbag.py:545} INFO - Filling up the DagBag from /home/johnny/airflow/lib/python3.12/site-packages/airflow/example_dags/example_python_operator.py
[2024-07-07T20:45:39.566-0300] {processor.py:840} INFO - DAG(s) 'example_python_operator' retrieved from /home/johnny/airflow/lib/python3.12/site-packages/airflow/example_dags/example_python_operator.py
[2024-07-07T20:45:39.609-0300] {logging_mixin.py:188} INFO - [2024-07-07T20:45:39.608-0300] {dag.py:3096} INFO - Sync 1 DAGs
[2024-07-07T20:45:39.632-0300] {logging_mixin.py:188} INFO - [2024-07-07T20:45:39.632-0300] {dag.py:3954} INFO - Setting next_dagrun for example_python_operator to None, run_after=None
[2024-07-07T20:45:39.685-0300] {processor.py:183} INFO - Processing /home/johnny/airflow/lib/python3.12/site-packages/airflow/example_dags/example_python_operator.py took 0.188 seconds
[2024-07-07T20:46:46.103-0300] {processor.py:161} INFO - Started process (PID=45347) to work on /home/johnny/airflow/lib/python3.12/site-packages/airflow/example_dags/example_python_operator.py
[2024-07-07T20:46:46.109-0300] {processor.py:830} INFO - Processing file /home/johnny/airflow/lib/python3.12/site-packages/airflow/example_dags/example_python_operator.py for tasks to queue
[2024-07-07T20:46:46.112-0300] {logging_mixin.py:188} INFO - [2024-07-07T20:46:46.111-0300] {dagbag.py:545} INFO - Filling up the DagBag from /home/johnny/airflow/lib/python3.12/site-packages/airflow/example_dags/example_python_operator.py
[2024-07-07T20:46:46.142-0300] {processor.py:840} INFO - DAG(s) 'example_python_operator' retrieved from /home/johnny/airflow/lib/python3.12/site-packages/airflow/example_dags/example_python_operator.py
[2024-07-07T20:46:46.179-0300] {logging_mixin.py:188} INFO - [2024-07-07T20:46:46.178-0300] {dag.py:3096} INFO - Sync 1 DAGs
[2024-07-07T20:46:46.203-0300] {logging_mixin.py:188} INFO - [2024-07-07T20:46:46.203-0300] {dag.py:3954} INFO - Setting next_dagrun for example_python_operator to None, run_after=None
[2024-07-07T20:46:46.237-0300] {processor.py:183} INFO - Processing /home/johnny/airflow/lib/python3.12/site-packages/airflow/example_dags/example_python_operator.py took 0.148 seconds
[2024-07-07T20:47:51.189-0300] {processor.py:161} INFO - Started process (PID=45519) to work on /home/johnny/airflow/lib/python3.12/site-packages/airflow/example_dags/example_python_operator.py
[2024-07-07T20:47:51.195-0300] {processor.py:830} INFO - Processing file /home/johnny/airflow/lib/python3.12/site-packages/airflow/example_dags/example_python_operator.py for tasks to queue
[2024-07-07T20:47:51.197-0300] {logging_mixin.py:188} INFO - [2024-07-07T20:47:51.196-0300] {dagbag.py:545} INFO - Filling up the DagBag from /home/johnny/airflow/lib/python3.12/site-packages/airflow/example_dags/example_python_operator.py
[2024-07-07T20:47:51.219-0300] {processor.py:840} INFO - DAG(s) 'example_python_operator' retrieved from /home/johnny/airflow/lib/python3.12/site-packages/airflow/example_dags/example_python_operator.py
[2024-07-07T20:47:51.259-0300] {logging_mixin.py:188} INFO - [2024-07-07T20:47:51.258-0300] {dag.py:3096} INFO - Sync 1 DAGs
[2024-07-07T20:47:51.289-0300] {logging_mixin.py:188} INFO - [2024-07-07T20:47:51.288-0300] {dag.py:3954} INFO - Setting next_dagrun for example_python_operator to None, run_after=None
[2024-07-07T20:47:51.338-0300] {processor.py:183} INFO - Processing /home/johnny/airflow/lib/python3.12/site-packages/airflow/example_dags/example_python_operator.py took 0.160 seconds
[2024-07-07T20:48:58.530-0300] {processor.py:161} INFO - Started process (PID=45703) to work on /home/johnny/airflow/lib/python3.12/site-packages/airflow/example_dags/example_python_operator.py
[2024-07-07T20:48:58.539-0300] {processor.py:830} INFO - Processing file /home/johnny/airflow/lib/python3.12/site-packages/airflow/example_dags/example_python_operator.py for tasks to queue
[2024-07-07T20:48:58.541-0300] {logging_mixin.py:188} INFO - [2024-07-07T20:48:58.540-0300] {dagbag.py:545} INFO - Filling up the DagBag from /home/johnny/airflow/lib/python3.12/site-packages/airflow/example_dags/example_python_operator.py
[2024-07-07T20:48:58.572-0300] {processor.py:840} INFO - DAG(s) 'example_python_operator' retrieved from /home/johnny/airflow/lib/python3.12/site-packages/airflow/example_dags/example_python_operator.py
[2024-07-07T20:48:58.624-0300] {logging_mixin.py:188} INFO - [2024-07-07T20:48:58.624-0300] {dag.py:3096} INFO - Sync 1 DAGs
[2024-07-07T20:48:58.656-0300] {logging_mixin.py:188} INFO - [2024-07-07T20:48:58.656-0300] {dag.py:3954} INFO - Setting next_dagrun for example_python_operator to None, run_after=None
[2024-07-07T20:48:58.706-0300] {processor.py:183} INFO - Processing /home/johnny/airflow/lib/python3.12/site-packages/airflow/example_dags/example_python_operator.py took 0.187 seconds
[2024-07-07T20:50:09.323-0300] {processor.py:161} INFO - Started process (PID=45888) to work on /home/johnny/airflow/lib/python3.12/site-packages/airflow/example_dags/example_python_operator.py
[2024-07-07T20:50:09.330-0300] {processor.py:830} INFO - Processing file /home/johnny/airflow/lib/python3.12/site-packages/airflow/example_dags/example_python_operator.py for tasks to queue
[2024-07-07T20:50:09.332-0300] {logging_mixin.py:188} INFO - [2024-07-07T20:50:09.331-0300] {dagbag.py:545} INFO - Filling up the DagBag from /home/johnny/airflow/lib/python3.12/site-packages/airflow/example_dags/example_python_operator.py
[2024-07-07T20:50:09.359-0300] {processor.py:840} INFO - DAG(s) 'example_python_operator' retrieved from /home/johnny/airflow/lib/python3.12/site-packages/airflow/example_dags/example_python_operator.py
[2024-07-07T20:50:09.393-0300] {logging_mixin.py:188} INFO - [2024-07-07T20:50:09.392-0300] {dag.py:3096} INFO - Sync 1 DAGs
[2024-07-07T20:50:09.410-0300] {logging_mixin.py:188} INFO - [2024-07-07T20:50:09.410-0300] {dag.py:3954} INFO - Setting next_dagrun for example_python_operator to None, run_after=None
[2024-07-07T20:50:09.475-0300] {processor.py:183} INFO - Processing /home/johnny/airflow/lib/python3.12/site-packages/airflow/example_dags/example_python_operator.py took 0.165 seconds
[2024-07-07T20:51:21.939-0300] {processor.py:161} INFO - Started process (PID=46074) to work on /home/johnny/airflow/lib/python3.12/site-packages/airflow/example_dags/example_python_operator.py
[2024-07-07T20:51:21.943-0300] {processor.py:830} INFO - Processing file /home/johnny/airflow/lib/python3.12/site-packages/airflow/example_dags/example_python_operator.py for tasks to queue
[2024-07-07T20:51:21.946-0300] {logging_mixin.py:188} INFO - [2024-07-07T20:51:21.945-0300] {dagbag.py:545} INFO - Filling up the DagBag from /home/johnny/airflow/lib/python3.12/site-packages/airflow/example_dags/example_python_operator.py
[2024-07-07T20:51:21.981-0300] {processor.py:840} INFO - DAG(s) 'example_python_operator' retrieved from /home/johnny/airflow/lib/python3.12/site-packages/airflow/example_dags/example_python_operator.py
[2024-07-07T20:51:22.031-0300] {logging_mixin.py:188} INFO - [2024-07-07T20:51:22.030-0300] {dag.py:3096} INFO - Sync 1 DAGs
[2024-07-07T20:51:22.049-0300] {logging_mixin.py:188} INFO - [2024-07-07T20:51:22.048-0300] {dag.py:3954} INFO - Setting next_dagrun for example_python_operator to None, run_after=None
[2024-07-07T20:51:22.094-0300] {processor.py:183} INFO - Processing /home/johnny/airflow/lib/python3.12/site-packages/airflow/example_dags/example_python_operator.py took 0.170 seconds
[2024-07-07T20:52:32.861-0300] {processor.py:161} INFO - Started process (PID=46271) to work on /home/johnny/airflow/lib/python3.12/site-packages/airflow/example_dags/example_python_operator.py
[2024-07-07T20:52:32.867-0300] {processor.py:830} INFO - Processing file /home/johnny/airflow/lib/python3.12/site-packages/airflow/example_dags/example_python_operator.py for tasks to queue
[2024-07-07T20:52:32.869-0300] {logging_mixin.py:188} INFO - [2024-07-07T20:52:32.868-0300] {dagbag.py:545} INFO - Filling up the DagBag from /home/johnny/airflow/lib/python3.12/site-packages/airflow/example_dags/example_python_operator.py
[2024-07-07T20:52:32.891-0300] {processor.py:840} INFO - DAG(s) 'example_python_operator' retrieved from /home/johnny/airflow/lib/python3.12/site-packages/airflow/example_dags/example_python_operator.py
[2024-07-07T20:52:32.971-0300] {logging_mixin.py:188} INFO - [2024-07-07T20:52:32.970-0300] {dag.py:3096} INFO - Sync 1 DAGs
[2024-07-07T20:52:33.004-0300] {logging_mixin.py:188} INFO - [2024-07-07T20:52:33.003-0300] {dag.py:3954} INFO - Setting next_dagrun for example_python_operator to None, run_after=None
[2024-07-07T20:52:33.071-0300] {processor.py:183} INFO - Processing /home/johnny/airflow/lib/python3.12/site-packages/airflow/example_dags/example_python_operator.py took 0.221 seconds
[2024-07-07T20:53:35.964-0300] {processor.py:161} INFO - Started process (PID=46433) to work on /home/johnny/airflow/lib/python3.12/site-packages/airflow/example_dags/example_python_operator.py
[2024-07-07T20:53:35.966-0300] {processor.py:830} INFO - Processing file /home/johnny/airflow/lib/python3.12/site-packages/airflow/example_dags/example_python_operator.py for tasks to queue
[2024-07-07T20:53:35.968-0300] {logging_mixin.py:188} INFO - [2024-07-07T20:53:35.968-0300] {dagbag.py:545} INFO - Filling up the DagBag from /home/johnny/airflow/lib/python3.12/site-packages/airflow/example_dags/example_python_operator.py
[2024-07-07T20:53:35.993-0300] {processor.py:840} INFO - DAG(s) 'example_python_operator' retrieved from /home/johnny/airflow/lib/python3.12/site-packages/airflow/example_dags/example_python_operator.py
[2024-07-07T20:53:36.028-0300] {logging_mixin.py:188} INFO - [2024-07-07T20:53:36.027-0300] {dag.py:3096} INFO - Sync 1 DAGs
[2024-07-07T20:53:36.046-0300] {logging_mixin.py:188} INFO - [2024-07-07T20:53:36.046-0300] {dag.py:3954} INFO - Setting next_dagrun for example_python_operator to None, run_after=None
[2024-07-07T20:53:36.081-0300] {processor.py:183} INFO - Processing /home/johnny/airflow/lib/python3.12/site-packages/airflow/example_dags/example_python_operator.py took 0.130 seconds
[2024-07-07T20:54:47.054-0300] {processor.py:161} INFO - Started process (PID=46617) to work on /home/johnny/airflow/lib/python3.12/site-packages/airflow/example_dags/example_python_operator.py
[2024-07-07T20:54:47.057-0300] {processor.py:830} INFO - Processing file /home/johnny/airflow/lib/python3.12/site-packages/airflow/example_dags/example_python_operator.py for tasks to queue
[2024-07-07T20:54:47.058-0300] {logging_mixin.py:188} INFO - [2024-07-07T20:54:47.058-0300] {dagbag.py:545} INFO - Filling up the DagBag from /home/johnny/airflow/lib/python3.12/site-packages/airflow/example_dags/example_python_operator.py
[2024-07-07T20:54:47.077-0300] {processor.py:840} INFO - DAG(s) 'example_python_operator' retrieved from /home/johnny/airflow/lib/python3.12/site-packages/airflow/example_dags/example_python_operator.py
[2024-07-07T20:54:47.110-0300] {logging_mixin.py:188} INFO - [2024-07-07T20:54:47.109-0300] {dag.py:3096} INFO - Sync 1 DAGs
[2024-07-07T20:54:47.141-0300] {logging_mixin.py:188} INFO - [2024-07-07T20:54:47.140-0300] {dag.py:3954} INFO - Setting next_dagrun for example_python_operator to None, run_after=None
[2024-07-07T20:54:47.174-0300] {processor.py:183} INFO - Processing /home/johnny/airflow/lib/python3.12/site-packages/airflow/example_dags/example_python_operator.py took 0.133 seconds
[2024-07-07T20:55:53.129-0300] {processor.py:161} INFO - Started process (PID=46800) to work on /home/johnny/airflow/lib/python3.12/site-packages/airflow/example_dags/example_python_operator.py
[2024-07-07T20:55:53.131-0300] {processor.py:830} INFO - Processing file /home/johnny/airflow/lib/python3.12/site-packages/airflow/example_dags/example_python_operator.py for tasks to queue
[2024-07-07T20:55:53.133-0300] {logging_mixin.py:188} INFO - [2024-07-07T20:55:53.133-0300] {dagbag.py:545} INFO - Filling up the DagBag from /home/johnny/airflow/lib/python3.12/site-packages/airflow/example_dags/example_python_operator.py
[2024-07-07T20:55:53.163-0300] {processor.py:840} INFO - DAG(s) 'example_python_operator' retrieved from /home/johnny/airflow/lib/python3.12/site-packages/airflow/example_dags/example_python_operator.py
[2024-07-07T20:55:53.203-0300] {logging_mixin.py:188} INFO - [2024-07-07T20:55:53.202-0300] {dag.py:3096} INFO - Sync 1 DAGs
[2024-07-07T20:55:53.226-0300] {logging_mixin.py:188} INFO - [2024-07-07T20:55:53.226-0300] {dag.py:3954} INFO - Setting next_dagrun for example_python_operator to None, run_after=None
[2024-07-07T20:55:53.315-0300] {processor.py:183} INFO - Processing /home/johnny/airflow/lib/python3.12/site-packages/airflow/example_dags/example_python_operator.py took 0.202 seconds
[2024-07-07T20:57:02.616-0300] {processor.py:161} INFO - Started process (PID=46987) to work on /home/johnny/airflow/lib/python3.12/site-packages/airflow/example_dags/example_python_operator.py
[2024-07-07T20:57:02.622-0300] {processor.py:830} INFO - Processing file /home/johnny/airflow/lib/python3.12/site-packages/airflow/example_dags/example_python_operator.py for tasks to queue
[2024-07-07T20:57:02.626-0300] {logging_mixin.py:188} INFO - [2024-07-07T20:57:02.625-0300] {dagbag.py:545} INFO - Filling up the DagBag from /home/johnny/airflow/lib/python3.12/site-packages/airflow/example_dags/example_python_operator.py
[2024-07-07T20:57:02.656-0300] {processor.py:840} INFO - DAG(s) 'example_python_operator' retrieved from /home/johnny/airflow/lib/python3.12/site-packages/airflow/example_dags/example_python_operator.py
[2024-07-07T20:57:02.680-0300] {logging_mixin.py:188} INFO - [2024-07-07T20:57:02.680-0300] {dag.py:3096} INFO - Sync 1 DAGs
[2024-07-07T20:57:02.694-0300] {logging_mixin.py:188} INFO - [2024-07-07T20:57:02.693-0300] {dag.py:3954} INFO - Setting next_dagrun for example_python_operator to None, run_after=None
[2024-07-07T20:57:02.722-0300] {processor.py:183} INFO - Processing /home/johnny/airflow/lib/python3.12/site-packages/airflow/example_dags/example_python_operator.py took 0.123 seconds
[2024-07-07T20:58:12.102-0300] {processor.py:161} INFO - Started process (PID=47189) to work on /home/johnny/airflow/lib/python3.12/site-packages/airflow/example_dags/example_python_operator.py
[2024-07-07T20:58:12.107-0300] {processor.py:830} INFO - Processing file /home/johnny/airflow/lib/python3.12/site-packages/airflow/example_dags/example_python_operator.py for tasks to queue
[2024-07-07T20:58:12.110-0300] {logging_mixin.py:188} INFO - [2024-07-07T20:58:12.109-0300] {dagbag.py:545} INFO - Filling up the DagBag from /home/johnny/airflow/lib/python3.12/site-packages/airflow/example_dags/example_python_operator.py
[2024-07-07T20:58:12.130-0300] {processor.py:840} INFO - DAG(s) 'example_python_operator' retrieved from /home/johnny/airflow/lib/python3.12/site-packages/airflow/example_dags/example_python_operator.py
[2024-07-07T20:58:12.186-0300] {logging_mixin.py:188} INFO - [2024-07-07T20:58:12.185-0300] {dag.py:3096} INFO - Sync 1 DAGs
[2024-07-07T20:58:12.208-0300] {logging_mixin.py:188} INFO - [2024-07-07T20:58:12.207-0300] {dag.py:3954} INFO - Setting next_dagrun for example_python_operator to None, run_after=None
[2024-07-07T20:58:12.261-0300] {processor.py:183} INFO - Processing /home/johnny/airflow/lib/python3.12/site-packages/airflow/example_dags/example_python_operator.py took 0.172 seconds
[2024-07-07T20:59:24.216-0300] {processor.py:161} INFO - Started process (PID=47395) to work on /home/johnny/airflow/lib/python3.12/site-packages/airflow/example_dags/example_python_operator.py
[2024-07-07T20:59:24.219-0300] {processor.py:830} INFO - Processing file /home/johnny/airflow/lib/python3.12/site-packages/airflow/example_dags/example_python_operator.py for tasks to queue
[2024-07-07T20:59:24.221-0300] {logging_mixin.py:188} INFO - [2024-07-07T20:59:24.220-0300] {dagbag.py:545} INFO - Filling up the DagBag from /home/johnny/airflow/lib/python3.12/site-packages/airflow/example_dags/example_python_operator.py
[2024-07-07T20:59:24.247-0300] {processor.py:840} INFO - DAG(s) 'example_python_operator' retrieved from /home/johnny/airflow/lib/python3.12/site-packages/airflow/example_dags/example_python_operator.py
[2024-07-07T20:59:24.297-0300] {logging_mixin.py:188} INFO - [2024-07-07T20:59:24.296-0300] {dag.py:3096} INFO - Sync 1 DAGs
[2024-07-07T20:59:24.340-0300] {logging_mixin.py:188} INFO - [2024-07-07T20:59:24.339-0300] {dag.py:3954} INFO - Setting next_dagrun for example_python_operator to None, run_after=None
[2024-07-07T20:59:24.393-0300] {processor.py:183} INFO - Processing /home/johnny/airflow/lib/python3.12/site-packages/airflow/example_dags/example_python_operator.py took 0.192 seconds
