[2024-07-07T14:05:04.931-0300] {processor.py:161} INFO - Started process (PID=3014) to work on /home/johnny/airflow_env/lib/python3.12/site-packages/airflow/example_dags/example_task_group.py
[2024-07-07T14:05:04.933-0300] {processor.py:830} INFO - Processing file /home/johnny/airflow_env/lib/python3.12/site-packages/airflow/example_dags/example_task_group.py for tasks to queue
[2024-07-07T14:05:04.936-0300] {logging_mixin.py:188} INFO - [2024-07-07T14:05:04.935-0300] {dagbag.py:545} INFO - Filling up the DagBag from /home/johnny/airflow_env/lib/python3.12/site-packages/airflow/example_dags/example_task_group.py
[2024-07-07T14:05:04.951-0300] {processor.py:840} INFO - DAG(s) 'example_task_group' retrieved from /home/johnny/airflow_env/lib/python3.12/site-packages/airflow/example_dags/example_task_group.py
[2024-07-07T14:05:05.146-0300] {logging_mixin.py:188} INFO - [2024-07-07T14:05:05.145-0300] {override.py:1847} INFO - Created Permission View: can delete on DAG:example_task_group
[2024-07-07T14:05:05.170-0300] {logging_mixin.py:188} INFO - [2024-07-07T14:05:05.169-0300] {override.py:1847} INFO - Created Permission View: can read on DAG:example_task_group
[2024-07-07T14:05:05.187-0300] {logging_mixin.py:188} INFO - [2024-07-07T14:05:05.186-0300] {override.py:1847} INFO - Created Permission View: can edit on DAG:example_task_group
[2024-07-07T14:05:05.188-0300] {logging_mixin.py:188} INFO - [2024-07-07T14:05:05.188-0300] {dag.py:3096} INFO - Sync 1 DAGs
[2024-07-07T14:05:05.211-0300] {logging_mixin.py:188} INFO - [2024-07-07T14:05:05.210-0300] {dag.py:3118} INFO - Creating ORM DAG for example_task_group
[2024-07-07T14:05:05.230-0300] {logging_mixin.py:188} INFO - [2024-07-07T14:05:05.229-0300] {dag.py:3954} INFO - Setting next_dagrun for example_task_group to 2024-07-06 00:00:00+00:00, run_after=2024-07-07 00:00:00+00:00
[2024-07-07T14:05:05.277-0300] {processor.py:183} INFO - Processing /home/johnny/airflow_env/lib/python3.12/site-packages/airflow/example_dags/example_task_group.py took 0.357 seconds
[2024-07-07T14:06:08.213-0300] {processor.py:161} INFO - Started process (PID=3068) to work on /home/johnny/airflow_env/lib/python3.12/site-packages/airflow/example_dags/example_task_group.py
[2024-07-07T14:06:08.216-0300] {processor.py:830} INFO - Processing file /home/johnny/airflow_env/lib/python3.12/site-packages/airflow/example_dags/example_task_group.py for tasks to queue
[2024-07-07T14:06:08.219-0300] {logging_mixin.py:188} INFO - [2024-07-07T14:06:08.218-0300] {dagbag.py:545} INFO - Filling up the DagBag from /home/johnny/airflow_env/lib/python3.12/site-packages/airflow/example_dags/example_task_group.py
[2024-07-07T14:06:08.236-0300] {processor.py:840} INFO - DAG(s) 'example_task_group' retrieved from /home/johnny/airflow_env/lib/python3.12/site-packages/airflow/example_dags/example_task_group.py
[2024-07-07T14:06:08.268-0300] {logging_mixin.py:188} INFO - [2024-07-07T14:06:08.268-0300] {dag.py:3096} INFO - Sync 1 DAGs
[2024-07-07T14:06:08.297-0300] {logging_mixin.py:188} INFO - [2024-07-07T14:06:08.296-0300] {dag.py:3954} INFO - Setting next_dagrun for example_task_group to 2024-07-06 00:00:00+00:00, run_after=2024-07-07 00:00:00+00:00
[2024-07-07T14:06:08.336-0300] {processor.py:183} INFO - Processing /home/johnny/airflow_env/lib/python3.12/site-packages/airflow/example_dags/example_task_group.py took 0.134 seconds
[2024-07-07T14:07:05.770-0300] {processor.py:161} INFO - Started process (PID=3119) to work on /home/johnny/airflow_env/lib/python3.12/site-packages/airflow/example_dags/example_task_group.py
[2024-07-07T14:07:05.773-0300] {processor.py:830} INFO - Processing file /home/johnny/airflow_env/lib/python3.12/site-packages/airflow/example_dags/example_task_group.py for tasks to queue
[2024-07-07T14:07:05.778-0300] {logging_mixin.py:188} INFO - [2024-07-07T14:07:05.777-0300] {dagbag.py:545} INFO - Filling up the DagBag from /home/johnny/airflow_env/lib/python3.12/site-packages/airflow/example_dags/example_task_group.py
[2024-07-07T14:07:05.794-0300] {processor.py:840} INFO - DAG(s) 'example_task_group' retrieved from /home/johnny/airflow_env/lib/python3.12/site-packages/airflow/example_dags/example_task_group.py
[2024-07-07T14:07:05.851-0300] {logging_mixin.py:188} INFO - [2024-07-07T14:07:05.850-0300] {dag.py:3096} INFO - Sync 1 DAGs
[2024-07-07T14:07:05.930-0300] {logging_mixin.py:188} INFO - [2024-07-07T14:07:05.930-0300] {dag.py:3954} INFO - Setting next_dagrun for example_task_group to 2024-07-06 00:00:00+00:00, run_after=2024-07-07 00:00:00+00:00
[2024-07-07T14:07:06.019-0300] {processor.py:183} INFO - Processing /home/johnny/airflow_env/lib/python3.12/site-packages/airflow/example_dags/example_task_group.py took 0.261 seconds
[2024-07-07T14:08:04.173-0300] {processor.py:161} INFO - Started process (PID=3170) to work on /home/johnny/airflow_env/lib/python3.12/site-packages/airflow/example_dags/example_task_group.py
[2024-07-07T14:08:04.176-0300] {processor.py:830} INFO - Processing file /home/johnny/airflow_env/lib/python3.12/site-packages/airflow/example_dags/example_task_group.py for tasks to queue
[2024-07-07T14:08:04.180-0300] {logging_mixin.py:188} INFO - [2024-07-07T14:08:04.179-0300] {dagbag.py:545} INFO - Filling up the DagBag from /home/johnny/airflow_env/lib/python3.12/site-packages/airflow/example_dags/example_task_group.py
[2024-07-07T14:08:04.204-0300] {processor.py:840} INFO - DAG(s) 'example_task_group' retrieved from /home/johnny/airflow_env/lib/python3.12/site-packages/airflow/example_dags/example_task_group.py
[2024-07-07T14:08:04.228-0300] {logging_mixin.py:188} INFO - [2024-07-07T14:08:04.228-0300] {dag.py:3096} INFO - Sync 1 DAGs
[2024-07-07T14:08:04.294-0300] {logging_mixin.py:188} INFO - [2024-07-07T14:08:04.291-0300] {dag.py:3954} INFO - Setting next_dagrun for example_task_group to 2024-07-06 00:00:00+00:00, run_after=2024-07-07 00:00:00+00:00
[2024-07-07T14:08:04.344-0300] {processor.py:183} INFO - Processing /home/johnny/airflow_env/lib/python3.12/site-packages/airflow/example_dags/example_task_group.py took 0.189 seconds
[2024-07-07T19:45:27.092-0300] {processor.py:161} INFO - Started process (PID=35260) to work on /home/johnny/airflow/lib/python3.12/site-packages/airflow/example_dags/example_task_group.py
[2024-07-07T19:45:27.098-0300] {processor.py:830} INFO - Processing file /home/johnny/airflow/lib/python3.12/site-packages/airflow/example_dags/example_task_group.py for tasks to queue
[2024-07-07T19:45:27.102-0300] {logging_mixin.py:188} INFO - [2024-07-07T19:45:27.101-0300] {dagbag.py:545} INFO - Filling up the DagBag from /home/johnny/airflow/lib/python3.12/site-packages/airflow/example_dags/example_task_group.py
[2024-07-07T19:45:27.118-0300] {processor.py:840} INFO - DAG(s) 'example_task_group' retrieved from /home/johnny/airflow/lib/python3.12/site-packages/airflow/example_dags/example_task_group.py
[2024-07-07T19:45:27.385-0300] {logging_mixin.py:188} INFO - [2024-07-07T19:45:27.384-0300] {dag.py:3096} INFO - Sync 1 DAGs
[2024-07-07T19:45:27.432-0300] {logging_mixin.py:188} INFO - [2024-07-07T19:45:27.431-0300] {dag.py:3954} INFO - Setting next_dagrun for example_task_group to 2024-07-06 00:00:00+00:00, run_after=2024-07-07 00:00:00+00:00
[2024-07-07T19:45:27.688-0300] {processor.py:183} INFO - Processing /home/johnny/airflow/lib/python3.12/site-packages/airflow/example_dags/example_task_group.py took 0.609 seconds
[2024-07-07T19:46:37.956-0300] {processor.py:161} INFO - Started process (PID=35430) to work on /home/johnny/airflow/lib/python3.12/site-packages/airflow/example_dags/example_task_group.py
[2024-07-07T19:46:37.958-0300] {processor.py:830} INFO - Processing file /home/johnny/airflow/lib/python3.12/site-packages/airflow/example_dags/example_task_group.py for tasks to queue
[2024-07-07T19:46:37.962-0300] {logging_mixin.py:188} INFO - [2024-07-07T19:46:37.961-0300] {dagbag.py:545} INFO - Filling up the DagBag from /home/johnny/airflow/lib/python3.12/site-packages/airflow/example_dags/example_task_group.py
[2024-07-07T19:46:37.979-0300] {processor.py:840} INFO - DAG(s) 'example_task_group' retrieved from /home/johnny/airflow/lib/python3.12/site-packages/airflow/example_dags/example_task_group.py
[2024-07-07T19:46:38.022-0300] {logging_mixin.py:188} INFO - [2024-07-07T19:46:38.021-0300] {dag.py:3096} INFO - Sync 1 DAGs
[2024-07-07T19:46:38.069-0300] {logging_mixin.py:188} INFO - [2024-07-07T19:46:38.069-0300] {dag.py:3954} INFO - Setting next_dagrun for example_task_group to 2024-07-06 00:00:00+00:00, run_after=2024-07-07 00:00:00+00:00
[2024-07-07T19:46:38.122-0300] {processor.py:183} INFO - Processing /home/johnny/airflow/lib/python3.12/site-packages/airflow/example_dags/example_task_group.py took 0.182 seconds
[2024-07-07T19:47:53.819-0300] {processor.py:161} INFO - Started process (PID=35636) to work on /home/johnny/airflow/lib/python3.12/site-packages/airflow/example_dags/example_task_group.py
[2024-07-07T19:47:53.825-0300] {processor.py:830} INFO - Processing file /home/johnny/airflow/lib/python3.12/site-packages/airflow/example_dags/example_task_group.py for tasks to queue
[2024-07-07T19:47:53.829-0300] {logging_mixin.py:188} INFO - [2024-07-07T19:47:53.828-0300] {dagbag.py:545} INFO - Filling up the DagBag from /home/johnny/airflow/lib/python3.12/site-packages/airflow/example_dags/example_task_group.py
[2024-07-07T19:47:53.847-0300] {processor.py:840} INFO - DAG(s) 'example_task_group' retrieved from /home/johnny/airflow/lib/python3.12/site-packages/airflow/example_dags/example_task_group.py
[2024-07-07T19:47:53.883-0300] {logging_mixin.py:188} INFO - [2024-07-07T19:47:53.882-0300] {dag.py:3096} INFO - Sync 1 DAGs
[2024-07-07T19:47:53.934-0300] {logging_mixin.py:188} INFO - [2024-07-07T19:47:53.934-0300] {dag.py:3954} INFO - Setting next_dagrun for example_task_group to 2024-07-06 00:00:00+00:00, run_after=2024-07-07 00:00:00+00:00
[2024-07-07T19:47:53.988-0300] {processor.py:183} INFO - Processing /home/johnny/airflow/lib/python3.12/site-packages/airflow/example_dags/example_task_group.py took 0.182 seconds
[2024-07-07T19:48:59.624-0300] {processor.py:161} INFO - Started process (PID=35839) to work on /home/johnny/airflow/lib/python3.12/site-packages/airflow/example_dags/example_task_group.py
[2024-07-07T19:48:59.627-0300] {processor.py:830} INFO - Processing file /home/johnny/airflow/lib/python3.12/site-packages/airflow/example_dags/example_task_group.py for tasks to queue
[2024-07-07T19:48:59.631-0300] {logging_mixin.py:188} INFO - [2024-07-07T19:48:59.630-0300] {dagbag.py:545} INFO - Filling up the DagBag from /home/johnny/airflow/lib/python3.12/site-packages/airflow/example_dags/example_task_group.py
[2024-07-07T19:48:59.647-0300] {processor.py:840} INFO - DAG(s) 'example_task_group' retrieved from /home/johnny/airflow/lib/python3.12/site-packages/airflow/example_dags/example_task_group.py
[2024-07-07T19:48:59.682-0300] {logging_mixin.py:188} INFO - [2024-07-07T19:48:59.681-0300] {dag.py:3096} INFO - Sync 1 DAGs
[2024-07-07T19:48:59.723-0300] {logging_mixin.py:188} INFO - [2024-07-07T19:48:59.723-0300] {dag.py:3954} INFO - Setting next_dagrun for example_task_group to 2024-07-06 00:00:00+00:00, run_after=2024-07-07 00:00:00+00:00
[2024-07-07T19:48:59.774-0300] {processor.py:183} INFO - Processing /home/johnny/airflow/lib/python3.12/site-packages/airflow/example_dags/example_task_group.py took 0.162 seconds
[2024-07-07T19:50:04.103-0300] {processor.py:161} INFO - Started process (PID=36015) to work on /home/johnny/airflow/lib/python3.12/site-packages/airflow/example_dags/example_task_group.py
[2024-07-07T19:50:04.106-0300] {processor.py:830} INFO - Processing file /home/johnny/airflow/lib/python3.12/site-packages/airflow/example_dags/example_task_group.py for tasks to queue
[2024-07-07T19:50:04.111-0300] {logging_mixin.py:188} INFO - [2024-07-07T19:50:04.110-0300] {dagbag.py:545} INFO - Filling up the DagBag from /home/johnny/airflow/lib/python3.12/site-packages/airflow/example_dags/example_task_group.py
[2024-07-07T19:50:04.139-0300] {processor.py:840} INFO - DAG(s) 'example_task_group' retrieved from /home/johnny/airflow/lib/python3.12/site-packages/airflow/example_dags/example_task_group.py
[2024-07-07T19:50:04.182-0300] {logging_mixin.py:188} INFO - [2024-07-07T19:50:04.181-0300] {dag.py:3096} INFO - Sync 1 DAGs
[2024-07-07T19:50:04.231-0300] {logging_mixin.py:188} INFO - [2024-07-07T19:50:04.231-0300] {dag.py:3954} INFO - Setting next_dagrun for example_task_group to 2024-07-06 00:00:00+00:00, run_after=2024-07-07 00:00:00+00:00
[2024-07-07T19:50:04.279-0300] {processor.py:183} INFO - Processing /home/johnny/airflow/lib/python3.12/site-packages/airflow/example_dags/example_task_group.py took 0.190 seconds
[2024-07-07T19:51:17.597-0300] {processor.py:161} INFO - Started process (PID=36218) to work on /home/johnny/airflow/lib/python3.12/site-packages/airflow/example_dags/example_task_group.py
[2024-07-07T19:51:17.600-0300] {processor.py:830} INFO - Processing file /home/johnny/airflow/lib/python3.12/site-packages/airflow/example_dags/example_task_group.py for tasks to queue
[2024-07-07T19:51:17.604-0300] {logging_mixin.py:188} INFO - [2024-07-07T19:51:17.603-0300] {dagbag.py:545} INFO - Filling up the DagBag from /home/johnny/airflow/lib/python3.12/site-packages/airflow/example_dags/example_task_group.py
[2024-07-07T19:51:17.620-0300] {processor.py:840} INFO - DAG(s) 'example_task_group' retrieved from /home/johnny/airflow/lib/python3.12/site-packages/airflow/example_dags/example_task_group.py
[2024-07-07T19:51:17.651-0300] {logging_mixin.py:188} INFO - [2024-07-07T19:51:17.650-0300] {dag.py:3096} INFO - Sync 1 DAGs
[2024-07-07T19:51:17.694-0300] {logging_mixin.py:188} INFO - [2024-07-07T19:51:17.682-0300] {dag.py:3954} INFO - Setting next_dagrun for example_task_group to 2024-07-06 00:00:00+00:00, run_after=2024-07-07 00:00:00+00:00
[2024-07-07T19:51:17.756-0300] {processor.py:183} INFO - Processing /home/johnny/airflow/lib/python3.12/site-packages/airflow/example_dags/example_task_group.py took 0.170 seconds
[2024-07-07T19:52:26.194-0300] {processor.py:161} INFO - Started process (PID=36399) to work on /home/johnny/airflow/lib/python3.12/site-packages/airflow/example_dags/example_task_group.py
[2024-07-07T19:52:26.197-0300] {processor.py:830} INFO - Processing file /home/johnny/airflow/lib/python3.12/site-packages/airflow/example_dags/example_task_group.py for tasks to queue
[2024-07-07T19:52:26.201-0300] {logging_mixin.py:188} INFO - [2024-07-07T19:52:26.200-0300] {dagbag.py:545} INFO - Filling up the DagBag from /home/johnny/airflow/lib/python3.12/site-packages/airflow/example_dags/example_task_group.py
[2024-07-07T19:52:26.219-0300] {processor.py:840} INFO - DAG(s) 'example_task_group' retrieved from /home/johnny/airflow/lib/python3.12/site-packages/airflow/example_dags/example_task_group.py
[2024-07-07T19:52:26.248-0300] {logging_mixin.py:188} INFO - [2024-07-07T19:52:26.248-0300] {dag.py:3096} INFO - Sync 1 DAGs
[2024-07-07T19:52:26.279-0300] {logging_mixin.py:188} INFO - [2024-07-07T19:52:26.279-0300] {dag.py:3954} INFO - Setting next_dagrun for example_task_group to 2024-07-06 00:00:00+00:00, run_after=2024-07-07 00:00:00+00:00
[2024-07-07T19:52:26.321-0300] {processor.py:183} INFO - Processing /home/johnny/airflow/lib/python3.12/site-packages/airflow/example_dags/example_task_group.py took 0.139 seconds
[2024-07-07T19:53:37.446-0300] {processor.py:161} INFO - Started process (PID=36602) to work on /home/johnny/airflow/lib/python3.12/site-packages/airflow/example_dags/example_task_group.py
[2024-07-07T19:53:37.453-0300] {processor.py:830} INFO - Processing file /home/johnny/airflow/lib/python3.12/site-packages/airflow/example_dags/example_task_group.py for tasks to queue
[2024-07-07T19:53:37.460-0300] {logging_mixin.py:188} INFO - [2024-07-07T19:53:37.456-0300] {dagbag.py:545} INFO - Filling up the DagBag from /home/johnny/airflow/lib/python3.12/site-packages/airflow/example_dags/example_task_group.py
[2024-07-07T19:53:37.497-0300] {processor.py:840} INFO - DAG(s) 'example_task_group' retrieved from /home/johnny/airflow/lib/python3.12/site-packages/airflow/example_dags/example_task_group.py
[2024-07-07T19:53:37.567-0300] {logging_mixin.py:188} INFO - [2024-07-07T19:53:37.563-0300] {dag.py:3096} INFO - Sync 1 DAGs
[2024-07-07T19:53:37.636-0300] {logging_mixin.py:188} INFO - [2024-07-07T19:53:37.636-0300] {dag.py:3954} INFO - Setting next_dagrun for example_task_group to 2024-07-06 00:00:00+00:00, run_after=2024-07-07 00:00:00+00:00
[2024-07-07T19:53:37.690-0300] {processor.py:183} INFO - Processing /home/johnny/airflow/lib/python3.12/site-packages/airflow/example_dags/example_task_group.py took 0.277 seconds
[2024-07-07T19:54:45.398-0300] {processor.py:161} INFO - Started process (PID=36785) to work on /home/johnny/airflow/lib/python3.12/site-packages/airflow/example_dags/example_task_group.py
[2024-07-07T19:54:45.404-0300] {processor.py:830} INFO - Processing file /home/johnny/airflow/lib/python3.12/site-packages/airflow/example_dags/example_task_group.py for tasks to queue
[2024-07-07T19:54:45.407-0300] {logging_mixin.py:188} INFO - [2024-07-07T19:54:45.406-0300] {dagbag.py:545} INFO - Filling up the DagBag from /home/johnny/airflow/lib/python3.12/site-packages/airflow/example_dags/example_task_group.py
[2024-07-07T19:54:45.423-0300] {processor.py:840} INFO - DAG(s) 'example_task_group' retrieved from /home/johnny/airflow/lib/python3.12/site-packages/airflow/example_dags/example_task_group.py
[2024-07-07T19:54:45.450-0300] {logging_mixin.py:188} INFO - [2024-07-07T19:54:45.449-0300] {dag.py:3096} INFO - Sync 1 DAGs
[2024-07-07T19:54:45.506-0300] {logging_mixin.py:188} INFO - [2024-07-07T19:54:45.505-0300] {dag.py:3954} INFO - Setting next_dagrun for example_task_group to 2024-07-06 00:00:00+00:00, run_after=2024-07-07 00:00:00+00:00
[2024-07-07T19:54:45.563-0300] {processor.py:183} INFO - Processing /home/johnny/airflow/lib/python3.12/site-packages/airflow/example_dags/example_task_group.py took 0.186 seconds
[2024-07-07T19:55:56.903-0300] {processor.py:161} INFO - Started process (PID=36974) to work on /home/johnny/airflow/lib/python3.12/site-packages/airflow/example_dags/example_task_group.py
[2024-07-07T19:55:56.909-0300] {processor.py:830} INFO - Processing file /home/johnny/airflow/lib/python3.12/site-packages/airflow/example_dags/example_task_group.py for tasks to queue
[2024-07-07T19:55:56.911-0300] {logging_mixin.py:188} INFO - [2024-07-07T19:55:56.910-0300] {dagbag.py:545} INFO - Filling up the DagBag from /home/johnny/airflow/lib/python3.12/site-packages/airflow/example_dags/example_task_group.py
[2024-07-07T19:55:56.933-0300] {processor.py:840} INFO - DAG(s) 'example_task_group' retrieved from /home/johnny/airflow/lib/python3.12/site-packages/airflow/example_dags/example_task_group.py
[2024-07-07T19:55:56.964-0300] {logging_mixin.py:188} INFO - [2024-07-07T19:55:56.963-0300] {dag.py:3096} INFO - Sync 1 DAGs
[2024-07-07T19:55:56.997-0300] {logging_mixin.py:188} INFO - [2024-07-07T19:55:56.997-0300] {dag.py:3954} INFO - Setting next_dagrun for example_task_group to 2024-07-06 00:00:00+00:00, run_after=2024-07-07 00:00:00+00:00
[2024-07-07T19:55:57.034-0300] {processor.py:183} INFO - Processing /home/johnny/airflow/lib/python3.12/site-packages/airflow/example_dags/example_task_group.py took 0.149 seconds
[2024-07-07T19:57:12.479-0300] {processor.py:161} INFO - Started process (PID=37180) to work on /home/johnny/airflow/lib/python3.12/site-packages/airflow/example_dags/example_task_group.py
[2024-07-07T19:57:12.482-0300] {processor.py:830} INFO - Processing file /home/johnny/airflow/lib/python3.12/site-packages/airflow/example_dags/example_task_group.py for tasks to queue
[2024-07-07T19:57:12.485-0300] {logging_mixin.py:188} INFO - [2024-07-07T19:57:12.484-0300] {dagbag.py:545} INFO - Filling up the DagBag from /home/johnny/airflow/lib/python3.12/site-packages/airflow/example_dags/example_task_group.py
[2024-07-07T19:57:12.511-0300] {processor.py:840} INFO - DAG(s) 'example_task_group' retrieved from /home/johnny/airflow/lib/python3.12/site-packages/airflow/example_dags/example_task_group.py
[2024-07-07T19:57:12.544-0300] {logging_mixin.py:188} INFO - [2024-07-07T19:57:12.544-0300] {dag.py:3096} INFO - Sync 1 DAGs
[2024-07-07T19:57:12.576-0300] {logging_mixin.py:188} INFO - [2024-07-07T19:57:12.575-0300] {dag.py:3954} INFO - Setting next_dagrun for example_task_group to 2024-07-06 00:00:00+00:00, run_after=2024-07-07 00:00:00+00:00
[2024-07-07T19:57:12.601-0300] {processor.py:183} INFO - Processing /home/johnny/airflow/lib/python3.12/site-packages/airflow/example_dags/example_task_group.py took 0.147 seconds
[2024-07-07T19:58:23.938-0300] {processor.py:161} INFO - Started process (PID=37388) to work on /home/johnny/airflow/lib/python3.12/site-packages/airflow/example_dags/example_task_group.py
[2024-07-07T19:58:23.944-0300] {processor.py:830} INFO - Processing file /home/johnny/airflow/lib/python3.12/site-packages/airflow/example_dags/example_task_group.py for tasks to queue
[2024-07-07T19:58:23.946-0300] {logging_mixin.py:188} INFO - [2024-07-07T19:58:23.945-0300] {dagbag.py:545} INFO - Filling up the DagBag from /home/johnny/airflow/lib/python3.12/site-packages/airflow/example_dags/example_task_group.py
[2024-07-07T19:58:23.988-0300] {processor.py:840} INFO - DAG(s) 'example_task_group' retrieved from /home/johnny/airflow/lib/python3.12/site-packages/airflow/example_dags/example_task_group.py
[2024-07-07T19:58:24.038-0300] {logging_mixin.py:188} INFO - [2024-07-07T19:58:24.037-0300] {dag.py:3096} INFO - Sync 1 DAGs
[2024-07-07T19:58:24.087-0300] {logging_mixin.py:188} INFO - [2024-07-07T19:58:24.087-0300] {dag.py:3954} INFO - Setting next_dagrun for example_task_group to 2024-07-06 00:00:00+00:00, run_after=2024-07-07 00:00:00+00:00
[2024-07-07T19:58:24.143-0300] {processor.py:183} INFO - Processing /home/johnny/airflow/lib/python3.12/site-packages/airflow/example_dags/example_task_group.py took 0.226 seconds
[2024-07-07T19:59:28.113-0300] {processor.py:161} INFO - Started process (PID=37561) to work on /home/johnny/airflow/lib/python3.12/site-packages/airflow/example_dags/example_task_group.py
[2024-07-07T19:59:28.116-0300] {processor.py:830} INFO - Processing file /home/johnny/airflow/lib/python3.12/site-packages/airflow/example_dags/example_task_group.py for tasks to queue
[2024-07-07T19:59:28.118-0300] {logging_mixin.py:188} INFO - [2024-07-07T19:59:28.117-0300] {dagbag.py:545} INFO - Filling up the DagBag from /home/johnny/airflow/lib/python3.12/site-packages/airflow/example_dags/example_task_group.py
[2024-07-07T19:59:28.137-0300] {processor.py:840} INFO - DAG(s) 'example_task_group' retrieved from /home/johnny/airflow/lib/python3.12/site-packages/airflow/example_dags/example_task_group.py
[2024-07-07T19:59:28.171-0300] {logging_mixin.py:188} INFO - [2024-07-07T19:59:28.170-0300] {dag.py:3096} INFO - Sync 1 DAGs
[2024-07-07T19:59:28.207-0300] {logging_mixin.py:188} INFO - [2024-07-07T19:59:28.207-0300] {dag.py:3954} INFO - Setting next_dagrun for example_task_group to 2024-07-06 00:00:00+00:00, run_after=2024-07-07 00:00:00+00:00
[2024-07-07T19:59:28.264-0300] {processor.py:183} INFO - Processing /home/johnny/airflow/lib/python3.12/site-packages/airflow/example_dags/example_task_group.py took 0.162 seconds
[2024-07-07T20:00:32.707-0300] {processor.py:161} INFO - Started process (PID=37746) to work on /home/johnny/airflow/lib/python3.12/site-packages/airflow/example_dags/example_task_group.py
[2024-07-07T20:00:32.710-0300] {processor.py:830} INFO - Processing file /home/johnny/airflow/lib/python3.12/site-packages/airflow/example_dags/example_task_group.py for tasks to queue
[2024-07-07T20:00:32.713-0300] {logging_mixin.py:188} INFO - [2024-07-07T20:00:32.711-0300] {dagbag.py:545} INFO - Filling up the DagBag from /home/johnny/airflow/lib/python3.12/site-packages/airflow/example_dags/example_task_group.py
[2024-07-07T20:00:32.734-0300] {processor.py:840} INFO - DAG(s) 'example_task_group' retrieved from /home/johnny/airflow/lib/python3.12/site-packages/airflow/example_dags/example_task_group.py
[2024-07-07T20:00:32.766-0300] {logging_mixin.py:188} INFO - [2024-07-07T20:00:32.765-0300] {dag.py:3096} INFO - Sync 1 DAGs
[2024-07-07T20:00:32.795-0300] {logging_mixin.py:188} INFO - [2024-07-07T20:00:32.795-0300] {dag.py:3954} INFO - Setting next_dagrun for example_task_group to 2024-07-06 00:00:00+00:00, run_after=2024-07-07 00:00:00+00:00
[2024-07-07T20:00:32.844-0300] {processor.py:183} INFO - Processing /home/johnny/airflow/lib/python3.12/site-packages/airflow/example_dags/example_task_group.py took 0.150 seconds
[2024-07-07T20:01:38.752-0300] {processor.py:161} INFO - Started process (PID=37929) to work on /home/johnny/airflow/lib/python3.12/site-packages/airflow/example_dags/example_task_group.py
[2024-07-07T20:01:38.756-0300] {processor.py:830} INFO - Processing file /home/johnny/airflow/lib/python3.12/site-packages/airflow/example_dags/example_task_group.py for tasks to queue
[2024-07-07T20:01:38.762-0300] {logging_mixin.py:188} INFO - [2024-07-07T20:01:38.758-0300] {dagbag.py:545} INFO - Filling up the DagBag from /home/johnny/airflow/lib/python3.12/site-packages/airflow/example_dags/example_task_group.py
[2024-07-07T20:01:38.791-0300] {processor.py:840} INFO - DAG(s) 'example_task_group' retrieved from /home/johnny/airflow/lib/python3.12/site-packages/airflow/example_dags/example_task_group.py
[2024-07-07T20:01:38.842-0300] {logging_mixin.py:188} INFO - [2024-07-07T20:01:38.841-0300] {dag.py:3096} INFO - Sync 1 DAGs
[2024-07-07T20:01:38.894-0300] {logging_mixin.py:188} INFO - [2024-07-07T20:01:38.893-0300] {dag.py:3954} INFO - Setting next_dagrun for example_task_group to 2024-07-06 00:00:00+00:00, run_after=2024-07-07 00:00:00+00:00
[2024-07-07T20:01:38.959-0300] {processor.py:183} INFO - Processing /home/johnny/airflow/lib/python3.12/site-packages/airflow/example_dags/example_task_group.py took 0.226 seconds
[2024-07-07T20:02:43.481-0300] {processor.py:161} INFO - Started process (PID=38101) to work on /home/johnny/airflow/lib/python3.12/site-packages/airflow/example_dags/example_task_group.py
[2024-07-07T20:02:43.485-0300] {processor.py:830} INFO - Processing file /home/johnny/airflow/lib/python3.12/site-packages/airflow/example_dags/example_task_group.py for tasks to queue
[2024-07-07T20:02:43.488-0300] {logging_mixin.py:188} INFO - [2024-07-07T20:02:43.487-0300] {dagbag.py:545} INFO - Filling up the DagBag from /home/johnny/airflow/lib/python3.12/site-packages/airflow/example_dags/example_task_group.py
[2024-07-07T20:02:43.509-0300] {processor.py:840} INFO - DAG(s) 'example_task_group' retrieved from /home/johnny/airflow/lib/python3.12/site-packages/airflow/example_dags/example_task_group.py
[2024-07-07T20:02:43.556-0300] {logging_mixin.py:188} INFO - [2024-07-07T20:02:43.555-0300] {dag.py:3096} INFO - Sync 1 DAGs
[2024-07-07T20:02:43.603-0300] {logging_mixin.py:188} INFO - [2024-07-07T20:02:43.602-0300] {dag.py:3954} INFO - Setting next_dagrun for example_task_group to 2024-07-06 00:00:00+00:00, run_after=2024-07-07 00:00:00+00:00
[2024-07-07T20:02:43.651-0300] {processor.py:183} INFO - Processing /home/johnny/airflow/lib/python3.12/site-packages/airflow/example_dags/example_task_group.py took 0.191 seconds
[2024-07-07T20:04:08.042-0300] {processor.py:161} INFO - Started process (PID=38338) to work on /home/johnny/airflow/lib/python3.12/site-packages/airflow/example_dags/example_task_group.py
[2024-07-07T20:04:08.045-0300] {processor.py:830} INFO - Processing file /home/johnny/airflow/lib/python3.12/site-packages/airflow/example_dags/example_task_group.py for tasks to queue
[2024-07-07T20:04:08.049-0300] {logging_mixin.py:188} INFO - [2024-07-07T20:04:08.047-0300] {dagbag.py:545} INFO - Filling up the DagBag from /home/johnny/airflow/lib/python3.12/site-packages/airflow/example_dags/example_task_group.py
[2024-07-07T20:04:08.069-0300] {processor.py:840} INFO - DAG(s) 'example_task_group' retrieved from /home/johnny/airflow/lib/python3.12/site-packages/airflow/example_dags/example_task_group.py
[2024-07-07T20:04:08.103-0300] {logging_mixin.py:188} INFO - [2024-07-07T20:04:08.102-0300] {dag.py:3096} INFO - Sync 1 DAGs
[2024-07-07T20:04:08.139-0300] {logging_mixin.py:188} INFO - [2024-07-07T20:04:08.138-0300] {dag.py:3954} INFO - Setting next_dagrun for example_task_group to 2024-07-06 00:00:00+00:00, run_after=2024-07-07 00:00:00+00:00
[2024-07-07T20:04:08.190-0300] {processor.py:183} INFO - Processing /home/johnny/airflow/lib/python3.12/site-packages/airflow/example_dags/example_task_group.py took 0.160 seconds
[2024-07-07T20:05:15.067-0300] {processor.py:161} INFO - Started process (PID=38524) to work on /home/johnny/airflow/lib/python3.12/site-packages/airflow/example_dags/example_task_group.py
[2024-07-07T20:05:15.070-0300] {processor.py:830} INFO - Processing file /home/johnny/airflow/lib/python3.12/site-packages/airflow/example_dags/example_task_group.py for tasks to queue
[2024-07-07T20:05:15.072-0300] {logging_mixin.py:188} INFO - [2024-07-07T20:05:15.071-0300] {dagbag.py:545} INFO - Filling up the DagBag from /home/johnny/airflow/lib/python3.12/site-packages/airflow/example_dags/example_task_group.py
[2024-07-07T20:05:15.090-0300] {processor.py:840} INFO - DAG(s) 'example_task_group' retrieved from /home/johnny/airflow/lib/python3.12/site-packages/airflow/example_dags/example_task_group.py
[2024-07-07T20:05:15.125-0300] {logging_mixin.py:188} INFO - [2024-07-07T20:05:15.124-0300] {dag.py:3096} INFO - Sync 1 DAGs
[2024-07-07T20:05:15.166-0300] {logging_mixin.py:188} INFO - [2024-07-07T20:05:15.166-0300] {dag.py:3954} INFO - Setting next_dagrun for example_task_group to 2024-07-06 00:00:00+00:00, run_after=2024-07-07 00:00:00+00:00
[2024-07-07T20:05:15.208-0300] {processor.py:183} INFO - Processing /home/johnny/airflow/lib/python3.12/site-packages/airflow/example_dags/example_task_group.py took 0.152 seconds
[2024-07-07T20:06:15.237-0300] {processor.py:161} INFO - Started process (PID=38688) to work on /home/johnny/airflow/lib/python3.12/site-packages/airflow/example_dags/example_task_group.py
[2024-07-07T20:06:15.242-0300] {processor.py:830} INFO - Processing file /home/johnny/airflow/lib/python3.12/site-packages/airflow/example_dags/example_task_group.py for tasks to queue
[2024-07-07T20:06:15.244-0300] {logging_mixin.py:188} INFO - [2024-07-07T20:06:15.243-0300] {dagbag.py:545} INFO - Filling up the DagBag from /home/johnny/airflow/lib/python3.12/site-packages/airflow/example_dags/example_task_group.py
[2024-07-07T20:06:15.264-0300] {processor.py:840} INFO - DAG(s) 'example_task_group' retrieved from /home/johnny/airflow/lib/python3.12/site-packages/airflow/example_dags/example_task_group.py
[2024-07-07T20:06:15.301-0300] {logging_mixin.py:188} INFO - [2024-07-07T20:06:15.300-0300] {dag.py:3096} INFO - Sync 1 DAGs
[2024-07-07T20:06:15.338-0300] {logging_mixin.py:188} INFO - [2024-07-07T20:06:15.338-0300] {dag.py:3954} INFO - Setting next_dagrun for example_task_group to 2024-07-06 00:00:00+00:00, run_after=2024-07-07 00:00:00+00:00
[2024-07-07T20:06:15.381-0300] {processor.py:183} INFO - Processing /home/johnny/airflow/lib/python3.12/site-packages/airflow/example_dags/example_task_group.py took 0.156 seconds
[2024-07-07T20:07:21.901-0300] {processor.py:161} INFO - Started process (PID=38867) to work on /home/johnny/airflow/lib/python3.12/site-packages/airflow/example_dags/example_task_group.py
[2024-07-07T20:07:21.907-0300] {processor.py:830} INFO - Processing file /home/johnny/airflow/lib/python3.12/site-packages/airflow/example_dags/example_task_group.py for tasks to queue
[2024-07-07T20:07:21.909-0300] {logging_mixin.py:188} INFO - [2024-07-07T20:07:21.908-0300] {dagbag.py:545} INFO - Filling up the DagBag from /home/johnny/airflow/lib/python3.12/site-packages/airflow/example_dags/example_task_group.py
[2024-07-07T20:07:21.929-0300] {processor.py:840} INFO - DAG(s) 'example_task_group' retrieved from /home/johnny/airflow/lib/python3.12/site-packages/airflow/example_dags/example_task_group.py
[2024-07-07T20:07:21.964-0300] {logging_mixin.py:188} INFO - [2024-07-07T20:07:21.963-0300] {dag.py:3096} INFO - Sync 1 DAGs
[2024-07-07T20:07:22.000-0300] {logging_mixin.py:188} INFO - [2024-07-07T20:07:22.000-0300] {dag.py:3954} INFO - Setting next_dagrun for example_task_group to 2024-07-06 00:00:00+00:00, run_after=2024-07-07 00:00:00+00:00
[2024-07-07T20:07:22.059-0300] {processor.py:183} INFO - Processing /home/johnny/airflow/lib/python3.12/site-packages/airflow/example_dags/example_task_group.py took 0.170 seconds
[2024-07-07T20:08:34.733-0300] {processor.py:161} INFO - Started process (PID=39075) to work on /home/johnny/airflow/lib/python3.12/site-packages/airflow/example_dags/example_task_group.py
[2024-07-07T20:08:34.736-0300] {processor.py:830} INFO - Processing file /home/johnny/airflow/lib/python3.12/site-packages/airflow/example_dags/example_task_group.py for tasks to queue
[2024-07-07T20:08:34.738-0300] {logging_mixin.py:188} INFO - [2024-07-07T20:08:34.737-0300] {dagbag.py:545} INFO - Filling up the DagBag from /home/johnny/airflow/lib/python3.12/site-packages/airflow/example_dags/example_task_group.py
[2024-07-07T20:08:34.756-0300] {processor.py:840} INFO - DAG(s) 'example_task_group' retrieved from /home/johnny/airflow/lib/python3.12/site-packages/airflow/example_dags/example_task_group.py
[2024-07-07T20:08:34.789-0300] {logging_mixin.py:188} INFO - [2024-07-07T20:08:34.789-0300] {dag.py:3096} INFO - Sync 1 DAGs
[2024-07-07T20:08:34.821-0300] {logging_mixin.py:188} INFO - [2024-07-07T20:08:34.821-0300] {dag.py:3954} INFO - Setting next_dagrun for example_task_group to 2024-07-06 00:00:00+00:00, run_after=2024-07-07 00:00:00+00:00
[2024-07-07T20:08:34.854-0300] {processor.py:183} INFO - Processing /home/johnny/airflow/lib/python3.12/site-packages/airflow/example_dags/example_task_group.py took 0.134 seconds
[2024-07-07T20:09:43.271-0300] {processor.py:161} INFO - Started process (PID=39264) to work on /home/johnny/airflow/lib/python3.12/site-packages/airflow/example_dags/example_task_group.py
[2024-07-07T20:09:43.275-0300] {processor.py:830} INFO - Processing file /home/johnny/airflow/lib/python3.12/site-packages/airflow/example_dags/example_task_group.py for tasks to queue
[2024-07-07T20:09:43.277-0300] {logging_mixin.py:188} INFO - [2024-07-07T20:09:43.276-0300] {dagbag.py:545} INFO - Filling up the DagBag from /home/johnny/airflow/lib/python3.12/site-packages/airflow/example_dags/example_task_group.py
[2024-07-07T20:09:43.297-0300] {processor.py:840} INFO - DAG(s) 'example_task_group' retrieved from /home/johnny/airflow/lib/python3.12/site-packages/airflow/example_dags/example_task_group.py
[2024-07-07T20:09:43.327-0300] {logging_mixin.py:188} INFO - [2024-07-07T20:09:43.326-0300] {dag.py:3096} INFO - Sync 1 DAGs
[2024-07-07T20:09:43.361-0300] {logging_mixin.py:188} INFO - [2024-07-07T20:09:43.360-0300] {dag.py:3954} INFO - Setting next_dagrun for example_task_group to 2024-07-06 00:00:00+00:00, run_after=2024-07-07 00:00:00+00:00
[2024-07-07T20:09:43.404-0300] {processor.py:183} INFO - Processing /home/johnny/airflow/lib/python3.12/site-packages/airflow/example_dags/example_task_group.py took 0.144 seconds
[2024-07-07T20:10:50.365-0300] {processor.py:161} INFO - Started process (PID=39449) to work on /home/johnny/airflow/lib/python3.12/site-packages/airflow/example_dags/example_task_group.py
[2024-07-07T20:10:50.369-0300] {processor.py:830} INFO - Processing file /home/johnny/airflow/lib/python3.12/site-packages/airflow/example_dags/example_task_group.py for tasks to queue
[2024-07-07T20:10:50.372-0300] {logging_mixin.py:188} INFO - [2024-07-07T20:10:50.371-0300] {dagbag.py:545} INFO - Filling up the DagBag from /home/johnny/airflow/lib/python3.12/site-packages/airflow/example_dags/example_task_group.py
[2024-07-07T20:10:50.394-0300] {processor.py:840} INFO - DAG(s) 'example_task_group' retrieved from /home/johnny/airflow/lib/python3.12/site-packages/airflow/example_dags/example_task_group.py
[2024-07-07T20:10:50.430-0300] {logging_mixin.py:188} INFO - [2024-07-07T20:10:50.430-0300] {dag.py:3096} INFO - Sync 1 DAGs
[2024-07-07T20:10:50.488-0300] {logging_mixin.py:188} INFO - [2024-07-07T20:10:50.487-0300] {dag.py:3954} INFO - Setting next_dagrun for example_task_group to 2024-07-06 00:00:00+00:00, run_after=2024-07-07 00:00:00+00:00
[2024-07-07T20:10:50.523-0300] {processor.py:183} INFO - Processing /home/johnny/airflow/lib/python3.12/site-packages/airflow/example_dags/example_task_group.py took 0.171 seconds
[2024-07-07T20:11:49.595-0300] {processor.py:161} INFO - Started process (PID=39613) to work on /home/johnny/airflow/lib/python3.12/site-packages/airflow/example_dags/example_task_group.py
[2024-07-07T20:11:49.597-0300] {processor.py:830} INFO - Processing file /home/johnny/airflow/lib/python3.12/site-packages/airflow/example_dags/example_task_group.py for tasks to queue
[2024-07-07T20:11:49.599-0300] {logging_mixin.py:188} INFO - [2024-07-07T20:11:49.598-0300] {dagbag.py:545} INFO - Filling up the DagBag from /home/johnny/airflow/lib/python3.12/site-packages/airflow/example_dags/example_task_group.py
[2024-07-07T20:11:49.618-0300] {processor.py:840} INFO - DAG(s) 'example_task_group' retrieved from /home/johnny/airflow/lib/python3.12/site-packages/airflow/example_dags/example_task_group.py
[2024-07-07T20:11:49.658-0300] {logging_mixin.py:188} INFO - [2024-07-07T20:11:49.657-0300] {dag.py:3096} INFO - Sync 1 DAGs
[2024-07-07T20:11:49.700-0300] {logging_mixin.py:188} INFO - [2024-07-07T20:11:49.699-0300] {dag.py:3954} INFO - Setting next_dagrun for example_task_group to 2024-07-06 00:00:00+00:00, run_after=2024-07-07 00:00:00+00:00
[2024-07-07T20:11:49.757-0300] {processor.py:183} INFO - Processing /home/johnny/airflow/lib/python3.12/site-packages/airflow/example_dags/example_task_group.py took 0.174 seconds
[2024-07-07T20:12:52.974-0300] {processor.py:161} INFO - Started process (PID=39783) to work on /home/johnny/airflow/lib/python3.12/site-packages/airflow/example_dags/example_task_group.py
[2024-07-07T20:12:52.977-0300] {processor.py:830} INFO - Processing file /home/johnny/airflow/lib/python3.12/site-packages/airflow/example_dags/example_task_group.py for tasks to queue
[2024-07-07T20:12:52.979-0300] {logging_mixin.py:188} INFO - [2024-07-07T20:12:52.978-0300] {dagbag.py:545} INFO - Filling up the DagBag from /home/johnny/airflow/lib/python3.12/site-packages/airflow/example_dags/example_task_group.py
[2024-07-07T20:12:52.995-0300] {processor.py:840} INFO - DAG(s) 'example_task_group' retrieved from /home/johnny/airflow/lib/python3.12/site-packages/airflow/example_dags/example_task_group.py
[2024-07-07T20:12:53.028-0300] {logging_mixin.py:188} INFO - [2024-07-07T20:12:53.028-0300] {dag.py:3096} INFO - Sync 1 DAGs
[2024-07-07T20:12:53.066-0300] {logging_mixin.py:188} INFO - [2024-07-07T20:12:53.065-0300] {dag.py:3954} INFO - Setting next_dagrun for example_task_group to 2024-07-06 00:00:00+00:00, run_after=2024-07-07 00:00:00+00:00
[2024-07-07T20:12:53.113-0300] {processor.py:183} INFO - Processing /home/johnny/airflow/lib/python3.12/site-packages/airflow/example_dags/example_task_group.py took 0.150 seconds
[2024-07-07T20:13:55.741-0300] {processor.py:161} INFO - Started process (PID=39955) to work on /home/johnny/airflow/lib/python3.12/site-packages/airflow/example_dags/example_task_group.py
[2024-07-07T20:13:55.744-0300] {processor.py:830} INFO - Processing file /home/johnny/airflow/lib/python3.12/site-packages/airflow/example_dags/example_task_group.py for tasks to queue
[2024-07-07T20:13:55.746-0300] {logging_mixin.py:188} INFO - [2024-07-07T20:13:55.745-0300] {dagbag.py:545} INFO - Filling up the DagBag from /home/johnny/airflow/lib/python3.12/site-packages/airflow/example_dags/example_task_group.py
[2024-07-07T20:13:55.763-0300] {processor.py:840} INFO - DAG(s) 'example_task_group' retrieved from /home/johnny/airflow/lib/python3.12/site-packages/airflow/example_dags/example_task_group.py
[2024-07-07T20:13:55.798-0300] {logging_mixin.py:188} INFO - [2024-07-07T20:13:55.797-0300] {dag.py:3096} INFO - Sync 1 DAGs
[2024-07-07T20:13:55.833-0300] {logging_mixin.py:188} INFO - [2024-07-07T20:13:55.832-0300] {dag.py:3954} INFO - Setting next_dagrun for example_task_group to 2024-07-06 00:00:00+00:00, run_after=2024-07-07 00:00:00+00:00
[2024-07-07T20:13:55.866-0300] {processor.py:183} INFO - Processing /home/johnny/airflow/lib/python3.12/site-packages/airflow/example_dags/example_task_group.py took 0.136 seconds
[2024-07-07T20:15:00.095-0300] {processor.py:161} INFO - Started process (PID=40132) to work on /home/johnny/airflow/lib/python3.12/site-packages/airflow/example_dags/example_task_group.py
[2024-07-07T20:15:00.098-0300] {processor.py:830} INFO - Processing file /home/johnny/airflow/lib/python3.12/site-packages/airflow/example_dags/example_task_group.py for tasks to queue
[2024-07-07T20:15:00.100-0300] {logging_mixin.py:188} INFO - [2024-07-07T20:15:00.099-0300] {dagbag.py:545} INFO - Filling up the DagBag from /home/johnny/airflow/lib/python3.12/site-packages/airflow/example_dags/example_task_group.py
[2024-07-07T20:15:00.118-0300] {processor.py:840} INFO - DAG(s) 'example_task_group' retrieved from /home/johnny/airflow/lib/python3.12/site-packages/airflow/example_dags/example_task_group.py
[2024-07-07T20:15:00.147-0300] {logging_mixin.py:188} INFO - [2024-07-07T20:15:00.146-0300] {dag.py:3096} INFO - Sync 1 DAGs
[2024-07-07T20:15:00.178-0300] {logging_mixin.py:188} INFO - [2024-07-07T20:15:00.177-0300] {dag.py:3954} INFO - Setting next_dagrun for example_task_group to 2024-07-06 00:00:00+00:00, run_after=2024-07-07 00:00:00+00:00
[2024-07-07T20:15:00.231-0300] {processor.py:183} INFO - Processing /home/johnny/airflow/lib/python3.12/site-packages/airflow/example_dags/example_task_group.py took 0.148 seconds
[2024-07-07T20:16:01.024-0300] {processor.py:161} INFO - Started process (PID=40314) to work on /home/johnny/airflow/lib/python3.12/site-packages/airflow/example_dags/example_task_group.py
[2024-07-07T20:16:01.027-0300] {processor.py:830} INFO - Processing file /home/johnny/airflow/lib/python3.12/site-packages/airflow/example_dags/example_task_group.py for tasks to queue
[2024-07-07T20:16:01.028-0300] {logging_mixin.py:188} INFO - [2024-07-07T20:16:01.027-0300] {dagbag.py:545} INFO - Filling up the DagBag from /home/johnny/airflow/lib/python3.12/site-packages/airflow/example_dags/example_task_group.py
[2024-07-07T20:16:01.040-0300] {processor.py:840} INFO - DAG(s) 'example_task_group' retrieved from /home/johnny/airflow/lib/python3.12/site-packages/airflow/example_dags/example_task_group.py
[2024-07-07T20:16:01.063-0300] {logging_mixin.py:188} INFO - [2024-07-07T20:16:01.062-0300] {dag.py:3096} INFO - Sync 1 DAGs
[2024-07-07T20:16:01.087-0300] {logging_mixin.py:188} INFO - [2024-07-07T20:16:01.086-0300] {dag.py:3954} INFO - Setting next_dagrun for example_task_group to 2024-07-06 00:00:00+00:00, run_after=2024-07-07 00:00:00+00:00
[2024-07-07T20:16:01.117-0300] {processor.py:183} INFO - Processing /home/johnny/airflow/lib/python3.12/site-packages/airflow/example_dags/example_task_group.py took 0.113 seconds
[2024-07-07T20:17:04.174-0300] {processor.py:161} INFO - Started process (PID=40486) to work on /home/johnny/airflow/lib/python3.12/site-packages/airflow/example_dags/example_task_group.py
[2024-07-07T20:17:04.177-0300] {processor.py:830} INFO - Processing file /home/johnny/airflow/lib/python3.12/site-packages/airflow/example_dags/example_task_group.py for tasks to queue
[2024-07-07T20:17:04.179-0300] {logging_mixin.py:188} INFO - [2024-07-07T20:17:04.178-0300] {dagbag.py:545} INFO - Filling up the DagBag from /home/johnny/airflow/lib/python3.12/site-packages/airflow/example_dags/example_task_group.py
[2024-07-07T20:17:04.196-0300] {processor.py:840} INFO - DAG(s) 'example_task_group' retrieved from /home/johnny/airflow/lib/python3.12/site-packages/airflow/example_dags/example_task_group.py
[2024-07-07T20:17:04.236-0300] {logging_mixin.py:188} INFO - [2024-07-07T20:17:04.236-0300] {dag.py:3096} INFO - Sync 1 DAGs
[2024-07-07T20:17:04.279-0300] {logging_mixin.py:188} INFO - [2024-07-07T20:17:04.278-0300] {dag.py:3954} INFO - Setting next_dagrun for example_task_group to 2024-07-06 00:00:00+00:00, run_after=2024-07-07 00:00:00+00:00
[2024-07-07T20:17:04.320-0300] {processor.py:183} INFO - Processing /home/johnny/airflow/lib/python3.12/site-packages/airflow/example_dags/example_task_group.py took 0.157 seconds
[2024-07-07T20:18:05.761-0300] {processor.py:161} INFO - Started process (PID=40657) to work on /home/johnny/airflow/lib/python3.12/site-packages/airflow/example_dags/example_task_group.py
[2024-07-07T20:18:05.763-0300] {processor.py:830} INFO - Processing file /home/johnny/airflow/lib/python3.12/site-packages/airflow/example_dags/example_task_group.py for tasks to queue
[2024-07-07T20:18:05.765-0300] {logging_mixin.py:188} INFO - [2024-07-07T20:18:05.765-0300] {dagbag.py:545} INFO - Filling up the DagBag from /home/johnny/airflow/lib/python3.12/site-packages/airflow/example_dags/example_task_group.py
[2024-07-07T20:18:05.782-0300] {processor.py:840} INFO - DAG(s) 'example_task_group' retrieved from /home/johnny/airflow/lib/python3.12/site-packages/airflow/example_dags/example_task_group.py
[2024-07-07T20:18:05.814-0300] {logging_mixin.py:188} INFO - [2024-07-07T20:18:05.814-0300] {dag.py:3096} INFO - Sync 1 DAGs
[2024-07-07T20:18:05.849-0300] {logging_mixin.py:188} INFO - [2024-07-07T20:18:05.848-0300] {dag.py:3954} INFO - Setting next_dagrun for example_task_group to 2024-07-06 00:00:00+00:00, run_after=2024-07-07 00:00:00+00:00
[2024-07-07T20:18:05.882-0300] {processor.py:183} INFO - Processing /home/johnny/airflow/lib/python3.12/site-packages/airflow/example_dags/example_task_group.py took 0.133 seconds
[2024-07-07T20:19:09.429-0300] {processor.py:161} INFO - Started process (PID=40825) to work on /home/johnny/airflow/lib/python3.12/site-packages/airflow/example_dags/example_task_group.py
[2024-07-07T20:19:09.432-0300] {processor.py:830} INFO - Processing file /home/johnny/airflow/lib/python3.12/site-packages/airflow/example_dags/example_task_group.py for tasks to queue
[2024-07-07T20:19:09.434-0300] {logging_mixin.py:188} INFO - [2024-07-07T20:19:09.433-0300] {dagbag.py:545} INFO - Filling up the DagBag from /home/johnny/airflow/lib/python3.12/site-packages/airflow/example_dags/example_task_group.py
[2024-07-07T20:19:09.452-0300] {processor.py:840} INFO - DAG(s) 'example_task_group' retrieved from /home/johnny/airflow/lib/python3.12/site-packages/airflow/example_dags/example_task_group.py
[2024-07-07T20:19:09.491-0300] {logging_mixin.py:188} INFO - [2024-07-07T20:19:09.491-0300] {dag.py:3096} INFO - Sync 1 DAGs
[2024-07-07T20:19:09.532-0300] {logging_mixin.py:188} INFO - [2024-07-07T20:19:09.531-0300] {dag.py:3954} INFO - Setting next_dagrun for example_task_group to 2024-07-06 00:00:00+00:00, run_after=2024-07-07 00:00:00+00:00
[2024-07-07T20:19:09.578-0300] {processor.py:183} INFO - Processing /home/johnny/airflow/lib/python3.12/site-packages/airflow/example_dags/example_task_group.py took 0.160 seconds
[2024-07-07T20:20:11.493-0300] {processor.py:161} INFO - Started process (PID=40999) to work on /home/johnny/airflow/lib/python3.12/site-packages/airflow/example_dags/example_task_group.py
[2024-07-07T20:20:11.499-0300] {processor.py:830} INFO - Processing file /home/johnny/airflow/lib/python3.12/site-packages/airflow/example_dags/example_task_group.py for tasks to queue
[2024-07-07T20:20:11.501-0300] {logging_mixin.py:188} INFO - [2024-07-07T20:20:11.500-0300] {dagbag.py:545} INFO - Filling up the DagBag from /home/johnny/airflow/lib/python3.12/site-packages/airflow/example_dags/example_task_group.py
[2024-07-07T20:20:11.518-0300] {processor.py:840} INFO - DAG(s) 'example_task_group' retrieved from /home/johnny/airflow/lib/python3.12/site-packages/airflow/example_dags/example_task_group.py
[2024-07-07T20:20:11.546-0300] {logging_mixin.py:188} INFO - [2024-07-07T20:20:11.546-0300] {dag.py:3096} INFO - Sync 1 DAGs
[2024-07-07T20:20:11.574-0300] {logging_mixin.py:188} INFO - [2024-07-07T20:20:11.574-0300] {dag.py:3954} INFO - Setting next_dagrun for example_task_group to 2024-07-06 00:00:00+00:00, run_after=2024-07-07 00:00:00+00:00
[2024-07-07T20:20:11.604-0300] {processor.py:183} INFO - Processing /home/johnny/airflow/lib/python3.12/site-packages/airflow/example_dags/example_task_group.py took 0.122 seconds
[2024-07-07T20:21:15.807-0300] {processor.py:161} INFO - Started process (PID=41175) to work on /home/johnny/airflow/lib/python3.12/site-packages/airflow/example_dags/example_task_group.py
[2024-07-07T20:21:15.810-0300] {processor.py:830} INFO - Processing file /home/johnny/airflow/lib/python3.12/site-packages/airflow/example_dags/example_task_group.py for tasks to queue
[2024-07-07T20:21:15.812-0300] {logging_mixin.py:188} INFO - [2024-07-07T20:21:15.811-0300] {dagbag.py:545} INFO - Filling up the DagBag from /home/johnny/airflow/lib/python3.12/site-packages/airflow/example_dags/example_task_group.py
[2024-07-07T20:21:15.828-0300] {processor.py:840} INFO - DAG(s) 'example_task_group' retrieved from /home/johnny/airflow/lib/python3.12/site-packages/airflow/example_dags/example_task_group.py
[2024-07-07T20:21:15.846-0300] {logging_mixin.py:188} INFO - [2024-07-07T20:21:15.846-0300] {dag.py:3096} INFO - Sync 1 DAGs
[2024-07-07T20:21:15.869-0300] {logging_mixin.py:188} INFO - [2024-07-07T20:21:15.869-0300] {dag.py:3954} INFO - Setting next_dagrun for example_task_group to 2024-07-06 00:00:00+00:00, run_after=2024-07-07 00:00:00+00:00
[2024-07-07T20:21:15.919-0300] {processor.py:183} INFO - Processing /home/johnny/airflow/lib/python3.12/site-packages/airflow/example_dags/example_task_group.py took 0.128 seconds
[2024-07-07T20:22:18.183-0300] {processor.py:161} INFO - Started process (PID=41336) to work on /home/johnny/airflow/lib/python3.12/site-packages/airflow/example_dags/example_task_group.py
[2024-07-07T20:22:18.186-0300] {processor.py:830} INFO - Processing file /home/johnny/airflow/lib/python3.12/site-packages/airflow/example_dags/example_task_group.py for tasks to queue
[2024-07-07T20:22:18.190-0300] {logging_mixin.py:188} INFO - [2024-07-07T20:22:18.188-0300] {dagbag.py:545} INFO - Filling up the DagBag from /home/johnny/airflow/lib/python3.12/site-packages/airflow/example_dags/example_task_group.py
[2024-07-07T20:22:18.214-0300] {processor.py:840} INFO - DAG(s) 'example_task_group' retrieved from /home/johnny/airflow/lib/python3.12/site-packages/airflow/example_dags/example_task_group.py
[2024-07-07T20:22:18.242-0300] {logging_mixin.py:188} INFO - [2024-07-07T20:22:18.241-0300] {dag.py:3096} INFO - Sync 1 DAGs
[2024-07-07T20:22:18.277-0300] {logging_mixin.py:188} INFO - [2024-07-07T20:22:18.277-0300] {dag.py:3954} INFO - Setting next_dagrun for example_task_group to 2024-07-06 00:00:00+00:00, run_after=2024-07-07 00:00:00+00:00
[2024-07-07T20:22:18.329-0300] {processor.py:183} INFO - Processing /home/johnny/airflow/lib/python3.12/site-packages/airflow/example_dags/example_task_group.py took 0.160 seconds
[2024-07-07T20:23:21.662-0300] {processor.py:161} INFO - Started process (PID=41514) to work on /home/johnny/airflow/lib/python3.12/site-packages/airflow/example_dags/example_task_group.py
[2024-07-07T20:23:21.665-0300] {processor.py:830} INFO - Processing file /home/johnny/airflow/lib/python3.12/site-packages/airflow/example_dags/example_task_group.py for tasks to queue
[2024-07-07T20:23:21.667-0300] {logging_mixin.py:188} INFO - [2024-07-07T20:23:21.667-0300] {dagbag.py:545} INFO - Filling up the DagBag from /home/johnny/airflow/lib/python3.12/site-packages/airflow/example_dags/example_task_group.py
[2024-07-07T20:23:21.686-0300] {processor.py:840} INFO - DAG(s) 'example_task_group' retrieved from /home/johnny/airflow/lib/python3.12/site-packages/airflow/example_dags/example_task_group.py
[2024-07-07T20:23:21.718-0300] {logging_mixin.py:188} INFO - [2024-07-07T20:23:21.718-0300] {dag.py:3096} INFO - Sync 1 DAGs
[2024-07-07T20:23:21.749-0300] {logging_mixin.py:188} INFO - [2024-07-07T20:23:21.749-0300] {dag.py:3954} INFO - Setting next_dagrun for example_task_group to 2024-07-06 00:00:00+00:00, run_after=2024-07-07 00:00:00+00:00
[2024-07-07T20:23:21.780-0300] {processor.py:183} INFO - Processing /home/johnny/airflow/lib/python3.12/site-packages/airflow/example_dags/example_task_group.py took 0.131 seconds
[2024-07-07T20:24:25.903-0300] {processor.py:161} INFO - Started process (PID=41683) to work on /home/johnny/airflow/lib/python3.12/site-packages/airflow/example_dags/example_task_group.py
[2024-07-07T20:24:25.906-0300] {processor.py:830} INFO - Processing file /home/johnny/airflow/lib/python3.12/site-packages/airflow/example_dags/example_task_group.py for tasks to queue
[2024-07-07T20:24:25.917-0300] {logging_mixin.py:188} INFO - [2024-07-07T20:24:25.912-0300] {dagbag.py:545} INFO - Filling up the DagBag from /home/johnny/airflow/lib/python3.12/site-packages/airflow/example_dags/example_task_group.py
[2024-07-07T20:24:25.937-0300] {processor.py:840} INFO - DAG(s) 'example_task_group' retrieved from /home/johnny/airflow/lib/python3.12/site-packages/airflow/example_dags/example_task_group.py
[2024-07-07T20:24:25.970-0300] {logging_mixin.py:188} INFO - [2024-07-07T20:24:25.970-0300] {dag.py:3096} INFO - Sync 1 DAGs
[2024-07-07T20:24:26.012-0300] {logging_mixin.py:188} INFO - [2024-07-07T20:24:26.011-0300] {dag.py:3954} INFO - Setting next_dagrun for example_task_group to 2024-07-06 00:00:00+00:00, run_after=2024-07-07 00:00:00+00:00
[2024-07-07T20:24:26.059-0300] {processor.py:183} INFO - Processing /home/johnny/airflow/lib/python3.12/site-packages/airflow/example_dags/example_task_group.py took 0.167 seconds
[2024-07-07T20:25:25.983-0300] {processor.py:161} INFO - Started process (PID=41844) to work on /home/johnny/airflow/lib/python3.12/site-packages/airflow/example_dags/example_task_group.py
[2024-07-07T20:25:25.986-0300] {processor.py:830} INFO - Processing file /home/johnny/airflow/lib/python3.12/site-packages/airflow/example_dags/example_task_group.py for tasks to queue
[2024-07-07T20:25:25.988-0300] {logging_mixin.py:188} INFO - [2024-07-07T20:25:25.987-0300] {dagbag.py:545} INFO - Filling up the DagBag from /home/johnny/airflow/lib/python3.12/site-packages/airflow/example_dags/example_task_group.py
[2024-07-07T20:25:26.005-0300] {processor.py:840} INFO - DAG(s) 'example_task_group' retrieved from /home/johnny/airflow/lib/python3.12/site-packages/airflow/example_dags/example_task_group.py
[2024-07-07T20:25:26.038-0300] {logging_mixin.py:188} INFO - [2024-07-07T20:25:26.037-0300] {dag.py:3096} INFO - Sync 1 DAGs
[2024-07-07T20:25:26.070-0300] {logging_mixin.py:188} INFO - [2024-07-07T20:25:26.069-0300] {dag.py:3954} INFO - Setting next_dagrun for example_task_group to 2024-07-06 00:00:00+00:00, run_after=2024-07-07 00:00:00+00:00
[2024-07-07T20:25:26.108-0300] {processor.py:183} INFO - Processing /home/johnny/airflow/lib/python3.12/site-packages/airflow/example_dags/example_task_group.py took 0.136 seconds
[2024-07-07T20:26:26.463-0300] {processor.py:161} INFO - Started process (PID=42005) to work on /home/johnny/airflow/lib/python3.12/site-packages/airflow/example_dags/example_task_group.py
[2024-07-07T20:26:26.469-0300] {processor.py:830} INFO - Processing file /home/johnny/airflow/lib/python3.12/site-packages/airflow/example_dags/example_task_group.py for tasks to queue
[2024-07-07T20:26:26.471-0300] {logging_mixin.py:188} INFO - [2024-07-07T20:26:26.470-0300] {dagbag.py:545} INFO - Filling up the DagBag from /home/johnny/airflow/lib/python3.12/site-packages/airflow/example_dags/example_task_group.py
[2024-07-07T20:26:26.481-0300] {processor.py:840} INFO - DAG(s) 'example_task_group' retrieved from /home/johnny/airflow/lib/python3.12/site-packages/airflow/example_dags/example_task_group.py
[2024-07-07T20:26:26.498-0300] {logging_mixin.py:188} INFO - [2024-07-07T20:26:26.497-0300] {dag.py:3096} INFO - Sync 1 DAGs
[2024-07-07T20:26:26.516-0300] {logging_mixin.py:188} INFO - [2024-07-07T20:26:26.516-0300] {dag.py:3954} INFO - Setting next_dagrun for example_task_group to 2024-07-06 00:00:00+00:00, run_after=2024-07-07 00:00:00+00:00
[2024-07-07T20:26:26.558-0300] {processor.py:183} INFO - Processing /home/johnny/airflow/lib/python3.12/site-packages/airflow/example_dags/example_task_group.py took 0.107 seconds
[2024-07-07T20:27:32.453-0300] {processor.py:161} INFO - Started process (PID=42188) to work on /home/johnny/airflow/lib/python3.12/site-packages/airflow/example_dags/example_task_group.py
[2024-07-07T20:27:32.456-0300] {processor.py:830} INFO - Processing file /home/johnny/airflow/lib/python3.12/site-packages/airflow/example_dags/example_task_group.py for tasks to queue
[2024-07-07T20:27:32.459-0300] {logging_mixin.py:188} INFO - [2024-07-07T20:27:32.458-0300] {dagbag.py:545} INFO - Filling up the DagBag from /home/johnny/airflow/lib/python3.12/site-packages/airflow/example_dags/example_task_group.py
[2024-07-07T20:27:32.479-0300] {processor.py:840} INFO - DAG(s) 'example_task_group' retrieved from /home/johnny/airflow/lib/python3.12/site-packages/airflow/example_dags/example_task_group.py
[2024-07-07T20:27:32.523-0300] {logging_mixin.py:188} INFO - [2024-07-07T20:27:32.522-0300] {dag.py:3096} INFO - Sync 1 DAGs
[2024-07-07T20:27:32.578-0300] {logging_mixin.py:188} INFO - [2024-07-07T20:27:32.578-0300] {dag.py:3954} INFO - Setting next_dagrun for example_task_group to 2024-07-06 00:00:00+00:00, run_after=2024-07-07 00:00:00+00:00
[2024-07-07T20:27:32.624-0300] {processor.py:183} INFO - Processing /home/johnny/airflow/lib/python3.12/site-packages/airflow/example_dags/example_task_group.py took 0.183 seconds
[2024-07-07T20:28:44.208-0300] {processor.py:161} INFO - Started process (PID=42384) to work on /home/johnny/airflow/lib/python3.12/site-packages/airflow/example_dags/example_task_group.py
[2024-07-07T20:28:44.214-0300] {processor.py:830} INFO - Processing file /home/johnny/airflow/lib/python3.12/site-packages/airflow/example_dags/example_task_group.py for tasks to queue
[2024-07-07T20:28:44.217-0300] {logging_mixin.py:188} INFO - [2024-07-07T20:28:44.216-0300] {dagbag.py:545} INFO - Filling up the DagBag from /home/johnny/airflow/lib/python3.12/site-packages/airflow/example_dags/example_task_group.py
[2024-07-07T20:28:44.234-0300] {processor.py:840} INFO - DAG(s) 'example_task_group' retrieved from /home/johnny/airflow/lib/python3.12/site-packages/airflow/example_dags/example_task_group.py
[2024-07-07T20:28:44.272-0300] {logging_mixin.py:188} INFO - [2024-07-07T20:28:44.271-0300] {dag.py:3096} INFO - Sync 1 DAGs
[2024-07-07T20:28:44.330-0300] {logging_mixin.py:188} INFO - [2024-07-07T20:28:44.330-0300] {dag.py:3954} INFO - Setting next_dagrun for example_task_group to 2024-07-06 00:00:00+00:00, run_after=2024-07-07 00:00:00+00:00
[2024-07-07T20:28:44.383-0300] {processor.py:183} INFO - Processing /home/johnny/airflow/lib/python3.12/site-packages/airflow/example_dags/example_task_group.py took 0.186 seconds
[2024-07-07T20:29:49.170-0300] {processor.py:161} INFO - Started process (PID=42564) to work on /home/johnny/airflow/lib/python3.12/site-packages/airflow/example_dags/example_task_group.py
[2024-07-07T20:29:49.176-0300] {processor.py:830} INFO - Processing file /home/johnny/airflow/lib/python3.12/site-packages/airflow/example_dags/example_task_group.py for tasks to queue
[2024-07-07T20:29:49.178-0300] {logging_mixin.py:188} INFO - [2024-07-07T20:29:49.177-0300] {dagbag.py:545} INFO - Filling up the DagBag from /home/johnny/airflow/lib/python3.12/site-packages/airflow/example_dags/example_task_group.py
[2024-07-07T20:29:49.195-0300] {processor.py:840} INFO - DAG(s) 'example_task_group' retrieved from /home/johnny/airflow/lib/python3.12/site-packages/airflow/example_dags/example_task_group.py
[2024-07-07T20:29:49.228-0300] {logging_mixin.py:188} INFO - [2024-07-07T20:29:49.228-0300] {dag.py:3096} INFO - Sync 1 DAGs
[2024-07-07T20:29:49.262-0300] {logging_mixin.py:188} INFO - [2024-07-07T20:29:49.261-0300] {dag.py:3954} INFO - Setting next_dagrun for example_task_group to 2024-07-06 00:00:00+00:00, run_after=2024-07-07 00:00:00+00:00
[2024-07-07T20:29:49.297-0300] {processor.py:183} INFO - Processing /home/johnny/airflow/lib/python3.12/site-packages/airflow/example_dags/example_task_group.py took 0.138 seconds
[2024-07-07T20:30:54.953-0300] {processor.py:161} INFO - Started process (PID=42746) to work on /home/johnny/airflow/lib/python3.12/site-packages/airflow/example_dags/example_task_group.py
[2024-07-07T20:30:54.956-0300] {processor.py:830} INFO - Processing file /home/johnny/airflow/lib/python3.12/site-packages/airflow/example_dags/example_task_group.py for tasks to queue
[2024-07-07T20:30:54.959-0300] {logging_mixin.py:188} INFO - [2024-07-07T20:30:54.958-0300] {dagbag.py:545} INFO - Filling up the DagBag from /home/johnny/airflow/lib/python3.12/site-packages/airflow/example_dags/example_task_group.py
[2024-07-07T20:30:54.977-0300] {processor.py:840} INFO - DAG(s) 'example_task_group' retrieved from /home/johnny/airflow/lib/python3.12/site-packages/airflow/example_dags/example_task_group.py
[2024-07-07T20:30:55.017-0300] {logging_mixin.py:188} INFO - [2024-07-07T20:30:55.016-0300] {dag.py:3096} INFO - Sync 1 DAGs
[2024-07-07T20:30:55.069-0300] {logging_mixin.py:188} INFO - [2024-07-07T20:30:55.069-0300] {dag.py:3954} INFO - Setting next_dagrun for example_task_group to 2024-07-06 00:00:00+00:00, run_after=2024-07-07 00:00:00+00:00
[2024-07-07T20:30:55.118-0300] {processor.py:183} INFO - Processing /home/johnny/airflow/lib/python3.12/site-packages/airflow/example_dags/example_task_group.py took 0.177 seconds
[2024-07-07T20:31:56.168-0300] {processor.py:161} INFO - Started process (PID=42918) to work on /home/johnny/airflow/lib/python3.12/site-packages/airflow/example_dags/example_task_group.py
[2024-07-07T20:31:56.171-0300] {processor.py:830} INFO - Processing file /home/johnny/airflow/lib/python3.12/site-packages/airflow/example_dags/example_task_group.py for tasks to queue
[2024-07-07T20:31:56.173-0300] {logging_mixin.py:188} INFO - [2024-07-07T20:31:56.172-0300] {dagbag.py:545} INFO - Filling up the DagBag from /home/johnny/airflow/lib/python3.12/site-packages/airflow/example_dags/example_task_group.py
[2024-07-07T20:31:56.190-0300] {processor.py:840} INFO - DAG(s) 'example_task_group' retrieved from /home/johnny/airflow/lib/python3.12/site-packages/airflow/example_dags/example_task_group.py
[2024-07-07T20:31:56.220-0300] {logging_mixin.py:188} INFO - [2024-07-07T20:31:56.219-0300] {dag.py:3096} INFO - Sync 1 DAGs
[2024-07-07T20:31:56.264-0300] {logging_mixin.py:188} INFO - [2024-07-07T20:31:56.263-0300] {dag.py:3954} INFO - Setting next_dagrun for example_task_group to 2024-07-06 00:00:00+00:00, run_after=2024-07-07 00:00:00+00:00
[2024-07-07T20:31:56.308-0300] {processor.py:183} INFO - Processing /home/johnny/airflow/lib/python3.12/site-packages/airflow/example_dags/example_task_group.py took 0.151 seconds
[2024-07-07T20:33:11.388-0300] {processor.py:161} INFO - Started process (PID=43132) to work on /home/johnny/airflow/lib/python3.12/site-packages/airflow/example_dags/example_task_group.py
[2024-07-07T20:33:11.390-0300] {processor.py:830} INFO - Processing file /home/johnny/airflow/lib/python3.12/site-packages/airflow/example_dags/example_task_group.py for tasks to queue
[2024-07-07T20:33:11.392-0300] {logging_mixin.py:188} INFO - [2024-07-07T20:33:11.391-0300] {dagbag.py:545} INFO - Filling up the DagBag from /home/johnny/airflow/lib/python3.12/site-packages/airflow/example_dags/example_task_group.py
[2024-07-07T20:33:11.416-0300] {processor.py:840} INFO - DAG(s) 'example_task_group' retrieved from /home/johnny/airflow/lib/python3.12/site-packages/airflow/example_dags/example_task_group.py
[2024-07-07T20:33:11.455-0300] {logging_mixin.py:188} INFO - [2024-07-07T20:33:11.455-0300] {dag.py:3096} INFO - Sync 1 DAGs
[2024-07-07T20:33:11.485-0300] {logging_mixin.py:188} INFO - [2024-07-07T20:33:11.485-0300] {dag.py:3954} INFO - Setting next_dagrun for example_task_group to 2024-07-06 00:00:00+00:00, run_after=2024-07-07 00:00:00+00:00
[2024-07-07T20:33:11.529-0300] {processor.py:183} INFO - Processing /home/johnny/airflow/lib/python3.12/site-packages/airflow/example_dags/example_task_group.py took 0.152 seconds
[2024-07-07T20:34:33.930-0300] {processor.py:161} INFO - Started process (PID=43374) to work on /home/johnny/airflow/lib/python3.12/site-packages/airflow/example_dags/example_task_group.py
[2024-07-07T20:34:33.932-0300] {processor.py:830} INFO - Processing file /home/johnny/airflow/lib/python3.12/site-packages/airflow/example_dags/example_task_group.py for tasks to queue
[2024-07-07T20:34:33.933-0300] {logging_mixin.py:188} INFO - [2024-07-07T20:34:33.932-0300] {dagbag.py:545} INFO - Filling up the DagBag from /home/johnny/airflow/lib/python3.12/site-packages/airflow/example_dags/example_task_group.py
[2024-07-07T20:34:33.941-0300] {processor.py:840} INFO - DAG(s) 'example_task_group' retrieved from /home/johnny/airflow/lib/python3.12/site-packages/airflow/example_dags/example_task_group.py
[2024-07-07T20:34:33.966-0300] {logging_mixin.py:188} INFO - [2024-07-07T20:34:33.965-0300] {dag.py:3096} INFO - Sync 1 DAGs
[2024-07-07T20:34:34.017-0300] {logging_mixin.py:188} INFO - [2024-07-07T20:34:34.016-0300] {dag.py:3954} INFO - Setting next_dagrun for example_task_group to 2024-07-06 00:00:00+00:00, run_after=2024-07-07 00:00:00+00:00
[2024-07-07T20:34:34.076-0300] {processor.py:183} INFO - Processing /home/johnny/airflow/lib/python3.12/site-packages/airflow/example_dags/example_task_group.py took 0.153 seconds
[2024-07-07T20:35:36.867-0300] {processor.py:161} INFO - Started process (PID=43542) to work on /home/johnny/airflow/lib/python3.12/site-packages/airflow/example_dags/example_task_group.py
[2024-07-07T20:35:36.870-0300] {processor.py:830} INFO - Processing file /home/johnny/airflow/lib/python3.12/site-packages/airflow/example_dags/example_task_group.py for tasks to queue
[2024-07-07T20:35:36.872-0300] {logging_mixin.py:188} INFO - [2024-07-07T20:35:36.871-0300] {dagbag.py:545} INFO - Filling up the DagBag from /home/johnny/airflow/lib/python3.12/site-packages/airflow/example_dags/example_task_group.py
[2024-07-07T20:35:36.889-0300] {processor.py:840} INFO - DAG(s) 'example_task_group' retrieved from /home/johnny/airflow/lib/python3.12/site-packages/airflow/example_dags/example_task_group.py
[2024-07-07T20:35:36.922-0300] {logging_mixin.py:188} INFO - [2024-07-07T20:35:36.921-0300] {dag.py:3096} INFO - Sync 1 DAGs
[2024-07-07T20:35:36.954-0300] {logging_mixin.py:188} INFO - [2024-07-07T20:35:36.953-0300] {dag.py:3954} INFO - Setting next_dagrun for example_task_group to 2024-07-06 00:00:00+00:00, run_after=2024-07-07 00:00:00+00:00
[2024-07-07T20:35:36.989-0300] {processor.py:183} INFO - Processing /home/johnny/airflow/lib/python3.12/site-packages/airflow/example_dags/example_task_group.py took 0.133 seconds
[2024-07-07T20:36:41.617-0300] {processor.py:161} INFO - Started process (PID=43717) to work on /home/johnny/airflow/lib/python3.12/site-packages/airflow/example_dags/example_task_group.py
[2024-07-07T20:36:41.620-0300] {processor.py:830} INFO - Processing file /home/johnny/airflow/lib/python3.12/site-packages/airflow/example_dags/example_task_group.py for tasks to queue
[2024-07-07T20:36:41.623-0300] {logging_mixin.py:188} INFO - [2024-07-07T20:36:41.622-0300] {dagbag.py:545} INFO - Filling up the DagBag from /home/johnny/airflow/lib/python3.12/site-packages/airflow/example_dags/example_task_group.py
[2024-07-07T20:36:41.639-0300] {processor.py:840} INFO - DAG(s) 'example_task_group' retrieved from /home/johnny/airflow/lib/python3.12/site-packages/airflow/example_dags/example_task_group.py
[2024-07-07T20:36:41.667-0300] {logging_mixin.py:188} INFO - [2024-07-07T20:36:41.666-0300] {dag.py:3096} INFO - Sync 1 DAGs
[2024-07-07T20:36:41.693-0300] {logging_mixin.py:188} INFO - [2024-07-07T20:36:41.692-0300] {dag.py:3954} INFO - Setting next_dagrun for example_task_group to 2024-07-06 00:00:00+00:00, run_after=2024-07-07 00:00:00+00:00
[2024-07-07T20:36:41.720-0300] {processor.py:183} INFO - Processing /home/johnny/airflow/lib/python3.12/site-packages/airflow/example_dags/example_task_group.py took 0.112 seconds
[2024-07-07T20:37:46.211-0300] {processor.py:161} INFO - Started process (PID=43895) to work on /home/johnny/airflow/lib/python3.12/site-packages/airflow/example_dags/example_task_group.py
[2024-07-07T20:37:46.213-0300] {processor.py:830} INFO - Processing file /home/johnny/airflow/lib/python3.12/site-packages/airflow/example_dags/example_task_group.py for tasks to queue
[2024-07-07T20:37:46.216-0300] {logging_mixin.py:188} INFO - [2024-07-07T20:37:46.215-0300] {dagbag.py:545} INFO - Filling up the DagBag from /home/johnny/airflow/lib/python3.12/site-packages/airflow/example_dags/example_task_group.py
[2024-07-07T20:37:46.232-0300] {processor.py:840} INFO - DAG(s) 'example_task_group' retrieved from /home/johnny/airflow/lib/python3.12/site-packages/airflow/example_dags/example_task_group.py
[2024-07-07T20:37:46.265-0300] {logging_mixin.py:188} INFO - [2024-07-07T20:37:46.265-0300] {dag.py:3096} INFO - Sync 1 DAGs
[2024-07-07T20:37:46.297-0300] {logging_mixin.py:188} INFO - [2024-07-07T20:37:46.296-0300] {dag.py:3954} INFO - Setting next_dagrun for example_task_group to 2024-07-06 00:00:00+00:00, run_after=2024-07-07 00:00:00+00:00
[2024-07-07T20:37:46.342-0300] {processor.py:183} INFO - Processing /home/johnny/airflow/lib/python3.12/site-packages/airflow/example_dags/example_task_group.py took 0.138 seconds
[2024-07-07T20:38:45.403-0300] {processor.py:161} INFO - Started process (PID=44050) to work on /home/johnny/airflow/lib/python3.12/site-packages/airflow/example_dags/example_task_group.py
[2024-07-07T20:38:45.406-0300] {processor.py:830} INFO - Processing file /home/johnny/airflow/lib/python3.12/site-packages/airflow/example_dags/example_task_group.py for tasks to queue
[2024-07-07T20:38:45.409-0300] {logging_mixin.py:188} INFO - [2024-07-07T20:38:45.407-0300] {dagbag.py:545} INFO - Filling up the DagBag from /home/johnny/airflow/lib/python3.12/site-packages/airflow/example_dags/example_task_group.py
[2024-07-07T20:38:45.429-0300] {processor.py:840} INFO - DAG(s) 'example_task_group' retrieved from /home/johnny/airflow/lib/python3.12/site-packages/airflow/example_dags/example_task_group.py
[2024-07-07T20:38:45.468-0300] {logging_mixin.py:188} INFO - [2024-07-07T20:38:45.467-0300] {dag.py:3096} INFO - Sync 1 DAGs
[2024-07-07T20:38:45.510-0300] {logging_mixin.py:188} INFO - [2024-07-07T20:38:45.509-0300] {dag.py:3954} INFO - Setting next_dagrun for example_task_group to 2024-07-06 00:00:00+00:00, run_after=2024-07-07 00:00:00+00:00
[2024-07-07T20:38:45.552-0300] {processor.py:183} INFO - Processing /home/johnny/airflow/lib/python3.12/site-packages/airflow/example_dags/example_task_group.py took 0.163 seconds
[2024-07-07T20:39:55.054-0300] {processor.py:161} INFO - Started process (PID=44233) to work on /home/johnny/airflow/lib/python3.12/site-packages/airflow/example_dags/example_task_group.py
[2024-07-07T20:39:55.056-0300] {processor.py:830} INFO - Processing file /home/johnny/airflow/lib/python3.12/site-packages/airflow/example_dags/example_task_group.py for tasks to queue
[2024-07-07T20:39:55.059-0300] {logging_mixin.py:188} INFO - [2024-07-07T20:39:55.058-0300] {dagbag.py:545} INFO - Filling up the DagBag from /home/johnny/airflow/lib/python3.12/site-packages/airflow/example_dags/example_task_group.py
[2024-07-07T20:39:55.077-0300] {processor.py:840} INFO - DAG(s) 'example_task_group' retrieved from /home/johnny/airflow/lib/python3.12/site-packages/airflow/example_dags/example_task_group.py
[2024-07-07T20:39:55.111-0300] {logging_mixin.py:188} INFO - [2024-07-07T20:39:55.110-0300] {dag.py:3096} INFO - Sync 1 DAGs
[2024-07-07T20:39:55.143-0300] {logging_mixin.py:188} INFO - [2024-07-07T20:39:55.143-0300] {dag.py:3954} INFO - Setting next_dagrun for example_task_group to 2024-07-06 00:00:00+00:00, run_after=2024-07-07 00:00:00+00:00
[2024-07-07T20:39:55.232-0300] {processor.py:183} INFO - Processing /home/johnny/airflow/lib/python3.12/site-packages/airflow/example_dags/example_task_group.py took 0.222 seconds
[2024-07-07T20:41:02.494-0300] {processor.py:161} INFO - Started process (PID=44414) to work on /home/johnny/airflow/lib/python3.12/site-packages/airflow/example_dags/example_task_group.py
[2024-07-07T20:41:02.500-0300] {processor.py:830} INFO - Processing file /home/johnny/airflow/lib/python3.12/site-packages/airflow/example_dags/example_task_group.py for tasks to queue
[2024-07-07T20:41:02.502-0300] {logging_mixin.py:188} INFO - [2024-07-07T20:41:02.501-0300] {dagbag.py:545} INFO - Filling up the DagBag from /home/johnny/airflow/lib/python3.12/site-packages/airflow/example_dags/example_task_group.py
[2024-07-07T20:41:02.517-0300] {processor.py:840} INFO - DAG(s) 'example_task_group' retrieved from /home/johnny/airflow/lib/python3.12/site-packages/airflow/example_dags/example_task_group.py
[2024-07-07T20:41:02.548-0300] {logging_mixin.py:188} INFO - [2024-07-07T20:41:02.547-0300] {dag.py:3096} INFO - Sync 1 DAGs
[2024-07-07T20:41:02.593-0300] {logging_mixin.py:188} INFO - [2024-07-07T20:41:02.592-0300] {dag.py:3954} INFO - Setting next_dagrun for example_task_group to 2024-07-06 00:00:00+00:00, run_after=2024-07-07 00:00:00+00:00
[2024-07-07T20:41:02.641-0300] {processor.py:183} INFO - Processing /home/johnny/airflow/lib/python3.12/site-packages/airflow/example_dags/example_task_group.py took 0.158 seconds
[2024-07-07T20:42:12.363-0300] {processor.py:161} INFO - Started process (PID=44607) to work on /home/johnny/airflow/lib/python3.12/site-packages/airflow/example_dags/example_task_group.py
[2024-07-07T20:42:12.368-0300] {processor.py:830} INFO - Processing file /home/johnny/airflow/lib/python3.12/site-packages/airflow/example_dags/example_task_group.py for tasks to queue
[2024-07-07T20:42:12.370-0300] {logging_mixin.py:188} INFO - [2024-07-07T20:42:12.369-0300] {dagbag.py:545} INFO - Filling up the DagBag from /home/johnny/airflow/lib/python3.12/site-packages/airflow/example_dags/example_task_group.py
[2024-07-07T20:42:12.387-0300] {processor.py:840} INFO - DAG(s) 'example_task_group' retrieved from /home/johnny/airflow/lib/python3.12/site-packages/airflow/example_dags/example_task_group.py
[2024-07-07T20:42:12.424-0300] {logging_mixin.py:188} INFO - [2024-07-07T20:42:12.424-0300] {dag.py:3096} INFO - Sync 1 DAGs
[2024-07-07T20:42:12.463-0300] {logging_mixin.py:188} INFO - [2024-07-07T20:42:12.463-0300] {dag.py:3954} INFO - Setting next_dagrun for example_task_group to 2024-07-06 00:00:00+00:00, run_after=2024-07-07 00:00:00+00:00
[2024-07-07T20:42:12.517-0300] {processor.py:183} INFO - Processing /home/johnny/airflow/lib/python3.12/site-packages/airflow/example_dags/example_task_group.py took 0.165 seconds
[2024-07-07T20:43:16.631-0300] {processor.py:161} INFO - Started process (PID=44782) to work on /home/johnny/airflow/lib/python3.12/site-packages/airflow/example_dags/example_task_group.py
[2024-07-07T20:43:16.637-0300] {processor.py:830} INFO - Processing file /home/johnny/airflow/lib/python3.12/site-packages/airflow/example_dags/example_task_group.py for tasks to queue
[2024-07-07T20:43:16.639-0300] {logging_mixin.py:188} INFO - [2024-07-07T20:43:16.639-0300] {dagbag.py:545} INFO - Filling up the DagBag from /home/johnny/airflow/lib/python3.12/site-packages/airflow/example_dags/example_task_group.py
[2024-07-07T20:43:16.658-0300] {processor.py:840} INFO - DAG(s) 'example_task_group' retrieved from /home/johnny/airflow/lib/python3.12/site-packages/airflow/example_dags/example_task_group.py
[2024-07-07T20:43:16.697-0300] {logging_mixin.py:188} INFO - [2024-07-07T20:43:16.696-0300] {dag.py:3096} INFO - Sync 1 DAGs
[2024-07-07T20:43:16.758-0300] {logging_mixin.py:188} INFO - [2024-07-07T20:43:16.758-0300] {dag.py:3954} INFO - Setting next_dagrun for example_task_group to 2024-07-06 00:00:00+00:00, run_after=2024-07-07 00:00:00+00:00
[2024-07-07T20:43:16.814-0300] {processor.py:183} INFO - Processing /home/johnny/airflow/lib/python3.12/site-packages/airflow/example_dags/example_task_group.py took 0.195 seconds
[2024-07-07T20:44:23.214-0300] {processor.py:161} INFO - Started process (PID=44959) to work on /home/johnny/airflow/lib/python3.12/site-packages/airflow/example_dags/example_task_group.py
[2024-07-07T20:44:23.220-0300] {processor.py:830} INFO - Processing file /home/johnny/airflow/lib/python3.12/site-packages/airflow/example_dags/example_task_group.py for tasks to queue
[2024-07-07T20:44:23.222-0300] {logging_mixin.py:188} INFO - [2024-07-07T20:44:23.221-0300] {dagbag.py:545} INFO - Filling up the DagBag from /home/johnny/airflow/lib/python3.12/site-packages/airflow/example_dags/example_task_group.py
[2024-07-07T20:44:23.239-0300] {processor.py:840} INFO - DAG(s) 'example_task_group' retrieved from /home/johnny/airflow/lib/python3.12/site-packages/airflow/example_dags/example_task_group.py
[2024-07-07T20:44:23.273-0300] {logging_mixin.py:188} INFO - [2024-07-07T20:44:23.273-0300] {dag.py:3096} INFO - Sync 1 DAGs
[2024-07-07T20:44:23.309-0300] {logging_mixin.py:188} INFO - [2024-07-07T20:44:23.308-0300] {dag.py:3954} INFO - Setting next_dagrun for example_task_group to 2024-07-06 00:00:00+00:00, run_after=2024-07-07 00:00:00+00:00
[2024-07-07T20:44:23.343-0300] {processor.py:183} INFO - Processing /home/johnny/airflow/lib/python3.12/site-packages/airflow/example_dags/example_task_group.py took 0.139 seconds
[2024-07-07T20:45:32.114-0300] {processor.py:161} INFO - Started process (PID=45152) to work on /home/johnny/airflow/lib/python3.12/site-packages/airflow/example_dags/example_task_group.py
[2024-07-07T20:45:32.120-0300] {processor.py:830} INFO - Processing file /home/johnny/airflow/lib/python3.12/site-packages/airflow/example_dags/example_task_group.py for tasks to queue
[2024-07-07T20:45:32.122-0300] {logging_mixin.py:188} INFO - [2024-07-07T20:45:32.121-0300] {dagbag.py:545} INFO - Filling up the DagBag from /home/johnny/airflow/lib/python3.12/site-packages/airflow/example_dags/example_task_group.py
[2024-07-07T20:45:32.140-0300] {processor.py:840} INFO - DAG(s) 'example_task_group' retrieved from /home/johnny/airflow/lib/python3.12/site-packages/airflow/example_dags/example_task_group.py
[2024-07-07T20:45:32.172-0300] {logging_mixin.py:188} INFO - [2024-07-07T20:45:32.172-0300] {dag.py:3096} INFO - Sync 1 DAGs
[2024-07-07T20:45:32.207-0300] {logging_mixin.py:188} INFO - [2024-07-07T20:45:32.207-0300] {dag.py:3954} INFO - Setting next_dagrun for example_task_group to 2024-07-06 00:00:00+00:00, run_after=2024-07-07 00:00:00+00:00
[2024-07-07T20:45:32.250-0300] {processor.py:183} INFO - Processing /home/johnny/airflow/lib/python3.12/site-packages/airflow/example_dags/example_task_group.py took 0.148 seconds
[2024-07-07T20:46:38.093-0300] {processor.py:161} INFO - Started process (PID=45328) to work on /home/johnny/airflow/lib/python3.12/site-packages/airflow/example_dags/example_task_group.py
[2024-07-07T20:46:38.100-0300] {processor.py:830} INFO - Processing file /home/johnny/airflow/lib/python3.12/site-packages/airflow/example_dags/example_task_group.py for tasks to queue
[2024-07-07T20:46:38.103-0300] {logging_mixin.py:188} INFO - [2024-07-07T20:46:38.102-0300] {dagbag.py:545} INFO - Filling up the DagBag from /home/johnny/airflow/lib/python3.12/site-packages/airflow/example_dags/example_task_group.py
[2024-07-07T20:46:38.122-0300] {processor.py:840} INFO - DAG(s) 'example_task_group' retrieved from /home/johnny/airflow/lib/python3.12/site-packages/airflow/example_dags/example_task_group.py
[2024-07-07T20:46:38.174-0300] {logging_mixin.py:188} INFO - [2024-07-07T20:46:38.173-0300] {dag.py:3096} INFO - Sync 1 DAGs
[2024-07-07T20:46:38.222-0300] {logging_mixin.py:188} INFO - [2024-07-07T20:46:38.222-0300] {dag.py:3954} INFO - Setting next_dagrun for example_task_group to 2024-07-06 00:00:00+00:00, run_after=2024-07-07 00:00:00+00:00
[2024-07-07T20:46:38.285-0300] {processor.py:183} INFO - Processing /home/johnny/airflow/lib/python3.12/site-packages/airflow/example_dags/example_task_group.py took 0.207 seconds
[2024-07-07T20:47:43.341-0300] {processor.py:161} INFO - Started process (PID=45506) to work on /home/johnny/airflow/lib/python3.12/site-packages/airflow/example_dags/example_task_group.py
[2024-07-07T20:47:43.347-0300] {processor.py:830} INFO - Processing file /home/johnny/airflow/lib/python3.12/site-packages/airflow/example_dags/example_task_group.py for tasks to queue
[2024-07-07T20:47:43.349-0300] {logging_mixin.py:188} INFO - [2024-07-07T20:47:43.348-0300] {dagbag.py:545} INFO - Filling up the DagBag from /home/johnny/airflow/lib/python3.12/site-packages/airflow/example_dags/example_task_group.py
[2024-07-07T20:47:43.366-0300] {processor.py:840} INFO - DAG(s) 'example_task_group' retrieved from /home/johnny/airflow/lib/python3.12/site-packages/airflow/example_dags/example_task_group.py
[2024-07-07T20:47:43.396-0300] {logging_mixin.py:188} INFO - [2024-07-07T20:47:43.395-0300] {dag.py:3096} INFO - Sync 1 DAGs
[2024-07-07T20:47:43.431-0300] {logging_mixin.py:188} INFO - [2024-07-07T20:47:43.431-0300] {dag.py:3954} INFO - Setting next_dagrun for example_task_group to 2024-07-06 00:00:00+00:00, run_after=2024-07-07 00:00:00+00:00
[2024-07-07T20:47:43.473-0300] {processor.py:183} INFO - Processing /home/johnny/airflow/lib/python3.12/site-packages/airflow/example_dags/example_task_group.py took 0.142 seconds
[2024-07-07T20:48:50.447-0300] {processor.py:161} INFO - Started process (PID=45684) to work on /home/johnny/airflow/lib/python3.12/site-packages/airflow/example_dags/example_task_group.py
[2024-07-07T20:48:50.453-0300] {processor.py:830} INFO - Processing file /home/johnny/airflow/lib/python3.12/site-packages/airflow/example_dags/example_task_group.py for tasks to queue
[2024-07-07T20:48:50.457-0300] {logging_mixin.py:188} INFO - [2024-07-07T20:48:50.455-0300] {dagbag.py:545} INFO - Filling up the DagBag from /home/johnny/airflow/lib/python3.12/site-packages/airflow/example_dags/example_task_group.py
[2024-07-07T20:48:50.479-0300] {processor.py:840} INFO - DAG(s) 'example_task_group' retrieved from /home/johnny/airflow/lib/python3.12/site-packages/airflow/example_dags/example_task_group.py
[2024-07-07T20:48:50.508-0300] {logging_mixin.py:188} INFO - [2024-07-07T20:48:50.508-0300] {dag.py:3096} INFO - Sync 1 DAGs
[2024-07-07T20:48:50.549-0300] {logging_mixin.py:188} INFO - [2024-07-07T20:48:50.548-0300] {dag.py:3954} INFO - Setting next_dagrun for example_task_group to 2024-07-06 00:00:00+00:00, run_after=2024-07-07 00:00:00+00:00
[2024-07-07T20:48:50.611-0300] {processor.py:183} INFO - Processing /home/johnny/airflow/lib/python3.12/site-packages/airflow/example_dags/example_task_group.py took 0.180 seconds
[2024-07-07T20:50:01.128-0300] {processor.py:161} INFO - Started process (PID=45867) to work on /home/johnny/airflow/lib/python3.12/site-packages/airflow/example_dags/example_task_group.py
[2024-07-07T20:50:01.131-0300] {processor.py:830} INFO - Processing file /home/johnny/airflow/lib/python3.12/site-packages/airflow/example_dags/example_task_group.py for tasks to queue
[2024-07-07T20:50:01.132-0300] {logging_mixin.py:188} INFO - [2024-07-07T20:50:01.132-0300] {dagbag.py:545} INFO - Filling up the DagBag from /home/johnny/airflow/lib/python3.12/site-packages/airflow/example_dags/example_task_group.py
[2024-07-07T20:50:01.150-0300] {processor.py:840} INFO - DAG(s) 'example_task_group' retrieved from /home/johnny/airflow/lib/python3.12/site-packages/airflow/example_dags/example_task_group.py
[2024-07-07T20:50:01.191-0300] {logging_mixin.py:188} INFO - [2024-07-07T20:50:01.189-0300] {dag.py:3096} INFO - Sync 1 DAGs
[2024-07-07T20:50:01.255-0300] {logging_mixin.py:188} INFO - [2024-07-07T20:50:01.254-0300] {dag.py:3954} INFO - Setting next_dagrun for example_task_group to 2024-07-06 00:00:00+00:00, run_after=2024-07-07 00:00:00+00:00
[2024-07-07T20:50:01.314-0300] {processor.py:183} INFO - Processing /home/johnny/airflow/lib/python3.12/site-packages/airflow/example_dags/example_task_group.py took 0.198 seconds
[2024-07-07T20:51:13.007-0300] {processor.py:161} INFO - Started process (PID=46052) to work on /home/johnny/airflow/lib/python3.12/site-packages/airflow/example_dags/example_task_group.py
[2024-07-07T20:51:13.014-0300] {processor.py:830} INFO - Processing file /home/johnny/airflow/lib/python3.12/site-packages/airflow/example_dags/example_task_group.py for tasks to queue
[2024-07-07T20:51:13.016-0300] {logging_mixin.py:188} INFO - [2024-07-07T20:51:13.015-0300] {dagbag.py:545} INFO - Filling up the DagBag from /home/johnny/airflow/lib/python3.12/site-packages/airflow/example_dags/example_task_group.py
[2024-07-07T20:51:13.029-0300] {processor.py:840} INFO - DAG(s) 'example_task_group' retrieved from /home/johnny/airflow/lib/python3.12/site-packages/airflow/example_dags/example_task_group.py
[2024-07-07T20:51:13.053-0300] {logging_mixin.py:188} INFO - [2024-07-07T20:51:13.053-0300] {dag.py:3096} INFO - Sync 1 DAGs
[2024-07-07T20:51:13.077-0300] {logging_mixin.py:188} INFO - [2024-07-07T20:51:13.077-0300] {dag.py:3954} INFO - Setting next_dagrun for example_task_group to 2024-07-06 00:00:00+00:00, run_after=2024-07-07 00:00:00+00:00
[2024-07-07T20:51:13.113-0300] {processor.py:183} INFO - Processing /home/johnny/airflow/lib/python3.12/site-packages/airflow/example_dags/example_task_group.py took 0.131 seconds
[2024-07-07T20:52:24.133-0300] {processor.py:161} INFO - Started process (PID=46252) to work on /home/johnny/airflow/lib/python3.12/site-packages/airflow/example_dags/example_task_group.py
[2024-07-07T20:52:24.134-0300] {processor.py:830} INFO - Processing file /home/johnny/airflow/lib/python3.12/site-packages/airflow/example_dags/example_task_group.py for tasks to queue
[2024-07-07T20:52:24.136-0300] {logging_mixin.py:188} INFO - [2024-07-07T20:52:24.135-0300] {dagbag.py:545} INFO - Filling up the DagBag from /home/johnny/airflow/lib/python3.12/site-packages/airflow/example_dags/example_task_group.py
[2024-07-07T20:52:24.145-0300] {processor.py:840} INFO - DAG(s) 'example_task_group' retrieved from /home/johnny/airflow/lib/python3.12/site-packages/airflow/example_dags/example_task_group.py
[2024-07-07T20:52:24.167-0300] {logging_mixin.py:188} INFO - [2024-07-07T20:52:24.166-0300] {dag.py:3096} INFO - Sync 1 DAGs
[2024-07-07T20:52:24.222-0300] {logging_mixin.py:188} INFO - [2024-07-07T20:52:24.221-0300] {dag.py:3954} INFO - Setting next_dagrun for example_task_group to 2024-07-06 00:00:00+00:00, run_after=2024-07-07 00:00:00+00:00
[2024-07-07T20:52:24.289-0300] {processor.py:183} INFO - Processing /home/johnny/airflow/lib/python3.12/site-packages/airflow/example_dags/example_task_group.py took 0.165 seconds
[2024-07-07T20:53:28.199-0300] {processor.py:161} INFO - Started process (PID=46414) to work on /home/johnny/airflow/lib/python3.12/site-packages/airflow/example_dags/example_task_group.py
[2024-07-07T20:53:28.204-0300] {processor.py:830} INFO - Processing file /home/johnny/airflow/lib/python3.12/site-packages/airflow/example_dags/example_task_group.py for tasks to queue
[2024-07-07T20:53:28.206-0300] {logging_mixin.py:188} INFO - [2024-07-07T20:53:28.205-0300] {dagbag.py:545} INFO - Filling up the DagBag from /home/johnny/airflow/lib/python3.12/site-packages/airflow/example_dags/example_task_group.py
[2024-07-07T20:53:28.223-0300] {processor.py:840} INFO - DAG(s) 'example_task_group' retrieved from /home/johnny/airflow/lib/python3.12/site-packages/airflow/example_dags/example_task_group.py
[2024-07-07T20:53:28.259-0300] {logging_mixin.py:188} INFO - [2024-07-07T20:53:28.259-0300] {dag.py:3096} INFO - Sync 1 DAGs
[2024-07-07T20:53:28.325-0300] {logging_mixin.py:188} INFO - [2024-07-07T20:53:28.324-0300] {dag.py:3954} INFO - Setting next_dagrun for example_task_group to 2024-07-06 00:00:00+00:00, run_after=2024-07-07 00:00:00+00:00
[2024-07-07T20:53:28.392-0300] {processor.py:183} INFO - Processing /home/johnny/airflow/lib/python3.12/site-packages/airflow/example_dags/example_task_group.py took 0.204 seconds
[2024-07-07T20:54:37.578-0300] {processor.py:161} INFO - Started process (PID=46598) to work on /home/johnny/airflow/lib/python3.12/site-packages/airflow/example_dags/example_task_group.py
[2024-07-07T20:54:37.584-0300] {processor.py:830} INFO - Processing file /home/johnny/airflow/lib/python3.12/site-packages/airflow/example_dags/example_task_group.py for tasks to queue
[2024-07-07T20:54:37.588-0300] {logging_mixin.py:188} INFO - [2024-07-07T20:54:37.587-0300] {dagbag.py:545} INFO - Filling up the DagBag from /home/johnny/airflow/lib/python3.12/site-packages/airflow/example_dags/example_task_group.py
[2024-07-07T20:54:37.605-0300] {processor.py:840} INFO - DAG(s) 'example_task_group' retrieved from /home/johnny/airflow/lib/python3.12/site-packages/airflow/example_dags/example_task_group.py
[2024-07-07T20:54:37.643-0300] {logging_mixin.py:188} INFO - [2024-07-07T20:54:37.642-0300] {dag.py:3096} INFO - Sync 1 DAGs
[2024-07-07T20:54:37.702-0300] {logging_mixin.py:188} INFO - [2024-07-07T20:54:37.702-0300] {dag.py:3954} INFO - Setting next_dagrun for example_task_group to 2024-07-06 00:00:00+00:00, run_after=2024-07-07 00:00:00+00:00
[2024-07-07T20:54:37.761-0300] {processor.py:183} INFO - Processing /home/johnny/airflow/lib/python3.12/site-packages/airflow/example_dags/example_task_group.py took 0.198 seconds
[2024-07-07T20:55:45.073-0300] {processor.py:161} INFO - Started process (PID=46778) to work on /home/johnny/airflow/lib/python3.12/site-packages/airflow/example_dags/example_task_group.py
[2024-07-07T20:55:45.080-0300] {processor.py:830} INFO - Processing file /home/johnny/airflow/lib/python3.12/site-packages/airflow/example_dags/example_task_group.py for tasks to queue
[2024-07-07T20:55:45.083-0300] {logging_mixin.py:188} INFO - [2024-07-07T20:55:45.082-0300] {dagbag.py:545} INFO - Filling up the DagBag from /home/johnny/airflow/lib/python3.12/site-packages/airflow/example_dags/example_task_group.py
[2024-07-07T20:55:45.101-0300] {processor.py:840} INFO - DAG(s) 'example_task_group' retrieved from /home/johnny/airflow/lib/python3.12/site-packages/airflow/example_dags/example_task_group.py
[2024-07-07T20:55:45.136-0300] {logging_mixin.py:188} INFO - [2024-07-07T20:55:45.135-0300] {dag.py:3096} INFO - Sync 1 DAGs
[2024-07-07T20:55:45.176-0300] {logging_mixin.py:188} INFO - [2024-07-07T20:55:45.175-0300] {dag.py:3954} INFO - Setting next_dagrun for example_task_group to 2024-07-06 00:00:00+00:00, run_after=2024-07-07 00:00:00+00:00
[2024-07-07T20:55:45.232-0300] {processor.py:183} INFO - Processing /home/johnny/airflow/lib/python3.12/site-packages/airflow/example_dags/example_task_group.py took 0.170 seconds
[2024-07-07T20:56:54.081-0300] {processor.py:161} INFO - Started process (PID=46968) to work on /home/johnny/airflow/lib/python3.12/site-packages/airflow/example_dags/example_task_group.py
[2024-07-07T20:56:54.086-0300] {processor.py:830} INFO - Processing file /home/johnny/airflow/lib/python3.12/site-packages/airflow/example_dags/example_task_group.py for tasks to queue
[2024-07-07T20:56:54.088-0300] {logging_mixin.py:188} INFO - [2024-07-07T20:56:54.087-0300] {dagbag.py:545} INFO - Filling up the DagBag from /home/johnny/airflow/lib/python3.12/site-packages/airflow/example_dags/example_task_group.py
[2024-07-07T20:56:54.105-0300] {processor.py:840} INFO - DAG(s) 'example_task_group' retrieved from /home/johnny/airflow/lib/python3.12/site-packages/airflow/example_dags/example_task_group.py
[2024-07-07T20:56:54.141-0300] {logging_mixin.py:188} INFO - [2024-07-07T20:56:54.140-0300] {dag.py:3096} INFO - Sync 1 DAGs
[2024-07-07T20:56:54.186-0300] {logging_mixin.py:188} INFO - [2024-07-07T20:56:54.185-0300] {dag.py:3954} INFO - Setting next_dagrun for example_task_group to 2024-07-06 00:00:00+00:00, run_after=2024-07-07 00:00:00+00:00
[2024-07-07T20:56:54.236-0300] {processor.py:183} INFO - Processing /home/johnny/airflow/lib/python3.12/site-packages/airflow/example_dags/example_task_group.py took 0.167 seconds
[2024-07-07T20:58:04.241-0300] {processor.py:161} INFO - Started process (PID=47170) to work on /home/johnny/airflow/lib/python3.12/site-packages/airflow/example_dags/example_task_group.py
[2024-07-07T20:58:04.245-0300] {processor.py:830} INFO - Processing file /home/johnny/airflow/lib/python3.12/site-packages/airflow/example_dags/example_task_group.py for tasks to queue
[2024-07-07T20:58:04.248-0300] {logging_mixin.py:188} INFO - [2024-07-07T20:58:04.247-0300] {dagbag.py:545} INFO - Filling up the DagBag from /home/johnny/airflow/lib/python3.12/site-packages/airflow/example_dags/example_task_group.py
[2024-07-07T20:58:04.268-0300] {processor.py:840} INFO - DAG(s) 'example_task_group' retrieved from /home/johnny/airflow/lib/python3.12/site-packages/airflow/example_dags/example_task_group.py
[2024-07-07T20:58:04.305-0300] {logging_mixin.py:188} INFO - [2024-07-07T20:58:04.304-0300] {dag.py:3096} INFO - Sync 1 DAGs
[2024-07-07T20:58:04.338-0300] {logging_mixin.py:188} INFO - [2024-07-07T20:58:04.337-0300] {dag.py:3954} INFO - Setting next_dagrun for example_task_group to 2024-07-06 00:00:00+00:00, run_after=2024-07-07 00:00:00+00:00
[2024-07-07T20:58:04.381-0300] {processor.py:183} INFO - Processing /home/johnny/airflow/lib/python3.12/site-packages/airflow/example_dags/example_task_group.py took 0.154 seconds
[2024-07-07T20:59:14.927-0300] {processor.py:161} INFO - Started process (PID=47374) to work on /home/johnny/airflow/lib/python3.12/site-packages/airflow/example_dags/example_task_group.py
[2024-07-07T20:59:14.932-0300] {processor.py:830} INFO - Processing file /home/johnny/airflow/lib/python3.12/site-packages/airflow/example_dags/example_task_group.py for tasks to queue
[2024-07-07T20:59:14.935-0300] {logging_mixin.py:188} INFO - [2024-07-07T20:59:14.934-0300] {dagbag.py:545} INFO - Filling up the DagBag from /home/johnny/airflow/lib/python3.12/site-packages/airflow/example_dags/example_task_group.py
[2024-07-07T20:59:14.962-0300] {processor.py:840} INFO - DAG(s) 'example_task_group' retrieved from /home/johnny/airflow/lib/python3.12/site-packages/airflow/example_dags/example_task_group.py
[2024-07-07T20:59:15.046-0300] {logging_mixin.py:188} INFO - [2024-07-07T20:59:15.045-0300] {dag.py:3096} INFO - Sync 1 DAGs
[2024-07-07T20:59:15.152-0300] {logging_mixin.py:188} INFO - [2024-07-07T20:59:15.151-0300] {dag.py:3954} INFO - Setting next_dagrun for example_task_group to 2024-07-06 00:00:00+00:00, run_after=2024-07-07 00:00:00+00:00
[2024-07-07T20:59:15.213-0300] {processor.py:183} INFO - Processing /home/johnny/airflow/lib/python3.12/site-packages/airflow/example_dags/example_task_group.py took 0.303 seconds
