[2024-07-07T14:05:16.972-0300] {processor.py:161} INFO - Started process (PID=3023) to work on /home/johnny/airflow_env/lib/python3.12/site-packages/airflow/example_dags/example_complex.py
[2024-07-07T14:05:16.974-0300] {processor.py:830} INFO - Processing file /home/johnny/airflow_env/lib/python3.12/site-packages/airflow/example_dags/example_complex.py for tasks to queue
[2024-07-07T14:05:16.977-0300] {logging_mixin.py:188} INFO - [2024-07-07T14:05:16.976-0300] {dagbag.py:545} INFO - Filling up the DagBag from /home/johnny/airflow_env/lib/python3.12/site-packages/airflow/example_dags/example_complex.py
[2024-07-07T14:05:16.996-0300] {processor.py:840} INFO - DAG(s) 'example_complex' retrieved from /home/johnny/airflow_env/lib/python3.12/site-packages/airflow/example_dags/example_complex.py
[2024-07-07T14:05:17.131-0300] {logging_mixin.py:188} INFO - [2024-07-07T14:05:17.130-0300] {override.py:1847} INFO - Created Permission View: can delete on DAG:example_complex
[2024-07-07T14:05:17.156-0300] {logging_mixin.py:188} INFO - [2024-07-07T14:05:17.155-0300] {override.py:1847} INFO - Created Permission View: can read on DAG:example_complex
[2024-07-07T14:05:17.173-0300] {logging_mixin.py:188} INFO - [2024-07-07T14:05:17.172-0300] {override.py:1847} INFO - Created Permission View: can edit on DAG:example_complex
[2024-07-07T14:05:17.174-0300] {logging_mixin.py:188} INFO - [2024-07-07T14:05:17.174-0300] {dag.py:3096} INFO - Sync 1 DAGs
[2024-07-07T14:05:17.200-0300] {logging_mixin.py:188} INFO - [2024-07-07T14:05:17.200-0300] {dag.py:3118} INFO - Creating ORM DAG for example_complex
[2024-07-07T14:05:17.202-0300] {logging_mixin.py:188} INFO - [2024-07-07T14:05:17.202-0300] {dag.py:3954} INFO - Setting next_dagrun for example_complex to None, run_after=None
[2024-07-07T14:05:17.245-0300] {processor.py:183} INFO - Processing /home/johnny/airflow_env/lib/python3.12/site-packages/airflow/example_dags/example_complex.py took 0.283 seconds
[2024-07-07T14:06:18.483-0300] {processor.py:161} INFO - Started process (PID=3077) to work on /home/johnny/airflow_env/lib/python3.12/site-packages/airflow/example_dags/example_complex.py
[2024-07-07T14:06:18.486-0300] {processor.py:830} INFO - Processing file /home/johnny/airflow_env/lib/python3.12/site-packages/airflow/example_dags/example_complex.py for tasks to queue
[2024-07-07T14:06:18.489-0300] {logging_mixin.py:188} INFO - [2024-07-07T14:06:18.488-0300] {dagbag.py:545} INFO - Filling up the DagBag from /home/johnny/airflow_env/lib/python3.12/site-packages/airflow/example_dags/example_complex.py
[2024-07-07T14:06:18.511-0300] {processor.py:840} INFO - DAG(s) 'example_complex' retrieved from /home/johnny/airflow_env/lib/python3.12/site-packages/airflow/example_dags/example_complex.py
[2024-07-07T14:06:18.576-0300] {logging_mixin.py:188} INFO - [2024-07-07T14:06:18.576-0300] {dag.py:3096} INFO - Sync 1 DAGs
[2024-07-07T14:06:18.601-0300] {logging_mixin.py:188} INFO - [2024-07-07T14:06:18.600-0300] {dag.py:3954} INFO - Setting next_dagrun for example_complex to None, run_after=None
[2024-07-07T14:06:18.639-0300] {processor.py:183} INFO - Processing /home/johnny/airflow_env/lib/python3.12/site-packages/airflow/example_dags/example_complex.py took 0.167 seconds
[2024-07-07T14:07:16.810-0300] {processor.py:161} INFO - Started process (PID=3128) to work on /home/johnny/airflow_env/lib/python3.12/site-packages/airflow/example_dags/example_complex.py
[2024-07-07T14:07:16.812-0300] {processor.py:830} INFO - Processing file /home/johnny/airflow_env/lib/python3.12/site-packages/airflow/example_dags/example_complex.py for tasks to queue
[2024-07-07T14:07:16.816-0300] {logging_mixin.py:188} INFO - [2024-07-07T14:07:16.815-0300] {dagbag.py:545} INFO - Filling up the DagBag from /home/johnny/airflow_env/lib/python3.12/site-packages/airflow/example_dags/example_complex.py
[2024-07-07T14:07:16.847-0300] {processor.py:840} INFO - DAG(s) 'example_complex' retrieved from /home/johnny/airflow_env/lib/python3.12/site-packages/airflow/example_dags/example_complex.py
[2024-07-07T14:07:16.920-0300] {logging_mixin.py:188} INFO - [2024-07-07T14:07:16.919-0300] {dag.py:3096} INFO - Sync 1 DAGs
[2024-07-07T14:07:16.947-0300] {logging_mixin.py:188} INFO - [2024-07-07T14:07:16.946-0300] {dag.py:3954} INFO - Setting next_dagrun for example_complex to None, run_after=None
[2024-07-07T14:07:17.006-0300] {processor.py:183} INFO - Processing /home/johnny/airflow_env/lib/python3.12/site-packages/airflow/example_dags/example_complex.py took 0.208 seconds
[2024-07-07T14:08:14.015-0300] {processor.py:161} INFO - Started process (PID=3179) to work on /home/johnny/airflow_env/lib/python3.12/site-packages/airflow/example_dags/example_complex.py
[2024-07-07T14:08:14.017-0300] {processor.py:830} INFO - Processing file /home/johnny/airflow_env/lib/python3.12/site-packages/airflow/example_dags/example_complex.py for tasks to queue
[2024-07-07T14:08:14.020-0300] {logging_mixin.py:188} INFO - [2024-07-07T14:08:14.019-0300] {dagbag.py:545} INFO - Filling up the DagBag from /home/johnny/airflow_env/lib/python3.12/site-packages/airflow/example_dags/example_complex.py
[2024-07-07T14:08:14.049-0300] {processor.py:840} INFO - DAG(s) 'example_complex' retrieved from /home/johnny/airflow_env/lib/python3.12/site-packages/airflow/example_dags/example_complex.py
[2024-07-07T14:08:14.096-0300] {logging_mixin.py:188} INFO - [2024-07-07T14:08:14.095-0300] {dag.py:3096} INFO - Sync 1 DAGs
[2024-07-07T14:08:14.111-0300] {logging_mixin.py:188} INFO - [2024-07-07T14:08:14.111-0300] {dag.py:3954} INFO - Setting next_dagrun for example_complex to None, run_after=None
[2024-07-07T14:08:14.155-0300] {processor.py:183} INFO - Processing /home/johnny/airflow_env/lib/python3.12/site-packages/airflow/example_dags/example_complex.py took 0.156 seconds
[2024-07-07T19:45:50.280-0300] {processor.py:161} INFO - Started process (PID=35310) to work on /home/johnny/airflow/lib/python3.12/site-packages/airflow/example_dags/example_complex.py
[2024-07-07T19:45:50.283-0300] {processor.py:830} INFO - Processing file /home/johnny/airflow/lib/python3.12/site-packages/airflow/example_dags/example_complex.py for tasks to queue
[2024-07-07T19:45:50.287-0300] {logging_mixin.py:188} INFO - [2024-07-07T19:45:50.286-0300] {dagbag.py:545} INFO - Filling up the DagBag from /home/johnny/airflow/lib/python3.12/site-packages/airflow/example_dags/example_complex.py
[2024-07-07T19:45:50.319-0300] {processor.py:840} INFO - DAG(s) 'example_complex' retrieved from /home/johnny/airflow/lib/python3.12/site-packages/airflow/example_dags/example_complex.py
[2024-07-07T19:45:50.633-0300] {logging_mixin.py:188} INFO - [2024-07-07T19:45:50.633-0300] {dag.py:3096} INFO - Sync 1 DAGs
[2024-07-07T19:45:50.890-0300] {logging_mixin.py:188} INFO - [2024-07-07T19:45:50.890-0300] {dag.py:3954} INFO - Setting next_dagrun for example_complex to None, run_after=None
[2024-07-07T19:45:50.937-0300] {processor.py:183} INFO - Processing /home/johnny/airflow/lib/python3.12/site-packages/airflow/example_dags/example_complex.py took 0.673 seconds
[2024-07-07T19:47:09.288-0300] {processor.py:161} INFO - Started process (PID=35512) to work on /home/johnny/airflow/lib/python3.12/site-packages/airflow/example_dags/example_complex.py
[2024-07-07T19:47:09.294-0300] {processor.py:830} INFO - Processing file /home/johnny/airflow/lib/python3.12/site-packages/airflow/example_dags/example_complex.py for tasks to queue
[2024-07-07T19:47:09.300-0300] {logging_mixin.py:188} INFO - [2024-07-07T19:47:09.298-0300] {dagbag.py:545} INFO - Filling up the DagBag from /home/johnny/airflow/lib/python3.12/site-packages/airflow/example_dags/example_complex.py
[2024-07-07T19:47:09.324-0300] {processor.py:840} INFO - DAG(s) 'example_complex' retrieved from /home/johnny/airflow/lib/python3.12/site-packages/airflow/example_dags/example_complex.py
[2024-07-07T19:47:09.378-0300] {logging_mixin.py:188} INFO - [2024-07-07T19:47:09.378-0300] {dag.py:3096} INFO - Sync 1 DAGs
[2024-07-07T19:47:09.646-0300] {logging_mixin.py:188} INFO - [2024-07-07T19:47:09.645-0300] {dag.py:3954} INFO - Setting next_dagrun for example_complex to None, run_after=None
[2024-07-07T19:47:09.690-0300] {processor.py:183} INFO - Processing /home/johnny/airflow/lib/python3.12/site-packages/airflow/example_dags/example_complex.py took 0.413 seconds
[2024-07-07T19:48:21.434-0300] {processor.py:161} INFO - Started process (PID=35719) to work on /home/johnny/airflow/lib/python3.12/site-packages/airflow/example_dags/example_complex.py
[2024-07-07T19:48:21.436-0300] {processor.py:830} INFO - Processing file /home/johnny/airflow/lib/python3.12/site-packages/airflow/example_dags/example_complex.py for tasks to queue
[2024-07-07T19:48:21.440-0300] {logging_mixin.py:188} INFO - [2024-07-07T19:48:21.439-0300] {dagbag.py:545} INFO - Filling up the DagBag from /home/johnny/airflow/lib/python3.12/site-packages/airflow/example_dags/example_complex.py
[2024-07-07T19:48:21.458-0300] {processor.py:840} INFO - DAG(s) 'example_complex' retrieved from /home/johnny/airflow/lib/python3.12/site-packages/airflow/example_dags/example_complex.py
[2024-07-07T19:48:21.516-0300] {logging_mixin.py:188} INFO - [2024-07-07T19:48:21.515-0300] {dag.py:3096} INFO - Sync 1 DAGs
[2024-07-07T19:48:21.549-0300] {logging_mixin.py:188} INFO - [2024-07-07T19:48:21.548-0300] {dag.py:3954} INFO - Setting next_dagrun for example_complex to None, run_after=None
[2024-07-07T19:48:21.597-0300] {processor.py:183} INFO - Processing /home/johnny/airflow/lib/python3.12/site-packages/airflow/example_dags/example_complex.py took 0.175 seconds
[2024-07-07T19:49:27.733-0300] {processor.py:161} INFO - Started process (PID=35916) to work on /home/johnny/airflow/lib/python3.12/site-packages/airflow/example_dags/example_complex.py
[2024-07-07T19:49:27.740-0300] {processor.py:830} INFO - Processing file /home/johnny/airflow/lib/python3.12/site-packages/airflow/example_dags/example_complex.py for tasks to queue
[2024-07-07T19:49:27.743-0300] {logging_mixin.py:188} INFO - [2024-07-07T19:49:27.743-0300] {dagbag.py:545} INFO - Filling up the DagBag from /home/johnny/airflow/lib/python3.12/site-packages/airflow/example_dags/example_complex.py
[2024-07-07T19:49:27.766-0300] {processor.py:840} INFO - DAG(s) 'example_complex' retrieved from /home/johnny/airflow/lib/python3.12/site-packages/airflow/example_dags/example_complex.py
[2024-07-07T19:49:27.810-0300] {logging_mixin.py:188} INFO - [2024-07-07T19:49:27.809-0300] {dag.py:3096} INFO - Sync 1 DAGs
[2024-07-07T19:49:27.837-0300] {logging_mixin.py:188} INFO - [2024-07-07T19:49:27.837-0300] {dag.py:3954} INFO - Setting next_dagrun for example_complex to None, run_after=None
[2024-07-07T19:49:27.879-0300] {processor.py:183} INFO - Processing /home/johnny/airflow/lib/python3.12/site-packages/airflow/example_dags/example_complex.py took 0.157 seconds
[2024-07-07T19:50:34.071-0300] {processor.py:161} INFO - Started process (PID=36097) to work on /home/johnny/airflow/lib/python3.12/site-packages/airflow/example_dags/example_complex.py
[2024-07-07T19:50:34.077-0300] {processor.py:830} INFO - Processing file /home/johnny/airflow/lib/python3.12/site-packages/airflow/example_dags/example_complex.py for tasks to queue
[2024-07-07T19:50:34.082-0300] {logging_mixin.py:188} INFO - [2024-07-07T19:50:34.081-0300] {dagbag.py:545} INFO - Filling up the DagBag from /home/johnny/airflow/lib/python3.12/site-packages/airflow/example_dags/example_complex.py
[2024-07-07T19:50:34.118-0300] {processor.py:840} INFO - DAG(s) 'example_complex' retrieved from /home/johnny/airflow/lib/python3.12/site-packages/airflow/example_dags/example_complex.py
[2024-07-07T19:50:34.169-0300] {logging_mixin.py:188} INFO - [2024-07-07T19:50:34.168-0300] {dag.py:3096} INFO - Sync 1 DAGs
[2024-07-07T19:50:34.186-0300] {logging_mixin.py:188} INFO - [2024-07-07T19:50:34.186-0300] {dag.py:3954} INFO - Setting next_dagrun for example_complex to None, run_after=None
[2024-07-07T19:50:34.231-0300] {processor.py:183} INFO - Processing /home/johnny/airflow/lib/python3.12/site-packages/airflow/example_dags/example_complex.py took 0.180 seconds
[2024-07-07T19:51:45.124-0300] {processor.py:161} INFO - Started process (PID=36296) to work on /home/johnny/airflow/lib/python3.12/site-packages/airflow/example_dags/example_complex.py
[2024-07-07T19:51:45.130-0300] {processor.py:830} INFO - Processing file /home/johnny/airflow/lib/python3.12/site-packages/airflow/example_dags/example_complex.py for tasks to queue
[2024-07-07T19:51:45.135-0300] {logging_mixin.py:188} INFO - [2024-07-07T19:51:45.134-0300] {dagbag.py:545} INFO - Filling up the DagBag from /home/johnny/airflow/lib/python3.12/site-packages/airflow/example_dags/example_complex.py
[2024-07-07T19:51:45.165-0300] {processor.py:840} INFO - DAG(s) 'example_complex' retrieved from /home/johnny/airflow/lib/python3.12/site-packages/airflow/example_dags/example_complex.py
[2024-07-07T19:51:45.254-0300] {logging_mixin.py:188} INFO - [2024-07-07T19:51:45.253-0300] {dag.py:3096} INFO - Sync 1 DAGs
[2024-07-07T19:51:45.288-0300] {logging_mixin.py:188} INFO - [2024-07-07T19:51:45.287-0300] {dag.py:3954} INFO - Setting next_dagrun for example_complex to None, run_after=None
[2024-07-07T19:51:45.349-0300] {processor.py:183} INFO - Processing /home/johnny/airflow/lib/python3.12/site-packages/airflow/example_dags/example_complex.py took 0.240 seconds
[2024-07-07T19:52:58.723-0300] {processor.py:161} INFO - Started process (PID=36494) to work on /home/johnny/airflow/lib/python3.12/site-packages/airflow/example_dags/example_complex.py
[2024-07-07T19:52:58.728-0300] {processor.py:830} INFO - Processing file /home/johnny/airflow/lib/python3.12/site-packages/airflow/example_dags/example_complex.py for tasks to queue
[2024-07-07T19:52:58.734-0300] {logging_mixin.py:188} INFO - [2024-07-07T19:52:58.732-0300] {dagbag.py:545} INFO - Filling up the DagBag from /home/johnny/airflow/lib/python3.12/site-packages/airflow/example_dags/example_complex.py
[2024-07-07T19:52:58.774-0300] {processor.py:840} INFO - DAG(s) 'example_complex' retrieved from /home/johnny/airflow/lib/python3.12/site-packages/airflow/example_dags/example_complex.py
[2024-07-07T19:52:58.847-0300] {logging_mixin.py:188} INFO - [2024-07-07T19:52:58.846-0300] {dag.py:3096} INFO - Sync 1 DAGs
[2024-07-07T19:52:58.883-0300] {logging_mixin.py:188} INFO - [2024-07-07T19:52:58.882-0300] {dag.py:3954} INFO - Setting next_dagrun for example_complex to None, run_after=None
[2024-07-07T19:52:58.934-0300] {processor.py:183} INFO - Processing /home/johnny/airflow/lib/python3.12/site-packages/airflow/example_dags/example_complex.py took 0.226 seconds
[2024-07-07T19:54:06.887-0300] {processor.py:161} INFO - Started process (PID=36678) to work on /home/johnny/airflow/lib/python3.12/site-packages/airflow/example_dags/example_complex.py
[2024-07-07T19:54:06.893-0300] {processor.py:830} INFO - Processing file /home/johnny/airflow/lib/python3.12/site-packages/airflow/example_dags/example_complex.py for tasks to queue
[2024-07-07T19:54:06.895-0300] {logging_mixin.py:188} INFO - [2024-07-07T19:54:06.894-0300] {dagbag.py:545} INFO - Filling up the DagBag from /home/johnny/airflow/lib/python3.12/site-packages/airflow/example_dags/example_complex.py
[2024-07-07T19:54:06.920-0300] {processor.py:840} INFO - DAG(s) 'example_complex' retrieved from /home/johnny/airflow/lib/python3.12/site-packages/airflow/example_dags/example_complex.py
[2024-07-07T19:54:06.984-0300] {logging_mixin.py:188} INFO - [2024-07-07T19:54:06.983-0300] {dag.py:3096} INFO - Sync 1 DAGs
[2024-07-07T19:54:07.011-0300] {logging_mixin.py:188} INFO - [2024-07-07T19:54:07.010-0300] {dag.py:3954} INFO - Setting next_dagrun for example_complex to None, run_after=None
[2024-07-07T19:54:07.065-0300] {processor.py:183} INFO - Processing /home/johnny/airflow/lib/python3.12/site-packages/airflow/example_dags/example_complex.py took 0.192 seconds
[2024-07-07T19:55:14.000-0300] {processor.py:161} INFO - Started process (PID=36862) to work on /home/johnny/airflow/lib/python3.12/site-packages/airflow/example_dags/example_complex.py
[2024-07-07T19:55:14.005-0300] {processor.py:830} INFO - Processing file /home/johnny/airflow/lib/python3.12/site-packages/airflow/example_dags/example_complex.py for tasks to queue
[2024-07-07T19:55:14.007-0300] {logging_mixin.py:188} INFO - [2024-07-07T19:55:14.006-0300] {dagbag.py:545} INFO - Filling up the DagBag from /home/johnny/airflow/lib/python3.12/site-packages/airflow/example_dags/example_complex.py
[2024-07-07T19:55:14.031-0300] {processor.py:840} INFO - DAG(s) 'example_complex' retrieved from /home/johnny/airflow/lib/python3.12/site-packages/airflow/example_dags/example_complex.py
[2024-07-07T19:55:14.092-0300] {logging_mixin.py:188} INFO - [2024-07-07T19:55:14.091-0300] {dag.py:3096} INFO - Sync 1 DAGs
[2024-07-07T19:55:14.125-0300] {logging_mixin.py:188} INFO - [2024-07-07T19:55:14.124-0300] {dag.py:3954} INFO - Setting next_dagrun for example_complex to None, run_after=None
[2024-07-07T19:55:14.192-0300] {processor.py:183} INFO - Processing /home/johnny/airflow/lib/python3.12/site-packages/airflow/example_dags/example_complex.py took 0.204 seconds
[2024-07-07T19:56:24.555-0300] {processor.py:161} INFO - Started process (PID=37046) to work on /home/johnny/airflow/lib/python3.12/site-packages/airflow/example_dags/example_complex.py
[2024-07-07T19:56:24.557-0300] {processor.py:830} INFO - Processing file /home/johnny/airflow/lib/python3.12/site-packages/airflow/example_dags/example_complex.py for tasks to queue
[2024-07-07T19:56:24.559-0300] {logging_mixin.py:188} INFO - [2024-07-07T19:56:24.558-0300] {dagbag.py:545} INFO - Filling up the DagBag from /home/johnny/airflow/lib/python3.12/site-packages/airflow/example_dags/example_complex.py
[2024-07-07T19:56:24.578-0300] {processor.py:840} INFO - DAG(s) 'example_complex' retrieved from /home/johnny/airflow/lib/python3.12/site-packages/airflow/example_dags/example_complex.py
[2024-07-07T19:56:24.617-0300] {logging_mixin.py:188} INFO - [2024-07-07T19:56:24.617-0300] {dag.py:3096} INFO - Sync 1 DAGs
[2024-07-07T19:56:24.633-0300] {logging_mixin.py:188} INFO - [2024-07-07T19:56:24.633-0300] {dag.py:3954} INFO - Setting next_dagrun for example_complex to None, run_after=None
[2024-07-07T19:56:24.670-0300] {processor.py:183} INFO - Processing /home/johnny/airflow/lib/python3.12/site-packages/airflow/example_dags/example_complex.py took 0.127 seconds
[2024-07-07T19:57:44.166-0300] {processor.py:161} INFO - Started process (PID=37271) to work on /home/johnny/airflow/lib/python3.12/site-packages/airflow/example_dags/example_complex.py
[2024-07-07T19:57:44.173-0300] {processor.py:830} INFO - Processing file /home/johnny/airflow/lib/python3.12/site-packages/airflow/example_dags/example_complex.py for tasks to queue
[2024-07-07T19:57:44.176-0300] {logging_mixin.py:188} INFO - [2024-07-07T19:57:44.175-0300] {dagbag.py:545} INFO - Filling up the DagBag from /home/johnny/airflow/lib/python3.12/site-packages/airflow/example_dags/example_complex.py
[2024-07-07T19:57:44.203-0300] {processor.py:840} INFO - DAG(s) 'example_complex' retrieved from /home/johnny/airflow/lib/python3.12/site-packages/airflow/example_dags/example_complex.py
[2024-07-07T19:57:44.250-0300] {logging_mixin.py:188} INFO - [2024-07-07T19:57:44.249-0300] {dag.py:3096} INFO - Sync 1 DAGs
[2024-07-07T19:57:44.266-0300] {logging_mixin.py:188} INFO - [2024-07-07T19:57:44.266-0300] {dag.py:3954} INFO - Setting next_dagrun for example_complex to None, run_after=None
[2024-07-07T19:57:44.310-0300] {processor.py:183} INFO - Processing /home/johnny/airflow/lib/python3.12/site-packages/airflow/example_dags/example_complex.py took 0.157 seconds
[2024-07-07T19:58:50.992-0300] {processor.py:161} INFO - Started process (PID=37457) to work on /home/johnny/airflow/lib/python3.12/site-packages/airflow/example_dags/example_complex.py
[2024-07-07T19:58:50.994-0300] {processor.py:830} INFO - Processing file /home/johnny/airflow/lib/python3.12/site-packages/airflow/example_dags/example_complex.py for tasks to queue
[2024-07-07T19:58:50.997-0300] {logging_mixin.py:188} INFO - [2024-07-07T19:58:50.996-0300] {dagbag.py:545} INFO - Filling up the DagBag from /home/johnny/airflow/lib/python3.12/site-packages/airflow/example_dags/example_complex.py
[2024-07-07T19:58:51.020-0300] {processor.py:840} INFO - DAG(s) 'example_complex' retrieved from /home/johnny/airflow/lib/python3.12/site-packages/airflow/example_dags/example_complex.py
[2024-07-07T19:58:51.089-0300] {logging_mixin.py:188} INFO - [2024-07-07T19:58:51.088-0300] {dag.py:3096} INFO - Sync 1 DAGs
[2024-07-07T19:58:51.114-0300] {logging_mixin.py:188} INFO - [2024-07-07T19:58:51.113-0300] {dag.py:3954} INFO - Setting next_dagrun for example_complex to None, run_after=None
[2024-07-07T19:58:51.166-0300] {processor.py:183} INFO - Processing /home/johnny/airflow/lib/python3.12/site-packages/airflow/example_dags/example_complex.py took 0.186 seconds
[2024-07-07T19:59:53.949-0300] {processor.py:161} INFO - Started process (PID=37634) to work on /home/johnny/airflow/lib/python3.12/site-packages/airflow/example_dags/example_complex.py
[2024-07-07T19:59:53.955-0300] {processor.py:830} INFO - Processing file /home/johnny/airflow/lib/python3.12/site-packages/airflow/example_dags/example_complex.py for tasks to queue
[2024-07-07T19:59:53.957-0300] {logging_mixin.py:188} INFO - [2024-07-07T19:59:53.956-0300] {dagbag.py:545} INFO - Filling up the DagBag from /home/johnny/airflow/lib/python3.12/site-packages/airflow/example_dags/example_complex.py
[2024-07-07T19:59:53.985-0300] {processor.py:840} INFO - DAG(s) 'example_complex' retrieved from /home/johnny/airflow/lib/python3.12/site-packages/airflow/example_dags/example_complex.py
[2024-07-07T19:59:54.059-0300] {logging_mixin.py:188} INFO - [2024-07-07T19:59:54.059-0300] {dag.py:3096} INFO - Sync 1 DAGs
[2024-07-07T19:59:54.078-0300] {logging_mixin.py:188} INFO - [2024-07-07T19:59:54.078-0300] {dag.py:3954} INFO - Setting next_dagrun for example_complex to None, run_after=None
[2024-07-07T19:59:54.123-0300] {processor.py:183} INFO - Processing /home/johnny/airflow/lib/python3.12/site-packages/airflow/example_dags/example_complex.py took 0.189 seconds
[2024-07-07T20:01:02.649-0300] {processor.py:161} INFO - Started process (PID=37833) to work on /home/johnny/airflow/lib/python3.12/site-packages/airflow/example_dags/example_complex.py
[2024-07-07T20:01:02.652-0300] {processor.py:830} INFO - Processing file /home/johnny/airflow/lib/python3.12/site-packages/airflow/example_dags/example_complex.py for tasks to queue
[2024-07-07T20:01:02.655-0300] {logging_mixin.py:188} INFO - [2024-07-07T20:01:02.653-0300] {dagbag.py:545} INFO - Filling up the DagBag from /home/johnny/airflow/lib/python3.12/site-packages/airflow/example_dags/example_complex.py
[2024-07-07T20:01:02.692-0300] {processor.py:840} INFO - DAG(s) 'example_complex' retrieved from /home/johnny/airflow/lib/python3.12/site-packages/airflow/example_dags/example_complex.py
[2024-07-07T20:01:02.786-0300] {logging_mixin.py:188} INFO - [2024-07-07T20:01:02.785-0300] {dag.py:3096} INFO - Sync 1 DAGs
[2024-07-07T20:01:02.845-0300] {logging_mixin.py:188} INFO - [2024-07-07T20:01:02.841-0300] {dag.py:3954} INFO - Setting next_dagrun for example_complex to None, run_after=None
[2024-07-07T20:01:02.933-0300] {processor.py:183} INFO - Processing /home/johnny/airflow/lib/python3.12/site-packages/airflow/example_dags/example_complex.py took 0.296 seconds
[2024-07-07T20:02:05.675-0300] {processor.py:161} INFO - Started process (PID=38006) to work on /home/johnny/airflow/lib/python3.12/site-packages/airflow/example_dags/example_complex.py
[2024-07-07T20:02:05.677-0300] {processor.py:830} INFO - Processing file /home/johnny/airflow/lib/python3.12/site-packages/airflow/example_dags/example_complex.py for tasks to queue
[2024-07-07T20:02:05.680-0300] {logging_mixin.py:188} INFO - [2024-07-07T20:02:05.679-0300] {dagbag.py:545} INFO - Filling up the DagBag from /home/johnny/airflow/lib/python3.12/site-packages/airflow/example_dags/example_complex.py
[2024-07-07T20:02:05.705-0300] {processor.py:840} INFO - DAG(s) 'example_complex' retrieved from /home/johnny/airflow/lib/python3.12/site-packages/airflow/example_dags/example_complex.py
[2024-07-07T20:02:05.753-0300] {logging_mixin.py:188} INFO - [2024-07-07T20:02:05.753-0300] {dag.py:3096} INFO - Sync 1 DAGs
[2024-07-07T20:02:05.771-0300] {logging_mixin.py:188} INFO - [2024-07-07T20:02:05.771-0300] {dag.py:3954} INFO - Setting next_dagrun for example_complex to None, run_after=None
[2024-07-07T20:02:05.802-0300] {processor.py:183} INFO - Processing /home/johnny/airflow/lib/python3.12/site-packages/airflow/example_dags/example_complex.py took 0.139 seconds
[2024-07-07T20:03:14.667-0300] {processor.py:161} INFO - Started process (PID=38191) to work on /home/johnny/airflow/lib/python3.12/site-packages/airflow/example_dags/example_complex.py
[2024-07-07T20:03:14.669-0300] {processor.py:830} INFO - Processing file /home/johnny/airflow/lib/python3.12/site-packages/airflow/example_dags/example_complex.py for tasks to queue
[2024-07-07T20:03:14.671-0300] {logging_mixin.py:188} INFO - [2024-07-07T20:03:14.671-0300] {dagbag.py:545} INFO - Filling up the DagBag from /home/johnny/airflow/lib/python3.12/site-packages/airflow/example_dags/example_complex.py
[2024-07-07T20:03:14.693-0300] {processor.py:840} INFO - DAG(s) 'example_complex' retrieved from /home/johnny/airflow/lib/python3.12/site-packages/airflow/example_dags/example_complex.py
[2024-07-07T20:03:14.750-0300] {logging_mixin.py:188} INFO - [2024-07-07T20:03:14.749-0300] {dag.py:3096} INFO - Sync 1 DAGs
[2024-07-07T20:03:14.776-0300] {logging_mixin.py:188} INFO - [2024-07-07T20:03:14.775-0300] {dag.py:3954} INFO - Setting next_dagrun for example_complex to None, run_after=None
[2024-07-07T20:03:14.817-0300] {processor.py:183} INFO - Processing /home/johnny/airflow/lib/python3.12/site-packages/airflow/example_dags/example_complex.py took 0.162 seconds
[2024-07-07T20:04:38.530-0300] {processor.py:161} INFO - Started process (PID=38426) to work on /home/johnny/airflow/lib/python3.12/site-packages/airflow/example_dags/example_complex.py
[2024-07-07T20:04:38.533-0300] {processor.py:830} INFO - Processing file /home/johnny/airflow/lib/python3.12/site-packages/airflow/example_dags/example_complex.py for tasks to queue
[2024-07-07T20:04:38.537-0300] {logging_mixin.py:188} INFO - [2024-07-07T20:04:38.536-0300] {dagbag.py:545} INFO - Filling up the DagBag from /home/johnny/airflow/lib/python3.12/site-packages/airflow/example_dags/example_complex.py
[2024-07-07T20:04:38.569-0300] {processor.py:840} INFO - DAG(s) 'example_complex' retrieved from /home/johnny/airflow/lib/python3.12/site-packages/airflow/example_dags/example_complex.py
[2024-07-07T20:04:38.653-0300] {logging_mixin.py:188} INFO - [2024-07-07T20:04:38.652-0300] {dag.py:3096} INFO - Sync 1 DAGs
[2024-07-07T20:04:38.698-0300] {logging_mixin.py:188} INFO - [2024-07-07T20:04:38.697-0300] {dag.py:3954} INFO - Setting next_dagrun for example_complex to None, run_after=None
[2024-07-07T20:04:38.758-0300] {processor.py:183} INFO - Processing /home/johnny/airflow/lib/python3.12/site-packages/airflow/example_dags/example_complex.py took 0.241 seconds
[2024-07-07T20:05:43.099-0300] {processor.py:161} INFO - Started process (PID=38608) to work on /home/johnny/airflow/lib/python3.12/site-packages/airflow/example_dags/example_complex.py
[2024-07-07T20:05:43.105-0300] {processor.py:830} INFO - Processing file /home/johnny/airflow/lib/python3.12/site-packages/airflow/example_dags/example_complex.py for tasks to queue
[2024-07-07T20:05:43.107-0300] {logging_mixin.py:188} INFO - [2024-07-07T20:05:43.106-0300] {dagbag.py:545} INFO - Filling up the DagBag from /home/johnny/airflow/lib/python3.12/site-packages/airflow/example_dags/example_complex.py
[2024-07-07T20:05:43.130-0300] {processor.py:840} INFO - DAG(s) 'example_complex' retrieved from /home/johnny/airflow/lib/python3.12/site-packages/airflow/example_dags/example_complex.py
[2024-07-07T20:05:43.182-0300] {logging_mixin.py:188} INFO - [2024-07-07T20:05:43.181-0300] {dag.py:3096} INFO - Sync 1 DAGs
[2024-07-07T20:05:43.213-0300] {logging_mixin.py:188} INFO - [2024-07-07T20:05:43.213-0300] {dag.py:3954} INFO - Setting next_dagrun for example_complex to None, run_after=None
[2024-07-07T20:05:43.256-0300] {processor.py:183} INFO - Processing /home/johnny/airflow/lib/python3.12/site-packages/airflow/example_dags/example_complex.py took 0.171 seconds
[2024-07-07T20:06:44.831-0300] {processor.py:161} INFO - Started process (PID=38772) to work on /home/johnny/airflow/lib/python3.12/site-packages/airflow/example_dags/example_complex.py
[2024-07-07T20:06:44.834-0300] {processor.py:830} INFO - Processing file /home/johnny/airflow/lib/python3.12/site-packages/airflow/example_dags/example_complex.py for tasks to queue
[2024-07-07T20:06:44.836-0300] {logging_mixin.py:188} INFO - [2024-07-07T20:06:44.835-0300] {dagbag.py:545} INFO - Filling up the DagBag from /home/johnny/airflow/lib/python3.12/site-packages/airflow/example_dags/example_complex.py
[2024-07-07T20:06:44.858-0300] {processor.py:840} INFO - DAG(s) 'example_complex' retrieved from /home/johnny/airflow/lib/python3.12/site-packages/airflow/example_dags/example_complex.py
[2024-07-07T20:06:44.915-0300] {logging_mixin.py:188} INFO - [2024-07-07T20:06:44.915-0300] {dag.py:3096} INFO - Sync 1 DAGs
[2024-07-07T20:06:44.972-0300] {logging_mixin.py:188} INFO - [2024-07-07T20:06:44.971-0300] {dag.py:3954} INFO - Setting next_dagrun for example_complex to None, run_after=None
[2024-07-07T20:06:45.028-0300] {processor.py:183} INFO - Processing /home/johnny/airflow/lib/python3.12/site-packages/airflow/example_dags/example_complex.py took 0.207 seconds
[2024-07-07T20:07:51.343-0300] {processor.py:161} INFO - Started process (PID=38954) to work on /home/johnny/airflow/lib/python3.12/site-packages/airflow/example_dags/example_complex.py
[2024-07-07T20:07:51.349-0300] {processor.py:830} INFO - Processing file /home/johnny/airflow/lib/python3.12/site-packages/airflow/example_dags/example_complex.py for tasks to queue
[2024-07-07T20:07:51.351-0300] {logging_mixin.py:188} INFO - [2024-07-07T20:07:51.351-0300] {dagbag.py:545} INFO - Filling up the DagBag from /home/johnny/airflow/lib/python3.12/site-packages/airflow/example_dags/example_complex.py
[2024-07-07T20:07:51.371-0300] {processor.py:840} INFO - DAG(s) 'example_complex' retrieved from /home/johnny/airflow/lib/python3.12/site-packages/airflow/example_dags/example_complex.py
[2024-07-07T20:07:51.415-0300] {logging_mixin.py:188} INFO - [2024-07-07T20:07:51.412-0300] {dag.py:3096} INFO - Sync 1 DAGs
[2024-07-07T20:07:51.447-0300] {logging_mixin.py:188} INFO - [2024-07-07T20:07:51.447-0300] {dag.py:3954} INFO - Setting next_dagrun for example_complex to None, run_after=None
[2024-07-07T20:07:51.483-0300] {processor.py:183} INFO - Processing /home/johnny/airflow/lib/python3.12/site-packages/airflow/example_dags/example_complex.py took 0.152 seconds
[2024-07-07T20:09:04.571-0300] {processor.py:161} INFO - Started process (PID=39158) to work on /home/johnny/airflow/lib/python3.12/site-packages/airflow/example_dags/example_complex.py
[2024-07-07T20:09:04.574-0300] {processor.py:830} INFO - Processing file /home/johnny/airflow/lib/python3.12/site-packages/airflow/example_dags/example_complex.py for tasks to queue
[2024-07-07T20:09:04.576-0300] {logging_mixin.py:188} INFO - [2024-07-07T20:09:04.576-0300] {dagbag.py:545} INFO - Filling up the DagBag from /home/johnny/airflow/lib/python3.12/site-packages/airflow/example_dags/example_complex.py
[2024-07-07T20:09:04.607-0300] {processor.py:840} INFO - DAG(s) 'example_complex' retrieved from /home/johnny/airflow/lib/python3.12/site-packages/airflow/example_dags/example_complex.py
[2024-07-07T20:09:04.656-0300] {logging_mixin.py:188} INFO - [2024-07-07T20:09:04.656-0300] {dag.py:3096} INFO - Sync 1 DAGs
[2024-07-07T20:09:04.674-0300] {logging_mixin.py:188} INFO - [2024-07-07T20:09:04.673-0300] {dag.py:3954} INFO - Setting next_dagrun for example_complex to None, run_after=None
[2024-07-07T20:09:04.711-0300] {processor.py:183} INFO - Processing /home/johnny/airflow/lib/python3.12/site-packages/airflow/example_dags/example_complex.py took 0.154 seconds
[2024-07-07T20:10:09.456-0300] {processor.py:161} INFO - Started process (PID=39338) to work on /home/johnny/airflow/lib/python3.12/site-packages/airflow/example_dags/example_complex.py
[2024-07-07T20:10:09.461-0300] {processor.py:830} INFO - Processing file /home/johnny/airflow/lib/python3.12/site-packages/airflow/example_dags/example_complex.py for tasks to queue
[2024-07-07T20:10:09.463-0300] {logging_mixin.py:188} INFO - [2024-07-07T20:10:09.463-0300] {dagbag.py:545} INFO - Filling up the DagBag from /home/johnny/airflow/lib/python3.12/site-packages/airflow/example_dags/example_complex.py
[2024-07-07T20:10:09.487-0300] {processor.py:840} INFO - DAG(s) 'example_complex' retrieved from /home/johnny/airflow/lib/python3.12/site-packages/airflow/example_dags/example_complex.py
[2024-07-07T20:10:09.531-0300] {logging_mixin.py:188} INFO - [2024-07-07T20:10:09.530-0300] {dag.py:3096} INFO - Sync 1 DAGs
[2024-07-07T20:10:09.548-0300] {logging_mixin.py:188} INFO - [2024-07-07T20:10:09.548-0300] {dag.py:3954} INFO - Setting next_dagrun for example_complex to None, run_after=None
[2024-07-07T20:10:09.579-0300] {processor.py:183} INFO - Processing /home/johnny/airflow/lib/python3.12/site-packages/airflow/example_dags/example_complex.py took 0.135 seconds
[2024-07-07T20:11:14.254-0300] {processor.py:161} INFO - Started process (PID=39519) to work on /home/johnny/airflow/lib/python3.12/site-packages/airflow/example_dags/example_complex.py
[2024-07-07T20:11:14.259-0300] {processor.py:830} INFO - Processing file /home/johnny/airflow/lib/python3.12/site-packages/airflow/example_dags/example_complex.py for tasks to queue
[2024-07-07T20:11:14.261-0300] {logging_mixin.py:188} INFO - [2024-07-07T20:11:14.260-0300] {dagbag.py:545} INFO - Filling up the DagBag from /home/johnny/airflow/lib/python3.12/site-packages/airflow/example_dags/example_complex.py
[2024-07-07T20:11:14.283-0300] {processor.py:840} INFO - DAG(s) 'example_complex' retrieved from /home/johnny/airflow/lib/python3.12/site-packages/airflow/example_dags/example_complex.py
[2024-07-07T20:11:14.335-0300] {logging_mixin.py:188} INFO - [2024-07-07T20:11:14.335-0300] {dag.py:3096} INFO - Sync 1 DAGs
[2024-07-07T20:11:14.356-0300] {logging_mixin.py:188} INFO - [2024-07-07T20:11:14.355-0300] {dag.py:3954} INFO - Setting next_dagrun for example_complex to None, run_after=None
[2024-07-07T20:11:14.385-0300] {processor.py:183} INFO - Processing /home/johnny/airflow/lib/python3.12/site-packages/airflow/example_dags/example_complex.py took 0.143 seconds
[2024-07-07T20:12:16.691-0300] {processor.py:161} INFO - Started process (PID=39681) to work on /home/johnny/airflow/lib/python3.12/site-packages/airflow/example_dags/example_complex.py
[2024-07-07T20:12:16.697-0300] {processor.py:830} INFO - Processing file /home/johnny/airflow/lib/python3.12/site-packages/airflow/example_dags/example_complex.py for tasks to queue
[2024-07-07T20:12:16.700-0300] {logging_mixin.py:188} INFO - [2024-07-07T20:12:16.699-0300] {dagbag.py:545} INFO - Filling up the DagBag from /home/johnny/airflow/lib/python3.12/site-packages/airflow/example_dags/example_complex.py
[2024-07-07T20:12:16.725-0300] {processor.py:840} INFO - DAG(s) 'example_complex' retrieved from /home/johnny/airflow/lib/python3.12/site-packages/airflow/example_dags/example_complex.py
[2024-07-07T20:12:16.777-0300] {logging_mixin.py:188} INFO - [2024-07-07T20:12:16.776-0300] {dag.py:3096} INFO - Sync 1 DAGs
[2024-07-07T20:12:16.794-0300] {logging_mixin.py:188} INFO - [2024-07-07T20:12:16.794-0300] {dag.py:3954} INFO - Setting next_dagrun for example_complex to None, run_after=None
[2024-07-07T20:12:16.839-0300] {processor.py:183} INFO - Processing /home/johnny/airflow/lib/python3.12/site-packages/airflow/example_dags/example_complex.py took 0.162 seconds
[2024-07-07T20:13:19.187-0300] {processor.py:161} INFO - Started process (PID=39860) to work on /home/johnny/airflow/lib/python3.12/site-packages/airflow/example_dags/example_complex.py
[2024-07-07T20:13:19.190-0300] {processor.py:830} INFO - Processing file /home/johnny/airflow/lib/python3.12/site-packages/airflow/example_dags/example_complex.py for tasks to queue
[2024-07-07T20:13:19.192-0300] {logging_mixin.py:188} INFO - [2024-07-07T20:13:19.191-0300] {dagbag.py:545} INFO - Filling up the DagBag from /home/johnny/airflow/lib/python3.12/site-packages/airflow/example_dags/example_complex.py
[2024-07-07T20:13:19.216-0300] {processor.py:840} INFO - DAG(s) 'example_complex' retrieved from /home/johnny/airflow/lib/python3.12/site-packages/airflow/example_dags/example_complex.py
[2024-07-07T20:13:19.273-0300] {logging_mixin.py:188} INFO - [2024-07-07T20:13:19.272-0300] {dag.py:3096} INFO - Sync 1 DAGs
[2024-07-07T20:13:19.305-0300] {logging_mixin.py:188} INFO - [2024-07-07T20:13:19.304-0300] {dag.py:3954} INFO - Setting next_dagrun for example_complex to None, run_after=None
[2024-07-07T20:13:19.356-0300] {processor.py:183} INFO - Processing /home/johnny/airflow/lib/python3.12/site-packages/airflow/example_dags/example_complex.py took 0.181 seconds
[2024-07-07T20:14:23.232-0300] {processor.py:161} INFO - Started process (PID=40030) to work on /home/johnny/airflow/lib/python3.12/site-packages/airflow/example_dags/example_complex.py
[2024-07-07T20:14:23.237-0300] {processor.py:830} INFO - Processing file /home/johnny/airflow/lib/python3.12/site-packages/airflow/example_dags/example_complex.py for tasks to queue
[2024-07-07T20:14:23.239-0300] {logging_mixin.py:188} INFO - [2024-07-07T20:14:23.238-0300] {dagbag.py:545} INFO - Filling up the DagBag from /home/johnny/airflow/lib/python3.12/site-packages/airflow/example_dags/example_complex.py
[2024-07-07T20:14:23.261-0300] {processor.py:840} INFO - DAG(s) 'example_complex' retrieved from /home/johnny/airflow/lib/python3.12/site-packages/airflow/example_dags/example_complex.py
[2024-07-07T20:14:23.308-0300] {logging_mixin.py:188} INFO - [2024-07-07T20:14:23.307-0300] {dag.py:3096} INFO - Sync 1 DAGs
[2024-07-07T20:14:23.325-0300] {logging_mixin.py:188} INFO - [2024-07-07T20:14:23.325-0300] {dag.py:3954} INFO - Setting next_dagrun for example_complex to None, run_after=None
[2024-07-07T20:14:23.365-0300] {processor.py:183} INFO - Processing /home/johnny/airflow/lib/python3.12/site-packages/airflow/example_dags/example_complex.py took 0.144 seconds
[2024-07-07T20:15:23.226-0300] {processor.py:161} INFO - Started process (PID=40193) to work on /home/johnny/airflow/lib/python3.12/site-packages/airflow/example_dags/example_complex.py
[2024-07-07T20:15:23.228-0300] {processor.py:830} INFO - Processing file /home/johnny/airflow/lib/python3.12/site-packages/airflow/example_dags/example_complex.py for tasks to queue
[2024-07-07T20:15:23.230-0300] {logging_mixin.py:188} INFO - [2024-07-07T20:15:23.229-0300] {dagbag.py:545} INFO - Filling up the DagBag from /home/johnny/airflow/lib/python3.12/site-packages/airflow/example_dags/example_complex.py
[2024-07-07T20:15:23.252-0300] {processor.py:840} INFO - DAG(s) 'example_complex' retrieved from /home/johnny/airflow/lib/python3.12/site-packages/airflow/example_dags/example_complex.py
[2024-07-07T20:15:23.302-0300] {logging_mixin.py:188} INFO - [2024-07-07T20:15:23.302-0300] {dag.py:3096} INFO - Sync 1 DAGs
[2024-07-07T20:15:23.333-0300] {logging_mixin.py:188} INFO - [2024-07-07T20:15:23.332-0300] {dag.py:3954} INFO - Setting next_dagrun for example_complex to None, run_after=None
[2024-07-07T20:15:23.379-0300] {processor.py:183} INFO - Processing /home/johnny/airflow/lib/python3.12/site-packages/airflow/example_dags/example_complex.py took 0.165 seconds
[2024-07-07T20:16:26.186-0300] {processor.py:161} INFO - Started process (PID=40382) to work on /home/johnny/airflow/lib/python3.12/site-packages/airflow/example_dags/example_complex.py
[2024-07-07T20:16:26.192-0300] {processor.py:830} INFO - Processing file /home/johnny/airflow/lib/python3.12/site-packages/airflow/example_dags/example_complex.py for tasks to queue
[2024-07-07T20:16:26.194-0300] {logging_mixin.py:188} INFO - [2024-07-07T20:16:26.193-0300] {dagbag.py:545} INFO - Filling up the DagBag from /home/johnny/airflow/lib/python3.12/site-packages/airflow/example_dags/example_complex.py
[2024-07-07T20:16:26.222-0300] {processor.py:840} INFO - DAG(s) 'example_complex' retrieved from /home/johnny/airflow/lib/python3.12/site-packages/airflow/example_dags/example_complex.py
[2024-07-07T20:16:26.271-0300] {logging_mixin.py:188} INFO - [2024-07-07T20:16:26.270-0300] {dag.py:3096} INFO - Sync 1 DAGs
[2024-07-07T20:16:26.288-0300] {logging_mixin.py:188} INFO - [2024-07-07T20:16:26.288-0300] {dag.py:3954} INFO - Setting next_dagrun for example_complex to None, run_after=None
[2024-07-07T20:16:26.317-0300] {processor.py:183} INFO - Processing /home/johnny/airflow/lib/python3.12/site-packages/airflow/example_dags/example_complex.py took 0.143 seconds
[2024-07-07T20:17:29.348-0300] {processor.py:161} INFO - Started process (PID=40554) to work on /home/johnny/airflow/lib/python3.12/site-packages/airflow/example_dags/example_complex.py
[2024-07-07T20:17:29.351-0300] {processor.py:830} INFO - Processing file /home/johnny/airflow/lib/python3.12/site-packages/airflow/example_dags/example_complex.py for tasks to queue
[2024-07-07T20:17:29.353-0300] {logging_mixin.py:188} INFO - [2024-07-07T20:17:29.352-0300] {dagbag.py:545} INFO - Filling up the DagBag from /home/johnny/airflow/lib/python3.12/site-packages/airflow/example_dags/example_complex.py
[2024-07-07T20:17:29.375-0300] {processor.py:840} INFO - DAG(s) 'example_complex' retrieved from /home/johnny/airflow/lib/python3.12/site-packages/airflow/example_dags/example_complex.py
[2024-07-07T20:17:29.424-0300] {logging_mixin.py:188} INFO - [2024-07-07T20:17:29.423-0300] {dag.py:3096} INFO - Sync 1 DAGs
[2024-07-07T20:17:29.444-0300] {logging_mixin.py:188} INFO - [2024-07-07T20:17:29.443-0300] {dag.py:3954} INFO - Setting next_dagrun for example_complex to None, run_after=None
[2024-07-07T20:17:29.476-0300] {processor.py:183} INFO - Processing /home/johnny/airflow/lib/python3.12/site-packages/airflow/example_dags/example_complex.py took 0.139 seconds
[2024-07-07T20:18:32.271-0300] {processor.py:161} INFO - Started process (PID=40724) to work on /home/johnny/airflow/lib/python3.12/site-packages/airflow/example_dags/example_complex.py
[2024-07-07T20:18:32.274-0300] {processor.py:830} INFO - Processing file /home/johnny/airflow/lib/python3.12/site-packages/airflow/example_dags/example_complex.py for tasks to queue
[2024-07-07T20:18:32.277-0300] {logging_mixin.py:188} INFO - [2024-07-07T20:18:32.276-0300] {dagbag.py:545} INFO - Filling up the DagBag from /home/johnny/airflow/lib/python3.12/site-packages/airflow/example_dags/example_complex.py
[2024-07-07T20:18:32.304-0300] {processor.py:840} INFO - DAG(s) 'example_complex' retrieved from /home/johnny/airflow/lib/python3.12/site-packages/airflow/example_dags/example_complex.py
[2024-07-07T20:18:32.352-0300] {logging_mixin.py:188} INFO - [2024-07-07T20:18:32.351-0300] {dag.py:3096} INFO - Sync 1 DAGs
[2024-07-07T20:18:32.371-0300] {logging_mixin.py:188} INFO - [2024-07-07T20:18:32.370-0300] {dag.py:3954} INFO - Setting next_dagrun for example_complex to None, run_after=None
[2024-07-07T20:18:32.408-0300] {processor.py:183} INFO - Processing /home/johnny/airflow/lib/python3.12/site-packages/airflow/example_dags/example_complex.py took 0.152 seconds
[2024-07-07T20:19:35.741-0300] {processor.py:161} INFO - Started process (PID=40900) to work on /home/johnny/airflow/lib/python3.12/site-packages/airflow/example_dags/example_complex.py
[2024-07-07T20:19:35.744-0300] {processor.py:830} INFO - Processing file /home/johnny/airflow/lib/python3.12/site-packages/airflow/example_dags/example_complex.py for tasks to queue
[2024-07-07T20:19:35.746-0300] {logging_mixin.py:188} INFO - [2024-07-07T20:19:35.745-0300] {dagbag.py:545} INFO - Filling up the DagBag from /home/johnny/airflow/lib/python3.12/site-packages/airflow/example_dags/example_complex.py
[2024-07-07T20:19:35.768-0300] {processor.py:840} INFO - DAG(s) 'example_complex' retrieved from /home/johnny/airflow/lib/python3.12/site-packages/airflow/example_dags/example_complex.py
[2024-07-07T20:19:35.813-0300] {logging_mixin.py:188} INFO - [2024-07-07T20:19:35.812-0300] {dag.py:3096} INFO - Sync 1 DAGs
[2024-07-07T20:19:35.831-0300] {logging_mixin.py:188} INFO - [2024-07-07T20:19:35.831-0300] {dag.py:3954} INFO - Setting next_dagrun for example_complex to None, run_after=None
[2024-07-07T20:19:35.881-0300] {processor.py:183} INFO - Processing /home/johnny/airflow/lib/python3.12/site-packages/airflow/example_dags/example_complex.py took 0.152 seconds
[2024-07-07T20:20:37.518-0300] {processor.py:161} INFO - Started process (PID=41072) to work on /home/johnny/airflow/lib/python3.12/site-packages/airflow/example_dags/example_complex.py
[2024-07-07T20:20:37.521-0300] {processor.py:830} INFO - Processing file /home/johnny/airflow/lib/python3.12/site-packages/airflow/example_dags/example_complex.py for tasks to queue
[2024-07-07T20:20:37.523-0300] {logging_mixin.py:188} INFO - [2024-07-07T20:20:37.522-0300] {dagbag.py:545} INFO - Filling up the DagBag from /home/johnny/airflow/lib/python3.12/site-packages/airflow/example_dags/example_complex.py
[2024-07-07T20:20:37.550-0300] {processor.py:840} INFO - DAG(s) 'example_complex' retrieved from /home/johnny/airflow/lib/python3.12/site-packages/airflow/example_dags/example_complex.py
[2024-07-07T20:20:37.623-0300] {logging_mixin.py:188} INFO - [2024-07-07T20:20:37.622-0300] {dag.py:3096} INFO - Sync 1 DAGs
[2024-07-07T20:20:37.653-0300] {logging_mixin.py:188} INFO - [2024-07-07T20:20:37.653-0300] {dag.py:3954} INFO - Setting next_dagrun for example_complex to None, run_after=None
[2024-07-07T20:20:37.706-0300] {processor.py:183} INFO - Processing /home/johnny/airflow/lib/python3.12/site-packages/airflow/example_dags/example_complex.py took 0.199 seconds
[2024-07-07T20:21:41.106-0300] {processor.py:161} INFO - Started process (PID=41241) to work on /home/johnny/airflow/lib/python3.12/site-packages/airflow/example_dags/example_complex.py
[2024-07-07T20:21:41.108-0300] {processor.py:830} INFO - Processing file /home/johnny/airflow/lib/python3.12/site-packages/airflow/example_dags/example_complex.py for tasks to queue
[2024-07-07T20:21:41.111-0300] {logging_mixin.py:188} INFO - [2024-07-07T20:21:41.110-0300] {dagbag.py:545} INFO - Filling up the DagBag from /home/johnny/airflow/lib/python3.12/site-packages/airflow/example_dags/example_complex.py
[2024-07-07T20:21:41.135-0300] {processor.py:840} INFO - DAG(s) 'example_complex' retrieved from /home/johnny/airflow/lib/python3.12/site-packages/airflow/example_dags/example_complex.py
[2024-07-07T20:21:41.195-0300] {logging_mixin.py:188} INFO - [2024-07-07T20:21:41.194-0300] {dag.py:3096} INFO - Sync 1 DAGs
[2024-07-07T20:21:41.219-0300] {logging_mixin.py:188} INFO - [2024-07-07T20:21:41.218-0300] {dag.py:3954} INFO - Setting next_dagrun for example_complex to None, run_after=None
[2024-07-07T20:21:41.264-0300] {processor.py:183} INFO - Processing /home/johnny/airflow/lib/python3.12/site-packages/airflow/example_dags/example_complex.py took 0.169 seconds
[2024-07-07T20:22:47.627-0300] {processor.py:161} INFO - Started process (PID=41420) to work on /home/johnny/airflow/lib/python3.12/site-packages/airflow/example_dags/example_complex.py
[2024-07-07T20:22:47.630-0300] {processor.py:830} INFO - Processing file /home/johnny/airflow/lib/python3.12/site-packages/airflow/example_dags/example_complex.py for tasks to queue
[2024-07-07T20:22:47.633-0300] {logging_mixin.py:188} INFO - [2024-07-07T20:22:47.632-0300] {dagbag.py:545} INFO - Filling up the DagBag from /home/johnny/airflow/lib/python3.12/site-packages/airflow/example_dags/example_complex.py
[2024-07-07T20:22:47.661-0300] {processor.py:840} INFO - DAG(s) 'example_complex' retrieved from /home/johnny/airflow/lib/python3.12/site-packages/airflow/example_dags/example_complex.py
[2024-07-07T20:22:47.744-0300] {logging_mixin.py:188} INFO - [2024-07-07T20:22:47.743-0300] {dag.py:3096} INFO - Sync 1 DAGs
[2024-07-07T20:22:47.768-0300] {logging_mixin.py:188} INFO - [2024-07-07T20:22:47.767-0300] {dag.py:3954} INFO - Setting next_dagrun for example_complex to None, run_after=None
[2024-07-07T20:22:47.814-0300] {processor.py:183} INFO - Processing /home/johnny/airflow/lib/python3.12/site-packages/airflow/example_dags/example_complex.py took 0.201 seconds
[2024-07-07T20:23:49.210-0300] {processor.py:161} INFO - Started process (PID=41590) to work on /home/johnny/airflow/lib/python3.12/site-packages/airflow/example_dags/example_complex.py
[2024-07-07T20:23:49.216-0300] {processor.py:830} INFO - Processing file /home/johnny/airflow/lib/python3.12/site-packages/airflow/example_dags/example_complex.py for tasks to queue
[2024-07-07T20:23:49.218-0300] {logging_mixin.py:188} INFO - [2024-07-07T20:23:49.217-0300] {dagbag.py:545} INFO - Filling up the DagBag from /home/johnny/airflow/lib/python3.12/site-packages/airflow/example_dags/example_complex.py
[2024-07-07T20:23:49.240-0300] {processor.py:840} INFO - DAG(s) 'example_complex' retrieved from /home/johnny/airflow/lib/python3.12/site-packages/airflow/example_dags/example_complex.py
[2024-07-07T20:23:49.289-0300] {logging_mixin.py:188} INFO - [2024-07-07T20:23:49.289-0300] {dag.py:3096} INFO - Sync 1 DAGs
[2024-07-07T20:23:49.310-0300] {logging_mixin.py:188} INFO - [2024-07-07T20:23:49.310-0300] {dag.py:3954} INFO - Setting next_dagrun for example_complex to None, run_after=None
[2024-07-07T20:23:49.356-0300] {processor.py:183} INFO - Processing /home/johnny/airflow/lib/python3.12/site-packages/airflow/example_dags/example_complex.py took 0.156 seconds
[2024-07-07T20:24:50.758-0300] {processor.py:161} INFO - Started process (PID=41751) to work on /home/johnny/airflow/lib/python3.12/site-packages/airflow/example_dags/example_complex.py
[2024-07-07T20:24:50.764-0300] {processor.py:830} INFO - Processing file /home/johnny/airflow/lib/python3.12/site-packages/airflow/example_dags/example_complex.py for tasks to queue
[2024-07-07T20:24:50.766-0300] {logging_mixin.py:188} INFO - [2024-07-07T20:24:50.765-0300] {dagbag.py:545} INFO - Filling up the DagBag from /home/johnny/airflow/lib/python3.12/site-packages/airflow/example_dags/example_complex.py
[2024-07-07T20:24:50.788-0300] {processor.py:840} INFO - DAG(s) 'example_complex' retrieved from /home/johnny/airflow/lib/python3.12/site-packages/airflow/example_dags/example_complex.py
[2024-07-07T20:24:50.831-0300] {logging_mixin.py:188} INFO - [2024-07-07T20:24:50.831-0300] {dag.py:3096} INFO - Sync 1 DAGs
[2024-07-07T20:24:50.848-0300] {logging_mixin.py:188} INFO - [2024-07-07T20:24:50.847-0300] {dag.py:3954} INFO - Setting next_dagrun for example_complex to None, run_after=None
[2024-07-07T20:24:50.878-0300] {processor.py:183} INFO - Processing /home/johnny/airflow/lib/python3.12/site-packages/airflow/example_dags/example_complex.py took 0.132 seconds
[2024-07-07T20:25:49.438-0300] {processor.py:161} INFO - Started process (PID=41912) to work on /home/johnny/airflow/lib/python3.12/site-packages/airflow/example_dags/example_complex.py
[2024-07-07T20:25:49.440-0300] {processor.py:830} INFO - Processing file /home/johnny/airflow/lib/python3.12/site-packages/airflow/example_dags/example_complex.py for tasks to queue
[2024-07-07T20:25:49.442-0300] {logging_mixin.py:188} INFO - [2024-07-07T20:25:49.441-0300] {dagbag.py:545} INFO - Filling up the DagBag from /home/johnny/airflow/lib/python3.12/site-packages/airflow/example_dags/example_complex.py
[2024-07-07T20:25:49.472-0300] {processor.py:840} INFO - DAG(s) 'example_complex' retrieved from /home/johnny/airflow/lib/python3.12/site-packages/airflow/example_dags/example_complex.py
[2024-07-07T20:25:49.546-0300] {logging_mixin.py:188} INFO - [2024-07-07T20:25:49.545-0300] {dag.py:3096} INFO - Sync 1 DAGs
[2024-07-07T20:25:49.577-0300] {logging_mixin.py:188} INFO - [2024-07-07T20:25:49.576-0300] {dag.py:3954} INFO - Setting next_dagrun for example_complex to None, run_after=None
[2024-07-07T20:25:49.623-0300] {processor.py:183} INFO - Processing /home/johnny/airflow/lib/python3.12/site-packages/airflow/example_dags/example_complex.py took 0.197 seconds
[2024-07-07T20:26:50.220-0300] {processor.py:161} INFO - Started process (PID=42075) to work on /home/johnny/airflow/lib/python3.12/site-packages/airflow/example_dags/example_complex.py
[2024-07-07T20:26:50.223-0300] {processor.py:830} INFO - Processing file /home/johnny/airflow/lib/python3.12/site-packages/airflow/example_dags/example_complex.py for tasks to queue
[2024-07-07T20:26:50.225-0300] {logging_mixin.py:188} INFO - [2024-07-07T20:26:50.224-0300] {dagbag.py:545} INFO - Filling up the DagBag from /home/johnny/airflow/lib/python3.12/site-packages/airflow/example_dags/example_complex.py
[2024-07-07T20:26:50.247-0300] {processor.py:840} INFO - DAG(s) 'example_complex' retrieved from /home/johnny/airflow/lib/python3.12/site-packages/airflow/example_dags/example_complex.py
[2024-07-07T20:26:50.290-0300] {logging_mixin.py:188} INFO - [2024-07-07T20:26:50.289-0300] {dag.py:3096} INFO - Sync 1 DAGs
[2024-07-07T20:26:50.306-0300] {logging_mixin.py:188} INFO - [2024-07-07T20:26:50.306-0300] {dag.py:3954} INFO - Setting next_dagrun for example_complex to None, run_after=None
[2024-07-07T20:26:50.351-0300] {processor.py:183} INFO - Processing /home/johnny/airflow/lib/python3.12/site-packages/airflow/example_dags/example_complex.py took 0.142 seconds
[2024-07-07T20:28:02.433-0300] {processor.py:161} INFO - Started process (PID=42273) to work on /home/johnny/airflow/lib/python3.12/site-packages/airflow/example_dags/example_complex.py
[2024-07-07T20:28:02.436-0300] {processor.py:830} INFO - Processing file /home/johnny/airflow/lib/python3.12/site-packages/airflow/example_dags/example_complex.py for tasks to queue
[2024-07-07T20:28:02.438-0300] {logging_mixin.py:188} INFO - [2024-07-07T20:28:02.437-0300] {dagbag.py:545} INFO - Filling up the DagBag from /home/johnny/airflow/lib/python3.12/site-packages/airflow/example_dags/example_complex.py
[2024-07-07T20:28:02.462-0300] {processor.py:840} INFO - DAG(s) 'example_complex' retrieved from /home/johnny/airflow/lib/python3.12/site-packages/airflow/example_dags/example_complex.py
[2024-07-07T20:28:02.514-0300] {logging_mixin.py:188} INFO - [2024-07-07T20:28:02.513-0300] {dag.py:3096} INFO - Sync 1 DAGs
[2024-07-07T20:28:02.543-0300] {logging_mixin.py:188} INFO - [2024-07-07T20:28:02.542-0300] {dag.py:3954} INFO - Setting next_dagrun for example_complex to None, run_after=None
[2024-07-07T20:28:02.589-0300] {processor.py:183} INFO - Processing /home/johnny/airflow/lib/python3.12/site-packages/airflow/example_dags/example_complex.py took 0.167 seconds
[2024-07-07T20:29:12.255-0300] {processor.py:161} INFO - Started process (PID=42470) to work on /home/johnny/airflow/lib/python3.12/site-packages/airflow/example_dags/example_complex.py
[2024-07-07T20:29:12.257-0300] {processor.py:830} INFO - Processing file /home/johnny/airflow/lib/python3.12/site-packages/airflow/example_dags/example_complex.py for tasks to queue
[2024-07-07T20:29:12.259-0300] {logging_mixin.py:188} INFO - [2024-07-07T20:29:12.259-0300] {dagbag.py:545} INFO - Filling up the DagBag from /home/johnny/airflow/lib/python3.12/site-packages/airflow/example_dags/example_complex.py
[2024-07-07T20:29:12.281-0300] {processor.py:840} INFO - DAG(s) 'example_complex' retrieved from /home/johnny/airflow/lib/python3.12/site-packages/airflow/example_dags/example_complex.py
[2024-07-07T20:29:12.336-0300] {logging_mixin.py:188} INFO - [2024-07-07T20:29:12.336-0300] {dag.py:3096} INFO - Sync 1 DAGs
[2024-07-07T20:29:12.362-0300] {logging_mixin.py:188} INFO - [2024-07-07T20:29:12.361-0300] {dag.py:3954} INFO - Setting next_dagrun for example_complex to None, run_after=None
[2024-07-07T20:29:12.403-0300] {processor.py:183} INFO - Processing /home/johnny/airflow/lib/python3.12/site-packages/airflow/example_dags/example_complex.py took 0.159 seconds
[2024-07-07T20:30:17.144-0300] {processor.py:161} INFO - Started process (PID=42643) to work on /home/johnny/airflow/lib/python3.12/site-packages/airflow/example_dags/example_complex.py
[2024-07-07T20:30:17.149-0300] {processor.py:830} INFO - Processing file /home/johnny/airflow/lib/python3.12/site-packages/airflow/example_dags/example_complex.py for tasks to queue
[2024-07-07T20:30:17.152-0300] {logging_mixin.py:188} INFO - [2024-07-07T20:30:17.151-0300] {dagbag.py:545} INFO - Filling up the DagBag from /home/johnny/airflow/lib/python3.12/site-packages/airflow/example_dags/example_complex.py
[2024-07-07T20:30:17.174-0300] {processor.py:840} INFO - DAG(s) 'example_complex' retrieved from /home/johnny/airflow/lib/python3.12/site-packages/airflow/example_dags/example_complex.py
[2024-07-07T20:30:17.222-0300] {logging_mixin.py:188} INFO - [2024-07-07T20:30:17.221-0300] {dag.py:3096} INFO - Sync 1 DAGs
[2024-07-07T20:30:17.253-0300] {logging_mixin.py:188} INFO - [2024-07-07T20:30:17.253-0300] {dag.py:3954} INFO - Setting next_dagrun for example_complex to None, run_after=None
[2024-07-07T20:30:17.305-0300] {processor.py:183} INFO - Processing /home/johnny/airflow/lib/python3.12/site-packages/airflow/example_dags/example_complex.py took 0.172 seconds
[2024-07-07T20:31:17.217-0300] {processor.py:161} INFO - Started process (PID=42805) to work on /home/johnny/airflow/lib/python3.12/site-packages/airflow/example_dags/example_complex.py
[2024-07-07T20:31:17.219-0300] {processor.py:830} INFO - Processing file /home/johnny/airflow/lib/python3.12/site-packages/airflow/example_dags/example_complex.py for tasks to queue
[2024-07-07T20:31:17.221-0300] {logging_mixin.py:188} INFO - [2024-07-07T20:31:17.220-0300] {dagbag.py:545} INFO - Filling up the DagBag from /home/johnny/airflow/lib/python3.12/site-packages/airflow/example_dags/example_complex.py
[2024-07-07T20:31:17.243-0300] {processor.py:840} INFO - DAG(s) 'example_complex' retrieved from /home/johnny/airflow/lib/python3.12/site-packages/airflow/example_dags/example_complex.py
[2024-07-07T20:31:17.293-0300] {logging_mixin.py:188} INFO - [2024-07-07T20:31:17.293-0300] {dag.py:3096} INFO - Sync 1 DAGs
[2024-07-07T20:31:17.314-0300] {logging_mixin.py:188} INFO - [2024-07-07T20:31:17.313-0300] {dag.py:3954} INFO - Setting next_dagrun for example_complex to None, run_after=None
[2024-07-07T20:31:17.353-0300] {processor.py:183} INFO - Processing /home/johnny/airflow/lib/python3.12/site-packages/airflow/example_dags/example_complex.py took 0.148 seconds
[2024-07-07T20:32:19.155-0300] {processor.py:161} INFO - Started process (PID=42976) to work on /home/johnny/airflow/lib/python3.12/site-packages/airflow/example_dags/example_complex.py
[2024-07-07T20:32:19.157-0300] {processor.py:830} INFO - Processing file /home/johnny/airflow/lib/python3.12/site-packages/airflow/example_dags/example_complex.py for tasks to queue
[2024-07-07T20:32:19.159-0300] {logging_mixin.py:188} INFO - [2024-07-07T20:32:19.158-0300] {dagbag.py:545} INFO - Filling up the DagBag from /home/johnny/airflow/lib/python3.12/site-packages/airflow/example_dags/example_complex.py
[2024-07-07T20:32:19.181-0300] {processor.py:840} INFO - DAG(s) 'example_complex' retrieved from /home/johnny/airflow/lib/python3.12/site-packages/airflow/example_dags/example_complex.py
[2024-07-07T20:32:19.227-0300] {logging_mixin.py:188} INFO - [2024-07-07T20:32:19.226-0300] {dag.py:3096} INFO - Sync 1 DAGs
[2024-07-07T20:32:19.243-0300] {logging_mixin.py:188} INFO - [2024-07-07T20:32:19.243-0300] {dag.py:3954} INFO - Setting next_dagrun for example_complex to None, run_after=None
[2024-07-07T20:32:19.276-0300] {processor.py:183} INFO - Processing /home/johnny/airflow/lib/python3.12/site-packages/airflow/example_dags/example_complex.py took 0.132 seconds
[2024-07-07T20:33:57.293-0300] {processor.py:161} INFO - Started process (PID=43268) to work on /home/johnny/airflow/lib/python3.12/site-packages/airflow/example_dags/example_complex.py
[2024-07-07T20:33:57.296-0300] {processor.py:830} INFO - Processing file /home/johnny/airflow/lib/python3.12/site-packages/airflow/example_dags/example_complex.py for tasks to queue
[2024-07-07T20:33:57.298-0300] {logging_mixin.py:188} INFO - [2024-07-07T20:33:57.297-0300] {dagbag.py:545} INFO - Filling up the DagBag from /home/johnny/airflow/lib/python3.12/site-packages/airflow/example_dags/example_complex.py
[2024-07-07T20:33:57.320-0300] {processor.py:840} INFO - DAG(s) 'example_complex' retrieved from /home/johnny/airflow/lib/python3.12/site-packages/airflow/example_dags/example_complex.py
[2024-07-07T20:33:57.365-0300] {logging_mixin.py:188} INFO - [2024-07-07T20:33:57.364-0300] {dag.py:3096} INFO - Sync 1 DAGs
[2024-07-07T20:33:57.383-0300] {logging_mixin.py:188} INFO - [2024-07-07T20:33:57.382-0300] {dag.py:3954} INFO - Setting next_dagrun for example_complex to None, run_after=None
[2024-07-07T20:33:57.414-0300] {processor.py:183} INFO - Processing /home/johnny/airflow/lib/python3.12/site-packages/airflow/example_dags/example_complex.py took 0.132 seconds
[2024-07-07T20:34:59.910-0300] {processor.py:161} INFO - Started process (PID=43440) to work on /home/johnny/airflow/lib/python3.12/site-packages/airflow/example_dags/example_complex.py
[2024-07-07T20:34:59.913-0300] {processor.py:830} INFO - Processing file /home/johnny/airflow/lib/python3.12/site-packages/airflow/example_dags/example_complex.py for tasks to queue
[2024-07-07T20:34:59.916-0300] {logging_mixin.py:188} INFO - [2024-07-07T20:34:59.915-0300] {dagbag.py:545} INFO - Filling up the DagBag from /home/johnny/airflow/lib/python3.12/site-packages/airflow/example_dags/example_complex.py
[2024-07-07T20:34:59.938-0300] {processor.py:840} INFO - DAG(s) 'example_complex' retrieved from /home/johnny/airflow/lib/python3.12/site-packages/airflow/example_dags/example_complex.py
[2024-07-07T20:34:59.987-0300] {logging_mixin.py:188} INFO - [2024-07-07T20:34:59.987-0300] {dag.py:3096} INFO - Sync 1 DAGs
[2024-07-07T20:35:00.007-0300] {logging_mixin.py:188} INFO - [2024-07-07T20:35:00.006-0300] {dag.py:3954} INFO - Setting next_dagrun for example_complex to None, run_after=None
[2024-07-07T20:35:00.055-0300] {processor.py:183} INFO - Processing /home/johnny/airflow/lib/python3.12/site-packages/airflow/example_dags/example_complex.py took 0.156 seconds
[2024-07-07T20:36:01.722-0300] {processor.py:161} INFO - Started process (PID=43608) to work on /home/johnny/airflow/lib/python3.12/site-packages/airflow/example_dags/example_complex.py
[2024-07-07T20:36:01.728-0300] {processor.py:830} INFO - Processing file /home/johnny/airflow/lib/python3.12/site-packages/airflow/example_dags/example_complex.py for tasks to queue
[2024-07-07T20:36:01.731-0300] {logging_mixin.py:188} INFO - [2024-07-07T20:36:01.730-0300] {dagbag.py:545} INFO - Filling up the DagBag from /home/johnny/airflow/lib/python3.12/site-packages/airflow/example_dags/example_complex.py
[2024-07-07T20:36:01.754-0300] {processor.py:840} INFO - DAG(s) 'example_complex' retrieved from /home/johnny/airflow/lib/python3.12/site-packages/airflow/example_dags/example_complex.py
[2024-07-07T20:36:01.807-0300] {logging_mixin.py:188} INFO - [2024-07-07T20:36:01.807-0300] {dag.py:3096} INFO - Sync 1 DAGs
[2024-07-07T20:36:01.827-0300] {logging_mixin.py:188} INFO - [2024-07-07T20:36:01.827-0300] {dag.py:3954} INFO - Setting next_dagrun for example_complex to None, run_after=None
[2024-07-07T20:36:01.866-0300] {processor.py:183} INFO - Processing /home/johnny/airflow/lib/python3.12/site-packages/airflow/example_dags/example_complex.py took 0.155 seconds
[2024-07-07T20:37:06.662-0300] {processor.py:161} INFO - Started process (PID=43783) to work on /home/johnny/airflow/lib/python3.12/site-packages/airflow/example_dags/example_complex.py
[2024-07-07T20:37:06.665-0300] {processor.py:830} INFO - Processing file /home/johnny/airflow/lib/python3.12/site-packages/airflow/example_dags/example_complex.py for tasks to queue
[2024-07-07T20:37:06.667-0300] {logging_mixin.py:188} INFO - [2024-07-07T20:37:06.666-0300] {dagbag.py:545} INFO - Filling up the DagBag from /home/johnny/airflow/lib/python3.12/site-packages/airflow/example_dags/example_complex.py
[2024-07-07T20:37:06.692-0300] {processor.py:840} INFO - DAG(s) 'example_complex' retrieved from /home/johnny/airflow/lib/python3.12/site-packages/airflow/example_dags/example_complex.py
[2024-07-07T20:37:06.755-0300] {logging_mixin.py:188} INFO - [2024-07-07T20:37:06.754-0300] {dag.py:3096} INFO - Sync 1 DAGs
[2024-07-07T20:37:06.784-0300] {logging_mixin.py:188} INFO - [2024-07-07T20:37:06.784-0300] {dag.py:3954} INFO - Setting next_dagrun for example_complex to None, run_after=None
[2024-07-07T20:37:06.828-0300] {processor.py:183} INFO - Processing /home/johnny/airflow/lib/python3.12/site-packages/airflow/example_dags/example_complex.py took 0.178 seconds
[2024-07-07T20:38:10.163-0300] {processor.py:161} INFO - Started process (PID=43960) to work on /home/johnny/airflow/lib/python3.12/site-packages/airflow/example_dags/example_complex.py
[2024-07-07T20:38:10.166-0300] {processor.py:830} INFO - Processing file /home/johnny/airflow/lib/python3.12/site-packages/airflow/example_dags/example_complex.py for tasks to queue
[2024-07-07T20:38:10.168-0300] {logging_mixin.py:188} INFO - [2024-07-07T20:38:10.167-0300] {dagbag.py:545} INFO - Filling up the DagBag from /home/johnny/airflow/lib/python3.12/site-packages/airflow/example_dags/example_complex.py
[2024-07-07T20:38:10.196-0300] {processor.py:840} INFO - DAG(s) 'example_complex' retrieved from /home/johnny/airflow/lib/python3.12/site-packages/airflow/example_dags/example_complex.py
[2024-07-07T20:38:10.254-0300] {logging_mixin.py:188} INFO - [2024-07-07T20:38:10.254-0300] {dag.py:3096} INFO - Sync 1 DAGs
[2024-07-07T20:38:10.285-0300] {logging_mixin.py:188} INFO - [2024-07-07T20:38:10.284-0300] {dag.py:3954} INFO - Setting next_dagrun for example_complex to None, run_after=None
[2024-07-07T20:38:10.364-0300] {processor.py:183} INFO - Processing /home/johnny/airflow/lib/python3.12/site-packages/airflow/example_dags/example_complex.py took 0.213 seconds
[2024-07-07T20:39:13.985-0300] {processor.py:161} INFO - Started process (PID=44123) to work on /home/johnny/airflow/lib/python3.12/site-packages/airflow/example_dags/example_complex.py
[2024-07-07T20:39:14.009-0300] {processor.py:830} INFO - Processing file /home/johnny/airflow/lib/python3.12/site-packages/airflow/example_dags/example_complex.py for tasks to queue
[2024-07-07T20:39:14.011-0300] {logging_mixin.py:188} INFO - [2024-07-07T20:39:14.010-0300] {dagbag.py:545} INFO - Filling up the DagBag from /home/johnny/airflow/lib/python3.12/site-packages/airflow/example_dags/example_complex.py
[2024-07-07T20:39:14.034-0300] {processor.py:840} INFO - DAG(s) 'example_complex' retrieved from /home/johnny/airflow/lib/python3.12/site-packages/airflow/example_dags/example_complex.py
[2024-07-07T20:39:14.100-0300] {logging_mixin.py:188} INFO - [2024-07-07T20:39:14.100-0300] {dag.py:3096} INFO - Sync 1 DAGs
[2024-07-07T20:39:14.125-0300] {logging_mixin.py:188} INFO - [2024-07-07T20:39:14.124-0300] {dag.py:3954} INFO - Setting next_dagrun for example_complex to None, run_after=None
[2024-07-07T20:39:14.470-0300] {processor.py:183} INFO - Processing /home/johnny/airflow/lib/python3.12/site-packages/airflow/example_dags/example_complex.py took 0.497 seconds
[2024-07-07T20:40:20.591-0300] {processor.py:161} INFO - Started process (PID=44301) to work on /home/johnny/airflow/lib/python3.12/site-packages/airflow/example_dags/example_complex.py
[2024-07-07T20:40:20.597-0300] {processor.py:830} INFO - Processing file /home/johnny/airflow/lib/python3.12/site-packages/airflow/example_dags/example_complex.py for tasks to queue
[2024-07-07T20:40:20.600-0300] {logging_mixin.py:188} INFO - [2024-07-07T20:40:20.598-0300] {dagbag.py:545} INFO - Filling up the DagBag from /home/johnny/airflow/lib/python3.12/site-packages/airflow/example_dags/example_complex.py
[2024-07-07T20:40:20.624-0300] {processor.py:840} INFO - DAG(s) 'example_complex' retrieved from /home/johnny/airflow/lib/python3.12/site-packages/airflow/example_dags/example_complex.py
[2024-07-07T20:40:20.674-0300] {logging_mixin.py:188} INFO - [2024-07-07T20:40:20.674-0300] {dag.py:3096} INFO - Sync 1 DAGs
[2024-07-07T20:40:20.695-0300] {logging_mixin.py:188} INFO - [2024-07-07T20:40:20.694-0300] {dag.py:3954} INFO - Setting next_dagrun for example_complex to None, run_after=None
[2024-07-07T20:40:20.735-0300] {processor.py:183} INFO - Processing /home/johnny/airflow/lib/python3.12/site-packages/airflow/example_dags/example_complex.py took 0.155 seconds
[2024-07-07T20:41:32.608-0300] {processor.py:161} INFO - Started process (PID=44501) to work on /home/johnny/airflow/lib/python3.12/site-packages/airflow/example_dags/example_complex.py
[2024-07-07T20:41:32.614-0300] {processor.py:830} INFO - Processing file /home/johnny/airflow/lib/python3.12/site-packages/airflow/example_dags/example_complex.py for tasks to queue
[2024-07-07T20:41:32.616-0300] {logging_mixin.py:188} INFO - [2024-07-07T20:41:32.615-0300] {dagbag.py:545} INFO - Filling up the DagBag from /home/johnny/airflow/lib/python3.12/site-packages/airflow/example_dags/example_complex.py
[2024-07-07T20:41:32.639-0300] {processor.py:840} INFO - DAG(s) 'example_complex' retrieved from /home/johnny/airflow/lib/python3.12/site-packages/airflow/example_dags/example_complex.py
[2024-07-07T20:41:32.700-0300] {logging_mixin.py:188} INFO - [2024-07-07T20:41:32.699-0300] {dag.py:3096} INFO - Sync 1 DAGs
[2024-07-07T20:41:32.721-0300] {logging_mixin.py:188} INFO - [2024-07-07T20:41:32.721-0300] {dag.py:3954} INFO - Setting next_dagrun for example_complex to None, run_after=None
[2024-07-07T20:41:32.760-0300] {processor.py:183} INFO - Processing /home/johnny/airflow/lib/python3.12/site-packages/airflow/example_dags/example_complex.py took 0.164 seconds
[2024-07-07T20:42:37.540-0300] {processor.py:161} INFO - Started process (PID=44673) to work on /home/johnny/airflow/lib/python3.12/site-packages/airflow/example_dags/example_complex.py
[2024-07-07T20:42:37.542-0300] {processor.py:830} INFO - Processing file /home/johnny/airflow/lib/python3.12/site-packages/airflow/example_dags/example_complex.py for tasks to queue
[2024-07-07T20:42:37.545-0300] {logging_mixin.py:188} INFO - [2024-07-07T20:42:37.544-0300] {dagbag.py:545} INFO - Filling up the DagBag from /home/johnny/airflow/lib/python3.12/site-packages/airflow/example_dags/example_complex.py
[2024-07-07T20:42:37.576-0300] {processor.py:840} INFO - DAG(s) 'example_complex' retrieved from /home/johnny/airflow/lib/python3.12/site-packages/airflow/example_dags/example_complex.py
[2024-07-07T20:42:37.638-0300] {logging_mixin.py:188} INFO - [2024-07-07T20:42:37.637-0300] {dag.py:3096} INFO - Sync 1 DAGs
[2024-07-07T20:42:37.673-0300] {logging_mixin.py:188} INFO - [2024-07-07T20:42:37.672-0300] {dag.py:3954} INFO - Setting next_dagrun for example_complex to None, run_after=None
[2024-07-07T20:42:37.735-0300] {processor.py:183} INFO - Processing /home/johnny/airflow/lib/python3.12/site-packages/airflow/example_dags/example_complex.py took 0.209 seconds
[2024-07-07T20:43:41.581-0300] {processor.py:161} INFO - Started process (PID=44848) to work on /home/johnny/airflow/lib/python3.12/site-packages/airflow/example_dags/example_complex.py
[2024-07-07T20:43:41.586-0300] {processor.py:830} INFO - Processing file /home/johnny/airflow/lib/python3.12/site-packages/airflow/example_dags/example_complex.py for tasks to queue
[2024-07-07T20:43:41.588-0300] {logging_mixin.py:188} INFO - [2024-07-07T20:43:41.588-0300] {dagbag.py:545} INFO - Filling up the DagBag from /home/johnny/airflow/lib/python3.12/site-packages/airflow/example_dags/example_complex.py
[2024-07-07T20:43:41.611-0300] {processor.py:840} INFO - DAG(s) 'example_complex' retrieved from /home/johnny/airflow/lib/python3.12/site-packages/airflow/example_dags/example_complex.py
[2024-07-07T20:43:41.660-0300] {logging_mixin.py:188} INFO - [2024-07-07T20:43:41.660-0300] {dag.py:3096} INFO - Sync 1 DAGs
[2024-07-07T20:43:41.677-0300] {logging_mixin.py:188} INFO - [2024-07-07T20:43:41.677-0300] {dag.py:3954} INFO - Setting next_dagrun for example_complex to None, run_after=None
[2024-07-07T20:43:41.724-0300] {processor.py:183} INFO - Processing /home/johnny/airflow/lib/python3.12/site-packages/airflow/example_dags/example_complex.py took 0.154 seconds
[2024-07-07T20:44:55.669-0300] {processor.py:161} INFO - Started process (PID=45048) to work on /home/johnny/airflow/lib/python3.12/site-packages/airflow/example_dags/example_complex.py
[2024-07-07T20:44:55.675-0300] {processor.py:830} INFO - Processing file /home/johnny/airflow/lib/python3.12/site-packages/airflow/example_dags/example_complex.py for tasks to queue
[2024-07-07T20:44:55.677-0300] {logging_mixin.py:188} INFO - [2024-07-07T20:44:55.676-0300] {dagbag.py:545} INFO - Filling up the DagBag from /home/johnny/airflow/lib/python3.12/site-packages/airflow/example_dags/example_complex.py
[2024-07-07T20:44:55.702-0300] {processor.py:840} INFO - DAG(s) 'example_complex' retrieved from /home/johnny/airflow/lib/python3.12/site-packages/airflow/example_dags/example_complex.py
[2024-07-07T20:44:55.789-0300] {logging_mixin.py:188} INFO - [2024-07-07T20:44:55.788-0300] {dag.py:3096} INFO - Sync 1 DAGs
[2024-07-07T20:44:55.814-0300] {logging_mixin.py:188} INFO - [2024-07-07T20:44:55.813-0300] {dag.py:3954} INFO - Setting next_dagrun for example_complex to None, run_after=None
[2024-07-07T20:44:55.866-0300] {processor.py:183} INFO - Processing /home/johnny/airflow/lib/python3.12/site-packages/airflow/example_dags/example_complex.py took 0.210 seconds
[2024-07-07T20:45:58.991-0300] {processor.py:161} INFO - Started process (PID=45219) to work on /home/johnny/airflow/lib/python3.12/site-packages/airflow/example_dags/example_complex.py
[2024-07-07T20:45:58.996-0300] {processor.py:830} INFO - Processing file /home/johnny/airflow/lib/python3.12/site-packages/airflow/example_dags/example_complex.py for tasks to queue
[2024-07-07T20:45:58.999-0300] {logging_mixin.py:188} INFO - [2024-07-07T20:45:58.998-0300] {dagbag.py:545} INFO - Filling up the DagBag from /home/johnny/airflow/lib/python3.12/site-packages/airflow/example_dags/example_complex.py
[2024-07-07T20:45:59.038-0300] {processor.py:840} INFO - DAG(s) 'example_complex' retrieved from /home/johnny/airflow/lib/python3.12/site-packages/airflow/example_dags/example_complex.py
[2024-07-07T20:45:59.131-0300] {logging_mixin.py:188} INFO - [2024-07-07T20:45:59.130-0300] {dag.py:3096} INFO - Sync 1 DAGs
[2024-07-07T20:45:59.166-0300] {logging_mixin.py:188} INFO - [2024-07-07T20:45:59.165-0300] {dag.py:3954} INFO - Setting next_dagrun for example_complex to None, run_after=None
[2024-07-07T20:45:59.228-0300] {processor.py:183} INFO - Processing /home/johnny/airflow/lib/python3.12/site-packages/airflow/example_dags/example_complex.py took 0.249 seconds
[2024-07-07T20:47:05.762-0300] {processor.py:161} INFO - Started process (PID=45397) to work on /home/johnny/airflow/lib/python3.12/site-packages/airflow/example_dags/example_complex.py
[2024-07-07T20:47:05.767-0300] {processor.py:830} INFO - Processing file /home/johnny/airflow/lib/python3.12/site-packages/airflow/example_dags/example_complex.py for tasks to queue
[2024-07-07T20:47:05.769-0300] {logging_mixin.py:188} INFO - [2024-07-07T20:47:05.769-0300] {dagbag.py:545} INFO - Filling up the DagBag from /home/johnny/airflow/lib/python3.12/site-packages/airflow/example_dags/example_complex.py
[2024-07-07T20:47:05.791-0300] {processor.py:840} INFO - DAG(s) 'example_complex' retrieved from /home/johnny/airflow/lib/python3.12/site-packages/airflow/example_dags/example_complex.py
[2024-07-07T20:47:05.829-0300] {logging_mixin.py:188} INFO - [2024-07-07T20:47:05.829-0300] {dag.py:3096} INFO - Sync 1 DAGs
[2024-07-07T20:47:05.844-0300] {logging_mixin.py:188} INFO - [2024-07-07T20:47:05.844-0300] {dag.py:3954} INFO - Setting next_dagrun for example_complex to None, run_after=None
[2024-07-07T20:47:05.883-0300] {processor.py:183} INFO - Processing /home/johnny/airflow/lib/python3.12/site-packages/airflow/example_dags/example_complex.py took 0.132 seconds
[2024-07-07T20:48:10.538-0300] {processor.py:161} INFO - Started process (PID=45573) to work on /home/johnny/airflow/lib/python3.12/site-packages/airflow/example_dags/example_complex.py
[2024-07-07T20:48:10.540-0300] {processor.py:830} INFO - Processing file /home/johnny/airflow/lib/python3.12/site-packages/airflow/example_dags/example_complex.py for tasks to queue
[2024-07-07T20:48:10.542-0300] {logging_mixin.py:188} INFO - [2024-07-07T20:48:10.541-0300] {dagbag.py:545} INFO - Filling up the DagBag from /home/johnny/airflow/lib/python3.12/site-packages/airflow/example_dags/example_complex.py
[2024-07-07T20:48:10.564-0300] {processor.py:840} INFO - DAG(s) 'example_complex' retrieved from /home/johnny/airflow/lib/python3.12/site-packages/airflow/example_dags/example_complex.py
[2024-07-07T20:48:10.616-0300] {logging_mixin.py:188} INFO - [2024-07-07T20:48:10.616-0300] {dag.py:3096} INFO - Sync 1 DAGs
[2024-07-07T20:48:10.640-0300] {logging_mixin.py:188} INFO - [2024-07-07T20:48:10.639-0300] {dag.py:3954} INFO - Setting next_dagrun for example_complex to None, run_after=None
[2024-07-07T20:48:10.688-0300] {processor.py:183} INFO - Processing /home/johnny/airflow/lib/python3.12/site-packages/airflow/example_dags/example_complex.py took 0.162 seconds
[2024-07-07T20:49:17.821-0300] {processor.py:161} INFO - Started process (PID=45754) to work on /home/johnny/airflow/lib/python3.12/site-packages/airflow/example_dags/example_complex.py
[2024-07-07T20:49:17.827-0300] {processor.py:830} INFO - Processing file /home/johnny/airflow/lib/python3.12/site-packages/airflow/example_dags/example_complex.py for tasks to queue
[2024-07-07T20:49:17.830-0300] {logging_mixin.py:188} INFO - [2024-07-07T20:49:17.829-0300] {dagbag.py:545} INFO - Filling up the DagBag from /home/johnny/airflow/lib/python3.12/site-packages/airflow/example_dags/example_complex.py
[2024-07-07T20:49:17.860-0300] {processor.py:840} INFO - DAG(s) 'example_complex' retrieved from /home/johnny/airflow/lib/python3.12/site-packages/airflow/example_dags/example_complex.py
[2024-07-07T20:49:17.924-0300] {logging_mixin.py:188} INFO - [2024-07-07T20:49:17.924-0300] {dag.py:3096} INFO - Sync 1 DAGs
[2024-07-07T20:49:17.941-0300] {logging_mixin.py:188} INFO - [2024-07-07T20:49:17.941-0300] {dag.py:3954} INFO - Setting next_dagrun for example_complex to None, run_after=None
[2024-07-07T20:49:17.982-0300] {processor.py:183} INFO - Processing /home/johnny/airflow/lib/python3.12/site-packages/airflow/example_dags/example_complex.py took 0.177 seconds
[2024-07-07T20:50:29.355-0300] {processor.py:161} INFO - Started process (PID=45941) to work on /home/johnny/airflow/lib/python3.12/site-packages/airflow/example_dags/example_complex.py
[2024-07-07T20:50:29.364-0300] {processor.py:830} INFO - Processing file /home/johnny/airflow/lib/python3.12/site-packages/airflow/example_dags/example_complex.py for tasks to queue
[2024-07-07T20:50:29.367-0300] {logging_mixin.py:188} INFO - [2024-07-07T20:50:29.366-0300] {dagbag.py:545} INFO - Filling up the DagBag from /home/johnny/airflow/lib/python3.12/site-packages/airflow/example_dags/example_complex.py
[2024-07-07T20:50:29.394-0300] {processor.py:840} INFO - DAG(s) 'example_complex' retrieved from /home/johnny/airflow/lib/python3.12/site-packages/airflow/example_dags/example_complex.py
[2024-07-07T20:50:29.449-0300] {logging_mixin.py:188} INFO - [2024-07-07T20:50:29.448-0300] {dag.py:3096} INFO - Sync 1 DAGs
[2024-07-07T20:50:29.471-0300] {logging_mixin.py:188} INFO - [2024-07-07T20:50:29.471-0300] {dag.py:3954} INFO - Setting next_dagrun for example_complex to None, run_after=None
[2024-07-07T20:50:29.522-0300] {processor.py:183} INFO - Processing /home/johnny/airflow/lib/python3.12/site-packages/airflow/example_dags/example_complex.py took 0.183 seconds
[2024-07-07T20:51:42.323-0300] {processor.py:161} INFO - Started process (PID=46135) to work on /home/johnny/airflow/lib/python3.12/site-packages/airflow/example_dags/example_complex.py
[2024-07-07T20:51:42.329-0300] {processor.py:830} INFO - Processing file /home/johnny/airflow/lib/python3.12/site-packages/airflow/example_dags/example_complex.py for tasks to queue
[2024-07-07T20:51:42.331-0300] {logging_mixin.py:188} INFO - [2024-07-07T20:51:42.330-0300] {dagbag.py:545} INFO - Filling up the DagBag from /home/johnny/airflow/lib/python3.12/site-packages/airflow/example_dags/example_complex.py
[2024-07-07T20:51:42.357-0300] {processor.py:840} INFO - DAG(s) 'example_complex' retrieved from /home/johnny/airflow/lib/python3.12/site-packages/airflow/example_dags/example_complex.py
[2024-07-07T20:51:42.428-0300] {logging_mixin.py:188} INFO - [2024-07-07T20:51:42.427-0300] {dag.py:3096} INFO - Sync 1 DAGs
[2024-07-07T20:51:42.449-0300] {logging_mixin.py:188} INFO - [2024-07-07T20:51:42.449-0300] {dag.py:3954} INFO - Setting next_dagrun for example_complex to None, run_after=None
[2024-07-07T20:51:42.493-0300] {processor.py:183} INFO - Processing /home/johnny/airflow/lib/python3.12/site-packages/airflow/example_dags/example_complex.py took 0.183 seconds
[2024-07-07T20:52:50.655-0300] {processor.py:161} INFO - Started process (PID=46320) to work on /home/johnny/airflow/lib/python3.12/site-packages/airflow/example_dags/example_complex.py
[2024-07-07T20:52:50.661-0300] {processor.py:830} INFO - Processing file /home/johnny/airflow/lib/python3.12/site-packages/airflow/example_dags/example_complex.py for tasks to queue
[2024-07-07T20:52:50.669-0300] {logging_mixin.py:188} INFO - [2024-07-07T20:52:50.668-0300] {dagbag.py:545} INFO - Filling up the DagBag from /home/johnny/airflow/lib/python3.12/site-packages/airflow/example_dags/example_complex.py
[2024-07-07T20:52:50.692-0300] {processor.py:840} INFO - DAG(s) 'example_complex' retrieved from /home/johnny/airflow/lib/python3.12/site-packages/airflow/example_dags/example_complex.py
[2024-07-07T20:52:50.756-0300] {logging_mixin.py:188} INFO - [2024-07-07T20:52:50.756-0300] {dag.py:3096} INFO - Sync 1 DAGs
[2024-07-07T20:52:50.768-0300] {logging_mixin.py:188} INFO - [2024-07-07T20:52:50.768-0300] {dag.py:3954} INFO - Setting next_dagrun for example_complex to None, run_after=None
[2024-07-07T20:52:50.809-0300] {processor.py:183} INFO - Processing /home/johnny/airflow/lib/python3.12/site-packages/airflow/example_dags/example_complex.py took 0.172 seconds
[2024-07-07T20:53:55.163-0300] {processor.py:161} INFO - Started process (PID=46486) to work on /home/johnny/airflow/lib/python3.12/site-packages/airflow/example_dags/example_complex.py
[2024-07-07T20:53:55.169-0300] {processor.py:830} INFO - Processing file /home/johnny/airflow/lib/python3.12/site-packages/airflow/example_dags/example_complex.py for tasks to queue
[2024-07-07T20:53:55.172-0300] {logging_mixin.py:188} INFO - [2024-07-07T20:53:55.171-0300] {dagbag.py:545} INFO - Filling up the DagBag from /home/johnny/airflow/lib/python3.12/site-packages/airflow/example_dags/example_complex.py
[2024-07-07T20:53:55.195-0300] {processor.py:840} INFO - DAG(s) 'example_complex' retrieved from /home/johnny/airflow/lib/python3.12/site-packages/airflow/example_dags/example_complex.py
[2024-07-07T20:53:55.246-0300] {logging_mixin.py:188} INFO - [2024-07-07T20:53:55.245-0300] {dag.py:3096} INFO - Sync 1 DAGs
[2024-07-07T20:53:55.272-0300] {logging_mixin.py:188} INFO - [2024-07-07T20:53:55.271-0300] {dag.py:3954} INFO - Setting next_dagrun for example_complex to None, run_after=None
[2024-07-07T20:53:55.322-0300] {processor.py:183} INFO - Processing /home/johnny/airflow/lib/python3.12/site-packages/airflow/example_dags/example_complex.py took 0.171 seconds
[2024-07-07T20:55:07.448-0300] {processor.py:161} INFO - Started process (PID=46682) to work on /home/johnny/airflow/lib/python3.12/site-packages/airflow/example_dags/example_complex.py
[2024-07-07T20:55:07.455-0300] {processor.py:830} INFO - Processing file /home/johnny/airflow/lib/python3.12/site-packages/airflow/example_dags/example_complex.py for tasks to queue
[2024-07-07T20:55:07.457-0300] {logging_mixin.py:188} INFO - [2024-07-07T20:55:07.456-0300] {dagbag.py:545} INFO - Filling up the DagBag from /home/johnny/airflow/lib/python3.12/site-packages/airflow/example_dags/example_complex.py
[2024-07-07T20:55:07.479-0300] {processor.py:840} INFO - DAG(s) 'example_complex' retrieved from /home/johnny/airflow/lib/python3.12/site-packages/airflow/example_dags/example_complex.py
[2024-07-07T20:55:07.526-0300] {logging_mixin.py:188} INFO - [2024-07-07T20:55:07.526-0300] {dag.py:3096} INFO - Sync 1 DAGs
[2024-07-07T20:55:07.549-0300] {logging_mixin.py:188} INFO - [2024-07-07T20:55:07.549-0300] {dag.py:3954} INFO - Setting next_dagrun for example_complex to None, run_after=None
[2024-07-07T20:55:07.597-0300] {processor.py:183} INFO - Processing /home/johnny/airflow/lib/python3.12/site-packages/airflow/example_dags/example_complex.py took 0.160 seconds
[2024-07-07T20:56:11.310-0300] {processor.py:161} INFO - Started process (PID=46853) to work on /home/johnny/airflow/lib/python3.12/site-packages/airflow/example_dags/example_complex.py
[2024-07-07T20:56:11.313-0300] {processor.py:830} INFO - Processing file /home/johnny/airflow/lib/python3.12/site-packages/airflow/example_dags/example_complex.py for tasks to queue
[2024-07-07T20:56:11.317-0300] {logging_mixin.py:188} INFO - [2024-07-07T20:56:11.316-0300] {dagbag.py:545} INFO - Filling up the DagBag from /home/johnny/airflow/lib/python3.12/site-packages/airflow/example_dags/example_complex.py
[2024-07-07T20:56:11.339-0300] {processor.py:840} INFO - DAG(s) 'example_complex' retrieved from /home/johnny/airflow/lib/python3.12/site-packages/airflow/example_dags/example_complex.py
[2024-07-07T20:56:11.424-0300] {logging_mixin.py:188} INFO - [2024-07-07T20:56:11.423-0300] {dag.py:3096} INFO - Sync 1 DAGs
[2024-07-07T20:56:11.453-0300] {logging_mixin.py:188} INFO - [2024-07-07T20:56:11.453-0300] {dag.py:3954} INFO - Setting next_dagrun for example_complex to None, run_after=None
[2024-07-07T20:56:11.517-0300] {processor.py:183} INFO - Processing /home/johnny/airflow/lib/python3.12/site-packages/airflow/example_dags/example_complex.py took 0.216 seconds
[2024-07-07T20:57:23.002-0300] {processor.py:161} INFO - Started process (PID=47050) to work on /home/johnny/airflow/lib/python3.12/site-packages/airflow/example_dags/example_complex.py
[2024-07-07T20:57:23.005-0300] {processor.py:830} INFO - Processing file /home/johnny/airflow/lib/python3.12/site-packages/airflow/example_dags/example_complex.py for tasks to queue
[2024-07-07T20:57:23.008-0300] {logging_mixin.py:188} INFO - [2024-07-07T20:57:23.007-0300] {dagbag.py:545} INFO - Filling up the DagBag from /home/johnny/airflow/lib/python3.12/site-packages/airflow/example_dags/example_complex.py
[2024-07-07T20:57:23.035-0300] {processor.py:840} INFO - DAG(s) 'example_complex' retrieved from /home/johnny/airflow/lib/python3.12/site-packages/airflow/example_dags/example_complex.py
[2024-07-07T20:57:23.109-0300] {logging_mixin.py:188} INFO - [2024-07-07T20:57:23.109-0300] {dag.py:3096} INFO - Sync 1 DAGs
[2024-07-07T20:57:23.135-0300] {logging_mixin.py:188} INFO - [2024-07-07T20:57:23.135-0300] {dag.py:3954} INFO - Setting next_dagrun for example_complex to None, run_after=None
[2024-07-07T20:57:23.208-0300] {processor.py:183} INFO - Processing /home/johnny/airflow/lib/python3.12/site-packages/airflow/example_dags/example_complex.py took 0.221 seconds
[2024-07-07T20:58:33.949-0300] {processor.py:161} INFO - Started process (PID=47259) to work on /home/johnny/airflow/lib/python3.12/site-packages/airflow/example_dags/example_complex.py
[2024-07-07T20:58:33.952-0300] {processor.py:830} INFO - Processing file /home/johnny/airflow/lib/python3.12/site-packages/airflow/example_dags/example_complex.py for tasks to queue
[2024-07-07T20:58:33.955-0300] {logging_mixin.py:188} INFO - [2024-07-07T20:58:33.954-0300] {dagbag.py:545} INFO - Filling up the DagBag from /home/johnny/airflow/lib/python3.12/site-packages/airflow/example_dags/example_complex.py
[2024-07-07T20:58:33.983-0300] {processor.py:840} INFO - DAG(s) 'example_complex' retrieved from /home/johnny/airflow/lib/python3.12/site-packages/airflow/example_dags/example_complex.py
[2024-07-07T20:58:34.042-0300] {logging_mixin.py:188} INFO - [2024-07-07T20:58:34.042-0300] {dag.py:3096} INFO - Sync 1 DAGs
[2024-07-07T20:58:34.071-0300] {logging_mixin.py:188} INFO - [2024-07-07T20:58:34.070-0300] {dag.py:3954} INFO - Setting next_dagrun for example_complex to None, run_after=None
[2024-07-07T20:58:34.119-0300] {processor.py:183} INFO - Processing /home/johnny/airflow/lib/python3.12/site-packages/airflow/example_dags/example_complex.py took 0.186 seconds
[2024-07-07T20:59:44.741-0300] {processor.py:161} INFO - Started process (PID=47462) to work on /home/johnny/airflow/lib/python3.12/site-packages/airflow/example_dags/example_complex.py
[2024-07-07T20:59:44.747-0300] {processor.py:830} INFO - Processing file /home/johnny/airflow/lib/python3.12/site-packages/airflow/example_dags/example_complex.py for tasks to queue
[2024-07-07T20:59:44.749-0300] {logging_mixin.py:188} INFO - [2024-07-07T20:59:44.748-0300] {dagbag.py:545} INFO - Filling up the DagBag from /home/johnny/airflow/lib/python3.12/site-packages/airflow/example_dags/example_complex.py
[2024-07-07T20:59:44.773-0300] {processor.py:840} INFO - DAG(s) 'example_complex' retrieved from /home/johnny/airflow/lib/python3.12/site-packages/airflow/example_dags/example_complex.py
[2024-07-07T20:59:44.838-0300] {logging_mixin.py:188} INFO - [2024-07-07T20:59:44.837-0300] {dag.py:3096} INFO - Sync 1 DAGs
[2024-07-07T20:59:44.870-0300] {logging_mixin.py:188} INFO - [2024-07-07T20:59:44.869-0300] {dag.py:3954} INFO - Setting next_dagrun for example_complex to None, run_after=None
[2024-07-07T20:59:44.928-0300] {processor.py:183} INFO - Processing /home/johnny/airflow/lib/python3.12/site-packages/airflow/example_dags/example_complex.py took 0.198 seconds
