[2024-07-07T14:05:06.401-0300] {processor.py:161} INFO - Started process (PID=3015) to work on /home/johnny/airflow_env/lib/python3.12/site-packages/airflow/example_dags/tutorial_dag.py
[2024-07-07T14:05:06.402-0300] {processor.py:830} INFO - Processing file /home/johnny/airflow_env/lib/python3.12/site-packages/airflow/example_dags/tutorial_dag.py for tasks to queue
[2024-07-07T14:05:06.405-0300] {logging_mixin.py:188} INFO - [2024-07-07T14:05:06.404-0300] {dagbag.py:545} INFO - Filling up the DagBag from /home/johnny/airflow_env/lib/python3.12/site-packages/airflow/example_dags/tutorial_dag.py
[2024-07-07T14:05:06.412-0300] {processor.py:840} INFO - DAG(s) 'tutorial_dag' retrieved from /home/johnny/airflow_env/lib/python3.12/site-packages/airflow/example_dags/tutorial_dag.py
[2024-07-07T14:05:06.618-0300] {logging_mixin.py:188} INFO - [2024-07-07T14:05:06.617-0300] {override.py:1847} INFO - Created Permission View: can delete on DAG:tutorial_dag
[2024-07-07T14:05:06.643-0300] {logging_mixin.py:188} INFO - [2024-07-07T14:05:06.642-0300] {override.py:1847} INFO - Created Permission View: can read on DAG:tutorial_dag
[2024-07-07T14:05:06.710-0300] {logging_mixin.py:188} INFO - [2024-07-07T14:05:06.709-0300] {override.py:1847} INFO - Created Permission View: can edit on DAG:tutorial_dag
[2024-07-07T14:05:06.711-0300] {logging_mixin.py:188} INFO - [2024-07-07T14:05:06.711-0300] {dag.py:3096} INFO - Sync 1 DAGs
[2024-07-07T14:05:06.734-0300] {logging_mixin.py:188} INFO - [2024-07-07T14:05:06.734-0300] {dag.py:3118} INFO - Creating ORM DAG for tutorial_dag
[2024-07-07T14:05:06.736-0300] {logging_mixin.py:188} INFO - [2024-07-07T14:05:06.735-0300] {dag.py:3954} INFO - Setting next_dagrun for tutorial_dag to None, run_after=None
[2024-07-07T14:05:06.781-0300] {processor.py:183} INFO - Processing /home/johnny/airflow_env/lib/python3.12/site-packages/airflow/example_dags/tutorial_dag.py took 0.388 seconds
[2024-07-07T14:06:09.474-0300] {processor.py:161} INFO - Started process (PID=3069) to work on /home/johnny/airflow_env/lib/python3.12/site-packages/airflow/example_dags/tutorial_dag.py
[2024-07-07T14:06:09.477-0300] {processor.py:830} INFO - Processing file /home/johnny/airflow_env/lib/python3.12/site-packages/airflow/example_dags/tutorial_dag.py for tasks to queue
[2024-07-07T14:06:09.480-0300] {logging_mixin.py:188} INFO - [2024-07-07T14:06:09.479-0300] {dagbag.py:545} INFO - Filling up the DagBag from /home/johnny/airflow_env/lib/python3.12/site-packages/airflow/example_dags/tutorial_dag.py
[2024-07-07T14:06:09.491-0300] {processor.py:840} INFO - DAG(s) 'tutorial_dag' retrieved from /home/johnny/airflow_env/lib/python3.12/site-packages/airflow/example_dags/tutorial_dag.py
[2024-07-07T14:06:09.524-0300] {logging_mixin.py:188} INFO - [2024-07-07T14:06:09.523-0300] {dag.py:3096} INFO - Sync 1 DAGs
[2024-07-07T14:06:09.546-0300] {logging_mixin.py:188} INFO - [2024-07-07T14:06:09.546-0300] {dag.py:3954} INFO - Setting next_dagrun for tutorial_dag to None, run_after=None
[2024-07-07T14:06:09.590-0300] {processor.py:183} INFO - Processing /home/johnny/airflow_env/lib/python3.12/site-packages/airflow/example_dags/tutorial_dag.py took 0.126 seconds
[2024-07-07T14:07:07.156-0300] {processor.py:161} INFO - Started process (PID=3120) to work on /home/johnny/airflow_env/lib/python3.12/site-packages/airflow/example_dags/tutorial_dag.py
[2024-07-07T14:07:07.159-0300] {processor.py:830} INFO - Processing file /home/johnny/airflow_env/lib/python3.12/site-packages/airflow/example_dags/tutorial_dag.py for tasks to queue
[2024-07-07T14:07:07.165-0300] {logging_mixin.py:188} INFO - [2024-07-07T14:07:07.163-0300] {dagbag.py:545} INFO - Filling up the DagBag from /home/johnny/airflow_env/lib/python3.12/site-packages/airflow/example_dags/tutorial_dag.py
[2024-07-07T14:07:07.186-0300] {processor.py:840} INFO - DAG(s) 'tutorial_dag' retrieved from /home/johnny/airflow_env/lib/python3.12/site-packages/airflow/example_dags/tutorial_dag.py
[2024-07-07T14:07:07.243-0300] {logging_mixin.py:188} INFO - [2024-07-07T14:07:07.243-0300] {dag.py:3096} INFO - Sync 1 DAGs
[2024-07-07T14:07:07.286-0300] {logging_mixin.py:188} INFO - [2024-07-07T14:07:07.286-0300] {dag.py:3954} INFO - Setting next_dagrun for tutorial_dag to None, run_after=None
[2024-07-07T14:07:07.365-0300] {processor.py:183} INFO - Processing /home/johnny/airflow_env/lib/python3.12/site-packages/airflow/example_dags/tutorial_dag.py took 0.222 seconds
[2024-07-07T14:08:05.531-0300] {processor.py:161} INFO - Started process (PID=3171) to work on /home/johnny/airflow_env/lib/python3.12/site-packages/airflow/example_dags/tutorial_dag.py
[2024-07-07T14:08:05.534-0300] {processor.py:830} INFO - Processing file /home/johnny/airflow_env/lib/python3.12/site-packages/airflow/example_dags/tutorial_dag.py for tasks to queue
[2024-07-07T14:08:05.537-0300] {logging_mixin.py:188} INFO - [2024-07-07T14:08:05.537-0300] {dagbag.py:545} INFO - Filling up the DagBag from /home/johnny/airflow_env/lib/python3.12/site-packages/airflow/example_dags/tutorial_dag.py
[2024-07-07T14:08:05.552-0300] {processor.py:840} INFO - DAG(s) 'tutorial_dag' retrieved from /home/johnny/airflow_env/lib/python3.12/site-packages/airflow/example_dags/tutorial_dag.py
[2024-07-07T14:08:05.583-0300] {logging_mixin.py:188} INFO - [2024-07-07T14:08:05.582-0300] {dag.py:3096} INFO - Sync 1 DAGs
[2024-07-07T14:08:05.606-0300] {logging_mixin.py:188} INFO - [2024-07-07T14:08:05.606-0300] {dag.py:3954} INFO - Setting next_dagrun for tutorial_dag to None, run_after=None
[2024-07-07T14:08:05.666-0300] {processor.py:183} INFO - Processing /home/johnny/airflow_env/lib/python3.12/site-packages/airflow/example_dags/tutorial_dag.py took 0.149 seconds
[2024-07-07T19:45:28.880-0300] {processor.py:161} INFO - Started process (PID=35261) to work on /home/johnny/airflow/lib/python3.12/site-packages/airflow/example_dags/tutorial_dag.py
[2024-07-07T19:45:28.884-0300] {processor.py:830} INFO - Processing file /home/johnny/airflow/lib/python3.12/site-packages/airflow/example_dags/tutorial_dag.py for tasks to queue
[2024-07-07T19:45:28.889-0300] {logging_mixin.py:188} INFO - [2024-07-07T19:45:28.888-0300] {dagbag.py:545} INFO - Filling up the DagBag from /home/johnny/airflow/lib/python3.12/site-packages/airflow/example_dags/tutorial_dag.py
[2024-07-07T19:45:28.903-0300] {processor.py:840} INFO - DAG(s) 'tutorial_dag' retrieved from /home/johnny/airflow/lib/python3.12/site-packages/airflow/example_dags/tutorial_dag.py
[2024-07-07T19:45:29.088-0300] {logging_mixin.py:188} INFO - [2024-07-07T19:45:29.088-0300] {dag.py:3096} INFO - Sync 1 DAGs
[2024-07-07T19:45:29.102-0300] {logging_mixin.py:188} INFO - [2024-07-07T19:45:29.102-0300] {dag.py:3954} INFO - Setting next_dagrun for tutorial_dag to None, run_after=None
[2024-07-07T19:45:29.143-0300] {processor.py:183} INFO - Processing /home/johnny/airflow/lib/python3.12/site-packages/airflow/example_dags/tutorial_dag.py took 0.280 seconds
[2024-07-07T19:46:39.236-0300] {processor.py:161} INFO - Started process (PID=35431) to work on /home/johnny/airflow/lib/python3.12/site-packages/airflow/example_dags/tutorial_dag.py
[2024-07-07T19:46:39.238-0300] {processor.py:830} INFO - Processing file /home/johnny/airflow/lib/python3.12/site-packages/airflow/example_dags/tutorial_dag.py for tasks to queue
[2024-07-07T19:46:39.242-0300] {logging_mixin.py:188} INFO - [2024-07-07T19:46:39.241-0300] {dagbag.py:545} INFO - Filling up the DagBag from /home/johnny/airflow/lib/python3.12/site-packages/airflow/example_dags/tutorial_dag.py
[2024-07-07T19:46:39.254-0300] {processor.py:840} INFO - DAG(s) 'tutorial_dag' retrieved from /home/johnny/airflow/lib/python3.12/site-packages/airflow/example_dags/tutorial_dag.py
[2024-07-07T19:46:39.290-0300] {logging_mixin.py:188} INFO - [2024-07-07T19:46:39.289-0300] {dag.py:3096} INFO - Sync 1 DAGs
[2024-07-07T19:46:39.325-0300] {logging_mixin.py:188} INFO - [2024-07-07T19:46:39.325-0300] {dag.py:3954} INFO - Setting next_dagrun for tutorial_dag to None, run_after=None
[2024-07-07T19:46:39.379-0300] {processor.py:183} INFO - Processing /home/johnny/airflow/lib/python3.12/site-packages/airflow/example_dags/tutorial_dag.py took 0.154 seconds
[2024-07-07T19:47:55.124-0300] {processor.py:161} INFO - Started process (PID=35637) to work on /home/johnny/airflow/lib/python3.12/site-packages/airflow/example_dags/tutorial_dag.py
[2024-07-07T19:47:55.131-0300] {processor.py:830} INFO - Processing file /home/johnny/airflow/lib/python3.12/site-packages/airflow/example_dags/tutorial_dag.py for tasks to queue
[2024-07-07T19:47:55.137-0300] {logging_mixin.py:188} INFO - [2024-07-07T19:47:55.136-0300] {dagbag.py:545} INFO - Filling up the DagBag from /home/johnny/airflow/lib/python3.12/site-packages/airflow/example_dags/tutorial_dag.py
[2024-07-07T19:47:55.147-0300] {processor.py:840} INFO - DAG(s) 'tutorial_dag' retrieved from /home/johnny/airflow/lib/python3.12/site-packages/airflow/example_dags/tutorial_dag.py
[2024-07-07T19:47:55.182-0300] {logging_mixin.py:188} INFO - [2024-07-07T19:47:55.181-0300] {dag.py:3096} INFO - Sync 1 DAGs
[2024-07-07T19:47:55.214-0300] {logging_mixin.py:188} INFO - [2024-07-07T19:47:55.213-0300] {dag.py:3954} INFO - Setting next_dagrun for tutorial_dag to None, run_after=None
[2024-07-07T19:47:55.256-0300] {processor.py:183} INFO - Processing /home/johnny/airflow/lib/python3.12/site-packages/airflow/example_dags/tutorial_dag.py took 0.148 seconds
[2024-07-07T19:49:00.896-0300] {processor.py:161} INFO - Started process (PID=35840) to work on /home/johnny/airflow/lib/python3.12/site-packages/airflow/example_dags/tutorial_dag.py
[2024-07-07T19:49:00.901-0300] {processor.py:830} INFO - Processing file /home/johnny/airflow/lib/python3.12/site-packages/airflow/example_dags/tutorial_dag.py for tasks to queue
[2024-07-07T19:49:00.906-0300] {logging_mixin.py:188} INFO - [2024-07-07T19:49:00.905-0300] {dagbag.py:545} INFO - Filling up the DagBag from /home/johnny/airflow/lib/python3.12/site-packages/airflow/example_dags/tutorial_dag.py
[2024-07-07T19:49:00.919-0300] {processor.py:840} INFO - DAG(s) 'tutorial_dag' retrieved from /home/johnny/airflow/lib/python3.12/site-packages/airflow/example_dags/tutorial_dag.py
[2024-07-07T19:49:00.960-0300] {logging_mixin.py:188} INFO - [2024-07-07T19:49:00.959-0300] {dag.py:3096} INFO - Sync 1 DAGs
[2024-07-07T19:49:00.989-0300] {logging_mixin.py:188} INFO - [2024-07-07T19:49:00.989-0300] {dag.py:3954} INFO - Setting next_dagrun for tutorial_dag to None, run_after=None
[2024-07-07T19:49:01.038-0300] {processor.py:183} INFO - Processing /home/johnny/airflow/lib/python3.12/site-packages/airflow/example_dags/tutorial_dag.py took 0.157 seconds
[2024-07-07T19:50:05.369-0300] {processor.py:161} INFO - Started process (PID=36016) to work on /home/johnny/airflow/lib/python3.12/site-packages/airflow/example_dags/tutorial_dag.py
[2024-07-07T19:50:05.375-0300] {processor.py:830} INFO - Processing file /home/johnny/airflow/lib/python3.12/site-packages/airflow/example_dags/tutorial_dag.py for tasks to queue
[2024-07-07T19:50:05.378-0300] {logging_mixin.py:188} INFO - [2024-07-07T19:50:05.378-0300] {dagbag.py:545} INFO - Filling up the DagBag from /home/johnny/airflow/lib/python3.12/site-packages/airflow/example_dags/tutorial_dag.py
[2024-07-07T19:50:05.391-0300] {processor.py:840} INFO - DAG(s) 'tutorial_dag' retrieved from /home/johnny/airflow/lib/python3.12/site-packages/airflow/example_dags/tutorial_dag.py
[2024-07-07T19:50:05.423-0300] {logging_mixin.py:188} INFO - [2024-07-07T19:50:05.422-0300] {dag.py:3096} INFO - Sync 1 DAGs
[2024-07-07T19:50:05.447-0300] {logging_mixin.py:188} INFO - [2024-07-07T19:50:05.446-0300] {dag.py:3954} INFO - Setting next_dagrun for tutorial_dag to None, run_after=None
[2024-07-07T19:50:05.504-0300] {processor.py:183} INFO - Processing /home/johnny/airflow/lib/python3.12/site-packages/airflow/example_dags/tutorial_dag.py took 0.148 seconds
[2024-07-07T19:51:18.716-0300] {processor.py:161} INFO - Started process (PID=36221) to work on /home/johnny/airflow/lib/python3.12/site-packages/airflow/example_dags/tutorial_dag.py
[2024-07-07T19:51:18.718-0300] {processor.py:830} INFO - Processing file /home/johnny/airflow/lib/python3.12/site-packages/airflow/example_dags/tutorial_dag.py for tasks to queue
[2024-07-07T19:51:18.722-0300] {logging_mixin.py:188} INFO - [2024-07-07T19:51:18.721-0300] {dagbag.py:545} INFO - Filling up the DagBag from /home/johnny/airflow/lib/python3.12/site-packages/airflow/example_dags/tutorial_dag.py
[2024-07-07T19:51:18.734-0300] {processor.py:840} INFO - DAG(s) 'tutorial_dag' retrieved from /home/johnny/airflow/lib/python3.12/site-packages/airflow/example_dags/tutorial_dag.py
[2024-07-07T19:51:18.768-0300] {logging_mixin.py:188} INFO - [2024-07-07T19:51:18.767-0300] {dag.py:3096} INFO - Sync 1 DAGs
[2024-07-07T19:51:18.784-0300] {logging_mixin.py:188} INFO - [2024-07-07T19:51:18.783-0300] {dag.py:3954} INFO - Setting next_dagrun for tutorial_dag to None, run_after=None
[2024-07-07T19:51:18.829-0300] {processor.py:183} INFO - Processing /home/johnny/airflow/lib/python3.12/site-packages/airflow/example_dags/tutorial_dag.py took 0.133 seconds
[2024-07-07T19:52:27.475-0300] {processor.py:161} INFO - Started process (PID=36400) to work on /home/johnny/airflow/lib/python3.12/site-packages/airflow/example_dags/tutorial_dag.py
[2024-07-07T19:52:27.478-0300] {processor.py:830} INFO - Processing file /home/johnny/airflow/lib/python3.12/site-packages/airflow/example_dags/tutorial_dag.py for tasks to queue
[2024-07-07T19:52:27.484-0300] {logging_mixin.py:188} INFO - [2024-07-07T19:52:27.482-0300] {dagbag.py:545} INFO - Filling up the DagBag from /home/johnny/airflow/lib/python3.12/site-packages/airflow/example_dags/tutorial_dag.py
[2024-07-07T19:52:27.508-0300] {processor.py:840} INFO - DAG(s) 'tutorial_dag' retrieved from /home/johnny/airflow/lib/python3.12/site-packages/airflow/example_dags/tutorial_dag.py
[2024-07-07T19:52:27.563-0300] {logging_mixin.py:188} INFO - [2024-07-07T19:52:27.561-0300] {dag.py:3096} INFO - Sync 1 DAGs
[2024-07-07T19:52:27.593-0300] {logging_mixin.py:188} INFO - [2024-07-07T19:52:27.592-0300] {dag.py:3954} INFO - Setting next_dagrun for tutorial_dag to None, run_after=None
[2024-07-07T19:52:27.657-0300] {processor.py:183} INFO - Processing /home/johnny/airflow/lib/python3.12/site-packages/airflow/example_dags/tutorial_dag.py took 0.194 seconds
[2024-07-07T19:53:38.843-0300] {processor.py:161} INFO - Started process (PID=36603) to work on /home/johnny/airflow/lib/python3.12/site-packages/airflow/example_dags/tutorial_dag.py
[2024-07-07T19:53:38.849-0300] {processor.py:830} INFO - Processing file /home/johnny/airflow/lib/python3.12/site-packages/airflow/example_dags/tutorial_dag.py for tasks to queue
[2024-07-07T19:53:38.853-0300] {logging_mixin.py:188} INFO - [2024-07-07T19:53:38.852-0300] {dagbag.py:545} INFO - Filling up the DagBag from /home/johnny/airflow/lib/python3.12/site-packages/airflow/example_dags/tutorial_dag.py
[2024-07-07T19:53:38.866-0300] {processor.py:840} INFO - DAG(s) 'tutorial_dag' retrieved from /home/johnny/airflow/lib/python3.12/site-packages/airflow/example_dags/tutorial_dag.py
[2024-07-07T19:53:38.909-0300] {logging_mixin.py:188} INFO - [2024-07-07T19:53:38.908-0300] {dag.py:3096} INFO - Sync 1 DAGs
[2024-07-07T19:53:38.948-0300] {logging_mixin.py:188} INFO - [2024-07-07T19:53:38.947-0300] {dag.py:3954} INFO - Setting next_dagrun for tutorial_dag to None, run_after=None
[2024-07-07T19:53:39.002-0300] {processor.py:183} INFO - Processing /home/johnny/airflow/lib/python3.12/site-packages/airflow/example_dags/tutorial_dag.py took 0.177 seconds
[2024-07-07T19:54:46.676-0300] {processor.py:161} INFO - Started process (PID=36792) to work on /home/johnny/airflow/lib/python3.12/site-packages/airflow/example_dags/tutorial_dag.py
[2024-07-07T19:54:46.682-0300] {processor.py:830} INFO - Processing file /home/johnny/airflow/lib/python3.12/site-packages/airflow/example_dags/tutorial_dag.py for tasks to queue
[2024-07-07T19:54:46.684-0300] {logging_mixin.py:188} INFO - [2024-07-07T19:54:46.683-0300] {dagbag.py:545} INFO - Filling up the DagBag from /home/johnny/airflow/lib/python3.12/site-packages/airflow/example_dags/tutorial_dag.py
[2024-07-07T19:54:46.696-0300] {processor.py:840} INFO - DAG(s) 'tutorial_dag' retrieved from /home/johnny/airflow/lib/python3.12/site-packages/airflow/example_dags/tutorial_dag.py
[2024-07-07T19:54:46.730-0300] {logging_mixin.py:188} INFO - [2024-07-07T19:54:46.730-0300] {dag.py:3096} INFO - Sync 1 DAGs
[2024-07-07T19:54:46.748-0300] {logging_mixin.py:188} INFO - [2024-07-07T19:54:46.748-0300] {dag.py:3954} INFO - Setting next_dagrun for tutorial_dag to None, run_after=None
[2024-07-07T19:54:46.789-0300] {processor.py:183} INFO - Processing /home/johnny/airflow/lib/python3.12/site-packages/airflow/example_dags/tutorial_dag.py took 0.125 seconds
[2024-07-07T19:55:58.187-0300] {processor.py:161} INFO - Started process (PID=36981) to work on /home/johnny/airflow/lib/python3.12/site-packages/airflow/example_dags/tutorial_dag.py
[2024-07-07T19:55:58.192-0300] {processor.py:830} INFO - Processing file /home/johnny/airflow/lib/python3.12/site-packages/airflow/example_dags/tutorial_dag.py for tasks to queue
[2024-07-07T19:55:58.195-0300] {logging_mixin.py:188} INFO - [2024-07-07T19:55:58.194-0300] {dagbag.py:545} INFO - Filling up the DagBag from /home/johnny/airflow/lib/python3.12/site-packages/airflow/example_dags/tutorial_dag.py
[2024-07-07T19:55:58.209-0300] {processor.py:840} INFO - DAG(s) 'tutorial_dag' retrieved from /home/johnny/airflow/lib/python3.12/site-packages/airflow/example_dags/tutorial_dag.py
[2024-07-07T19:55:58.249-0300] {logging_mixin.py:188} INFO - [2024-07-07T19:55:58.249-0300] {dag.py:3096} INFO - Sync 1 DAGs
[2024-07-07T19:55:58.271-0300] {logging_mixin.py:188} INFO - [2024-07-07T19:55:58.271-0300] {dag.py:3954} INFO - Setting next_dagrun for tutorial_dag to None, run_after=None
[2024-07-07T19:55:58.317-0300] {processor.py:183} INFO - Processing /home/johnny/airflow/lib/python3.12/site-packages/airflow/example_dags/tutorial_dag.py took 0.143 seconds
[2024-07-07T19:57:13.739-0300] {processor.py:161} INFO - Started process (PID=37181) to work on /home/johnny/airflow/lib/python3.12/site-packages/airflow/example_dags/tutorial_dag.py
[2024-07-07T19:57:13.742-0300] {processor.py:830} INFO - Processing file /home/johnny/airflow/lib/python3.12/site-packages/airflow/example_dags/tutorial_dag.py for tasks to queue
[2024-07-07T19:57:13.745-0300] {logging_mixin.py:188} INFO - [2024-07-07T19:57:13.743-0300] {dagbag.py:545} INFO - Filling up the DagBag from /home/johnny/airflow/lib/python3.12/site-packages/airflow/example_dags/tutorial_dag.py
[2024-07-07T19:57:13.759-0300] {processor.py:840} INFO - DAG(s) 'tutorial_dag' retrieved from /home/johnny/airflow/lib/python3.12/site-packages/airflow/example_dags/tutorial_dag.py
[2024-07-07T19:57:13.798-0300] {logging_mixin.py:188} INFO - [2024-07-07T19:57:13.797-0300] {dag.py:3096} INFO - Sync 1 DAGs
[2024-07-07T19:57:13.841-0300] {logging_mixin.py:188} INFO - [2024-07-07T19:57:13.841-0300] {dag.py:3954} INFO - Setting next_dagrun for tutorial_dag to None, run_after=None
[2024-07-07T19:57:13.915-0300] {processor.py:183} INFO - Processing /home/johnny/airflow/lib/python3.12/site-packages/airflow/example_dags/tutorial_dag.py took 0.188 seconds
[2024-07-07T19:58:24.716-0300] {processor.py:161} INFO - Started process (PID=37389) to work on /home/johnny/airflow/lib/python3.12/site-packages/airflow/example_dags/tutorial_dag.py
[2024-07-07T19:58:24.721-0300] {processor.py:830} INFO - Processing file /home/johnny/airflow/lib/python3.12/site-packages/airflow/example_dags/tutorial_dag.py for tasks to queue
[2024-07-07T19:58:24.724-0300] {logging_mixin.py:188} INFO - [2024-07-07T19:58:24.723-0300] {dagbag.py:545} INFO - Filling up the DagBag from /home/johnny/airflow/lib/python3.12/site-packages/airflow/example_dags/tutorial_dag.py
[2024-07-07T19:58:24.741-0300] {processor.py:840} INFO - DAG(s) 'tutorial_dag' retrieved from /home/johnny/airflow/lib/python3.12/site-packages/airflow/example_dags/tutorial_dag.py
[2024-07-07T19:58:24.780-0300] {logging_mixin.py:188} INFO - [2024-07-07T19:58:24.780-0300] {dag.py:3096} INFO - Sync 1 DAGs
[2024-07-07T19:58:24.813-0300] {logging_mixin.py:188} INFO - [2024-07-07T19:58:24.812-0300] {dag.py:3954} INFO - Setting next_dagrun for tutorial_dag to None, run_after=None
[2024-07-07T19:58:24.868-0300] {processor.py:183} INFO - Processing /home/johnny/airflow/lib/python3.12/site-packages/airflow/example_dags/tutorial_dag.py took 0.166 seconds
[2024-07-07T19:59:29.400-0300] {processor.py:161} INFO - Started process (PID=37562) to work on /home/johnny/airflow/lib/python3.12/site-packages/airflow/example_dags/tutorial_dag.py
[2024-07-07T19:59:29.405-0300] {processor.py:830} INFO - Processing file /home/johnny/airflow/lib/python3.12/site-packages/airflow/example_dags/tutorial_dag.py for tasks to queue
[2024-07-07T19:59:29.408-0300] {logging_mixin.py:188} INFO - [2024-07-07T19:59:29.407-0300] {dagbag.py:545} INFO - Filling up the DagBag from /home/johnny/airflow/lib/python3.12/site-packages/airflow/example_dags/tutorial_dag.py
[2024-07-07T19:59:29.436-0300] {processor.py:840} INFO - DAG(s) 'tutorial_dag' retrieved from /home/johnny/airflow/lib/python3.12/site-packages/airflow/example_dags/tutorial_dag.py
[2024-07-07T19:59:29.477-0300] {logging_mixin.py:188} INFO - [2024-07-07T19:59:29.476-0300] {dag.py:3096} INFO - Sync 1 DAGs
[2024-07-07T19:59:29.501-0300] {logging_mixin.py:188} INFO - [2024-07-07T19:59:29.500-0300] {dag.py:3954} INFO - Setting next_dagrun for tutorial_dag to None, run_after=None
[2024-07-07T19:59:29.552-0300] {processor.py:183} INFO - Processing /home/johnny/airflow/lib/python3.12/site-packages/airflow/example_dags/tutorial_dag.py took 0.164 seconds
[2024-07-07T20:00:33.171-0300] {processor.py:161} INFO - Started process (PID=37747) to work on /home/johnny/airflow/lib/python3.12/site-packages/airflow/example_dags/tutorial_dag.py
[2024-07-07T20:00:33.174-0300] {processor.py:830} INFO - Processing file /home/johnny/airflow/lib/python3.12/site-packages/airflow/example_dags/tutorial_dag.py for tasks to queue
[2024-07-07T20:00:33.176-0300] {logging_mixin.py:188} INFO - [2024-07-07T20:00:33.176-0300] {dagbag.py:545} INFO - Filling up the DagBag from /home/johnny/airflow/lib/python3.12/site-packages/airflow/example_dags/tutorial_dag.py
[2024-07-07T20:00:33.190-0300] {processor.py:840} INFO - DAG(s) 'tutorial_dag' retrieved from /home/johnny/airflow/lib/python3.12/site-packages/airflow/example_dags/tutorial_dag.py
[2024-07-07T20:00:33.227-0300] {logging_mixin.py:188} INFO - [2024-07-07T20:00:33.226-0300] {dag.py:3096} INFO - Sync 1 DAGs
[2024-07-07T20:00:33.248-0300] {logging_mixin.py:188} INFO - [2024-07-07T20:00:33.248-0300] {dag.py:3954} INFO - Setting next_dagrun for tutorial_dag to None, run_after=None
[2024-07-07T20:00:33.291-0300] {processor.py:183} INFO - Processing /home/johnny/airflow/lib/python3.12/site-packages/airflow/example_dags/tutorial_dag.py took 0.133 seconds
[2024-07-07T20:01:39.766-0300] {processor.py:161} INFO - Started process (PID=37930) to work on /home/johnny/airflow/lib/python3.12/site-packages/airflow/example_dags/tutorial_dag.py
[2024-07-07T20:01:39.769-0300] {processor.py:830} INFO - Processing file /home/johnny/airflow/lib/python3.12/site-packages/airflow/example_dags/tutorial_dag.py for tasks to queue
[2024-07-07T20:01:39.772-0300] {logging_mixin.py:188} INFO - [2024-07-07T20:01:39.770-0300] {dagbag.py:545} INFO - Filling up the DagBag from /home/johnny/airflow/lib/python3.12/site-packages/airflow/example_dags/tutorial_dag.py
[2024-07-07T20:01:39.788-0300] {processor.py:840} INFO - DAG(s) 'tutorial_dag' retrieved from /home/johnny/airflow/lib/python3.12/site-packages/airflow/example_dags/tutorial_dag.py
[2024-07-07T20:01:39.822-0300] {logging_mixin.py:188} INFO - [2024-07-07T20:01:39.822-0300] {dag.py:3096} INFO - Sync 1 DAGs
[2024-07-07T20:01:39.857-0300] {logging_mixin.py:188} INFO - [2024-07-07T20:01:39.856-0300] {dag.py:3954} INFO - Setting next_dagrun for tutorial_dag to None, run_after=None
[2024-07-07T20:01:39.913-0300] {processor.py:183} INFO - Processing /home/johnny/airflow/lib/python3.12/site-packages/airflow/example_dags/tutorial_dag.py took 0.163 seconds
[2024-07-07T20:02:44.858-0300] {processor.py:161} INFO - Started process (PID=38105) to work on /home/johnny/airflow/lib/python3.12/site-packages/airflow/example_dags/tutorial_dag.py
[2024-07-07T20:02:44.861-0300] {processor.py:830} INFO - Processing file /home/johnny/airflow/lib/python3.12/site-packages/airflow/example_dags/tutorial_dag.py for tasks to queue
[2024-07-07T20:02:44.865-0300] {logging_mixin.py:188} INFO - [2024-07-07T20:02:44.863-0300] {dagbag.py:545} INFO - Filling up the DagBag from /home/johnny/airflow/lib/python3.12/site-packages/airflow/example_dags/tutorial_dag.py
[2024-07-07T20:02:44.889-0300] {processor.py:840} INFO - DAG(s) 'tutorial_dag' retrieved from /home/johnny/airflow/lib/python3.12/site-packages/airflow/example_dags/tutorial_dag.py
[2024-07-07T20:02:44.929-0300] {logging_mixin.py:188} INFO - [2024-07-07T20:02:44.928-0300] {dag.py:3096} INFO - Sync 1 DAGs
[2024-07-07T20:02:44.970-0300] {logging_mixin.py:188} INFO - [2024-07-07T20:02:44.969-0300] {dag.py:3954} INFO - Setting next_dagrun for tutorial_dag to None, run_after=None
[2024-07-07T20:02:45.037-0300] {processor.py:183} INFO - Processing /home/johnny/airflow/lib/python3.12/site-packages/airflow/example_dags/tutorial_dag.py took 0.199 seconds
[2024-07-07T20:04:08.489-0300] {processor.py:161} INFO - Started process (PID=38342) to work on /home/johnny/airflow/lib/python3.12/site-packages/airflow/example_dags/tutorial_dag.py
[2024-07-07T20:04:08.492-0300] {processor.py:830} INFO - Processing file /home/johnny/airflow/lib/python3.12/site-packages/airflow/example_dags/tutorial_dag.py for tasks to queue
[2024-07-07T20:04:08.494-0300] {logging_mixin.py:188} INFO - [2024-07-07T20:04:08.493-0300] {dagbag.py:545} INFO - Filling up the DagBag from /home/johnny/airflow/lib/python3.12/site-packages/airflow/example_dags/tutorial_dag.py
[2024-07-07T20:04:08.505-0300] {processor.py:840} INFO - DAG(s) 'tutorial_dag' retrieved from /home/johnny/airflow/lib/python3.12/site-packages/airflow/example_dags/tutorial_dag.py
[2024-07-07T20:04:08.532-0300] {logging_mixin.py:188} INFO - [2024-07-07T20:04:08.532-0300] {dag.py:3096} INFO - Sync 1 DAGs
[2024-07-07T20:04:08.551-0300] {logging_mixin.py:188} INFO - [2024-07-07T20:04:08.551-0300] {dag.py:3954} INFO - Setting next_dagrun for tutorial_dag to None, run_after=None
[2024-07-07T20:04:08.586-0300] {processor.py:183} INFO - Processing /home/johnny/airflow/lib/python3.12/site-packages/airflow/example_dags/tutorial_dag.py took 0.109 seconds
[2024-07-07T20:05:16.351-0300] {processor.py:161} INFO - Started process (PID=38525) to work on /home/johnny/airflow/lib/python3.12/site-packages/airflow/example_dags/tutorial_dag.py
[2024-07-07T20:05:16.357-0300] {processor.py:830} INFO - Processing file /home/johnny/airflow/lib/python3.12/site-packages/airflow/example_dags/tutorial_dag.py for tasks to queue
[2024-07-07T20:05:16.360-0300] {logging_mixin.py:188} INFO - [2024-07-07T20:05:16.359-0300] {dagbag.py:545} INFO - Filling up the DagBag from /home/johnny/airflow/lib/python3.12/site-packages/airflow/example_dags/tutorial_dag.py
[2024-07-07T20:05:16.372-0300] {processor.py:840} INFO - DAG(s) 'tutorial_dag' retrieved from /home/johnny/airflow/lib/python3.12/site-packages/airflow/example_dags/tutorial_dag.py
[2024-07-07T20:05:16.394-0300] {logging_mixin.py:188} INFO - [2024-07-07T20:05:16.393-0300] {dag.py:3096} INFO - Sync 1 DAGs
[2024-07-07T20:05:16.436-0300] {logging_mixin.py:188} INFO - [2024-07-07T20:05:16.434-0300] {dag.py:3954} INFO - Setting next_dagrun for tutorial_dag to None, run_after=None
[2024-07-07T20:05:16.494-0300] {processor.py:183} INFO - Processing /home/johnny/airflow/lib/python3.12/site-packages/airflow/example_dags/tutorial_dag.py took 0.156 seconds
[2024-07-07T20:06:16.512-0300] {processor.py:161} INFO - Started process (PID=38691) to work on /home/johnny/airflow/lib/python3.12/site-packages/airflow/example_dags/tutorial_dag.py
[2024-07-07T20:06:16.515-0300] {processor.py:830} INFO - Processing file /home/johnny/airflow/lib/python3.12/site-packages/airflow/example_dags/tutorial_dag.py for tasks to queue
[2024-07-07T20:06:16.517-0300] {logging_mixin.py:188} INFO - [2024-07-07T20:06:16.516-0300] {dagbag.py:545} INFO - Filling up the DagBag from /home/johnny/airflow/lib/python3.12/site-packages/airflow/example_dags/tutorial_dag.py
[2024-07-07T20:06:16.528-0300] {processor.py:840} INFO - DAG(s) 'tutorial_dag' retrieved from /home/johnny/airflow/lib/python3.12/site-packages/airflow/example_dags/tutorial_dag.py
[2024-07-07T20:06:16.556-0300] {logging_mixin.py:188} INFO - [2024-07-07T20:06:16.555-0300] {dag.py:3096} INFO - Sync 1 DAGs
[2024-07-07T20:06:16.580-0300] {logging_mixin.py:188} INFO - [2024-07-07T20:06:16.579-0300] {dag.py:3954} INFO - Setting next_dagrun for tutorial_dag to None, run_after=None
[2024-07-07T20:06:16.619-0300] {processor.py:183} INFO - Processing /home/johnny/airflow/lib/python3.12/site-packages/airflow/example_dags/tutorial_dag.py took 0.117 seconds
[2024-07-07T20:07:23.175-0300] {processor.py:161} INFO - Started process (PID=38874) to work on /home/johnny/airflow/lib/python3.12/site-packages/airflow/example_dags/tutorial_dag.py
[2024-07-07T20:07:23.178-0300] {processor.py:830} INFO - Processing file /home/johnny/airflow/lib/python3.12/site-packages/airflow/example_dags/tutorial_dag.py for tasks to queue
[2024-07-07T20:07:23.180-0300] {logging_mixin.py:188} INFO - [2024-07-07T20:07:23.179-0300] {dagbag.py:545} INFO - Filling up the DagBag from /home/johnny/airflow/lib/python3.12/site-packages/airflow/example_dags/tutorial_dag.py
[2024-07-07T20:07:23.192-0300] {processor.py:840} INFO - DAG(s) 'tutorial_dag' retrieved from /home/johnny/airflow/lib/python3.12/site-packages/airflow/example_dags/tutorial_dag.py
[2024-07-07T20:07:23.230-0300] {logging_mixin.py:188} INFO - [2024-07-07T20:07:23.229-0300] {dag.py:3096} INFO - Sync 1 DAGs
[2024-07-07T20:07:23.256-0300] {logging_mixin.py:188} INFO - [2024-07-07T20:07:23.256-0300] {dag.py:3954} INFO - Setting next_dagrun for tutorial_dag to None, run_after=None
[2024-07-07T20:07:23.315-0300] {processor.py:183} INFO - Processing /home/johnny/airflow/lib/python3.12/site-packages/airflow/example_dags/tutorial_dag.py took 0.154 seconds
[2024-07-07T20:08:35.955-0300] {processor.py:161} INFO - Started process (PID=39076) to work on /home/johnny/airflow/lib/python3.12/site-packages/airflow/example_dags/tutorial_dag.py
[2024-07-07T20:08:35.961-0300] {processor.py:830} INFO - Processing file /home/johnny/airflow/lib/python3.12/site-packages/airflow/example_dags/tutorial_dag.py for tasks to queue
[2024-07-07T20:08:35.963-0300] {logging_mixin.py:188} INFO - [2024-07-07T20:08:35.962-0300] {dagbag.py:545} INFO - Filling up the DagBag from /home/johnny/airflow/lib/python3.12/site-packages/airflow/example_dags/tutorial_dag.py
[2024-07-07T20:08:35.975-0300] {processor.py:840} INFO - DAG(s) 'tutorial_dag' retrieved from /home/johnny/airflow/lib/python3.12/site-packages/airflow/example_dags/tutorial_dag.py
[2024-07-07T20:08:36.003-0300] {logging_mixin.py:188} INFO - [2024-07-07T20:08:36.003-0300] {dag.py:3096} INFO - Sync 1 DAGs
[2024-07-07T20:08:36.022-0300] {logging_mixin.py:188} INFO - [2024-07-07T20:08:36.021-0300] {dag.py:3954} INFO - Setting next_dagrun for tutorial_dag to None, run_after=None
[2024-07-07T20:08:36.071-0300] {processor.py:183} INFO - Processing /home/johnny/airflow/lib/python3.12/site-packages/airflow/example_dags/tutorial_dag.py took 0.127 seconds
[2024-07-07T20:09:44.578-0300] {processor.py:161} INFO - Started process (PID=39271) to work on /home/johnny/airflow/lib/python3.12/site-packages/airflow/example_dags/tutorial_dag.py
[2024-07-07T20:09:44.581-0300] {processor.py:830} INFO - Processing file /home/johnny/airflow/lib/python3.12/site-packages/airflow/example_dags/tutorial_dag.py for tasks to queue
[2024-07-07T20:09:44.583-0300] {logging_mixin.py:188} INFO - [2024-07-07T20:09:44.582-0300] {dagbag.py:545} INFO - Filling up the DagBag from /home/johnny/airflow/lib/python3.12/site-packages/airflow/example_dags/tutorial_dag.py
[2024-07-07T20:09:44.594-0300] {processor.py:840} INFO - DAG(s) 'tutorial_dag' retrieved from /home/johnny/airflow/lib/python3.12/site-packages/airflow/example_dags/tutorial_dag.py
[2024-07-07T20:09:44.625-0300] {logging_mixin.py:188} INFO - [2024-07-07T20:09:44.625-0300] {dag.py:3096} INFO - Sync 1 DAGs
[2024-07-07T20:09:44.645-0300] {logging_mixin.py:188} INFO - [2024-07-07T20:09:44.645-0300] {dag.py:3954} INFO - Setting next_dagrun for tutorial_dag to None, run_after=None
[2024-07-07T20:09:44.683-0300] {processor.py:183} INFO - Processing /home/johnny/airflow/lib/python3.12/site-packages/airflow/example_dags/tutorial_dag.py took 0.118 seconds
[2024-07-07T20:10:51.644-0300] {processor.py:161} INFO - Started process (PID=39450) to work on /home/johnny/airflow/lib/python3.12/site-packages/airflow/example_dags/tutorial_dag.py
[2024-07-07T20:10:51.647-0300] {processor.py:830} INFO - Processing file /home/johnny/airflow/lib/python3.12/site-packages/airflow/example_dags/tutorial_dag.py for tasks to queue
[2024-07-07T20:10:51.649-0300] {logging_mixin.py:188} INFO - [2024-07-07T20:10:51.648-0300] {dagbag.py:545} INFO - Filling up the DagBag from /home/johnny/airflow/lib/python3.12/site-packages/airflow/example_dags/tutorial_dag.py
[2024-07-07T20:10:51.660-0300] {processor.py:840} INFO - DAG(s) 'tutorial_dag' retrieved from /home/johnny/airflow/lib/python3.12/site-packages/airflow/example_dags/tutorial_dag.py
[2024-07-07T20:10:51.692-0300] {logging_mixin.py:188} INFO - [2024-07-07T20:10:51.691-0300] {dag.py:3096} INFO - Sync 1 DAGs
[2024-07-07T20:10:51.714-0300] {logging_mixin.py:188} INFO - [2024-07-07T20:10:51.714-0300] {dag.py:3954} INFO - Setting next_dagrun for tutorial_dag to None, run_after=None
[2024-07-07T20:10:51.757-0300] {processor.py:183} INFO - Processing /home/johnny/airflow/lib/python3.12/site-packages/airflow/example_dags/tutorial_dag.py took 0.125 seconds
[2024-07-07T20:11:50.899-0300] {processor.py:161} INFO - Started process (PID=39614) to work on /home/johnny/airflow/lib/python3.12/site-packages/airflow/example_dags/tutorial_dag.py
[2024-07-07T20:11:50.902-0300] {processor.py:830} INFO - Processing file /home/johnny/airflow/lib/python3.12/site-packages/airflow/example_dags/tutorial_dag.py for tasks to queue
[2024-07-07T20:11:50.904-0300] {logging_mixin.py:188} INFO - [2024-07-07T20:11:50.903-0300] {dagbag.py:545} INFO - Filling up the DagBag from /home/johnny/airflow/lib/python3.12/site-packages/airflow/example_dags/tutorial_dag.py
[2024-07-07T20:11:50.918-0300] {processor.py:840} INFO - DAG(s) 'tutorial_dag' retrieved from /home/johnny/airflow/lib/python3.12/site-packages/airflow/example_dags/tutorial_dag.py
[2024-07-07T20:11:50.951-0300] {logging_mixin.py:188} INFO - [2024-07-07T20:11:50.950-0300] {dag.py:3096} INFO - Sync 1 DAGs
[2024-07-07T20:11:50.971-0300] {logging_mixin.py:188} INFO - [2024-07-07T20:11:50.971-0300] {dag.py:3954} INFO - Setting next_dagrun for tutorial_dag to None, run_after=None
[2024-07-07T20:11:51.015-0300] {processor.py:183} INFO - Processing /home/johnny/airflow/lib/python3.12/site-packages/airflow/example_dags/tutorial_dag.py took 0.127 seconds
[2024-07-07T20:12:54.270-0300] {processor.py:161} INFO - Started process (PID=39790) to work on /home/johnny/airflow/lib/python3.12/site-packages/airflow/example_dags/tutorial_dag.py
[2024-07-07T20:12:54.273-0300] {processor.py:830} INFO - Processing file /home/johnny/airflow/lib/python3.12/site-packages/airflow/example_dags/tutorial_dag.py for tasks to queue
[2024-07-07T20:12:54.276-0300] {logging_mixin.py:188} INFO - [2024-07-07T20:12:54.274-0300] {dagbag.py:545} INFO - Filling up the DagBag from /home/johnny/airflow/lib/python3.12/site-packages/airflow/example_dags/tutorial_dag.py
[2024-07-07T20:12:54.287-0300] {processor.py:840} INFO - DAG(s) 'tutorial_dag' retrieved from /home/johnny/airflow/lib/python3.12/site-packages/airflow/example_dags/tutorial_dag.py
[2024-07-07T20:12:54.316-0300] {logging_mixin.py:188} INFO - [2024-07-07T20:12:54.316-0300] {dag.py:3096} INFO - Sync 1 DAGs
[2024-07-07T20:12:54.336-0300] {logging_mixin.py:188} INFO - [2024-07-07T20:12:54.335-0300] {dag.py:3954} INFO - Setting next_dagrun for tutorial_dag to None, run_after=None
[2024-07-07T20:12:54.380-0300] {processor.py:183} INFO - Processing /home/johnny/airflow/lib/python3.12/site-packages/airflow/example_dags/tutorial_dag.py took 0.121 seconds
[2024-07-07T20:13:57.028-0300] {processor.py:161} INFO - Started process (PID=39962) to work on /home/johnny/airflow/lib/python3.12/site-packages/airflow/example_dags/tutorial_dag.py
[2024-07-07T20:13:57.033-0300] {processor.py:830} INFO - Processing file /home/johnny/airflow/lib/python3.12/site-packages/airflow/example_dags/tutorial_dag.py for tasks to queue
[2024-07-07T20:13:57.035-0300] {logging_mixin.py:188} INFO - [2024-07-07T20:13:57.035-0300] {dagbag.py:545} INFO - Filling up the DagBag from /home/johnny/airflow/lib/python3.12/site-packages/airflow/example_dags/tutorial_dag.py
[2024-07-07T20:13:57.048-0300] {processor.py:840} INFO - DAG(s) 'tutorial_dag' retrieved from /home/johnny/airflow/lib/python3.12/site-packages/airflow/example_dags/tutorial_dag.py
[2024-07-07T20:13:57.079-0300] {logging_mixin.py:188} INFO - [2024-07-07T20:13:57.079-0300] {dag.py:3096} INFO - Sync 1 DAGs
[2024-07-07T20:13:57.099-0300] {logging_mixin.py:188} INFO - [2024-07-07T20:13:57.099-0300] {dag.py:3954} INFO - Setting next_dagrun for tutorial_dag to None, run_after=None
[2024-07-07T20:13:57.144-0300] {processor.py:183} INFO - Processing /home/johnny/airflow/lib/python3.12/site-packages/airflow/example_dags/tutorial_dag.py took 0.128 seconds
[2024-07-07T20:15:00.444-0300] {processor.py:161} INFO - Started process (PID=40133) to work on /home/johnny/airflow/lib/python3.12/site-packages/airflow/example_dags/tutorial_dag.py
[2024-07-07T20:15:00.447-0300] {processor.py:830} INFO - Processing file /home/johnny/airflow/lib/python3.12/site-packages/airflow/example_dags/tutorial_dag.py for tasks to queue
[2024-07-07T20:15:00.449-0300] {logging_mixin.py:188} INFO - [2024-07-07T20:15:00.448-0300] {dagbag.py:545} INFO - Filling up the DagBag from /home/johnny/airflow/lib/python3.12/site-packages/airflow/example_dags/tutorial_dag.py
[2024-07-07T20:15:00.459-0300] {processor.py:840} INFO - DAG(s) 'tutorial_dag' retrieved from /home/johnny/airflow/lib/python3.12/site-packages/airflow/example_dags/tutorial_dag.py
[2024-07-07T20:15:00.482-0300] {logging_mixin.py:188} INFO - [2024-07-07T20:15:00.482-0300] {dag.py:3096} INFO - Sync 1 DAGs
[2024-07-07T20:15:00.498-0300] {logging_mixin.py:188} INFO - [2024-07-07T20:15:00.497-0300] {dag.py:3954} INFO - Setting next_dagrun for tutorial_dag to None, run_after=None
[2024-07-07T20:15:00.536-0300] {processor.py:183} INFO - Processing /home/johnny/airflow/lib/python3.12/site-packages/airflow/example_dags/tutorial_dag.py took 0.101 seconds
[2024-07-07T20:16:02.270-0300] {processor.py:161} INFO - Started process (PID=40315) to work on /home/johnny/airflow/lib/python3.12/site-packages/airflow/example_dags/tutorial_dag.py
[2024-07-07T20:16:02.273-0300] {processor.py:830} INFO - Processing file /home/johnny/airflow/lib/python3.12/site-packages/airflow/example_dags/tutorial_dag.py for tasks to queue
[2024-07-07T20:16:02.275-0300] {logging_mixin.py:188} INFO - [2024-07-07T20:16:02.274-0300] {dagbag.py:545} INFO - Filling up the DagBag from /home/johnny/airflow/lib/python3.12/site-packages/airflow/example_dags/tutorial_dag.py
[2024-07-07T20:16:02.286-0300] {processor.py:840} INFO - DAG(s) 'tutorial_dag' retrieved from /home/johnny/airflow/lib/python3.12/site-packages/airflow/example_dags/tutorial_dag.py
[2024-07-07T20:16:02.319-0300] {logging_mixin.py:188} INFO - [2024-07-07T20:16:02.318-0300] {dag.py:3096} INFO - Sync 1 DAGs
[2024-07-07T20:16:02.339-0300] {logging_mixin.py:188} INFO - [2024-07-07T20:16:02.339-0300] {dag.py:3954} INFO - Setting next_dagrun for tutorial_dag to None, run_after=None
[2024-07-07T20:16:02.373-0300] {processor.py:183} INFO - Processing /home/johnny/airflow/lib/python3.12/site-packages/airflow/example_dags/tutorial_dag.py took 0.114 seconds
[2024-07-07T20:17:05.490-0300] {processor.py:161} INFO - Started process (PID=40487) to work on /home/johnny/airflow/lib/python3.12/site-packages/airflow/example_dags/tutorial_dag.py
[2024-07-07T20:17:05.495-0300] {processor.py:830} INFO - Processing file /home/johnny/airflow/lib/python3.12/site-packages/airflow/example_dags/tutorial_dag.py for tasks to queue
[2024-07-07T20:17:05.497-0300] {logging_mixin.py:188} INFO - [2024-07-07T20:17:05.496-0300] {dagbag.py:545} INFO - Filling up the DagBag from /home/johnny/airflow/lib/python3.12/site-packages/airflow/example_dags/tutorial_dag.py
[2024-07-07T20:17:05.508-0300] {processor.py:840} INFO - DAG(s) 'tutorial_dag' retrieved from /home/johnny/airflow/lib/python3.12/site-packages/airflow/example_dags/tutorial_dag.py
[2024-07-07T20:17:05.540-0300] {logging_mixin.py:188} INFO - [2024-07-07T20:17:05.540-0300] {dag.py:3096} INFO - Sync 1 DAGs
[2024-07-07T20:17:05.562-0300] {logging_mixin.py:188} INFO - [2024-07-07T20:17:05.562-0300] {dag.py:3954} INFO - Setting next_dagrun for tutorial_dag to None, run_after=None
[2024-07-07T20:17:05.598-0300] {processor.py:183} INFO - Processing /home/johnny/airflow/lib/python3.12/site-packages/airflow/example_dags/tutorial_dag.py took 0.121 seconds
[2024-07-07T20:18:06.891-0300] {processor.py:161} INFO - Started process (PID=40658) to work on /home/johnny/airflow/lib/python3.12/site-packages/airflow/example_dags/tutorial_dag.py
[2024-07-07T20:18:06.894-0300] {processor.py:830} INFO - Processing file /home/johnny/airflow/lib/python3.12/site-packages/airflow/example_dags/tutorial_dag.py for tasks to queue
[2024-07-07T20:18:06.896-0300] {logging_mixin.py:188} INFO - [2024-07-07T20:18:06.895-0300] {dagbag.py:545} INFO - Filling up the DagBag from /home/johnny/airflow/lib/python3.12/site-packages/airflow/example_dags/tutorial_dag.py
[2024-07-07T20:18:06.906-0300] {processor.py:840} INFO - DAG(s) 'tutorial_dag' retrieved from /home/johnny/airflow/lib/python3.12/site-packages/airflow/example_dags/tutorial_dag.py
[2024-07-07T20:18:06.939-0300] {logging_mixin.py:188} INFO - [2024-07-07T20:18:06.938-0300] {dag.py:3096} INFO - Sync 1 DAGs
[2024-07-07T20:18:06.965-0300] {logging_mixin.py:188} INFO - [2024-07-07T20:18:06.964-0300] {dag.py:3954} INFO - Setting next_dagrun for tutorial_dag to None, run_after=None
[2024-07-07T20:18:07.008-0300] {processor.py:183} INFO - Processing /home/johnny/airflow/lib/python3.12/site-packages/airflow/example_dags/tutorial_dag.py took 0.129 seconds
[2024-07-07T20:19:09.740-0300] {processor.py:161} INFO - Started process (PID=40826) to work on /home/johnny/airflow/lib/python3.12/site-packages/airflow/example_dags/tutorial_dag.py
[2024-07-07T20:19:09.742-0300] {processor.py:830} INFO - Processing file /home/johnny/airflow/lib/python3.12/site-packages/airflow/example_dags/tutorial_dag.py for tasks to queue
[2024-07-07T20:19:09.745-0300] {logging_mixin.py:188} INFO - [2024-07-07T20:19:09.744-0300] {dagbag.py:545} INFO - Filling up the DagBag from /home/johnny/airflow/lib/python3.12/site-packages/airflow/example_dags/tutorial_dag.py
[2024-07-07T20:19:09.756-0300] {processor.py:840} INFO - DAG(s) 'tutorial_dag' retrieved from /home/johnny/airflow/lib/python3.12/site-packages/airflow/example_dags/tutorial_dag.py
[2024-07-07T20:19:09.787-0300] {logging_mixin.py:188} INFO - [2024-07-07T20:19:09.786-0300] {dag.py:3096} INFO - Sync 1 DAGs
[2024-07-07T20:19:09.808-0300] {logging_mixin.py:188} INFO - [2024-07-07T20:19:09.807-0300] {dag.py:3954} INFO - Setting next_dagrun for tutorial_dag to None, run_after=None
[2024-07-07T20:19:09.848-0300] {processor.py:183} INFO - Processing /home/johnny/airflow/lib/python3.12/site-packages/airflow/example_dags/tutorial_dag.py took 0.120 seconds
[2024-07-07T20:20:12.420-0300] {processor.py:161} INFO - Started process (PID=41006) to work on /home/johnny/airflow/lib/python3.12/site-packages/airflow/example_dags/tutorial_dag.py
[2024-07-07T20:20:12.423-0300] {processor.py:830} INFO - Processing file /home/johnny/airflow/lib/python3.12/site-packages/airflow/example_dags/tutorial_dag.py for tasks to queue
[2024-07-07T20:20:12.426-0300] {logging_mixin.py:188} INFO - [2024-07-07T20:20:12.425-0300] {dagbag.py:545} INFO - Filling up the DagBag from /home/johnny/airflow/lib/python3.12/site-packages/airflow/example_dags/tutorial_dag.py
[2024-07-07T20:20:12.439-0300] {processor.py:840} INFO - DAG(s) 'tutorial_dag' retrieved from /home/johnny/airflow/lib/python3.12/site-packages/airflow/example_dags/tutorial_dag.py
[2024-07-07T20:20:12.467-0300] {logging_mixin.py:188} INFO - [2024-07-07T20:20:12.466-0300] {dag.py:3096} INFO - Sync 1 DAGs
[2024-07-07T20:20:12.488-0300] {logging_mixin.py:188} INFO - [2024-07-07T20:20:12.488-0300] {dag.py:3954} INFO - Setting next_dagrun for tutorial_dag to None, run_after=None
[2024-07-07T20:20:12.541-0300] {processor.py:183} INFO - Processing /home/johnny/airflow/lib/python3.12/site-packages/airflow/example_dags/tutorial_dag.py took 0.134 seconds
[2024-07-07T20:21:16.699-0300] {processor.py:161} INFO - Started process (PID=41176) to work on /home/johnny/airflow/lib/python3.12/site-packages/airflow/example_dags/tutorial_dag.py
[2024-07-07T20:21:16.703-0300] {processor.py:830} INFO - Processing file /home/johnny/airflow/lib/python3.12/site-packages/airflow/example_dags/tutorial_dag.py for tasks to queue
[2024-07-07T20:21:16.705-0300] {logging_mixin.py:188} INFO - [2024-07-07T20:21:16.704-0300] {dagbag.py:545} INFO - Filling up the DagBag from /home/johnny/airflow/lib/python3.12/site-packages/airflow/example_dags/tutorial_dag.py
[2024-07-07T20:21:16.718-0300] {processor.py:840} INFO - DAG(s) 'tutorial_dag' retrieved from /home/johnny/airflow/lib/python3.12/site-packages/airflow/example_dags/tutorial_dag.py
[2024-07-07T20:21:16.757-0300] {logging_mixin.py:188} INFO - [2024-07-07T20:21:16.757-0300] {dag.py:3096} INFO - Sync 1 DAGs
[2024-07-07T20:21:16.784-0300] {logging_mixin.py:188} INFO - [2024-07-07T20:21:16.783-0300] {dag.py:3954} INFO - Setting next_dagrun for tutorial_dag to None, run_after=None
[2024-07-07T20:21:16.846-0300] {processor.py:183} INFO - Processing /home/johnny/airflow/lib/python3.12/site-packages/airflow/example_dags/tutorial_dag.py took 0.166 seconds
[2024-07-07T20:22:19.453-0300] {processor.py:161} INFO - Started process (PID=41337) to work on /home/johnny/airflow/lib/python3.12/site-packages/airflow/example_dags/tutorial_dag.py
[2024-07-07T20:22:19.455-0300] {processor.py:830} INFO - Processing file /home/johnny/airflow/lib/python3.12/site-packages/airflow/example_dags/tutorial_dag.py for tasks to queue
[2024-07-07T20:22:19.458-0300] {logging_mixin.py:188} INFO - [2024-07-07T20:22:19.457-0300] {dagbag.py:545} INFO - Filling up the DagBag from /home/johnny/airflow/lib/python3.12/site-packages/airflow/example_dags/tutorial_dag.py
[2024-07-07T20:22:19.476-0300] {processor.py:840} INFO - DAG(s) 'tutorial_dag' retrieved from /home/johnny/airflow/lib/python3.12/site-packages/airflow/example_dags/tutorial_dag.py
[2024-07-07T20:22:19.520-0300] {logging_mixin.py:188} INFO - [2024-07-07T20:22:19.519-0300] {dag.py:3096} INFO - Sync 1 DAGs
[2024-07-07T20:22:19.551-0300] {logging_mixin.py:188} INFO - [2024-07-07T20:22:19.551-0300] {dag.py:3954} INFO - Setting next_dagrun for tutorial_dag to None, run_after=None
[2024-07-07T20:22:19.593-0300] {processor.py:183} INFO - Processing /home/johnny/airflow/lib/python3.12/site-packages/airflow/example_dags/tutorial_dag.py took 0.152 seconds
[2024-07-07T20:23:22.952-0300] {processor.py:161} INFO - Started process (PID=41515) to work on /home/johnny/airflow/lib/python3.12/site-packages/airflow/example_dags/tutorial_dag.py
[2024-07-07T20:23:22.955-0300] {processor.py:830} INFO - Processing file /home/johnny/airflow/lib/python3.12/site-packages/airflow/example_dags/tutorial_dag.py for tasks to queue
[2024-07-07T20:23:22.957-0300] {logging_mixin.py:188} INFO - [2024-07-07T20:23:22.956-0300] {dagbag.py:545} INFO - Filling up the DagBag from /home/johnny/airflow/lib/python3.12/site-packages/airflow/example_dags/tutorial_dag.py
[2024-07-07T20:23:22.969-0300] {processor.py:840} INFO - DAG(s) 'tutorial_dag' retrieved from /home/johnny/airflow/lib/python3.12/site-packages/airflow/example_dags/tutorial_dag.py
[2024-07-07T20:23:23.005-0300] {logging_mixin.py:188} INFO - [2024-07-07T20:23:23.005-0300] {dag.py:3096} INFO - Sync 1 DAGs
[2024-07-07T20:23:23.026-0300] {logging_mixin.py:188} INFO - [2024-07-07T20:23:23.026-0300] {dag.py:3954} INFO - Setting next_dagrun for tutorial_dag to None, run_after=None
[2024-07-07T20:23:23.072-0300] {processor.py:183} INFO - Processing /home/johnny/airflow/lib/python3.12/site-packages/airflow/example_dags/tutorial_dag.py took 0.134 seconds
[2024-07-07T20:24:27.193-0300] {processor.py:161} INFO - Started process (PID=41689) to work on /home/johnny/airflow/lib/python3.12/site-packages/airflow/example_dags/tutorial_dag.py
[2024-07-07T20:24:27.197-0300] {processor.py:830} INFO - Processing file /home/johnny/airflow/lib/python3.12/site-packages/airflow/example_dags/tutorial_dag.py for tasks to queue
[2024-07-07T20:24:27.199-0300] {logging_mixin.py:188} INFO - [2024-07-07T20:24:27.198-0300] {dagbag.py:545} INFO - Filling up the DagBag from /home/johnny/airflow/lib/python3.12/site-packages/airflow/example_dags/tutorial_dag.py
[2024-07-07T20:24:27.212-0300] {processor.py:840} INFO - DAG(s) 'tutorial_dag' retrieved from /home/johnny/airflow/lib/python3.12/site-packages/airflow/example_dags/tutorial_dag.py
[2024-07-07T20:24:27.242-0300] {logging_mixin.py:188} INFO - [2024-07-07T20:24:27.241-0300] {dag.py:3096} INFO - Sync 1 DAGs
[2024-07-07T20:24:27.261-0300] {logging_mixin.py:188} INFO - [2024-07-07T20:24:27.261-0300] {dag.py:3954} INFO - Setting next_dagrun for tutorial_dag to None, run_after=None
[2024-07-07T20:24:27.314-0300] {processor.py:183} INFO - Processing /home/johnny/airflow/lib/python3.12/site-packages/airflow/example_dags/tutorial_dag.py took 0.134 seconds
[2024-07-07T20:25:27.253-0300] {processor.py:161} INFO - Started process (PID=41845) to work on /home/johnny/airflow/lib/python3.12/site-packages/airflow/example_dags/tutorial_dag.py
[2024-07-07T20:25:27.259-0300] {processor.py:830} INFO - Processing file /home/johnny/airflow/lib/python3.12/site-packages/airflow/example_dags/tutorial_dag.py for tasks to queue
[2024-07-07T20:25:27.262-0300] {logging_mixin.py:188} INFO - [2024-07-07T20:25:27.260-0300] {dagbag.py:545} INFO - Filling up the DagBag from /home/johnny/airflow/lib/python3.12/site-packages/airflow/example_dags/tutorial_dag.py
[2024-07-07T20:25:27.273-0300] {processor.py:840} INFO - DAG(s) 'tutorial_dag' retrieved from /home/johnny/airflow/lib/python3.12/site-packages/airflow/example_dags/tutorial_dag.py
[2024-07-07T20:25:27.305-0300] {logging_mixin.py:188} INFO - [2024-07-07T20:25:27.305-0300] {dag.py:3096} INFO - Sync 1 DAGs
[2024-07-07T20:25:27.326-0300] {logging_mixin.py:188} INFO - [2024-07-07T20:25:27.326-0300] {dag.py:3954} INFO - Setting next_dagrun for tutorial_dag to None, run_after=None
[2024-07-07T20:25:27.362-0300] {processor.py:183} INFO - Processing /home/johnny/airflow/lib/python3.12/site-packages/airflow/example_dags/tutorial_dag.py took 0.120 seconds
[2024-07-07T20:26:27.593-0300] {processor.py:161} INFO - Started process (PID=42012) to work on /home/johnny/airflow/lib/python3.12/site-packages/airflow/example_dags/tutorial_dag.py
[2024-07-07T20:26:27.596-0300] {processor.py:830} INFO - Processing file /home/johnny/airflow/lib/python3.12/site-packages/airflow/example_dags/tutorial_dag.py for tasks to queue
[2024-07-07T20:26:27.598-0300] {logging_mixin.py:188} INFO - [2024-07-07T20:26:27.597-0300] {dagbag.py:545} INFO - Filling up the DagBag from /home/johnny/airflow/lib/python3.12/site-packages/airflow/example_dags/tutorial_dag.py
[2024-07-07T20:26:27.609-0300] {processor.py:840} INFO - DAG(s) 'tutorial_dag' retrieved from /home/johnny/airflow/lib/python3.12/site-packages/airflow/example_dags/tutorial_dag.py
[2024-07-07T20:26:27.641-0300] {logging_mixin.py:188} INFO - [2024-07-07T20:26:27.640-0300] {dag.py:3096} INFO - Sync 1 DAGs
[2024-07-07T20:26:27.663-0300] {logging_mixin.py:188} INFO - [2024-07-07T20:26:27.663-0300] {dag.py:3954} INFO - Setting next_dagrun for tutorial_dag to None, run_after=None
[2024-07-07T20:26:27.707-0300] {processor.py:183} INFO - Processing /home/johnny/airflow/lib/python3.12/site-packages/airflow/example_dags/tutorial_dag.py took 0.123 seconds
[2024-07-07T20:27:33.729-0300] {processor.py:161} INFO - Started process (PID=42192) to work on /home/johnny/airflow/lib/python3.12/site-packages/airflow/example_dags/tutorial_dag.py
[2024-07-07T20:27:33.731-0300] {processor.py:830} INFO - Processing file /home/johnny/airflow/lib/python3.12/site-packages/airflow/example_dags/tutorial_dag.py for tasks to queue
[2024-07-07T20:27:33.733-0300] {logging_mixin.py:188} INFO - [2024-07-07T20:27:33.732-0300] {dagbag.py:545} INFO - Filling up the DagBag from /home/johnny/airflow/lib/python3.12/site-packages/airflow/example_dags/tutorial_dag.py
[2024-07-07T20:27:33.744-0300] {processor.py:840} INFO - DAG(s) 'tutorial_dag' retrieved from /home/johnny/airflow/lib/python3.12/site-packages/airflow/example_dags/tutorial_dag.py
[2024-07-07T20:27:33.774-0300] {logging_mixin.py:188} INFO - [2024-07-07T20:27:33.773-0300] {dag.py:3096} INFO - Sync 1 DAGs
[2024-07-07T20:27:33.793-0300] {logging_mixin.py:188} INFO - [2024-07-07T20:27:33.793-0300] {dag.py:3954} INFO - Setting next_dagrun for tutorial_dag to None, run_after=None
[2024-07-07T20:27:33.842-0300] {processor.py:183} INFO - Processing /home/johnny/airflow/lib/python3.12/site-packages/airflow/example_dags/tutorial_dag.py took 0.125 seconds
[2024-07-07T20:28:45.525-0300] {processor.py:161} INFO - Started process (PID=42385) to work on /home/johnny/airflow/lib/python3.12/site-packages/airflow/example_dags/tutorial_dag.py
[2024-07-07T20:28:45.527-0300] {processor.py:830} INFO - Processing file /home/johnny/airflow/lib/python3.12/site-packages/airflow/example_dags/tutorial_dag.py for tasks to queue
[2024-07-07T20:28:45.530-0300] {logging_mixin.py:188} INFO - [2024-07-07T20:28:45.529-0300] {dagbag.py:545} INFO - Filling up the DagBag from /home/johnny/airflow/lib/python3.12/site-packages/airflow/example_dags/tutorial_dag.py
[2024-07-07T20:28:45.542-0300] {processor.py:840} INFO - DAG(s) 'tutorial_dag' retrieved from /home/johnny/airflow/lib/python3.12/site-packages/airflow/example_dags/tutorial_dag.py
[2024-07-07T20:28:45.576-0300] {logging_mixin.py:188} INFO - [2024-07-07T20:28:45.575-0300] {dag.py:3096} INFO - Sync 1 DAGs
[2024-07-07T20:28:45.605-0300] {logging_mixin.py:188} INFO - [2024-07-07T20:28:45.604-0300] {dag.py:3954} INFO - Setting next_dagrun for tutorial_dag to None, run_after=None
[2024-07-07T20:28:45.653-0300] {processor.py:183} INFO - Processing /home/johnny/airflow/lib/python3.12/site-packages/airflow/example_dags/tutorial_dag.py took 0.140 seconds
[2024-07-07T20:29:50.450-0300] {processor.py:161} INFO - Started process (PID=42565) to work on /home/johnny/airflow/lib/python3.12/site-packages/airflow/example_dags/tutorial_dag.py
[2024-07-07T20:29:50.452-0300] {processor.py:830} INFO - Processing file /home/johnny/airflow/lib/python3.12/site-packages/airflow/example_dags/tutorial_dag.py for tasks to queue
[2024-07-07T20:29:50.454-0300] {logging_mixin.py:188} INFO - [2024-07-07T20:29:50.453-0300] {dagbag.py:545} INFO - Filling up the DagBag from /home/johnny/airflow/lib/python3.12/site-packages/airflow/example_dags/tutorial_dag.py
[2024-07-07T20:29:50.465-0300] {processor.py:840} INFO - DAG(s) 'tutorial_dag' retrieved from /home/johnny/airflow/lib/python3.12/site-packages/airflow/example_dags/tutorial_dag.py
[2024-07-07T20:29:50.497-0300] {logging_mixin.py:188} INFO - [2024-07-07T20:29:50.496-0300] {dag.py:3096} INFO - Sync 1 DAGs
[2024-07-07T20:29:50.518-0300] {logging_mixin.py:188} INFO - [2024-07-07T20:29:50.518-0300] {dag.py:3954} INFO - Setting next_dagrun for tutorial_dag to None, run_after=None
[2024-07-07T20:29:50.560-0300] {processor.py:183} INFO - Processing /home/johnny/airflow/lib/python3.12/site-packages/airflow/example_dags/tutorial_dag.py took 0.122 seconds
[2024-07-07T20:30:56.250-0300] {processor.py:161} INFO - Started process (PID=42747) to work on /home/johnny/airflow/lib/python3.12/site-packages/airflow/example_dags/tutorial_dag.py
[2024-07-07T20:30:56.253-0300] {processor.py:830} INFO - Processing file /home/johnny/airflow/lib/python3.12/site-packages/airflow/example_dags/tutorial_dag.py for tasks to queue
[2024-07-07T20:30:56.255-0300] {logging_mixin.py:188} INFO - [2024-07-07T20:30:56.255-0300] {dagbag.py:545} INFO - Filling up the DagBag from /home/johnny/airflow/lib/python3.12/site-packages/airflow/example_dags/tutorial_dag.py
[2024-07-07T20:30:56.266-0300] {processor.py:840} INFO - DAG(s) 'tutorial_dag' retrieved from /home/johnny/airflow/lib/python3.12/site-packages/airflow/example_dags/tutorial_dag.py
[2024-07-07T20:30:56.297-0300] {logging_mixin.py:188} INFO - [2024-07-07T20:30:56.296-0300] {dag.py:3096} INFO - Sync 1 DAGs
[2024-07-07T20:30:56.318-0300] {logging_mixin.py:188} INFO - [2024-07-07T20:30:56.318-0300] {dag.py:3954} INFO - Setting next_dagrun for tutorial_dag to None, run_after=None
[2024-07-07T20:30:56.366-0300] {processor.py:183} INFO - Processing /home/johnny/airflow/lib/python3.12/site-packages/airflow/example_dags/tutorial_dag.py took 0.128 seconds
[2024-07-07T20:31:57.441-0300] {processor.py:161} INFO - Started process (PID=42919) to work on /home/johnny/airflow/lib/python3.12/site-packages/airflow/example_dags/tutorial_dag.py
[2024-07-07T20:31:57.443-0300] {processor.py:830} INFO - Processing file /home/johnny/airflow/lib/python3.12/site-packages/airflow/example_dags/tutorial_dag.py for tasks to queue
[2024-07-07T20:31:57.446-0300] {logging_mixin.py:188} INFO - [2024-07-07T20:31:57.445-0300] {dagbag.py:545} INFO - Filling up the DagBag from /home/johnny/airflow/lib/python3.12/site-packages/airflow/example_dags/tutorial_dag.py
[2024-07-07T20:31:57.459-0300] {processor.py:840} INFO - DAG(s) 'tutorial_dag' retrieved from /home/johnny/airflow/lib/python3.12/site-packages/airflow/example_dags/tutorial_dag.py
[2024-07-07T20:31:57.488-0300] {logging_mixin.py:188} INFO - [2024-07-07T20:31:57.488-0300] {dag.py:3096} INFO - Sync 1 DAGs
[2024-07-07T20:31:57.508-0300] {logging_mixin.py:188} INFO - [2024-07-07T20:31:57.507-0300] {dag.py:3954} INFO - Setting next_dagrun for tutorial_dag to None, run_after=None
[2024-07-07T20:31:57.553-0300] {processor.py:183} INFO - Processing /home/johnny/airflow/lib/python3.12/site-packages/airflow/example_dags/tutorial_dag.py took 0.124 seconds
[2024-07-07T20:33:12.693-0300] {processor.py:161} INFO - Started process (PID=43133) to work on /home/johnny/airflow/lib/python3.12/site-packages/airflow/example_dags/tutorial_dag.py
[2024-07-07T20:33:12.695-0300] {processor.py:830} INFO - Processing file /home/johnny/airflow/lib/python3.12/site-packages/airflow/example_dags/tutorial_dag.py for tasks to queue
[2024-07-07T20:33:12.698-0300] {logging_mixin.py:188} INFO - [2024-07-07T20:33:12.697-0300] {dagbag.py:545} INFO - Filling up the DagBag from /home/johnny/airflow/lib/python3.12/site-packages/airflow/example_dags/tutorial_dag.py
[2024-07-07T20:33:12.707-0300] {processor.py:840} INFO - DAG(s) 'tutorial_dag' retrieved from /home/johnny/airflow/lib/python3.12/site-packages/airflow/example_dags/tutorial_dag.py
[2024-07-07T20:33:12.737-0300] {logging_mixin.py:188} INFO - [2024-07-07T20:33:12.736-0300] {dag.py:3096} INFO - Sync 1 DAGs
[2024-07-07T20:33:12.762-0300] {logging_mixin.py:188} INFO - [2024-07-07T20:33:12.761-0300] {dag.py:3954} INFO - Setting next_dagrun for tutorial_dag to None, run_after=None
[2024-07-07T20:33:12.814-0300] {processor.py:183} INFO - Processing /home/johnny/airflow/lib/python3.12/site-packages/airflow/example_dags/tutorial_dag.py took 0.136 seconds
[2024-07-07T20:34:35.220-0300] {processor.py:161} INFO - Started process (PID=43375) to work on /home/johnny/airflow/lib/python3.12/site-packages/airflow/example_dags/tutorial_dag.py
[2024-07-07T20:34:35.226-0300] {processor.py:830} INFO - Processing file /home/johnny/airflow/lib/python3.12/site-packages/airflow/example_dags/tutorial_dag.py for tasks to queue
[2024-07-07T20:34:35.229-0300] {logging_mixin.py:188} INFO - [2024-07-07T20:34:35.228-0300] {dagbag.py:545} INFO - Filling up the DagBag from /home/johnny/airflow/lib/python3.12/site-packages/airflow/example_dags/tutorial_dag.py
[2024-07-07T20:34:35.243-0300] {processor.py:840} INFO - DAG(s) 'tutorial_dag' retrieved from /home/johnny/airflow/lib/python3.12/site-packages/airflow/example_dags/tutorial_dag.py
[2024-07-07T20:34:35.277-0300] {logging_mixin.py:188} INFO - [2024-07-07T20:34:35.276-0300] {dag.py:3096} INFO - Sync 1 DAGs
[2024-07-07T20:34:35.297-0300] {logging_mixin.py:188} INFO - [2024-07-07T20:34:35.296-0300] {dag.py:3954} INFO - Setting next_dagrun for tutorial_dag to None, run_after=None
[2024-07-07T20:34:35.333-0300] {processor.py:183} INFO - Processing /home/johnny/airflow/lib/python3.12/site-packages/airflow/example_dags/tutorial_dag.py took 0.125 seconds
[2024-07-07T20:35:38.116-0300] {processor.py:161} INFO - Started process (PID=43543) to work on /home/johnny/airflow/lib/python3.12/site-packages/airflow/example_dags/tutorial_dag.py
[2024-07-07T20:35:38.119-0300] {processor.py:830} INFO - Processing file /home/johnny/airflow/lib/python3.12/site-packages/airflow/example_dags/tutorial_dag.py for tasks to queue
[2024-07-07T20:35:38.121-0300] {logging_mixin.py:188} INFO - [2024-07-07T20:35:38.120-0300] {dagbag.py:545} INFO - Filling up the DagBag from /home/johnny/airflow/lib/python3.12/site-packages/airflow/example_dags/tutorial_dag.py
[2024-07-07T20:35:38.133-0300] {processor.py:840} INFO - DAG(s) 'tutorial_dag' retrieved from /home/johnny/airflow/lib/python3.12/site-packages/airflow/example_dags/tutorial_dag.py
[2024-07-07T20:35:38.161-0300] {logging_mixin.py:188} INFO - [2024-07-07T20:35:38.160-0300] {dag.py:3096} INFO - Sync 1 DAGs
[2024-07-07T20:35:38.179-0300] {logging_mixin.py:188} INFO - [2024-07-07T20:35:38.179-0300] {dag.py:3954} INFO - Setting next_dagrun for tutorial_dag to None, run_after=None
[2024-07-07T20:35:38.221-0300] {processor.py:183} INFO - Processing /home/johnny/airflow/lib/python3.12/site-packages/airflow/example_dags/tutorial_dag.py took 0.116 seconds
[2024-07-07T20:36:42.553-0300] {processor.py:161} INFO - Started process (PID=43718) to work on /home/johnny/airflow/lib/python3.12/site-packages/airflow/example_dags/tutorial_dag.py
[2024-07-07T20:36:42.556-0300] {processor.py:830} INFO - Processing file /home/johnny/airflow/lib/python3.12/site-packages/airflow/example_dags/tutorial_dag.py for tasks to queue
[2024-07-07T20:36:42.558-0300] {logging_mixin.py:188} INFO - [2024-07-07T20:36:42.557-0300] {dagbag.py:545} INFO - Filling up the DagBag from /home/johnny/airflow/lib/python3.12/site-packages/airflow/example_dags/tutorial_dag.py
[2024-07-07T20:36:42.572-0300] {processor.py:840} INFO - DAG(s) 'tutorial_dag' retrieved from /home/johnny/airflow/lib/python3.12/site-packages/airflow/example_dags/tutorial_dag.py
[2024-07-07T20:36:42.601-0300] {logging_mixin.py:188} INFO - [2024-07-07T20:36:42.600-0300] {dag.py:3096} INFO - Sync 1 DAGs
[2024-07-07T20:36:42.632-0300] {logging_mixin.py:188} INFO - [2024-07-07T20:36:42.632-0300] {dag.py:3954} INFO - Setting next_dagrun for tutorial_dag to None, run_after=None
[2024-07-07T20:36:42.688-0300] {processor.py:183} INFO - Processing /home/johnny/airflow/lib/python3.12/site-packages/airflow/example_dags/tutorial_dag.py took 0.149 seconds
[2024-07-07T20:37:46.686-0300] {processor.py:161} INFO - Started process (PID=43896) to work on /home/johnny/airflow/lib/python3.12/site-packages/airflow/example_dags/tutorial_dag.py
[2024-07-07T20:37:46.689-0300] {processor.py:830} INFO - Processing file /home/johnny/airflow/lib/python3.12/site-packages/airflow/example_dags/tutorial_dag.py for tasks to queue
[2024-07-07T20:37:46.691-0300] {logging_mixin.py:188} INFO - [2024-07-07T20:37:46.690-0300] {dagbag.py:545} INFO - Filling up the DagBag from /home/johnny/airflow/lib/python3.12/site-packages/airflow/example_dags/tutorial_dag.py
[2024-07-07T20:37:46.706-0300] {processor.py:840} INFO - DAG(s) 'tutorial_dag' retrieved from /home/johnny/airflow/lib/python3.12/site-packages/airflow/example_dags/tutorial_dag.py
[2024-07-07T20:37:46.749-0300] {logging_mixin.py:188} INFO - [2024-07-07T20:37:46.748-0300] {dag.py:3096} INFO - Sync 1 DAGs
[2024-07-07T20:37:46.775-0300] {logging_mixin.py:188} INFO - [2024-07-07T20:37:46.775-0300] {dag.py:3954} INFO - Setting next_dagrun for tutorial_dag to None, run_after=None
[2024-07-07T20:37:46.825-0300] {processor.py:183} INFO - Processing /home/johnny/airflow/lib/python3.12/site-packages/airflow/example_dags/tutorial_dag.py took 0.151 seconds
[2024-07-07T20:38:46.696-0300] {processor.py:161} INFO - Started process (PID=44051) to work on /home/johnny/airflow/lib/python3.12/site-packages/airflow/example_dags/tutorial_dag.py
[2024-07-07T20:38:46.698-0300] {processor.py:830} INFO - Processing file /home/johnny/airflow/lib/python3.12/site-packages/airflow/example_dags/tutorial_dag.py for tasks to queue
[2024-07-07T20:38:46.700-0300] {logging_mixin.py:188} INFO - [2024-07-07T20:38:46.699-0300] {dagbag.py:545} INFO - Filling up the DagBag from /home/johnny/airflow/lib/python3.12/site-packages/airflow/example_dags/tutorial_dag.py
[2024-07-07T20:38:46.711-0300] {processor.py:840} INFO - DAG(s) 'tutorial_dag' retrieved from /home/johnny/airflow/lib/python3.12/site-packages/airflow/example_dags/tutorial_dag.py
[2024-07-07T20:38:46.743-0300] {logging_mixin.py:188} INFO - [2024-07-07T20:38:46.742-0300] {dag.py:3096} INFO - Sync 1 DAGs
[2024-07-07T20:38:46.776-0300] {logging_mixin.py:188} INFO - [2024-07-07T20:38:46.775-0300] {dag.py:3954} INFO - Setting next_dagrun for tutorial_dag to None, run_after=None
[2024-07-07T20:38:46.832-0300] {processor.py:183} INFO - Processing /home/johnny/airflow/lib/python3.12/site-packages/airflow/example_dags/tutorial_dag.py took 0.147 seconds
[2024-07-07T20:39:56.387-0300] {processor.py:161} INFO - Started process (PID=44234) to work on /home/johnny/airflow/lib/python3.12/site-packages/airflow/example_dags/tutorial_dag.py
[2024-07-07T20:39:56.390-0300] {processor.py:830} INFO - Processing file /home/johnny/airflow/lib/python3.12/site-packages/airflow/example_dags/tutorial_dag.py for tasks to queue
[2024-07-07T20:39:56.393-0300] {logging_mixin.py:188} INFO - [2024-07-07T20:39:56.392-0300] {dagbag.py:545} INFO - Filling up the DagBag from /home/johnny/airflow/lib/python3.12/site-packages/airflow/example_dags/tutorial_dag.py
[2024-07-07T20:39:56.404-0300] {processor.py:840} INFO - DAG(s) 'tutorial_dag' retrieved from /home/johnny/airflow/lib/python3.12/site-packages/airflow/example_dags/tutorial_dag.py
[2024-07-07T20:39:56.439-0300] {logging_mixin.py:188} INFO - [2024-07-07T20:39:56.438-0300] {dag.py:3096} INFO - Sync 1 DAGs
[2024-07-07T20:39:56.469-0300] {logging_mixin.py:188} INFO - [2024-07-07T20:39:56.468-0300] {dag.py:3954} INFO - Setting next_dagrun for tutorial_dag to None, run_after=None
[2024-07-07T20:39:56.521-0300] {processor.py:183} INFO - Processing /home/johnny/airflow/lib/python3.12/site-packages/airflow/example_dags/tutorial_dag.py took 0.146 seconds
[2024-07-07T20:41:03.189-0300] {processor.py:161} INFO - Started process (PID=44415) to work on /home/johnny/airflow/lib/python3.12/site-packages/airflow/example_dags/tutorial_dag.py
[2024-07-07T20:41:03.199-0300] {processor.py:830} INFO - Processing file /home/johnny/airflow/lib/python3.12/site-packages/airflow/example_dags/tutorial_dag.py for tasks to queue
[2024-07-07T20:41:03.202-0300] {logging_mixin.py:188} INFO - [2024-07-07T20:41:03.201-0300] {dagbag.py:545} INFO - Filling up the DagBag from /home/johnny/airflow/lib/python3.12/site-packages/airflow/example_dags/tutorial_dag.py
[2024-07-07T20:41:03.222-0300] {processor.py:840} INFO - DAG(s) 'tutorial_dag' retrieved from /home/johnny/airflow/lib/python3.12/site-packages/airflow/example_dags/tutorial_dag.py
[2024-07-07T20:41:03.281-0300] {logging_mixin.py:188} INFO - [2024-07-07T20:41:03.280-0300] {dag.py:3096} INFO - Sync 1 DAGs
[2024-07-07T20:41:03.317-0300] {logging_mixin.py:188} INFO - [2024-07-07T20:41:03.317-0300] {dag.py:3954} INFO - Setting next_dagrun for tutorial_dag to None, run_after=None
[2024-07-07T20:41:03.359-0300] {processor.py:183} INFO - Processing /home/johnny/airflow/lib/python3.12/site-packages/airflow/example_dags/tutorial_dag.py took 0.189 seconds
[2024-07-07T20:42:13.652-0300] {processor.py:161} INFO - Started process (PID=44614) to work on /home/johnny/airflow/lib/python3.12/site-packages/airflow/example_dags/tutorial_dag.py
[2024-07-07T20:42:13.658-0300] {processor.py:830} INFO - Processing file /home/johnny/airflow/lib/python3.12/site-packages/airflow/example_dags/tutorial_dag.py for tasks to queue
[2024-07-07T20:42:13.661-0300] {logging_mixin.py:188} INFO - [2024-07-07T20:42:13.660-0300] {dagbag.py:545} INFO - Filling up the DagBag from /home/johnny/airflow/lib/python3.12/site-packages/airflow/example_dags/tutorial_dag.py
[2024-07-07T20:42:13.672-0300] {processor.py:840} INFO - DAG(s) 'tutorial_dag' retrieved from /home/johnny/airflow/lib/python3.12/site-packages/airflow/example_dags/tutorial_dag.py
[2024-07-07T20:42:13.707-0300] {logging_mixin.py:188} INFO - [2024-07-07T20:42:13.707-0300] {dag.py:3096} INFO - Sync 1 DAGs
[2024-07-07T20:42:13.742-0300] {logging_mixin.py:188} INFO - [2024-07-07T20:42:13.741-0300] {dag.py:3954} INFO - Setting next_dagrun for tutorial_dag to None, run_after=None
[2024-07-07T20:42:13.801-0300] {processor.py:183} INFO - Processing /home/johnny/airflow/lib/python3.12/site-packages/airflow/example_dags/tutorial_dag.py took 0.160 seconds
[2024-07-07T20:43:17.381-0300] {processor.py:161} INFO - Started process (PID=44783) to work on /home/johnny/airflow/lib/python3.12/site-packages/airflow/example_dags/tutorial_dag.py
[2024-07-07T20:43:17.387-0300] {processor.py:830} INFO - Processing file /home/johnny/airflow/lib/python3.12/site-packages/airflow/example_dags/tutorial_dag.py for tasks to queue
[2024-07-07T20:43:17.390-0300] {logging_mixin.py:188} INFO - [2024-07-07T20:43:17.389-0300] {dagbag.py:545} INFO - Filling up the DagBag from /home/johnny/airflow/lib/python3.12/site-packages/airflow/example_dags/tutorial_dag.py
[2024-07-07T20:43:17.404-0300] {processor.py:840} INFO - DAG(s) 'tutorial_dag' retrieved from /home/johnny/airflow/lib/python3.12/site-packages/airflow/example_dags/tutorial_dag.py
[2024-07-07T20:43:17.438-0300] {logging_mixin.py:188} INFO - [2024-07-07T20:43:17.437-0300] {dag.py:3096} INFO - Sync 1 DAGs
[2024-07-07T20:43:17.464-0300] {logging_mixin.py:188} INFO - [2024-07-07T20:43:17.464-0300] {dag.py:3954} INFO - Setting next_dagrun for tutorial_dag to None, run_after=None
[2024-07-07T20:43:17.517-0300] {processor.py:183} INFO - Processing /home/johnny/airflow/lib/python3.12/site-packages/airflow/example_dags/tutorial_dag.py took 0.150 seconds
[2024-07-07T20:44:24.483-0300] {processor.py:161} INFO - Started process (PID=44960) to work on /home/johnny/airflow/lib/python3.12/site-packages/airflow/example_dags/tutorial_dag.py
[2024-07-07T20:44:24.489-0300] {processor.py:830} INFO - Processing file /home/johnny/airflow/lib/python3.12/site-packages/airflow/example_dags/tutorial_dag.py for tasks to queue
[2024-07-07T20:44:24.491-0300] {logging_mixin.py:188} INFO - [2024-07-07T20:44:24.490-0300] {dagbag.py:545} INFO - Filling up the DagBag from /home/johnny/airflow/lib/python3.12/site-packages/airflow/example_dags/tutorial_dag.py
[2024-07-07T20:44:24.501-0300] {processor.py:840} INFO - DAG(s) 'tutorial_dag' retrieved from /home/johnny/airflow/lib/python3.12/site-packages/airflow/example_dags/tutorial_dag.py
[2024-07-07T20:44:24.535-0300] {logging_mixin.py:188} INFO - [2024-07-07T20:44:24.535-0300] {dag.py:3096} INFO - Sync 1 DAGs
[2024-07-07T20:44:24.563-0300] {logging_mixin.py:188} INFO - [2024-07-07T20:44:24.563-0300] {dag.py:3954} INFO - Setting next_dagrun for tutorial_dag to None, run_after=None
[2024-07-07T20:44:24.620-0300] {processor.py:183} INFO - Processing /home/johnny/airflow/lib/python3.12/site-packages/airflow/example_dags/tutorial_dag.py took 0.148 seconds
[2024-07-07T20:45:33.396-0300] {processor.py:161} INFO - Started process (PID=45153) to work on /home/johnny/airflow/lib/python3.12/site-packages/airflow/example_dags/tutorial_dag.py
[2024-07-07T20:45:33.403-0300] {processor.py:830} INFO - Processing file /home/johnny/airflow/lib/python3.12/site-packages/airflow/example_dags/tutorial_dag.py for tasks to queue
[2024-07-07T20:45:33.406-0300] {logging_mixin.py:188} INFO - [2024-07-07T20:45:33.405-0300] {dagbag.py:545} INFO - Filling up the DagBag from /home/johnny/airflow/lib/python3.12/site-packages/airflow/example_dags/tutorial_dag.py
[2024-07-07T20:45:33.418-0300] {processor.py:840} INFO - DAG(s) 'tutorial_dag' retrieved from /home/johnny/airflow/lib/python3.12/site-packages/airflow/example_dags/tutorial_dag.py
[2024-07-07T20:45:33.459-0300] {logging_mixin.py:188} INFO - [2024-07-07T20:45:33.458-0300] {dag.py:3096} INFO - Sync 1 DAGs
[2024-07-07T20:45:33.491-0300] {logging_mixin.py:188} INFO - [2024-07-07T20:45:33.490-0300] {dag.py:3954} INFO - Setting next_dagrun for tutorial_dag to None, run_after=None
[2024-07-07T20:45:33.540-0300] {processor.py:183} INFO - Processing /home/johnny/airflow/lib/python3.12/site-packages/airflow/example_dags/tutorial_dag.py took 0.157 seconds
[2024-07-07T20:46:39.017-0300] {processor.py:161} INFO - Started process (PID=45329) to work on /home/johnny/airflow/lib/python3.12/site-packages/airflow/example_dags/tutorial_dag.py
[2024-07-07T20:46:39.019-0300] {processor.py:830} INFO - Processing file /home/johnny/airflow/lib/python3.12/site-packages/airflow/example_dags/tutorial_dag.py for tasks to queue
[2024-07-07T20:46:39.022-0300] {logging_mixin.py:188} INFO - [2024-07-07T20:46:39.021-0300] {dagbag.py:545} INFO - Filling up the DagBag from /home/johnny/airflow/lib/python3.12/site-packages/airflow/example_dags/tutorial_dag.py
[2024-07-07T20:46:39.033-0300] {processor.py:840} INFO - DAG(s) 'tutorial_dag' retrieved from /home/johnny/airflow/lib/python3.12/site-packages/airflow/example_dags/tutorial_dag.py
[2024-07-07T20:46:39.059-0300] {logging_mixin.py:188} INFO - [2024-07-07T20:46:39.058-0300] {dag.py:3096} INFO - Sync 1 DAGs
[2024-07-07T20:46:39.085-0300] {logging_mixin.py:188} INFO - [2024-07-07T20:46:39.084-0300] {dag.py:3954} INFO - Setting next_dagrun for tutorial_dag to None, run_after=None
[2024-07-07T20:46:39.140-0300] {processor.py:183} INFO - Processing /home/johnny/airflow/lib/python3.12/site-packages/airflow/example_dags/tutorial_dag.py took 0.141 seconds
[2024-07-07T20:47:44.607-0300] {processor.py:161} INFO - Started process (PID=45507) to work on /home/johnny/airflow/lib/python3.12/site-packages/airflow/example_dags/tutorial_dag.py
[2024-07-07T20:47:44.613-0300] {processor.py:830} INFO - Processing file /home/johnny/airflow/lib/python3.12/site-packages/airflow/example_dags/tutorial_dag.py for tasks to queue
[2024-07-07T20:47:44.616-0300] {logging_mixin.py:188} INFO - [2024-07-07T20:47:44.615-0300] {dagbag.py:545} INFO - Filling up the DagBag from /home/johnny/airflow/lib/python3.12/site-packages/airflow/example_dags/tutorial_dag.py
[2024-07-07T20:47:44.627-0300] {processor.py:840} INFO - DAG(s) 'tutorial_dag' retrieved from /home/johnny/airflow/lib/python3.12/site-packages/airflow/example_dags/tutorial_dag.py
[2024-07-07T20:47:44.661-0300] {logging_mixin.py:188} INFO - [2024-07-07T20:47:44.660-0300] {dag.py:3096} INFO - Sync 1 DAGs
[2024-07-07T20:47:44.687-0300] {logging_mixin.py:188} INFO - [2024-07-07T20:47:44.687-0300] {dag.py:3954} INFO - Setting next_dagrun for tutorial_dag to None, run_after=None
[2024-07-07T20:47:44.747-0300] {processor.py:183} INFO - Processing /home/johnny/airflow/lib/python3.12/site-packages/airflow/example_dags/tutorial_dag.py took 0.150 seconds
[2024-07-07T20:48:51.793-0300] {processor.py:161} INFO - Started process (PID=45685) to work on /home/johnny/airflow/lib/python3.12/site-packages/airflow/example_dags/tutorial_dag.py
[2024-07-07T20:48:51.797-0300] {processor.py:830} INFO - Processing file /home/johnny/airflow/lib/python3.12/site-packages/airflow/example_dags/tutorial_dag.py for tasks to queue
[2024-07-07T20:48:51.799-0300] {logging_mixin.py:188} INFO - [2024-07-07T20:48:51.798-0300] {dagbag.py:545} INFO - Filling up the DagBag from /home/johnny/airflow/lib/python3.12/site-packages/airflow/example_dags/tutorial_dag.py
[2024-07-07T20:48:51.807-0300] {processor.py:840} INFO - DAG(s) 'tutorial_dag' retrieved from /home/johnny/airflow/lib/python3.12/site-packages/airflow/example_dags/tutorial_dag.py
[2024-07-07T20:48:51.833-0300] {logging_mixin.py:188} INFO - [2024-07-07T20:48:51.833-0300] {dag.py:3096} INFO - Sync 1 DAGs
[2024-07-07T20:48:51.845-0300] {logging_mixin.py:188} INFO - [2024-07-07T20:48:51.845-0300] {dag.py:3954} INFO - Setting next_dagrun for tutorial_dag to None, run_after=None
[2024-07-07T20:48:51.883-0300] {processor.py:183} INFO - Processing /home/johnny/airflow/lib/python3.12/site-packages/airflow/example_dags/tutorial_dag.py took 0.135 seconds
[2024-07-07T20:50:02.500-0300] {processor.py:161} INFO - Started process (PID=45868) to work on /home/johnny/airflow/lib/python3.12/site-packages/airflow/example_dags/tutorial_dag.py
[2024-07-07T20:50:02.506-0300] {processor.py:830} INFO - Processing file /home/johnny/airflow/lib/python3.12/site-packages/airflow/example_dags/tutorial_dag.py for tasks to queue
[2024-07-07T20:50:02.509-0300] {logging_mixin.py:188} INFO - [2024-07-07T20:50:02.508-0300] {dagbag.py:545} INFO - Filling up the DagBag from /home/johnny/airflow/lib/python3.12/site-packages/airflow/example_dags/tutorial_dag.py
[2024-07-07T20:50:02.521-0300] {processor.py:840} INFO - DAG(s) 'tutorial_dag' retrieved from /home/johnny/airflow/lib/python3.12/site-packages/airflow/example_dags/tutorial_dag.py
[2024-07-07T20:50:02.558-0300] {logging_mixin.py:188} INFO - [2024-07-07T20:50:02.557-0300] {dag.py:3096} INFO - Sync 1 DAGs
[2024-07-07T20:50:02.605-0300] {logging_mixin.py:188} INFO - [2024-07-07T20:50:02.604-0300] {dag.py:3954} INFO - Setting next_dagrun for tutorial_dag to None, run_after=None
[2024-07-07T20:50:02.668-0300] {processor.py:183} INFO - Processing /home/johnny/airflow/lib/python3.12/site-packages/airflow/example_dags/tutorial_dag.py took 0.181 seconds
[2024-07-07T20:51:14.260-0300] {processor.py:161} INFO - Started process (PID=46059) to work on /home/johnny/airflow/lib/python3.12/site-packages/airflow/example_dags/tutorial_dag.py
[2024-07-07T20:51:14.266-0300] {processor.py:830} INFO - Processing file /home/johnny/airflow/lib/python3.12/site-packages/airflow/example_dags/tutorial_dag.py for tasks to queue
[2024-07-07T20:51:14.268-0300] {logging_mixin.py:188} INFO - [2024-07-07T20:51:14.267-0300] {dagbag.py:545} INFO - Filling up the DagBag from /home/johnny/airflow/lib/python3.12/site-packages/airflow/example_dags/tutorial_dag.py
[2024-07-07T20:51:14.278-0300] {processor.py:840} INFO - DAG(s) 'tutorial_dag' retrieved from /home/johnny/airflow/lib/python3.12/site-packages/airflow/example_dags/tutorial_dag.py
[2024-07-07T20:51:14.311-0300] {logging_mixin.py:188} INFO - [2024-07-07T20:51:14.310-0300] {dag.py:3096} INFO - Sync 1 DAGs
[2024-07-07T20:51:14.337-0300] {logging_mixin.py:188} INFO - [2024-07-07T20:51:14.337-0300] {dag.py:3954} INFO - Setting next_dagrun for tutorial_dag to None, run_after=None
[2024-07-07T20:51:14.392-0300] {processor.py:183} INFO - Processing /home/johnny/airflow/lib/python3.12/site-packages/airflow/example_dags/tutorial_dag.py took 0.143 seconds
[2024-07-07T20:52:25.419-0300] {processor.py:161} INFO - Started process (PID=46253) to work on /home/johnny/airflow/lib/python3.12/site-packages/airflow/example_dags/tutorial_dag.py
[2024-07-07T20:52:25.425-0300] {processor.py:830} INFO - Processing file /home/johnny/airflow/lib/python3.12/site-packages/airflow/example_dags/tutorial_dag.py for tasks to queue
[2024-07-07T20:52:25.428-0300] {logging_mixin.py:188} INFO - [2024-07-07T20:52:25.426-0300] {dagbag.py:545} INFO - Filling up the DagBag from /home/johnny/airflow/lib/python3.12/site-packages/airflow/example_dags/tutorial_dag.py
[2024-07-07T20:52:25.439-0300] {processor.py:840} INFO - DAG(s) 'tutorial_dag' retrieved from /home/johnny/airflow/lib/python3.12/site-packages/airflow/example_dags/tutorial_dag.py
[2024-07-07T20:52:25.487-0300] {logging_mixin.py:188} INFO - [2024-07-07T20:52:25.486-0300] {dag.py:3096} INFO - Sync 1 DAGs
[2024-07-07T20:52:25.531-0300] {logging_mixin.py:188} INFO - [2024-07-07T20:52:25.530-0300] {dag.py:3954} INFO - Setting next_dagrun for tutorial_dag to None, run_after=None
[2024-07-07T20:52:25.587-0300] {processor.py:183} INFO - Processing /home/johnny/airflow/lib/python3.12/site-packages/airflow/example_dags/tutorial_dag.py took 0.180 seconds
[2024-07-07T20:53:29.573-0300] {processor.py:161} INFO - Started process (PID=46415) to work on /home/johnny/airflow/lib/python3.12/site-packages/airflow/example_dags/tutorial_dag.py
[2024-07-07T20:53:29.579-0300] {processor.py:830} INFO - Processing file /home/johnny/airflow/lib/python3.12/site-packages/airflow/example_dags/tutorial_dag.py for tasks to queue
[2024-07-07T20:53:29.582-0300] {logging_mixin.py:188} INFO - [2024-07-07T20:53:29.581-0300] {dagbag.py:545} INFO - Filling up the DagBag from /home/johnny/airflow/lib/python3.12/site-packages/airflow/example_dags/tutorial_dag.py
[2024-07-07T20:53:29.599-0300] {processor.py:840} INFO - DAG(s) 'tutorial_dag' retrieved from /home/johnny/airflow/lib/python3.12/site-packages/airflow/example_dags/tutorial_dag.py
[2024-07-07T20:53:29.638-0300] {logging_mixin.py:188} INFO - [2024-07-07T20:53:29.638-0300] {dag.py:3096} INFO - Sync 1 DAGs
[2024-07-07T20:53:29.676-0300] {logging_mixin.py:188} INFO - [2024-07-07T20:53:29.675-0300] {dag.py:3954} INFO - Setting next_dagrun for tutorial_dag to None, run_after=None
[2024-07-07T20:53:29.735-0300] {processor.py:183} INFO - Processing /home/johnny/airflow/lib/python3.12/site-packages/airflow/example_dags/tutorial_dag.py took 0.173 seconds
[2024-07-07T20:54:38.958-0300] {processor.py:161} INFO - Started process (PID=46599) to work on /home/johnny/airflow/lib/python3.12/site-packages/airflow/example_dags/tutorial_dag.py
[2024-07-07T20:54:38.961-0300] {processor.py:830} INFO - Processing file /home/johnny/airflow/lib/python3.12/site-packages/airflow/example_dags/tutorial_dag.py for tasks to queue
[2024-07-07T20:54:38.964-0300] {logging_mixin.py:188} INFO - [2024-07-07T20:54:38.963-0300] {dagbag.py:545} INFO - Filling up the DagBag from /home/johnny/airflow/lib/python3.12/site-packages/airflow/example_dags/tutorial_dag.py
[2024-07-07T20:54:38.978-0300] {processor.py:840} INFO - DAG(s) 'tutorial_dag' retrieved from /home/johnny/airflow/lib/python3.12/site-packages/airflow/example_dags/tutorial_dag.py
[2024-07-07T20:54:39.037-0300] {logging_mixin.py:188} INFO - [2024-07-07T20:54:39.036-0300] {dag.py:3096} INFO - Sync 1 DAGs
[2024-07-07T20:54:39.081-0300] {logging_mixin.py:188} INFO - [2024-07-07T20:54:39.080-0300] {dag.py:3954} INFO - Setting next_dagrun for tutorial_dag to None, run_after=None
[2024-07-07T20:54:39.135-0300] {processor.py:183} INFO - Processing /home/johnny/airflow/lib/python3.12/site-packages/airflow/example_dags/tutorial_dag.py took 0.195 seconds
[2024-07-07T20:55:46.365-0300] {processor.py:161} INFO - Started process (PID=46782) to work on /home/johnny/airflow/lib/python3.12/site-packages/airflow/example_dags/tutorial_dag.py
[2024-07-07T20:55:46.371-0300] {processor.py:830} INFO - Processing file /home/johnny/airflow/lib/python3.12/site-packages/airflow/example_dags/tutorial_dag.py for tasks to queue
[2024-07-07T20:55:46.374-0300] {logging_mixin.py:188} INFO - [2024-07-07T20:55:46.373-0300] {dagbag.py:545} INFO - Filling up the DagBag from /home/johnny/airflow/lib/python3.12/site-packages/airflow/example_dags/tutorial_dag.py
[2024-07-07T20:55:46.395-0300] {processor.py:840} INFO - DAG(s) 'tutorial_dag' retrieved from /home/johnny/airflow/lib/python3.12/site-packages/airflow/example_dags/tutorial_dag.py
[2024-07-07T20:55:46.461-0300] {logging_mixin.py:188} INFO - [2024-07-07T20:55:46.461-0300] {dag.py:3096} INFO - Sync 1 DAGs
[2024-07-07T20:55:46.490-0300] {logging_mixin.py:188} INFO - [2024-07-07T20:55:46.489-0300] {dag.py:3954} INFO - Setting next_dagrun for tutorial_dag to None, run_after=None
[2024-07-07T20:55:46.639-0300] {processor.py:183} INFO - Processing /home/johnny/airflow/lib/python3.12/site-packages/airflow/example_dags/tutorial_dag.py took 0.286 seconds
[2024-07-07T20:56:55.362-0300] {processor.py:161} INFO - Started process (PID=46969) to work on /home/johnny/airflow/lib/python3.12/site-packages/airflow/example_dags/tutorial_dag.py
[2024-07-07T20:56:55.368-0300] {processor.py:830} INFO - Processing file /home/johnny/airflow/lib/python3.12/site-packages/airflow/example_dags/tutorial_dag.py for tasks to queue
[2024-07-07T20:56:55.371-0300] {logging_mixin.py:188} INFO - [2024-07-07T20:56:55.369-0300] {dagbag.py:545} INFO - Filling up the DagBag from /home/johnny/airflow/lib/python3.12/site-packages/airflow/example_dags/tutorial_dag.py
[2024-07-07T20:56:55.385-0300] {processor.py:840} INFO - DAG(s) 'tutorial_dag' retrieved from /home/johnny/airflow/lib/python3.12/site-packages/airflow/example_dags/tutorial_dag.py
[2024-07-07T20:56:55.416-0300] {logging_mixin.py:188} INFO - [2024-07-07T20:56:55.416-0300] {dag.py:3096} INFO - Sync 1 DAGs
[2024-07-07T20:56:55.433-0300] {logging_mixin.py:188} INFO - [2024-07-07T20:56:55.432-0300] {dag.py:3954} INFO - Setting next_dagrun for tutorial_dag to None, run_after=None
[2024-07-07T20:56:55.482-0300] {processor.py:183} INFO - Processing /home/johnny/airflow/lib/python3.12/site-packages/airflow/example_dags/tutorial_dag.py took 0.134 seconds
[2024-07-07T20:58:05.530-0300] {processor.py:161} INFO - Started process (PID=47171) to work on /home/johnny/airflow/lib/python3.12/site-packages/airflow/example_dags/tutorial_dag.py
[2024-07-07T20:58:05.534-0300] {processor.py:830} INFO - Processing file /home/johnny/airflow/lib/python3.12/site-packages/airflow/example_dags/tutorial_dag.py for tasks to queue
[2024-07-07T20:58:05.536-0300] {logging_mixin.py:188} INFO - [2024-07-07T20:58:05.535-0300] {dagbag.py:545} INFO - Filling up the DagBag from /home/johnny/airflow/lib/python3.12/site-packages/airflow/example_dags/tutorial_dag.py
[2024-07-07T20:58:05.548-0300] {processor.py:840} INFO - DAG(s) 'tutorial_dag' retrieved from /home/johnny/airflow/lib/python3.12/site-packages/airflow/example_dags/tutorial_dag.py
[2024-07-07T20:58:05.575-0300] {logging_mixin.py:188} INFO - [2024-07-07T20:58:05.574-0300] {dag.py:3096} INFO - Sync 1 DAGs
[2024-07-07T20:58:05.592-0300] {logging_mixin.py:188} INFO - [2024-07-07T20:58:05.592-0300] {dag.py:3954} INFO - Setting next_dagrun for tutorial_dag to None, run_after=None
[2024-07-07T20:58:05.640-0300] {processor.py:183} INFO - Processing /home/johnny/airflow/lib/python3.12/site-packages/airflow/example_dags/tutorial_dag.py took 0.127 seconds
[2024-07-07T20:59:16.053-0300] {processor.py:161} INFO - Started process (PID=47375) to work on /home/johnny/airflow/lib/python3.12/site-packages/airflow/example_dags/tutorial_dag.py
[2024-07-07T20:59:16.055-0300] {processor.py:830} INFO - Processing file /home/johnny/airflow/lib/python3.12/site-packages/airflow/example_dags/tutorial_dag.py for tasks to queue
[2024-07-07T20:59:16.057-0300] {logging_mixin.py:188} INFO - [2024-07-07T20:59:16.057-0300] {dagbag.py:545} INFO - Filling up the DagBag from /home/johnny/airflow/lib/python3.12/site-packages/airflow/example_dags/tutorial_dag.py
[2024-07-07T20:59:16.069-0300] {processor.py:840} INFO - DAG(s) 'tutorial_dag' retrieved from /home/johnny/airflow/lib/python3.12/site-packages/airflow/example_dags/tutorial_dag.py
[2024-07-07T20:59:16.106-0300] {logging_mixin.py:188} INFO - [2024-07-07T20:59:16.105-0300] {dag.py:3096} INFO - Sync 1 DAGs
[2024-07-07T20:59:16.134-0300] {logging_mixin.py:188} INFO - [2024-07-07T20:59:16.134-0300] {dag.py:3954} INFO - Setting next_dagrun for tutorial_dag to None, run_after=None
[2024-07-07T20:59:16.185-0300] {processor.py:183} INFO - Processing /home/johnny/airflow/lib/python3.12/site-packages/airflow/example_dags/tutorial_dag.py took 0.144 seconds
