[2024-07-07T14:04:18.351-0300] {processor.py:161} INFO - Started process (PID=2980) to work on /home/johnny/airflow_env/lib/python3.12/site-packages/airflow/example_dags/plugins/decreasing_priority_weight_strategy.py
[2024-07-07T14:04:18.353-0300] {processor.py:830} INFO - Processing file /home/johnny/airflow_env/lib/python3.12/site-packages/airflow/example_dags/plugins/decreasing_priority_weight_strategy.py for tasks to queue
[2024-07-07T14:04:18.356-0300] {logging_mixin.py:188} INFO - [2024-07-07T14:04:18.355-0300] {dagbag.py:545} INFO - Filling up the DagBag from /home/johnny/airflow_env/lib/python3.12/site-packages/airflow/example_dags/plugins/decreasing_priority_weight_strategy.py
[2024-07-07T14:04:18.359-0300] {processor.py:842} WARNING - No viable dags retrieved from /home/johnny/airflow_env/lib/python3.12/site-packages/airflow/example_dags/plugins/decreasing_priority_weight_strategy.py
[2024-07-07T14:04:18.381-0300] {processor.py:183} INFO - Processing /home/johnny/airflow_env/lib/python3.12/site-packages/airflow/example_dags/plugins/decreasing_priority_weight_strategy.py took 0.040 seconds
[2024-07-07T14:05:28.305-0300] {processor.py:161} INFO - Started process (PID=3031) to work on /home/johnny/airflow_env/lib/python3.12/site-packages/airflow/example_dags/plugins/decreasing_priority_weight_strategy.py
[2024-07-07T14:05:28.308-0300] {processor.py:830} INFO - Processing file /home/johnny/airflow_env/lib/python3.12/site-packages/airflow/example_dags/plugins/decreasing_priority_weight_strategy.py for tasks to queue
[2024-07-07T14:05:28.311-0300] {logging_mixin.py:188} INFO - [2024-07-07T14:05:28.310-0300] {dagbag.py:545} INFO - Filling up the DagBag from /home/johnny/airflow_env/lib/python3.12/site-packages/airflow/example_dags/plugins/decreasing_priority_weight_strategy.py
[2024-07-07T14:05:28.316-0300] {processor.py:842} WARNING - No viable dags retrieved from /home/johnny/airflow_env/lib/python3.12/site-packages/airflow/example_dags/plugins/decreasing_priority_weight_strategy.py
[2024-07-07T14:05:28.337-0300] {processor.py:183} INFO - Processing /home/johnny/airflow_env/lib/python3.12/site-packages/airflow/example_dags/plugins/decreasing_priority_weight_strategy.py took 0.043 seconds
[2024-07-07T14:06:25.130-0300] {processor.py:161} INFO - Started process (PID=3082) to work on /home/johnny/airflow_env/lib/python3.12/site-packages/airflow/example_dags/plugins/decreasing_priority_weight_strategy.py
[2024-07-07T14:06:25.133-0300] {processor.py:830} INFO - Processing file /home/johnny/airflow_env/lib/python3.12/site-packages/airflow/example_dags/plugins/decreasing_priority_weight_strategy.py for tasks to queue
[2024-07-07T14:06:25.138-0300] {logging_mixin.py:188} INFO - [2024-07-07T14:06:25.137-0300] {dagbag.py:545} INFO - Filling up the DagBag from /home/johnny/airflow_env/lib/python3.12/site-packages/airflow/example_dags/plugins/decreasing_priority_weight_strategy.py
[2024-07-07T14:06:25.143-0300] {processor.py:842} WARNING - No viable dags retrieved from /home/johnny/airflow_env/lib/python3.12/site-packages/airflow/example_dags/plugins/decreasing_priority_weight_strategy.py
[2024-07-07T14:06:25.170-0300] {processor.py:183} INFO - Processing /home/johnny/airflow_env/lib/python3.12/site-packages/airflow/example_dags/plugins/decreasing_priority_weight_strategy.py took 0.053 seconds
[2024-07-07T14:07:21.676-0300] {processor.py:161} INFO - Started process (PID=3132) to work on /home/johnny/airflow_env/lib/python3.12/site-packages/airflow/example_dags/plugins/decreasing_priority_weight_strategy.py
[2024-07-07T14:07:21.678-0300] {processor.py:830} INFO - Processing file /home/johnny/airflow_env/lib/python3.12/site-packages/airflow/example_dags/plugins/decreasing_priority_weight_strategy.py for tasks to queue
[2024-07-07T14:07:21.682-0300] {logging_mixin.py:188} INFO - [2024-07-07T14:07:21.681-0300] {dagbag.py:545} INFO - Filling up the DagBag from /home/johnny/airflow_env/lib/python3.12/site-packages/airflow/example_dags/plugins/decreasing_priority_weight_strategy.py
[2024-07-07T14:07:21.686-0300] {processor.py:842} WARNING - No viable dags retrieved from /home/johnny/airflow_env/lib/python3.12/site-packages/airflow/example_dags/plugins/decreasing_priority_weight_strategy.py
[2024-07-07T14:07:21.700-0300] {processor.py:183} INFO - Processing /home/johnny/airflow_env/lib/python3.12/site-packages/airflow/example_dags/plugins/decreasing_priority_weight_strategy.py took 0.036 seconds
[2024-07-07T14:08:17.371-0300] {processor.py:161} INFO - Started process (PID=3182) to work on /home/johnny/airflow_env/lib/python3.12/site-packages/airflow/example_dags/plugins/decreasing_priority_weight_strategy.py
[2024-07-07T14:08:17.373-0300] {processor.py:830} INFO - Processing file /home/johnny/airflow_env/lib/python3.12/site-packages/airflow/example_dags/plugins/decreasing_priority_weight_strategy.py for tasks to queue
[2024-07-07T14:08:17.377-0300] {logging_mixin.py:188} INFO - [2024-07-07T14:08:17.376-0300] {dagbag.py:545} INFO - Filling up the DagBag from /home/johnny/airflow_env/lib/python3.12/site-packages/airflow/example_dags/plugins/decreasing_priority_weight_strategy.py
[2024-07-07T14:08:17.381-0300] {processor.py:842} WARNING - No viable dags retrieved from /home/johnny/airflow_env/lib/python3.12/site-packages/airflow/example_dags/plugins/decreasing_priority_weight_strategy.py
[2024-07-07T14:08:17.402-0300] {processor.py:183} INFO - Processing /home/johnny/airflow_env/lib/python3.12/site-packages/airflow/example_dags/plugins/decreasing_priority_weight_strategy.py took 0.042 seconds
[2024-07-07T19:45:03.538-0300] {processor.py:161} INFO - Started process (PID=35203) to work on /home/johnny/airflow/lib/python3.12/site-packages/airflow/example_dags/plugins/decreasing_priority_weight_strategy.py
[2024-07-07T19:45:03.541-0300] {processor.py:830} INFO - Processing file /home/johnny/airflow/lib/python3.12/site-packages/airflow/example_dags/plugins/decreasing_priority_weight_strategy.py for tasks to queue
[2024-07-07T19:45:03.546-0300] {logging_mixin.py:188} INFO - [2024-07-07T19:45:03.545-0300] {dagbag.py:545} INFO - Filling up the DagBag from /home/johnny/airflow/lib/python3.12/site-packages/airflow/example_dags/plugins/decreasing_priority_weight_strategy.py
[2024-07-07T19:45:03.551-0300] {processor.py:842} WARNING - No viable dags retrieved from /home/johnny/airflow/lib/python3.12/site-packages/airflow/example_dags/plugins/decreasing_priority_weight_strategy.py
[2024-07-07T19:45:03.577-0300] {processor.py:183} INFO - Processing /home/johnny/airflow/lib/python3.12/site-packages/airflow/example_dags/plugins/decreasing_priority_weight_strategy.py took 0.049 seconds
[2024-07-07T19:46:18.682-0300] {processor.py:161} INFO - Started process (PID=35380) to work on /home/johnny/airflow/lib/python3.12/site-packages/airflow/example_dags/plugins/decreasing_priority_weight_strategy.py
[2024-07-07T19:46:18.689-0300] {processor.py:830} INFO - Processing file /home/johnny/airflow/lib/python3.12/site-packages/airflow/example_dags/plugins/decreasing_priority_weight_strategy.py for tasks to queue
[2024-07-07T19:46:18.692-0300] {logging_mixin.py:188} INFO - [2024-07-07T19:46:18.692-0300] {dagbag.py:545} INFO - Filling up the DagBag from /home/johnny/airflow/lib/python3.12/site-packages/airflow/example_dags/plugins/decreasing_priority_weight_strategy.py
[2024-07-07T19:46:18.696-0300] {processor.py:842} WARNING - No viable dags retrieved from /home/johnny/airflow/lib/python3.12/site-packages/airflow/example_dags/plugins/decreasing_priority_weight_strategy.py
[2024-07-07T19:46:18.721-0300] {processor.py:183} INFO - Processing /home/johnny/airflow/lib/python3.12/site-packages/airflow/example_dags/plugins/decreasing_priority_weight_strategy.py took 0.050 seconds
[2024-07-07T19:46:59.970-0300] {processor.py:161} INFO - Started process (PID=35492) to work on /home/johnny/airflow/lib/python3.12/site-packages/airflow/example_dags/plugins/decreasing_priority_weight_strategy.py
[2024-07-07T19:46:59.976-0300] {processor.py:830} INFO - Processing file /home/johnny/airflow/lib/python3.12/site-packages/airflow/example_dags/plugins/decreasing_priority_weight_strategy.py for tasks to queue
[2024-07-07T19:46:59.979-0300] {logging_mixin.py:188} INFO - [2024-07-07T19:46:59.979-0300] {dagbag.py:545} INFO - Filling up the DagBag from /home/johnny/airflow/lib/python3.12/site-packages/airflow/example_dags/plugins/decreasing_priority_weight_strategy.py
[2024-07-07T19:46:59.985-0300] {processor.py:842} WARNING - No viable dags retrieved from /home/johnny/airflow/lib/python3.12/site-packages/airflow/example_dags/plugins/decreasing_priority_weight_strategy.py
[2024-07-07T19:47:00.008-0300] {processor.py:183} INFO - Processing /home/johnny/airflow/lib/python3.12/site-packages/airflow/example_dags/plugins/decreasing_priority_weight_strategy.py took 0.049 seconds
[2024-07-07T19:48:11.493-0300] {processor.py:161} INFO - Started process (PID=35691) to work on /home/johnny/airflow/lib/python3.12/site-packages/airflow/example_dags/plugins/decreasing_priority_weight_strategy.py
[2024-07-07T19:48:11.496-0300] {processor.py:830} INFO - Processing file /home/johnny/airflow/lib/python3.12/site-packages/airflow/example_dags/plugins/decreasing_priority_weight_strategy.py for tasks to queue
[2024-07-07T19:48:11.500-0300] {logging_mixin.py:188} INFO - [2024-07-07T19:48:11.499-0300] {dagbag.py:545} INFO - Filling up the DagBag from /home/johnny/airflow/lib/python3.12/site-packages/airflow/example_dags/plugins/decreasing_priority_weight_strategy.py
[2024-07-07T19:48:11.505-0300] {processor.py:842} WARNING - No viable dags retrieved from /home/johnny/airflow/lib/python3.12/site-packages/airflow/example_dags/plugins/decreasing_priority_weight_strategy.py
[2024-07-07T19:48:11.527-0300] {processor.py:183} INFO - Processing /home/johnny/airflow/lib/python3.12/site-packages/airflow/example_dags/plugins/decreasing_priority_weight_strategy.py took 0.046 seconds
[2024-07-07T19:49:18.976-0300] {processor.py:161} INFO - Started process (PID=35896) to work on /home/johnny/airflow/lib/python3.12/site-packages/airflow/example_dags/plugins/decreasing_priority_weight_strategy.py
[2024-07-07T19:49:18.979-0300] {processor.py:830} INFO - Processing file /home/johnny/airflow/lib/python3.12/site-packages/airflow/example_dags/plugins/decreasing_priority_weight_strategy.py for tasks to queue
[2024-07-07T19:49:18.983-0300] {logging_mixin.py:188} INFO - [2024-07-07T19:49:18.982-0300] {dagbag.py:545} INFO - Filling up the DagBag from /home/johnny/airflow/lib/python3.12/site-packages/airflow/example_dags/plugins/decreasing_priority_weight_strategy.py
[2024-07-07T19:49:18.989-0300] {processor.py:842} WARNING - No viable dags retrieved from /home/johnny/airflow/lib/python3.12/site-packages/airflow/example_dags/plugins/decreasing_priority_weight_strategy.py
[2024-07-07T19:49:19.011-0300] {processor.py:183} INFO - Processing /home/johnny/airflow/lib/python3.12/site-packages/airflow/example_dags/plugins/decreasing_priority_weight_strategy.py took 0.045 seconds
[2024-07-07T19:50:24.751-0300] {processor.py:161} INFO - Started process (PID=36077) to work on /home/johnny/airflow/lib/python3.12/site-packages/airflow/example_dags/plugins/decreasing_priority_weight_strategy.py
[2024-07-07T19:50:24.757-0300] {processor.py:830} INFO - Processing file /home/johnny/airflow/lib/python3.12/site-packages/airflow/example_dags/plugins/decreasing_priority_weight_strategy.py for tasks to queue
[2024-07-07T19:50:24.761-0300] {logging_mixin.py:188} INFO - [2024-07-07T19:50:24.760-0300] {dagbag.py:545} INFO - Filling up the DagBag from /home/johnny/airflow/lib/python3.12/site-packages/airflow/example_dags/plugins/decreasing_priority_weight_strategy.py
[2024-07-07T19:50:24.765-0300] {processor.py:842} WARNING - No viable dags retrieved from /home/johnny/airflow/lib/python3.12/site-packages/airflow/example_dags/plugins/decreasing_priority_weight_strategy.py
[2024-07-07T19:50:24.790-0300] {processor.py:183} INFO - Processing /home/johnny/airflow/lib/python3.12/site-packages/airflow/example_dags/plugins/decreasing_priority_weight_strategy.py took 0.051 seconds
[2024-07-07T19:51:36.588-0300] {processor.py:161} INFO - Started process (PID=36276) to work on /home/johnny/airflow/lib/python3.12/site-packages/airflow/example_dags/plugins/decreasing_priority_weight_strategy.py
[2024-07-07T19:51:36.594-0300] {processor.py:830} INFO - Processing file /home/johnny/airflow/lib/python3.12/site-packages/airflow/example_dags/plugins/decreasing_priority_weight_strategy.py for tasks to queue
[2024-07-07T19:51:36.597-0300] {logging_mixin.py:188} INFO - [2024-07-07T19:51:36.597-0300] {dagbag.py:545} INFO - Filling up the DagBag from /home/johnny/airflow/lib/python3.12/site-packages/airflow/example_dags/plugins/decreasing_priority_weight_strategy.py
[2024-07-07T19:51:36.602-0300] {processor.py:842} WARNING - No viable dags retrieved from /home/johnny/airflow/lib/python3.12/site-packages/airflow/example_dags/plugins/decreasing_priority_weight_strategy.py
[2024-07-07T19:51:36.626-0300] {processor.py:183} INFO - Processing /home/johnny/airflow/lib/python3.12/site-packages/airflow/example_dags/plugins/decreasing_priority_weight_strategy.py took 0.051 seconds
[2024-07-07T19:52:47.847-0300] {processor.py:161} INFO - Started process (PID=36464) to work on /home/johnny/airflow/lib/python3.12/site-packages/airflow/example_dags/plugins/decreasing_priority_weight_strategy.py
[2024-07-07T19:52:47.853-0300] {processor.py:830} INFO - Processing file /home/johnny/airflow/lib/python3.12/site-packages/airflow/example_dags/plugins/decreasing_priority_weight_strategy.py for tasks to queue
[2024-07-07T19:52:47.857-0300] {logging_mixin.py:188} INFO - [2024-07-07T19:52:47.856-0300] {dagbag.py:545} INFO - Filling up the DagBag from /home/johnny/airflow/lib/python3.12/site-packages/airflow/example_dags/plugins/decreasing_priority_weight_strategy.py
[2024-07-07T19:52:47.861-0300] {processor.py:842} WARNING - No viable dags retrieved from /home/johnny/airflow/lib/python3.12/site-packages/airflow/example_dags/plugins/decreasing_priority_weight_strategy.py
[2024-07-07T19:52:47.880-0300] {processor.py:183} INFO - Processing /home/johnny/airflow/lib/python3.12/site-packages/airflow/example_dags/plugins/decreasing_priority_weight_strategy.py took 0.050 seconds
[2024-07-07T19:53:54.439-0300] {processor.py:161} INFO - Started process (PID=36648) to work on /home/johnny/airflow/lib/python3.12/site-packages/airflow/example_dags/plugins/decreasing_priority_weight_strategy.py
[2024-07-07T19:53:54.444-0300] {processor.py:830} INFO - Processing file /home/johnny/airflow/lib/python3.12/site-packages/airflow/example_dags/plugins/decreasing_priority_weight_strategy.py for tasks to queue
[2024-07-07T19:53:54.448-0300] {logging_mixin.py:188} INFO - [2024-07-07T19:53:54.447-0300] {dagbag.py:545} INFO - Filling up the DagBag from /home/johnny/airflow/lib/python3.12/site-packages/airflow/example_dags/plugins/decreasing_priority_weight_strategy.py
[2024-07-07T19:53:54.452-0300] {processor.py:842} WARNING - No viable dags retrieved from /home/johnny/airflow/lib/python3.12/site-packages/airflow/example_dags/plugins/decreasing_priority_weight_strategy.py
[2024-07-07T19:53:54.479-0300] {processor.py:183} INFO - Processing /home/johnny/airflow/lib/python3.12/site-packages/airflow/example_dags/plugins/decreasing_priority_weight_strategy.py took 0.054 seconds
[2024-07-07T19:55:02.193-0300] {processor.py:161} INFO - Started process (PID=36834) to work on /home/johnny/airflow/lib/python3.12/site-packages/airflow/example_dags/plugins/decreasing_priority_weight_strategy.py
[2024-07-07T19:55:02.199-0300] {processor.py:830} INFO - Processing file /home/johnny/airflow/lib/python3.12/site-packages/airflow/example_dags/plugins/decreasing_priority_weight_strategy.py for tasks to queue
[2024-07-07T19:55:02.202-0300] {logging_mixin.py:188} INFO - [2024-07-07T19:55:02.200-0300] {dagbag.py:545} INFO - Filling up the DagBag from /home/johnny/airflow/lib/python3.12/site-packages/airflow/example_dags/plugins/decreasing_priority_weight_strategy.py
[2024-07-07T19:55:02.206-0300] {processor.py:842} WARNING - No viable dags retrieved from /home/johnny/airflow/lib/python3.12/site-packages/airflow/example_dags/plugins/decreasing_priority_weight_strategy.py
[2024-07-07T19:55:02.229-0300] {processor.py:183} INFO - Processing /home/johnny/airflow/lib/python3.12/site-packages/airflow/example_dags/plugins/decreasing_priority_weight_strategy.py took 0.049 seconds
[2024-07-07T19:55:42.417-0300] {processor.py:161} INFO - Started process (PID=36942) to work on /home/johnny/airflow/lib/python3.12/site-packages/airflow/example_dags/plugins/decreasing_priority_weight_strategy.py
[2024-07-07T19:55:42.423-0300] {processor.py:830} INFO - Processing file /home/johnny/airflow/lib/python3.12/site-packages/airflow/example_dags/plugins/decreasing_priority_weight_strategy.py for tasks to queue
[2024-07-07T19:55:42.426-0300] {logging_mixin.py:188} INFO - [2024-07-07T19:55:42.425-0300] {dagbag.py:545} INFO - Filling up the DagBag from /home/johnny/airflow/lib/python3.12/site-packages/airflow/example_dags/plugins/decreasing_priority_weight_strategy.py
[2024-07-07T19:55:42.431-0300] {processor.py:842} WARNING - No viable dags retrieved from /home/johnny/airflow/lib/python3.12/site-packages/airflow/example_dags/plugins/decreasing_priority_weight_strategy.py
[2024-07-07T19:55:42.453-0300] {processor.py:183} INFO - Processing /home/johnny/airflow/lib/python3.12/site-packages/airflow/example_dags/plugins/decreasing_priority_weight_strategy.py took 0.051 seconds
[2024-07-07T19:56:47.096-0300] {processor.py:161} INFO - Started process (PID=37112) to work on /home/johnny/airflow/lib/python3.12/site-packages/airflow/example_dags/plugins/decreasing_priority_weight_strategy.py
[2024-07-07T19:56:47.098-0300] {processor.py:830} INFO - Processing file /home/johnny/airflow/lib/python3.12/site-packages/airflow/example_dags/plugins/decreasing_priority_weight_strategy.py for tasks to queue
[2024-07-07T19:56:47.100-0300] {logging_mixin.py:188} INFO - [2024-07-07T19:56:47.099-0300] {dagbag.py:545} INFO - Filling up the DagBag from /home/johnny/airflow/lib/python3.12/site-packages/airflow/example_dags/plugins/decreasing_priority_weight_strategy.py
[2024-07-07T19:56:47.104-0300] {processor.py:842} WARNING - No viable dags retrieved from /home/johnny/airflow/lib/python3.12/site-packages/airflow/example_dags/plugins/decreasing_priority_weight_strategy.py
[2024-07-07T19:56:47.125-0300] {processor.py:183} INFO - Processing /home/johnny/airflow/lib/python3.12/site-packages/airflow/example_dags/plugins/decreasing_priority_weight_strategy.py took 0.047 seconds
[2024-07-07T19:57:30.397-0300] {processor.py:161} INFO - Started process (PID=37238) to work on /home/johnny/airflow/lib/python3.12/site-packages/airflow/example_dags/plugins/decreasing_priority_weight_strategy.py
[2024-07-07T19:57:30.407-0300] {processor.py:830} INFO - Processing file /home/johnny/airflow/lib/python3.12/site-packages/airflow/example_dags/plugins/decreasing_priority_weight_strategy.py for tasks to queue
[2024-07-07T19:57:30.410-0300] {logging_mixin.py:188} INFO - [2024-07-07T19:57:30.408-0300] {dagbag.py:545} INFO - Filling up the DagBag from /home/johnny/airflow/lib/python3.12/site-packages/airflow/example_dags/plugins/decreasing_priority_weight_strategy.py
[2024-07-07T19:57:30.416-0300] {processor.py:842} WARNING - No viable dags retrieved from /home/johnny/airflow/lib/python3.12/site-packages/airflow/example_dags/plugins/decreasing_priority_weight_strategy.py
[2024-07-07T19:57:30.439-0300] {processor.py:183} INFO - Processing /home/johnny/airflow/lib/python3.12/site-packages/airflow/example_dags/plugins/decreasing_priority_weight_strategy.py took 0.061 seconds
[2024-07-07T19:58:09.984-0300] {processor.py:161} INFO - Started process (PID=37349) to work on /home/johnny/airflow/lib/python3.12/site-packages/airflow/example_dags/plugins/decreasing_priority_weight_strategy.py
[2024-07-07T19:58:09.987-0300] {processor.py:830} INFO - Processing file /home/johnny/airflow/lib/python3.12/site-packages/airflow/example_dags/plugins/decreasing_priority_weight_strategy.py for tasks to queue
[2024-07-07T19:58:09.990-0300] {logging_mixin.py:188} INFO - [2024-07-07T19:58:09.989-0300] {dagbag.py:545} INFO - Filling up the DagBag from /home/johnny/airflow/lib/python3.12/site-packages/airflow/example_dags/plugins/decreasing_priority_weight_strategy.py
[2024-07-07T19:58:09.997-0300] {processor.py:842} WARNING - No viable dags retrieved from /home/johnny/airflow/lib/python3.12/site-packages/airflow/example_dags/plugins/decreasing_priority_weight_strategy.py
[2024-07-07T19:58:10.025-0300] {processor.py:183} INFO - Processing /home/johnny/airflow/lib/python3.12/site-packages/airflow/example_dags/plugins/decreasing_priority_weight_strategy.py took 0.059 seconds
[2024-07-07T19:59:14.193-0300] {processor.py:161} INFO - Started process (PID=37530) to work on /home/johnny/airflow/lib/python3.12/site-packages/airflow/example_dags/plugins/decreasing_priority_weight_strategy.py
[2024-07-07T19:59:14.199-0300] {processor.py:830} INFO - Processing file /home/johnny/airflow/lib/python3.12/site-packages/airflow/example_dags/plugins/decreasing_priority_weight_strategy.py for tasks to queue
[2024-07-07T19:59:14.201-0300] {logging_mixin.py:188} INFO - [2024-07-07T19:59:14.200-0300] {dagbag.py:545} INFO - Filling up the DagBag from /home/johnny/airflow/lib/python3.12/site-packages/airflow/example_dags/plugins/decreasing_priority_weight_strategy.py
[2024-07-07T19:59:14.205-0300] {processor.py:842} WARNING - No viable dags retrieved from /home/johnny/airflow/lib/python3.12/site-packages/airflow/example_dags/plugins/decreasing_priority_weight_strategy.py
[2024-07-07T19:59:14.226-0300] {processor.py:183} INFO - Processing /home/johnny/airflow/lib/python3.12/site-packages/airflow/example_dags/plugins/decreasing_priority_weight_strategy.py took 0.044 seconds
[2024-07-07T20:00:17.075-0300] {processor.py:161} INFO - Started process (PID=37707) to work on /home/johnny/airflow/lib/python3.12/site-packages/airflow/example_dags/plugins/decreasing_priority_weight_strategy.py
[2024-07-07T20:00:17.077-0300] {processor.py:830} INFO - Processing file /home/johnny/airflow/lib/python3.12/site-packages/airflow/example_dags/plugins/decreasing_priority_weight_strategy.py for tasks to queue
[2024-07-07T20:00:17.079-0300] {logging_mixin.py:188} INFO - [2024-07-07T20:00:17.079-0300] {dagbag.py:545} INFO - Filling up the DagBag from /home/johnny/airflow/lib/python3.12/site-packages/airflow/example_dags/plugins/decreasing_priority_weight_strategy.py
[2024-07-07T20:00:17.083-0300] {processor.py:842} WARNING - No viable dags retrieved from /home/johnny/airflow/lib/python3.12/site-packages/airflow/example_dags/plugins/decreasing_priority_weight_strategy.py
[2024-07-07T20:00:17.116-0300] {processor.py:183} INFO - Processing /home/johnny/airflow/lib/python3.12/site-packages/airflow/example_dags/plugins/decreasing_priority_weight_strategy.py took 0.047 seconds
[2024-07-07T20:01:23.964-0300] {processor.py:161} INFO - Started process (PID=37892) to work on /home/johnny/airflow/lib/python3.12/site-packages/airflow/example_dags/plugins/decreasing_priority_weight_strategy.py
[2024-07-07T20:01:23.967-0300] {processor.py:830} INFO - Processing file /home/johnny/airflow/lib/python3.12/site-packages/airflow/example_dags/plugins/decreasing_priority_weight_strategy.py for tasks to queue
[2024-07-07T20:01:23.969-0300] {logging_mixin.py:188} INFO - [2024-07-07T20:01:23.968-0300] {dagbag.py:545} INFO - Filling up the DagBag from /home/johnny/airflow/lib/python3.12/site-packages/airflow/example_dags/plugins/decreasing_priority_weight_strategy.py
[2024-07-07T20:01:23.972-0300] {processor.py:842} WARNING - No viable dags retrieved from /home/johnny/airflow/lib/python3.12/site-packages/airflow/example_dags/plugins/decreasing_priority_weight_strategy.py
[2024-07-07T20:01:23.991-0300] {processor.py:183} INFO - Processing /home/johnny/airflow/lib/python3.12/site-packages/airflow/example_dags/plugins/decreasing_priority_weight_strategy.py took 0.038 seconds
[2024-07-07T20:02:29.842-0300] {processor.py:161} INFO - Started process (PID=38070) to work on /home/johnny/airflow/lib/python3.12/site-packages/airflow/example_dags/plugins/decreasing_priority_weight_strategy.py
[2024-07-07T20:02:29.847-0300] {processor.py:830} INFO - Processing file /home/johnny/airflow/lib/python3.12/site-packages/airflow/example_dags/plugins/decreasing_priority_weight_strategy.py for tasks to queue
[2024-07-07T20:02:29.851-0300] {logging_mixin.py:188} INFO - [2024-07-07T20:02:29.849-0300] {dagbag.py:545} INFO - Filling up the DagBag from /home/johnny/airflow/lib/python3.12/site-packages/airflow/example_dags/plugins/decreasing_priority_weight_strategy.py
[2024-07-07T20:02:29.857-0300] {processor.py:842} WARNING - No viable dags retrieved from /home/johnny/airflow/lib/python3.12/site-packages/airflow/example_dags/plugins/decreasing_priority_weight_strategy.py
[2024-07-07T20:02:29.890-0300] {processor.py:183} INFO - Processing /home/johnny/airflow/lib/python3.12/site-packages/airflow/example_dags/plugins/decreasing_priority_weight_strategy.py took 0.064 seconds
[2024-07-07T20:03:51.078-0300] {processor.py:161} INFO - Started process (PID=38295) to work on /home/johnny/airflow/lib/python3.12/site-packages/airflow/example_dags/plugins/decreasing_priority_weight_strategy.py
[2024-07-07T20:03:51.084-0300] {processor.py:830} INFO - Processing file /home/johnny/airflow/lib/python3.12/site-packages/airflow/example_dags/plugins/decreasing_priority_weight_strategy.py for tasks to queue
[2024-07-07T20:03:51.086-0300] {logging_mixin.py:188} INFO - [2024-07-07T20:03:51.085-0300] {dagbag.py:545} INFO - Filling up the DagBag from /home/johnny/airflow/lib/python3.12/site-packages/airflow/example_dags/plugins/decreasing_priority_weight_strategy.py
[2024-07-07T20:03:51.090-0300] {processor.py:842} WARNING - No viable dags retrieved from /home/johnny/airflow/lib/python3.12/site-packages/airflow/example_dags/plugins/decreasing_priority_weight_strategy.py
[2024-07-07T20:03:51.109-0300] {processor.py:183} INFO - Processing /home/johnny/airflow/lib/python3.12/site-packages/airflow/example_dags/plugins/decreasing_priority_weight_strategy.py took 0.043 seconds
[2024-07-07T20:04:59.771-0300] {processor.py:161} INFO - Started process (PID=38484) to work on /home/johnny/airflow/lib/python3.12/site-packages/airflow/example_dags/plugins/decreasing_priority_weight_strategy.py
[2024-07-07T20:04:59.773-0300] {processor.py:830} INFO - Processing file /home/johnny/airflow/lib/python3.12/site-packages/airflow/example_dags/plugins/decreasing_priority_weight_strategy.py for tasks to queue
[2024-07-07T20:04:59.775-0300] {logging_mixin.py:188} INFO - [2024-07-07T20:04:59.774-0300] {dagbag.py:545} INFO - Filling up the DagBag from /home/johnny/airflow/lib/python3.12/site-packages/airflow/example_dags/plugins/decreasing_priority_weight_strategy.py
[2024-07-07T20:04:59.779-0300] {processor.py:842} WARNING - No viable dags retrieved from /home/johnny/airflow/lib/python3.12/site-packages/airflow/example_dags/plugins/decreasing_priority_weight_strategy.py
[2024-07-07T20:04:59.793-0300] {processor.py:183} INFO - Processing /home/johnny/airflow/lib/python3.12/site-packages/airflow/example_dags/plugins/decreasing_priority_weight_strategy.py took 0.032 seconds
[2024-07-07T20:05:59.161-0300] {processor.py:161} INFO - Started process (PID=38650) to work on /home/johnny/airflow/lib/python3.12/site-packages/airflow/example_dags/plugins/decreasing_priority_weight_strategy.py
[2024-07-07T20:05:59.170-0300] {processor.py:830} INFO - Processing file /home/johnny/airflow/lib/python3.12/site-packages/airflow/example_dags/plugins/decreasing_priority_weight_strategy.py for tasks to queue
[2024-07-07T20:05:59.172-0300] {logging_mixin.py:188} INFO - [2024-07-07T20:05:59.171-0300] {dagbag.py:545} INFO - Filling up the DagBag from /home/johnny/airflow/lib/python3.12/site-packages/airflow/example_dags/plugins/decreasing_priority_weight_strategy.py
[2024-07-07T20:05:59.177-0300] {processor.py:842} WARNING - No viable dags retrieved from /home/johnny/airflow/lib/python3.12/site-packages/airflow/example_dags/plugins/decreasing_priority_weight_strategy.py
[2024-07-07T20:05:59.197-0300] {processor.py:183} INFO - Processing /home/johnny/airflow/lib/python3.12/site-packages/airflow/example_dags/plugins/decreasing_priority_weight_strategy.py took 0.047 seconds
[2024-07-07T20:07:06.017-0300] {processor.py:161} INFO - Started process (PID=38828) to work on /home/johnny/airflow/lib/python3.12/site-packages/airflow/example_dags/plugins/decreasing_priority_weight_strategy.py
[2024-07-07T20:07:06.022-0300] {processor.py:830} INFO - Processing file /home/johnny/airflow/lib/python3.12/site-packages/airflow/example_dags/plugins/decreasing_priority_weight_strategy.py for tasks to queue
[2024-07-07T20:07:06.024-0300] {logging_mixin.py:188} INFO - [2024-07-07T20:07:06.023-0300] {dagbag.py:545} INFO - Filling up the DagBag from /home/johnny/airflow/lib/python3.12/site-packages/airflow/example_dags/plugins/decreasing_priority_weight_strategy.py
[2024-07-07T20:07:06.028-0300] {processor.py:842} WARNING - No viable dags retrieved from /home/johnny/airflow/lib/python3.12/site-packages/airflow/example_dags/plugins/decreasing_priority_weight_strategy.py
[2024-07-07T20:07:06.048-0300] {processor.py:183} INFO - Processing /home/johnny/airflow/lib/python3.12/site-packages/airflow/example_dags/plugins/decreasing_priority_weight_strategy.py took 0.042 seconds
[2024-07-07T20:08:16.797-0300] {processor.py:161} INFO - Started process (PID=39032) to work on /home/johnny/airflow/lib/python3.12/site-packages/airflow/example_dags/plugins/decreasing_priority_weight_strategy.py
[2024-07-07T20:08:16.801-0300] {processor.py:830} INFO - Processing file /home/johnny/airflow/lib/python3.12/site-packages/airflow/example_dags/plugins/decreasing_priority_weight_strategy.py for tasks to queue
[2024-07-07T20:08:16.804-0300] {logging_mixin.py:188} INFO - [2024-07-07T20:08:16.803-0300] {dagbag.py:545} INFO - Filling up the DagBag from /home/johnny/airflow/lib/python3.12/site-packages/airflow/example_dags/plugins/decreasing_priority_weight_strategy.py
[2024-07-07T20:08:16.809-0300] {processor.py:842} WARNING - No viable dags retrieved from /home/johnny/airflow/lib/python3.12/site-packages/airflow/example_dags/plugins/decreasing_priority_weight_strategy.py
[2024-07-07T20:08:16.835-0300] {processor.py:183} INFO - Processing /home/johnny/airflow/lib/python3.12/site-packages/airflow/example_dags/plugins/decreasing_priority_weight_strategy.py took 0.056 seconds
[2024-07-07T20:08:54.488-0300] {processor.py:161} INFO - Started process (PID=39137) to work on /home/johnny/airflow/lib/python3.12/site-packages/airflow/example_dags/plugins/decreasing_priority_weight_strategy.py
[2024-07-07T20:08:54.491-0300] {processor.py:830} INFO - Processing file /home/johnny/airflow/lib/python3.12/site-packages/airflow/example_dags/plugins/decreasing_priority_weight_strategy.py for tasks to queue
[2024-07-07T20:08:54.494-0300] {logging_mixin.py:188} INFO - [2024-07-07T20:08:54.493-0300] {dagbag.py:545} INFO - Filling up the DagBag from /home/johnny/airflow/lib/python3.12/site-packages/airflow/example_dags/plugins/decreasing_priority_weight_strategy.py
[2024-07-07T20:08:54.500-0300] {processor.py:842} WARNING - No viable dags retrieved from /home/johnny/airflow/lib/python3.12/site-packages/airflow/example_dags/plugins/decreasing_priority_weight_strategy.py
[2024-07-07T20:08:54.525-0300] {processor.py:183} INFO - Processing /home/johnny/airflow/lib/python3.12/site-packages/airflow/example_dags/plugins/decreasing_priority_weight_strategy.py took 0.049 seconds
[2024-07-07T20:10:00.167-0300] {processor.py:161} INFO - Started process (PID=39311) to work on /home/johnny/airflow/lib/python3.12/site-packages/airflow/example_dags/plugins/decreasing_priority_weight_strategy.py
[2024-07-07T20:10:00.170-0300] {processor.py:830} INFO - Processing file /home/johnny/airflow/lib/python3.12/site-packages/airflow/example_dags/plugins/decreasing_priority_weight_strategy.py for tasks to queue
[2024-07-07T20:10:00.172-0300] {logging_mixin.py:188} INFO - [2024-07-07T20:10:00.171-0300] {dagbag.py:545} INFO - Filling up the DagBag from /home/johnny/airflow/lib/python3.12/site-packages/airflow/example_dags/plugins/decreasing_priority_weight_strategy.py
[2024-07-07T20:10:00.176-0300] {processor.py:842} WARNING - No viable dags retrieved from /home/johnny/airflow/lib/python3.12/site-packages/airflow/example_dags/plugins/decreasing_priority_weight_strategy.py
[2024-07-07T20:10:00.196-0300] {processor.py:183} INFO - Processing /home/johnny/airflow/lib/python3.12/site-packages/airflow/example_dags/plugins/decreasing_priority_weight_strategy.py took 0.040 seconds
[2024-07-07T20:11:04.912-0300] {processor.py:161} INFO - Started process (PID=39498) to work on /home/johnny/airflow/lib/python3.12/site-packages/airflow/example_dags/plugins/decreasing_priority_weight_strategy.py
[2024-07-07T20:11:04.914-0300] {processor.py:830} INFO - Processing file /home/johnny/airflow/lib/python3.12/site-packages/airflow/example_dags/plugins/decreasing_priority_weight_strategy.py for tasks to queue
[2024-07-07T20:11:04.916-0300] {logging_mixin.py:188} INFO - [2024-07-07T20:11:04.915-0300] {dagbag.py:545} INFO - Filling up the DagBag from /home/johnny/airflow/lib/python3.12/site-packages/airflow/example_dags/plugins/decreasing_priority_weight_strategy.py
[2024-07-07T20:11:04.921-0300] {processor.py:842} WARNING - No viable dags retrieved from /home/johnny/airflow/lib/python3.12/site-packages/airflow/example_dags/plugins/decreasing_priority_weight_strategy.py
[2024-07-07T20:11:04.943-0300] {processor.py:183} INFO - Processing /home/johnny/airflow/lib/python3.12/site-packages/airflow/example_dags/plugins/decreasing_priority_weight_strategy.py took 0.043 seconds
[2024-07-07T20:12:07.784-0300] {processor.py:161} INFO - Started process (PID=39660) to work on /home/johnny/airflow/lib/python3.12/site-packages/airflow/example_dags/plugins/decreasing_priority_weight_strategy.py
[2024-07-07T20:12:07.786-0300] {processor.py:830} INFO - Processing file /home/johnny/airflow/lib/python3.12/site-packages/airflow/example_dags/plugins/decreasing_priority_weight_strategy.py for tasks to queue
[2024-07-07T20:12:07.789-0300] {logging_mixin.py:188} INFO - [2024-07-07T20:12:07.788-0300] {dagbag.py:545} INFO - Filling up the DagBag from /home/johnny/airflow/lib/python3.12/site-packages/airflow/example_dags/plugins/decreasing_priority_weight_strategy.py
[2024-07-07T20:12:07.794-0300] {processor.py:842} WARNING - No viable dags retrieved from /home/johnny/airflow/lib/python3.12/site-packages/airflow/example_dags/plugins/decreasing_priority_weight_strategy.py
[2024-07-07T20:12:07.815-0300] {processor.py:183} INFO - Processing /home/johnny/airflow/lib/python3.12/site-packages/airflow/example_dags/plugins/decreasing_priority_weight_strategy.py took 0.045 seconds
[2024-07-07T20:13:11.093-0300] {processor.py:161} INFO - Started process (PID=39839) to work on /home/johnny/airflow/lib/python3.12/site-packages/airflow/example_dags/plugins/decreasing_priority_weight_strategy.py
[2024-07-07T20:13:11.096-0300] {processor.py:830} INFO - Processing file /home/johnny/airflow/lib/python3.12/site-packages/airflow/example_dags/plugins/decreasing_priority_weight_strategy.py for tasks to queue
[2024-07-07T20:13:11.099-0300] {logging_mixin.py:188} INFO - [2024-07-07T20:13:11.098-0300] {dagbag.py:545} INFO - Filling up the DagBag from /home/johnny/airflow/lib/python3.12/site-packages/airflow/example_dags/plugins/decreasing_priority_weight_strategy.py
[2024-07-07T20:13:11.106-0300] {processor.py:842} WARNING - No viable dags retrieved from /home/johnny/airflow/lib/python3.12/site-packages/airflow/example_dags/plugins/decreasing_priority_weight_strategy.py
[2024-07-07T20:13:11.131-0300] {processor.py:183} INFO - Processing /home/johnny/airflow/lib/python3.12/site-packages/airflow/example_dags/plugins/decreasing_priority_weight_strategy.py took 0.057 seconds
[2024-07-07T20:14:13.814-0300] {processor.py:161} INFO - Started process (PID=40009) to work on /home/johnny/airflow/lib/python3.12/site-packages/airflow/example_dags/plugins/decreasing_priority_weight_strategy.py
[2024-07-07T20:14:13.817-0300] {processor.py:830} INFO - Processing file /home/johnny/airflow/lib/python3.12/site-packages/airflow/example_dags/plugins/decreasing_priority_weight_strategy.py for tasks to queue
[2024-07-07T20:14:13.819-0300] {logging_mixin.py:188} INFO - [2024-07-07T20:14:13.818-0300] {dagbag.py:545} INFO - Filling up the DagBag from /home/johnny/airflow/lib/python3.12/site-packages/airflow/example_dags/plugins/decreasing_priority_weight_strategy.py
[2024-07-07T20:14:13.824-0300] {processor.py:842} WARNING - No viable dags retrieved from /home/johnny/airflow/lib/python3.12/site-packages/airflow/example_dags/plugins/decreasing_priority_weight_strategy.py
[2024-07-07T20:14:13.843-0300] {processor.py:183} INFO - Processing /home/johnny/airflow/lib/python3.12/site-packages/airflow/example_dags/plugins/decreasing_priority_weight_strategy.py took 0.041 seconds
[2024-07-07T20:15:14.097-0300] {processor.py:161} INFO - Started process (PID=40164) to work on /home/johnny/airflow/lib/python3.12/site-packages/airflow/example_dags/plugins/decreasing_priority_weight_strategy.py
[2024-07-07T20:15:14.103-0300] {processor.py:830} INFO - Processing file /home/johnny/airflow/lib/python3.12/site-packages/airflow/example_dags/plugins/decreasing_priority_weight_strategy.py for tasks to queue
[2024-07-07T20:15:14.105-0300] {logging_mixin.py:188} INFO - [2024-07-07T20:15:14.104-0300] {dagbag.py:545} INFO - Filling up the DagBag from /home/johnny/airflow/lib/python3.12/site-packages/airflow/example_dags/plugins/decreasing_priority_weight_strategy.py
[2024-07-07T20:15:14.109-0300] {processor.py:842} WARNING - No viable dags retrieved from /home/johnny/airflow/lib/python3.12/site-packages/airflow/example_dags/plugins/decreasing_priority_weight_strategy.py
[2024-07-07T20:15:14.130-0300] {processor.py:183} INFO - Processing /home/johnny/airflow/lib/python3.12/site-packages/airflow/example_dags/plugins/decreasing_priority_weight_strategy.py took 0.044 seconds
[2024-07-07T20:16:16.663-0300] {processor.py:161} INFO - Started process (PID=40360) to work on /home/johnny/airflow/lib/python3.12/site-packages/airflow/example_dags/plugins/decreasing_priority_weight_strategy.py
[2024-07-07T20:16:16.666-0300] {processor.py:830} INFO - Processing file /home/johnny/airflow/lib/python3.12/site-packages/airflow/example_dags/plugins/decreasing_priority_weight_strategy.py for tasks to queue
[2024-07-07T20:16:16.669-0300] {logging_mixin.py:188} INFO - [2024-07-07T20:16:16.668-0300] {dagbag.py:545} INFO - Filling up the DagBag from /home/johnny/airflow/lib/python3.12/site-packages/airflow/example_dags/plugins/decreasing_priority_weight_strategy.py
[2024-07-07T20:16:16.674-0300] {processor.py:842} WARNING - No viable dags retrieved from /home/johnny/airflow/lib/python3.12/site-packages/airflow/example_dags/plugins/decreasing_priority_weight_strategy.py
[2024-07-07T20:16:16.694-0300] {processor.py:183} INFO - Processing /home/johnny/airflow/lib/python3.12/site-packages/airflow/example_dags/plugins/decreasing_priority_weight_strategy.py took 0.042 seconds
[2024-07-07T20:17:19.714-0300] {processor.py:161} INFO - Started process (PID=40532) to work on /home/johnny/airflow/lib/python3.12/site-packages/airflow/example_dags/plugins/decreasing_priority_weight_strategy.py
[2024-07-07T20:17:19.717-0300] {processor.py:830} INFO - Processing file /home/johnny/airflow/lib/python3.12/site-packages/airflow/example_dags/plugins/decreasing_priority_weight_strategy.py for tasks to queue
[2024-07-07T20:17:19.719-0300] {logging_mixin.py:188} INFO - [2024-07-07T20:17:19.718-0300] {dagbag.py:545} INFO - Filling up the DagBag from /home/johnny/airflow/lib/python3.12/site-packages/airflow/example_dags/plugins/decreasing_priority_weight_strategy.py
[2024-07-07T20:17:19.723-0300] {processor.py:842} WARNING - No viable dags retrieved from /home/johnny/airflow/lib/python3.12/site-packages/airflow/example_dags/plugins/decreasing_priority_weight_strategy.py
[2024-07-07T20:17:19.742-0300] {processor.py:183} INFO - Processing /home/johnny/airflow/lib/python3.12/site-packages/airflow/example_dags/plugins/decreasing_priority_weight_strategy.py took 0.040 seconds
[2024-07-07T20:18:22.596-0300] {processor.py:161} INFO - Started process (PID=40703) to work on /home/johnny/airflow/lib/python3.12/site-packages/airflow/example_dags/plugins/decreasing_priority_weight_strategy.py
[2024-07-07T20:18:22.599-0300] {processor.py:830} INFO - Processing file /home/johnny/airflow/lib/python3.12/site-packages/airflow/example_dags/plugins/decreasing_priority_weight_strategy.py for tasks to queue
[2024-07-07T20:18:22.602-0300] {logging_mixin.py:188} INFO - [2024-07-07T20:18:22.601-0300] {dagbag.py:545} INFO - Filling up the DagBag from /home/johnny/airflow/lib/python3.12/site-packages/airflow/example_dags/plugins/decreasing_priority_weight_strategy.py
[2024-07-07T20:18:22.607-0300] {processor.py:842} WARNING - No viable dags retrieved from /home/johnny/airflow/lib/python3.12/site-packages/airflow/example_dags/plugins/decreasing_priority_weight_strategy.py
[2024-07-07T20:18:22.630-0300] {processor.py:183} INFO - Processing /home/johnny/airflow/lib/python3.12/site-packages/airflow/example_dags/plugins/decreasing_priority_weight_strategy.py took 0.047 seconds
[2024-07-07T20:19:25.448-0300] {processor.py:161} INFO - Started process (PID=40872) to work on /home/johnny/airflow/lib/python3.12/site-packages/airflow/example_dags/plugins/decreasing_priority_weight_strategy.py
[2024-07-07T20:19:25.451-0300] {processor.py:830} INFO - Processing file /home/johnny/airflow/lib/python3.12/site-packages/airflow/example_dags/plugins/decreasing_priority_weight_strategy.py for tasks to queue
[2024-07-07T20:19:25.453-0300] {logging_mixin.py:188} INFO - [2024-07-07T20:19:25.452-0300] {dagbag.py:545} INFO - Filling up the DagBag from /home/johnny/airflow/lib/python3.12/site-packages/airflow/example_dags/plugins/decreasing_priority_weight_strategy.py
[2024-07-07T20:19:25.457-0300] {processor.py:842} WARNING - No viable dags retrieved from /home/johnny/airflow/lib/python3.12/site-packages/airflow/example_dags/plugins/decreasing_priority_weight_strategy.py
[2024-07-07T20:19:25.477-0300] {processor.py:183} INFO - Processing /home/johnny/airflow/lib/python3.12/site-packages/airflow/example_dags/plugins/decreasing_priority_weight_strategy.py took 0.041 seconds
[2024-07-07T20:20:27.830-0300] {processor.py:161} INFO - Started process (PID=41045) to work on /home/johnny/airflow/lib/python3.12/site-packages/airflow/example_dags/plugins/decreasing_priority_weight_strategy.py
[2024-07-07T20:20:27.841-0300] {processor.py:830} INFO - Processing file /home/johnny/airflow/lib/python3.12/site-packages/airflow/example_dags/plugins/decreasing_priority_weight_strategy.py for tasks to queue
[2024-07-07T20:20:27.844-0300] {logging_mixin.py:188} INFO - [2024-07-07T20:20:27.842-0300] {dagbag.py:545} INFO - Filling up the DagBag from /home/johnny/airflow/lib/python3.12/site-packages/airflow/example_dags/plugins/decreasing_priority_weight_strategy.py
[2024-07-07T20:20:27.848-0300] {processor.py:842} WARNING - No viable dags retrieved from /home/johnny/airflow/lib/python3.12/site-packages/airflow/example_dags/plugins/decreasing_priority_weight_strategy.py
[2024-07-07T20:20:27.868-0300] {processor.py:183} INFO - Processing /home/johnny/airflow/lib/python3.12/site-packages/airflow/example_dags/plugins/decreasing_priority_weight_strategy.py took 0.049 seconds
[2024-07-07T20:21:30.821-0300] {processor.py:161} INFO - Started process (PID=41220) to work on /home/johnny/airflow/lib/python3.12/site-packages/airflow/example_dags/plugins/decreasing_priority_weight_strategy.py
[2024-07-07T20:21:30.824-0300] {processor.py:830} INFO - Processing file /home/johnny/airflow/lib/python3.12/site-packages/airflow/example_dags/plugins/decreasing_priority_weight_strategy.py for tasks to queue
[2024-07-07T20:21:30.827-0300] {logging_mixin.py:188} INFO - [2024-07-07T20:21:30.826-0300] {dagbag.py:545} INFO - Filling up the DagBag from /home/johnny/airflow/lib/python3.12/site-packages/airflow/example_dags/plugins/decreasing_priority_weight_strategy.py
[2024-07-07T20:21:30.831-0300] {processor.py:842} WARNING - No viable dags retrieved from /home/johnny/airflow/lib/python3.12/site-packages/airflow/example_dags/plugins/decreasing_priority_weight_strategy.py
[2024-07-07T20:21:30.855-0300] {processor.py:183} INFO - Processing /home/johnny/airflow/lib/python3.12/site-packages/airflow/example_dags/plugins/decreasing_priority_weight_strategy.py took 0.046 seconds
[2024-07-07T20:22:38.350-0300] {processor.py:161} INFO - Started process (PID=41399) to work on /home/johnny/airflow/lib/python3.12/site-packages/airflow/example_dags/plugins/decreasing_priority_weight_strategy.py
[2024-07-07T20:22:38.354-0300] {processor.py:830} INFO - Processing file /home/johnny/airflow/lib/python3.12/site-packages/airflow/example_dags/plugins/decreasing_priority_weight_strategy.py for tasks to queue
[2024-07-07T20:22:38.356-0300] {logging_mixin.py:188} INFO - [2024-07-07T20:22:38.355-0300] {dagbag.py:545} INFO - Filling up the DagBag from /home/johnny/airflow/lib/python3.12/site-packages/airflow/example_dags/plugins/decreasing_priority_weight_strategy.py
[2024-07-07T20:22:38.359-0300] {processor.py:842} WARNING - No viable dags retrieved from /home/johnny/airflow/lib/python3.12/site-packages/airflow/example_dags/plugins/decreasing_priority_weight_strategy.py
[2024-07-07T20:22:38.380-0300] {processor.py:183} INFO - Processing /home/johnny/airflow/lib/python3.12/site-packages/airflow/example_dags/plugins/decreasing_priority_weight_strategy.py took 0.044 seconds
[2024-07-07T20:23:39.905-0300] {processor.py:161} INFO - Started process (PID=41569) to work on /home/johnny/airflow/lib/python3.12/site-packages/airflow/example_dags/plugins/decreasing_priority_weight_strategy.py
[2024-07-07T20:23:39.907-0300] {processor.py:830} INFO - Processing file /home/johnny/airflow/lib/python3.12/site-packages/airflow/example_dags/plugins/decreasing_priority_weight_strategy.py for tasks to queue
[2024-07-07T20:23:39.909-0300] {logging_mixin.py:188} INFO - [2024-07-07T20:23:39.908-0300] {dagbag.py:545} INFO - Filling up the DagBag from /home/johnny/airflow/lib/python3.12/site-packages/airflow/example_dags/plugins/decreasing_priority_weight_strategy.py
[2024-07-07T20:23:39.913-0300] {processor.py:842} WARNING - No viable dags retrieved from /home/johnny/airflow/lib/python3.12/site-packages/airflow/example_dags/plugins/decreasing_priority_weight_strategy.py
[2024-07-07T20:23:39.933-0300] {processor.py:183} INFO - Processing /home/johnny/airflow/lib/python3.12/site-packages/airflow/example_dags/plugins/decreasing_priority_weight_strategy.py took 0.041 seconds
[2024-07-07T20:24:40.857-0300] {processor.py:161} INFO - Started process (PID=41730) to work on /home/johnny/airflow/lib/python3.12/site-packages/airflow/example_dags/plugins/decreasing_priority_weight_strategy.py
[2024-07-07T20:24:40.860-0300] {processor.py:830} INFO - Processing file /home/johnny/airflow/lib/python3.12/site-packages/airflow/example_dags/plugins/decreasing_priority_weight_strategy.py for tasks to queue
[2024-07-07T20:24:40.862-0300] {logging_mixin.py:188} INFO - [2024-07-07T20:24:40.861-0300] {dagbag.py:545} INFO - Filling up the DagBag from /home/johnny/airflow/lib/python3.12/site-packages/airflow/example_dags/plugins/decreasing_priority_weight_strategy.py
[2024-07-07T20:24:40.866-0300] {processor.py:842} WARNING - No viable dags retrieved from /home/johnny/airflow/lib/python3.12/site-packages/airflow/example_dags/plugins/decreasing_priority_weight_strategy.py
[2024-07-07T20:24:40.885-0300] {processor.py:183} INFO - Processing /home/johnny/airflow/lib/python3.12/site-packages/airflow/example_dags/plugins/decreasing_priority_weight_strategy.py took 0.038 seconds
[2024-07-07T20:25:39.915-0300] {processor.py:161} INFO - Started process (PID=41883) to work on /home/johnny/airflow/lib/python3.12/site-packages/airflow/example_dags/plugins/decreasing_priority_weight_strategy.py
[2024-07-07T20:25:39.918-0300] {processor.py:830} INFO - Processing file /home/johnny/airflow/lib/python3.12/site-packages/airflow/example_dags/plugins/decreasing_priority_weight_strategy.py for tasks to queue
[2024-07-07T20:25:39.919-0300] {logging_mixin.py:188} INFO - [2024-07-07T20:25:39.919-0300] {dagbag.py:545} INFO - Filling up the DagBag from /home/johnny/airflow/lib/python3.12/site-packages/airflow/example_dags/plugins/decreasing_priority_weight_strategy.py
[2024-07-07T20:25:39.923-0300] {processor.py:842} WARNING - No viable dags retrieved from /home/johnny/airflow/lib/python3.12/site-packages/airflow/example_dags/plugins/decreasing_priority_weight_strategy.py
[2024-07-07T20:25:39.943-0300] {processor.py:183} INFO - Processing /home/johnny/airflow/lib/python3.12/site-packages/airflow/example_dags/plugins/decreasing_priority_weight_strategy.py took 0.039 seconds
[2024-07-07T20:26:39.742-0300] {processor.py:161} INFO - Started process (PID=42050) to work on /home/johnny/airflow/lib/python3.12/site-packages/airflow/example_dags/plugins/decreasing_priority_weight_strategy.py
[2024-07-07T20:26:39.747-0300] {processor.py:830} INFO - Processing file /home/johnny/airflow/lib/python3.12/site-packages/airflow/example_dags/plugins/decreasing_priority_weight_strategy.py for tasks to queue
[2024-07-07T20:26:39.750-0300] {logging_mixin.py:188} INFO - [2024-07-07T20:26:39.749-0300] {dagbag.py:545} INFO - Filling up the DagBag from /home/johnny/airflow/lib/python3.12/site-packages/airflow/example_dags/plugins/decreasing_priority_weight_strategy.py
[2024-07-07T20:26:39.754-0300] {processor.py:842} WARNING - No viable dags retrieved from /home/johnny/airflow/lib/python3.12/site-packages/airflow/example_dags/plugins/decreasing_priority_weight_strategy.py
[2024-07-07T20:26:39.774-0300] {processor.py:183} INFO - Processing /home/johnny/airflow/lib/python3.12/site-packages/airflow/example_dags/plugins/decreasing_priority_weight_strategy.py took 0.044 seconds
[2024-07-07T20:27:51.192-0300] {processor.py:161} INFO - Started process (PID=42245) to work on /home/johnny/airflow/lib/python3.12/site-packages/airflow/example_dags/plugins/decreasing_priority_weight_strategy.py
[2024-07-07T20:27:51.195-0300] {processor.py:830} INFO - Processing file /home/johnny/airflow/lib/python3.12/site-packages/airflow/example_dags/plugins/decreasing_priority_weight_strategy.py for tasks to queue
[2024-07-07T20:27:51.197-0300] {logging_mixin.py:188} INFO - [2024-07-07T20:27:51.196-0300] {dagbag.py:545} INFO - Filling up the DagBag from /home/johnny/airflow/lib/python3.12/site-packages/airflow/example_dags/plugins/decreasing_priority_weight_strategy.py
[2024-07-07T20:27:51.201-0300] {processor.py:842} WARNING - No viable dags retrieved from /home/johnny/airflow/lib/python3.12/site-packages/airflow/example_dags/plugins/decreasing_priority_weight_strategy.py
[2024-07-07T20:27:51.221-0300] {processor.py:183} INFO - Processing /home/johnny/airflow/lib/python3.12/site-packages/airflow/example_dags/plugins/decreasing_priority_weight_strategy.py took 0.041 seconds
[2024-07-07T20:29:02.081-0300] {processor.py:161} INFO - Started process (PID=42439) to work on /home/johnny/airflow/lib/python3.12/site-packages/airflow/example_dags/plugins/decreasing_priority_weight_strategy.py
[2024-07-07T20:29:02.083-0300] {processor.py:830} INFO - Processing file /home/johnny/airflow/lib/python3.12/site-packages/airflow/example_dags/plugins/decreasing_priority_weight_strategy.py for tasks to queue
[2024-07-07T20:29:02.085-0300] {logging_mixin.py:188} INFO - [2024-07-07T20:29:02.084-0300] {dagbag.py:545} INFO - Filling up the DagBag from /home/johnny/airflow/lib/python3.12/site-packages/airflow/example_dags/plugins/decreasing_priority_weight_strategy.py
[2024-07-07T20:29:02.090-0300] {processor.py:842} WARNING - No viable dags retrieved from /home/johnny/airflow/lib/python3.12/site-packages/airflow/example_dags/plugins/decreasing_priority_weight_strategy.py
[2024-07-07T20:29:02.109-0300] {processor.py:183} INFO - Processing /home/johnny/airflow/lib/python3.12/site-packages/airflow/example_dags/plugins/decreasing_priority_weight_strategy.py took 0.040 seconds
[2024-07-07T20:30:07.388-0300] {processor.py:161} INFO - Started process (PID=42621) to work on /home/johnny/airflow/lib/python3.12/site-packages/airflow/example_dags/plugins/decreasing_priority_weight_strategy.py
[2024-07-07T20:30:07.394-0300] {processor.py:830} INFO - Processing file /home/johnny/airflow/lib/python3.12/site-packages/airflow/example_dags/plugins/decreasing_priority_weight_strategy.py for tasks to queue
[2024-07-07T20:30:07.396-0300] {logging_mixin.py:188} INFO - [2024-07-07T20:30:07.395-0300] {dagbag.py:545} INFO - Filling up the DagBag from /home/johnny/airflow/lib/python3.12/site-packages/airflow/example_dags/plugins/decreasing_priority_weight_strategy.py
[2024-07-07T20:30:07.400-0300] {processor.py:842} WARNING - No viable dags retrieved from /home/johnny/airflow/lib/python3.12/site-packages/airflow/example_dags/plugins/decreasing_priority_weight_strategy.py
[2024-07-07T20:30:07.420-0300] {processor.py:183} INFO - Processing /home/johnny/airflow/lib/python3.12/site-packages/airflow/example_dags/plugins/decreasing_priority_weight_strategy.py took 0.044 seconds
[2024-07-07T20:31:07.944-0300] {processor.py:161} INFO - Started process (PID=42783) to work on /home/johnny/airflow/lib/python3.12/site-packages/airflow/example_dags/plugins/decreasing_priority_weight_strategy.py
[2024-07-07T20:31:07.948-0300] {processor.py:830} INFO - Processing file /home/johnny/airflow/lib/python3.12/site-packages/airflow/example_dags/plugins/decreasing_priority_weight_strategy.py for tasks to queue
[2024-07-07T20:31:07.953-0300] {logging_mixin.py:188} INFO - [2024-07-07T20:31:07.952-0300] {dagbag.py:545} INFO - Filling up the DagBag from /home/johnny/airflow/lib/python3.12/site-packages/airflow/example_dags/plugins/decreasing_priority_weight_strategy.py
[2024-07-07T20:31:07.958-0300] {processor.py:842} WARNING - No viable dags retrieved from /home/johnny/airflow/lib/python3.12/site-packages/airflow/example_dags/plugins/decreasing_priority_weight_strategy.py
[2024-07-07T20:31:07.978-0300] {processor.py:183} INFO - Processing /home/johnny/airflow/lib/python3.12/site-packages/airflow/example_dags/plugins/decreasing_priority_weight_strategy.py took 0.056 seconds
[2024-07-07T20:32:07.712-0300] {processor.py:161} INFO - Started process (PID=42940) to work on /home/johnny/airflow/lib/python3.12/site-packages/airflow/example_dags/plugins/decreasing_priority_weight_strategy.py
[2024-07-07T20:32:07.715-0300] {processor.py:830} INFO - Processing file /home/johnny/airflow/lib/python3.12/site-packages/airflow/example_dags/plugins/decreasing_priority_weight_strategy.py for tasks to queue
[2024-07-07T20:32:07.717-0300] {logging_mixin.py:188} INFO - [2024-07-07T20:32:07.716-0300] {dagbag.py:545} INFO - Filling up the DagBag from /home/johnny/airflow/lib/python3.12/site-packages/airflow/example_dags/plugins/decreasing_priority_weight_strategy.py
[2024-07-07T20:32:07.721-0300] {processor.py:842} WARNING - No viable dags retrieved from /home/johnny/airflow/lib/python3.12/site-packages/airflow/example_dags/plugins/decreasing_priority_weight_strategy.py
[2024-07-07T20:32:07.740-0300] {processor.py:183} INFO - Processing /home/johnny/airflow/lib/python3.12/site-packages/airflow/example_dags/plugins/decreasing_priority_weight_strategy.py took 0.040 seconds
[2024-07-07T20:33:35.374-0300] {processor.py:161} INFO - Started process (PID=43213) to work on /home/johnny/airflow/lib/python3.12/site-packages/airflow/example_dags/plugins/decreasing_priority_weight_strategy.py
[2024-07-07T20:33:35.377-0300] {processor.py:830} INFO - Processing file /home/johnny/airflow/lib/python3.12/site-packages/airflow/example_dags/plugins/decreasing_priority_weight_strategy.py for tasks to queue
[2024-07-07T20:33:35.380-0300] {logging_mixin.py:188} INFO - [2024-07-07T20:33:35.379-0300] {dagbag.py:545} INFO - Filling up the DagBag from /home/johnny/airflow/lib/python3.12/site-packages/airflow/example_dags/plugins/decreasing_priority_weight_strategy.py
[2024-07-07T20:33:35.385-0300] {processor.py:842} WARNING - No viable dags retrieved from /home/johnny/airflow/lib/python3.12/site-packages/airflow/example_dags/plugins/decreasing_priority_weight_strategy.py
[2024-07-07T20:33:35.406-0300] {processor.py:183} INFO - Processing /home/johnny/airflow/lib/python3.12/site-packages/airflow/example_dags/plugins/decreasing_priority_weight_strategy.py took 0.049 seconds
[2024-07-07T20:34:20.867-0300] {processor.py:161} INFO - Started process (PID=43344) to work on /home/johnny/airflow/lib/python3.12/site-packages/airflow/example_dags/plugins/decreasing_priority_weight_strategy.py
[2024-07-07T20:34:20.870-0300] {processor.py:830} INFO - Processing file /home/johnny/airflow/lib/python3.12/site-packages/airflow/example_dags/plugins/decreasing_priority_weight_strategy.py for tasks to queue
[2024-07-07T20:34:20.872-0300] {logging_mixin.py:188} INFO - [2024-07-07T20:34:20.872-0300] {dagbag.py:545} INFO - Filling up the DagBag from /home/johnny/airflow/lib/python3.12/site-packages/airflow/example_dags/plugins/decreasing_priority_weight_strategy.py
[2024-07-07T20:34:20.878-0300] {processor.py:842} WARNING - No viable dags retrieved from /home/johnny/airflow/lib/python3.12/site-packages/airflow/example_dags/plugins/decreasing_priority_weight_strategy.py
[2024-07-07T20:34:20.898-0300] {processor.py:183} INFO - Processing /home/johnny/airflow/lib/python3.12/site-packages/airflow/example_dags/plugins/decreasing_priority_weight_strategy.py took 0.042 seconds
[2024-07-07T20:35:23.451-0300] {processor.py:161} INFO - Started process (PID=43512) to work on /home/johnny/airflow/lib/python3.12/site-packages/airflow/example_dags/plugins/decreasing_priority_weight_strategy.py
[2024-07-07T20:35:23.456-0300] {processor.py:830} INFO - Processing file /home/johnny/airflow/lib/python3.12/site-packages/airflow/example_dags/plugins/decreasing_priority_weight_strategy.py for tasks to queue
[2024-07-07T20:35:23.459-0300] {logging_mixin.py:188} INFO - [2024-07-07T20:35:23.457-0300] {dagbag.py:545} INFO - Filling up the DagBag from /home/johnny/airflow/lib/python3.12/site-packages/airflow/example_dags/plugins/decreasing_priority_weight_strategy.py
[2024-07-07T20:35:23.464-0300] {processor.py:842} WARNING - No viable dags retrieved from /home/johnny/airflow/lib/python3.12/site-packages/airflow/example_dags/plugins/decreasing_priority_weight_strategy.py
[2024-07-07T20:35:23.489-0300] {processor.py:183} INFO - Processing /home/johnny/airflow/lib/python3.12/site-packages/airflow/example_dags/plugins/decreasing_priority_weight_strategy.py took 0.051 seconds
[2024-07-07T20:36:27.963-0300] {processor.py:161} INFO - Started process (PID=43686) to work on /home/johnny/airflow/lib/python3.12/site-packages/airflow/example_dags/plugins/decreasing_priority_weight_strategy.py
[2024-07-07T20:36:27.966-0300] {processor.py:830} INFO - Processing file /home/johnny/airflow/lib/python3.12/site-packages/airflow/example_dags/plugins/decreasing_priority_weight_strategy.py for tasks to queue
[2024-07-07T20:36:27.970-0300] {logging_mixin.py:188} INFO - [2024-07-07T20:36:27.968-0300] {dagbag.py:545} INFO - Filling up the DagBag from /home/johnny/airflow/lib/python3.12/site-packages/airflow/example_dags/plugins/decreasing_priority_weight_strategy.py
[2024-07-07T20:36:27.976-0300] {processor.py:842} WARNING - No viable dags retrieved from /home/johnny/airflow/lib/python3.12/site-packages/airflow/example_dags/plugins/decreasing_priority_weight_strategy.py
[2024-07-07T20:36:27.997-0300] {processor.py:183} INFO - Processing /home/johnny/airflow/lib/python3.12/site-packages/airflow/example_dags/plugins/decreasing_priority_weight_strategy.py took 0.047 seconds
[2024-07-07T20:37:30.857-0300] {processor.py:161} INFO - Started process (PID=43856) to work on /home/johnny/airflow/lib/python3.12/site-packages/airflow/example_dags/plugins/decreasing_priority_weight_strategy.py
[2024-07-07T20:37:30.860-0300] {processor.py:830} INFO - Processing file /home/johnny/airflow/lib/python3.12/site-packages/airflow/example_dags/plugins/decreasing_priority_weight_strategy.py for tasks to queue
[2024-07-07T20:37:30.862-0300] {logging_mixin.py:188} INFO - [2024-07-07T20:37:30.861-0300] {dagbag.py:545} INFO - Filling up the DagBag from /home/johnny/airflow/lib/python3.12/site-packages/airflow/example_dags/plugins/decreasing_priority_weight_strategy.py
[2024-07-07T20:37:30.867-0300] {processor.py:842} WARNING - No viable dags retrieved from /home/johnny/airflow/lib/python3.12/site-packages/airflow/example_dags/plugins/decreasing_priority_weight_strategy.py
[2024-07-07T20:37:30.885-0300] {processor.py:183} INFO - Processing /home/johnny/airflow/lib/python3.12/site-packages/airflow/example_dags/plugins/decreasing_priority_weight_strategy.py took 0.039 seconds
[2024-07-07T20:38:30.896-0300] {processor.py:161} INFO - Started process (PID=44019) to work on /home/johnny/airflow/lib/python3.12/site-packages/airflow/example_dags/plugins/decreasing_priority_weight_strategy.py
[2024-07-07T20:38:30.899-0300] {processor.py:830} INFO - Processing file /home/johnny/airflow/lib/python3.12/site-packages/airflow/example_dags/plugins/decreasing_priority_weight_strategy.py for tasks to queue
[2024-07-07T20:38:30.902-0300] {logging_mixin.py:188} INFO - [2024-07-07T20:38:30.901-0300] {dagbag.py:545} INFO - Filling up the DagBag from /home/johnny/airflow/lib/python3.12/site-packages/airflow/example_dags/plugins/decreasing_priority_weight_strategy.py
[2024-07-07T20:38:30.908-0300] {processor.py:842} WARNING - No viable dags retrieved from /home/johnny/airflow/lib/python3.12/site-packages/airflow/example_dags/plugins/decreasing_priority_weight_strategy.py
[2024-07-07T20:38:30.928-0300] {processor.py:183} INFO - Processing /home/johnny/airflow/lib/python3.12/site-packages/airflow/example_dags/plugins/decreasing_priority_weight_strategy.py took 0.048 seconds
[2024-07-07T20:39:39.967-0300] {processor.py:161} INFO - Started process (PID=44195) to work on /home/johnny/airflow/lib/python3.12/site-packages/airflow/example_dags/plugins/decreasing_priority_weight_strategy.py
[2024-07-07T20:39:39.970-0300] {processor.py:830} INFO - Processing file /home/johnny/airflow/lib/python3.12/site-packages/airflow/example_dags/plugins/decreasing_priority_weight_strategy.py for tasks to queue
[2024-07-07T20:39:39.972-0300] {logging_mixin.py:188} INFO - [2024-07-07T20:39:39.971-0300] {dagbag.py:545} INFO - Filling up the DagBag from /home/johnny/airflow/lib/python3.12/site-packages/airflow/example_dags/plugins/decreasing_priority_weight_strategy.py
[2024-07-07T20:39:39.977-0300] {processor.py:842} WARNING - No viable dags retrieved from /home/johnny/airflow/lib/python3.12/site-packages/airflow/example_dags/plugins/decreasing_priority_weight_strategy.py
[2024-07-07T20:39:40.000-0300] {processor.py:183} INFO - Processing /home/johnny/airflow/lib/python3.12/site-packages/airflow/example_dags/plugins/decreasing_priority_weight_strategy.py took 0.045 seconds
[2024-07-07T20:40:46.974-0300] {processor.py:161} INFO - Started process (PID=44382) to work on /home/johnny/airflow/lib/python3.12/site-packages/airflow/example_dags/plugins/decreasing_priority_weight_strategy.py
[2024-07-07T20:40:46.979-0300] {processor.py:830} INFO - Processing file /home/johnny/airflow/lib/python3.12/site-packages/airflow/example_dags/plugins/decreasing_priority_weight_strategy.py for tasks to queue
[2024-07-07T20:40:46.982-0300] {logging_mixin.py:188} INFO - [2024-07-07T20:40:46.981-0300] {dagbag.py:545} INFO - Filling up the DagBag from /home/johnny/airflow/lib/python3.12/site-packages/airflow/example_dags/plugins/decreasing_priority_weight_strategy.py
[2024-07-07T20:40:46.986-0300] {processor.py:842} WARNING - No viable dags retrieved from /home/johnny/airflow/lib/python3.12/site-packages/airflow/example_dags/plugins/decreasing_priority_weight_strategy.py
[2024-07-07T20:40:47.007-0300] {processor.py:183} INFO - Processing /home/johnny/airflow/lib/python3.12/site-packages/airflow/example_dags/plugins/decreasing_priority_weight_strategy.py took 0.043 seconds
[2024-07-07T20:41:56.914-0300] {processor.py:161} INFO - Started process (PID=44573) to work on /home/johnny/airflow/lib/python3.12/site-packages/airflow/example_dags/plugins/decreasing_priority_weight_strategy.py
[2024-07-07T20:41:56.917-0300] {processor.py:830} INFO - Processing file /home/johnny/airflow/lib/python3.12/site-packages/airflow/example_dags/plugins/decreasing_priority_weight_strategy.py for tasks to queue
[2024-07-07T20:41:56.919-0300] {logging_mixin.py:188} INFO - [2024-07-07T20:41:56.919-0300] {dagbag.py:545} INFO - Filling up the DagBag from /home/johnny/airflow/lib/python3.12/site-packages/airflow/example_dags/plugins/decreasing_priority_weight_strategy.py
[2024-07-07T20:41:56.923-0300] {processor.py:842} WARNING - No viable dags retrieved from /home/johnny/airflow/lib/python3.12/site-packages/airflow/example_dags/plugins/decreasing_priority_weight_strategy.py
[2024-07-07T20:41:56.943-0300] {processor.py:183} INFO - Processing /home/johnny/airflow/lib/python3.12/site-packages/airflow/example_dags/plugins/decreasing_priority_weight_strategy.py took 0.040 seconds
[2024-07-07T20:43:00.978-0300] {processor.py:161} INFO - Started process (PID=44744) to work on /home/johnny/airflow/lib/python3.12/site-packages/airflow/example_dags/plugins/decreasing_priority_weight_strategy.py
[2024-07-07T20:43:00.984-0300] {processor.py:830} INFO - Processing file /home/johnny/airflow/lib/python3.12/site-packages/airflow/example_dags/plugins/decreasing_priority_weight_strategy.py for tasks to queue
[2024-07-07T20:43:00.987-0300] {logging_mixin.py:188} INFO - [2024-07-07T20:43:00.986-0300] {dagbag.py:545} INFO - Filling up the DagBag from /home/johnny/airflow/lib/python3.12/site-packages/airflow/example_dags/plugins/decreasing_priority_weight_strategy.py
[2024-07-07T20:43:00.990-0300] {processor.py:842} WARNING - No viable dags retrieved from /home/johnny/airflow/lib/python3.12/site-packages/airflow/example_dags/plugins/decreasing_priority_weight_strategy.py
[2024-07-07T20:43:01.004-0300] {processor.py:183} INFO - Processing /home/johnny/airflow/lib/python3.12/site-packages/airflow/example_dags/plugins/decreasing_priority_weight_strategy.py took 0.041 seconds
[2024-07-07T20:44:05.405-0300] {processor.py:161} INFO - Started process (PID=44921) to work on /home/johnny/airflow/lib/python3.12/site-packages/airflow/example_dags/plugins/decreasing_priority_weight_strategy.py
[2024-07-07T20:44:05.411-0300] {processor.py:830} INFO - Processing file /home/johnny/airflow/lib/python3.12/site-packages/airflow/example_dags/plugins/decreasing_priority_weight_strategy.py for tasks to queue
[2024-07-07T20:44:05.413-0300] {logging_mixin.py:188} INFO - [2024-07-07T20:44:05.412-0300] {dagbag.py:545} INFO - Filling up the DagBag from /home/johnny/airflow/lib/python3.12/site-packages/airflow/example_dags/plugins/decreasing_priority_weight_strategy.py
[2024-07-07T20:44:05.417-0300] {processor.py:842} WARNING - No viable dags retrieved from /home/johnny/airflow/lib/python3.12/site-packages/airflow/example_dags/plugins/decreasing_priority_weight_strategy.py
[2024-07-07T20:44:05.435-0300] {processor.py:183} INFO - Processing /home/johnny/airflow/lib/python3.12/site-packages/airflow/example_dags/plugins/decreasing_priority_weight_strategy.py took 0.042 seconds
[2024-07-07T20:44:43.205-0300] {processor.py:161} INFO - Started process (PID=45020) to work on /home/johnny/airflow/lib/python3.12/site-packages/airflow/example_dags/plugins/decreasing_priority_weight_strategy.py
[2024-07-07T20:44:43.211-0300] {processor.py:830} INFO - Processing file /home/johnny/airflow/lib/python3.12/site-packages/airflow/example_dags/plugins/decreasing_priority_weight_strategy.py for tasks to queue
[2024-07-07T20:44:43.215-0300] {logging_mixin.py:188} INFO - [2024-07-07T20:44:43.213-0300] {dagbag.py:545} INFO - Filling up the DagBag from /home/johnny/airflow/lib/python3.12/site-packages/airflow/example_dags/plugins/decreasing_priority_weight_strategy.py
[2024-07-07T20:44:43.221-0300] {processor.py:842} WARNING - No viable dags retrieved from /home/johnny/airflow/lib/python3.12/site-packages/airflow/example_dags/plugins/decreasing_priority_weight_strategy.py
[2024-07-07T20:44:43.252-0300] {processor.py:183} INFO - Processing /home/johnny/airflow/lib/python3.12/site-packages/airflow/example_dags/plugins/decreasing_priority_weight_strategy.py took 0.067 seconds
[2024-07-07T20:45:47.295-0300] {processor.py:161} INFO - Started process (PID=45191) to work on /home/johnny/airflow/lib/python3.12/site-packages/airflow/example_dags/plugins/decreasing_priority_weight_strategy.py
[2024-07-07T20:45:47.301-0300] {processor.py:830} INFO - Processing file /home/johnny/airflow/lib/python3.12/site-packages/airflow/example_dags/plugins/decreasing_priority_weight_strategy.py for tasks to queue
[2024-07-07T20:45:47.303-0300] {logging_mixin.py:188} INFO - [2024-07-07T20:45:47.302-0300] {dagbag.py:545} INFO - Filling up the DagBag from /home/johnny/airflow/lib/python3.12/site-packages/airflow/example_dags/plugins/decreasing_priority_weight_strategy.py
[2024-07-07T20:45:47.307-0300] {processor.py:842} WARNING - No viable dags retrieved from /home/johnny/airflow/lib/python3.12/site-packages/airflow/example_dags/plugins/decreasing_priority_weight_strategy.py
[2024-07-07T20:45:47.331-0300] {processor.py:183} INFO - Processing /home/johnny/airflow/lib/python3.12/site-packages/airflow/example_dags/plugins/decreasing_priority_weight_strategy.py took 0.048 seconds
[2024-07-07T20:46:54.145-0300] {processor.py:161} INFO - Started process (PID=45375) to work on /home/johnny/airflow/lib/python3.12/site-packages/airflow/example_dags/plugins/decreasing_priority_weight_strategy.py
[2024-07-07T20:46:54.147-0300] {processor.py:830} INFO - Processing file /home/johnny/airflow/lib/python3.12/site-packages/airflow/example_dags/plugins/decreasing_priority_weight_strategy.py for tasks to queue
[2024-07-07T20:46:54.149-0300] {logging_mixin.py:188} INFO - [2024-07-07T20:46:54.149-0300] {dagbag.py:545} INFO - Filling up the DagBag from /home/johnny/airflow/lib/python3.12/site-packages/airflow/example_dags/plugins/decreasing_priority_weight_strategy.py
[2024-07-07T20:46:54.154-0300] {processor.py:842} WARNING - No viable dags retrieved from /home/johnny/airflow/lib/python3.12/site-packages/airflow/example_dags/plugins/decreasing_priority_weight_strategy.py
[2024-07-07T20:46:54.174-0300] {processor.py:183} INFO - Processing /home/johnny/airflow/lib/python3.12/site-packages/airflow/example_dags/plugins/decreasing_priority_weight_strategy.py took 0.043 seconds
[2024-07-07T20:47:58.948-0300] {processor.py:161} INFO - Started process (PID=45545) to work on /home/johnny/airflow/lib/python3.12/site-packages/airflow/example_dags/plugins/decreasing_priority_weight_strategy.py
[2024-07-07T20:47:58.953-0300] {processor.py:830} INFO - Processing file /home/johnny/airflow/lib/python3.12/site-packages/airflow/example_dags/plugins/decreasing_priority_weight_strategy.py for tasks to queue
[2024-07-07T20:47:58.956-0300] {logging_mixin.py:188} INFO - [2024-07-07T20:47:58.955-0300] {dagbag.py:545} INFO - Filling up the DagBag from /home/johnny/airflow/lib/python3.12/site-packages/airflow/example_dags/plugins/decreasing_priority_weight_strategy.py
[2024-07-07T20:47:58.959-0300] {processor.py:842} WARNING - No viable dags retrieved from /home/johnny/airflow/lib/python3.12/site-packages/airflow/example_dags/plugins/decreasing_priority_weight_strategy.py
[2024-07-07T20:47:58.976-0300] {processor.py:183} INFO - Processing /home/johnny/airflow/lib/python3.12/site-packages/airflow/example_dags/plugins/decreasing_priority_weight_strategy.py took 0.039 seconds
[2024-07-07T20:49:06.331-0300] {processor.py:161} INFO - Started process (PID=45729) to work on /home/johnny/airflow/lib/python3.12/site-packages/airflow/example_dags/plugins/decreasing_priority_weight_strategy.py
[2024-07-07T20:49:06.333-0300] {processor.py:830} INFO - Processing file /home/johnny/airflow/lib/python3.12/site-packages/airflow/example_dags/plugins/decreasing_priority_weight_strategy.py for tasks to queue
[2024-07-07T20:49:06.336-0300] {logging_mixin.py:188} INFO - [2024-07-07T20:49:06.335-0300] {dagbag.py:545} INFO - Filling up the DagBag from /home/johnny/airflow/lib/python3.12/site-packages/airflow/example_dags/plugins/decreasing_priority_weight_strategy.py
[2024-07-07T20:49:06.340-0300] {processor.py:842} WARNING - No viable dags retrieved from /home/johnny/airflow/lib/python3.12/site-packages/airflow/example_dags/plugins/decreasing_priority_weight_strategy.py
[2024-07-07T20:49:06.364-0300] {processor.py:183} INFO - Processing /home/johnny/airflow/lib/python3.12/site-packages/airflow/example_dags/plugins/decreasing_priority_weight_strategy.py took 0.045 seconds
[2024-07-07T20:49:45.326-0300] {processor.py:161} INFO - Started process (PID=45829) to work on /home/johnny/airflow/lib/python3.12/site-packages/airflow/example_dags/plugins/decreasing_priority_weight_strategy.py
[2024-07-07T20:49:45.328-0300] {processor.py:830} INFO - Processing file /home/johnny/airflow/lib/python3.12/site-packages/airflow/example_dags/plugins/decreasing_priority_weight_strategy.py for tasks to queue
[2024-07-07T20:49:45.330-0300] {logging_mixin.py:188} INFO - [2024-07-07T20:49:45.329-0300] {dagbag.py:545} INFO - Filling up the DagBag from /home/johnny/airflow/lib/python3.12/site-packages/airflow/example_dags/plugins/decreasing_priority_weight_strategy.py
[2024-07-07T20:49:45.335-0300] {processor.py:842} WARNING - No viable dags retrieved from /home/johnny/airflow/lib/python3.12/site-packages/airflow/example_dags/plugins/decreasing_priority_weight_strategy.py
[2024-07-07T20:49:45.353-0300] {processor.py:183} INFO - Processing /home/johnny/airflow/lib/python3.12/site-packages/airflow/example_dags/plugins/decreasing_priority_weight_strategy.py took 0.038 seconds
[2024-07-07T20:50:55.691-0300] {processor.py:161} INFO - Started process (PID=46013) to work on /home/johnny/airflow/lib/python3.12/site-packages/airflow/example_dags/plugins/decreasing_priority_weight_strategy.py
[2024-07-07T20:50:55.694-0300] {processor.py:830} INFO - Processing file /home/johnny/airflow/lib/python3.12/site-packages/airflow/example_dags/plugins/decreasing_priority_weight_strategy.py for tasks to queue
[2024-07-07T20:50:55.696-0300] {logging_mixin.py:188} INFO - [2024-07-07T20:50:55.696-0300] {dagbag.py:545} INFO - Filling up the DagBag from /home/johnny/airflow/lib/python3.12/site-packages/airflow/example_dags/plugins/decreasing_priority_weight_strategy.py
[2024-07-07T20:50:55.701-0300] {processor.py:842} WARNING - No viable dags retrieved from /home/johnny/airflow/lib/python3.12/site-packages/airflow/example_dags/plugins/decreasing_priority_weight_strategy.py
[2024-07-07T20:50:55.722-0300] {processor.py:183} INFO - Processing /home/johnny/airflow/lib/python3.12/site-packages/airflow/example_dags/plugins/decreasing_priority_weight_strategy.py took 0.045 seconds
[2024-07-07T20:52:08.245-0300] {processor.py:161} INFO - Started process (PID=46212) to work on /home/johnny/airflow/lib/python3.12/site-packages/airflow/example_dags/plugins/decreasing_priority_weight_strategy.py
[2024-07-07T20:52:08.251-0300] {processor.py:830} INFO - Processing file /home/johnny/airflow/lib/python3.12/site-packages/airflow/example_dags/plugins/decreasing_priority_weight_strategy.py for tasks to queue
[2024-07-07T20:52:08.254-0300] {logging_mixin.py:188} INFO - [2024-07-07T20:52:08.252-0300] {dagbag.py:545} INFO - Filling up the DagBag from /home/johnny/airflow/lib/python3.12/site-packages/airflow/example_dags/plugins/decreasing_priority_weight_strategy.py
[2024-07-07T20:52:08.258-0300] {processor.py:842} WARNING - No viable dags retrieved from /home/johnny/airflow/lib/python3.12/site-packages/airflow/example_dags/plugins/decreasing_priority_weight_strategy.py
[2024-07-07T20:52:08.278-0300] {processor.py:183} INFO - Processing /home/johnny/airflow/lib/python3.12/site-packages/airflow/example_dags/plugins/decreasing_priority_weight_strategy.py took 0.046 seconds
[2024-07-07T20:53:11.228-0300] {processor.py:161} INFO - Started process (PID=46375) to work on /home/johnny/airflow/lib/python3.12/site-packages/airflow/example_dags/plugins/decreasing_priority_weight_strategy.py
[2024-07-07T20:53:11.234-0300] {processor.py:830} INFO - Processing file /home/johnny/airflow/lib/python3.12/site-packages/airflow/example_dags/plugins/decreasing_priority_weight_strategy.py for tasks to queue
[2024-07-07T20:53:11.236-0300] {logging_mixin.py:188} INFO - [2024-07-07T20:53:11.235-0300] {dagbag.py:545} INFO - Filling up the DagBag from /home/johnny/airflow/lib/python3.12/site-packages/airflow/example_dags/plugins/decreasing_priority_weight_strategy.py
[2024-07-07T20:53:11.240-0300] {processor.py:842} WARNING - No viable dags retrieved from /home/johnny/airflow/lib/python3.12/site-packages/airflow/example_dags/plugins/decreasing_priority_weight_strategy.py
[2024-07-07T20:53:11.263-0300] {processor.py:183} INFO - Processing /home/johnny/airflow/lib/python3.12/site-packages/airflow/example_dags/plugins/decreasing_priority_weight_strategy.py took 0.047 seconds
[2024-07-07T20:54:19.574-0300] {processor.py:161} INFO - Started process (PID=46553) to work on /home/johnny/airflow/lib/python3.12/site-packages/airflow/example_dags/plugins/decreasing_priority_weight_strategy.py
[2024-07-07T20:54:19.577-0300] {processor.py:830} INFO - Processing file /home/johnny/airflow/lib/python3.12/site-packages/airflow/example_dags/plugins/decreasing_priority_weight_strategy.py for tasks to queue
[2024-07-07T20:54:19.580-0300] {logging_mixin.py:188} INFO - [2024-07-07T20:54:19.579-0300] {dagbag.py:545} INFO - Filling up the DagBag from /home/johnny/airflow/lib/python3.12/site-packages/airflow/example_dags/plugins/decreasing_priority_weight_strategy.py
[2024-07-07T20:54:19.586-0300] {processor.py:842} WARNING - No viable dags retrieved from /home/johnny/airflow/lib/python3.12/site-packages/airflow/example_dags/plugins/decreasing_priority_weight_strategy.py
[2024-07-07T20:54:19.622-0300] {processor.py:183} INFO - Processing /home/johnny/airflow/lib/python3.12/site-packages/airflow/example_dags/plugins/decreasing_priority_weight_strategy.py took 0.080 seconds
[2024-07-07T20:54:57.439-0300] {processor.py:161} INFO - Started process (PID=46659) to work on /home/johnny/airflow/lib/python3.12/site-packages/airflow/example_dags/plugins/decreasing_priority_weight_strategy.py
[2024-07-07T20:54:57.442-0300] {processor.py:830} INFO - Processing file /home/johnny/airflow/lib/python3.12/site-packages/airflow/example_dags/plugins/decreasing_priority_weight_strategy.py for tasks to queue
[2024-07-07T20:54:57.444-0300] {logging_mixin.py:188} INFO - [2024-07-07T20:54:57.443-0300] {dagbag.py:545} INFO - Filling up the DagBag from /home/johnny/airflow/lib/python3.12/site-packages/airflow/example_dags/plugins/decreasing_priority_weight_strategy.py
[2024-07-07T20:54:57.448-0300] {processor.py:842} WARNING - No viable dags retrieved from /home/johnny/airflow/lib/python3.12/site-packages/airflow/example_dags/plugins/decreasing_priority_weight_strategy.py
[2024-07-07T20:54:57.470-0300] {processor.py:183} INFO - Processing /home/johnny/airflow/lib/python3.12/site-packages/airflow/example_dags/plugins/decreasing_priority_weight_strategy.py took 0.043 seconds
[2024-07-07T20:56:01.123-0300] {processor.py:161} INFO - Started process (PID=46826) to work on /home/johnny/airflow/lib/python3.12/site-packages/airflow/example_dags/plugins/decreasing_priority_weight_strategy.py
[2024-07-07T20:56:01.127-0300] {processor.py:830} INFO - Processing file /home/johnny/airflow/lib/python3.12/site-packages/airflow/example_dags/plugins/decreasing_priority_weight_strategy.py for tasks to queue
[2024-07-07T20:56:01.129-0300] {logging_mixin.py:188} INFO - [2024-07-07T20:56:01.128-0300] {dagbag.py:545} INFO - Filling up the DagBag from /home/johnny/airflow/lib/python3.12/site-packages/airflow/example_dags/plugins/decreasing_priority_weight_strategy.py
[2024-07-07T20:56:01.133-0300] {processor.py:842} WARNING - No viable dags retrieved from /home/johnny/airflow/lib/python3.12/site-packages/airflow/example_dags/plugins/decreasing_priority_weight_strategy.py
[2024-07-07T20:56:01.153-0300] {processor.py:183} INFO - Processing /home/johnny/airflow/lib/python3.12/site-packages/airflow/example_dags/plugins/decreasing_priority_weight_strategy.py took 0.044 seconds
[2024-07-07T20:57:12.807-0300] {processor.py:161} INFO - Started process (PID=47022) to work on /home/johnny/airflow/lib/python3.12/site-packages/airflow/example_dags/plugins/decreasing_priority_weight_strategy.py
[2024-07-07T20:57:12.813-0300] {processor.py:830} INFO - Processing file /home/johnny/airflow/lib/python3.12/site-packages/airflow/example_dags/plugins/decreasing_priority_weight_strategy.py for tasks to queue
[2024-07-07T20:57:12.816-0300] {logging_mixin.py:188} INFO - [2024-07-07T20:57:12.815-0300] {dagbag.py:545} INFO - Filling up the DagBag from /home/johnny/airflow/lib/python3.12/site-packages/airflow/example_dags/plugins/decreasing_priority_weight_strategy.py
[2024-07-07T20:57:12.821-0300] {processor.py:842} WARNING - No viable dags retrieved from /home/johnny/airflow/lib/python3.12/site-packages/airflow/example_dags/plugins/decreasing_priority_weight_strategy.py
[2024-07-07T20:57:12.846-0300] {processor.py:183} INFO - Processing /home/johnny/airflow/lib/python3.12/site-packages/airflow/example_dags/plugins/decreasing_priority_weight_strategy.py took 0.051 seconds
[2024-07-07T20:58:23.525-0300] {processor.py:161} INFO - Started process (PID=47230) to work on /home/johnny/airflow/lib/python3.12/site-packages/airflow/example_dags/plugins/decreasing_priority_weight_strategy.py
[2024-07-07T20:58:23.529-0300] {processor.py:830} INFO - Processing file /home/johnny/airflow/lib/python3.12/site-packages/airflow/example_dags/plugins/decreasing_priority_weight_strategy.py for tasks to queue
[2024-07-07T20:58:23.531-0300] {logging_mixin.py:188} INFO - [2024-07-07T20:58:23.530-0300] {dagbag.py:545} INFO - Filling up the DagBag from /home/johnny/airflow/lib/python3.12/site-packages/airflow/example_dags/plugins/decreasing_priority_weight_strategy.py
[2024-07-07T20:58:23.537-0300] {processor.py:842} WARNING - No viable dags retrieved from /home/johnny/airflow/lib/python3.12/site-packages/airflow/example_dags/plugins/decreasing_priority_weight_strategy.py
[2024-07-07T20:58:23.564-0300] {processor.py:183} INFO - Processing /home/johnny/airflow/lib/python3.12/site-packages/airflow/example_dags/plugins/decreasing_priority_weight_strategy.py took 0.058 seconds
[2024-07-07T20:59:35.423-0300] {processor.py:161} INFO - Started process (PID=47441) to work on /home/johnny/airflow/lib/python3.12/site-packages/airflow/example_dags/plugins/decreasing_priority_weight_strategy.py
[2024-07-07T20:59:35.429-0300] {processor.py:830} INFO - Processing file /home/johnny/airflow/lib/python3.12/site-packages/airflow/example_dags/plugins/decreasing_priority_weight_strategy.py for tasks to queue
[2024-07-07T20:59:35.431-0300] {logging_mixin.py:188} INFO - [2024-07-07T20:59:35.430-0300] {dagbag.py:545} INFO - Filling up the DagBag from /home/johnny/airflow/lib/python3.12/site-packages/airflow/example_dags/plugins/decreasing_priority_weight_strategy.py
[2024-07-07T20:59:35.436-0300] {processor.py:842} WARNING - No viable dags retrieved from /home/johnny/airflow/lib/python3.12/site-packages/airflow/example_dags/plugins/decreasing_priority_weight_strategy.py
[2024-07-07T20:59:35.456-0300] {processor.py:183} INFO - Processing /home/johnny/airflow/lib/python3.12/site-packages/airflow/example_dags/plugins/decreasing_priority_weight_strategy.py took 0.046 seconds
