[2024-07-07T14:04:17.346-0300] {processor.py:161} INFO - Started process (PID=2979) to work on /home/johnny/airflow_env/lib/python3.12/site-packages/airflow/example_dags/plugins/listener_plugin.py
[2024-07-07T14:04:17.347-0300] {processor.py:830} INFO - Processing file /home/johnny/airflow_env/lib/python3.12/site-packages/airflow/example_dags/plugins/listener_plugin.py for tasks to queue
[2024-07-07T14:04:17.351-0300] {logging_mixin.py:188} INFO - [2024-07-07T14:04:17.350-0300] {dagbag.py:545} INFO - Filling up the DagBag from /home/johnny/airflow_env/lib/python3.12/site-packages/airflow/example_dags/plugins/listener_plugin.py
[2024-07-07T14:04:17.357-0300] {processor.py:842} WARNING - No viable dags retrieved from /home/johnny/airflow_env/lib/python3.12/site-packages/airflow/example_dags/plugins/listener_plugin.py
[2024-07-07T14:04:17.377-0300] {processor.py:183} INFO - Processing /home/johnny/airflow_env/lib/python3.12/site-packages/airflow/example_dags/plugins/listener_plugin.py took 0.044 seconds
[2024-07-07T14:05:27.139-0300] {processor.py:161} INFO - Started process (PID=3030) to work on /home/johnny/airflow_env/lib/python3.12/site-packages/airflow/example_dags/plugins/listener_plugin.py
[2024-07-07T14:05:27.142-0300] {processor.py:830} INFO - Processing file /home/johnny/airflow_env/lib/python3.12/site-packages/airflow/example_dags/plugins/listener_plugin.py for tasks to queue
[2024-07-07T14:05:27.146-0300] {logging_mixin.py:188} INFO - [2024-07-07T14:05:27.145-0300] {dagbag.py:545} INFO - Filling up the DagBag from /home/johnny/airflow_env/lib/python3.12/site-packages/airflow/example_dags/plugins/listener_plugin.py
[2024-07-07T14:05:27.151-0300] {processor.py:842} WARNING - No viable dags retrieved from /home/johnny/airflow_env/lib/python3.12/site-packages/airflow/example_dags/plugins/listener_plugin.py
[2024-07-07T14:05:27.174-0300] {processor.py:183} INFO - Processing /home/johnny/airflow_env/lib/python3.12/site-packages/airflow/example_dags/plugins/listener_plugin.py took 0.045 seconds
[2024-07-07T14:06:23.963-0300] {processor.py:161} INFO - Started process (PID=3081) to work on /home/johnny/airflow_env/lib/python3.12/site-packages/airflow/example_dags/plugins/listener_plugin.py
[2024-07-07T14:06:23.967-0300] {processor.py:830} INFO - Processing file /home/johnny/airflow_env/lib/python3.12/site-packages/airflow/example_dags/plugins/listener_plugin.py for tasks to queue
[2024-07-07T14:06:23.969-0300] {logging_mixin.py:188} INFO - [2024-07-07T14:06:23.968-0300] {dagbag.py:545} INFO - Filling up the DagBag from /home/johnny/airflow_env/lib/python3.12/site-packages/airflow/example_dags/plugins/listener_plugin.py
[2024-07-07T14:06:23.972-0300] {processor.py:842} WARNING - No viable dags retrieved from /home/johnny/airflow_env/lib/python3.12/site-packages/airflow/example_dags/plugins/listener_plugin.py
[2024-07-07T14:06:23.984-0300] {processor.py:183} INFO - Processing /home/johnny/airflow_env/lib/python3.12/site-packages/airflow/example_dags/plugins/listener_plugin.py took 0.034 seconds
[2024-07-07T14:07:20.531-0300] {processor.py:161} INFO - Started process (PID=3131) to work on /home/johnny/airflow_env/lib/python3.12/site-packages/airflow/example_dags/plugins/listener_plugin.py
[2024-07-07T14:07:20.535-0300] {processor.py:830} INFO - Processing file /home/johnny/airflow_env/lib/python3.12/site-packages/airflow/example_dags/plugins/listener_plugin.py for tasks to queue
[2024-07-07T14:07:20.541-0300] {logging_mixin.py:188} INFO - [2024-07-07T14:07:20.539-0300] {dagbag.py:545} INFO - Filling up the DagBag from /home/johnny/airflow_env/lib/python3.12/site-packages/airflow/example_dags/plugins/listener_plugin.py
[2024-07-07T14:07:20.548-0300] {processor.py:842} WARNING - No viable dags retrieved from /home/johnny/airflow_env/lib/python3.12/site-packages/airflow/example_dags/plugins/listener_plugin.py
[2024-07-07T14:07:20.577-0300] {processor.py:183} INFO - Processing /home/johnny/airflow_env/lib/python3.12/site-packages/airflow/example_dags/plugins/listener_plugin.py took 0.076 seconds
[2024-07-07T14:08:16.866-0300] {processor.py:161} INFO - Started process (PID=3181) to work on /home/johnny/airflow_env/lib/python3.12/site-packages/airflow/example_dags/plugins/listener_plugin.py
[2024-07-07T14:08:16.869-0300] {processor.py:830} INFO - Processing file /home/johnny/airflow_env/lib/python3.12/site-packages/airflow/example_dags/plugins/listener_plugin.py for tasks to queue
[2024-07-07T14:08:16.872-0300] {logging_mixin.py:188} INFO - [2024-07-07T14:08:16.871-0300] {dagbag.py:545} INFO - Filling up the DagBag from /home/johnny/airflow_env/lib/python3.12/site-packages/airflow/example_dags/plugins/listener_plugin.py
[2024-07-07T14:08:16.877-0300] {processor.py:842} WARNING - No viable dags retrieved from /home/johnny/airflow_env/lib/python3.12/site-packages/airflow/example_dags/plugins/listener_plugin.py
[2024-07-07T14:08:16.899-0300] {processor.py:183} INFO - Processing /home/johnny/airflow_env/lib/python3.12/site-packages/airflow/example_dags/plugins/listener_plugin.py took 0.044 seconds
[2024-07-07T19:45:03.191-0300] {processor.py:161} INFO - Started process (PID=35202) to work on /home/johnny/airflow/lib/python3.12/site-packages/airflow/example_dags/plugins/listener_plugin.py
[2024-07-07T19:45:03.194-0300] {processor.py:830} INFO - Processing file /home/johnny/airflow/lib/python3.12/site-packages/airflow/example_dags/plugins/listener_plugin.py for tasks to queue
[2024-07-07T19:45:03.199-0300] {logging_mixin.py:188} INFO - [2024-07-07T19:45:03.198-0300] {dagbag.py:545} INFO - Filling up the DagBag from /home/johnny/airflow/lib/python3.12/site-packages/airflow/example_dags/plugins/listener_plugin.py
[2024-07-07T19:45:03.205-0300] {processor.py:842} WARNING - No viable dags retrieved from /home/johnny/airflow/lib/python3.12/site-packages/airflow/example_dags/plugins/listener_plugin.py
[2024-07-07T19:45:03.222-0300] {processor.py:183} INFO - Processing /home/johnny/airflow/lib/python3.12/site-packages/airflow/example_dags/plugins/listener_plugin.py took 0.048 seconds
[2024-07-07T19:46:17.508-0300] {processor.py:161} INFO - Started process (PID=35379) to work on /home/johnny/airflow/lib/python3.12/site-packages/airflow/example_dags/plugins/listener_plugin.py
[2024-07-07T19:46:17.511-0300] {processor.py:830} INFO - Processing file /home/johnny/airflow/lib/python3.12/site-packages/airflow/example_dags/plugins/listener_plugin.py for tasks to queue
[2024-07-07T19:46:17.515-0300] {logging_mixin.py:188} INFO - [2024-07-07T19:46:17.514-0300] {dagbag.py:545} INFO - Filling up the DagBag from /home/johnny/airflow/lib/python3.12/site-packages/airflow/example_dags/plugins/listener_plugin.py
[2024-07-07T19:46:17.521-0300] {processor.py:842} WARNING - No viable dags retrieved from /home/johnny/airflow/lib/python3.12/site-packages/airflow/example_dags/plugins/listener_plugin.py
[2024-07-07T19:46:17.544-0300] {processor.py:183} INFO - Processing /home/johnny/airflow/lib/python3.12/site-packages/airflow/example_dags/plugins/listener_plugin.py took 0.047 seconds
[2024-07-07T19:46:58.781-0300] {processor.py:161} INFO - Started process (PID=35491) to work on /home/johnny/airflow/lib/python3.12/site-packages/airflow/example_dags/plugins/listener_plugin.py
[2024-07-07T19:46:58.784-0300] {processor.py:830} INFO - Processing file /home/johnny/airflow/lib/python3.12/site-packages/airflow/example_dags/plugins/listener_plugin.py for tasks to queue
[2024-07-07T19:46:58.789-0300] {logging_mixin.py:188} INFO - [2024-07-07T19:46:58.788-0300] {dagbag.py:545} INFO - Filling up the DagBag from /home/johnny/airflow/lib/python3.12/site-packages/airflow/example_dags/plugins/listener_plugin.py
[2024-07-07T19:46:58.796-0300] {processor.py:842} WARNING - No viable dags retrieved from /home/johnny/airflow/lib/python3.12/site-packages/airflow/example_dags/plugins/listener_plugin.py
[2024-07-07T19:46:58.826-0300] {processor.py:183} INFO - Processing /home/johnny/airflow/lib/python3.12/site-packages/airflow/example_dags/plugins/listener_plugin.py took 0.058 seconds
[2024-07-07T19:47:35.970-0300] {processor.py:161} INFO - Started process (PID=35597) to work on /home/johnny/airflow/lib/python3.12/site-packages/airflow/example_dags/plugins/listener_plugin.py
[2024-07-07T19:47:35.973-0300] {processor.py:830} INFO - Processing file /home/johnny/airflow/lib/python3.12/site-packages/airflow/example_dags/plugins/listener_plugin.py for tasks to queue
[2024-07-07T19:47:35.979-0300] {logging_mixin.py:188} INFO - [2024-07-07T19:47:35.978-0300] {dagbag.py:545} INFO - Filling up the DagBag from /home/johnny/airflow/lib/python3.12/site-packages/airflow/example_dags/plugins/listener_plugin.py
[2024-07-07T19:47:35.986-0300] {processor.py:842} WARNING - No viable dags retrieved from /home/johnny/airflow/lib/python3.12/site-packages/airflow/example_dags/plugins/listener_plugin.py
[2024-07-07T19:47:36.011-0300] {processor.py:183} INFO - Processing /home/johnny/airflow/lib/python3.12/site-packages/airflow/example_dags/plugins/listener_plugin.py took 0.058 seconds
[2024-07-07T19:48:43.169-0300] {processor.py:161} INFO - Started process (PID=35778) to work on /home/johnny/airflow/lib/python3.12/site-packages/airflow/example_dags/plugins/listener_plugin.py
[2024-07-07T19:48:43.173-0300] {processor.py:830} INFO - Processing file /home/johnny/airflow/lib/python3.12/site-packages/airflow/example_dags/plugins/listener_plugin.py for tasks to queue
[2024-07-07T19:48:43.177-0300] {logging_mixin.py:188} INFO - [2024-07-07T19:48:43.176-0300] {dagbag.py:545} INFO - Filling up the DagBag from /home/johnny/airflow/lib/python3.12/site-packages/airflow/example_dags/plugins/listener_plugin.py
[2024-07-07T19:48:43.185-0300] {processor.py:842} WARNING - No viable dags retrieved from /home/johnny/airflow/lib/python3.12/site-packages/airflow/example_dags/plugins/listener_plugin.py
[2024-07-07T19:48:43.210-0300] {processor.py:183} INFO - Processing /home/johnny/airflow/lib/python3.12/site-packages/airflow/example_dags/plugins/listener_plugin.py took 0.058 seconds
[2024-07-07T19:49:46.885-0300] {processor.py:161} INFO - Started process (PID=35974) to work on /home/johnny/airflow/lib/python3.12/site-packages/airflow/example_dags/plugins/listener_plugin.py
[2024-07-07T19:49:46.891-0300] {processor.py:830} INFO - Processing file /home/johnny/airflow/lib/python3.12/site-packages/airflow/example_dags/plugins/listener_plugin.py for tasks to queue
[2024-07-07T19:49:46.896-0300] {logging_mixin.py:188} INFO - [2024-07-07T19:49:46.895-0300] {dagbag.py:545} INFO - Filling up the DagBag from /home/johnny/airflow/lib/python3.12/site-packages/airflow/example_dags/plugins/listener_plugin.py
[2024-07-07T19:49:46.902-0300] {processor.py:842} WARNING - No viable dags retrieved from /home/johnny/airflow/lib/python3.12/site-packages/airflow/example_dags/plugins/listener_plugin.py
[2024-07-07T19:49:46.924-0300] {processor.py:183} INFO - Processing /home/johnny/airflow/lib/python3.12/site-packages/airflow/example_dags/plugins/listener_plugin.py took 0.050 seconds
[2024-07-07T19:50:23.540-0300] {processor.py:161} INFO - Started process (PID=36076) to work on /home/johnny/airflow/lib/python3.12/site-packages/airflow/example_dags/plugins/listener_plugin.py
[2024-07-07T19:50:23.543-0300] {processor.py:830} INFO - Processing file /home/johnny/airflow/lib/python3.12/site-packages/airflow/example_dags/plugins/listener_plugin.py for tasks to queue
[2024-07-07T19:50:23.547-0300] {logging_mixin.py:188} INFO - [2024-07-07T19:50:23.546-0300] {dagbag.py:545} INFO - Filling up the DagBag from /home/johnny/airflow/lib/python3.12/site-packages/airflow/example_dags/plugins/listener_plugin.py
[2024-07-07T19:50:23.553-0300] {processor.py:842} WARNING - No viable dags retrieved from /home/johnny/airflow/lib/python3.12/site-packages/airflow/example_dags/plugins/listener_plugin.py
[2024-07-07T19:50:23.583-0300] {processor.py:183} INFO - Processing /home/johnny/airflow/lib/python3.12/site-packages/airflow/example_dags/plugins/listener_plugin.py took 0.056 seconds
[2024-07-07T19:50:59.332-0300] {processor.py:161} INFO - Started process (PID=36170) to work on /home/johnny/airflow/lib/python3.12/site-packages/airflow/example_dags/plugins/listener_plugin.py
[2024-07-07T19:50:59.335-0300] {processor.py:830} INFO - Processing file /home/johnny/airflow/lib/python3.12/site-packages/airflow/example_dags/plugins/listener_plugin.py for tasks to queue
[2024-07-07T19:50:59.340-0300] {logging_mixin.py:188} INFO - [2024-07-07T19:50:59.339-0300] {dagbag.py:545} INFO - Filling up the DagBag from /home/johnny/airflow/lib/python3.12/site-packages/airflow/example_dags/plugins/listener_plugin.py
[2024-07-07T19:50:59.347-0300] {processor.py:842} WARNING - No viable dags retrieved from /home/johnny/airflow/lib/python3.12/site-packages/airflow/example_dags/plugins/listener_plugin.py
[2024-07-07T19:50:59.375-0300] {processor.py:183} INFO - Processing /home/johnny/airflow/lib/python3.12/site-packages/airflow/example_dags/plugins/listener_plugin.py took 0.058 seconds
[2024-07-07T19:51:35.410-0300] {processor.py:161} INFO - Started process (PID=36275) to work on /home/johnny/airflow/lib/python3.12/site-packages/airflow/example_dags/plugins/listener_plugin.py
[2024-07-07T19:51:35.416-0300] {processor.py:830} INFO - Processing file /home/johnny/airflow/lib/python3.12/site-packages/airflow/example_dags/plugins/listener_plugin.py for tasks to queue
[2024-07-07T19:51:35.421-0300] {logging_mixin.py:188} INFO - [2024-07-07T19:51:35.420-0300] {dagbag.py:545} INFO - Filling up the DagBag from /home/johnny/airflow/lib/python3.12/site-packages/airflow/example_dags/plugins/listener_plugin.py
[2024-07-07T19:51:35.426-0300] {processor.py:842} WARNING - No viable dags retrieved from /home/johnny/airflow/lib/python3.12/site-packages/airflow/example_dags/plugins/listener_plugin.py
[2024-07-07T19:51:35.448-0300] {processor.py:183} INFO - Processing /home/johnny/airflow/lib/python3.12/site-packages/airflow/example_dags/plugins/listener_plugin.py took 0.051 seconds
[2024-07-07T19:52:46.833-0300] {processor.py:161} INFO - Started process (PID=36463) to work on /home/johnny/airflow/lib/python3.12/site-packages/airflow/example_dags/plugins/listener_plugin.py
[2024-07-07T19:52:46.836-0300] {processor.py:830} INFO - Processing file /home/johnny/airflow/lib/python3.12/site-packages/airflow/example_dags/plugins/listener_plugin.py for tasks to queue
[2024-07-07T19:52:46.842-0300] {logging_mixin.py:188} INFO - [2024-07-07T19:52:46.840-0300] {dagbag.py:545} INFO - Filling up the DagBag from /home/johnny/airflow/lib/python3.12/site-packages/airflow/example_dags/plugins/listener_plugin.py
[2024-07-07T19:52:46.849-0300] {processor.py:842} WARNING - No viable dags retrieved from /home/johnny/airflow/lib/python3.12/site-packages/airflow/example_dags/plugins/listener_plugin.py
[2024-07-07T19:52:46.869-0300] {processor.py:183} INFO - Processing /home/johnny/airflow/lib/python3.12/site-packages/airflow/example_dags/plugins/listener_plugin.py took 0.049 seconds
[2024-07-07T19:53:22.035-0300] {processor.py:161} INFO - Started process (PID=36566) to work on /home/johnny/airflow/lib/python3.12/site-packages/airflow/example_dags/plugins/listener_plugin.py
[2024-07-07T19:53:22.038-0300] {processor.py:830} INFO - Processing file /home/johnny/airflow/lib/python3.12/site-packages/airflow/example_dags/plugins/listener_plugin.py for tasks to queue
[2024-07-07T19:53:22.045-0300] {logging_mixin.py:188} INFO - [2024-07-07T19:53:22.043-0300] {dagbag.py:545} INFO - Filling up the DagBag from /home/johnny/airflow/lib/python3.12/site-packages/airflow/example_dags/plugins/listener_plugin.py
[2024-07-07T19:53:22.054-0300] {processor.py:842} WARNING - No viable dags retrieved from /home/johnny/airflow/lib/python3.12/site-packages/airflow/example_dags/plugins/listener_plugin.py
[2024-07-07T19:53:22.073-0300] {processor.py:183} INFO - Processing /home/johnny/airflow/lib/python3.12/site-packages/airflow/example_dags/plugins/listener_plugin.py took 0.054 seconds
[2024-07-07T19:54:30.553-0300] {processor.py:161} INFO - Started process (PID=36751) to work on /home/johnny/airflow/lib/python3.12/site-packages/airflow/example_dags/plugins/listener_plugin.py
[2024-07-07T19:54:30.559-0300] {processor.py:830} INFO - Processing file /home/johnny/airflow/lib/python3.12/site-packages/airflow/example_dags/plugins/listener_plugin.py for tasks to queue
[2024-07-07T19:54:30.561-0300] {logging_mixin.py:188} INFO - [2024-07-07T19:54:30.560-0300] {dagbag.py:545} INFO - Filling up the DagBag from /home/johnny/airflow/lib/python3.12/site-packages/airflow/example_dags/plugins/listener_plugin.py
[2024-07-07T19:54:30.567-0300] {processor.py:842} WARNING - No viable dags retrieved from /home/johnny/airflow/lib/python3.12/site-packages/airflow/example_dags/plugins/listener_plugin.py
[2024-07-07T19:54:30.587-0300] {processor.py:183} INFO - Processing /home/johnny/airflow/lib/python3.12/site-packages/airflow/example_dags/plugins/listener_plugin.py took 0.047 seconds
[2024-07-07T19:55:41.233-0300] {processor.py:161} INFO - Started process (PID=36941) to work on /home/johnny/airflow/lib/python3.12/site-packages/airflow/example_dags/plugins/listener_plugin.py
[2024-07-07T19:55:41.240-0300] {processor.py:830} INFO - Processing file /home/johnny/airflow/lib/python3.12/site-packages/airflow/example_dags/plugins/listener_plugin.py for tasks to queue
[2024-07-07T19:55:41.242-0300] {logging_mixin.py:188} INFO - [2024-07-07T19:55:41.241-0300] {dagbag.py:545} INFO - Filling up the DagBag from /home/johnny/airflow/lib/python3.12/site-packages/airflow/example_dags/plugins/listener_plugin.py
[2024-07-07T19:55:41.251-0300] {processor.py:842} WARNING - No viable dags retrieved from /home/johnny/airflow/lib/python3.12/site-packages/airflow/example_dags/plugins/listener_plugin.py
[2024-07-07T19:55:41.275-0300] {processor.py:183} INFO - Processing /home/johnny/airflow/lib/python3.12/site-packages/airflow/example_dags/plugins/listener_plugin.py took 0.057 seconds
[2024-07-07T19:56:45.909-0300] {processor.py:161} INFO - Started process (PID=37111) to work on /home/johnny/airflow/lib/python3.12/site-packages/airflow/example_dags/plugins/listener_plugin.py
[2024-07-07T19:56:45.911-0300] {processor.py:830} INFO - Processing file /home/johnny/airflow/lib/python3.12/site-packages/airflow/example_dags/plugins/listener_plugin.py for tasks to queue
[2024-07-07T19:56:45.913-0300] {logging_mixin.py:188} INFO - [2024-07-07T19:56:45.912-0300] {dagbag.py:545} INFO - Filling up the DagBag from /home/johnny/airflow/lib/python3.12/site-packages/airflow/example_dags/plugins/listener_plugin.py
[2024-07-07T19:56:45.921-0300] {processor.py:842} WARNING - No viable dags retrieved from /home/johnny/airflow/lib/python3.12/site-packages/airflow/example_dags/plugins/listener_plugin.py
[2024-07-07T19:56:45.943-0300] {processor.py:183} INFO - Processing /home/johnny/airflow/lib/python3.12/site-packages/airflow/example_dags/plugins/listener_plugin.py took 0.051 seconds
[2024-07-07T19:57:29.943-0300] {processor.py:161} INFO - Started process (PID=37237) to work on /home/johnny/airflow/lib/python3.12/site-packages/airflow/example_dags/plugins/listener_plugin.py
[2024-07-07T19:57:29.946-0300] {processor.py:830} INFO - Processing file /home/johnny/airflow/lib/python3.12/site-packages/airflow/example_dags/plugins/listener_plugin.py for tasks to queue
[2024-07-07T19:57:29.948-0300] {logging_mixin.py:188} INFO - [2024-07-07T19:57:29.948-0300] {dagbag.py:545} INFO - Filling up the DagBag from /home/johnny/airflow/lib/python3.12/site-packages/airflow/example_dags/plugins/listener_plugin.py
[2024-07-07T19:57:29.954-0300] {processor.py:842} WARNING - No viable dags retrieved from /home/johnny/airflow/lib/python3.12/site-packages/airflow/example_dags/plugins/listener_plugin.py
[2024-07-07T19:57:29.977-0300] {processor.py:183} INFO - Processing /home/johnny/airflow/lib/python3.12/site-packages/airflow/example_dags/plugins/listener_plugin.py took 0.050 seconds
[2024-07-07T19:58:08.766-0300] {processor.py:161} INFO - Started process (PID=37348) to work on /home/johnny/airflow/lib/python3.12/site-packages/airflow/example_dags/plugins/listener_plugin.py
[2024-07-07T19:58:08.768-0300] {processor.py:830} INFO - Processing file /home/johnny/airflow/lib/python3.12/site-packages/airflow/example_dags/plugins/listener_plugin.py for tasks to queue
[2024-07-07T19:58:08.770-0300] {logging_mixin.py:188} INFO - [2024-07-07T19:58:08.769-0300] {dagbag.py:545} INFO - Filling up the DagBag from /home/johnny/airflow/lib/python3.12/site-packages/airflow/example_dags/plugins/listener_plugin.py
[2024-07-07T19:58:08.776-0300] {processor.py:842} WARNING - No viable dags retrieved from /home/johnny/airflow/lib/python3.12/site-packages/airflow/example_dags/plugins/listener_plugin.py
[2024-07-07T19:58:08.797-0300] {processor.py:183} INFO - Processing /home/johnny/airflow/lib/python3.12/site-packages/airflow/example_dags/plugins/listener_plugin.py took 0.044 seconds
[2024-07-07T19:59:13.015-0300] {processor.py:161} INFO - Started process (PID=37528) to work on /home/johnny/airflow/lib/python3.12/site-packages/airflow/example_dags/plugins/listener_plugin.py
[2024-07-07T19:59:13.021-0300] {processor.py:830} INFO - Processing file /home/johnny/airflow/lib/python3.12/site-packages/airflow/example_dags/plugins/listener_plugin.py for tasks to queue
[2024-07-07T19:59:13.023-0300] {logging_mixin.py:188} INFO - [2024-07-07T19:59:13.022-0300] {dagbag.py:545} INFO - Filling up the DagBag from /home/johnny/airflow/lib/python3.12/site-packages/airflow/example_dags/plugins/listener_plugin.py
[2024-07-07T19:59:13.027-0300] {processor.py:842} WARNING - No viable dags retrieved from /home/johnny/airflow/lib/python3.12/site-packages/airflow/example_dags/plugins/listener_plugin.py
[2024-07-07T19:59:13.053-0300] {processor.py:183} INFO - Processing /home/johnny/airflow/lib/python3.12/site-packages/airflow/example_dags/plugins/listener_plugin.py took 0.053 seconds
[2024-07-07T20:00:15.868-0300] {processor.py:161} INFO - Started process (PID=37706) to work on /home/johnny/airflow/lib/python3.12/site-packages/airflow/example_dags/plugins/listener_plugin.py
[2024-07-07T20:00:15.871-0300] {processor.py:830} INFO - Processing file /home/johnny/airflow/lib/python3.12/site-packages/airflow/example_dags/plugins/listener_plugin.py for tasks to queue
[2024-07-07T20:00:15.875-0300] {logging_mixin.py:188} INFO - [2024-07-07T20:00:15.873-0300] {dagbag.py:545} INFO - Filling up the DagBag from /home/johnny/airflow/lib/python3.12/site-packages/airflow/example_dags/plugins/listener_plugin.py
[2024-07-07T20:00:15.884-0300] {processor.py:842} WARNING - No viable dags retrieved from /home/johnny/airflow/lib/python3.12/site-packages/airflow/example_dags/plugins/listener_plugin.py
[2024-07-07T20:00:15.909-0300] {processor.py:183} INFO - Processing /home/johnny/airflow/lib/python3.12/site-packages/airflow/example_dags/plugins/listener_plugin.py took 0.053 seconds
[2024-07-07T20:01:23.575-0300] {processor.py:161} INFO - Started process (PID=37891) to work on /home/johnny/airflow/lib/python3.12/site-packages/airflow/example_dags/plugins/listener_plugin.py
[2024-07-07T20:01:23.580-0300] {processor.py:830} INFO - Processing file /home/johnny/airflow/lib/python3.12/site-packages/airflow/example_dags/plugins/listener_plugin.py for tasks to queue
[2024-07-07T20:01:23.583-0300] {logging_mixin.py:188} INFO - [2024-07-07T20:01:23.582-0300] {dagbag.py:545} INFO - Filling up the DagBag from /home/johnny/airflow/lib/python3.12/site-packages/airflow/example_dags/plugins/listener_plugin.py
[2024-07-07T20:01:23.588-0300] {processor.py:842} WARNING - No viable dags retrieved from /home/johnny/airflow/lib/python3.12/site-packages/airflow/example_dags/plugins/listener_plugin.py
[2024-07-07T20:01:23.607-0300] {processor.py:183} INFO - Processing /home/johnny/airflow/lib/python3.12/site-packages/airflow/example_dags/plugins/listener_plugin.py took 0.043 seconds
[2024-07-07T20:02:28.657-0300] {processor.py:161} INFO - Started process (PID=38069) to work on /home/johnny/airflow/lib/python3.12/site-packages/airflow/example_dags/plugins/listener_plugin.py
[2024-07-07T20:02:28.660-0300] {processor.py:830} INFO - Processing file /home/johnny/airflow/lib/python3.12/site-packages/airflow/example_dags/plugins/listener_plugin.py for tasks to queue
[2024-07-07T20:02:28.662-0300] {logging_mixin.py:188} INFO - [2024-07-07T20:02:28.661-0300] {dagbag.py:545} INFO - Filling up the DagBag from /home/johnny/airflow/lib/python3.12/site-packages/airflow/example_dags/plugins/listener_plugin.py
[2024-07-07T20:02:28.667-0300] {processor.py:842} WARNING - No viable dags retrieved from /home/johnny/airflow/lib/python3.12/site-packages/airflow/example_dags/plugins/listener_plugin.py
[2024-07-07T20:02:28.683-0300] {processor.py:183} INFO - Processing /home/johnny/airflow/lib/python3.12/site-packages/airflow/example_dags/plugins/listener_plugin.py took 0.039 seconds
[2024-07-07T20:03:49.913-0300] {processor.py:161} INFO - Started process (PID=38292) to work on /home/johnny/airflow/lib/python3.12/site-packages/airflow/example_dags/plugins/listener_plugin.py
[2024-07-07T20:03:49.916-0300] {processor.py:830} INFO - Processing file /home/johnny/airflow/lib/python3.12/site-packages/airflow/example_dags/plugins/listener_plugin.py for tasks to queue
[2024-07-07T20:03:49.918-0300] {logging_mixin.py:188} INFO - [2024-07-07T20:03:49.917-0300] {dagbag.py:545} INFO - Filling up the DagBag from /home/johnny/airflow/lib/python3.12/site-packages/airflow/example_dags/plugins/listener_plugin.py
[2024-07-07T20:03:49.923-0300] {processor.py:842} WARNING - No viable dags retrieved from /home/johnny/airflow/lib/python3.12/site-packages/airflow/example_dags/plugins/listener_plugin.py
[2024-07-07T20:03:49.942-0300] {processor.py:183} INFO - Processing /home/johnny/airflow/lib/python3.12/site-packages/airflow/example_dags/plugins/listener_plugin.py took 0.042 seconds
[2024-07-07T20:04:27.417-0300] {processor.py:161} INFO - Started process (PID=38397) to work on /home/johnny/airflow/lib/python3.12/site-packages/airflow/example_dags/plugins/listener_plugin.py
[2024-07-07T20:04:27.423-0300] {processor.py:830} INFO - Processing file /home/johnny/airflow/lib/python3.12/site-packages/airflow/example_dags/plugins/listener_plugin.py for tasks to queue
[2024-07-07T20:04:27.426-0300] {logging_mixin.py:188} INFO - [2024-07-07T20:04:27.425-0300] {dagbag.py:545} INFO - Filling up the DagBag from /home/johnny/airflow/lib/python3.12/site-packages/airflow/example_dags/plugins/listener_plugin.py
[2024-07-07T20:04:27.431-0300] {processor.py:842} WARNING - No viable dags retrieved from /home/johnny/airflow/lib/python3.12/site-packages/airflow/example_dags/plugins/listener_plugin.py
[2024-07-07T20:04:27.452-0300] {processor.py:183} INFO - Processing /home/johnny/airflow/lib/python3.12/site-packages/airflow/example_dags/plugins/listener_plugin.py took 0.050 seconds
[2024-07-07T20:05:33.228-0300] {processor.py:161} INFO - Started process (PID=38578) to work on /home/johnny/airflow/lib/python3.12/site-packages/airflow/example_dags/plugins/listener_plugin.py
[2024-07-07T20:05:33.231-0300] {processor.py:830} INFO - Processing file /home/johnny/airflow/lib/python3.12/site-packages/airflow/example_dags/plugins/listener_plugin.py for tasks to queue
[2024-07-07T20:05:33.233-0300] {logging_mixin.py:188} INFO - [2024-07-07T20:05:33.232-0300] {dagbag.py:545} INFO - Filling up the DagBag from /home/johnny/airflow/lib/python3.12/site-packages/airflow/example_dags/plugins/listener_plugin.py
[2024-07-07T20:05:33.238-0300] {processor.py:842} WARNING - No viable dags retrieved from /home/johnny/airflow/lib/python3.12/site-packages/airflow/example_dags/plugins/listener_plugin.py
[2024-07-07T20:05:33.259-0300] {processor.py:183} INFO - Processing /home/johnny/airflow/lib/python3.12/site-packages/airflow/example_dags/plugins/listener_plugin.py took 0.043 seconds
[2024-07-07T20:06:35.007-0300] {processor.py:161} INFO - Started process (PID=38751) to work on /home/johnny/airflow/lib/python3.12/site-packages/airflow/example_dags/plugins/listener_plugin.py
[2024-07-07T20:06:35.009-0300] {processor.py:830} INFO - Processing file /home/johnny/airflow/lib/python3.12/site-packages/airflow/example_dags/plugins/listener_plugin.py for tasks to queue
[2024-07-07T20:06:35.012-0300] {logging_mixin.py:188} INFO - [2024-07-07T20:06:35.011-0300] {dagbag.py:545} INFO - Filling up the DagBag from /home/johnny/airflow/lib/python3.12/site-packages/airflow/example_dags/plugins/listener_plugin.py
[2024-07-07T20:06:35.018-0300] {processor.py:842} WARNING - No viable dags retrieved from /home/johnny/airflow/lib/python3.12/site-packages/airflow/example_dags/plugins/listener_plugin.py
[2024-07-07T20:06:35.051-0300] {processor.py:183} INFO - Processing /home/johnny/airflow/lib/python3.12/site-packages/airflow/example_dags/plugins/listener_plugin.py took 0.060 seconds
[2024-07-07T20:07:41.139-0300] {processor.py:161} INFO - Started process (PID=38933) to work on /home/johnny/airflow/lib/python3.12/site-packages/airflow/example_dags/plugins/listener_plugin.py
[2024-07-07T20:07:41.141-0300] {processor.py:830} INFO - Processing file /home/johnny/airflow/lib/python3.12/site-packages/airflow/example_dags/plugins/listener_plugin.py for tasks to queue
[2024-07-07T20:07:41.144-0300] {logging_mixin.py:188} INFO - [2024-07-07T20:07:41.143-0300] {dagbag.py:545} INFO - Filling up the DagBag from /home/johnny/airflow/lib/python3.12/site-packages/airflow/example_dags/plugins/listener_plugin.py
[2024-07-07T20:07:41.150-0300] {processor.py:842} WARNING - No viable dags retrieved from /home/johnny/airflow/lib/python3.12/site-packages/airflow/example_dags/plugins/listener_plugin.py
[2024-07-07T20:07:41.168-0300] {processor.py:183} INFO - Processing /home/johnny/airflow/lib/python3.12/site-packages/airflow/example_dags/plugins/listener_plugin.py took 0.036 seconds
[2024-07-07T20:08:53.738-0300] {processor.py:161} INFO - Started process (PID=39130) to work on /home/johnny/airflow/lib/python3.12/site-packages/airflow/example_dags/plugins/listener_plugin.py
[2024-07-07T20:08:53.744-0300] {processor.py:830} INFO - Processing file /home/johnny/airflow/lib/python3.12/site-packages/airflow/example_dags/plugins/listener_plugin.py for tasks to queue
[2024-07-07T20:08:53.746-0300] {logging_mixin.py:188} INFO - [2024-07-07T20:08:53.745-0300] {dagbag.py:545} INFO - Filling up the DagBag from /home/johnny/airflow/lib/python3.12/site-packages/airflow/example_dags/plugins/listener_plugin.py
[2024-07-07T20:08:53.751-0300] {processor.py:842} WARNING - No viable dags retrieved from /home/johnny/airflow/lib/python3.12/site-packages/airflow/example_dags/plugins/listener_plugin.py
[2024-07-07T20:08:53.770-0300] {processor.py:183} INFO - Processing /home/johnny/airflow/lib/python3.12/site-packages/airflow/example_dags/plugins/listener_plugin.py took 0.044 seconds
[2024-07-07T20:09:58.983-0300] {processor.py:161} INFO - Started process (PID=39310) to work on /home/johnny/airflow/lib/python3.12/site-packages/airflow/example_dags/plugins/listener_plugin.py
[2024-07-07T20:09:58.986-0300] {processor.py:830} INFO - Processing file /home/johnny/airflow/lib/python3.12/site-packages/airflow/example_dags/plugins/listener_plugin.py for tasks to queue
[2024-07-07T20:09:58.987-0300] {logging_mixin.py:188} INFO - [2024-07-07T20:09:58.987-0300] {dagbag.py:545} INFO - Filling up the DagBag from /home/johnny/airflow/lib/python3.12/site-packages/airflow/example_dags/plugins/listener_plugin.py
[2024-07-07T20:09:58.992-0300] {processor.py:842} WARNING - No viable dags retrieved from /home/johnny/airflow/lib/python3.12/site-packages/airflow/example_dags/plugins/listener_plugin.py
[2024-07-07T20:09:59.010-0300] {processor.py:183} INFO - Processing /home/johnny/airflow/lib/python3.12/site-packages/airflow/example_dags/plugins/listener_plugin.py took 0.037 seconds
[2024-07-07T20:11:03.736-0300] {processor.py:161} INFO - Started process (PID=39489) to work on /home/johnny/airflow/lib/python3.12/site-packages/airflow/example_dags/plugins/listener_plugin.py
[2024-07-07T20:11:03.738-0300] {processor.py:830} INFO - Processing file /home/johnny/airflow/lib/python3.12/site-packages/airflow/example_dags/plugins/listener_plugin.py for tasks to queue
[2024-07-07T20:11:03.741-0300] {logging_mixin.py:188} INFO - [2024-07-07T20:11:03.740-0300] {dagbag.py:545} INFO - Filling up the DagBag from /home/johnny/airflow/lib/python3.12/site-packages/airflow/example_dags/plugins/listener_plugin.py
[2024-07-07T20:11:03.747-0300] {processor.py:842} WARNING - No viable dags retrieved from /home/johnny/airflow/lib/python3.12/site-packages/airflow/example_dags/plugins/listener_plugin.py
[2024-07-07T20:11:03.769-0300] {processor.py:183} INFO - Processing /home/johnny/airflow/lib/python3.12/site-packages/airflow/example_dags/plugins/listener_plugin.py took 0.044 seconds
[2024-07-07T20:12:06.611-0300] {processor.py:161} INFO - Started process (PID=39659) to work on /home/johnny/airflow/lib/python3.12/site-packages/airflow/example_dags/plugins/listener_plugin.py
[2024-07-07T20:12:06.613-0300] {processor.py:830} INFO - Processing file /home/johnny/airflow/lib/python3.12/site-packages/airflow/example_dags/plugins/listener_plugin.py for tasks to queue
[2024-07-07T20:12:06.615-0300] {logging_mixin.py:188} INFO - [2024-07-07T20:12:06.614-0300] {dagbag.py:545} INFO - Filling up the DagBag from /home/johnny/airflow/lib/python3.12/site-packages/airflow/example_dags/plugins/listener_plugin.py
[2024-07-07T20:12:06.620-0300] {processor.py:842} WARNING - No viable dags retrieved from /home/johnny/airflow/lib/python3.12/site-packages/airflow/example_dags/plugins/listener_plugin.py
[2024-07-07T20:12:06.639-0300] {processor.py:183} INFO - Processing /home/johnny/airflow/lib/python3.12/site-packages/airflow/example_dags/plugins/listener_plugin.py took 0.040 seconds
[2024-07-07T20:13:09.910-0300] {processor.py:161} INFO - Started process (PID=39832) to work on /home/johnny/airflow/lib/python3.12/site-packages/airflow/example_dags/plugins/listener_plugin.py
[2024-07-07T20:13:09.912-0300] {processor.py:830} INFO - Processing file /home/johnny/airflow/lib/python3.12/site-packages/airflow/example_dags/plugins/listener_plugin.py for tasks to queue
[2024-07-07T20:13:09.914-0300] {logging_mixin.py:188} INFO - [2024-07-07T20:13:09.913-0300] {dagbag.py:545} INFO - Filling up the DagBag from /home/johnny/airflow/lib/python3.12/site-packages/airflow/example_dags/plugins/listener_plugin.py
[2024-07-07T20:13:09.927-0300] {processor.py:842} WARNING - No viable dags retrieved from /home/johnny/airflow/lib/python3.12/site-packages/airflow/example_dags/plugins/listener_plugin.py
[2024-07-07T20:13:09.952-0300] {processor.py:183} INFO - Processing /home/johnny/airflow/lib/python3.12/site-packages/airflow/example_dags/plugins/listener_plugin.py took 0.061 seconds
[2024-07-07T20:14:12.641-0300] {processor.py:161} INFO - Started process (PID=40005) to work on /home/johnny/airflow/lib/python3.12/site-packages/airflow/example_dags/plugins/listener_plugin.py
[2024-07-07T20:14:12.644-0300] {processor.py:830} INFO - Processing file /home/johnny/airflow/lib/python3.12/site-packages/airflow/example_dags/plugins/listener_plugin.py for tasks to queue
[2024-07-07T20:14:12.647-0300] {logging_mixin.py:188} INFO - [2024-07-07T20:14:12.646-0300] {dagbag.py:545} INFO - Filling up the DagBag from /home/johnny/airflow/lib/python3.12/site-packages/airflow/example_dags/plugins/listener_plugin.py
[2024-07-07T20:14:12.652-0300] {processor.py:842} WARNING - No viable dags retrieved from /home/johnny/airflow/lib/python3.12/site-packages/airflow/example_dags/plugins/listener_plugin.py
[2024-07-07T20:14:12.673-0300] {processor.py:183} INFO - Processing /home/johnny/airflow/lib/python3.12/site-packages/airflow/example_dags/plugins/listener_plugin.py took 0.045 seconds
[2024-07-07T20:15:12.933-0300] {processor.py:161} INFO - Started process (PID=40163) to work on /home/johnny/airflow/lib/python3.12/site-packages/airflow/example_dags/plugins/listener_plugin.py
[2024-07-07T20:15:12.939-0300] {processor.py:830} INFO - Processing file /home/johnny/airflow/lib/python3.12/site-packages/airflow/example_dags/plugins/listener_plugin.py for tasks to queue
[2024-07-07T20:15:12.941-0300] {logging_mixin.py:188} INFO - [2024-07-07T20:15:12.940-0300] {dagbag.py:545} INFO - Filling up the DagBag from /home/johnny/airflow/lib/python3.12/site-packages/airflow/example_dags/plugins/listener_plugin.py
[2024-07-07T20:15:12.946-0300] {processor.py:842} WARNING - No viable dags retrieved from /home/johnny/airflow/lib/python3.12/site-packages/airflow/example_dags/plugins/listener_plugin.py
[2024-07-07T20:15:12.967-0300] {processor.py:183} INFO - Processing /home/johnny/airflow/lib/python3.12/site-packages/airflow/example_dags/plugins/listener_plugin.py took 0.045 seconds
[2024-07-07T20:16:15.909-0300] {processor.py:161} INFO - Started process (PID=40353) to work on /home/johnny/airflow/lib/python3.12/site-packages/airflow/example_dags/plugins/listener_plugin.py
[2024-07-07T20:16:15.912-0300] {processor.py:830} INFO - Processing file /home/johnny/airflow/lib/python3.12/site-packages/airflow/example_dags/plugins/listener_plugin.py for tasks to queue
[2024-07-07T20:16:15.914-0300] {logging_mixin.py:188} INFO - [2024-07-07T20:16:15.913-0300] {dagbag.py:545} INFO - Filling up the DagBag from /home/johnny/airflow/lib/python3.12/site-packages/airflow/example_dags/plugins/listener_plugin.py
[2024-07-07T20:16:15.919-0300] {processor.py:842} WARNING - No viable dags retrieved from /home/johnny/airflow/lib/python3.12/site-packages/airflow/example_dags/plugins/listener_plugin.py
[2024-07-07T20:16:15.939-0300] {processor.py:183} INFO - Processing /home/johnny/airflow/lib/python3.12/site-packages/airflow/example_dags/plugins/listener_plugin.py took 0.041 seconds
[2024-07-07T20:17:19.078-0300] {processor.py:161} INFO - Started process (PID=40531) to work on /home/johnny/airflow/lib/python3.12/site-packages/airflow/example_dags/plugins/listener_plugin.py
[2024-07-07T20:17:19.082-0300] {processor.py:830} INFO - Processing file /home/johnny/airflow/lib/python3.12/site-packages/airflow/example_dags/plugins/listener_plugin.py for tasks to queue
[2024-07-07T20:17:19.085-0300] {logging_mixin.py:188} INFO - [2024-07-07T20:17:19.083-0300] {dagbag.py:545} INFO - Filling up the DagBag from /home/johnny/airflow/lib/python3.12/site-packages/airflow/example_dags/plugins/listener_plugin.py
[2024-07-07T20:17:19.094-0300] {processor.py:842} WARNING - No viable dags retrieved from /home/johnny/airflow/lib/python3.12/site-packages/airflow/example_dags/plugins/listener_plugin.py
[2024-07-07T20:17:19.116-0300] {processor.py:183} INFO - Processing /home/johnny/airflow/lib/python3.12/site-packages/airflow/example_dags/plugins/listener_plugin.py took 0.053 seconds
[2024-07-07T20:18:21.946-0300] {processor.py:161} INFO - Started process (PID=40702) to work on /home/johnny/airflow/lib/python3.12/site-packages/airflow/example_dags/plugins/listener_plugin.py
[2024-07-07T20:18:21.949-0300] {processor.py:830} INFO - Processing file /home/johnny/airflow/lib/python3.12/site-packages/airflow/example_dags/plugins/listener_plugin.py for tasks to queue
[2024-07-07T20:18:21.953-0300] {logging_mixin.py:188} INFO - [2024-07-07T20:18:21.951-0300] {dagbag.py:545} INFO - Filling up the DagBag from /home/johnny/airflow/lib/python3.12/site-packages/airflow/example_dags/plugins/listener_plugin.py
[2024-07-07T20:18:21.960-0300] {processor.py:842} WARNING - No viable dags retrieved from /home/johnny/airflow/lib/python3.12/site-packages/airflow/example_dags/plugins/listener_plugin.py
[2024-07-07T20:18:21.983-0300] {processor.py:183} INFO - Processing /home/johnny/airflow/lib/python3.12/site-packages/airflow/example_dags/plugins/listener_plugin.py took 0.049 seconds
[2024-07-07T20:19:24.619-0300] {processor.py:161} INFO - Started process (PID=40871) to work on /home/johnny/airflow/lib/python3.12/site-packages/airflow/example_dags/plugins/listener_plugin.py
[2024-07-07T20:19:24.622-0300] {processor.py:830} INFO - Processing file /home/johnny/airflow/lib/python3.12/site-packages/airflow/example_dags/plugins/listener_plugin.py for tasks to queue
[2024-07-07T20:19:24.624-0300] {logging_mixin.py:188} INFO - [2024-07-07T20:19:24.623-0300] {dagbag.py:545} INFO - Filling up the DagBag from /home/johnny/airflow/lib/python3.12/site-packages/airflow/example_dags/plugins/listener_plugin.py
[2024-07-07T20:19:24.629-0300] {processor.py:842} WARNING - No viable dags retrieved from /home/johnny/airflow/lib/python3.12/site-packages/airflow/example_dags/plugins/listener_plugin.py
[2024-07-07T20:19:24.647-0300] {processor.py:183} INFO - Processing /home/johnny/airflow/lib/python3.12/site-packages/airflow/example_dags/plugins/listener_plugin.py took 0.040 seconds
[2024-07-07T20:20:26.661-0300] {processor.py:161} INFO - Started process (PID=41044) to work on /home/johnny/airflow/lib/python3.12/site-packages/airflow/example_dags/plugins/listener_plugin.py
[2024-07-07T20:20:26.666-0300] {processor.py:830} INFO - Processing file /home/johnny/airflow/lib/python3.12/site-packages/airflow/example_dags/plugins/listener_plugin.py for tasks to queue
[2024-07-07T20:20:26.668-0300] {logging_mixin.py:188} INFO - [2024-07-07T20:20:26.668-0300] {dagbag.py:545} INFO - Filling up the DagBag from /home/johnny/airflow/lib/python3.12/site-packages/airflow/example_dags/plugins/listener_plugin.py
[2024-07-07T20:20:26.674-0300] {processor.py:842} WARNING - No viable dags retrieved from /home/johnny/airflow/lib/python3.12/site-packages/airflow/example_dags/plugins/listener_plugin.py
[2024-07-07T20:20:26.694-0300] {processor.py:183} INFO - Processing /home/johnny/airflow/lib/python3.12/site-packages/airflow/example_dags/plugins/listener_plugin.py took 0.044 seconds
[2024-07-07T20:21:29.641-0300] {processor.py:161} INFO - Started process (PID=41213) to work on /home/johnny/airflow/lib/python3.12/site-packages/airflow/example_dags/plugins/listener_plugin.py
[2024-07-07T20:21:29.644-0300] {processor.py:830} INFO - Processing file /home/johnny/airflow/lib/python3.12/site-packages/airflow/example_dags/plugins/listener_plugin.py for tasks to queue
[2024-07-07T20:21:29.646-0300] {logging_mixin.py:188} INFO - [2024-07-07T20:21:29.645-0300] {dagbag.py:545} INFO - Filling up the DagBag from /home/johnny/airflow/lib/python3.12/site-packages/airflow/example_dags/plugins/listener_plugin.py
[2024-07-07T20:21:29.651-0300] {processor.py:842} WARNING - No viable dags retrieved from /home/johnny/airflow/lib/python3.12/site-packages/airflow/example_dags/plugins/listener_plugin.py
[2024-07-07T20:21:29.670-0300] {processor.py:183} INFO - Processing /home/johnny/airflow/lib/python3.12/site-packages/airflow/example_dags/plugins/listener_plugin.py took 0.039 seconds
[2024-07-07T20:22:37.163-0300] {processor.py:161} INFO - Started process (PID=41398) to work on /home/johnny/airflow/lib/python3.12/site-packages/airflow/example_dags/plugins/listener_plugin.py
[2024-07-07T20:22:37.169-0300] {processor.py:830} INFO - Processing file /home/johnny/airflow/lib/python3.12/site-packages/airflow/example_dags/plugins/listener_plugin.py for tasks to queue
[2024-07-07T20:22:37.172-0300] {logging_mixin.py:188} INFO - [2024-07-07T20:22:37.171-0300] {dagbag.py:545} INFO - Filling up the DagBag from /home/johnny/airflow/lib/python3.12/site-packages/airflow/example_dags/plugins/listener_plugin.py
[2024-07-07T20:22:37.178-0300] {processor.py:842} WARNING - No viable dags retrieved from /home/johnny/airflow/lib/python3.12/site-packages/airflow/example_dags/plugins/listener_plugin.py
[2024-07-07T20:22:37.201-0300] {processor.py:183} INFO - Processing /home/johnny/airflow/lib/python3.12/site-packages/airflow/example_dags/plugins/listener_plugin.py took 0.049 seconds
[2024-07-07T20:23:38.719-0300] {processor.py:161} INFO - Started process (PID=41568) to work on /home/johnny/airflow/lib/python3.12/site-packages/airflow/example_dags/plugins/listener_plugin.py
[2024-07-07T20:23:38.722-0300] {processor.py:830} INFO - Processing file /home/johnny/airflow/lib/python3.12/site-packages/airflow/example_dags/plugins/listener_plugin.py for tasks to queue
[2024-07-07T20:23:38.724-0300] {logging_mixin.py:188} INFO - [2024-07-07T20:23:38.723-0300] {dagbag.py:545} INFO - Filling up the DagBag from /home/johnny/airflow/lib/python3.12/site-packages/airflow/example_dags/plugins/listener_plugin.py
[2024-07-07T20:23:38.729-0300] {processor.py:842} WARNING - No viable dags retrieved from /home/johnny/airflow/lib/python3.12/site-packages/airflow/example_dags/plugins/listener_plugin.py
[2024-07-07T20:23:38.748-0300] {processor.py:183} INFO - Processing /home/johnny/airflow/lib/python3.12/site-packages/airflow/example_dags/plugins/listener_plugin.py took 0.040 seconds
[2024-07-07T20:24:39.679-0300] {processor.py:161} INFO - Started process (PID=41729) to work on /home/johnny/airflow/lib/python3.12/site-packages/airflow/example_dags/plugins/listener_plugin.py
[2024-07-07T20:24:39.685-0300] {processor.py:830} INFO - Processing file /home/johnny/airflow/lib/python3.12/site-packages/airflow/example_dags/plugins/listener_plugin.py for tasks to queue
[2024-07-07T20:24:39.687-0300] {logging_mixin.py:188} INFO - [2024-07-07T20:24:39.686-0300] {dagbag.py:545} INFO - Filling up the DagBag from /home/johnny/airflow/lib/python3.12/site-packages/airflow/example_dags/plugins/listener_plugin.py
[2024-07-07T20:24:39.693-0300] {processor.py:842} WARNING - No viable dags retrieved from /home/johnny/airflow/lib/python3.12/site-packages/airflow/example_dags/plugins/listener_plugin.py
[2024-07-07T20:24:39.714-0300] {processor.py:183} INFO - Processing /home/johnny/airflow/lib/python3.12/site-packages/airflow/example_dags/plugins/listener_plugin.py took 0.047 seconds
[2024-07-07T20:25:39.712-0300] {processor.py:161} INFO - Started process (PID=41882) to work on /home/johnny/airflow/lib/python3.12/site-packages/airflow/example_dags/plugins/listener_plugin.py
[2024-07-07T20:25:39.715-0300] {processor.py:830} INFO - Processing file /home/johnny/airflow/lib/python3.12/site-packages/airflow/example_dags/plugins/listener_plugin.py for tasks to queue
[2024-07-07T20:25:39.717-0300] {logging_mixin.py:188} INFO - [2024-07-07T20:25:39.716-0300] {dagbag.py:545} INFO - Filling up the DagBag from /home/johnny/airflow/lib/python3.12/site-packages/airflow/example_dags/plugins/listener_plugin.py
[2024-07-07T20:25:39.722-0300] {processor.py:842} WARNING - No viable dags retrieved from /home/johnny/airflow/lib/python3.12/site-packages/airflow/example_dags/plugins/listener_plugin.py
[2024-07-07T20:25:39.742-0300] {processor.py:183} INFO - Processing /home/johnny/airflow/lib/python3.12/site-packages/airflow/example_dags/plugins/listener_plugin.py took 0.044 seconds
[2024-07-07T20:26:38.540-0300] {processor.py:161} INFO - Started process (PID=42043) to work on /home/johnny/airflow/lib/python3.12/site-packages/airflow/example_dags/plugins/listener_plugin.py
[2024-07-07T20:26:38.543-0300] {processor.py:830} INFO - Processing file /home/johnny/airflow/lib/python3.12/site-packages/airflow/example_dags/plugins/listener_plugin.py for tasks to queue
[2024-07-07T20:26:38.545-0300] {logging_mixin.py:188} INFO - [2024-07-07T20:26:38.544-0300] {dagbag.py:545} INFO - Filling up the DagBag from /home/johnny/airflow/lib/python3.12/site-packages/airflow/example_dags/plugins/listener_plugin.py
[2024-07-07T20:26:38.550-0300] {processor.py:842} WARNING - No viable dags retrieved from /home/johnny/airflow/lib/python3.12/site-packages/airflow/example_dags/plugins/listener_plugin.py
[2024-07-07T20:26:38.570-0300] {processor.py:183} INFO - Processing /home/johnny/airflow/lib/python3.12/site-packages/airflow/example_dags/plugins/listener_plugin.py took 0.042 seconds
[2024-07-07T20:27:15.643-0300] {processor.py:161} INFO - Started process (PID=42146) to work on /home/johnny/airflow/lib/python3.12/site-packages/airflow/example_dags/plugins/listener_plugin.py
[2024-07-07T20:27:15.646-0300] {processor.py:830} INFO - Processing file /home/johnny/airflow/lib/python3.12/site-packages/airflow/example_dags/plugins/listener_plugin.py for tasks to queue
[2024-07-07T20:27:15.648-0300] {logging_mixin.py:188} INFO - [2024-07-07T20:27:15.647-0300] {dagbag.py:545} INFO - Filling up the DagBag from /home/johnny/airflow/lib/python3.12/site-packages/airflow/example_dags/plugins/listener_plugin.py
[2024-07-07T20:27:15.653-0300] {processor.py:842} WARNING - No viable dags retrieved from /home/johnny/airflow/lib/python3.12/site-packages/airflow/example_dags/plugins/listener_plugin.py
[2024-07-07T20:27:15.672-0300] {processor.py:183} INFO - Processing /home/johnny/airflow/lib/python3.12/site-packages/airflow/example_dags/plugins/listener_plugin.py took 0.041 seconds
[2024-07-07T20:28:26.876-0300] {processor.py:161} INFO - Started process (PID=42344) to work on /home/johnny/airflow/lib/python3.12/site-packages/airflow/example_dags/plugins/listener_plugin.py
[2024-07-07T20:28:26.878-0300] {processor.py:830} INFO - Processing file /home/johnny/airflow/lib/python3.12/site-packages/airflow/example_dags/plugins/listener_plugin.py for tasks to queue
[2024-07-07T20:28:26.880-0300] {logging_mixin.py:188} INFO - [2024-07-07T20:28:26.880-0300] {dagbag.py:545} INFO - Filling up the DagBag from /home/johnny/airflow/lib/python3.12/site-packages/airflow/example_dags/plugins/listener_plugin.py
[2024-07-07T20:28:26.886-0300] {processor.py:842} WARNING - No viable dags retrieved from /home/johnny/airflow/lib/python3.12/site-packages/airflow/example_dags/plugins/listener_plugin.py
[2024-07-07T20:28:26.903-0300] {processor.py:183} INFO - Processing /home/johnny/airflow/lib/python3.12/site-packages/airflow/example_dags/plugins/listener_plugin.py took 0.038 seconds
[2024-07-07T20:29:32.387-0300] {processor.py:161} INFO - Started process (PID=42525) to work on /home/johnny/airflow/lib/python3.12/site-packages/airflow/example_dags/plugins/listener_plugin.py
[2024-07-07T20:29:32.402-0300] {processor.py:830} INFO - Processing file /home/johnny/airflow/lib/python3.12/site-packages/airflow/example_dags/plugins/listener_plugin.py for tasks to queue
[2024-07-07T20:29:32.404-0300] {logging_mixin.py:188} INFO - [2024-07-07T20:29:32.403-0300] {dagbag.py:545} INFO - Filling up the DagBag from /home/johnny/airflow/lib/python3.12/site-packages/airflow/example_dags/plugins/listener_plugin.py
[2024-07-07T20:29:32.409-0300] {processor.py:842} WARNING - No viable dags retrieved from /home/johnny/airflow/lib/python3.12/site-packages/airflow/example_dags/plugins/listener_plugin.py
[2024-07-07T20:29:32.428-0300] {processor.py:183} INFO - Processing /home/johnny/airflow/lib/python3.12/site-packages/airflow/example_dags/plugins/listener_plugin.py took 0.053 seconds
[2024-07-07T20:30:39.286-0300] {processor.py:161} INFO - Started process (PID=42708) to work on /home/johnny/airflow/lib/python3.12/site-packages/airflow/example_dags/plugins/listener_plugin.py
[2024-07-07T20:30:39.291-0300] {processor.py:830} INFO - Processing file /home/johnny/airflow/lib/python3.12/site-packages/airflow/example_dags/plugins/listener_plugin.py for tasks to queue
[2024-07-07T20:30:39.293-0300] {logging_mixin.py:188} INFO - [2024-07-07T20:30:39.292-0300] {dagbag.py:545} INFO - Filling up the DagBag from /home/johnny/airflow/lib/python3.12/site-packages/airflow/example_dags/plugins/listener_plugin.py
[2024-07-07T20:30:39.298-0300] {processor.py:842} WARNING - No viable dags retrieved from /home/johnny/airflow/lib/python3.12/site-packages/airflow/example_dags/plugins/listener_plugin.py
[2024-07-07T20:30:39.318-0300] {processor.py:183} INFO - Processing /home/johnny/airflow/lib/python3.12/site-packages/airflow/example_dags/plugins/listener_plugin.py took 0.044 seconds
[2024-07-07T20:31:42.259-0300] {processor.py:161} INFO - Started process (PID=42880) to work on /home/johnny/airflow/lib/python3.12/site-packages/airflow/example_dags/plugins/listener_plugin.py
[2024-07-07T20:31:42.264-0300] {processor.py:830} INFO - Processing file /home/johnny/airflow/lib/python3.12/site-packages/airflow/example_dags/plugins/listener_plugin.py for tasks to queue
[2024-07-07T20:31:42.267-0300] {logging_mixin.py:188} INFO - [2024-07-07T20:31:42.266-0300] {dagbag.py:545} INFO - Filling up the DagBag from /home/johnny/airflow/lib/python3.12/site-packages/airflow/example_dags/plugins/listener_plugin.py
[2024-07-07T20:31:42.272-0300] {processor.py:842} WARNING - No viable dags retrieved from /home/johnny/airflow/lib/python3.12/site-packages/airflow/example_dags/plugins/listener_plugin.py
[2024-07-07T20:31:42.292-0300] {processor.py:183} INFO - Processing /home/johnny/airflow/lib/python3.12/site-packages/airflow/example_dags/plugins/listener_plugin.py took 0.045 seconds
[2024-07-07T20:32:43.238-0300] {processor.py:161} INFO - Started process (PID=43057) to work on /home/johnny/airflow/lib/python3.12/site-packages/airflow/example_dags/plugins/listener_plugin.py
[2024-07-07T20:32:43.241-0300] {processor.py:830} INFO - Processing file /home/johnny/airflow/lib/python3.12/site-packages/airflow/example_dags/plugins/listener_plugin.py for tasks to queue
[2024-07-07T20:32:43.244-0300] {logging_mixin.py:188} INFO - [2024-07-07T20:32:43.243-0300] {dagbag.py:545} INFO - Filling up the DagBag from /home/johnny/airflow/lib/python3.12/site-packages/airflow/example_dags/plugins/listener_plugin.py
[2024-07-07T20:32:43.248-0300] {processor.py:842} WARNING - No viable dags retrieved from /home/johnny/airflow/lib/python3.12/site-packages/airflow/example_dags/plugins/listener_plugin.py
[2024-07-07T20:32:43.268-0300] {processor.py:183} INFO - Processing /home/johnny/airflow/lib/python3.12/site-packages/airflow/example_dags/plugins/listener_plugin.py took 0.043 seconds
[2024-07-07T20:33:34.172-0300] {processor.py:161} INFO - Started process (PID=43206) to work on /home/johnny/airflow/lib/python3.12/site-packages/airflow/example_dags/plugins/listener_plugin.py
[2024-07-07T20:33:34.177-0300] {processor.py:830} INFO - Processing file /home/johnny/airflow/lib/python3.12/site-packages/airflow/example_dags/plugins/listener_plugin.py for tasks to queue
[2024-07-07T20:33:34.179-0300] {logging_mixin.py:188} INFO - [2024-07-07T20:33:34.178-0300] {dagbag.py:545} INFO - Filling up the DagBag from /home/johnny/airflow/lib/python3.12/site-packages/airflow/example_dags/plugins/listener_plugin.py
[2024-07-07T20:33:34.184-0300] {processor.py:842} WARNING - No viable dags retrieved from /home/johnny/airflow/lib/python3.12/site-packages/airflow/example_dags/plugins/listener_plugin.py
[2024-07-07T20:33:34.203-0300] {processor.py:183} INFO - Processing /home/johnny/airflow/lib/python3.12/site-packages/airflow/example_dags/plugins/listener_plugin.py took 0.043 seconds
[2024-07-07T20:34:20.131-0300] {processor.py:161} INFO - Started process (PID=43343) to work on /home/johnny/airflow/lib/python3.12/site-packages/airflow/example_dags/plugins/listener_plugin.py
[2024-07-07T20:34:20.134-0300] {processor.py:830} INFO - Processing file /home/johnny/airflow/lib/python3.12/site-packages/airflow/example_dags/plugins/listener_plugin.py for tasks to queue
[2024-07-07T20:34:20.136-0300] {logging_mixin.py:188} INFO - [2024-07-07T20:34:20.135-0300] {dagbag.py:545} INFO - Filling up the DagBag from /home/johnny/airflow/lib/python3.12/site-packages/airflow/example_dags/plugins/listener_plugin.py
[2024-07-07T20:34:20.142-0300] {processor.py:842} WARNING - No viable dags retrieved from /home/johnny/airflow/lib/python3.12/site-packages/airflow/example_dags/plugins/listener_plugin.py
[2024-07-07T20:34:20.169-0300] {processor.py:183} INFO - Processing /home/johnny/airflow/lib/python3.12/site-packages/airflow/example_dags/plugins/listener_plugin.py took 0.050 seconds
[2024-07-07T20:35:22.274-0300] {processor.py:161} INFO - Started process (PID=43511) to work on /home/johnny/airflow/lib/python3.12/site-packages/airflow/example_dags/plugins/listener_plugin.py
[2024-07-07T20:35:22.277-0300] {processor.py:830} INFO - Processing file /home/johnny/airflow/lib/python3.12/site-packages/airflow/example_dags/plugins/listener_plugin.py for tasks to queue
[2024-07-07T20:35:22.279-0300] {logging_mixin.py:188} INFO - [2024-07-07T20:35:22.278-0300] {dagbag.py:545} INFO - Filling up the DagBag from /home/johnny/airflow/lib/python3.12/site-packages/airflow/example_dags/plugins/listener_plugin.py
[2024-07-07T20:35:22.287-0300] {processor.py:842} WARNING - No viable dags retrieved from /home/johnny/airflow/lib/python3.12/site-packages/airflow/example_dags/plugins/listener_plugin.py
[2024-07-07T20:35:22.310-0300] {processor.py:183} INFO - Processing /home/johnny/airflow/lib/python3.12/site-packages/airflow/example_dags/plugins/listener_plugin.py took 0.049 seconds
[2024-07-07T20:36:26.754-0300] {processor.py:161} INFO - Started process (PID=43679) to work on /home/johnny/airflow/lib/python3.12/site-packages/airflow/example_dags/plugins/listener_plugin.py
[2024-07-07T20:36:26.756-0300] {processor.py:830} INFO - Processing file /home/johnny/airflow/lib/python3.12/site-packages/airflow/example_dags/plugins/listener_plugin.py for tasks to queue
[2024-07-07T20:36:26.759-0300] {logging_mixin.py:188} INFO - [2024-07-07T20:36:26.758-0300] {dagbag.py:545} INFO - Filling up the DagBag from /home/johnny/airflow/lib/python3.12/site-packages/airflow/example_dags/plugins/listener_plugin.py
[2024-07-07T20:36:26.764-0300] {processor.py:842} WARNING - No viable dags retrieved from /home/johnny/airflow/lib/python3.12/site-packages/airflow/example_dags/plugins/listener_plugin.py
[2024-07-07T20:36:26.794-0300] {processor.py:183} INFO - Processing /home/johnny/airflow/lib/python3.12/site-packages/airflow/example_dags/plugins/listener_plugin.py took 0.049 seconds
[2024-07-07T20:37:29.669-0300] {processor.py:161} INFO - Started process (PID=43855) to work on /home/johnny/airflow/lib/python3.12/site-packages/airflow/example_dags/plugins/listener_plugin.py
[2024-07-07T20:37:29.672-0300] {processor.py:830} INFO - Processing file /home/johnny/airflow/lib/python3.12/site-packages/airflow/example_dags/plugins/listener_plugin.py for tasks to queue
[2024-07-07T20:37:29.675-0300] {logging_mixin.py:188} INFO - [2024-07-07T20:37:29.673-0300] {dagbag.py:545} INFO - Filling up the DagBag from /home/johnny/airflow/lib/python3.12/site-packages/airflow/example_dags/plugins/listener_plugin.py
[2024-07-07T20:37:29.681-0300] {processor.py:842} WARNING - No viable dags retrieved from /home/johnny/airflow/lib/python3.12/site-packages/airflow/example_dags/plugins/listener_plugin.py
[2024-07-07T20:37:29.721-0300] {processor.py:183} INFO - Processing /home/johnny/airflow/lib/python3.12/site-packages/airflow/example_dags/plugins/listener_plugin.py took 0.068 seconds
[2024-07-07T20:38:29.695-0300] {processor.py:161} INFO - Started process (PID=44012) to work on /home/johnny/airflow/lib/python3.12/site-packages/airflow/example_dags/plugins/listener_plugin.py
[2024-07-07T20:38:29.698-0300] {processor.py:830} INFO - Processing file /home/johnny/airflow/lib/python3.12/site-packages/airflow/example_dags/plugins/listener_plugin.py for tasks to queue
[2024-07-07T20:38:29.700-0300] {logging_mixin.py:188} INFO - [2024-07-07T20:38:29.699-0300] {dagbag.py:545} INFO - Filling up the DagBag from /home/johnny/airflow/lib/python3.12/site-packages/airflow/example_dags/plugins/listener_plugin.py
[2024-07-07T20:38:29.707-0300] {processor.py:842} WARNING - No viable dags retrieved from /home/johnny/airflow/lib/python3.12/site-packages/airflow/example_dags/plugins/listener_plugin.py
[2024-07-07T20:38:29.727-0300] {processor.py:183} INFO - Processing /home/johnny/airflow/lib/python3.12/site-packages/airflow/example_dags/plugins/listener_plugin.py took 0.044 seconds
[2024-07-07T20:39:39.056-0300] {processor.py:161} INFO - Started process (PID=44194) to work on /home/johnny/airflow/lib/python3.12/site-packages/airflow/example_dags/plugins/listener_plugin.py
[2024-07-07T20:39:39.067-0300] {processor.py:830} INFO - Processing file /home/johnny/airflow/lib/python3.12/site-packages/airflow/example_dags/plugins/listener_plugin.py for tasks to queue
[2024-07-07T20:39:39.068-0300] {logging_mixin.py:188} INFO - [2024-07-07T20:39:39.067-0300] {dagbag.py:545} INFO - Filling up the DagBag from /home/johnny/airflow/lib/python3.12/site-packages/airflow/example_dags/plugins/listener_plugin.py
[2024-07-07T20:39:39.083-0300] {processor.py:842} WARNING - No viable dags retrieved from /home/johnny/airflow/lib/python3.12/site-packages/airflow/example_dags/plugins/listener_plugin.py
[2024-07-07T20:39:39.098-0300] {processor.py:183} INFO - Processing /home/johnny/airflow/lib/python3.12/site-packages/airflow/example_dags/plugins/listener_plugin.py took 0.059 seconds
[2024-07-07T20:40:45.807-0300] {processor.py:161} INFO - Started process (PID=44375) to work on /home/johnny/airflow/lib/python3.12/site-packages/airflow/example_dags/plugins/listener_plugin.py
[2024-07-07T20:40:45.809-0300] {processor.py:830} INFO - Processing file /home/johnny/airflow/lib/python3.12/site-packages/airflow/example_dags/plugins/listener_plugin.py for tasks to queue
[2024-07-07T20:40:45.811-0300] {logging_mixin.py:188} INFO - [2024-07-07T20:40:45.810-0300] {dagbag.py:545} INFO - Filling up the DagBag from /home/johnny/airflow/lib/python3.12/site-packages/airflow/example_dags/plugins/listener_plugin.py
[2024-07-07T20:40:45.817-0300] {processor.py:842} WARNING - No viable dags retrieved from /home/johnny/airflow/lib/python3.12/site-packages/airflow/example_dags/plugins/listener_plugin.py
[2024-07-07T20:40:45.838-0300] {processor.py:183} INFO - Processing /home/johnny/airflow/lib/python3.12/site-packages/airflow/example_dags/plugins/listener_plugin.py took 0.041 seconds
[2024-07-07T20:41:56.662-0300] {processor.py:161} INFO - Started process (PID=44566) to work on /home/johnny/airflow/lib/python3.12/site-packages/airflow/example_dags/plugins/listener_plugin.py
[2024-07-07T20:41:56.664-0300] {processor.py:830} INFO - Processing file /home/johnny/airflow/lib/python3.12/site-packages/airflow/example_dags/plugins/listener_plugin.py for tasks to queue
[2024-07-07T20:41:56.667-0300] {logging_mixin.py:188} INFO - [2024-07-07T20:41:56.666-0300] {dagbag.py:545} INFO - Filling up the DagBag from /home/johnny/airflow/lib/python3.12/site-packages/airflow/example_dags/plugins/listener_plugin.py
[2024-07-07T20:41:56.672-0300] {processor.py:842} WARNING - No viable dags retrieved from /home/johnny/airflow/lib/python3.12/site-packages/airflow/example_dags/plugins/listener_plugin.py
[2024-07-07T20:41:56.693-0300] {processor.py:183} INFO - Processing /home/johnny/airflow/lib/python3.12/site-packages/airflow/example_dags/plugins/listener_plugin.py took 0.046 seconds
[2024-07-07T20:42:59.781-0300] {processor.py:161} INFO - Started process (PID=44743) to work on /home/johnny/airflow/lib/python3.12/site-packages/airflow/example_dags/plugins/listener_plugin.py
[2024-07-07T20:42:59.783-0300] {processor.py:830} INFO - Processing file /home/johnny/airflow/lib/python3.12/site-packages/airflow/example_dags/plugins/listener_plugin.py for tasks to queue
[2024-07-07T20:42:59.785-0300] {logging_mixin.py:188} INFO - [2024-07-07T20:42:59.785-0300] {dagbag.py:545} INFO - Filling up the DagBag from /home/johnny/airflow/lib/python3.12/site-packages/airflow/example_dags/plugins/listener_plugin.py
[2024-07-07T20:42:59.790-0300] {processor.py:842} WARNING - No viable dags retrieved from /home/johnny/airflow/lib/python3.12/site-packages/airflow/example_dags/plugins/listener_plugin.py
[2024-07-07T20:42:59.807-0300] {processor.py:183} INFO - Processing /home/johnny/airflow/lib/python3.12/site-packages/airflow/example_dags/plugins/listener_plugin.py took 0.038 seconds
[2024-07-07T20:44:05.031-0300] {processor.py:161} INFO - Started process (PID=44920) to work on /home/johnny/airflow/lib/python3.12/site-packages/airflow/example_dags/plugins/listener_plugin.py
[2024-07-07T20:44:05.036-0300] {processor.py:830} INFO - Processing file /home/johnny/airflow/lib/python3.12/site-packages/airflow/example_dags/plugins/listener_plugin.py for tasks to queue
[2024-07-07T20:44:05.039-0300] {logging_mixin.py:188} INFO - [2024-07-07T20:44:05.038-0300] {dagbag.py:545} INFO - Filling up the DagBag from /home/johnny/airflow/lib/python3.12/site-packages/airflow/example_dags/plugins/listener_plugin.py
[2024-07-07T20:44:05.045-0300] {processor.py:842} WARNING - No viable dags retrieved from /home/johnny/airflow/lib/python3.12/site-packages/airflow/example_dags/plugins/listener_plugin.py
[2024-07-07T20:44:05.075-0300] {processor.py:183} INFO - Processing /home/johnny/airflow/lib/python3.12/site-packages/airflow/example_dags/plugins/listener_plugin.py took 0.059 seconds
[2024-07-07T20:44:42.021-0300] {processor.py:161} INFO - Started process (PID=45017) to work on /home/johnny/airflow/lib/python3.12/site-packages/airflow/example_dags/plugins/listener_plugin.py
[2024-07-07T20:44:42.023-0300] {processor.py:830} INFO - Processing file /home/johnny/airflow/lib/python3.12/site-packages/airflow/example_dags/plugins/listener_plugin.py for tasks to queue
[2024-07-07T20:44:42.026-0300] {logging_mixin.py:188} INFO - [2024-07-07T20:44:42.025-0300] {dagbag.py:545} INFO - Filling up the DagBag from /home/johnny/airflow/lib/python3.12/site-packages/airflow/example_dags/plugins/listener_plugin.py
[2024-07-07T20:44:42.032-0300] {processor.py:842} WARNING - No viable dags retrieved from /home/johnny/airflow/lib/python3.12/site-packages/airflow/example_dags/plugins/listener_plugin.py
[2024-07-07T20:44:42.056-0300] {processor.py:183} INFO - Processing /home/johnny/airflow/lib/python3.12/site-packages/airflow/example_dags/plugins/listener_plugin.py took 0.049 seconds
[2024-07-07T20:45:46.121-0300] {processor.py:161} INFO - Started process (PID=45190) to work on /home/johnny/airflow/lib/python3.12/site-packages/airflow/example_dags/plugins/listener_plugin.py
[2024-07-07T20:45:46.127-0300] {processor.py:830} INFO - Processing file /home/johnny/airflow/lib/python3.12/site-packages/airflow/example_dags/plugins/listener_plugin.py for tasks to queue
[2024-07-07T20:45:46.128-0300] {logging_mixin.py:188} INFO - [2024-07-07T20:45:46.128-0300] {dagbag.py:545} INFO - Filling up the DagBag from /home/johnny/airflow/lib/python3.12/site-packages/airflow/example_dags/plugins/listener_plugin.py
[2024-07-07T20:45:46.133-0300] {processor.py:842} WARNING - No viable dags retrieved from /home/johnny/airflow/lib/python3.12/site-packages/airflow/example_dags/plugins/listener_plugin.py
[2024-07-07T20:45:46.149-0300] {processor.py:183} INFO - Processing /home/johnny/airflow/lib/python3.12/site-packages/airflow/example_dags/plugins/listener_plugin.py took 0.039 seconds
[2024-07-07T20:46:22.496-0300] {processor.py:161} INFO - Started process (PID=45290) to work on /home/johnny/airflow/lib/python3.12/site-packages/airflow/example_dags/plugins/listener_plugin.py
[2024-07-07T20:46:22.502-0300] {processor.py:830} INFO - Processing file /home/johnny/airflow/lib/python3.12/site-packages/airflow/example_dags/plugins/listener_plugin.py for tasks to queue
[2024-07-07T20:46:22.505-0300] {logging_mixin.py:188} INFO - [2024-07-07T20:46:22.504-0300] {dagbag.py:545} INFO - Filling up the DagBag from /home/johnny/airflow/lib/python3.12/site-packages/airflow/example_dags/plugins/listener_plugin.py
[2024-07-07T20:46:22.511-0300] {processor.py:842} WARNING - No viable dags retrieved from /home/johnny/airflow/lib/python3.12/site-packages/airflow/example_dags/plugins/listener_plugin.py
[2024-07-07T20:46:22.537-0300] {processor.py:183} INFO - Processing /home/johnny/airflow/lib/python3.12/site-packages/airflow/example_dags/plugins/listener_plugin.py took 0.052 seconds
[2024-07-07T20:47:27.542-0300] {processor.py:161} INFO - Started process (PID=45468) to work on /home/johnny/airflow/lib/python3.12/site-packages/airflow/example_dags/plugins/listener_plugin.py
[2024-07-07T20:47:27.544-0300] {processor.py:830} INFO - Processing file /home/johnny/airflow/lib/python3.12/site-packages/airflow/example_dags/plugins/listener_plugin.py for tasks to queue
[2024-07-07T20:47:27.547-0300] {logging_mixin.py:188} INFO - [2024-07-07T20:47:27.546-0300] {dagbag.py:545} INFO - Filling up the DagBag from /home/johnny/airflow/lib/python3.12/site-packages/airflow/example_dags/plugins/listener_plugin.py
[2024-07-07T20:47:27.555-0300] {processor.py:842} WARNING - No viable dags retrieved from /home/johnny/airflow/lib/python3.12/site-packages/airflow/example_dags/plugins/listener_plugin.py
[2024-07-07T20:47:27.581-0300] {processor.py:183} INFO - Processing /home/johnny/airflow/lib/python3.12/site-packages/airflow/example_dags/plugins/listener_plugin.py took 0.051 seconds
[2024-07-07T20:48:34.741-0300] {processor.py:161} INFO - Started process (PID=45644) to work on /home/johnny/airflow/lib/python3.12/site-packages/airflow/example_dags/plugins/listener_plugin.py
[2024-07-07T20:48:34.747-0300] {processor.py:830} INFO - Processing file /home/johnny/airflow/lib/python3.12/site-packages/airflow/example_dags/plugins/listener_plugin.py for tasks to queue
[2024-07-07T20:48:34.751-0300] {logging_mixin.py:188} INFO - [2024-07-07T20:48:34.749-0300] {dagbag.py:545} INFO - Filling up the DagBag from /home/johnny/airflow/lib/python3.12/site-packages/airflow/example_dags/plugins/listener_plugin.py
[2024-07-07T20:48:34.760-0300] {processor.py:842} WARNING - No viable dags retrieved from /home/johnny/airflow/lib/python3.12/site-packages/airflow/example_dags/plugins/listener_plugin.py
[2024-07-07T20:48:34.792-0300] {processor.py:183} INFO - Processing /home/johnny/airflow/lib/python3.12/site-packages/airflow/example_dags/plugins/listener_plugin.py took 0.069 seconds
[2024-07-07T20:49:44.159-0300] {processor.py:161} INFO - Started process (PID=45828) to work on /home/johnny/airflow/lib/python3.12/site-packages/airflow/example_dags/plugins/listener_plugin.py
[2024-07-07T20:49:44.162-0300] {processor.py:830} INFO - Processing file /home/johnny/airflow/lib/python3.12/site-packages/airflow/example_dags/plugins/listener_plugin.py for tasks to queue
[2024-07-07T20:49:44.164-0300] {logging_mixin.py:188} INFO - [2024-07-07T20:49:44.163-0300] {dagbag.py:545} INFO - Filling up the DagBag from /home/johnny/airflow/lib/python3.12/site-packages/airflow/example_dags/plugins/listener_plugin.py
[2024-07-07T20:49:44.171-0300] {processor.py:842} WARNING - No viable dags retrieved from /home/johnny/airflow/lib/python3.12/site-packages/airflow/example_dags/plugins/listener_plugin.py
[2024-07-07T20:49:44.194-0300] {processor.py:183} INFO - Processing /home/johnny/airflow/lib/python3.12/site-packages/airflow/example_dags/plugins/listener_plugin.py took 0.049 seconds
[2024-07-07T20:50:54.523-0300] {processor.py:161} INFO - Started process (PID=46012) to work on /home/johnny/airflow/lib/python3.12/site-packages/airflow/example_dags/plugins/listener_plugin.py
[2024-07-07T20:50:54.526-0300] {processor.py:830} INFO - Processing file /home/johnny/airflow/lib/python3.12/site-packages/airflow/example_dags/plugins/listener_plugin.py for tasks to queue
[2024-07-07T20:50:54.528-0300] {logging_mixin.py:188} INFO - [2024-07-07T20:50:54.527-0300] {dagbag.py:545} INFO - Filling up the DagBag from /home/johnny/airflow/lib/python3.12/site-packages/airflow/example_dags/plugins/listener_plugin.py
[2024-07-07T20:50:54.535-0300] {processor.py:842} WARNING - No viable dags retrieved from /home/johnny/airflow/lib/python3.12/site-packages/airflow/example_dags/plugins/listener_plugin.py
[2024-07-07T20:50:54.562-0300] {processor.py:183} INFO - Processing /home/johnny/airflow/lib/python3.12/site-packages/airflow/example_dags/plugins/listener_plugin.py took 0.053 seconds
[2024-07-07T20:51:31.992-0300] {processor.py:161} INFO - Started process (PID=46114) to work on /home/johnny/airflow/lib/python3.12/site-packages/airflow/example_dags/plugins/listener_plugin.py
[2024-07-07T20:51:31.993-0300] {processor.py:830} INFO - Processing file /home/johnny/airflow/lib/python3.12/site-packages/airflow/example_dags/plugins/listener_plugin.py for tasks to queue
[2024-07-07T20:51:31.996-0300] {logging_mixin.py:188} INFO - [2024-07-07T20:51:31.995-0300] {dagbag.py:545} INFO - Filling up the DagBag from /home/johnny/airflow/lib/python3.12/site-packages/airflow/example_dags/plugins/listener_plugin.py
[2024-07-07T20:51:32.001-0300] {processor.py:842} WARNING - No viable dags retrieved from /home/johnny/airflow/lib/python3.12/site-packages/airflow/example_dags/plugins/listener_plugin.py
[2024-07-07T20:51:32.024-0300] {processor.py:183} INFO - Processing /home/johnny/airflow/lib/python3.12/site-packages/airflow/example_dags/plugins/listener_plugin.py took 0.043 seconds
[2024-07-07T20:52:39.465-0300] {processor.py:161} INFO - Started process (PID=46291) to work on /home/johnny/airflow/lib/python3.12/site-packages/airflow/example_dags/plugins/listener_plugin.py
[2024-07-07T20:52:39.471-0300] {processor.py:830} INFO - Processing file /home/johnny/airflow/lib/python3.12/site-packages/airflow/example_dags/plugins/listener_plugin.py for tasks to queue
[2024-07-07T20:52:39.474-0300] {logging_mixin.py:188} INFO - [2024-07-07T20:52:39.473-0300] {dagbag.py:545} INFO - Filling up the DagBag from /home/johnny/airflow/lib/python3.12/site-packages/airflow/example_dags/plugins/listener_plugin.py
[2024-07-07T20:52:39.479-0300] {processor.py:842} WARNING - No viable dags retrieved from /home/johnny/airflow/lib/python3.12/site-packages/airflow/example_dags/plugins/listener_plugin.py
[2024-07-07T20:52:39.499-0300] {processor.py:183} INFO - Processing /home/johnny/airflow/lib/python3.12/site-packages/airflow/example_dags/plugins/listener_plugin.py took 0.047 seconds
[2024-07-07T20:53:44.655-0300] {processor.py:161} INFO - Started process (PID=46459) to work on /home/johnny/airflow/lib/python3.12/site-packages/airflow/example_dags/plugins/listener_plugin.py
[2024-07-07T20:53:44.661-0300] {processor.py:830} INFO - Processing file /home/johnny/airflow/lib/python3.12/site-packages/airflow/example_dags/plugins/listener_plugin.py for tasks to queue
[2024-07-07T20:53:44.663-0300] {logging_mixin.py:188} INFO - [2024-07-07T20:53:44.662-0300] {dagbag.py:545} INFO - Filling up the DagBag from /home/johnny/airflow/lib/python3.12/site-packages/airflow/example_dags/plugins/listener_plugin.py
[2024-07-07T20:53:44.670-0300] {processor.py:842} WARNING - No viable dags retrieved from /home/johnny/airflow/lib/python3.12/site-packages/airflow/example_dags/plugins/listener_plugin.py
[2024-07-07T20:53:44.695-0300] {processor.py:183} INFO - Processing /home/johnny/airflow/lib/python3.12/site-packages/airflow/example_dags/plugins/listener_plugin.py took 0.053 seconds
[2024-07-07T20:54:56.833-0300] {processor.py:161} INFO - Started process (PID=46658) to work on /home/johnny/airflow/lib/python3.12/site-packages/airflow/example_dags/plugins/listener_plugin.py
[2024-07-07T20:54:56.836-0300] {processor.py:830} INFO - Processing file /home/johnny/airflow/lib/python3.12/site-packages/airflow/example_dags/plugins/listener_plugin.py for tasks to queue
[2024-07-07T20:54:56.837-0300] {logging_mixin.py:188} INFO - [2024-07-07T20:54:56.837-0300] {dagbag.py:545} INFO - Filling up the DagBag from /home/johnny/airflow/lib/python3.12/site-packages/airflow/example_dags/plugins/listener_plugin.py
[2024-07-07T20:54:56.841-0300] {processor.py:842} WARNING - No viable dags retrieved from /home/johnny/airflow/lib/python3.12/site-packages/airflow/example_dags/plugins/listener_plugin.py
[2024-07-07T20:54:56.864-0300] {processor.py:183} INFO - Processing /home/johnny/airflow/lib/python3.12/site-packages/airflow/example_dags/plugins/listener_plugin.py took 0.039 seconds
[2024-07-07T20:55:59.925-0300] {processor.py:161} INFO - Started process (PID=46825) to work on /home/johnny/airflow/lib/python3.12/site-packages/airflow/example_dags/plugins/listener_plugin.py
[2024-07-07T20:55:59.931-0300] {processor.py:830} INFO - Processing file /home/johnny/airflow/lib/python3.12/site-packages/airflow/example_dags/plugins/listener_plugin.py for tasks to queue
[2024-07-07T20:55:59.934-0300] {logging_mixin.py:188} INFO - [2024-07-07T20:55:59.933-0300] {dagbag.py:545} INFO - Filling up the DagBag from /home/johnny/airflow/lib/python3.12/site-packages/airflow/example_dags/plugins/listener_plugin.py
[2024-07-07T20:55:59.939-0300] {processor.py:842} WARNING - No viable dags retrieved from /home/johnny/airflow/lib/python3.12/site-packages/airflow/example_dags/plugins/listener_plugin.py
[2024-07-07T20:55:59.960-0300] {processor.py:183} INFO - Processing /home/johnny/airflow/lib/python3.12/site-packages/airflow/example_dags/plugins/listener_plugin.py took 0.049 seconds
[2024-07-07T20:56:36.652-0300] {processor.py:161} INFO - Started process (PID=46929) to work on /home/johnny/airflow/lib/python3.12/site-packages/airflow/example_dags/plugins/listener_plugin.py
[2024-07-07T20:56:36.654-0300] {processor.py:830} INFO - Processing file /home/johnny/airflow/lib/python3.12/site-packages/airflow/example_dags/plugins/listener_plugin.py for tasks to queue
[2024-07-07T20:56:36.656-0300] {logging_mixin.py:188} INFO - [2024-07-07T20:56:36.655-0300] {dagbag.py:545} INFO - Filling up the DagBag from /home/johnny/airflow/lib/python3.12/site-packages/airflow/example_dags/plugins/listener_plugin.py
[2024-07-07T20:56:36.663-0300] {processor.py:842} WARNING - No viable dags retrieved from /home/johnny/airflow/lib/python3.12/site-packages/airflow/example_dags/plugins/listener_plugin.py
[2024-07-07T20:56:36.683-0300] {processor.py:183} INFO - Processing /home/johnny/airflow/lib/python3.12/site-packages/airflow/example_dags/plugins/listener_plugin.py took 0.044 seconds
[2024-07-07T20:57:44.945-0300] {processor.py:161} INFO - Started process (PID=47108) to work on /home/johnny/airflow/lib/python3.12/site-packages/airflow/example_dags/plugins/listener_plugin.py
[2024-07-07T20:57:44.947-0300] {processor.py:830} INFO - Processing file /home/johnny/airflow/lib/python3.12/site-packages/airflow/example_dags/plugins/listener_plugin.py for tasks to queue
[2024-07-07T20:57:44.950-0300] {logging_mixin.py:188} INFO - [2024-07-07T20:57:44.949-0300] {dagbag.py:545} INFO - Filling up the DagBag from /home/johnny/airflow/lib/python3.12/site-packages/airflow/example_dags/plugins/listener_plugin.py
[2024-07-07T20:57:44.957-0300] {processor.py:842} WARNING - No viable dags retrieved from /home/johnny/airflow/lib/python3.12/site-packages/airflow/example_dags/plugins/listener_plugin.py
[2024-07-07T20:57:44.989-0300] {processor.py:183} INFO - Processing /home/johnny/airflow/lib/python3.12/site-packages/airflow/example_dags/plugins/listener_plugin.py took 0.059 seconds
[2024-07-07T20:58:23.182-0300] {processor.py:161} INFO - Started process (PID=47226) to work on /home/johnny/airflow/lib/python3.12/site-packages/airflow/example_dags/plugins/listener_plugin.py
[2024-07-07T20:58:23.183-0300] {processor.py:830} INFO - Processing file /home/johnny/airflow/lib/python3.12/site-packages/airflow/example_dags/plugins/listener_plugin.py for tasks to queue
[2024-07-07T20:58:23.185-0300] {logging_mixin.py:188} INFO - [2024-07-07T20:58:23.185-0300] {dagbag.py:545} INFO - Filling up the DagBag from /home/johnny/airflow/lib/python3.12/site-packages/airflow/example_dags/plugins/listener_plugin.py
[2024-07-07T20:58:23.190-0300] {processor.py:842} WARNING - No viable dags retrieved from /home/johnny/airflow/lib/python3.12/site-packages/airflow/example_dags/plugins/listener_plugin.py
[2024-07-07T20:58:23.213-0300] {processor.py:183} INFO - Processing /home/johnny/airflow/lib/python3.12/site-packages/airflow/example_dags/plugins/listener_plugin.py took 0.087 seconds
[2024-07-07T20:59:34.250-0300] {processor.py:161} INFO - Started process (PID=47440) to work on /home/johnny/airflow/lib/python3.12/site-packages/airflow/example_dags/plugins/listener_plugin.py
[2024-07-07T20:59:34.253-0300] {processor.py:830} INFO - Processing file /home/johnny/airflow/lib/python3.12/site-packages/airflow/example_dags/plugins/listener_plugin.py for tasks to queue
[2024-07-07T20:59:34.255-0300] {logging_mixin.py:188} INFO - [2024-07-07T20:59:34.254-0300] {dagbag.py:545} INFO - Filling up the DagBag from /home/johnny/airflow/lib/python3.12/site-packages/airflow/example_dags/plugins/listener_plugin.py
[2024-07-07T20:59:34.261-0300] {processor.py:842} WARNING - No viable dags retrieved from /home/johnny/airflow/lib/python3.12/site-packages/airflow/example_dags/plugins/listener_plugin.py
[2024-07-07T20:59:34.280-0300] {processor.py:183} INFO - Processing /home/johnny/airflow/lib/python3.12/site-packages/airflow/example_dags/plugins/listener_plugin.py took 0.043 seconds
